---------------------------------------------
NomNom_CollectiblesUI log started at 14.09.2025 22:22:10

14.09.2025 22:54:52 - [NomNom_CollectiblesUI]: Player snake (76561198024482897) collected item: NomNom_Poke_Card_G1_50
14.09.2025 23:08:48 - [NomNom_CollectiblesUI]: Player snake (76561198024482897) collected item: NomNom_Device_Ipod
14.09.2025 23:14:53 - [NomNom_CollectiblesUI]: Player snake (76561198024482897) collected item: NomNom_Posters_Halloween_JasonMike
14.09.2025 23:18:17 - [NomNom_CollectiblesUI]: Player snake (76561198024482897) collected item: NomNom_Device_Nokia450
14.09.2025 23:21:27 - [NomNom_CollectiblesUI]: Player snake (76561198024482897) collected item: NomNom_Poke_Card_G1_27
15.09.2025 06:46:43 - [NomNom_CollectiblesUI]: Player Bad Boy (76561198013453503) collected item: NomNom_FP_BlackWidow_Jade
15.09.2025 06:46:54 - [NomNom_CollectiblesUI]: Player Bad Boy (76561198013453503) collected item: NomNom_FP_Hawkeye_Jade
15.09.2025 06:47:09 - [NomNom_CollectiblesUI]: Player Bad Boy (76561198013453503) collected item: NomNom_FP_PinkRanger_Moss
15.09.2025 07:17:03 - [NomNom_CollectiblesUI]: Player Bad Boy (76561198013453503) collected item: NomNom_Poke_Card_G1_17
15.09.2025 10:18:37 - [NomNom_CollectiblesUI]: Player Akira (76561198962655176) collected item: NomNom_Posters_Halloween_Scream
15.09.2025 10:21:52 - [NomNom_CollectiblesUI]: Player Akira (76561198962655176) collected item: NomNom_Boardgames_Clue_New
15.09.2025 10:22:55 - [NomNom_CollectiblesUI]: Player Bad Boy (76561198013453503) collected item: NomNom_Posters_Halloween_Halloween
15.09.2025 10:24:29 - [NomNom_CollectiblesUI]: Player Bad Boy (76561198013453503) collected item: NomNom_Poke_Card_G1_52
15.09.2025 10:27:52 - [NomNom_CollectiblesUI]: Player Bad Boy (76561198013453503) collected item: NomNom_Poke_Card_G1_97
15.09.2025 10:32:49 - [NomNom_CollectiblesUI]: Player Akira (76561198962655176) collected item: NomNom_Poke_Card_G1_94
15.09.2025 10:50:51 - [NomNom_CollectiblesUI]: Player Akira (76561198962655176) collected item: NomNom_FP_BlkRanger_Moss
15.09.2025 10:59:23 - [NomNom_CollectiblesUI]: Player Bad Boy (76561198013453503) collected item: NomNom_Adv_Cartridge_Pokemon_Fire_Red
15.09.2025 11:00:13 - [NomNom_CollectiblesUI]: Player Akira (76561198962655176) collected item: NomNom_Poke_Card_G1_18
15.09.2025 11:24:36 - [NomNom_CollectiblesUI]: Player Akira (76561198962655176) collected item: NomNom_Chibi_Usopp
15.09.2025 11:41:58 - [NomNom_CollectiblesUI]: Player Akira (76561198962655176) collected item: NomNom_Comic_Amazing_Fantasy1962
15.09.2025 11:57:16 - [NomNom_CollectiblesUI]: Player Akira (76561198962655176) collected item: NomNom_Poke_Card_G1_6
15.09.2025 12:00:45 - [NomNom_CollectiblesUI]: Player Akira (76561198962655176) collected item: NomNom_Device_Nintendo64
15.09.2025 12:08:35 - [NomNom_CollectiblesUI]: Player Akira (76561198962655176) collected item: NomNom_FP_YellowRanger
15.09.2025 12:56:27 - [NomNom_CollectiblesUI]: Player PoiiZoner3 (76561198152775385) collected item: NomNom_Poke_Card_G1_29
