---------------------------------------------
NomNom_CollectiblesUI log started at 29.09.2025 06:06:55

29.09.2025 12:11:35 - [NomNom_CollectiblesUI]: Player Dan (76561198090286211) collected item: NomNom_Adv_Cartridge_DK_Country2
29.09.2025 12:11:38 - [NomNom_CollectiblesUI]: Player Dan (76561198090286211) collected item: NomNom_Poke_Card_G1_51
29.09.2025 12:11:47 - [NomNom_CollectiblesUI]: Player Dan (76561198090286211) collected item: NomNom_Poke_Card_G1_82
29.09.2025 12:12:45 - [NomNom_CollectiblesUI]: Player Dan (76561198090286211) collected item: NomNom_FP_RedRanger
29.09.2025 12:13:33 - [NomNom_CollectiblesUI]: Player Dan (76561198090286211) collected item: NomNom_FP_Don
29.09.2025 12:13:43 - [NomNom_CollectiblesUI]: Player Dan (76561198090286211) collected item: NomNom_Device_GBC_Dandelion
29.09.2025 12:16:08 - [NomNom_CollectiblesUI]: Player Dan (76561198090286211) collected item: NomNom_Device_IpodShuffle
29.09.2025 12:16:11 - [NomNom_CollectiblesUI]: Player Dan (76561198090286211) collected item: NomNom_Poke_Card_G1_4
29.09.2025 12:16:36 - [NomNom_CollectiblesUI]: Player Dan (76561198090286211) collected item: NomNom_Poke_Card_G1_87
29.09.2025 12:16:38 - [NomNom_CollectiblesUI]: Player Dan (76561198090286211) collected item: NomNom_Poke_Card_G1_9
29.09.2025 12:16:58 - [NomNom_CollectiblesUI]: Player Dan (76561198090286211) collected item: NomNom_Chibi_Usopp
29.09.2025 12:17:04 - [NomNom_CollectiblesUI]: Player Dan (76561198090286211) collected item: NomNom_Poke_Card_G1_86
29.09.2025 14:10:33 - [NomNom_CollectiblesUI]: Player BoughtComic (76561198257704642) collected item: NomNom_Boardgames_Candyland_New
29.09.2025 14:10:55 - [NomNom_CollectiblesUI]: Player PoiiZoner3 (76561198152775385) collected item: NomNom_Comic_Action_Comics1938
29.09.2025 14:10:56 - [NomNom_CollectiblesUI]: Player BoughtComic (76561198257704642) collected item: NomNom_Cartridge_Sneaky_Snakes
29.09.2025 14:11:47 - [NomNom_CollectiblesUI]: Player BoughtComic (76561198257704642) collected item: NomNom_Poster_Foxy3
29.09.2025 14:17:37 - [NomNom_CollectiblesUI]: Player PoiiZoner3 (76561198152775385) collected item: NomNom_Device_Boombox
29.09.2025 15:37:23 - [NomNom_CollectiblesUI]: Player Saint (76561199699133167) collected item: NomNom_Device_IpodShuffle
29.09.2025 15:39:18 - [NomNom_CollectiblesUI]: Player Saint (76561199699133167) collected item: NomNom_FP_BlueRanger
29.09.2025 15:40:44 - [NomNom_CollectiblesUI]: Player Saint (76561199699133167) collected item: NomNom_Poke_Card_G1_92
