---------------------------------------------
NomNom_CollectiblesUI log started at 15.09.2025 23:41:43

16.09.2025 00:30:52 - [NomNom_CollectiblesUI]: Player snake (76561198024482897) collected item: NomNom_Poster_HGC_LBRT
16.09.2025 00:33:56 - [NomNom_CollectiblesUI]: Player Saint (76561199699133167) collected item: NomNom_Device_GBC_Berry
16.09.2025 00:37:18 - [NomNom_CollectiblesUI]: Player snake (76561198024482897) collected item: NomNom_Poster_DescZ1
16.09.2025 00:38:35 - [NomNom_CollectiblesUI]: Player snake (76561198024482897) collected item: NomNom_Comic_Action_Comics1938
16.09.2025 00:39:50 - [NomNom_CollectiblesUI]: Player snake (76561198024482897) collected item: NomNom_Poke_Card_G1_95
16.09.2025 00:40:59 - [NomNom_CollectiblesUI]: Player snake (76561198024482897) collected item: NomNom_Poster_HGC_AEM
16.09.2025 00:42:47 - [NomNom_CollectiblesUI]: Player snake (76561198024482897) collected item: NomNom_Poke_Card_G1_90
16.09.2025 00:50:13 - [NomNom_CollectiblesUI]: Player snake (76561198024482897) collected item: NomNom_Posters_Halloween_Chucky
16.09.2025 00:52:46 - [NomNom_CollectiblesUI]: Player Saint (76561199699133167) collected item: NomNom_Poke_Card_G1_100
16.09.2025 01:39:50 - [NomNom_CollectiblesUI]: Player Akira (76561198962655176) collected item: NomNom_Poke_Card_G1_83
16.09.2025 01:43:22 - [NomNom_CollectiblesUI]: Player Akira (76561198962655176) collected item: NomNom_Poster_HGC_BO
16.09.2025 09:47:42 - [NomNom_CollectiblesUI]: Player Saint (76561199699133167) collected item: NomNom_FP_Thor
16.09.2025 10:22:13 - [NomNom_CollectiblesUI]: Player Saint (76561199699133167) collected item: NomNom_Posters_Halloween_JasonMike
16.09.2025 10:24:48 - [NomNom_CollectiblesUI]: Player Saint (76561199699133167) collected item: NomNom_Device_NintendoGameCube
16.09.2025 10:29:45 - [NomNom_CollectiblesUI]: Player Saint (76561199699133167) collected item: NomNom_Poster_Foxy3
16.09.2025 10:30:09 - [NomNom_CollectiblesUI]: Player Saint (76561199699133167) collected item: NomNom_Poke_Card_G1_29
16.09.2025 10:30:35 - [NomNom_CollectiblesUI]: Player Saint (76561199699133167) collected item: NomNom_Chibi_Robin
16.09.2025 10:30:37 - [NomNom_CollectiblesUI]: Player Saint (76561199699133167) collected item: NomNom_Boardgames_Checkers
16.09.2025 10:45:10 - [NomNom_CollectiblesUI]: Player Saint (76561199699133167) collected item: NomNom_Posters_Halloween_Jason
16.09.2025 10:52:49 - [NomNom_CollectiblesUI]: Player Bad Boy (76561198013453503) collected item: NomNom_Chibi_Chopper
16.09.2025 10:53:07 - [NomNom_CollectiblesUI]: Player Bad Boy (76561198013453503) collected item: NomNom_Poke_Card_G1_63
16.09.2025 11:18:04 - [NomNom_CollectiblesUI]: Player Bad Boy (76561198013453503) collected item: NomNom_Boardgames_Life
16.09.2025 13:29:42 - [NomNom_CollectiblesUI]: Player PoiiZoner3 (76561198152775385) collected item: NomNom_Poke_Card_G1_7
16.09.2025 13:32:48 - [NomNom_CollectiblesUI]: Player PoiiZoner3 (76561198152775385) collected item: NomNom_Poke_Card_G1_32
16.09.2025 13:35:21 - [NomNom_CollectiblesUI]: Player PoiiZoner3 (76561198152775385) collected item: NomNom_Poke_Card_G1_6
16.09.2025 13:43:20 - [NomNom_CollectiblesUI]: Player PoiiZoner3 (76561198152775385) collected item: NomNom_Comic_Batman1940
16.09.2025 13:51:16 - [NomNom_CollectiblesUI]: Player PoiiZoner3 (76561198152775385) collected item: NomNom_Chibi_Chopper
16.09.2025 16:20:10 - [NomNom_CollectiblesUI]: Player Bad Boy (76561198013453503) collected item: NomNom_Device_NintendoSNES
16.09.2025 16:54:43 - [NomNom_CollectiblesUI]: Player Bad Boy (76561198013453503) collected item: NomNom_FP_BlkRanger_Moss
16.09.2025 16:57:41 - [NomNom_CollectiblesUI]: Player Bad Boy (76561198013453503) collected item: NomNom_FP_Mich_Metal
16.09.2025 16:59:09 - [NomNom_CollectiblesUI]: Player Bad Boy (76561198013453503) collected item: NomNom_Boardgames_Chess_New
16.09.2025 17:17:25 - [NomNom_CollectiblesUI]: Player Saint (76561199699133167) collected item: NomNom_Boardgames_Scrabble
16.09.2025 18:27:51 - [NomNom_CollectiblesUI]: Player Saint (76561199699133167) collected item: NomNom_Poke_Card_G1_74
16.09.2025 18:28:14 - [NomNom_CollectiblesUI]: Player Saint (76561199699133167) collected item: NomNom_Device_Boombox
16.09.2025 18:29:19 - [NomNom_CollectiblesUI]: Player Saint (76561199699133167) collected item: NomNom_Poke_Card_G1_34
16.09.2025 18:32:20 - [NomNom_CollectiblesUI]: Player Saint (76561199699133167) collected item: NomNom_Poke_Card_G1_55
16.09.2025 18:41:21 - [NomNom_CollectiblesUI]: Player Survivor (76561198257704642) collected item: NomNom_Poke_Card_G1_3
