---------------------------------------------
NomNom_CollectiblesUI log started at 02.10.2025 06:06:10

02.10.2025 14:07:55 - [NomNom_CollectiblesUI]: Player BoughtComic (76561198257704642) collected item: NomNom_Poke_Card_G1_11
02.10.2025 14:07:57 - [NomNom_CollectiblesUI]: Player BoughtComic (76561198257704642) collected item: NomNom_Poke_Card_G1_78
02.10.2025 14:07:59 - [NomNom_CollectiblesUI]: Player BoughtComic (76561198257704642) collected item: NomNom_Poke_Card_G1_81
02.10.2025 14:08:00 - [NomNom_CollectiblesUI]: Player BoughtComic (76561198257704642) collected item: NomNom_Poke_Card_G1_5
02.10.2025 14:08:03 - [NomNom_CollectiblesUI]: Player BoughtComic (76561198257704642) collected item: NomNom_Poke_Card_G1_20
02.10.2025 14:08:07 - [NomNom_CollectiblesUI]: Player BoughtComic (76561198257704642) collected item: NomNom_Poke_Card_G1_63
02.10.2025 14:08:08 - [NomNom_CollectiblesUI]: Player BoughtComic (76561198257704642) collected item: NomNom_Poke_Card_G1_37
02.10.2025 14:08:11 - [NomNom_CollectiblesUI]: Player BoughtComic (76561198257704642) collected item: NomNom_Poke_Card_G1_93
02.10.2025 14:29:13 - [NomNom_CollectiblesUI]: Player BoughtComic (76561198257704642) collected item: NomNom_Adv_Cartridge_Super_Mario_World
02.10.2025 14:56:09 - [NomNom_CollectiblesUI]: Player PoiiZoner3 (2) (76561198152775385) collected item: NomNom_Poke_Card_G1_86
02.10.2025 15:32:15 - [NomNom_CollectiblesUI]: Player OpticStorm (76561198437820230) collected item: NomNom_Poke_Card_G1_69
02.10.2025 15:34:16 - [NomNom_CollectiblesUI]: Player PoiiZoner3 (2) (76561198152775385) collected item: NomNom_Device_Blackberry
02.10.2025 15:37:48 - [NomNom_CollectiblesUI]: Player BoughtComic (76561198257704642) collected item: NomNom_Poke_Card_G1_93
02.10.2025 15:37:59 - [NomNom_CollectiblesUI]: Player PoiiZoner3 (2) (76561198152775385) collected item: NomNom_Cartridge_Pokemon_Yellow_Version
02.10.2025 15:42:23 - [NomNom_CollectiblesUI]: Player BoughtComic (76561198257704642) collected item: NomNom_Device_Ipod
02.10.2025 15:51:15 - [NomNom_CollectiblesUI]: Player BoughtComic (76561198257704642) collected item: NomNom_Device_NintendoNES
02.10.2025 15:51:42 - [NomNom_CollectiblesUI]: Player BoughtComic (76561198257704642) collected item: NomNom_Device_SegaGenesis
02.10.2025 15:53:20 - [NomNom_CollectiblesUI]: Player BoughtComic (76561198257704642) collected item: NomNom_Poster_BigD1
02.10.2025 15:55:26 - [NomNom_CollectiblesUI]: Player PoiiZoner3 (2) (76561198152775385) collected item: NomNom_Chibi_Luffy
02.10.2025 15:56:06 - [NomNom_CollectiblesUI]: Player PoiiZoner3 (2) (76561198152775385) collected item: NomNom_Boardgames_ChutesAndLadders
02.10.2025 17:46:46 - [NomNom_CollectiblesUI]: Player BoughtComic (76561198257704642) collected item: NomNom_Poke_Card_G1_53
02.10.2025 17:46:47 - [NomNom_CollectiblesUI]: Player BoughtComic (76561198257704642) collected item: NomNom_Poke_Card_G1_84
02.10.2025 17:47:01 - [NomNom_CollectiblesUI]: Player BoughtComic (76561198257704642) collected item: NomNom_Poke_Card_G1_41
02.10.2025 17:47:03 - [NomNom_CollectiblesUI]: Player BoughtComic (76561198257704642) collected item: NomNom_Poke_Card_G1_57
02.10.2025 17:47:05 - [NomNom_CollectiblesUI]: Player BoughtComic (76561198257704642) collected item: NomNom_Poke_Card_G1_29
02.10.2025 17:50:27 - [NomNom_CollectiblesUI]: Player BoughtComic (76561198257704642) collected item: NomNom_Comic_Amazing_Fantasy1962
