---------------------------------------------
NomNom_CollectiblesUI log started at 21.09.2025 06:06:28

21.09.2025 07:03:54 - [NomNom_CollectiblesUI]: Player mstan346 (76561198258158936) collected item: NomNom_Device_NokiaPhone
21.09.2025 07:26:12 - [NomNom_CollectiblesUI]: Player mstan346 (76561198258158936) collected item: NomNom_FP_BlueRanger
21.09.2025 07:27:05 - [NomNom_CollectiblesUI]: Player mstan346 (76561198258158936) collected item: NomNom_Boardgames_Life
21.09.2025 10:47:21 - [NomNom_CollectiblesUI]: Player Dan (76561198090286211) collected item: NomNom_Device_Boombox
21.09.2025 13:24:01 - [NomNom_CollectiblesUI]: Player Bad Boy (76561198013453503) collected item: NomNom_Device_SegaGenesis
21.09.2025 14:38:32 - [NomNom_CollectiblesUI]: Player PoiiZoner3 (76561198152775385) collected item: NomNom_Posters_Halloween_JasonMike
21.09.2025 14:38:36 - [NomNom_CollectiblesUI]: Player PoiiZoner3 (76561198152775385) collected item: NomNom_Chibi_Chopper
21.09.2025 15:05:54 - [NomNom_CollectiblesUI]: Player Shrock (76561198000210697) collected item: NomNom_Poke_Card_G1_23
21.09.2025 15:56:55 - [NomNom_CollectiblesUI]: Player Saint (76561199699133167) collected item: NomNom_Cartridge_Yoshi
21.09.2025 17:06:22 - [NomNom_CollectiblesUI]: Player Bad Boy (76561198013453503) collected item: NomNom_Poke_Card_G1_95
22.09.2025 00:18:25 - [NomNom_CollectiblesUI]: Player PoiiZoner3 (76561198152775385) collected item: NomNom_Boardgames_Chess
22.09.2025 00:19:04 - [NomNom_CollectiblesUI]: Player PoiiZoner3 (76561198152775385) collected item: NomNom_Adv_Cartridge_Spyro
22.09.2025 03:12:41 - [NomNom_CollectiblesUI]: Player Shrock (76561198000210697) collected item: NomNom_Poster_Foxy2
22.09.2025 03:35:27 - [NomNom_CollectiblesUI]: Player Shrock (76561198000210697) collected item: NomNom_Poke_Card_G1_46
22.09.2025 03:40:51 - [NomNom_CollectiblesUI]: Player Shrock (76561198000210697) collected item: NomNom_Device_Atari2600
22.09.2025 03:55:15 - [NomNom_CollectiblesUI]: Player Shrock (76561198000210697) collected item: NomNom_Adv_Cartridge_Tony_Hawk
22.09.2025 04:11:28 - [NomNom_CollectiblesUI]: Player Shrock (76561198000210697) collected item: NomNom_Poke_Card_G1_7
22.09.2025 04:27:17 - [NomNom_CollectiblesUI]: Player Shrock (76561198000210697) collected item: NomNom_Comic_Action_Comics1938
22.09.2025 04:28:44 - [NomNom_CollectiblesUI]: Player Shrock (76561198000210697) collected item: NomNom_Posters_Halloween_Freddy
22.09.2025 04:37:58 - [NomNom_CollectiblesUI]: Player Shrock (76561198000210697) collected item: NomNom_Poke_Card_G1_73
