---------------------------------------------
NomNom_CollectiblesUI log started at 28.09.2025 06:06:02

28.09.2025 08:23:19 - [NomNom_CollectiblesUI]: Player Dan (76561198090286211) collected item: NomNom_Boardgames_ChutesAndLadders_New
28.09.2025 08:25:15 - [NomNom_CollectiblesUI]: Player Dan (76561198090286211) collected item: NomNom_FP_BlackWidow_Jade
28.09.2025 08:25:17 - [NomNom_CollectiblesUI]: Player Dan (76561198090286211) collected item: NomNom_Poke_Card_G1_38
28.09.2025 08:28:11 - [NomNom_CollectiblesUI]: Player Dan (76561198090286211) collected item: NomNom_Cartridge_Pokemon_Yellow_Version
28.09.2025 08:28:51 - [NomNom_CollectiblesUI]: Player Dan (76561198090286211) collected item: NomNom_Poke_Card_G1_15
28.09.2025 08:30:05 - [NomNom_CollectiblesUI]: Player Bad Boy (76561198013453503) collected item: NomNom_Boardgames_Sorry_New
28.09.2025 08:30:19 - [NomNom_CollectiblesUI]: Player Dan (76561198090286211) collected item: NomNom_Poke_Card_G1_4
28.09.2025 08:30:24 - [NomNom_CollectiblesUI]: Player Dan (76561198090286211) collected item: NomNom_Poke_Card_G1_30
28.09.2025 08:45:58 - [NomNom_CollectiblesUI]: Player Bad Boy (76561198013453503) collected item: NomNom_Cartridge_Pokemon_Red_Version
28.09.2025 08:46:39 - [NomNom_CollectiblesUI]: Player Dan (76561198090286211) collected item: NomNom_Comic_X_Men_1963
28.09.2025 09:01:47 - [NomNom_CollectiblesUI]: Player Bad Boy (76561198013453503) collected item: NomNom_Poster_Foxy1
28.09.2025 09:02:14 - [NomNom_CollectiblesUI]: Player Bad Boy (76561198013453503) collected item: NomNom_FP_PinkRanger
28.09.2025 09:03:11 - [NomNom_CollectiblesUI]: Player Bad Boy (76561198013453503) collected item: NomNom_Boardgames_Operation_New
28.09.2025 09:18:36 - [NomNom_CollectiblesUI]: Player Bad Boy (76561198013453503) collected item: NomNom_Chibi_Jinbe
28.09.2025 18:09:35 - [NomNom_CollectiblesUI]: Player Tbone95 (76561198303618510) collected item: NomNom_FP_Hulk
28.09.2025 18:30:58 - [NomNom_CollectiblesUI]: Player ShaqxX (76561198095823722) collected item: NomNom_Poke_Card_G1_60
28.09.2025 18:41:28 - [NomNom_CollectiblesUI]: Player BoughtComic (76561198257704642) collected item: NomNom_Poke_Card_G1_99
28.09.2025 18:43:32 - [NomNom_CollectiblesUI]: Player BoughtComic (76561198257704642) collected item: NomNom_Poke_Card_G1_34
28.09.2025 18:44:44 - [NomNom_CollectiblesUI]: Player BoughtComic (76561198257704642) collected item: NomNom_Poster_DescZ2
