---------------------------------------------
NomNom_CollectiblesUI log started at 12.10.2025 06:06:12

12.10.2025 06:17:58 - [NomNom_CollectiblesUI]: Player serhiosim7 (76561199269425432) collected item: NomNom_Cartridge_Medarot
12.10.2025 06:56:01 - [NomNom_CollectiblesUI]: Player serhiosim7 (76561199269425432) collected item: NomNom_Device_GBC_Berry
12.10.2025 07:11:35 - [NomNom_CollectiblesUI]: Player serhiosim7 (76561199269425432) collected item: NomNom_Poke_Card_G1_38
12.10.2025 08:58:14 - [NomNom_CollectiblesUI]: Player Dan (76561198090286211) collected item: NomNom_Poke_Card_G1_11
12.10.2025 08:58:22 - [NomNom_CollectiblesUI]: Player Dan (76561198090286211) collected item: NomNom_Boardgames_Chess
12.10.2025 08:58:49 - [NomNom_CollectiblesUI]: Player Dan (76561198090286211) collected item: NomNom_Boardgames_Life
12.10.2025 08:58:57 - [NomNom_CollectiblesUI]: Player Dan (76561198090286211) collected item: NomNom_Device_Blackberry
12.10.2025 08:59:56 - [NomNom_CollectiblesUI]: Player Dan (76561198090286211) collected item: NomNom_Poke_Card_G1_31
12.10.2025 09:00:02 - [NomNom_CollectiblesUI]: Player Dan (76561198090286211) collected item: NomNom_Poster_HGC_LBRT
12.10.2025 09:06:46 - [NomNom_CollectiblesUI]: Player Dan (76561198090286211) collected item: NomNom_FP_WhiteRanger
12.10.2025 19:35:24 - [NomNom_CollectiblesUI]: Player Survivor (76561198827158390) collected item: NomNom_Poke_Card_G1_75
12.10.2025 19:38:14 - [NomNom_CollectiblesUI]: Player Survivor (76561198827158390) collected item: NomNom_FP_Raph_Metal
13.10.2025 00:36:30 - [NomNom_CollectiblesUI]: Player Dan (76561198090286211) collected item: NomNom_Boardgames_Scrabble_New
13.10.2025 00:36:35 - [NomNom_CollectiblesUI]: Player Dan (76561198090286211) collected item: NomNom_Comic_Amazing_Fantasy1962
13.10.2025 00:36:52 - [NomNom_CollectiblesUI]: Player Dan (76561198090286211) collected item: NomNom_Chibi_Chopper
13.10.2025 00:36:55 - [NomNom_CollectiblesUI]: Player Dan (76561198090286211) collected item: NomNom_Poke_Card_G1_6
13.10.2025 00:36:58 - [NomNom_CollectiblesUI]: Player Dan (76561198090286211) collected item: NomNom_Device_NintendoSNES
13.10.2025 00:37:01 - [NomNom_CollectiblesUI]: Player Dan (76561198090286211) collected item: NomNom_Posters_Halloween_Halloween
13.10.2025 00:37:25 - [NomNom_CollectiblesUI]: Player Dan (76561198090286211) collected item: NomNom_FP_Hulk
13.10.2025 00:39:13 - [NomNom_CollectiblesUI]: Player Dan (76561198090286211) collected item: NomNom_Device_NintendoSNES
