---------------------------------------------
NomNom_CollectiblesUI log started at 15.09.2025 13:23:54

15.09.2025 13:58:31 - [NomNom_CollectiblesUI]: Player PoiiZoner3 (76561198152775385) collected item: NomNom_Adv_Cartridge_Crash_Nitro_Kart
15.09.2025 14:23:52 - [NomNom_CollectiblesUI]: Player PoiiZoner3 (76561198152775385) collected item: NomNom_Chibi_Jinbe
15.09.2025 15:01:20 - [NomNom_CollectiblesUI]: Player Survivor (76561198437820230) collected item: NomNom_Poke_Card_G1_33
15.09.2025 15:09:59 - [NomNom_CollectiblesUI]: Player Survivor (76561198437820230) collected item: NomNom_FP_Mich
15.09.2025 15:16:19 - [NomNom_CollectiblesUI]: Player Survivor (2) (76561198257704642) collected item: NomNom_Poke_Card_G1_72
15.09.2025 15:16:54 - [NomNom_CollectiblesUI]: Player Survivor (2) (76561198257704642) collected item: NomNom_Poke_Card_G1_2
15.09.2025 15:32:52 - [NomNom_CollectiblesUI]: Player Survivor (76561198437820230) collected item: NomNom_Cartridge_Medarot
15.09.2025 15:50:02 - [NomNom_CollectiblesUI]: Player Survivor (2) (76561198257704642) collected item: NomNom_Poke_Card_G1_22
15.09.2025 16:07:31 - [NomNom_CollectiblesUI]: Player PoiiZoner3 (76561198152775385) collected item: NomNom_Device_GameboyAdv
15.09.2025 16:20:37 - [NomNom_CollectiblesUI]: Player Survivor (2) (76561198257704642) collected item: NomNom_FP_GreenRanger_Moss
15.09.2025 18:07:04 - [NomNom_CollectiblesUI]: Player PoiiZoner3 (76561198152775385) collected item: NomNom_Chibi_Brook
15.09.2025 18:13:10 - [NomNom_CollectiblesUI]: Player Snake (76561198024482897) collected item: NomNom_Chibi_Sanji
15.09.2025 18:13:48 - [NomNom_CollectiblesUI]: Player Snake (76561198024482897) collected item: NomNom_Poke_Card_G1_27
15.09.2025 18:15:33 - [NomNom_CollectiblesUI]: Player Snake (76561198024482897) collected item: NomNom_Poke_Card_G1_4
15.09.2025 18:17:45 - [NomNom_CollectiblesUI]: Player Snake (76561198024482897) collected item: NomNom_FP_Raph
15.09.2025 18:17:46 - [NomNom_CollectiblesUI]: Player Snake (76561198024482897) collected item: NomNom_FP_Mich
15.09.2025 18:23:27 - [NomNom_CollectiblesUI]: Player Saint (76561199699133167) collected item: NomNom_FP_Leo
15.09.2025 18:23:29 - [NomNom_CollectiblesUI]: Player Saint (76561199699133167) collected item: NomNom_Device_GBC_Berry
15.09.2025 18:25:15 - [NomNom_CollectiblesUI]: Player Survivor (76561198257704642) collected item: NomNom_FP_Raph
15.09.2025 18:33:31 - [NomNom_CollectiblesUI]: Player Saint (76561199699133167) collected item: NomNom_Comic_X_Men_1963
15.09.2025 18:40:13 - [NomNom_CollectiblesUI]: Player Bad Boy (76561198013453503) collected item: NomNom_Chibi_Jinbe
15.09.2025 18:52:51 - [NomNom_CollectiblesUI]: Player Saint (76561199699133167) collected item: NomNom_Poke_Card_G1_25
15.09.2025 19:00:36 - [NomNom_CollectiblesUI]: Player PoiiZoner3 (76561198152775385) collected item: NomNom_Boardgames_Sorry_New
15.09.2025 19:10:30 - [NomNom_CollectiblesUI]: Player PoiiZoner3 (76561198152775385) collected item: NomNom_Device_GameboyAdv
15.09.2025 19:14:04 - [NomNom_CollectiblesUI]: Player Survivor (76561198257704642) collected item: NomNom_FP_Buttercup
15.09.2025 19:16:03 - [NomNom_CollectiblesUI]: Player Survivor (76561198257704642) collected item: NomNom_Poke_Card_G1_57
15.09.2025 19:43:20 - [NomNom_CollectiblesUI]: Player Survivor (76561198257704642) collected item: NomNom_Cartridge_Pokemon_Red_Version
15.09.2025 20:13:50 - [NomNom_CollectiblesUI]: Player Saint (76561199699133167) collected item: NomNom_Device_Atari2600
15.09.2025 20:22:50 - [NomNom_CollectiblesUI]: Player Saint (76561199699133167) collected item: NomNom_FP_YellowRanger_Moss
15.09.2025 20:23:16 - [NomNom_CollectiblesUI]: Player Saint (76561199699133167) collected item: NomNom_Poke_Card_G1_61
15.09.2025 20:23:26 - [NomNom_CollectiblesUI]: Player Saint (76561199699133167) collected item: NomNom_Chibi_Luffy
15.09.2025 20:26:01 - [NomNom_CollectiblesUI]: Player Saint (76561199699133167) collected item: NomNom_FP_Hulk_Jade
15.09.2025 20:26:11 - [NomNom_CollectiblesUI]: Player Saint (76561199699133167) collected item: NomNom_FP_CaptainAmerica
15.09.2025 20:45:58 - [NomNom_CollectiblesUI]: Player Saint (76561199699133167) collected item: NomNom_Poke_Card_G1_90
15.09.2025 21:09:12 - [NomNom_CollectiblesUI]: Player PoiiZoner3 (76561198152775385) collected item: NomNom_Device_GameboyAdv_Zelda
15.09.2025 21:12:09 - [NomNom_CollectiblesUI]: Player PoiiZoner3 (76561198152775385) collected item: NomNom_Adv_Cartridge_Megaman
15.09.2025 21:12:35 - [NomNom_CollectiblesUI]: Player PoiiZoner3 (76561198152775385) collected item: NomNom_Poke_Card_G1_76
15.09.2025 21:14:02 - [NomNom_CollectiblesUI]: Player PoiiZoner3 (76561198152775385) collected item: NomNom_Device_Nintendo64
15.09.2025 21:22:24 - [NomNom_CollectiblesUI]: Player PoiiZoner3 (76561198152775385) collected item: NomNom_Comic_Detective_Comics1939
15.09.2025 21:35:20 - [NomNom_CollectiblesUI]: Player Saint (76561199699133167) collected item: NomNom_Comic_Marvel_Comics1939
15.09.2025 22:53:15 - [NomNom_CollectiblesUI]: Player vERKE (76561198055223413) collected item: NomNom_Poke_Card_G1_31
15.09.2025 22:59:44 - [NomNom_CollectiblesUI]: Player vERKE (76561198055223413) collected item: NomNom_Poke_Card_G1_97
