---------------------------------------------
NomNom_CollectiblesUI log started at 16.09.2025 20:39:50

16.09.2025 22:12:35 - [NomNom_CollectiblesUI]: Player MeltingHolster (76561198019670376) collected item: NomNom_Poke_Card_G1_73
16.09.2025 22:31:55 - [NomNom_CollectiblesUI]: Player Saint (76561199699133167) collected item: NomNom_Poke_Card_G1_25
16.09.2025 22:32:40 - [NomNom_CollectiblesUI]: Player Saint (76561199699133167) collected item: NomNom_Device_RetroCDPlayer
16.09.2025 22:34:46 - [NomNom_CollectiblesUI]: Player Saint (76561199699133167) collected item: NomNom_Device_NintendoGameCube
16.09.2025 22:44:31 - [NomNom_CollectiblesUI]: Player PoiiZoner3 (76561198152775385) collected item: NomNom_Comic_Action_Comics1938
16.09.2025 22:48:19 - [NomNom_CollectiblesUI]: Player PoiiZoner3 (76561198152775385) collected item: NomNom_Adv_Cartridge_Tony_Hawk
17.09.2025 01:12:32 - [NomNom_CollectiblesUI]: Player vERKE (76561198055223413) collected item: NomNom_FP_Thor
17.09.2025 01:20:59 - [NomNom_CollectiblesUI]: Player vERKE (76561198055223413) collected item: NomNom_Device_GBC_Berry
17.09.2025 01:22:10 - [NomNom_CollectiblesUI]: Player vERKE (76561198055223413) collected item: NomNom_Poke_Card_G1_9
17.09.2025 01:23:47 - [NomNom_CollectiblesUI]: Player vERKE (76561198055223413) collected item: NomNom_Boardgames_Chess
17.09.2025 01:25:58 - [NomNom_CollectiblesUI]: Player vERKE (76561198055223413) collected item: NomNom_Poke_Card_G1_10
17.09.2025 01:34:58 - [NomNom_CollectiblesUI]: Player vERKE (76561198055223413) collected item: NomNom_Poke_Card_G1_16
17.09.2025 06:12:49 - [NomNom_CollectiblesUI]: Player Akira (76561198962655176) collected item: NomNom_Chibi_Nami
17.09.2025 06:39:11 - [NomNom_CollectiblesUI]: Player Akira (76561198962655176) collected item: NomNom_Adv_Cartridge_DK_Country2
17.09.2025 09:34:13 - [NomNom_CollectiblesUI]: Player Akira (76561198962655176) collected item: NomNom_Poster_HGC_Klen
17.09.2025 09:37:16 - [NomNom_CollectiblesUI]: Player Akira (76561198962655176) collected item: NomNom_Boardgames_Candyland_New
17.09.2025 09:44:10 - [NomNom_CollectiblesUI]: Player Akira (76561198962655176) collected item: NomNom_Poke_Card_G1_77
17.09.2025 12:30:05 - [NomNom_CollectiblesUI]: Player NickTDrizzy (76561198089885485) collected item: NomNom_FP_Bubbles
17.09.2025 13:08:55 - [NomNom_CollectiblesUI]: Player NickTDrizzy (76561198089885485) collected item: NomNom_Poster_HGC_AEM
17.09.2025 13:15:38 - [NomNom_CollectiblesUI]: Player NickTDrizzy (76561198089885485) collected item: NomNom_Poke_Card_G1_101
17.09.2025 13:17:21 - [NomNom_CollectiblesUI]: Player NickTDrizzy (76561198089885485) collected item: NomNom_Poke_Card_G1_41
17.09.2025 13:20:37 - [NomNom_CollectiblesUI]: Player NickTDrizzy (76561198089885485) collected item: NomNom_Posters_Halloween_Chucky
17.09.2025 13:41:44 - [NomNom_CollectiblesUI]: Player NickTDrizzy (76561198089885485) collected item: NomNom_Poke_Card_G1_3
17.09.2025 14:25:05 - [NomNom_CollectiblesUI]: Player Survivor (76561198257704642) collected item: NomNom_Adv_Cartridge_Super_Mario_Bros
17.09.2025 14:25:35 - [NomNom_CollectiblesUI]: Player PoiiZoner3 (76561198152775385) collected item: NomNom_Poke_Card_G1_84
17.09.2025 14:43:52 - [NomNom_CollectiblesUI]: Player Survivor (2) (76561198437820230) collected item: NomNom_FP_Bubbles
17.09.2025 14:44:50 - [NomNom_CollectiblesUI]: Player Survivor (2) (76561198437820230) collected item: NomNom_Chibi_Franky
17.09.2025 15:23:32 - [NomNom_CollectiblesUI]: Player PoiiZoner3 (76561198152775385) collected item: NomNom_Poke_Card_G1_2
17.09.2025 15:25:21 - [NomNom_CollectiblesUI]: Player PoiiZoner3 (76561198152775385) collected item: NomNom_Cartridge_Pokemon_Red_Version
17.09.2025 15:28:34 - [NomNom_CollectiblesUI]: Player Survivor (2) (76561198437820230) collected item: NomNom_Device_IpodShuffle
17.09.2025 15:30:28 - [NomNom_CollectiblesUI]: Player Survivor (2) (76561198437820230) collected item: NomNom_FP_WhiteRanger_Moss
17.09.2025 16:18:04 - [NomNom_CollectiblesUI]: Player PoiiZoner3 (76561198152775385) collected item: NomNom_Poke_Card_G1_86
17.09.2025 16:18:05 - [NomNom_CollectiblesUI]: Player PoiiZoner3 (76561198152775385) collected item: NomNom_Poke_Card_G1_51
17.09.2025 16:18:07 - [NomNom_CollectiblesUI]: Player PoiiZoner3 (76561198152775385) collected item: NomNom_Poke_Card_G1_95
17.09.2025 16:18:17 - [NomNom_CollectiblesUI]: Player PoiiZoner3 (76561198152775385) collected item: NomNom_Poke_Card_G1_57
17.09.2025 16:18:21 - [NomNom_CollectiblesUI]: Player PoiiZoner3 (76561198152775385) collected item: NomNom_Poke_Card_G1_48
17.09.2025 16:18:23 - [NomNom_CollectiblesUI]: Player PoiiZoner3 (76561198152775385) collected item: NomNom_Poke_Card_G1_24
17.09.2025 16:18:27 - [NomNom_CollectiblesUI]: Player PoiiZoner3 (76561198152775385) collected item: NomNom_Poke_Card_G1_26
17.09.2025 16:18:30 - [NomNom_CollectiblesUI]: Player PoiiZoner3 (76561198152775385) collected item: NomNom_Poke_Card_G1_23
17.09.2025 16:18:32 - [NomNom_CollectiblesUI]: Player PoiiZoner3 (76561198152775385) collected item: NomNom_Poke_Card_G1_85
17.09.2025 20:09:08 - [NomNom_CollectiblesUI]: Player Saint (76561199699133167) collected item: NomNom_FP_BlackWidow
17.09.2025 20:09:20 - [NomNom_CollectiblesUI]: Player Saint (76561199699133167) collected item: NomNom_Device_GameboyAdv
17.09.2025 20:31:11 - [NomNom_CollectiblesUI]: Player Saint (76561199699133167) collected item: NomNom_FP_PinkRanger
17.09.2025 20:47:48 - [NomNom_CollectiblesUI]: Player Saint (76561199699133167) collected item: NomNom_FP_IronMan
17.09.2025 20:48:28 - [NomNom_CollectiblesUI]: Player Saint (76561199699133167) collected item: NomNom_Cartridge_Zelda
17.09.2025 23:29:34 - [NomNom_CollectiblesUI]: Player PoiiZoner3 (76561198152775385) collected item: NomNom_Poke_Card_G1_88
18.09.2025 04:04:23 - [NomNom_CollectiblesUI]: Player Bad Boy (76561198013453503) collected item: NomNom_FP_Thor
18.09.2025 07:41:36 - [NomNom_CollectiblesUI]: Player Bad Boy (76561198013453503) collected item: NomNom_Posters_Halloween_Saw
18.09.2025 07:42:50 - [NomNom_CollectiblesUI]: Player Bad Boy (76561198013453503) collected item: NomNom_FP_Mich_Metal
18.09.2025 07:43:20 - [NomNom_CollectiblesUI]: Player Bad Boy (76561198013453503) collected item: NomNom_Boardgames_Monopoly
