20:52:43.149 [AI Patrol 00016] Spawning 1 East bots at <7510.487305, 287.060333, 2563.307617>
20:52:43.190 [AI Patrol 00016] Global patrol count: 1
20:52:43.200 [AI Patrol 00016] Patrol category patrol count: 1
20:52:43.210 [AI Patrol 00017] Spawning 2 West bots at <7457.339844, 287.040009, 2568.583740>
20:52:43.249 [AI Patrol 00017] Global patrol count: 2
20:52:43.259 [AI Patrol 00017] Patrol category patrol count: 2
20:53:02.182 [Killfeed] AI Mirek (East) got killed by AI Judy (West) with M4-A1 from a distance of 64 m.
20:53:02.966 [AI Patrol 00016] East bots were wiped out (spawn position <7510.487305, 287.060333, 2563.307617>, 1/1 deceased)
20:53:02.976 [AI Patrol 00016] Global patrol count: 1
20:53:02.985 [AI Patrol 00016] Patrol category patrol count: 1
20:57:02.719 [MissionAirdrop] An airdrop is heading towards "Tarnow" (pos=<9976.000000, 0.000000, 11000.000000> type=Random_Tarnow) with a ExpansionAirdropContainer
20:57:31.443 [AI Object Patrol 00002] Spawning 1 East bots at <3994.241455, 312.260925, 6843.750000>
20:57:31.489 [AI Object Patrol 00002] Global patrol count: 2
20:57:31.499 [AI Object Patrol 00002] HelicopterWreck category patrol count: 1
20:59:55.279 [VehicleEnter] Player "snake" (id=0nsyEhm9INQy3se8y-fXlbMHVv4YsIXloUCLC2unDyo=) entered vehicle Gyrocopter (id=BF1F579C31429CB49B420F8B20DF0CED pos=<3157.32, 233.9, 6814.64>) as pilot
20:59:57.771 [VehicleEngine] Player "snake" (id=0nsyEhm9INQy3se8y-fXlbMHVv4YsIXloUCLC2unDyo=) started vehicle Gyrocopter (id=BF1F579C31429CB49B420F8B20DF0CED pos=<3157.29, 233.9, 6814.64>)
21:02:41.536 [VehicleEngine] Player "NULL" (id=NULL) stopped vehicle Gyrocopter (id=BF1F579C31429CB49B420F8B20DF0CED pos=<3963.89, 313.11, 6852.34>)
21:02:41.550 [VehicleLeave] Player "snake" (id=0nsyEhm9INQy3se8y-fXlbMHVv4YsIXloUCLC2unDyo=) left vehicle Gyrocopter (id=BF1F579C31429CB49B420F8B20DF0CED pos=<3963.89, 313.11, 6852.34>)
21:03:42.380 [VehicleEnter] Player "snake" (id=0nsyEhm9INQy3se8y-fXlbMHVv4YsIXloUCLC2unDyo=) entered vehicle Gyrocopter (id=BF1F579C31429CB49B420F8B20DF0CED pos=<3963.9, 313.13, 6852.77>) as pilot
21:03:43.064 [AI Object Patrol 00026] Spawning 1 West bots at <4508.090332, 323.776672, 6806.611816>
21:03:43.103 [AI Object Patrol 00026] Global patrol count: 3
21:03:43.114 [AI Object Patrol 00026] ContaminatedArea category patrol count: 1
21:03:43.408 [VehicleEngine] Player "snake" (id=0nsyEhm9INQy3se8y-fXlbMHVv4YsIXloUCLC2unDyo=) started vehicle Gyrocopter (id=BF1F579C31429CB49B420F8B20DF0CED pos=<3963.9, 313.13, 6852.78>)
21:04:53.580 [AI Patrol 00017] Despawning 2 West bots (spawn position <7457.339844, 287.040009, 2568.583740>, 0/2 deceased)
21:04:53.591 [AI Patrol 00017] Global patrol count: 2
21:04:53.601 [AI Patrol 00017] Patrol category patrol count: 0
21:07:29.669 [AI Patrol 00019] Spawning 3 East bots at <9239.570313, 199.423050, 10892.166992>
21:07:29.713 [AI Patrol 00019] Global patrol count: 3
21:07:29.723 [AI Patrol 00019] Patrol category patrol count: 1
21:07:29.733 [AI Patrol 00020] Spawning 3 East bots at <9328.020508, 232.941757, 10572.125977>
21:07:29.775 [AI Patrol 00020] Global patrol count: 4
21:07:29.785 [AI Patrol 00020] Patrol category patrol count: 2
21:07:50.682 [VehicleEngine] Player "NULL" (id=NULL) stopped vehicle Gyrocopter (id=BF1F579C31429CB49B420F8B20DF0CED pos=<9998.82, 197.96, 10977.6>)
21:07:50.706 [VehicleLeave] Player "snake" (id=0nsyEhm9INQy3se8y-fXlbMHVv4YsIXloUCLC2unDyo=) left vehicle Gyrocopter (id=BF1F579C31429CB49B420F8B20DF0CED pos=<9998.82, 197.96, 10977.6>)
