00:02:59.962 [AI Patrol 00017] Spawning 2 West bots at <7427.875977, 287.040009, 2576.639404>
00:03:08.334 [AI Patrol 00017] Global patrol count: 1
00:03:08.345 [AI Patrol 00017] Patrol category patrol count: 1
00:03:08.356 [AI Patrol 00016] Spawning 2 East bots at <7617.390137, 298.356049, 2700.330811>
00:03:08.392 [AI Patrol 00016] Global patrol count: 2
00:03:08.406 [AI Patrol 00016] Patrol category patrol count: 2
00:07:51.336 [Chat - Global]("Survivor"(id=0nsyEhm9INQy3se8y-fXlbMHVv4YsIXloUCLC2unDyo=)): night yall 
00:08:06.619 [Chat - Global]("Dan"(id=J3DN6WXzRjVAt4j_gUAEgL4v34hqtXpOtTWQ5nCMCS0=)): i got shot, die and can't find my body
00:08:31.011 [Chat - Global]("Survivor"(id=0nsyEhm9INQy3se8y-fXlbMHVv4YsIXloUCLC2unDyo=)): aw shit before the restart?
00:08:48.922 [Chat - Global]("Dan"(id=J3DN6WXzRjVAt4j_gUAEgL4v34hqtXpOtTWQ5nCMCS0=)): yes, it is gone?
00:08:59.927 [Chat - Global]("Dan"(id=J3DN6WXzRjVAt4j_gUAEgL4v34hqtXpOtTWQ5nCMCS0=)): just the weapon is here
00:09:04.950 [Chat - Global]("Survivor"(id=0nsyEhm9INQy3se8y-fXlbMHVv4YsIXloUCLC2unDyo=)): it might be, but make sure
00:09:23.230 [Chat - Global]("Survivor"(id=0nsyEhm9INQy3se8y-fXlbMHVv4YsIXloUCLC2unDyo=)): i moved the restartbto 6 am
00:09:36.356 [Chat - Global]("Survivor"(id=0nsyEhm9INQy3se8y-fXlbMHVv4YsIXloUCLC2unDyo=)): sorry bout ur loot
00:10:57.536 [Chat - Global]("Dan"(id=J3DN6WXzRjVAt4j_gUAEgL4v34hqtXpOtTWQ5nCMCS0=)): ok, thacks, good nigth
00:11:34.664 [Chat - Global]("Survivor"(id=0nsyEhm9INQy3se8y-fXlbMHVv4YsIXloUCLC2unDyo=)): u too!
00:23:40.894 [VehicleEnter] Player "Dan" (id=J3DN6WXzRjVAt4j_gUAEgL4v34hqtXpOtTWQ5nCMCS0=) entered vehicle M3S Covered (id=E5D5C649EF4B8542E52332840E8CE58A pos=<9565.68, 418.41, 1127.04>) as driver
00:23:44.633 [VehicleEngine] Player "Dan" (id=J3DN6WXzRjVAt4j_gUAEgL4v34hqtXpOtTWQ5nCMCS0=) started vehicle M3S Covered (id=E5D5C649EF4B8542E52332840E8CE58A pos=<9565.68, 418.41, 1127.04>)
00:23:58.683 [VehicleEngine] Player "NULL" (id=NULL) stopped vehicle M3S Covered (id=E5D5C649EF4B8542E52332840E8CE58A pos=<9552.26, 418.61, 1131.03>)
00:23:59.122 [VehicleLeave] Player "Dan" (id=J3DN6WXzRjVAt4j_gUAEgL4v34hqtXpOtTWQ5nCMCS0=) left vehicle M3S Covered (id=E5D5C649EF4B8542E52332840E8CE58A pos=<9552.26, 418.61, 1131.03>)
00:24:12.832 [VehicleEnter] Player "Dan" (id=J3DN6WXzRjVAt4j_gUAEgL4v34hqtXpOtTWQ5nCMCS0=) entered vehicle M3S Covered (id=E5D5C649EF4B8542E52332840E8CE58A pos=<9552.26, 418.61, 1131.03>) as driver
00:24:18.815 [VehicleEngine] Player "Dan" (id=J3DN6WXzRjVAt4j_gUAEgL4v34hqtXpOtTWQ5nCMCS0=) started vehicle M3S Covered (id=E5D5C649EF4B8542E52332840E8CE58A pos=<9552.26, 418.61, 1131.03>)
00:24:47.595 [AI Object Patrol 00000] Spawning 3 East bots at <9676.807617, 418.327606, 1021.006470>
00:24:47.636 [AI Object Patrol 00000] Global patrol count: 3
00:24:47.646 [AI Object Patrol 00000] HelicopterWreck category patrol count: 1
00:25:32.473 [VehicleEngine] Player "NULL" (id=NULL) stopped vehicle M3S Covered (id=E5D5C649EF4B8542E52332840E8CE58A pos=<9147.24, 402.16, 1679.49>)
00:25:32.913 [VehicleLeave] Player "Dan" (id=J3DN6WXzRjVAt4j_gUAEgL4v34hqtXpOtTWQ5nCMCS0=) left vehicle M3S Covered (id=E5D5C649EF4B8542E52332840E8CE58A pos=<9147.24, 402.16, 1679.49>)
00:26:12.126 [AI Patrol 00016] East bots were wiped out (spawn position <7617.390137, 298.356049, 2700.330811>, 2/2 deceased)
00:26:12.136 [AI Patrol 00016] Global patrol count: 2
00:26:12.145 [AI Patrol 00016] Patrol category patrol count: 1
00:27:11.684 [VehicleEnter] Player "Dan" (id=J3DN6WXzRjVAt4j_gUAEgL4v34hqtXpOtTWQ5nCMCS0=) entered vehicle M3S Covered (id=E5D5C649EF4B8542E52332840E8CE58A pos=<9147.24, 402.16, 1679.49>) as driver
00:27:19.216 [VehicleEngine] Player "Dan" (id=J3DN6WXzRjVAt4j_gUAEgL4v34hqtXpOtTWQ5nCMCS0=) started vehicle M3S Covered (id=E5D5C649EF4B8542E52332840E8CE58A pos=<9147.24, 402.16, 1679.48>)
00:29:40.058 [VehicleEngine] Player "Dan" (id=J3DN6WXzRjVAt4j_gUAEgL4v34hqtXpOtTWQ5nCMCS0=) stopped vehicle M3S Covered (id=E5D5C649EF4B8542E52332840E8CE58A pos=<9127.6, 264.55, 434.75>)
00:30:52.615 [VehicleEngine] Player "Dan" (id=J3DN6WXzRjVAt4j_gUAEgL4v34hqtXpOtTWQ5nCMCS0=) started vehicle M3S Covered (id=E5D5C649EF4B8542E52332840E8CE58A pos=<9128.02, 261.25, 424.3>)
00:31:14.819 [VehicleEngine] Player "NULL" (id=NULL) stopped vehicle M3S Covered (id=E5D5C649EF4B8542E52332840E8CE58A pos=<9131.59, 256.26, 382.29>)
00:31:15.257 [VehicleLeave] Player "Dan" (id=J3DN6WXzRjVAt4j_gUAEgL4v34hqtXpOtTWQ5nCMCS0=) left vehicle M3S Covered (id=E5D5C649EF4B8542E52332840E8CE58A pos=<9131.59, 256.26, 382.29>)
00:32:57.855 [VehicleEnter] Player "Dan" (id=J3DN6WXzRjVAt4j_gUAEgL4v34hqtXpOtTWQ5nCMCS0=) entered vehicle M3S Covered (id=E5D5C649EF4B8542E52332840E8CE58A pos=<9131.59, 256.26, 382.29>) as driver
00:33:00.588 [VehicleLeave] Player "Dan" (id=J3DN6WXzRjVAt4j_gUAEgL4v34hqtXpOtTWQ5nCMCS0=) left vehicle M3S Covered (id=E5D5C649EF4B8542E52332840E8CE58A pos=<9131.59, 256.26, 382.29>)
00:33:04.118 [VehicleEnter] Player "Dan" (id=J3DN6WXzRjVAt4j_gUAEgL4v34hqtXpOtTWQ5nCMCS0=) entered vehicle M3S Covered (id=E5D5C649EF4B8542E52332840E8CE58A pos=<9131.59, 256.26, 382.29>) as driver
00:33:11.935 [VehicleEngine] Player "Dan" (id=J3DN6WXzRjVAt4j_gUAEgL4v34hqtXpOtTWQ5nCMCS0=) started vehicle M3S Covered (id=E5D5C649EF4B8542E52332840E8CE58A pos=<9131.59, 256.26, 382.3>)
00:35:44.098 [AI Object Patrol 00000] Despawning 3 East bots (spawn position <9676.807617, 418.327606, 1021.006470>, 0/3 deceased)
00:35:44.108 [AI Object Patrol 00000] Global patrol count: 1
00:35:44.118 [AI Object Patrol 00000] HelicopterWreck category patrol count: 0
00:37:00.592 [VehicleEngine] Player "Dan" (id=J3DN6WXzRjVAt4j_gUAEgL4v34hqtXpOtTWQ5nCMCS0=) stopped vehicle M3S Covered (id=E5D5C649EF4B8542E52332840E8CE58A pos=<8196.05, 264.34, 1511.98>)
00:37:06.291 [VehicleLeave] Player "Dan" (id=J3DN6WXzRjVAt4j_gUAEgL4v34hqtXpOtTWQ5nCMCS0=) left vehicle M3S Covered (id=E5D5C649EF4B8542E52332840E8CE58A pos=<8196, 264.34, 1511.98>)
00:38:58.293 [VehicleEnter] Player "Dan" (id=J3DN6WXzRjVAt4j_gUAEgL4v34hqtXpOtTWQ5nCMCS0=) entered vehicle M3S Covered (id=E5D5C649EF4B8542E52332840E8CE58A pos=<8195.99, 264.33, 1511.97>) as driver
00:39:29.595 [VehicleLeave] Player "Dan" (id=J3DN6WXzRjVAt4j_gUAEgL4v34hqtXpOtTWQ5nCMCS0=) left vehicle M3S Covered (id=E5D5C649EF4B8542E52332840E8CE58A pos=<8195.73, 264.33, 1511.94>)
00:53:49.119 [VehicleEnter] Player "Dan" (id=J3DN6WXzRjVAt4j_gUAEgL4v34hqtXpOtTWQ5nCMCS0=) entered vehicle M3S Covered (id=E5D5C649EF4B8542E52332840E8CE58A pos=<8195.72, 264.33, 1511.94>) as driver
00:53:52.590 [VehicleEngine] Player "Dan" (id=J3DN6WXzRjVAt4j_gUAEgL4v34hqtXpOtTWQ5nCMCS0=) started vehicle M3S Covered (id=E5D5C649EF4B8542E52332840E8CE58A pos=<8195.67, 264.32, 1511.93>)
00:54:11.192 [VehicleEngine] Player "NULL" (id=NULL) stopped vehicle M3S Covered (id=E5D5C649EF4B8542E52332840E8CE58A pos=<8219.58, 264.65, 1488.69>)
00:54:11.675 [VehicleLeave] Player "Dan" (id=J3DN6WXzRjVAt4j_gUAEgL4v34hqtXpOtTWQ5nCMCS0=) left vehicle M3S Covered (id=E5D5C649EF4B8542E52332840E8CE58A pos=<8219.58, 264.65, 1488.69>)
00:54:41.127 [VehicleEnter] Player "Dan" (id=J3DN6WXzRjVAt4j_gUAEgL4v34hqtXpOtTWQ5nCMCS0=) entered vehicle M3S Covered (id=E5D5C649EF4B8542E52332840E8CE58A pos=<8219.58, 264.65, 1488.69>) as driver
00:54:44.410 [VehicleEngine] Player "Dan" (id=J3DN6WXzRjVAt4j_gUAEgL4v34hqtXpOtTWQ5nCMCS0=) started vehicle M3S Covered (id=E5D5C649EF4B8542E52332840E8CE58A pos=<8219.58, 264.65, 1488.7>)
00:56:22.261 [VehicleDestroyed] Truck_01_Covered_Orange (id=E5D5C649EF4B8542E52332840E8CE58A pos=<8687.63, 257.03, 857.04>)
00:56:22.271 [VehicleEngine] Player "Dan" (id=J3DN6WXzRjVAt4j_gUAEgL4v34hqtXpOtTWQ5nCMCS0=) stopped vehicle M3S Covered (id=E5D5C649EF4B8542E52332840E8CE58A pos=<8687.63, 257.03, 857.04>)
00:56:40.854 [VehicleLeave] Player "Dan" (id=J3DN6WXzRjVAt4j_gUAEgL4v34hqtXpOtTWQ5nCMCS0=) left vehicle M3S Covered (id=E5D5C649EF4B8542E52332840E8CE58A pos=<8691.62, 256.51, 854.28>)
00:56:49.192 [VehicleEnter] Player "Dan" (id=J3DN6WXzRjVAt4j_gUAEgL4v34hqtXpOtTWQ5nCMCS0=) entered vehicle M3S Covered (id=E5D5C649EF4B8542E52332840E8CE58A pos=<8691.67, 256.5, 854.31>) as driver
00:56:52.591 [VehicleLeave] Player "Dan" (id=J3DN6WXzRjVAt4j_gUAEgL4v34hqtXpOtTWQ5nCMCS0=) left vehicle M3S Covered (id=E5D5C649EF4B8542E52332840E8CE58A pos=<8691.8, 256.4, 854.37>)
00:57:03.095 [VehicleEnter] Player "Dan" (id=J3DN6WXzRjVAt4j_gUAEgL4v34hqtXpOtTWQ5nCMCS0=) entered vehicle M3S Covered (id=E5D5C649EF4B8542E52332840E8CE58A pos=<8691.84, 256.38, 854.39>) as driver
00:57:22.232 [VehicleLeave] Player "Dan" (id=J3DN6WXzRjVAt4j_gUAEgL4v34hqtXpOtTWQ5nCMCS0=) left vehicle M3S Covered (id=E5D5C649EF4B8542E52332840E8CE58A pos=<8691.85, 256.34, 854.45>)
01:06:37.219 [AI Patrol 00017] Despawning 1 West bots (spawn position <7427.875977, 287.040009, 2576.639404>, 1/2 deceased)
01:06:37.230 [AI Patrol 00017] Global patrol count: 0
01:06:37.240 [AI Patrol 00017] Patrol category patrol count: 0
01:07:18.952 [VehicleDeleted] Truck_01_Covered_Orange (id=E5D5C649EF4B8542E52332840E8CE58A pos=<8691.85, 256.34, 854.45>)
03:22:55.193 [VehicleCover] Player "Bad Boy" (id=7EOOpe6Cv8QB45p22zWB29TPheQCYualmurDzSA3CR0= pos=<3618.4, 516.5, 1685.36>) uncovered vehicle "Expansion_Landrover_Yellow" (GlobalID=800000008000000080000000800043AD pos=<3615.87, 516.29, 1686.36>)!
03:27:27.161 [VehicleEnter] Player "Bad Boy" (id=7EOOpe6Cv8QB45p22zWB29TPheQCYualmurDzSA3CR0=) entered vehicle Land Rover Defender (id=1DC61DE38F42ABCBDD53AC9C92C6881F pos=<3615.85, 516.29, 1686.36>) as driver
03:27:43.258 [VehicleLeave] Player "Bad Boy" (id=7EOOpe6Cv8QB45p22zWB29TPheQCYualmurDzSA3CR0=) left vehicle Land Rover Defender (id=1DC61DE38F42ABCBDD53AC9C92C6881F pos=<3615.85, 516.29, 1686.36>)
03:29:19.186 [VehicleEnter] Player "Bad Boy" (id=7EOOpe6Cv8QB45p22zWB29TPheQCYualmurDzSA3CR0=) entered vehicle Land Rover Defender (id=1DC61DE38F42ABCBDD53AC9C92C6881F pos=<3615.85, 516.29, 1686.36>) as driver
03:29:30.622 [VehicleEngine] Player "Bad Boy" (id=7EOOpe6Cv8QB45p22zWB29TPheQCYualmurDzSA3CR0=) started vehicle Land Rover Defender (id=1DC61DE38F42ABCBDD53AC9C92C6881F pos=<3615.85, 516.29, 1686.36>)
03:33:13.307 [VehicleEngine] Player "NULL" (id=NULL) stopped vehicle Land Rover Defender (id=1DC61DE38F42ABCBDD53AC9C92C6881F pos=<4735.07, 468, 2567.15>)
03:33:13.350 [VehicleLeave] Player "Bad Boy" (id=7EOOpe6Cv8QB45p22zWB29TPheQCYualmurDzSA3CR0=) left vehicle Land Rover Defender (id=1DC61DE38F42ABCBDD53AC9C92C6881F pos=<4735.07, 468, 2567.15>)
03:33:40.456 [VehicleEnter] Player "Bad Boy" (id=7EOOpe6Cv8QB45p22zWB29TPheQCYualmurDzSA3CR0=) entered vehicle Land Rover Defender (id=1DC61DE38F42ABCBDD53AC9C92C6881F pos=<4735.07, 468, 2567.15>) as driver
03:34:07.018 [VehicleEngine] Player "Bad Boy" (id=7EOOpe6Cv8QB45p22zWB29TPheQCYualmurDzSA3CR0=) started vehicle Land Rover Defender (id=1DC61DE38F42ABCBDD53AC9C92C6881F pos=<4735.07, 468, 2567.15>)
03:36:15.338 [VehicleEngine] Player "Bad Boy" (id=7EOOpe6Cv8QB45p22zWB29TPheQCYualmurDzSA3CR0=) stopped vehicle Land Rover Defender (id=1DC61DE38F42ABCBDD53AC9C92C6881F pos=<4813.59, 502.11, 2090.62>)
03:36:25.765 [VehicleLeave] Player "Bad Boy" (id=7EOOpe6Cv8QB45p22zWB29TPheQCYualmurDzSA3CR0=) left vehicle Land Rover Defender (id=1DC61DE38F42ABCBDD53AC9C92C6881F pos=<4813.59, 502.11, 2090.62>)
04:21:46.403 [VehicleEnter] Player "Bad Boy" (id=7EOOpe6Cv8QB45p22zWB29TPheQCYualmurDzSA3CR0=) entered vehicle Land Rover Defender (id=1DC61DE38F42ABCBDD53AC9C92C6881F pos=<4813.59, 502.11, 2090.62>) as driver
04:21:58.845 [VehicleEngine] Player "Bad Boy" (id=7EOOpe6Cv8QB45p22zWB29TPheQCYualmurDzSA3CR0=) started vehicle Land Rover Defender (id=1DC61DE38F42ABCBDD53AC9C92C6881F pos=<4813.59, 502.11, 2090.62>)
04:27:03.604 [VehicleEngine] Player "NULL" (id=NULL) stopped vehicle Land Rover Defender (id=1DC61DE38F42ABCBDD53AC9C92C6881F pos=<3085.56, 452.91, 2622.34>)
04:27:03.615 [VehicleLeave] Player "Bad Boy" (id=7EOOpe6Cv8QB45p22zWB29TPheQCYualmurDzSA3CR0=) left vehicle Land Rover Defender (id=1DC61DE38F42ABCBDD53AC9C92C6881F pos=<3085.56, 452.91, 2622.34>)
04:27:10.644 [VehicleEnter] Player "Bad Boy" (id=7EOOpe6Cv8QB45p22zWB29TPheQCYualmurDzSA3CR0=) entered vehicle Land Rover Defender (id=1DC61DE38F42ABCBDD53AC9C92C6881F pos=<3085.56, 452.91, 2622.34>) as driver
04:27:15.326 [VehicleEngine] Player "Bad Boy" (id=7EOOpe6Cv8QB45p22zWB29TPheQCYualmurDzSA3CR0=) started vehicle Land Rover Defender (id=1DC61DE38F42ABCBDD53AC9C92C6881F pos=<3085.56, 452.91, 2622.34>)
04:31:05.103 [AI Object Patrol 00060] Spawning 2 West bots at <2409.781250, 391.805420, 5741.675293>
04:31:05.129 [AI Object Patrol 00060] Global patrol count: 1
04:31:05.141 [AI Object Patrol 00060] ContaminatedArea category patrol count: 1
04:33:45.258 [VehicleEngine] Player "Bad Boy" (id=7EOOpe6Cv8QB45p22zWB29TPheQCYualmurDzSA3CR0=) stopped vehicle Land Rover Defender (id=1DC61DE38F42ABCBDD53AC9C92C6881F pos=<1744.48, 199.68, 7341.29>)
04:33:58.355 [VehicleLeave] Player "Bad Boy" (id=7EOOpe6Cv8QB45p22zWB29TPheQCYualmurDzSA3CR0=) left vehicle Land Rover Defender (id=1DC61DE38F42ABCBDD53AC9C92C6881F pos=<1744.49, 199.63, 7341.26>)
04:38:32.211 [VehicleAttachments] Player "Bad Boy" (id=7EOOpe6Cv8QB45p22zWB29TPheQCYualmurDzSA3CR0=) detached Land Rover Defender Wheel (type=Expansion_Landrover_Wheel_Ruined) from vehicle Land Rover Defender (id=1DC61DE38F42ABCBDD53AC9C92C6881F pos=<1744.49, 199.62, 7341.26>)
04:41:25.250 [AI Object Patrol 00060] Despawning 2 West bots (spawn position <2409.781250, 391.805420, 5741.675293>, 0/2 deceased)
04:41:25.268 [AI Object Patrol 00060] Global patrol count: 0
04:41:25.278 [AI Object Patrol 00060] ContaminatedArea category patrol count: 0
04:47:04.589 [SpawnSelection] Player "Bad Boy" (id=7EOOpe6Cv8QB45p22zWB29TPheQCYualmurDzSA3CR0=) spawned at <1841.880005, 199.766998, 7392.009766>
04:50:15.798 [SpawnSelection] Player "Bad Boy" (id=7EOOpe6Cv8QB45p22zWB29TPheQCYualmurDzSA3CR0=) spawned at <1913.430054, 194.949005, 7445.359863>
04:54:17.985 [SpawnSelection] Player "Bad Boy" (id=7EOOpe6Cv8QB45p22zWB29TPheQCYualmurDzSA3CR0=) spawned at <7653.620117, 239.895004, 5421.660156>
04:54:18.006 [AI Object Patrol 00011] Spawning 3 West bots at <7691.669434, 230.608414, 5823.539551>
04:54:18.058 [AI Object Patrol 00011] Global patrol count: 1
04:54:18.098 [AI Object Patrol 00011] ContaminatedArea category patrol count: 1
04:54:18.120 [AI Object Patrol 00009] Spawning 3 West bots at <7325.780762, 227.019638, 6348.865234>
04:54:18.157 [AI Object Patrol 00009] Global patrol count: 2
04:54:18.192 [AI Object Patrol 00009] ContaminatedArea category patrol count: 2
04:55:14.318 [SpawnSelection] Player "Bad Boy" (id=7EOOpe6Cv8QB45p22zWB29TPheQCYualmurDzSA3CR0=) spawned at <2035.589966, 208.117996, 7440.870117>
05:04:39.018 [AI Object Patrol 00009] Despawning 3 West bots (spawn position <7325.780762, 227.019638, 6348.865234>, 0/3 deceased)
05:04:39.035 [AI Object Patrol 00009] Global patrol count: 1
05:04:39.044 [AI Object Patrol 00009] ContaminatedArea category patrol count: 1
05:04:39.053 [AI Object Patrol 00011] Despawning 3 West bots (spawn position <7691.669434, 230.608414, 5823.539551>, 0/3 deceased)
05:04:39.063 [AI Object Patrol 00011] Global patrol count: 0
05:04:39.074 [AI Object Patrol 00011] ContaminatedArea category patrol count: 0
05:07:53.723 [VehicleAttachments] Player "Bad Boy" (id=7EOOpe6Cv8QB45p22zWB29TPheQCYualmurDzSA3CR0=) detached Land Rover Defender Wheel (type=Expansion_Landrover_Wheel_Ruined) from vehicle Land Rover Defender (id=1DC61DE38F42ABCBDD53AC9C92C6881F pos=<1744.5, 199.62, 7341.26>)
