06:12:47.363 [MissionAirdrop] An airdrop is heading towards "Zapadlisko" (pos=<8399.000000, 0.000000, 8803.000000> type=Random_Zapadlisko) with a ExpansionAirdropContainer_Military
06:54:27.069 [AI Patrol 00015] Spawning 2 East bots at <7433.970215, 287.040009, 2576.308105>
06:54:27.105 [AI Patrol 00015] Global patrol count: 1
06:54:27.114 [AI Patrol 00015] Patrol category patrol count: 1
06:54:27.124 [AI Patrol 00016] Spawning 1 West bots at <7516.524902, 287.129303, 2494.419922>
06:54:27.157 [AI Patrol 00016] Global patrol count: 2
06:54:27.166 [AI Patrol 00016] Patrol category patrol count: 2
06:55:41.236 [Killfeed] AI Irena (East) got killed by AI Frida (West) with AUR AX from a distance of 5 m.
06:58:13.697 [AI Patrol 00015] East bots were wiped out (spawn position <7433.970215, 287.040009, 2576.308105>, 2/2 deceased)
06:58:13.707 [AI Patrol 00015] Global patrol count: 1
06:58:13.718 [AI Patrol 00015] Patrol category patrol count: 1
06:58:39.047 [AI Patrol 00016] West bots were wiped out (spawn position <7516.524902, 287.129303, 2494.419922>, 1/1 deceased)
06:58:39.058 [AI Patrol 00016] Global patrol count: 0
06:58:39.068 [AI Patrol 00016] Patrol category patrol count: 0
07:36:21.695 [MissionAirdrop] An airdrop is heading towards "Muratyn" (pos=<4559.000000, 0.000000, 6852.000000> type=Random_Muratyn) with a ExpansionAirdropContainer_Military
09:01:47.401 [MissionAirdrop] An airdrop is heading towards "Karlin" (pos=<9975.000000, 0.000000, 7242.000000> type=Random_Karlin) with a ExpansionAirdropContainer_Basebuilding
09:19:42.450 [Territory] Player "ANDREIOP" (id=RPd_iZVcpi1DOT_Dnx3wP3FOqPFObu0R2r1Jv-D3kDY= pos=<6567.275391, 206.810715, 8383.917969>) was invited to join the territory Dan Land at <6557.879395, 205.615265, 8378.662109> by the player "Dan" (id=J3DN6WXzRjVAt4j_gUAEgL4v34hqtXpOtTWQ5nCMCS0=)
10:25:52.396 [VehicleDestroyed] Boat_01_Blue (id=8CC2E54DE649448536F777915EC57D87 pos=<5288.04, 169.71, 9488.88>)
10:29:29.204 [MissionAirdrop] An airdrop is heading towards "Nadbor" (pos=<5996.000000, 0.000000, 4513.000000> type=Random_Nadbor) with a ExpansionAirdropContainer
10:32:23.056 [VehicleDeleted] Boat_01_Blue (id=8CC2E54DE649448536F777915EC57D87 pos=<5288.07, 169.18, 9488.87>)
10:49:02.355 [VehicleEnter] Player "snake" (id=0nsyEhm9INQy3se8y-fXlbMHVv4YsIXloUCLC2unDyo=) entered vehicle Gyrocopter (id=961DFC0DD54BCF458A74E6A5EF960114 pos=<8340.66, 334.75, 1642.57>) as pilot
10:49:04.127 [VehicleEngine] Player "snake" (id=0nsyEhm9INQy3se8y-fXlbMHVv4YsIXloUCLC2unDyo=) started vehicle Gyrocopter (id=961DFC0DD54BCF458A74E6A5EF960114 pos=<8340.66, 334.75, 1642.55>)
10:50:17.742 [AI Patrol 00017] Spawning 2 Civilian bots at <6354.136230, 381.684998, 3652.625244>
10:50:17.793 [AI Patrol 00017] Global patrol count: 1
10:50:17.809 [AI Patrol 00017] Patrol category patrol count: 1
10:50:47.457 [AI Object Patrol 00064] Spawning 3 West bots at <5621.832520, 422.219086, 3878.067383>
10:50:47.594 [AI Object Patrol 00064] Global patrol count: 2
10:50:47.682 [AI Object Patrol 00064] ContaminatedArea category patrol count: 1
10:51:00.793 [AI Object Patrol 00066] Spawning 3 East bots at <5905.036621, 378.546387, 5013.475098>
10:51:00.831 [AI Object Patrol 00066] Global patrol count: 3
10:51:00.840 [AI Object Patrol 00066] HelicopterWreck category patrol count: 1
10:53:04.973 [VehicleEngine] Player "NULL" (id=NULL) stopped vehicle Gyrocopter (id=961DFC0DD54BCF458A74E6A5EF960114 pos=<6105.26, 367.66, 4349.47>)
10:53:05.025 [VehicleLeave] Player "snake" (id=0nsyEhm9INQy3se8y-fXlbMHVv4YsIXloUCLC2unDyo=) left vehicle Gyrocopter (id=961DFC0DD54BCF458A74E6A5EF960114 pos=<6105.26, 367.66, 4349.47>)
10:53:05.982 [AI Object Patrol 00064] Despawning 3 West bots (spawn position <5621.832520, 422.219086, 3878.067383>, 0/3 deceased)
10:53:05.992 [AI Object Patrol 00064] Global patrol count: 2
10:53:06.002 [AI Object Patrol 00064] ContaminatedArea category patrol count: 0
10:53:28.909 [VehicleEnter] Player "snake" (id=0nsyEhm9INQy3se8y-fXlbMHVv4YsIXloUCLC2unDyo=) entered vehicle Gyrocopter (id=961DFC0DD54BCF458A74E6A5EF960114 pos=<6105.24, 367.66, 4349.5>) as pilot
10:53:30.256 [VehicleEngine] Player "snake" (id=0nsyEhm9INQy3se8y-fXlbMHVv4YsIXloUCLC2unDyo=) started vehicle Gyrocopter (id=961DFC0DD54BCF458A74E6A5EF960114 pos=<6105.24, 367.66, 4349.5>)
10:54:00.857 [VehicleEngine] Player "NULL" (id=NULL) stopped vehicle Gyrocopter (id=961DFC0DD54BCF458A74E6A5EF960114 pos=<6102.43, 374.04, 4320.22>)
10:54:00.887 [VehicleLeave] Player "snake" (id=0nsyEhm9INQy3se8y-fXlbMHVv4YsIXloUCLC2unDyo=) left vehicle Gyrocopter (id=961DFC0DD54BCF458A74E6A5EF960114 pos=<6102.43, 374.04, 4320.22>)
10:55:10.503 [VehicleEnter] Player "snake" (id=0nsyEhm9INQy3se8y-fXlbMHVv4YsIXloUCLC2unDyo=) entered vehicle Gyrocopter (id=961DFC0DD54BCF458A74E6A5EF960114 pos=<6101.72, 373.94, 4320.22>) as pilot
10:55:12.251 [VehicleEngine] Player "snake" (id=0nsyEhm9INQy3se8y-fXlbMHVv4YsIXloUCLC2unDyo=) started vehicle Gyrocopter (id=961DFC0DD54BCF458A74E6A5EF960114 pos=<6101.7, 373.93, 4320.22>)
10:55:29.034 [VehicleEngine] Player "NULL" (id=NULL) stopped vehicle Gyrocopter (id=961DFC0DD54BCF458A74E6A5EF960114 pos=<6121.18, 363.38, 4388.16>)
10:55:29.067 [VehicleLeave] Player "snake" (id=0nsyEhm9INQy3se8y-fXlbMHVv4YsIXloUCLC2unDyo=) left vehicle Gyrocopter (id=961DFC0DD54BCF458A74E6A5EF960114 pos=<6121.18, 363.38, 4388.16>)
10:56:38.469 [VehicleEnter] Player "snake" (id=0nsyEhm9INQy3se8y-fXlbMHVv4YsIXloUCLC2unDyo=) entered vehicle Gyrocopter (id=961DFC0DD54BCF458A74E6A5EF960114 pos=<6120.65, 363.49, 4388.11>) as pilot
10:56:40.891 [VehicleEngine] Player "snake" (id=0nsyEhm9INQy3se8y-fXlbMHVv4YsIXloUCLC2unDyo=) started vehicle Gyrocopter (id=961DFC0DD54BCF458A74E6A5EF960114 pos=<6120.63, 363.5, 4388.11>)
10:56:54.328 [VehicleEngine] Player "NULL" (id=NULL) stopped vehicle Gyrocopter (id=961DFC0DD54BCF458A74E6A5EF960114 pos=<6145.48, 359.84, 4369.27>)
10:56:54.803 [VehicleLeave] Player "snake" (id=0nsyEhm9INQy3se8y-fXlbMHVv4YsIXloUCLC2unDyo=) left vehicle Gyrocopter (id=961DFC0DD54BCF458A74E6A5EF960114 pos=<6145.48, 359.84, 4369.28>)
10:57:37.843 [VehicleEnter] Player "snake" (id=0nsyEhm9INQy3se8y-fXlbMHVv4YsIXloUCLC2unDyo=) entered vehicle Gyrocopter (id=961DFC0DD54BCF458A74E6A5EF960114 pos=<6145.53, 359.74, 4370.07>) as pilot
10:57:39.364 [VehicleEngine] Player "snake" (id=0nsyEhm9INQy3se8y-fXlbMHVv4YsIXloUCLC2unDyo=) started vehicle Gyrocopter (id=961DFC0DD54BCF458A74E6A5EF960114 pos=<6145.54, 359.73, 4370.09>)
10:58:24.419 [AI Object Patrol 00066] Despawning 3 East bots (spawn position <5905.036621, 378.546387, 5013.475098>, 0/3 deceased)
10:58:24.429 [AI Object Patrol 00066] Global patrol count: 1
10:58:24.440 [AI Object Patrol 00066] HelicopterWreck category patrol count: 0
10:58:44.123 [Killfeed] AI Irena (Shamans) got killed by AI Eva (West) with M4-A1 from a distance of 4 m.
11:03:02.868 [VehicleEngine] Player "NULL" (id=NULL) stopped vehicle Gyrocopter (id=961DFC0DD54BCF458A74E6A5EF960114 pos=<8341.52, 334.75, 1640.24>)
11:03:02.894 [VehicleLeave] Player "snake" (id=0nsyEhm9INQy3se8y-fXlbMHVv4YsIXloUCLC2unDyo=) left vehicle Gyrocopter (id=961DFC0DD54BCF458A74E6A5EF960114 pos=<8341.52, 334.75, 1640.24>)
11:09:09.856 [AI Patrol 00017] Despawning 2 Civilian bots (spawn position <6354.136230, 381.684998, 3652.625244>, 0/2 deceased)
11:09:09.866 [AI Patrol 00017] Global patrol count: 0
11:09:09.876 [AI Patrol 00017] Patrol category patrol count: 0
11:58:57.308 [MissionAirdrop] An airdrop is heading towards "Brena" (pos=<6692.000000, 0.000000, 11442.000000> type=Random_Brena) with a ExpansionAirdropContainer_Military
12:02:40.599 [VehicleEnter] Player "Dan" (id=J3DN6WXzRjVAt4j_gUAEgL4v34hqtXpOtTWQ5nCMCS0=) entered vehicle Gunter 2 (id=509ACCA49543877D1C43A68CFCA4AB25 pos=<6555.61, 205.31, 8375.16>) as driver
12:02:42.648 [VehicleEngine] Player "Dan" (id=J3DN6WXzRjVAt4j_gUAEgL4v34hqtXpOtTWQ5nCMCS0=) started vehicle Gunter 2 (id=509ACCA49543877D1C43A68CFCA4AB25 pos=<6555.61, 205.31, 8375.17>)
12:10:34.911 [VehicleEngine] Player "NULL" (id=NULL) stopped vehicle Gunter 2 (id=509ACCA49543877D1C43A68CFCA4AB25 pos=<6692.7, 182.9, 11351.1>)
12:10:35.200 [VehicleLeave] Player "Dan" (id=J3DN6WXzRjVAt4j_gUAEgL4v34hqtXpOtTWQ5nCMCS0=) left vehicle Gunter 2 (id=509ACCA49543877D1C43A68CFCA4AB25 pos=<6692.7, 182.9, 11351.1>)
12:15:03.536 [VehicleEnter] Player "Dan" (id=J3DN6WXzRjVAt4j_gUAEgL4v34hqtXpOtTWQ5nCMCS0=) entered vehicle Gunter 2 (id=509ACCA49543877D1C43A68CFCA4AB25 pos=<6692.7, 182.9, 11351.1>) as driver
12:15:07.663 [VehicleEngine] Player "Dan" (id=J3DN6WXzRjVAt4j_gUAEgL4v34hqtXpOtTWQ5nCMCS0=) started vehicle Gunter 2 (id=509ACCA49543877D1C43A68CFCA4AB25 pos=<6692.7, 182.9, 11351>)
12:20:17.238 [AI Patrol 00018] Spawning 1 East bots at <9308.252930, 198.474838, 10908.976563>
12:20:17.276 [AI Patrol 00018] Global patrol count: 1
12:20:17.286 [AI Patrol 00018] Patrol category patrol count: 1
12:20:39.578 [VehicleEngine] Player "NULL" (id=NULL) stopped vehicle Gunter 2 (id=509ACCA49543877D1C43A68CFCA4AB25 pos=<8389.15, 196.2, 11333.2>)
12:20:39.882 [VehicleLeave] Player "Dan" (id=J3DN6WXzRjVAt4j_gUAEgL4v34hqtXpOtTWQ5nCMCS0=) left vehicle Gunter 2 (id=509ACCA49543877D1C43A68CFCA4AB25 pos=<8389.15, 196.2, 11333.2>)
12:21:22.163 [VehicleEnter] Player "Dan" (id=J3DN6WXzRjVAt4j_gUAEgL4v34hqtXpOtTWQ5nCMCS0=) entered vehicle Gunter 2 (id=509ACCA49543877D1C43A68CFCA4AB25 pos=<8389.2, 196.2, 11333.2>) as driver
12:21:30.892 [VehicleEngine] Player "Dan" (id=J3DN6WXzRjVAt4j_gUAEgL4v34hqtXpOtTWQ5nCMCS0=) started vehicle Gunter 2 (id=509ACCA49543877D1C43A68CFCA4AB25 pos=<8389.51, 196.19, 11333.2>)
12:22:03.327 [VehicleEngine] Player "NULL" (id=NULL) stopped vehicle Gunter 2 (id=509ACCA49543877D1C43A68CFCA4AB25 pos=<8354.86, 206.03, 11226.2>)
12:22:03.608 [VehicleLeave] Player "Dan" (id=J3DN6WXzRjVAt4j_gUAEgL4v34hqtXpOtTWQ5nCMCS0=) left vehicle Gunter 2 (id=509ACCA49543877D1C43A68CFCA4AB25 pos=<8354.86, 206.03, 11226.2>)
12:25:05.388 [VehicleEnter] Player "Dan" (id=J3DN6WXzRjVAt4j_gUAEgL4v34hqtXpOtTWQ5nCMCS0=) entered vehicle Gunter 2 (id=509ACCA49543877D1C43A68CFCA4AB25 pos=<8354.87, 206.03, 11226.2>) as driver
12:25:10.848 [VehicleEngine] Player "Dan" (id=J3DN6WXzRjVAt4j_gUAEgL4v34hqtXpOtTWQ5nCMCS0=) started vehicle Gunter 2 (id=509ACCA49543877D1C43A68CFCA4AB25 pos=<8354.88, 206.02, 11226.4>)
12:25:35.798 [VehicleEngine] Player "Dan" (id=J3DN6WXzRjVAt4j_gUAEgL4v34hqtXpOtTWQ5nCMCS0=) stopped vehicle Gunter 2 (id=509ACCA49543877D1C43A68CFCA4AB25 pos=<8386.68, 196.64, 11327.5>)
12:25:41.141 [VehicleLeave] Player "Dan" (id=J3DN6WXzRjVAt4j_gUAEgL4v34hqtXpOtTWQ5nCMCS0=) left vehicle Gunter 2 (id=509ACCA49543877D1C43A68CFCA4AB25 pos=<8386.68, 196.62, 11327.7>)
12:26:52.928 [VehicleEnter] Player "Dan" (id=J3DN6WXzRjVAt4j_gUAEgL4v34hqtXpOtTWQ5nCMCS0=) entered vehicle M3S Covered (id=46D2340A724FF0C80A0AAD8270535D2C pos=<8389.5, 196.54, 11327.6>) as driver
12:26:56.216 [VehicleEngine] Player "Dan" (id=J3DN6WXzRjVAt4j_gUAEgL4v34hqtXpOtTWQ5nCMCS0=) started vehicle M3S Covered (id=46D2340A724FF0C80A0AAD8270535D2C pos=<8389.5, 196.54, 11327.6>)
12:27:26.274 [VehicleEngine] Player "NULL" (id=NULL) stopped vehicle M3S Covered (id=46D2340A724FF0C80A0AAD8270535D2C pos=<8390.73, 196.11, 11332.7>)
12:27:26.715 [VehicleLeave] Player "Dan" (id=J3DN6WXzRjVAt4j_gUAEgL4v34hqtXpOtTWQ5nCMCS0=) left vehicle M3S Covered (id=46D2340A724FF0C80A0AAD8270535D2C pos=<8390.73, 196.11, 11332.7>)
12:27:36.839 [VehicleEnter] Player "Dan" (id=J3DN6WXzRjVAt4j_gUAEgL4v34hqtXpOtTWQ5nCMCS0=) entered vehicle Gunter 2 (id=509ACCA49543877D1C43A68CFCA4AB25 pos=<8386.68, 196.62, 11327.8>) as driver
12:27:40.051 [VehicleEngine] Player "Dan" (id=J3DN6WXzRjVAt4j_gUAEgL4v34hqtXpOtTWQ5nCMCS0=) started vehicle Gunter 2 (id=509ACCA49543877D1C43A68CFCA4AB25 pos=<8386.68, 196.61, 11327.9>)
12:27:50.413 [VehicleEngine] Player "NULL" (id=NULL) stopped vehicle Gunter 2 (id=509ACCA49543877D1C43A68CFCA4AB25 pos=<8371.62, 197.77, 11325.5>)
12:27:50.720 [VehicleLeave] Player "Dan" (id=J3DN6WXzRjVAt4j_gUAEgL4v34hqtXpOtTWQ5nCMCS0=) left vehicle Gunter 2 (id=509ACCA49543877D1C43A68CFCA4AB25 pos=<8371.62, 197.77, 11325.5>)
12:28:34.989 [VehicleAttachments] Player "Dan" (id=J3DN6WXzRjVAt4j_gUAEgL4v34hqtXpOtTWQ5nCMCS0=) detached M3S Left Door (type=Truck_01_Door_1_1_YellowBright) from vehicle M3S Covered (id=46D2340A724FF0C80A0AAD8270535D2C pos=<8390.73, 196.11, 11332.7>)
12:28:47.582 [VehicleEnter] Player "Dan" (id=J3DN6WXzRjVAt4j_gUAEgL4v34hqtXpOtTWQ5nCMCS0=) entered vehicle M3S Covered (id=46D2340A724FF0C80A0AAD8270535D2C pos=<8390.73, 196.11, 11332.7>) as driver
12:28:50.710 [VehicleLeave] Player "Dan" (id=J3DN6WXzRjVAt4j_gUAEgL4v34hqtXpOtTWQ5nCMCS0=) left vehicle M3S Covered (id=46D2340A724FF0C80A0AAD8270535D2C pos=<8390.73, 196.11, 11332.8>)
12:30:44.579 [VehicleEnter] Player "Dan" (id=J3DN6WXzRjVAt4j_gUAEgL4v34hqtXpOtTWQ5nCMCS0=) entered vehicle M3S Covered (id=46D2340A724FF0C80A0AAD8270535D2C pos=<8390.73, 196.1, 11332.8>) as driver
12:30:47.820 [VehicleEngine] Player "Dan" (id=J3DN6WXzRjVAt4j_gUAEgL4v34hqtXpOtTWQ5nCMCS0=) started vehicle M3S Covered (id=46D2340A724FF0C80A0AAD8270535D2C pos=<8390.73, 196.09, 11332.9>)
12:35:33.044 [VehicleEngine] Player "Dan" (id=J3DN6WXzRjVAt4j_gUAEgL4v34hqtXpOtTWQ5nCMCS0=) stopped vehicle M3S Covered (id=46D2340A724FF0C80A0AAD8270535D2C pos=<8298.03, 205.49, 11208.1>)
12:35:42.821 [VehicleLeave] Player "Dan" (id=J3DN6WXzRjVAt4j_gUAEgL4v34hqtXpOtTWQ5nCMCS0=) left vehicle M3S Covered (id=46D2340A724FF0C80A0AAD8270535D2C pos=<8297.99, 205.49, 11208.1>)
12:53:39.985 [VehicleEnter] Player "Dan" (id=J3DN6WXzRjVAt4j_gUAEgL4v34hqtXpOtTWQ5nCMCS0=) entered vehicle M3S Covered (id=46D2340A724FF0C80A0AAD8270535D2C pos=<8297.99, 205.51, 11208.1>) as driver
12:53:47.215 [VehicleEngine] Player "Dan" (id=J3DN6WXzRjVAt4j_gUAEgL4v34hqtXpOtTWQ5nCMCS0=) started vehicle M3S Covered (id=46D2340A724FF0C80A0AAD8270535D2C pos=<8297.99, 205.51, 11208.1>)
12:56:27.387 [VehicleEngine] Player "Dan" (id=J3DN6WXzRjVAt4j_gUAEgL4v34hqtXpOtTWQ5nCMCS0=) stopped vehicle M3S Covered (id=46D2340A724FF0C80A0AAD8270535D2C pos=<8093.36, 197.88, 11127.1>)
12:56:42.209 [VehicleEngine] Player "Dan" (id=J3DN6WXzRjVAt4j_gUAEgL4v34hqtXpOtTWQ5nCMCS0=) started vehicle M3S Covered (id=46D2340A724FF0C80A0AAD8270535D2C pos=<8093.36, 197.88, 11127.1>)
12:56:54.074 [VehicleEngine] Player "NULL" (id=NULL) stopped vehicle M3S Covered (id=46D2340A724FF0C80A0AAD8270535D2C pos=<8092.55, 197.88, 11129.3>)
12:56:54.520 [VehicleLeave] Player "Dan" (id=J3DN6WXzRjVAt4j_gUAEgL4v34hqtXpOtTWQ5nCMCS0=) left vehicle M3S Covered (id=46D2340A724FF0C80A0AAD8270535D2C pos=<8092.55, 197.88, 11129.3>)
12:58:46.818 [AI Patrol 00018] Despawning 1 East bots (spawn position <9308.252930, 198.474838, 10908.976563>, 0/1 deceased)
12:58:46.828 [AI Patrol 00018] Global patrol count: 0
12:58:46.839 [AI Patrol 00018] Patrol category patrol count: 0
13:10:36.725 [VehicleEnter] Player "Dan" (id=J3DN6WXzRjVAt4j_gUAEgL4v34hqtXpOtTWQ5nCMCS0=) entered vehicle Mh-6 Little Bird (id=DE66DCF14546B8D9E1782E8D463CAF7D pos=<8167.29, 205.96, 10900>) as pilot
13:10:42.170 [VehicleLeave] Player "Dan" (id=J3DN6WXzRjVAt4j_gUAEgL4v34hqtXpOtTWQ5nCMCS0=) left vehicle Mh-6 Little Bird (id=DE66DCF14546B8D9E1782E8D463CAF7D pos=<8167.3, 205.96, 10900.2>)
13:23:09.185 [VehicleEnter] Player "Dan" (id=J3DN6WXzRjVAt4j_gUAEgL4v34hqtXpOtTWQ5nCMCS0=) entered vehicle M3S Covered (id=46D2340A724FF0C80A0AAD8270535D2C pos=<8092.55, 197.88, 11129.3>) as driver
13:23:12.433 [VehicleEngine] Player "Dan" (id=J3DN6WXzRjVAt4j_gUAEgL4v34hqtXpOtTWQ5nCMCS0=) started vehicle M3S Covered (id=46D2340A724FF0C80A0AAD8270535D2C pos=<8092.55, 197.88, 11129.3>)
13:27:28.095 [MissionAirdrop] An airdrop is heading towards "Tarnow" (pos=<9976.000000, 0.000000, 11000.000000> type=Random_Tarnow) with a ExpansionAirdropContainer
13:27:38.428 [VehicleEngine] Player "NULL" (id=NULL) stopped vehicle M3S Covered (id=46D2340A724FF0C80A0AAD8270535D2C pos=<8198.77, 217.87, 10725.4>)
13:27:38.859 [VehicleLeave] Player "Dan" (id=J3DN6WXzRjVAt4j_gUAEgL4v34hqtXpOtTWQ5nCMCS0=) left vehicle M3S Covered (id=46D2340A724FF0C80A0AAD8270535D2C pos=<8198.77, 217.87, 10725.4>)
13:30:16.326 [VehicleEnter] Player "Dan" (id=J3DN6WXzRjVAt4j_gUAEgL4v34hqtXpOtTWQ5nCMCS0=) entered vehicle M3S Covered (id=46D2340A724FF0C80A0AAD8270535D2C pos=<8198.77, 217.89, 10725.4>) as driver
13:30:20.093 [VehicleEngine] Player "Dan" (id=J3DN6WXzRjVAt4j_gUAEgL4v34hqtXpOtTWQ5nCMCS0=) started vehicle M3S Covered (id=46D2340A724FF0C80A0AAD8270535D2C pos=<8198.77, 217.89, 10725.4>)
13:31:09.379 [VehicleEngine] Player "NULL" (id=NULL) stopped vehicle M3S Covered (id=46D2340A724FF0C80A0AAD8270535D2C pos=<8160.26, 225.11, 10612>)
13:31:09.829 [VehicleLeave] Player "Dan" (id=J3DN6WXzRjVAt4j_gUAEgL4v34hqtXpOtTWQ5nCMCS0=) left vehicle M3S Covered (id=46D2340A724FF0C80A0AAD8270535D2C pos=<8160.26, 225.11, 10612>)
13:31:53.593 [VehicleEnter] Player "Dan" (id=J3DN6WXzRjVAt4j_gUAEgL4v34hqtXpOtTWQ5nCMCS0=) entered vehicle M3S Covered (id=46D2340A724FF0C80A0AAD8270535D2C pos=<8160.23, 225.11, 10612>) as driver
13:31:57.522 [VehicleEngine] Player "Dan" (id=J3DN6WXzRjVAt4j_gUAEgL4v34hqtXpOtTWQ5nCMCS0=) started vehicle M3S Covered (id=46D2340A724FF0C80A0AAD8270535D2C pos=<8160.16, 225.1, 10612.2>)
13:34:25.870 [AI Object Patrol 00112] Spawning 1 West bots at <8365.308594, 290.232391, 9140.947266>
13:34:25.905 [AI Object Patrol 00112] Global patrol count: 1
13:34:25.915 [AI Object Patrol 00112] HelicopterWreck category patrol count: 1
13:35:34.834 [VehicleEngine] Player "Dan" (id=J3DN6WXzRjVAt4j_gUAEgL4v34hqtXpOtTWQ5nCMCS0=) stopped vehicle M3S Covered (id=46D2340A724FF0C80A0AAD8270535D2C pos=<8463.03, 316.16, 10036.7>)
13:36:08.072 [VehicleEngine] Player "Dan" (id=J3DN6WXzRjVAt4j_gUAEgL4v34hqtXpOtTWQ5nCMCS0=) started vehicle M3S Covered (id=46D2340A724FF0C80A0AAD8270535D2C pos=<8462.98, 316.16, 10036.7>)
13:41:35.382 [AI Object Patrol 00115] Spawning 2 West bots at <6110.472656, 225.865036, 8022.282715>
13:41:35.425 [AI Object Patrol 00115] Global patrol count: 2
13:41:35.435 [AI Object Patrol 00115] ContaminatedArea category patrol count: 1
13:42:29.301 [VehicleEngine] Player "NULL" (id=NULL) stopped vehicle M3S Covered (id=46D2340A724FF0C80A0AAD8270535D2C pos=<6576.15, 206.61, 8385.43>)
13:42:29.738 [VehicleLeave] Player "Dan" (id=J3DN6WXzRjVAt4j_gUAEgL4v34hqtXpOtTWQ5nCMCS0=) left vehicle M3S Covered (id=46D2340A724FF0C80A0AAD8270535D2C pos=<6576.15, 206.61, 8385.43>)
13:50:50.920 [AI Object Patrol 00112] Despawning 1 West bots (spawn position <8365.308594, 290.232391, 9140.947266>, 0/1 deceased)
13:50:50.932 [AI Object Patrol 00112] Global patrol count: 1
13:50:50.942 [AI Object Patrol 00112] HelicopterWreck category patrol count: 0
14:04:29.410 [AI Object Patrol 00115] Despawning 2 West bots (spawn position <6110.472656, 225.865036, 8022.282715>, 0/2 deceased)
14:04:29.419 [AI Object Patrol 00115] Global patrol count: 0
14:04:29.429 [AI Object Patrol 00115] ContaminatedArea category patrol count: 0
14:09:58.926 [VehicleEnter] Player "Dan" (id=J3DN6WXzRjVAt4j_gUAEgL4v34hqtXpOtTWQ5nCMCS0=) entered vehicle Mh-6 Little Bird (id=DE66DCF14546B8D9E1782E8D463CAF7D pos=<8167.26, 205.96, 10900.2>) as pilot
14:10:10.152 [VehicleLeave] Player "Dan" (id=J3DN6WXzRjVAt4j_gUAEgL4v34hqtXpOtTWQ5nCMCS0=) left vehicle Mh-6 Little Bird (id=DE66DCF14546B8D9E1782E8D463CAF7D pos=<8167.05, 205.96, 10900.2>)
14:16:22.759 [VehicleEnter] Player "Dan" (id=J3DN6WXzRjVAt4j_gUAEgL4v34hqtXpOtTWQ5nCMCS0=) entered vehicle Mh-6 Little Bird (id=DE66DCF14546B8D9E1782E8D463CAF7D pos=<8167.01, 205.96, 10900.2>) as pilot
14:16:25.488 [VehicleLeave] Player "Dan" (id=J3DN6WXzRjVAt4j_gUAEgL4v34hqtXpOtTWQ5nCMCS0=) left vehicle Mh-6 Little Bird (id=DE66DCF14546B8D9E1782E8D463CAF7D pos=<8166.95, 205.96, 10900.2>)
14:16:29.461 [VehicleEnter] Player "Dan" (id=J3DN6WXzRjVAt4j_gUAEgL4v34hqtXpOtTWQ5nCMCS0=) entered vehicle Mh-6 Little Bird (id=DE66DCF14546B8D9E1782E8D463CAF7D pos=<8166.91, 205.96, 10900.2>) as pilot
14:16:31.358 [VehicleEngine] Player "Dan" (id=J3DN6WXzRjVAt4j_gUAEgL4v34hqtXpOtTWQ5nCMCS0=) started vehicle Mh-6 Little Bird (id=DE66DCF14546B8D9E1782E8D463CAF7D pos=<8166.92, 205.96, 10900.2>)
14:18:03.899 [AI Patrol 00019] Spawning 2 East bots at <9426.229492, 217.720001, 10689.520508>
14:18:03.972 [AI Patrol 00019] Global patrol count: 1
14:18:04.068 [AI Patrol 00019] Patrol category patrol count: 1
14:22:48.995 [VehicleEngine] Player "Dan" (id=J3DN6WXzRjVAt4j_gUAEgL4v34hqtXpOtTWQ5nCMCS0=) stopped vehicle Mh-6 Little Bird (id=DE66DCF14546B8D9E1782E8D463CAF7D pos=<11530.1, 182.76, 9438.81>)
14:23:05.197 [VehicleLeave] Player "Dan" (id=J3DN6WXzRjVAt4j_gUAEgL4v34hqtXpOtTWQ5nCMCS0=) left vehicle Mh-6 Little Bird (id=DE66DCF14546B8D9E1782E8D463CAF7D pos=<11530.1, 182.76, 9438.81>)
14:28:46.617 [AI Patrol 00019] Despawning 2 East bots (spawn position <9426.229492, 217.720001, 10689.520508>, 0/2 deceased)
14:28:46.626 [AI Patrol 00019] Global patrol count: 0
14:28:46.636 [AI Patrol 00019] Patrol category patrol count: 0
14:35:59.435 [AI Object Patrol 00127] Spawning 3 West bots at <8952.431641, 449.424164, 1961.893799>
14:35:59.472 [AI Object Patrol 00127] Global patrol count: 1
14:35:59.482 [AI Object Patrol 00127] ContaminatedArea category patrol count: 1
14:42:24.966 [VehicleEnter] Player "Dan" (id=J3DN6WXzRjVAt4j_gUAEgL4v34hqtXpOtTWQ5nCMCS0=) entered vehicle Mh-6 Little Bird (id=DE66DCF14546B8D9E1782E8D463CAF7D pos=<11529.4, 182.75, 9439.27>) as pilot
14:42:28.067 [VehicleEngine] Player "Dan" (id=J3DN6WXzRjVAt4j_gUAEgL4v34hqtXpOtTWQ5nCMCS0=) started vehicle Mh-6 Little Bird (id=DE66DCF14546B8D9E1782E8D463CAF7D pos=<11529.4, 182.75, 9439.27>)
14:43:37.587 [VehicleEngine] Player "Dan" (id=J3DN6WXzRjVAt4j_gUAEgL4v34hqtXpOtTWQ5nCMCS0=) stopped vehicle Mh-6 Little Bird (id=DE66DCF14546B8D9E1782E8D463CAF7D pos=<11528.6, 182.74, 9435.76>)
14:43:42.126 [VehicleLeave] Player "Dan" (id=J3DN6WXzRjVAt4j_gUAEgL4v34hqtXpOtTWQ5nCMCS0=) left vehicle Mh-6 Little Bird (id=DE66DCF14546B8D9E1782E8D463CAF7D pos=<11528.6, 182.74, 9435.76>)
14:50:02.952 [Chat - Global]("Dan"(id=J3DN6WXzRjVAt4j_gUAEgL4v34hqtXpOtTWQ5nCMCS0=)): hi, thanks for the delivery !
14:50:46.921 [AI Object Patrol 00127] Despawning 3 West bots (spawn position <8952.431641, 449.424164, 1961.893799>, 0/3 deceased)
14:50:46.931 [AI Object Patrol 00127] Global patrol count: 0
14:50:46.940 [AI Object Patrol 00127] ContaminatedArea category patrol count: 0
14:57:17.258 [MissionAirdrop] An airdrop is heading towards "Nadbor" (pos=<5996.000000, 0.000000, 4513.000000> type=Random_Nadbor) with a ExpansionAirdropContainer
14:59:36.497 [AI Object Patrol 00139] Spawning 1 East bots at <8260.047852, 315.245209, 1180.171265>
14:59:36.535 [AI Object Patrol 00139] Global patrol count: 1
14:59:36.545 [AI Object Patrol 00139] HelicopterWreck category patrol count: 1
15:02:45.090 [VehicleEnter] Player "snake" (id=0nsyEhm9INQy3se8y-fXlbMHVv4YsIXloUCLC2unDyo=) entered vehicle Gyrocopter (id=961DFC0DD54BCF458A74E6A5EF960114 pos=<8341.52, 334.75, 1639.95>) as pilot
15:02:46.398 [VehicleEngine] Player "snake" (id=0nsyEhm9INQy3se8y-fXlbMHVv4YsIXloUCLC2unDyo=) started vehicle Gyrocopter (id=961DFC0DD54BCF458A74E6A5EF960114 pos=<8341.52, 334.75, 1639.94>)
15:03:26.428 [VehicleEngine] Player "NULL" (id=NULL) stopped vehicle Gyrocopter (id=961DFC0DD54BCF458A74E6A5EF960114 pos=<8293.7, 306.57, 1193.9>)
15:03:26.440 [VehicleLeave] Player "snake" (id=0nsyEhm9INQy3se8y-fXlbMHVv4YsIXloUCLC2unDyo=) left vehicle Gyrocopter (id=961DFC0DD54BCF458A74E6A5EF960114 pos=<8293.7, 306.57, 1193.9>)
15:06:51.343 [VehicleEnter] Player "snake" (id=0nsyEhm9INQy3se8y-fXlbMHVv4YsIXloUCLC2unDyo=) entered vehicle Gyrocopter (id=961DFC0DD54BCF458A74E6A5EF960114 pos=<8293.68, 306.58, 1193.89>) as pilot
15:06:52.663 [VehicleEngine] Player "snake" (id=0nsyEhm9INQy3se8y-fXlbMHVv4YsIXloUCLC2unDyo=) started vehicle Gyrocopter (id=961DFC0DD54BCF458A74E6A5EF960114 pos=<8293.68, 306.58, 1193.89>)
15:07:24.688 [VehicleDestroyed] Boat_01_Orange (id=4F4B159F9D4D231CC0C25BAA316B7FAC pos=<7925.44, 169.82, 11880.6>)
15:07:58.378 [VehicleEngine] Player "NULL" (id=NULL) stopped vehicle Gyrocopter (id=961DFC0DD54BCF458A74E6A5EF960114 pos=<8339.65, 334.75, 1643.26>)
15:07:58.417 [VehicleLeave] Player "snake" (id=0nsyEhm9INQy3se8y-fXlbMHVv4YsIXloUCLC2unDyo=) left vehicle Gyrocopter (id=961DFC0DD54BCF458A74E6A5EF960114 pos=<8339.65, 334.75, 1643.26>)
15:11:56.451 [VehicleEnter] Player "Dan" (id=J3DN6WXzRjVAt4j_gUAEgL4v34hqtXpOtTWQ5nCMCS0=) entered vehicle Mh-6 Little Bird (id=DE66DCF14546B8D9E1782E8D463CAF7D pos=<11528.6, 182.74, 9435.76>) as passenger
15:12:04.137 [VehicleLeave] Player "Dan" (id=J3DN6WXzRjVAt4j_gUAEgL4v34hqtXpOtTWQ5nCMCS0=) left vehicle Mh-6 Little Bird (id=DE66DCF14546B8D9E1782E8D463CAF7D pos=<11528.6, 182.74, 9435.76>)
15:12:05.147 [VehicleDestroyed] Boat_01_Black (id=6F70853F5C45887A5879FA960560C8C4 pos=<8423, 169.85, 11870.4>)
15:12:13.707 [VehicleEnter] Player "Dan" (id=J3DN6WXzRjVAt4j_gUAEgL4v34hqtXpOtTWQ5nCMCS0=) entered vehicle Mh-6 Little Bird (id=DE66DCF14546B8D9E1782E8D463CAF7D pos=<11528.6, 182.74, 9435.76>) as passenger
15:12:26.108 [VehicleLeave] Player "Dan" (id=J3DN6WXzRjVAt4j_gUAEgL4v34hqtXpOtTWQ5nCMCS0=) left vehicle Mh-6 Little Bird (id=DE66DCF14546B8D9E1782E8D463CAF7D pos=<11528.6, 182.74, 9435.76>)
15:12:44.392 [VehicleAttachments] Player "Dan" (id=J3DN6WXzRjVAt4j_gUAEgL4v34hqtXpOtTWQ5nCMCS0=) detached Mh-6 Front-Right Door (type=Expansion_Mh6_Door_1_2_Jeans) from vehicle Mh-6 Little Bird (id=DE66DCF14546B8D9E1782E8D463CAF7D pos=<11528.2, 182.73, 9436.05>)
15:13:42.992 [VehicleDeleted] Boat_01_Orange (id=4F4B159F9D4D231CC0C25BAA316B7FAC pos=<7925.42, 169.41, 11880.7>)
15:18:31.420 [VehicleDeleted] Boat_01_Black (id=6F70853F5C45887A5879FA960560C8C4 pos=<8422.98, 169.59, 11870.4>)
15:22:16.056 [AI Object Patrol 00139] Despawning 1 East bots (spawn position <8260.047852, 315.245209, 1180.171265>, 0/1 deceased)
15:22:16.065 [AI Object Patrol 00139] Global patrol count: 0
15:22:16.076 [AI Object Patrol 00139] HelicopterWreck category patrol count: 0
15:45:33.187 [VehicleEnter] Player "Dan" (id=J3DN6WXzRjVAt4j_gUAEgL4v34hqtXpOtTWQ5nCMCS0=) entered vehicle Mh-6 Little Bird (id=DE66DCF14546B8D9E1782E8D463CAF7D pos=<11525, 182.8, 9434.99>) as passenger
15:45:38.556 [VehicleLeave] Player "Dan" (id=J3DN6WXzRjVAt4j_gUAEgL4v34hqtXpOtTWQ5nCMCS0=) left vehicle Mh-6 Little Bird (id=DE66DCF14546B8D9E1782E8D463CAF7D pos=<11525, 182.8, 9434.99>)
15:46:01.011 [VehicleEnter] Player "Dan" (id=J3DN6WXzRjVAt4j_gUAEgL4v34hqtXpOtTWQ5nCMCS0=) entered vehicle Mh-6 Little Bird (id=DE66DCF14546B8D9E1782E8D463CAF7D pos=<11524.7, 182.81, 9434.56>) as passenger
15:46:23.664 [VehicleLeave] Player "Dan" (id=J3DN6WXzRjVAt4j_gUAEgL4v34hqtXpOtTWQ5nCMCS0=) left vehicle Mh-6 Little Bird (id=DE66DCF14546B8D9E1782E8D463CAF7D pos=<11524.7, 182.81, 9434.56>)
15:46:49.182 [VehicleEnter] Player "Dan" (id=J3DN6WXzRjVAt4j_gUAEgL4v34hqtXpOtTWQ5nCMCS0=) entered vehicle Mh-6 Little Bird (id=DE66DCF14546B8D9E1782E8D463CAF7D pos=<11524.8, 182.72, 9434.59>) as passenger
15:46:52.608 [VehicleLeave] Player "Dan" (id=J3DN6WXzRjVAt4j_gUAEgL4v34hqtXpOtTWQ5nCMCS0=) left vehicle Mh-6 Little Bird (id=DE66DCF14546B8D9E1782E8D463CAF7D pos=<11524.8, 182.72, 9434.59>)
15:47:13.202 [VehicleEnter] Player "Dan" (id=J3DN6WXzRjVAt4j_gUAEgL4v34hqtXpOtTWQ5nCMCS0=) entered vehicle Mh-6 Little Bird (id=DE66DCF14546B8D9E1782E8D463CAF7D pos=<11524.8, 182.72, 9434.59>) as passenger
15:47:22.355 [VehicleLeave] Player "Dan" (id=J3DN6WXzRjVAt4j_gUAEgL4v34hqtXpOtTWQ5nCMCS0=) left vehicle Mh-6 Little Bird (id=DE66DCF14546B8D9E1782E8D463CAF7D pos=<11524.8, 182.72, 9434.59>)
15:47:46.962 [VehicleEnter] Player "Dan" (id=J3DN6WXzRjVAt4j_gUAEgL4v34hqtXpOtTWQ5nCMCS0=) entered vehicle Mh-6 Little Bird (id=DE66DCF14546B8D9E1782E8D463CAF7D pos=<11524.7, 182.72, 9434.68>) as pilot
15:47:48.977 [VehicleEngine] Player "Dan" (id=J3DN6WXzRjVAt4j_gUAEgL4v34hqtXpOtTWQ5nCMCS0=) started vehicle Mh-6 Little Bird (id=DE66DCF14546B8D9E1782E8D463CAF7D pos=<11524.7, 182.72, 9434.68>)
15:53:29.778 [VehicleEngine] Player "Dan" (id=J3DN6WXzRjVAt4j_gUAEgL4v34hqtXpOtTWQ5nCMCS0=) stopped vehicle Mh-6 Little Bird (id=DE66DCF14546B8D9E1782E8D463CAF7D pos=<11531.3, 181.67, 9431.02>)
15:53:34.395 [VehicleLeave] Player "Dan" (id=J3DN6WXzRjVAt4j_gUAEgL4v34hqtXpOtTWQ5nCMCS0=) left vehicle Mh-6 Little Bird (id=DE66DCF14546B8D9E1782E8D463CAF7D pos=<11531.3, 181.67, 9431.04>)
15:56:02.892 [VehicleEnter] Player "Dan" (id=J3DN6WXzRjVAt4j_gUAEgL4v34hqtXpOtTWQ5nCMCS0=) entered vehicle Mh-6 Little Bird (id=DE66DCF14546B8D9E1782E8D463CAF7D pos=<11531.1, 181.64, 9431.29>) as pilot
15:56:05.676 [VehicleLeave] Player "Dan" (id=J3DN6WXzRjVAt4j_gUAEgL4v34hqtXpOtTWQ5nCMCS0=) left vehicle Mh-6 Little Bird (id=DE66DCF14546B8D9E1782E8D463CAF7D pos=<11531.1, 181.64, 9431.34>)
15:56:57.059 [VehicleDestroyed] Boat_01_Blue (id=A9F2923FB64C07A3A5894D9F9818DD11 pos=<11239.5, 169.71, 11244.7>)
15:59:45.840 [VehicleEnter] Player "Dan" (id=J3DN6WXzRjVAt4j_gUAEgL4v34hqtXpOtTWQ5nCMCS0=) entered vehicle Mh-6 Little Bird (id=DE66DCF14546B8D9E1782E8D463CAF7D pos=<11531.1, 181.64, 9431.37>) as pilot
15:59:49.644 [VehicleLeave] Player "Dan" (id=J3DN6WXzRjVAt4j_gUAEgL4v34hqtXpOtTWQ5nCMCS0=) left vehicle Mh-6 Little Bird (id=DE66DCF14546B8D9E1782E8D463CAF7D pos=<11531.1, 181.63, 9431.42>)
16:03:27.938 [VehicleDeleted] Boat_01_Blue (id=A9F2923FB64C07A3A5894D9F9818DD11 pos=<11239.5, 169.35, 11244.6>)
16:03:36.831 [VehicleEnter] Player "Dan" (id=J3DN6WXzRjVAt4j_gUAEgL4v34hqtXpOtTWQ5nCMCS0=) entered vehicle Mh-6 Little Bird (id=DE66DCF14546B8D9E1782E8D463CAF7D pos=<11530.3, 181.6, 9430.79>) as pilot
16:03:39.000 [VehicleEngine] Player "Dan" (id=J3DN6WXzRjVAt4j_gUAEgL4v34hqtXpOtTWQ5nCMCS0=) started vehicle Mh-6 Little Bird (id=DE66DCF14546B8D9E1782E8D463CAF7D pos=<11530.2, 181.61, 9430.78>)
16:03:47.120 [VehicleEngine] Player "Dan" (id=J3DN6WXzRjVAt4j_gUAEgL4v34hqtXpOtTWQ5nCMCS0=) stopped vehicle Mh-6 Little Bird (id=DE66DCF14546B8D9E1782E8D463CAF7D pos=<11530.2, 181.6, 9430.77>)
16:03:53.078 [VehicleLeave] Player "Dan" (id=J3DN6WXzRjVAt4j_gUAEgL4v34hqtXpOtTWQ5nCMCS0=) left vehicle Mh-6 Little Bird (id=DE66DCF14546B8D9E1782E8D463CAF7D pos=<11530.1, 181.6, 9430.74>)
16:04:16.651 [VehicleEnter] Player "Dan" (id=J3DN6WXzRjVAt4j_gUAEgL4v34hqtXpOtTWQ5nCMCS0=) entered vehicle Mh-6 Little Bird (id=DE66DCF14546B8D9E1782E8D463CAF7D pos=<11529.5, 181.58, 9430.46>) as pilot
16:04:18.036 [VehicleEngine] Player "Dan" (id=J3DN6WXzRjVAt4j_gUAEgL4v34hqtXpOtTWQ5nCMCS0=) started vehicle Mh-6 Little Bird (id=DE66DCF14546B8D9E1782E8D463CAF7D pos=<11529.5, 181.58, 9430.43>)
16:07:23.424 [AI Object Patrol 00148] Spawning 1 East bots at <8345.242188, 288.091095, 9143.187500>
16:07:23.471 [AI Object Patrol 00148] Global patrol count: 1
16:07:23.482 [AI Object Patrol 00148] HelicopterWreck category patrol count: 1
16:11:05.793 [VehicleEngine] Player "Dan" (id=J3DN6WXzRjVAt4j_gUAEgL4v34hqtXpOtTWQ5nCMCS0=) stopped vehicle Mh-6 Little Bird (id=DE66DCF14546B8D9E1782E8D463CAF7D pos=<7781.28, 321.14, 9775.88>)
16:11:16.610 [VehicleEngine] Player "Dan" (id=J3DN6WXzRjVAt4j_gUAEgL4v34hqtXpOtTWQ5nCMCS0=) started vehicle Mh-6 Little Bird (id=DE66DCF14546B8D9E1782E8D463CAF7D pos=<7780.91, 321.69, 9773.16>)
16:13:24.988 [VehicleEngine] Player "NULL" (id=NULL) stopped vehicle Mh-6 Little Bird (id=DE66DCF14546B8D9E1782E8D463CAF7D pos=<7781.99, 321.03, 9777.63>)
16:13:25.493 [VehicleLeave] Player "Dan" (id=J3DN6WXzRjVAt4j_gUAEgL4v34hqtXpOtTWQ5nCMCS0=) left vehicle Mh-6 Little Bird (id=DE66DCF14546B8D9E1782E8D463CAF7D pos=<7782.47, 321.03, 9776.69>)
16:22:50.373 [VehicleEnter] Player "Dan" (id=J3DN6WXzRjVAt4j_gUAEgL4v34hqtXpOtTWQ5nCMCS0=) entered vehicle Mh-6 Little Bird (id=DE66DCF14546B8D9E1782E8D463CAF7D pos=<7785.04, 320.39, 9779.98>) as passenger
16:22:54.400 [VehicleLeave] Player "Dan" (id=J3DN6WXzRjVAt4j_gUAEgL4v34hqtXpOtTWQ5nCMCS0=) left vehicle Mh-6 Little Bird (id=DE66DCF14546B8D9E1782E8D463CAF7D pos=<7785.04, 320.39, 9779.98>)
16:23:00.324 [VehicleEnter] Player "Dan" (id=J3DN6WXzRjVAt4j_gUAEgL4v34hqtXpOtTWQ5nCMCS0=) entered vehicle Mh-6 Little Bird (id=DE66DCF14546B8D9E1782E8D463CAF7D pos=<7785.04, 320.39, 9779.98>) as passenger
16:23:03.250 [VehicleLeave] Player "Dan" (id=J3DN6WXzRjVAt4j_gUAEgL4v34hqtXpOtTWQ5nCMCS0=) left vehicle Mh-6 Little Bird (id=DE66DCF14546B8D9E1782E8D463CAF7D pos=<7785.04, 320.39, 9779.98>)
16:23:49.586 [MissionAirdrop] An airdrop is heading towards "Nadbor" (pos=<5996.000000, 0.000000, 4513.000000> type=Random_Nadbor) with a ExpansionAirdropContainer
16:25:11.078 [VehicleEnter] Player "Dan" (id=J3DN6WXzRjVAt4j_gUAEgL4v34hqtXpOtTWQ5nCMCS0=) entered vehicle Mh-6 Little Bird (id=DE66DCF14546B8D9E1782E8D463CAF7D pos=<7779.59, 320.38, 9779.84>) as passenger
16:25:18.279 [VehicleLeave] Player "Dan" (id=J3DN6WXzRjVAt4j_gUAEgL4v34hqtXpOtTWQ5nCMCS0=) left vehicle Mh-6 Little Bird (id=DE66DCF14546B8D9E1782E8D463CAF7D pos=<7779.59, 320.38, 9779.84>)
16:26:03.339 [VehicleEnter] Player "Dan" (id=J3DN6WXzRjVAt4j_gUAEgL4v34hqtXpOtTWQ5nCMCS0=) entered vehicle Mh-6 Little Bird (id=DE66DCF14546B8D9E1782E8D463CAF7D pos=<7779.81, 320.38, 9779.53>) as passenger
16:26:07.442 [VehicleLeave] Player "Dan" (id=J3DN6WXzRjVAt4j_gUAEgL4v34hqtXpOtTWQ5nCMCS0=) left vehicle Mh-6 Little Bird (id=DE66DCF14546B8D9E1782E8D463CAF7D pos=<7779.81, 320.38, 9779.53>)
16:26:19.388 [VehicleEnter] Player "Dan" (id=J3DN6WXzRjVAt4j_gUAEgL4v34hqtXpOtTWQ5nCMCS0=) entered vehicle Mh-6 Little Bird (id=DE66DCF14546B8D9E1782E8D463CAF7D pos=<7779.81, 320.38, 9779.53>) as pilot
16:26:23.236 [VehicleEngine] Player "Dan" (id=J3DN6WXzRjVAt4j_gUAEgL4v34hqtXpOtTWQ5nCMCS0=) started vehicle Mh-6 Little Bird (id=DE66DCF14546B8D9E1782E8D463CAF7D pos=<7779.81, 320.38, 9779.53>)
16:28:26.153 [VehicleEngine] Player "Dan" (id=J3DN6WXzRjVAt4j_gUAEgL4v34hqtXpOtTWQ5nCMCS0=) stopped vehicle Mh-6 Little Bird (id=DE66DCF14546B8D9E1782E8D463CAF7D pos=<7777.89, 319.06, 9779.63>)
16:28:30.341 [VehicleLeave] Player "Dan" (id=J3DN6WXzRjVAt4j_gUAEgL4v34hqtXpOtTWQ5nCMCS0=) left vehicle Mh-6 Little Bird (id=DE66DCF14546B8D9E1782E8D463CAF7D pos=<7777.89, 319.06, 9779.63>)
16:29:22.407 [VehicleEnter] Player "Dan" (id=J3DN6WXzRjVAt4j_gUAEgL4v34hqtXpOtTWQ5nCMCS0=) entered vehicle Mh-6 Little Bird (id=DE66DCF14546B8D9E1782E8D463CAF7D pos=<7777.89, 319.06, 9779.63>) as pilot
16:29:25.882 [VehicleEngine] Player "Dan" (id=J3DN6WXzRjVAt4j_gUAEgL4v34hqtXpOtTWQ5nCMCS0=) started vehicle Mh-6 Little Bird (id=DE66DCF14546B8D9E1782E8D463CAF7D pos=<7777.89, 319.06, 9779.63>)
16:30:45.088 [AI Object Patrol 00148] Despawning 1 East bots (spawn position <8345.242188, 288.091095, 9143.187500>, 0/1 deceased)
16:30:45.098 [AI Object Patrol 00148] Global patrol count: 0
16:30:45.108 [AI Object Patrol 00148] HelicopterWreck category patrol count: 0
16:31:53.981 [VehicleEngine] Player "NULL" (id=NULL) stopped vehicle Mh-6 Little Bird (id=DE66DCF14546B8D9E1782E8D463CAF7D pos=<6533.02, 228.27, 8364.56>)
