19:49:21.533 [AI Object Patrol 00005] Spawning 3 East bots at <8487.206055, 386.301544, 2841.090332>
19:49:30.314 [AI Object Patrol 00005] Global patrol count: 1
19:49:30.325 [AI Object Patrol 00005] HelicopterWreck category patrol count: 1
19:49:30.336 [AI Patrol 00016] Spawning 3 East bots at <7378.879395, 288.183167, 2571.082764>
19:49:30.368 [AI Patrol 00016] Global patrol count: 2
19:49:30.379 [AI Patrol 00016] Patrol category patrol count: 1
19:49:30.391 [AI Patrol 00017] Spawning 2 West bots at <7454.337402, 318.678345, 2711.950684>
19:49:30.425 [AI Patrol 00017] Global patrol count: 3
19:49:30.436 [AI Patrol 00017] Patrol category patrol count: 2
19:54:18.979 [AI Patrol 00017] West bots were wiped out (spawn position <7454.337402, 318.678345, 2711.950684>, 2/2 deceased)
19:54:18.989 [AI Patrol 00017] Global patrol count: 2
19:54:18.999 [AI Patrol 00017] Patrol category patrol count: 1
19:56:28.484 [Chat - Global]("Snake"(id=0nsyEhm9INQy3se8y-fXlbMHVv4YsIXloUCLC2unDyo=)): you check out bunker yet?
19:56:41.055 [Chat - Global]("Saint"(id=f-_TR5GiRJHALUs-Bpx5ZJmLko5lr6ptvdfijtGV8Dw=)): nope
19:56:52.801 [Chat - Global]("Saint"(id=f-_TR5GiRJHALUs-Bpx5ZJmLko5lr6ptvdfijtGV8Dw=)): dont have the stuff for it
19:57:16.820 [Chat - Global]("Snake"(id=0nsyEhm9INQy3se8y-fXlbMHVv4YsIXloUCLC2unDyo=)): ill be on the lookout for the key
19:59:08.796 [AI Patrol 00016] East bots were wiped out (spawn position <7378.879395, 288.183167, 2571.082764>, 3/3 deceased)
19:59:08.806 [AI Patrol 00016] Global patrol count: 1
19:59:08.816 [AI Patrol 00016] Patrol category patrol count: 0
20:01:21.630 [VehicleEnter] Player "Mr. Blue" (id=Lw52hZyZO7pZP21eLhjYCVUz5rrRVAodhUgchUxGS8A=) entered vehicle Gyrocopter (id=6E84FF65E84850C42793EBBBEF7D8F7C pos=<10336.6, 224, 5906.47>) as pilot
20:01:23.161 [VehicleEngine] Player "Mr. Blue" (id=Lw52hZyZO7pZP21eLhjYCVUz5rrRVAodhUgchUxGS8A=) started vehicle Gyrocopter (id=6E84FF65E84850C42793EBBBEF7D8F7C pos=<10336.6, 224, 5906.5>)
20:02:33.500 [AI Object Patrol 00024] Spawning 2 East bots at <8234.277344, 283.020477, 6022.563965>
20:02:33.522 [AI Object Patrol 00024] Global patrol count: 2
20:02:33.532 [AI Object Patrol 00024] HelicopterWreck category patrol count: 2
20:02:50.388 [AI Object Patrol 00012] Spawning 2 West bots at <7745.925781, 245.729828, 5940.767578>
20:02:50.429 [AI Object Patrol 00012] Global patrol count: 3
20:02:50.442 [AI Object Patrol 00012] ContaminatedArea category patrol count: 1
20:02:50.801 [AI Object Patrol 00010] Spawning 3 West bots at <7807.977539, 243.628220, 5800.188477>
20:02:50.831 [AI Object Patrol 00010] Global patrol count: 4
20:02:50.849 [AI Object Patrol 00010] ContaminatedArea category patrol count: 2
20:04:39.450 [AI Object Patrol 00025] Spawning 1 East bots at <11286.420898, 324.081390, 3894.310791>
20:04:39.482 [AI Object Patrol 00025] Global patrol count: 5
20:04:39.492 [AI Object Patrol 00025] HelicopterWreck category patrol count: 3
20:05:02.341 [AI Object Patrol 00005] Despawning 3 East bots (spawn position <8487.206055, 386.301544, 2841.090332>, 0/3 deceased)
20:05:02.351 [AI Object Patrol 00005] Global patrol count: 4
20:05:02.360 [AI Object Patrol 00005] HelicopterWreck category patrol count: 2
20:05:56.138 [VehicleEngine] Player "NULL" (id=NULL) stopped vehicle Gyrocopter (id=6E84FF65E84850C42793EBBBEF7D8F7C pos=<11252.9, 362.7, 4201.42>)
20:05:56.198 [VehicleLeave] Player "Mr. Blue" (id=Lw52hZyZO7pZP21eLhjYCVUz5rrRVAodhUgchUxGS8A=) left vehicle Gyrocopter (id=6E84FF65E84850C42793EBBBEF7D8F7C pos=<11252.9, 362.7, 4201.42>)
20:06:34.177 [AI Object Patrol 00024] East bots were wiped out (spawn position <8234.277344, 283.020477, 6022.563965>, 2/2 deceased)
20:06:34.187 [AI Object Patrol 00024] Global patrol count: 3
20:06:34.197 [AI Object Patrol 00024] HelicopterWreck category patrol count: 1
20:07:54.531 [AI Object Patrol 00025] East bots were wiped out (spawn position <11286.420898, 324.081390, 3894.310791>, 1/1 deceased)
20:07:54.541 [AI Object Patrol 00025] Global patrol count: 2
20:07:54.551 [AI Object Patrol 00025] HelicopterWreck category patrol count: 0
20:08:16.365 [VehicleEnter] Player "Mr. Blue" (id=Lw52hZyZO7pZP21eLhjYCVUz5rrRVAodhUgchUxGS8A=) entered vehicle Gyrocopter (id=6E84FF65E84850C42793EBBBEF7D8F7C pos=<11252.9, 362.7, 4201.42>) as pilot
20:08:26.236 [Chat - Global]("Mr. Blue"(id=Lw52hZyZO7pZP21eLhjYCVUz5rrRVAodhUgchUxGS8A=)): Nice job on the stamina change if you are here Snake
20:08:28.715 [VehicleEngine] Player "Mr. Blue" (id=Lw52hZyZO7pZP21eLhjYCVUz5rrRVAodhUgchUxGS8A=) started vehicle Gyrocopter (id=6E84FF65E84850C42793EBBBEF7D8F7C pos=<11252.9, 362.7, 4201.42>)
20:09:09.539 [VehicleEngine] Player "NULL" (id=NULL) stopped vehicle Gyrocopter (id=6E84FF65E84850C42793EBBBEF7D8F7C pos=<11277.4, 324.38, 3914.82>)
20:09:09.679 [VehicleLeave] Player "Mr. Blue" (id=Lw52hZyZO7pZP21eLhjYCVUz5rrRVAodhUgchUxGS8A=) left vehicle Gyrocopter (id=6E84FF65E84850C42793EBBBEF7D8F7C pos=<11277.4, 324.38, 3914.82>)
20:10:07.105 [Chat - Global]("Snake"(id=0nsyEhm9INQy3se8y-fXlbMHVv4YsIXloUCLC2unDyo=)): yessir!
20:10:09.002 [VehicleEnter] Player "Mr. Blue" (id=Lw52hZyZO7pZP21eLhjYCVUz5rrRVAodhUgchUxGS8A=) entered vehicle Gyrocopter (id=6E84FF65E84850C42793EBBBEF7D8F7C pos=<11277.3, 324.36, 3914.42>) as pilot
20:10:09.675 [Chat - Global]("Snake"(id=0nsyEhm9INQy3se8y-fXlbMHVv4YsIXloUCLC2unDyo=)): thanks man
20:10:10.503 [VehicleEngine] Player "Mr. Blue" (id=Lw52hZyZO7pZP21eLhjYCVUz5rrRVAodhUgchUxGS8A=) started vehicle Gyrocopter (id=6E84FF65E84850C42793EBBBEF7D8F7C pos=<11277.3, 324.36, 3914.41>)
20:10:18.128 [Chat - Global]("Snake"(id=0nsyEhm9INQy3se8y-fXlbMHVv4YsIXloUCLC2unDyo=)): dude i figured out how to spawn in territory!
20:10:24.570 [Chat - Global]("Mr. Blue"(id=Lw52hZyZO7pZP21eLhjYCVUz5rrRVAodhUgchUxGS8A=)): Nice!
20:10:42.672 [Chat - Global]("Snake"(id=0nsyEhm9INQy3se8y-fXlbMHVv4YsIXloUCLC2unDyo=)): will be on the next restart
20:10:44.715 [Chat - Global]("Saint"(id=f-_TR5GiRJHALUs-Bpx5ZJmLko5lr6ptvdfijtGV8Dw=)): niceee how?
20:10:58.036 [Chat - Global]("Snake"(id=0nsyEhm9INQy3se8y-fXlbMHVv4YsIXloUCLC2unDyo=)): make a flag pole, and when you die youll have the option!
20:11:05.296 [Chat - Global]("Saint"(id=f-_TR5GiRJHALUs-Bpx5ZJmLko5lr6ptvdfijtGV8Dw=)): hell yea
20:11:05.459 [Chat - Global]("Mr. Blue"(id=Lw52hZyZO7pZP21eLhjYCVUz5rrRVAodhUgchUxGS8A=)): That kicks ass
20:11:06.923 [Chat - Global]("Snake"(id=0nsyEhm9INQy3se8y-fXlbMHVv4YsIXloUCLC2unDyo=)): thats how i think itll work
20:11:14.266 [Chat - Global]("Snake"(id=0nsyEhm9INQy3se8y-fXlbMHVv4YsIXloUCLC2unDyo=)): can we try it? haha
20:11:22.034 [Chat - Global]("Snake"(id=0nsyEhm9INQy3se8y-fXlbMHVv4YsIXloUCLC2unDyo=)): XD
20:11:30.934 [Chat - Global]("Mr. Blue"(id=Lw52hZyZO7pZP21eLhjYCVUz5rrRVAodhUgchUxGS8A=)): We'll make my AI adventures more adventurous
20:11:33.083 [AI Object Patrol 00029] Spawning 1 East bots at <12292.517578, 297.890686, 6529.183105>
20:11:33.111 [AI Object Patrol 00029] Global patrol count: 3
20:11:33.121 [AI Object Patrol 00029] HelicopterWreck category patrol count: 1
20:11:54.088 [Chat - Global]("Snake"(id=0nsyEhm9INQy3se8y-fXlbMHVv4YsIXloUCLC2unDyo=)): yeah dude this is huge for me too, can venture into the wilderness 
20:13:01.545 [VehicleEngine] Player "NULL" (id=NULL) stopped vehicle Gyrocopter (id=6E84FF65E84850C42793EBBBEF7D8F7C pos=<12299.3, 300.01, 6592.54>)
20:13:01.581 [VehicleLeave] Player "Mr. Blue" (id=Lw52hZyZO7pZP21eLhjYCVUz5rrRVAodhUgchUxGS8A=) left vehicle Gyrocopter (id=6E84FF65E84850C42793EBBBEF7D8F7C pos=<12299.3, 300.01, 6592.54>)
20:13:29.312 [AI Object Patrol 00012] Despawning 2 West bots (spawn position <7745.925781, 245.729828, 5940.767578>, 0/2 deceased)
20:13:29.322 [AI Object Patrol 00012] Global patrol count: 2
20:13:29.332 [AI Object Patrol 00012] ContaminatedArea category patrol count: 1
20:13:30.181 [AI Object Patrol 00010] Despawning 3 West bots (spawn position <7807.977539, 243.628220, 5800.188477>, 0/3 deceased)
20:13:30.191 [AI Object Patrol 00010] Global patrol count: 1
20:13:30.200 [AI Object Patrol 00010] ContaminatedArea category patrol count: 0
20:14:03.728 [AI Object Patrol 00029] East bots were wiped out (spawn position <12292.517578, 297.890686, 6529.183105>, 1/1 deceased)
20:14:03.739 [AI Object Patrol 00029] Global patrol count: 0
20:14:03.749 [AI Object Patrol 00029] HelicopterWreck category patrol count: 0
20:15:41.611 [VehicleEnter] Player "Mr. Blue" (id=Lw52hZyZO7pZP21eLhjYCVUz5rrRVAodhUgchUxGS8A=) entered vehicle Gyrocopter (id=6E84FF65E84850C42793EBBBEF7D8F7C pos=<12299.2, 299.99, 6592.37>) as pilot
20:15:59.968 [Chat - Global]("Mr. Blue"(id=Lw52hZyZO7pZP21eLhjYCVUz5rrRVAodhUgchUxGS8A=)): Some AI run out of ammo too quick. We'll be interesting when you figure them out
20:16:02.813 [VehicleEngine] Player "Mr. Blue" (id=Lw52hZyZO7pZP21eLhjYCVUz5rrRVAodhUgchUxGS8A=) started vehicle Gyrocopter (id=6E84FF65E84850C42793EBBBEF7D8F7C pos=<12299.2, 299.97, 6592.24>)
20:16:11.655 [Chat - Global]("Snake"(id=0nsyEhm9INQy3se8y-fXlbMHVv4YsIXloUCLC2unDyo=)): oh right, let me see what i can do about that
20:17:11.633 [Chat - Global]("Snake"(id=0nsyEhm9INQy3se8y-fXlbMHVv4YsIXloUCLC2unDyo=)): \
20:17:36.918 [AI Object Patrol 00030] Spawning 1 East bots at <9504.910156, 288.211884, 6854.590820>
20:17:36.944 [AI Object Patrol 00030] Global patrol count: 1
20:17:36.954 [AI Object Patrol 00030] HelicopterWreck category patrol count: 1
20:19:06.635 [VehicleEngine] Player "NULL" (id=NULL) stopped vehicle Gyrocopter (id=6E84FF65E84850C42793EBBBEF7D8F7C pos=<10338.4, 223.98, 5901.74>)
20:19:06.668 [VehicleLeave] Player "Mr. Blue" (id=Lw52hZyZO7pZP21eLhjYCVUz5rrRVAodhUgchUxGS8A=) left vehicle Gyrocopter (id=6E84FF65E84850C42793EBBBEF7D8F7C pos=<10338.4, 223.98, 5901.74>)
20:22:45.877 [BaseBuildingRaiding] ------------------------- Expansion Base Raiding Damage Report -------------------------
20:22:45.894 [BaseBuildingRaiding] Player "Mr. Blue" (id=Lw52hZyZO7pZP21eLhjYCVUz5rrRVAodhUgchUxGS8A= pos=<10349.2, 220.94, 5903.76>) damaged ExpansionWall6x3 at <10358.5, 217.68, 5905.94>
20:22:45.904 [BaseBuildingRaiding] They dealt 56.8178 * 1 = 56.8178 damage with SNAFU_Bullet_300ACC from SNAFU_M4300AC_10_GUN
20:22:45.920 [BaseBuildingRaiding] GlobalHealth hitpoints decreased from 30000 to 29943.2
20:22:45.938 [BaseBuildingRaiding] ----------------------------------------------------------------------------------------
20:22:52.998 [BaseBuildingRaiding] ------------------------- Expansion Base Raiding Damage Report -------------------------
20:22:53.008 [BaseBuildingRaiding] Player "Mr. Blue" (id=Lw52hZyZO7pZP21eLhjYCVUz5rrRVAodhUgchUxGS8A= pos=<10349.2, 220.94, 5903.76>) damaged ExpansionWall6x3 at <10358.5, 217.68, 5905.94>
20:22:53.018 [BaseBuildingRaiding] They dealt 56.8161 * 1 = 56.8161 damage with SNAFU_Bullet_300ACC from SNAFU_M4300AC_10_GUN
20:22:53.028 [BaseBuildingRaiding] GlobalHealth hitpoints decreased from 29943.2 to 29886.4
20:22:53.038 [BaseBuildingRaiding] ----------------------------------------------------------------------------------------
20:28:04.091 [AI Object Patrol 00030] Despawning 1 East bots (spawn position <9504.910156, 288.211884, 6854.590820>, 0/1 deceased)
20:28:04.101 [AI Object Patrol 00030] Global patrol count: 0
20:28:04.112 [AI Object Patrol 00030] HelicopterWreck category patrol count: 0
20:28:22.951 [AI Object Patrol 00024] Despawning 0 East bots (spawn position <8232.626953, 283.673798, 6032.329590>, 2/2 deceased)
20:28:23.063 [AI Object Patrol 00025] Despawning 0 East bots (spawn position <11281.752930, 324.480896, 3912.801514>, 1/1 deceased)
20:44:13.831 [AI Object Patrol 00029] Despawning 0 East bots (spawn position <12282.866211, 297.388977, 6523.936523>, 1/1 deceased)
20:44:53.192 [Chat - Global]("Snake"(id=0nsyEhm9INQy3se8y-fXlbMHVv4YsIXloUCLC2unDyo=)): im about to beef up the AI with gear
20:45:01.449 [Chat - Global]("Snake"(id=0nsyEhm9INQy3se8y-fXlbMHVv4YsIXloUCLC2unDyo=)): and make them actually worth killing
20:59:41.131 [Chat - Global]("Saint"(id=f-_TR5GiRJHALUs-Bpx5ZJmLko5lr6ptvdfijtGV8Dw=)): i wanna go home but my leg is in shambles
21:08:01.407 [Chat - Global]("Snake"(id=0nsyEhm9INQy3se8y-fXlbMHVv4YsIXloUCLC2unDyo=)): aw shit
21:08:02.895 [Chat - Global]("Snake"(id=0nsyEhm9INQy3se8y-fXlbMHVv4YsIXloUCLC2unDyo=)): wya
21:08:07.411 [Chat - Global]("Snake"(id=0nsyEhm9INQy3se8y-fXlbMHVv4YsIXloUCLC2unDyo=)): you broke it?
21:08:17.886 [Chat - Global]("Saint"(id=f-_TR5GiRJHALUs-Bpx5ZJmLko5lr6ptvdfijtGV8Dw=)): yea my health is flashin
21:08:24.625 [Chat - Global]("Snake"(id=0nsyEhm9INQy3se8y-fXlbMHVv4YsIXloUCLC2unDyo=)): awww shit
21:08:38.951 [Chat - Global]("Snake"(id=0nsyEhm9INQy3se8y-fXlbMHVv4YsIXloUCLC2unDyo=)): where you at?
21:08:47.549 [Chat - Global]("Snake"(id=0nsyEhm9INQy3se8y-fXlbMHVv4YsIXloUCLC2unDyo=)): you think you can make it?
21:09:00.898 [Chat - Global]("Saint"(id=f-_TR5GiRJHALUs-Bpx5ZJmLko5lr6ptvdfijtGV8Dw=)): ai factory by your place
21:09:17.568 [Chat - Global]("Snake"(id=0nsyEhm9INQy3se8y-fXlbMHVv4YsIXloUCLC2unDyo=)): the warzone?
21:09:17.850 [Chat - Global]("Saint"(id=f-_TR5GiRJHALUs-Bpx5ZJmLko5lr6ptvdfijtGV8Dw=)): between 
21:09:23.444 [Chat - Global]("Saint"(id=f-_TR5GiRJHALUs-Bpx5ZJmLko5lr6ptvdfijtGV8Dw=)): swarog
21:09:27.255 [Chat - Global]("Saint"(id=f-_TR5GiRJHALUs-Bpx5ZJmLko5lr6ptvdfijtGV8Dw=)): and rodna
21:09:29.812 [Chat - Global]("Saint"(id=f-_TR5GiRJHALUs-Bpx5ZJmLko5lr6ptvdfijtGV8Dw=)): yes
21:09:45.409 [Chat - Global]("Snake"(id=0nsyEhm9INQy3se8y-fXlbMHVv4YsIXloUCLC2unDyo=)): :x
21:09:55.078 [Chat - Global]("Snake"(id=0nsyEhm9INQy3se8y-fXlbMHVv4YsIXloUCLC2unDyo=)): god bless you my brother
21:09:58.860 [Chat - Global]("Snake"(id=0nsyEhm9INQy3se8y-fXlbMHVv4YsIXloUCLC2unDyo=)): i can go get you 
21:10:01.315 [Chat - Global]("Snake"(id=0nsyEhm9INQy3se8y-fXlbMHVv4YsIXloUCLC2unDyo=)): is it hot?
21:10:08.509 [Chat - Global]("Saint"(id=f-_TR5GiRJHALUs-Bpx5ZJmLko5lr6ptvdfijtGV8Dw=)): ive killed a bunch
21:11:07.856 [VehicleEnter] Player "Snake" (id=0nsyEhm9INQy3se8y-fXlbMHVv4YsIXloUCLC2unDyo=) entered vehicle Land Rover Defender (id=CBB2CDFD12489855DC685EBA5C9B2FF7 pos=<8347.71, 322.69, 1652.49>) as driver
21:11:11.853 [VehicleEngine] Player "Snake" (id=0nsyEhm9INQy3se8y-fXlbMHVv4YsIXloUCLC2unDyo=) started vehicle Land Rover Defender (id=CBB2CDFD12489855DC685EBA5C9B2FF7 pos=<8347.71, 322.69, 1652.49>)
21:11:16.662 [Chat - Global]("Saint"(id=f-_TR5GiRJHALUs-Bpx5ZJmLko5lr6ptvdfijtGV8Dw=)): cant escape with health flashing tho
21:11:23.442 [VehicleEngine] Player "NULL" (id=NULL) stopped vehicle Land Rover Defender (id=CBB2CDFD12489855DC685EBA5C9B2FF7 pos=<8329.62, 322.22, 1632.63>)
21:11:23.457 [VehicleLeave] Player "Snake" (id=0nsyEhm9INQy3se8y-fXlbMHVv4YsIXloUCLC2unDyo=) left vehicle Land Rover Defender (id=CBB2CDFD12489855DC685EBA5C9B2FF7 pos=<8329.62, 322.22, 1632.63>)
21:11:30.788 [VehicleEnter] Player "Snake" (id=0nsyEhm9INQy3se8y-fXlbMHVv4YsIXloUCLC2unDyo=) entered vehicle Land Rover Defender (id=CBB2CDFD12489855DC685EBA5C9B2FF7 pos=<8329.62, 322.22, 1632.63>) as driver
21:11:33.984 [VehicleEngine] Player "Snake" (id=0nsyEhm9INQy3se8y-fXlbMHVv4YsIXloUCLC2unDyo=) started vehicle Land Rover Defender (id=CBB2CDFD12489855DC685EBA5C9B2FF7 pos=<8329.62, 322.22, 1632.63>)
21:11:39.359 [Chat - Global]("Snake"(id=0nsyEhm9INQy3se8y-fXlbMHVv4YsIXloUCLC2unDyo=)): whic hfactory
21:11:46.826 [Chat - Global]("Snake"(id=0nsyEhm9INQy3se8y-fXlbMHVv4YsIXloUCLC2unDyo=)): im omw
21:12:29.048 [Chat - Global]("Saint"(id=f-_TR5GiRJHALUs-Bpx5ZJmLko5lr6ptvdfijtGV8Dw=)): sent pic in discord
21:14:26.917 [SpawnSelection] Player "Saint" (id=f-_TR5GiRJHALUs-Bpx5ZJmLko5lr6ptvdfijtGV8Dw=) spawned at <7341.450195, 318.128998, 2470.919922>
21:14:34.096 [Chat - Global]("Saint"(id=f-_TR5GiRJHALUs-Bpx5ZJmLko5lr6ptvdfijtGV8Dw=)): ai killed me lmao
21:14:40.469 [Chat - Global]("Saint"(id=f-_TR5GiRJHALUs-Bpx5ZJmLko5lr6ptvdfijtGV8Dw=)): also cant spawn in base
21:14:41.610 [Chat - Global]("Snake"(id=0nsyEhm9INQy3se8y-fXlbMHVv4YsIXloUCLC2unDyo=)): aw shit
21:14:47.608 [Chat - Global]("Snake"(id=0nsyEhm9INQy3se8y-fXlbMHVv4YsIXloUCLC2unDyo=)): oh we need restart for that
21:15:21.488 [Chat - Global]("Snake"(id=0nsyEhm9INQy3se8y-fXlbMHVv4YsIXloUCLC2unDyo=)): gonna head back to mine
21:17:19.769 [VehicleEngine] Player "NULL" (id=NULL) stopped vehicle Land Rover Defender (id=CBB2CDFD12489855DC685EBA5C9B2FF7 pos=<8323.53, 323.07, 1638.58>)
21:17:19.836 [VehicleLeave] Player "Snake" (id=0nsyEhm9INQy3se8y-fXlbMHVv4YsIXloUCLC2unDyo=) left vehicle Land Rover Defender (id=CBB2CDFD12489855DC685EBA5C9B2FF7 pos=<8323.53, 323.07, 1638.58>)
21:17:32.541 [VehicleEnter] Player "Snake" (id=0nsyEhm9INQy3se8y-fXlbMHVv4YsIXloUCLC2unDyo=) entered vehicle Land Rover Defender (id=CBB2CDFD12489855DC685EBA5C9B2FF7 pos=<8323.53, 323.07, 1638.58>) as driver
21:17:34.463 [VehicleEngine] Player "Snake" (id=0nsyEhm9INQy3se8y-fXlbMHVv4YsIXloUCLC2unDyo=) started vehicle Land Rover Defender (id=CBB2CDFD12489855DC685EBA5C9B2FF7 pos=<8323.53, 323.07, 1638.58>)
21:17:54.891 [VehicleEngine] Player "NULL" (id=NULL) stopped vehicle Land Rover Defender (id=CBB2CDFD12489855DC685EBA5C9B2FF7 pos=<8347.79, 322.69, 1652.41>)
21:17:54.975 [VehicleLeave] Player "Snake" (id=0nsyEhm9INQy3se8y-fXlbMHVv4YsIXloUCLC2unDyo=) left vehicle Land Rover Defender (id=CBB2CDFD12489855DC685EBA5C9B2FF7 pos=<8347.79, 322.69, 1652.41>)
21:19:59.741 [Chat - Global]("Snake"(id=0nsyEhm9INQy3se8y-fXlbMHVv4YsIXloUCLC2unDyo=)): did you have good loot?
21:20:04.117 [Chat - Global]("Saint (2)"(id=f-_TR5GiRJHALUs-Bpx5ZJmLko5lr6ptvdfijtGV8Dw=)): yea
21:20:10.677 [Chat - Global]("Snake"(id=0nsyEhm9INQy3se8y-fXlbMHVv4YsIXloUCLC2unDyo=)): where'd you respawn
21:20:16.016 [Chat - Global]("Saint (2)"(id=f-_TR5GiRJHALUs-Bpx5ZJmLko5lr6ptvdfijtGV8Dw=)): same place
21:20:21.413 [Chat - Global]("Saint (2)"(id=f-_TR5GiRJHALUs-Bpx5ZJmLko5lr6ptvdfijtGV8Dw=)): but backpack ruined
21:20:24.006 [Chat - Global]("Saint (2)"(id=f-_TR5GiRJHALUs-Bpx5ZJmLko5lr6ptvdfijtGV8Dw=)): and jacket
21:20:31.051 [Chat - Global]("Snake"(id=0nsyEhm9INQy3se8y-fXlbMHVv4YsIXloUCLC2unDyo=)): did you die inside the factory?
21:20:48.331 [Chat - Global]("Snake"(id=0nsyEhm9INQy3se8y-fXlbMHVv4YsIXloUCLC2unDyo=)): ill head over again, put all the stuff inside, and we bolt tf out of there
21:20:51.922 [Chat - Global]("Saint (2)"(id=f-_TR5GiRJHALUs-Bpx5ZJmLko5lr6ptvdfijtGV8Dw=)): yep bastard came inside
21:21:11.514 [VehicleEnter] Player "Snake" (id=0nsyEhm9INQy3se8y-fXlbMHVv4YsIXloUCLC2unDyo=) entered vehicle UAZ 469 Cargo Roofless (id=878B4C6AEE4146F4FCBF22A711F98754 pos=<8346.1, 322.82, 1654.47>) as driver
21:21:16.807 [VehicleEngine] Player "Snake" (id=0nsyEhm9INQy3se8y-fXlbMHVv4YsIXloUCLC2unDyo=) started vehicle UAZ 469 Cargo Roofless (id=878B4C6AEE4146F4FCBF22A711F98754 pos=<8346.1, 322.82, 1654.47>)
21:21:24.689 [VehicleEngine] Player "NULL" (id=NULL) stopped vehicle UAZ 469 Cargo Roofless (id=878B4C6AEE4146F4FCBF22A711F98754 pos=<8334.3, 322.5, 1640.63>)
21:21:24.705 [VehicleLeave] Player "Snake" (id=0nsyEhm9INQy3se8y-fXlbMHVv4YsIXloUCLC2unDyo=) left vehicle UAZ 469 Cargo Roofless (id=878B4C6AEE4146F4FCBF22A711F98754 pos=<8334.3, 322.5, 1640.63>)
21:21:30.003 [VehicleEnter] Player "Snake" (id=0nsyEhm9INQy3se8y-fXlbMHVv4YsIXloUCLC2unDyo=) entered vehicle UAZ 469 Cargo Roofless (id=878B4C6AEE4146F4FCBF22A711F98754 pos=<8334.3, 322.5, 1640.63>) as driver
21:21:31.864 [VehicleEngine] Player "Snake" (id=0nsyEhm9INQy3se8y-fXlbMHVv4YsIXloUCLC2unDyo=) started vehicle UAZ 469 Cargo Roofless (id=878B4C6AEE4146F4FCBF22A711F98754 pos=<8334.3, 322.5, 1640.63>)
21:21:37.727 [VehicleEngine] Player "NULL" (id=NULL) stopped vehicle UAZ 469 Cargo Roofless (id=878B4C6AEE4146F4FCBF22A711F98754 pos=<8329.19, 322.22, 1632.01>)
21:21:37.743 [VehicleLeave] Player "Snake" (id=0nsyEhm9INQy3se8y-fXlbMHVv4YsIXloUCLC2unDyo=) left vehicle UAZ 469 Cargo Roofless (id=878B4C6AEE4146F4FCBF22A711F98754 pos=<8329.19, 322.22, 1632.01>)
21:21:43.626 [VehicleEnter] Player "Snake" (id=0nsyEhm9INQy3se8y-fXlbMHVv4YsIXloUCLC2unDyo=) entered vehicle UAZ 469 Cargo Roofless (id=878B4C6AEE4146F4FCBF22A711F98754 pos=<8329.19, 322.22, 1632.01>) as driver
21:21:45.887 [VehicleEngine] Player "Snake" (id=0nsyEhm9INQy3se8y-fXlbMHVv4YsIXloUCLC2unDyo=) started vehicle UAZ 469 Cargo Roofless (id=878B4C6AEE4146F4FCBF22A711F98754 pos=<8329.19, 322.22, 1632.01>)
21:22:24.320 [Chat - Global]("Snake"(id=0nsyEhm9INQy3se8y-fXlbMHVv4YsIXloUCLC2unDyo=)): incoming
21:22:35.801 [Chat - Global]("Snake"(id=0nsyEhm9INQy3se8y-fXlbMHVv4YsIXloUCLC2unDyo=)): r u at body
21:22:43.068 [Chat - Global]("Saint (2)"(id=f-_TR5GiRJHALUs-Bpx5ZJmLko5lr6ptvdfijtGV8Dw=)): next to it
21:22:49.279 [Chat - Global]("Saint (2)"(id=f-_TR5GiRJHALUs-Bpx5ZJmLko5lr6ptvdfijtGV8Dw=)): health flashing again
21:23:58.976 [VehicleEngine] Player "Snake" (id=0nsyEhm9INQy3se8y-fXlbMHVv4YsIXloUCLC2unDyo=) stopped vehicle UAZ 469 Cargo Roofless (id=878B4C6AEE4146F4FCBF22A711F98754 pos=<7417.3, 287.04, 2592.34>)
21:24:09.164 [Chat - Global]("Saint (2)"(id=f-_TR5GiRJHALUs-Bpx5ZJmLko5lr6ptvdfijtGV8Dw=)): see you
21:24:11.058 [VehicleLeave] Player "Snake" (id=0nsyEhm9INQy3se8y-fXlbMHVv4YsIXloUCLC2unDyo=) left vehicle UAZ 469 Cargo Roofless (id=878B4C6AEE4146F4FCBF22A711F98754 pos=<7350.71, 287, 2588.89>)
21:24:48.988 [Chat - Global]("Snake"(id=0nsyEhm9INQy3se8y-fXlbMHVv4YsIXloUCLC2unDyo=)): they fucked the car
21:25:20.700 [Chat - Global]("Snake"(id=0nsyEhm9INQy3se8y-fXlbMHVv4YsIXloUCLC2unDyo=)): im in the factory
21:25:37.831 [SpawnSelection] Player "Saint (2)" (id=f-_TR5GiRJHALUs-Bpx5ZJmLko5lr6ptvdfijtGV8Dw=) spawned at <7322.479980, 289.510010, 2843.719971>
21:25:49.376 [Chat - Global]("Saint (2)"(id=f-_TR5GiRJHALUs-Bpx5ZJmLko5lr6ptvdfijtGV8Dw=)): welp died again back to factory 
21:26:56.446 [Chat - Global]("Snake"(id=0nsyEhm9INQy3se8y-fXlbMHVv4YsIXloUCLC2unDyo=)): i think im where you marked it
21:27:14.793 [Chat - Global]("Saint"(id=f-_TR5GiRJHALUs-Bpx5ZJmLko5lr6ptvdfijtGV8Dw=)): wait for me
21:27:26.468 [Chat - Global]("Snake"(id=0nsyEhm9INQy3se8y-fXlbMHVv4YsIXloUCLC2unDyo=)): im in the factory with the blue doors
21:28:05.354 [Chat - Global]("Snake"(id=0nsyEhm9INQy3se8y-fXlbMHVv4YsIXloUCLC2unDyo=)): i hear footsteps
21:28:06.825 [Chat - Global]("Saint"(id=f-_TR5GiRJHALUs-Bpx5ZJmLko5lr6ptvdfijtGV8Dw=)): trying to come back 
21:28:22.663 [Chat - Global]("Snake"(id=0nsyEhm9INQy3se8y-fXlbMHVv4YsIXloUCLC2unDyo=)): lemme know when youre next to it, use mic if you have one
21:28:53.297 [Chat - Global]("Snake"(id=0nsyEhm9INQy3se8y-fXlbMHVv4YsIXloUCLC2unDyo=)): theres an nbc
21:29:42.769 [Chat - Global]("Snake"(id=0nsyEhm9INQy3se8y-fXlbMHVv4YsIXloUCLC2unDyo=)): were you in the brick building
21:29:57.142 [Chat - Global]("Saint"(id=f-_TR5GiRJHALUs-Bpx5ZJmLko5lr6ptvdfijtGV8Dw=)): yes
21:30:26.685 [Chat - Global]("Saint"(id=f-_TR5GiRJHALUs-Bpx5ZJmLko5lr6ptvdfijtGV8Dw=)): nbc on my body
21:30:29.081 [Chat - Global]("Snake"(id=0nsyEhm9INQy3se8y-fXlbMHVv4YsIXloUCLC2unDyo=)): when you hear me
21:30:31.235 [Chat - Global]("Snake"(id=0nsyEhm9INQy3se8y-fXlbMHVv4YsIXloUCLC2unDyo=)): lemme know
