01:22:30.593 [AI Patrol 00016] Spawning 3 East bots at <7423.057129, 288.839996, 2548.454590>
01:22:30.627 [AI Patrol 00016] Global patrol count: 1
01:22:30.637 [AI Patrol 00016] Patrol category patrol count: 1
01:22:30.647 [AI Patrol 00017] Spawning 3 West bots at <7480.156250, 287.040009, 2552.380371>
01:22:30.688 [AI Patrol 00017] Global patrol count: 2
01:22:30.706 [AI Patrol 00017] Patrol category patrol count: 2
01:23:00.657 [Killfeed] AI Eva (West) got killed by AI Guo (East) with KA-101 from a distance of 6 m.
01:23:07.794 [Killfeed] AI Baty (West) got killed by AI Guo (East) with KA-101 from a distance of 4 m.
01:24:11.566 [Killfeed] AI Helga (East) got killed by AI Taiki (West) with M16-A2 from a distance of 15 m.
01:24:13.035 [Killfeed] AI Indar (East) got killed by AI Taiki (West) with M16-A2 from a distance of 3 m.
01:24:14.070 [Killfeed] AI Guo (East) got killed by AI Taiki (West) with M16-A2 from a distance of 3 m.
01:24:15.261 [AI Patrol 00016] East bots were wiped out (spawn position <7423.057129, 288.839996, 2548.454590>, 3/3 deceased)
01:24:15.271 [AI Patrol 00016] Global patrol count: 1
01:24:15.281 [AI Patrol 00016] Patrol category patrol count: 1
01:26:45.176 [MissionAirdrop] An airdrop is heading towards "Nadbor" (pos=<5996.000000, 0.000000, 4513.000000> type=Random_Nadbor) with a ExpansionAirdropContainer_Military
01:34:32.731 [AI Patrol 00018] Spawning 2 Civilian bots at <6530.541016, 383.001160, 3657.530273>
01:34:32.775 [AI Patrol 00018] Global patrol count: 2
01:34:32.795 [AI Patrol 00018] Patrol category patrol count: 2
01:45:31.050 [AI Patrol 00018] Despawning 2 Civilian bots (spawn position <6530.541016, 383.001160, 3657.530273>, 0/2 deceased)
01:45:31.060 [AI Patrol 00018] Global patrol count: 1
01:45:31.070 [AI Patrol 00018] Patrol category patrol count: 1
02:52:37.565 [MissionAirdrop] An airdrop is heading towards "Muratyn" (pos=<4559.000000, 0.000000, 6852.000000> type=Random_Muratyn) with a ExpansionAirdropContainer_Military
04:19:54.170 [MissionAirdrop] An airdrop is heading towards "Nadbor" (pos=<5996.000000, 0.000000, 4513.000000> type=Random_Nadbor) with a ExpansionAirdropContainer_Military
05:27:09.443 [VehicleEnter] Player "Bad Boy" (id=7EOOpe6Cv8QB45p22zWB29TPheQCYualmurDzSA3CR0=) entered vehicle Land Rover Defender (id=F14DA84150452B93C83C85BA2443F68D pos=<6093.58, 173.59, 10667.3>) as driver
05:27:12.006 [VehicleEngine] Player "Bad Boy" (id=7EOOpe6Cv8QB45p22zWB29TPheQCYualmurDzSA3CR0=) started vehicle Land Rover Defender (id=F14DA84150452B93C83C85BA2443F68D pos=<6093.58, 173.59, 10667.3>)
05:27:21.827 [VehicleEngine] Player "NULL" (id=NULL) stopped vehicle Land Rover Defender (id=F14DA84150452B93C83C85BA2443F68D pos=<6065.24, 173.43, 10689.5>)
05:27:21.869 [VehicleLeave] Player "Bad Boy" (id=7EOOpe6Cv8QB45p22zWB29TPheQCYualmurDzSA3CR0=) left vehicle Land Rover Defender (id=F14DA84150452B93C83C85BA2443F68D pos=<6065.22, 173.43, 10689.5>)
05:27:57.605 [VehicleEnter] Player "Bad Boy" (id=7EOOpe6Cv8QB45p22zWB29TPheQCYualmurDzSA3CR0=) entered vehicle Land Rover Defender (id=F14DA84150452B93C83C85BA2443F68D pos=<6065.18, 173.43, 10689.5>) as driver
05:28:00.217 [VehicleEngine] Player "Bad Boy" (id=7EOOpe6Cv8QB45p22zWB29TPheQCYualmurDzSA3CR0=) started vehicle Land Rover Defender (id=F14DA84150452B93C83C85BA2443F68D pos=<6065.18, 173.43, 10689.5>)
05:29:01.365 [AI Object Patrol 00013] Spawning 2 West bots at <4459.350586, 231.425598, 10520.645508>
05:29:01.407 [AI Object Patrol 00013] Global patrol count: 2
05:29:01.417 [AI Object Patrol 00013] ContaminatedArea category patrol count: 1
05:30:13.352 [VehicleEngine] Player "NULL" (id=NULL) stopped vehicle Land Rover Defender (id=F14DA84150452B93C83C85BA2443F68D pos=<5209.63, 192.66, 10467.5>)
05:30:13.384 [VehicleLeave] Player "Bad Boy" (id=7EOOpe6Cv8QB45p22zWB29TPheQCYualmurDzSA3CR0=) left vehicle Land Rover Defender (id=F14DA84150452B93C83C85BA2443F68D pos=<5209.63, 192.66, 10467.5>)
05:30:47.545 [VehicleEnter] Player "Bad Boy" (id=7EOOpe6Cv8QB45p22zWB29TPheQCYualmurDzSA3CR0=) entered vehicle Land Rover Defender (id=F14DA84150452B93C83C85BA2443F68D pos=<5209.63, 192.66, 10467.5>) as driver
05:31:02.795 [VehicleLeave] Player "Bad Boy" (id=7EOOpe6Cv8QB45p22zWB29TPheQCYualmurDzSA3CR0=) left vehicle Land Rover Defender (id=F14DA84150452B93C83C85BA2443F68D pos=<5209.63, 192.66, 10467.5>)
05:41:19.235 [AI Object Patrol 00013] Despawning 2 West bots (spawn position <4459.350586, 231.425598, 10520.645508>, 0/2 deceased)
05:41:19.245 [AI Object Patrol 00013] Global patrol count: 1
05:41:19.255 [AI Object Patrol 00013] ContaminatedArea category patrol count: 0
05:46:32.241 [MissionAirdrop] An airdrop is heading towards "Dolnik" (pos=<11491.000000, 0.000000, 763.000000> type=Random_Dolnik) with a ExpansionAirdropContainer_Basebuilding
