22:54:14.588 [AI Patrol 00017] Spawning 1 West bots at <7454.582520, 287.040009, 2580.763672>
22:54:22.384 [AI Patrol 00017] Global patrol count: 1
22:54:22.393 [AI Patrol 00017] Patrol category patrol count: 1
22:54:22.403 [AI Patrol 00016] Spawning 3 East bots at <7666.619629, 296.750000, 2721.133301>
22:54:22.437 [AI Patrol 00016] Global patrol count: 2
22:54:22.453 [AI Patrol 00016] Patrol category patrol count: 2
23:00:28.735 [VehicleDestroyed] Boat_01_Black (id=E8145AD4904E4DD62694529206C9F25C pos=<1200.77, 169.81, 7604.77>)
23:06:33.536 [VehicleDeleted] Boat_01_Black (id=E8145AD4904E4DD62694529206C9F25C pos=<1200.76, 169.81, 7604.76>)
23:09:14.786 [VehicleEnter] Player "PoiiZoner3" (id=cZC_vl4onJwtCEZaOtA89yPcwyGnN7Qy01WI28TQhbU=) entered vehicle Gunter 2 (id=509ACCA49543877D1C43A68CFCA4AB25 pos=<2935.2, 452.66, 1086.5>) as driver
23:09:17.891 [VehicleEngine] Player "PoiiZoner3" (id=cZC_vl4onJwtCEZaOtA89yPcwyGnN7Qy01WI28TQhbU=) started vehicle Gunter 2 (id=509ACCA49543877D1C43A68CFCA4AB25 pos=<2935.21, 452.66, 1086.49>)
23:13:59.124 [VehicleDestroyed] Boat_01_Blue (id=C36545A989421234F6EA449947769FAD pos=<11793.3, 169.9, 10939.1>)
23:19:29.332 [VehicleEngine] Player "NULL" (id=NULL) stopped vehicle Gunter 2 (id=509ACCA49543877D1C43A68CFCA4AB25 pos=<5120.88, 471.32, 1767.43>)
23:19:29.620 [VehicleLeave] Player "PoiiZoner3" (id=cZC_vl4onJwtCEZaOtA89yPcwyGnN7Qy01WI28TQhbU=) left vehicle Gunter 2 (id=509ACCA49543877D1C43A68CFCA4AB25 pos=<5120.88, 471.32, 1767.43>)
23:19:47.295 [VehicleDeleted] Boat_01_Blue (id=C36545A989421234F6EA449947769FAD pos=<11793.4, 169.79, 10939>)
23:20:18.598 [VehicleEnter] Player "PoiiZoner3" (id=cZC_vl4onJwtCEZaOtA89yPcwyGnN7Qy01WI28TQhbU=) entered vehicle Gunter 2 (id=509ACCA49543877D1C43A68CFCA4AB25 pos=<5120.88, 471.32, 1767.41>) as driver
23:20:21.689 [VehicleEngine] Player "PoiiZoner3" (id=cZC_vl4onJwtCEZaOtA89yPcwyGnN7Qy01WI28TQhbU=) started vehicle Gunter 2 (id=509ACCA49543877D1C43A68CFCA4AB25 pos=<5120.89, 471.32, 1767.36>)
23:21:18.816 [VehicleEngine] Player "PoiiZoner3" (id=cZC_vl4onJwtCEZaOtA89yPcwyGnN7Qy01WI28TQhbU=) stopped vehicle Gunter 2 (id=509ACCA49543877D1C43A68CFCA4AB25 pos=<5219.3, 491.94, 2157.15>)
23:21:21.595 [VehicleLeave] Player "PoiiZoner3" (id=cZC_vl4onJwtCEZaOtA89yPcwyGnN7Qy01WI28TQhbU=) left vehicle Gunter 2 (id=509ACCA49543877D1C43A68CFCA4AB25 pos=<5219.39, 491.93, 2157.15>)
23:40:55.639 [VehicleEnter] Player "PoiiZoner3" (id=cZC_vl4onJwtCEZaOtA89yPcwyGnN7Qy01WI28TQhbU=) entered vehicle Gunter 2 (id=509ACCA49543877D1C43A68CFCA4AB25 pos=<5219.47, 491.92, 2157.15>) as driver
23:41:02.647 [VehicleEngine] Player "PoiiZoner3" (id=cZC_vl4onJwtCEZaOtA89yPcwyGnN7Qy01WI28TQhbU=) started vehicle Gunter 2 (id=509ACCA49543877D1C43A68CFCA4AB25 pos=<5219.83, 491.88, 2157.18>)
23:43:56.870 [AI Object Patrol 00034] Spawning 3 West bots at <6104.977539, 386.575836, 4172.383301>
23:43:56.909 [AI Object Patrol 00034] Global patrol count: 3
23:43:56.921 [AI Object Patrol 00034] ContaminatedArea category patrol count: 1
23:43:58.649 [AI Patrol 00018] Spawning 1 Civilian bots at <6269.167969, 375.264557, 3869.792480>
23:43:58.826 [AI Patrol 00018] Global patrol count: 4
23:43:59.006 [AI Patrol 00018] Patrol category patrol count: 3
23:44:34.819 [VehicleEngine] Player "PoiiZoner3" (id=cZC_vl4onJwtCEZaOtA89yPcwyGnN7Qy01WI28TQhbU=) stopped vehicle Gunter 2 (id=509ACCA49543877D1C43A68CFCA4AB25 pos=<5567.61, 421.54, 3858.57>)
23:44:37.236 [VehicleLeave] Player "PoiiZoner3" (id=cZC_vl4onJwtCEZaOtA89yPcwyGnN7Qy01WI28TQhbU=) left vehicle Gunter 2 (id=509ACCA49543877D1C43A68CFCA4AB25 pos=<5567.61, 421.54, 3858.54>)
23:57:41.283 [AI Object Patrol 00036] Spawning 3 East bots at <8267.174805, 315.608917, 1172.800415>
23:57:41.319 [AI Object Patrol 00036] Global patrol count: 5
23:57:41.329 [AI Object Patrol 00036] HelicopterWreck category patrol count: 1
00:01:43.206 [VehicleEnter] Player "PoiiZoner3" (id=cZC_vl4onJwtCEZaOtA89yPcwyGnN7Qy01WI28TQhbU=) entered vehicle Gunter 2 (id=509ACCA49543877D1C43A68CFCA4AB25 pos=<5567.61, 421.54, 3858.51>) as driver
00:01:46.313 [VehicleEngine] Player "PoiiZoner3" (id=cZC_vl4onJwtCEZaOtA89yPcwyGnN7Qy01WI28TQhbU=) started vehicle Gunter 2 (id=509ACCA49543877D1C43A68CFCA4AB25 pos=<5567.61, 421.54, 3858.48>)
00:02:56.762 [VehicleEngine] Player "PoiiZoner3" (id=cZC_vl4onJwtCEZaOtA89yPcwyGnN7Qy01WI28TQhbU=) stopped vehicle Gunter 2 (id=509ACCA49543877D1C43A68CFCA4AB25 pos=<4963.72, 407.18, 3680.88>)
00:03:00.064 [VehicleLeave] Player "PoiiZoner3" (id=cZC_vl4onJwtCEZaOtA89yPcwyGnN7Qy01WI28TQhbU=) left vehicle Gunter 2 (id=509ACCA49543877D1C43A68CFCA4AB25 pos=<4963.67, 407.17, 3680.79>)
00:11:22.071 [AI Patrol 00018] Despawning 1 Civilian bots (spawn position <6269.167969, 375.264557, 3869.792480>, 0/1 deceased)
00:11:22.090 [AI Patrol 00018] Global patrol count: 4
00:11:22.102 [AI Patrol 00018] Patrol category patrol count: 2
00:12:21.888 [AI Object Patrol 00034] Despawning 3 West bots (spawn position <6104.977539, 386.575836, 4172.383301>, 0/3 deceased)
00:12:21.898 [AI Object Patrol 00034] Global patrol count: 3
00:12:21.908 [AI Object Patrol 00034] ContaminatedArea category patrol count: 0
00:18:58.830 [AI Object Patrol 00036] East bots were wiped out (spawn position <8267.174805, 315.608917, 1172.800415>, 3/3 deceased)
00:18:58.841 [AI Object Patrol 00036] Global patrol count: 2
00:18:58.852 [AI Object Patrol 00036] HelicopterWreck category patrol count: 0
00:19:35.547 [VehicleEnter] Player "snake" (id=0nsyEhm9INQy3se8y-fXlbMHVv4YsIXloUCLC2unDyo=) entered vehicle Gyrocopter (id=961DFC0DD54BCF458A74E6A5EF960114 pos=<8340.08, 334.75, 1644.36>) as pilot
00:19:36.762 [VehicleEngine] Player "snake" (id=0nsyEhm9INQy3se8y-fXlbMHVv4YsIXloUCLC2unDyo=) started vehicle Gyrocopter (id=961DFC0DD54BCF458A74E6A5EF960114 pos=<8340.08, 334.75, 1644.37>)
00:20:10.839 [VehicleEngine] Player "NULL" (id=NULL) stopped vehicle Gyrocopter (id=961DFC0DD54BCF458A74E6A5EF960114 pos=<8278.98, 306.77, 1211.52>)
00:20:10.873 [VehicleLeave] Player "snake" (id=0nsyEhm9INQy3se8y-fXlbMHVv4YsIXloUCLC2unDyo=) left vehicle Gyrocopter (id=961DFC0DD54BCF458A74E6A5EF960114 pos=<8278.98, 306.77, 1211.52>)
00:25:31.902 [VehicleEnter] Player "snake" (id=0nsyEhm9INQy3se8y-fXlbMHVv4YsIXloUCLC2unDyo=) entered vehicle Gyrocopter (id=961DFC0DD54BCF458A74E6A5EF960114 pos=<8278.98, 306.6, 1212.58>) as pilot
00:25:33.494 [VehicleEngine] Player "snake" (id=0nsyEhm9INQy3se8y-fXlbMHVv4YsIXloUCLC2unDyo=) started vehicle Gyrocopter (id=961DFC0DD54BCF458A74E6A5EF960114 pos=<8278.98, 306.6, 1212.6>)
00:27:51.699 [VehicleEngine] Player "snake" (id=0nsyEhm9INQy3se8y-fXlbMHVv4YsIXloUCLC2unDyo=) stopped vehicle Gyrocopter (id=961DFC0DD54BCF458A74E6A5EF960114 pos=<8343.08, 334.75, 1640.78>)
00:27:55.312 [VehicleLeave] Player "snake" (id=0nsyEhm9INQy3se8y-fXlbMHVv4YsIXloUCLC2unDyo=) left vehicle Gyrocopter (id=961DFC0DD54BCF458A74E6A5EF960114 pos=<8343.08, 334.75, 1640.81>)
00:29:32.691 [AI Patrol 00016] East bots were wiped out (spawn position <7666.619629, 296.750000, 2721.133301>, 3/3 deceased)
00:29:32.702 [AI Patrol 00016] Global patrol count: 1
00:29:32.712 [AI Patrol 00016] Patrol category patrol count: 1
00:32:42.035 [BaseBuildingRaiding] ------------------------- Expansion Base Raiding Damage Report -------------------------
00:32:42.046 [BaseBuildingRaiding] Player "snake" (id=0nsyEhm9INQy3se8y-fXlbMHVv4YsIXloUCLC2unDyo= pos=<8348.35, 335.27, 1638.33>) damaged ExpansionWall6x3 at <8349.58, 334.46, 1637.91>
00:32:42.056 [BaseBuildingRaiding] They dealt 80 * 1 = 80 damage with Bullet_762x39 from AKM
00:32:42.067 [BaseBuildingRaiding] GlobalHealth hitpoints decreased from 29797 to 29717
00:32:42.077 [BaseBuildingRaiding] ----------------------------------------------------------------------------------------
00:41:01.872 [VehicleDestroyed] Boat_01_Black (id=D4EC372BBE4D9E92366758824DE22AC3 pos=<5755.07, 169.7, 10175.6>)
00:41:42.983 [AI Object Patrol 00036] Despawning 0 East bots (spawn position <8255.486328, 317.297943, 1174.073486>, 3/3 deceased)
00:47:19.726 [VehicleDeleted] Boat_01_Black (id=D4EC372BBE4D9E92366758824DE22AC3 pos=<5755.11, 169.46, 10175.5>)
00:51:28.169 [AI Patrol 00017] Despawning 1 West bots (spawn position <7454.582520, 287.040009, 2580.763672>, 0/1 deceased)
00:51:28.179 [AI Patrol 00017] Global patrol count: 0
00:51:28.190 [AI Patrol 00017] Patrol category patrol count: 0
09:54:28.986 [AI Object Patrol 00012] Spawning 3 West bots at <7738.574707, 246.323471, 6134.012207>
09:54:29.012 [AI Object Patrol 00012] Global patrol count: 1
09:54:29.022 [AI Object Patrol 00012] ContaminatedArea category patrol count: 1
09:54:29.034 [AI Object Patrol 00010] Spawning 1 West bots at <7815.778320, 246.320892, 5904.367188>
09:54:29.085 [AI Object Patrol 00010] Global patrol count: 2
09:54:29.161 [AI Object Patrol 00010] ContaminatedArea category patrol count: 2
10:15:40.856 [AI Object Patrol 00012] Despawning 3 West bots (spawn position <7738.574707, 246.323471, 6134.012207>, 0/3 deceased)
10:15:40.866 [AI Object Patrol 00012] Global patrol count: 1
10:15:40.876 [AI Object Patrol 00012] ContaminatedArea category patrol count: 1
10:16:45.860 [AI Object Patrol 00010] Despawning 1 West bots (spawn position <7815.778320, 246.320892, 5904.367188>, 0/1 deceased)
10:16:45.870 [AI Object Patrol 00010] Global patrol count: 0
10:16:45.880 [AI Object Patrol 00010] ContaminatedArea category patrol count: 0
10:18:35.220 [AI Object Patrol 00061] Spawning 3 East bots at <7794.000488, 346.679535, 1001.123657>
10:18:35.258 [AI Object Patrol 00061] Global patrol count: 1
10:18:35.272 [AI Object Patrol 00061] HelicopterWreck category patrol count: 1
10:38:00.305 [SpawnSelection] Player "Saint" (id=f-_TR5GiRJHALUs-Bpx5ZJmLko5lr6ptvdfijtGV8Dw=) spawned at <3296.479980, 486.945007, 2029.209961>
10:39:32.494 [SpawnSelection] Player "Saint" (id=f-_TR5GiRJHALUs-Bpx5ZJmLko5lr6ptvdfijtGV8Dw=) spawned at <6391.270020, 310.959015, 4804.330078>
10:43:13.322 [SpawnSelection] Player "Saint" (id=f-_TR5GiRJHALUs-Bpx5ZJmLko5lr6ptvdfijtGV8Dw=) spawned at <1913.430054, 194.949005, 7445.359863>
11:06:15.108 [Chat - Global]("Snake"(id=0nsyEhm9INQy3se8y-fXlbMHVv4YsIXloUCLC2unDyo=)): any good loot at that heli?
11:06:26.327 [Chat - Global]("Saint"(id=f-_TR5GiRJHALUs-Bpx5ZJmLko5lr6ptvdfijtGV8Dw=)): not really
11:06:38.913 [Chat - Global]("Bad Boy"(id=7EOOpe6Cv8QB45p22zWB29TPheQCYualmurDzSA3CR0=)): I see the player count up top - any new mechanics with that?
11:06:48.603 [Chat - Global]("Snake"(id=0nsyEhm9INQy3se8y-fXlbMHVv4YsIXloUCLC2unDyo=)): just a player counter
11:11:06.155 [SpawnSelection] Player "Saint" (id=f-_TR5GiRJHALUs-Bpx5ZJmLko5lr6ptvdfijtGV8Dw=) spawned at <3295.580078, 487.644012, 2043.339966>
11:12:32.162 [Chat - Global]("Saint"(id=f-_TR5GiRJHALUs-Bpx5ZJmLko5lr6ptvdfijtGV8Dw=)): is now polana always a gas zone
11:16:15.105 [SpawnSelection] Player "Saint" (id=f-_TR5GiRJHALUs-Bpx5ZJmLko5lr6ptvdfijtGV8Dw=) spawned at <6494.669922, 308.559998, 4704.560059>
11:17:16.359 [Chat - Global]("Snake"(id=0nsyEhm9INQy3se8y-fXlbMHVv4YsIXloUCLC2unDyo=)): nope
11:17:20.596 [Chat - Global]("Snake"(id=0nsyEhm9INQy3se8y-fXlbMHVv4YsIXloUCLC2unDyo=)): but it is a warzone
11:17:24.136 [VehicleEnter] Player "Bad Boy" (id=7EOOpe6Cv8QB45p22zWB29TPheQCYualmurDzSA3CR0=) entered vehicle Olga 24 (id=B9964E3A704B0949A3C7FE99D3CDCF68 pos=<1325.73, 370.49, 11468.8>) as driver
11:17:36.278 [Chat - Global]("Snake"(id=0nsyEhm9INQy3se8y-fXlbMHVv4YsIXloUCLC2unDyo=)): urban battlefield
11:17:36.340 [VehicleEngine] Player "Bad Boy" (id=7EOOpe6Cv8QB45p22zWB29TPheQCYualmurDzSA3CR0=) started vehicle Olga 24 (id=B9964E3A704B0949A3C7FE99D3CDCF68 pos=<1325.71, 370.49, 11468.8>)
11:17:51.752 [VehicleEngine] Player "Bad Boy" (id=7EOOpe6Cv8QB45p22zWB29TPheQCYualmurDzSA3CR0=) stopped vehicle Olga 24 (id=B9964E3A704B0949A3C7FE99D3CDCF68 pos=<1315.16, 367.91, 11479.5>)
11:17:53.838 [VehicleLeave] Player "Bad Boy" (id=7EOOpe6Cv8QB45p22zWB29TPheQCYualmurDzSA3CR0=) left vehicle Olga 24 (id=B9964E3A704B0949A3C7FE99D3CDCF68 pos=<1315.07, 367.87, 11479.7>)
11:18:11.506 [VehicleEnter] Player "Bad Boy" (id=7EOOpe6Cv8QB45p22zWB29TPheQCYualmurDzSA3CR0=) entered vehicle Olga 24 (id=B9964E3A704B0949A3C7FE99D3CDCF68 pos=<1315, 367.86, 11479.7>) as driver
11:18:15.454 [VehicleEngine] Player "Bad Boy" (id=7EOOpe6Cv8QB45p22zWB29TPheQCYualmurDzSA3CR0=) started vehicle Olga 24 (id=B9964E3A704B0949A3C7FE99D3CDCF68 pos=<1314.85, 367.8, 11480.2>)
11:19:55.082 [VehicleDestroyed] CivilianSedan_Black (id=B9964E3A704B0949A3C7FE99D3CDCF68 pos=<1813.24, 278.3, 10715.5>)
11:19:55.092 [VehicleEngine] Player "Bad Boy" (id=7EOOpe6Cv8QB45p22zWB29TPheQCYualmurDzSA3CR0=) stopped vehicle Olga 24 (id=B9964E3A704B0949A3C7FE99D3CDCF68 pos=<1813.24, 278.3, 10715.5>)
11:20:03.339 [VehicleLeave] Player "Bad Boy" (id=7EOOpe6Cv8QB45p22zWB29TPheQCYualmurDzSA3CR0=) left vehicle Olga 24 (id=B9964E3A704B0949A3C7FE99D3CDCF68 pos=<1813.26, 278.21, 10715.5>)
11:24:27.604 [SpawnSelection] Player "Saint" (id=f-_TR5GiRJHALUs-Bpx5ZJmLko5lr6ptvdfijtGV8Dw=) spawned at <7638.410156, 245.850006, 5157.709961>
11:24:27.621 [AI Object Patrol 00008] Spawning 2 West bots at <7489.060059, 231.400330, 6069.522461>
11:24:27.648 [AI Object Patrol 00008] Global patrol count: 2
11:24:27.658 [AI Object Patrol 00008] ContaminatedArea category patrol count: 1
11:24:27.669 [AI Object Patrol 00011] Spawning 3 West bots at <7609.199707, 238.101013, 5805.259277>
11:24:27.695 [AI Object Patrol 00011] Global patrol count: 3
11:24:27.705 [AI Object Patrol 00011] ContaminatedArea category patrol count: 2
11:25:13.245 [AI Object Patrol 00084] Spawning 3 East bots at <8237.237305, 281.638336, 6009.855469>
11:25:13.273 [AI Object Patrol 00084] Global patrol count: 4
11:25:13.283 [AI Object Patrol 00084] HelicopterWreck category patrol count: 2
11:25:56.990 [VehicleDeleted] CivilianSedan_Black (id=B9964E3A704B0949A3C7FE99D3CDCF68 pos=<1813.26, 278.21, 10715.5>)
11:37:50.966 [SpawnSelection] Player "Saint" (id=f-_TR5GiRJHALUs-Bpx5ZJmLko5lr6ptvdfijtGV8Dw=) spawned at <7653.620117, 239.895004, 5421.660156>
11:46:18.075 [Chat - Global]("Bad Boy"(id=7EOOpe6Cv8QB45p22zWB29TPheQCYualmurDzSA3CR0=)): Snake, I might take you up on relocating if that's okay at some point.
11:46:22.904 [Chat - Global]("Bad Boy"(id=7EOOpe6Cv8QB45p22zWB29TPheQCYualmurDzSA3CR0=)): Just need to find the PERFECT spot.
11:49:17.564 [AI Object Patrol 00084] Despawning 3 East bots (spawn position <8237.237305, 281.638336, 6009.855469>, 0/3 deceased)
11:49:17.575 [AI Object Patrol 00084] Global patrol count: 3
11:49:17.585 [AI Object Patrol 00084] HelicopterWreck category patrol count: 1
11:51:04.527 [Chat - Global]("Saint"(id=f-_TR5GiRJHALUs-Bpx5ZJmLko5lr6ptvdfijtGV8Dw=)): is gaz zone mask only or full
11:51:10.533 [Chat - Global]("Snake"(id=0nsyEhm9INQy3se8y-fXlbMHVv4YsIXloUCLC2unDyo=)): full atm
11:51:17.246 [Chat - Global]("Saint"(id=f-_TR5GiRJHALUs-Bpx5ZJmLko5lr6ptvdfijtGV8Dw=)): okay
11:51:17.489 [Chat - Global]("Bad Boy"(id=7EOOpe6Cv8QB45p22zWB29TPheQCYualmurDzSA3CR0=)): Full and bring extras.
11:51:22.565 [Chat - Global]("Snake"(id=0nsyEhm9INQy3se8y-fXlbMHVv4YsIXloUCLC2unDyo=)): yeah dude np lemme know when ready
11:51:25.116 [Chat - Global]("Bad Boy"(id=7EOOpe6Cv8QB45p22zWB29TPheQCYualmurDzSA3CR0=)): It'll wear on you if you get hit.
11:55:29.573 [Chat - Global]("Saint"(id=f-_TR5GiRJHALUs-Bpx5ZJmLko5lr6ptvdfijtGV8Dw=)): okay im going to settle here
11:56:00.037 [AI Object Patrol 00008] Despawning 2 West bots (spawn position <7489.060059, 231.400330, 6069.522461>, 0/2 deceased)
11:56:00.046 [AI Object Patrol 00008] Global patrol count: 2
11:56:00.056 [AI Object Patrol 00008] ContaminatedArea category patrol count: 1
11:56:35.949 [AI Object Patrol 00011] Despawning 3 West bots (spawn position <7609.199707, 238.101013, 5805.259277>, 0/3 deceased)
11:56:35.959 [AI Object Patrol 00011] Global patrol count: 1
11:56:35.968 [AI Object Patrol 00011] ContaminatedArea category patrol count: 0
11:56:45.251 [VehicleEnter] Player "Snake" (id=0nsyEhm9INQy3se8y-fXlbMHVv4YsIXloUCLC2unDyo=) entered vehicle Gyrocopter (id=961DFC0DD54BCF458A74E6A5EF960114 pos=<8343.07, 334.75, 1641.11>) as pilot
11:56:47.878 [VehicleLeave] Player "Snake" (id=0nsyEhm9INQy3se8y-fXlbMHVv4YsIXloUCLC2unDyo=) left vehicle Gyrocopter (id=961DFC0DD54BCF458A74E6A5EF960114 pos=<8343.07, 334.75, 1641.13>)
11:57:57.443 [VehicleEnter] Player "Snake" (id=0nsyEhm9INQy3se8y-fXlbMHVv4YsIXloUCLC2unDyo=) entered vehicle Gyrocopter (id=961DFC0DD54BCF458A74E6A5EF960114 pos=<8343.07, 334.75, 1641.15>) as pilot
11:57:59.060 [VehicleEngine] Player "Snake" (id=0nsyEhm9INQy3se8y-fXlbMHVv4YsIXloUCLC2unDyo=) started vehicle Gyrocopter (id=961DFC0DD54BCF458A74E6A5EF960114 pos=<8343.07, 334.75, 1641.16>)
11:58:21.531 [Chat - Global]("Saint"(id=f-_TR5GiRJHALUs-Bpx5ZJmLko5lr6ptvdfijtGV8Dw=)): whenever you can id love some materials
11:58:27.767 [Chat - Global]("Snake"(id=0nsyEhm9INQy3se8y-fXlbMHVv4YsIXloUCLC2unDyo=)): what loc
11:58:54.020 [VehicleEngine] Player "NULL" (id=NULL) stopped vehicle Gyrocopter (id=961DFC0DD54BCF458A74E6A5EF960114 pos=<7433.54, 406.15, 1245.51>)
11:58:54.055 [VehicleLeave] Player "Snake" (id=0nsyEhm9INQy3se8y-fXlbMHVv4YsIXloUCLC2unDyo=) left vehicle Gyrocopter (id=961DFC0DD54BCF458A74E6A5EF960114 pos=<7433.54, 406.15, 1245.51>)
11:59:03.756 [Chat - Global]("Saint"(id=f-_TR5GiRJHALUs-Bpx5ZJmLko5lr6ptvdfijtGV8Dw=)): wryzes
11:59:35.981 [AI Object Patrol 00061] East bots were wiped out (spawn position <7794.000488, 346.679535, 1001.123657>, 3/3 deceased)
11:59:35.991 [AI Object Patrol 00061] Global patrol count: 0
11:59:36.000 [AI Object Patrol 00061] HelicopterWreck category patrol count: 0
11:59:54.188 [VehicleEnter] Player "Snake" (id=0nsyEhm9INQy3se8y-fXlbMHVv4YsIXloUCLC2unDyo=) entered vehicle Gyrocopter (id=961DFC0DD54BCF458A74E6A5EF960114 pos=<7433.56, 406.04, 1246.34>) as pilot
11:59:56.904 [VehicleEngine] Player "Snake" (id=0nsyEhm9INQy3se8y-fXlbMHVv4YsIXloUCLC2unDyo=) started vehicle Gyrocopter (id=961DFC0DD54BCF458A74E6A5EF960114 pos=<7433.56, 406.03, 1246.37>)
12:00:30.275 [VehicleEngine] Player "NULL" (id=NULL) stopped vehicle Gyrocopter (id=961DFC0DD54BCF458A74E6A5EF960114 pos=<7792.5, 346.9, 1008.46>)
12:00:30.297 [VehicleLeave] Player "Snake" (id=0nsyEhm9INQy3se8y-fXlbMHVv4YsIXloUCLC2unDyo=) left vehicle Gyrocopter (id=961DFC0DD54BCF458A74E6A5EF960114 pos=<7792.5, 346.9, 1008.46>)
12:03:00.048 [VehicleEnter] Player "Snake" (id=0nsyEhm9INQy3se8y-fXlbMHVv4YsIXloUCLC2unDyo=) entered vehicle Gyrocopter (id=961DFC0DD54BCF458A74E6A5EF960114 pos=<7792.77, 346.88, 1008.38>) as pilot
12:03:01.473 [VehicleEngine] Player "Snake" (id=0nsyEhm9INQy3se8y-fXlbMHVv4YsIXloUCLC2unDyo=) started vehicle Gyrocopter (id=961DFC0DD54BCF458A74E6A5EF960114 pos=<7792.77, 346.88, 1008.38>)
12:04:07.786 [Chat - Global]("Snake"(id=0nsyEhm9INQy3se8y-fXlbMHVv4YsIXloUCLC2unDyo=)): alright cool, lemme make admin
12:04:25.894 [Chat - Global]("Saint"(id=f-_TR5GiRJHALUs-Bpx5ZJmLko5lr6ptvdfijtGV8Dw=)): all good take your time
12:05:32.371 [VehicleEngine] Player "NULL" (id=NULL) stopped vehicle Gyrocopter (id=961DFC0DD54BCF458A74E6A5EF960114 pos=<8342.61, 334.75, 1640.52>)
12:05:32.404 [VehicleLeave] Player "Snake" (id=0nsyEhm9INQy3se8y-fXlbMHVv4YsIXloUCLC2unDyo=) left vehicle Gyrocopter (id=961DFC0DD54BCF458A74E6A5EF960114 pos=<8342.61, 334.75, 1640.52>)
12:06:43.909 [AI Object Patrol 00061] Despawning 0 East bots (spawn position <7773.606934, 347.890503, 1009.739624>, 3/3 deceased)
12:15:28.868 [Chat - Global]("Snake"(id=0nsyEhm9INQy3se8y-fXlbMHVv4YsIXloUCLC2unDyo=)): alright ready
12:15:42.750 [Chat - Global]("Saint"(id=f-_TR5GiRJHALUs-Bpx5ZJmLko5lr6ptvdfijtGV8Dw=)): im here
12:15:52.958 [VehicleEnter] Player "Snake" (id=0nsyEhm9INQy3se8y-fXlbMHVv4YsIXloUCLC2unDyo=) entered vehicle Gyrocopter (id=961DFC0DD54BCF458A74E6A5EF960114 pos=<8342.6, 334.75, 1640.77>) as pilot
12:15:55.730 [VehicleLeave] Player "Snake" (id=0nsyEhm9INQy3se8y-fXlbMHVv4YsIXloUCLC2unDyo=) left vehicle Gyrocopter (id=961DFC0DD54BCF458A74E6A5EF960114 pos=<8342.6, 334.75, 1640.79>)
12:16:21.724 [Chat - Global]("Snake"(id=0nsyEhm9INQy3se8y-fXlbMHVv4YsIXloUCLC2unDyo=)): wrzeszcz can be a gas zone just an fyi
12:16:33.499 [Chat - Global]("Saint"(id=f-_TR5GiRJHALUs-Bpx5ZJmLko5lr6ptvdfijtGV8Dw=)): ah damn 
12:17:07.582 [Chat - Global]("Saint"(id=f-_TR5GiRJHALUs-Bpx5ZJmLko5lr6ptvdfijtGV8Dw=)): i already moved everything here though
12:17:09.804 [Chat - Global]("Saint"(id=f-_TR5GiRJHALUs-Bpx5ZJmLko5lr6ptvdfijtGV8Dw=)): its ok
12:27:25.114 [Chat - Global]("Snake"(id=0nsyEhm9INQy3se8y-fXlbMHVv4YsIXloUCLC2unDyo=)): alrighty!
12:28:25.741 [Chat - Global]("Snake"(id=0nsyEhm9INQy3se8y-fXlbMHVv4YsIXloUCLC2unDyo=)): in the cabim
12:28:28.868 [Chat - Global]("Snake"(id=0nsyEhm9INQy3se8y-fXlbMHVv4YsIXloUCLC2unDyo=)): cabin*
12:28:46.436 [Chat - Global]("Saint"(id=f-_TR5GiRJHALUs-Bpx5ZJmLko5lr6ptvdfijtGV8Dw=)): where? im at the one with the red flag
12:42:32.558 [Chat - Global]("Snake"(id=0nsyEhm9INQy3se8y-fXlbMHVv4YsIXloUCLC2unDyo=)): start with this and lemme know if you need more
12:42:40.970 [Chat - Global]("Saint"(id=f-_TR5GiRJHALUs-Bpx5ZJmLko5lr6ptvdfijtGV8Dw=)): can i have a lock?
12:42:43.123 [Chat - Global]("Snake"(id=0nsyEhm9INQy3se8y-fXlbMHVv4YsIXloUCLC2unDyo=)): i think this cabin is good, maybe youll avoid smoke
12:42:46.213 [Chat - Global]("Snake"(id=0nsyEhm9INQy3se8y-fXlbMHVv4YsIXloUCLC2unDyo=)): yeah ofc
12:43:04.951 [Chat - Global]("Saint"(id=f-_TR5GiRJHALUs-Bpx5ZJmLko5lr6ptvdfijtGV8Dw=)): thank you!
12:43:23.418 [Chat - Global]("Snake"(id=0nsyEhm9INQy3se8y-fXlbMHVv4YsIXloUCLC2unDyo=)): alright man
12:43:25.464 [Chat - Global]("Saint"(id=f-_TR5GiRJHALUs-Bpx5ZJmLko5lr6ptvdfijtGV8Dw=)): im excited to build
12:43:29.588 [Chat - Global]("Saint"(id=f-_TR5GiRJHALUs-Bpx5ZJmLko5lr6ptvdfijtGV8Dw=)): thanks man i appreciate you
12:43:29.861 [Chat - Global]("Snake"(id=0nsyEhm9INQy3se8y-fXlbMHVv4YsIXloUCLC2unDyo=)): i think you have what you need
12:43:34.605 [Chat - Global]("Snake"(id=0nsyEhm9INQy3se8y-fXlbMHVv4YsIXloUCLC2unDyo=)): press X to disable snapping
12:43:39.691 [Chat - Global]("Saint"(id=f-_TR5GiRJHALUs-Bpx5ZJmLko5lr6ptvdfijtGV8Dw=)): okay
12:44:30.609 [Chat - Global]("Snake"(id=0nsyEhm9INQy3se8y-fXlbMHVv4YsIXloUCLC2unDyo=)): its a good house
12:44:36.513 [Chat - Global]("Snake"(id=0nsyEhm9INQy3se8y-fXlbMHVv4YsIXloUCLC2unDyo=)): alright man good luck
12:44:41.896 [Chat - Global]("Saint"(id=f-_TR5GiRJHALUs-Bpx5ZJmLko5lr6ptvdfijtGV8Dw=)): thank you!
12:45:41.108 [Chat - Global]("Snake"(id=0nsyEhm9INQy3se8y-fXlbMHVv4YsIXloUCLC2unDyo=)): one more thing
12:45:46.328 [Chat - Global]("Snake"(id=0nsyEhm9INQy3se8y-fXlbMHVv4YsIXloUCLC2unDyo=)): a gift
12:45:58.930 [Chat - Global]("Saint"(id=f-_TR5GiRJHALUs-Bpx5ZJmLko5lr6ptvdfijtGV8Dw=)): any idea why i cant build door?
12:46:03.729 [Chat - Global]("Saint"(id=f-_TR5GiRJHALUs-Bpx5ZJmLko5lr6ptvdfijtGV8Dw=)): thanks!
12:46:12.924 [Chat - Global]("Snake"(id=0nsyEhm9INQy3se8y-fXlbMHVv4YsIXloUCLC2unDyo=)): make a "wall"
12:46:54.819 [Chat - Global]("Snake"(id=0nsyEhm9INQy3se8y-fXlbMHVv4YsIXloUCLC2unDyo=)): then choose the door frame
12:47:11.179 [Chat - Global]("Snake"(id=0nsyEhm9INQy3se8y-fXlbMHVv4YsIXloUCLC2unDyo=)): there you go
12:47:27.847 [Chat - Global]("Saint"(id=f-_TR5GiRJHALUs-Bpx5ZJmLko5lr6ptvdfijtGV8Dw=)): i see thank you!
12:47:31.257 [Chat - Global]("Snake"(id=0nsyEhm9INQy3se8y-fXlbMHVv4YsIXloUCLC2unDyo=)): gl!
12:49:40.343 [BaseRaiding] ExpansionWall6x3 (<9135.557617, 340.622284, 4435.921387>) Code set by "player "Saint" (ID = "f-_TR5GiRJHALUs-Bpx5ZJmLko5lr6ptvdfijtGV8Dw=" at <9135.690430, 340.631226, 4436.863281>)" and the code is 1832
13:05:24.621 [BaseRaiding] ExpansionWall6x3 (<9115.669922, 339.831207, 4441.785645>) Code set by "player "Saint" (ID = "f-_TR5GiRJHALUs-Bpx5ZJmLko5lr6ptvdfijtGV8Dw=" at <9113.962891, 340.303833, 4440.280762>)" and the code is 1832
13:20:26.289 [Chat - Global]("Saint"(id=f-_TR5GiRJHALUs-Bpx5ZJmLko5lr6ptvdfijtGV8Dw=)): mmm the sharpening stone doesnt work with hammer
13:23:25.273 [Chat - Global]("Snake"(id=0nsyEhm9INQy3se8y-fXlbMHVv4YsIXloUCLC2unDyo=)): oh darn
13:23:34.569 [Chat - Global]("Snake"(id=0nsyEhm9INQy3se8y-fXlbMHVv4YsIXloUCLC2unDyo=)): one sec...
13:25:06.253 [Chat - Global]("Snake"(id=0nsyEhm9INQy3se8y-fXlbMHVv4YsIXloUCLC2unDyo=)): ill deliver more hammers
13:25:20.105 [Chat - Global]("Saint"(id=f-_TR5GiRJHALUs-Bpx5ZJmLko5lr6ptvdfijtGV8Dw=)): thanks im still on my second one
13:36:01.555 [BaseRaiding] ExpansionWall6x3 (<9148.943359, 339.836243, 4423.542969>) Code set by "player "Saint" (ID = "f-_TR5GiRJHALUs-Bpx5ZJmLko5lr6ptvdfijtGV8Dw=" at <9148.326172, 339.566925, 4424.555664>)" and the code is 1832
13:39:33.736 [Chat - Global]("Saint"(id=f-_TR5GiRJHALUs-Bpx5ZJmLko5lr6ptvdfijtGV8Dw=)): is there sleeping bag?
13:55:27.053 [Chat - Global]("Snake"(id=0nsyEhm9INQy3se8y-fXlbMHVv4YsIXloUCLC2unDyo=)): nope
13:55:35.490 [Chat - Global]("Snake"(id=0nsyEhm9INQy3se8y-fXlbMHVv4YsIXloUCLC2unDyo=)): tried installing that but no luck
15:17:50.897 [Chat - Global]("Saint"(id=f-_TR5GiRJHALUs-Bpx5ZJmLko5lr6ptvdfijtGV8Dw=)): hi people
15:41:36.515 [Chat - Global]("Snake"(id=0nsyEhm9INQy3se8y-fXlbMHVv4YsIXloUCLC2unDyo=)): yoo
15:41:39.672 [Chat - Global]("Snake"(id=0nsyEhm9INQy3se8y-fXlbMHVv4YsIXloUCLC2unDyo=)): sorry i was afk
15:41:50.695 [Chat - Global]("Snake"(id=0nsyEhm9INQy3se8y-fXlbMHVv4YsIXloUCLC2unDyo=)): no sleeping bag mod yet, but i tried it
15:41:56.187 [Chat - Global]("Snake"(id=0nsyEhm9INQy3se8y-fXlbMHVv4YsIXloUCLC2unDyo=)): for respawning
15:42:05.685 [Chat - Global]("PoiiZoner3"(id=cZC_vl4onJwtCEZaOtA89yPcwyGnN7Qy01WI28TQhbU=)): Sounds cool
15:42:27.497 [VehicleEnter] Player "PoiiZoner3" (id=cZC_vl4onJwtCEZaOtA89yPcwyGnN7Qy01WI28TQhbU=) entered vehicle Gunter 2 (id=509ACCA49543877D1C43A68CFCA4AB25 pos=<4963.64, 407.16, 3680.73>) as driver
15:42:30.199 [VehicleEngine] Player "PoiiZoner3" (id=cZC_vl4onJwtCEZaOtA89yPcwyGnN7Qy01WI28TQhbU=) started vehicle Gunter 2 (id=509ACCA49543877D1C43A68CFCA4AB25 pos=<4963.58, 407.15, 3680.64>)
15:45:09.703 [VehicleEngine] Player "PoiiZoner3" (id=cZC_vl4onJwtCEZaOtA89yPcwyGnN7Qy01WI28TQhbU=) stopped vehicle Gunter 2 (id=509ACCA49543877D1C43A68CFCA4AB25 pos=<5956.5, 397.19, 4115.97>)
15:45:13.067 [VehicleLeave] Player "PoiiZoner3" (id=cZC_vl4onJwtCEZaOtA89yPcwyGnN7Qy01WI28TQhbU=) left vehicle Gunter 2 (id=509ACCA49543877D1C43A68CFCA4AB25 pos=<5956.5, 397.19, 4115.97>)
15:48:47.605 [VehicleEnter] Player "PoiiZoner3" (id=cZC_vl4onJwtCEZaOtA89yPcwyGnN7Qy01WI28TQhbU=) entered vehicle Gunter 2 (id=509ACCA49543877D1C43A68CFCA4AB25 pos=<5956.5, 397.19, 4115.97>) as driver
15:49:00.780 [VehicleEngine] Player "PoiiZoner3" (id=cZC_vl4onJwtCEZaOtA89yPcwyGnN7Qy01WI28TQhbU=) started vehicle Gunter 2 (id=509ACCA49543877D1C43A68CFCA4AB25 pos=<5956.49, 397.19, 4115.97>)
15:49:28.922 [VehicleEngine] Player "PoiiZoner3" (id=cZC_vl4onJwtCEZaOtA89yPcwyGnN7Qy01WI28TQhbU=) stopped vehicle Gunter 2 (id=509ACCA49543877D1C43A68CFCA4AB25 pos=<6160.6, 385.53, 4142.61>)
15:49:32.299 [VehicleLeave] Player "PoiiZoner3" (id=cZC_vl4onJwtCEZaOtA89yPcwyGnN7Qy01WI28TQhbU=) left vehicle Gunter 2 (id=509ACCA49543877D1C43A68CFCA4AB25 pos=<6160.61, 385.53, 4142.61>)
15:50:57.470 [Chat - Global]("Snake"(id=0nsyEhm9INQy3se8y-fXlbMHVv4YsIXloUCLC2unDyo=)): hows the base coming alonm
15:51:11.485 [Chat - Global]("PoiiZoner3"(id=cZC_vl4onJwtCEZaOtA89yPcwyGnN7Qy01WI28TQhbU=)): What the fuck is a "base" lmao
15:51:22.614 [Chat - Global]("Snake"(id=0nsyEhm9INQy3se8y-fXlbMHVv4YsIXloUCLC2unDyo=)): oh lmfao i thought you were saint
15:51:43.975 [Chat - Global]("Snake"(id=0nsyEhm9INQy3se8y-fXlbMHVv4YsIXloUCLC2unDyo=)): this mans embraces the nomad life
15:51:45.738 [VehicleEnter] Player "PoiiZoner3" (id=cZC_vl4onJwtCEZaOtA89yPcwyGnN7Qy01WI28TQhbU=) entered vehicle Gunter 2 (id=509ACCA49543877D1C43A68CFCA4AB25 pos=<6160.62, 385.53, 4142.61>) as driver
15:51:50.079 [VehicleEngine] Player "PoiiZoner3" (id=cZC_vl4onJwtCEZaOtA89yPcwyGnN7Qy01WI28TQhbU=) started vehicle Gunter 2 (id=509ACCA49543877D1C43A68CFCA4AB25 pos=<6160.64, 385.53, 4142.61>)
15:52:09.080 [Chat - Global]("Snake"(id=0nsyEhm9INQy3se8y-fXlbMHVv4YsIXloUCLC2unDyo=)): man the world is really going to shit today
15:52:13.178 [VehicleEngine] Player "PoiiZoner3" (id=cZC_vl4onJwtCEZaOtA89yPcwyGnN7Qy01WI28TQhbU=) stopped vehicle Gunter 2 (id=509ACCA49543877D1C43A68CFCA4AB25 pos=<6076.98, 386.32, 4171.69>)
15:52:16.557 [VehicleLeave] Player "PoiiZoner3" (id=cZC_vl4onJwtCEZaOtA89yPcwyGnN7Qy01WI28TQhbU=) left vehicle Gunter 2 (id=509ACCA49543877D1C43A68CFCA4AB25 pos=<6076.98, 386.32, 4171.69>)
15:59:26.458 [VehicleEnter] Player "PoiiZoner3" (id=cZC_vl4onJwtCEZaOtA89yPcwyGnN7Qy01WI28TQhbU=) entered vehicle Gunter 2 (id=509ACCA49543877D1C43A68CFCA4AB25 pos=<6076.98, 386.32, 4171.68>) as driver
15:59:29.533 [VehicleEngine] Player "PoiiZoner3" (id=cZC_vl4onJwtCEZaOtA89yPcwyGnN7Qy01WI28TQhbU=) started vehicle Gunter 2 (id=509ACCA49543877D1C43A68CFCA4AB25 pos=<6076.99, 386.32, 4171.68>)
15:59:47.814 [AI Object Patrol 00156] Spawning 1 East bots at <6508.441406, 314.255829, 3172.492920>
15:59:47.846 [AI Object Patrol 00156] Global patrol count: 1
15:59:47.855 [AI Object Patrol 00156] HelicopterWreck category patrol count: 1
16:06:26.223 [VehicleEngine] Player "PoiiZoner3" (id=cZC_vl4onJwtCEZaOtA89yPcwyGnN7Qy01WI28TQhbU=) stopped vehicle Gunter 2 (id=509ACCA49543877D1C43A68CFCA4AB25 pos=<8911.14, 472.11, 2077.62>)
16:06:33.575 [VehicleEngine] Player "PoiiZoner3" (id=cZC_vl4onJwtCEZaOtA89yPcwyGnN7Qy01WI28TQhbU=) started vehicle Gunter 2 (id=509ACCA49543877D1C43A68CFCA4AB25 pos=<8911.15, 472.11, 2077.61>)
16:06:47.627 [VehicleEngine] Player "NULL" (id=NULL) stopped vehicle Gunter 2 (id=509ACCA49543877D1C43A68CFCA4AB25 pos=<8908.47, 472.11, 2077.33>)
16:06:47.966 [VehicleLeave] Player "PoiiZoner3" (id=cZC_vl4onJwtCEZaOtA89yPcwyGnN7Qy01WI28TQhbU=) left vehicle Gunter 2 (id=509ACCA49543877D1C43A68CFCA4AB25 pos=<8908.47, 472.11, 2077.33>)
16:11:16.243 [VehicleEnter] Player "PoiiZoner3" (id=cZC_vl4onJwtCEZaOtA89yPcwyGnN7Qy01WI28TQhbU=) entered vehicle Gunter 2 (id=509ACCA49543877D1C43A68CFCA4AB25 pos=<8908.47, 472.11, 2077.32>) as driver
16:11:21.016 [VehicleEngine] Player "PoiiZoner3" (id=cZC_vl4onJwtCEZaOtA89yPcwyGnN7Qy01WI28TQhbU=) started vehicle Gunter 2 (id=509ACCA49543877D1C43A68CFCA4AB25 pos=<8908.47, 472.11, 2077.3>)
16:13:29.163 [AI Object Patrol 00156] Despawning 1 East bots (spawn position <6508.441406, 314.255829, 3172.492920>, 0/1 deceased)
16:13:29.173 [AI Object Patrol 00156] Global patrol count: 0
16:13:29.183 [AI Object Patrol 00156] HelicopterWreck category patrol count: 0
16:14:17.055 [VehicleEngine] Player "PoiiZoner3" (id=cZC_vl4onJwtCEZaOtA89yPcwyGnN7Qy01WI28TQhbU=) stopped vehicle Gunter 2 (id=509ACCA49543877D1C43A68CFCA4AB25 pos=<8222.38, 264.74, 1496.04>)
16:14:21.563 [VehicleLeave] Player "PoiiZoner3" (id=cZC_vl4onJwtCEZaOtA89yPcwyGnN7Qy01WI28TQhbU=) left vehicle Gunter 2 (id=509ACCA49543877D1C43A68CFCA4AB25 pos=<8222.38, 264.74, 1496.02>)
16:25:17.955 [VehicleEnter] Player "PoiiZoner3" (id=cZC_vl4onJwtCEZaOtA89yPcwyGnN7Qy01WI28TQhbU=) entered vehicle Gunter 2 (id=509ACCA49543877D1C43A68CFCA4AB25 pos=<8222.38, 264.74, 1496.01>) as driver
16:25:44.275 [VehicleEngine] Player "PoiiZoner3" (id=cZC_vl4onJwtCEZaOtA89yPcwyGnN7Qy01WI28TQhbU=) started vehicle Gunter 2 (id=509ACCA49543877D1C43A68CFCA4AB25 pos=<8222.38, 264.74, 1495.9>)
16:27:38.682 [VehicleEngine] Player "PoiiZoner3" (id=cZC_vl4onJwtCEZaOtA89yPcwyGnN7Qy01WI28TQhbU=) stopped vehicle Gunter 2 (id=509ACCA49543877D1C43A68CFCA4AB25 pos=<9135.48, 256.27, 383.53>)
16:27:43.289 [VehicleLeave] Player "PoiiZoner3" (id=cZC_vl4onJwtCEZaOtA89yPcwyGnN7Qy01WI28TQhbU=) left vehicle Gunter 2 (id=509ACCA49543877D1C43A68CFCA4AB25 pos=<9135.48, 256.27, 383.53>)
16:33:57.671 [Chat - Global]("Snake"(id=0nsyEhm9INQy3se8y-fXlbMHVv4YsIXloUCLC2unDyo=)): yo, i just re-did the types for all the stuff. weapons, clothing, bunker loot
16:34:02.521 [Chat - Global]("Snake"(id=0nsyEhm9INQy3se8y-fXlbMHVv4YsIXloUCLC2unDyo=)): you good with a quick restart?
16:34:21.015 [Chat - Global]("PoiiZoner3"(id=cZC_vl4onJwtCEZaOtA89yPcwyGnN7Qy01WI28TQhbU=)): Sheltering from the rain anyway and was about to get food, go for it
16:34:25.886 [Chat - Global]("Snake"(id=0nsyEhm9INQy3se8y-fXlbMHVv4YsIXloUCLC2unDyo=)): cool man
16:34:28.763 [Chat - Global]("Snake"(id=0nsyEhm9INQy3se8y-fXlbMHVv4YsIXloUCLC2unDyo=)): this will be good
