22:09:24.459 [AI Patrol 00016] Spawning 2 West bots at <7562.382324, 289.211884, 2576.048340>
22:09:33.008 [AI Patrol 00016] Global patrol count: 1
22:09:33.018 [AI Patrol 00016] Patrol category patrol count: 1
22:09:33.027 [AI Patrol 00015] Spawning 3 East bots at <7524.924805, 287.675842, 2568.999512>
22:09:33.052 [AI Patrol 00015] Global patrol count: 2
22:09:33.061 [AI Patrol 00015] Patrol category patrol count: 2
22:10:16.770 [AI Patrol 00016] West bots were wiped out (spawn position <7562.382324, 289.211884, 2576.048340>, 2/2 deceased)
22:10:16.781 [AI Patrol 00016] Global patrol count: 1
22:10:16.791 [AI Patrol 00016] Patrol category patrol count: 1
22:12:41.562 [VehicleDestroyed] Boat_01_Blue (id=DD2CA1F57447E45AF3D7EBA1355EE7F7 pos=<1211.66, 169.76, 7598.58>)
22:15:06.559 [AI Object Patrol 00025] Spawning 2 West bots at <8961.908203, 434.320282, 2177.812988>
22:15:06.593 [AI Object Patrol 00025] Global patrol count: 2
22:15:06.603 [AI Object Patrol 00025] ContaminatedArea category patrol count: 1
22:18:58.012 [VehicleDeleted] Boat_01_Blue (id=DD2CA1F57447E45AF3D7EBA1355EE7F7 pos=<1211.65, 169.32, 7598.6>)
22:27:34.012 [BaseBuildingRaiding] ------------------------- Expansion Base Raiding Damage Report -------------------------
22:27:34.022 [BaseBuildingRaiding] Player "Survivor" (id=0nsyEhm9INQy3se8y-fXlbMHVv4YsIXloUCLC2unDyo= pos=<8338.94, 335.73, 1632.83>) damaged ExpansionWall6x3 at <8337.07, 332.76, 1633.06>
22:27:34.032 [BaseBuildingRaiding] They dealt 160 * 1 = 160 damage with Bullet_308Win from SkyFall_HK23e
22:27:34.042 [BaseBuildingRaiding] GlobalHealth hitpoints decreased from 30000 to 29840
22:27:34.052 [BaseBuildingRaiding] ----------------------------------------------------------------------------------------
22:30:50.750 [VehicleEnter] Player "DRON" (id=z2kvyqJl76pQ4vftnEZdzcVJOG7-nO7trxC-XJtn2ro=) entered vehicle M1025 (id=70602606F742DB25C4D230A762076C2C pos=<6098.15, 263.97, 6948.19>) as driver
22:30:56.136 [VehicleEngine] Player "DRON" (id=z2kvyqJl76pQ4vftnEZdzcVJOG7-nO7trxC-XJtn2ro=) started vehicle M1025 (id=70602606F742DB25C4D230A762076C2C pos=<6098.15, 263.97, 6948.19>)
22:31:06.116 [VehicleEngine] Player "NULL" (id=NULL) stopped vehicle M1025 (id=70602606F742DB25C4D230A762076C2C pos=<6112.81, 263.57, 6951.35>)
22:31:06.591 [VehicleLeave] Player "DRON" (id=z2kvyqJl76pQ4vftnEZdzcVJOG7-nO7trxC-XJtn2ro=) left vehicle M1025 (id=70602606F742DB25C4D230A762076C2C pos=<6112.81, 263.57, 6951.35>)
22:31:14.490 [VehicleEnter] Player "DRON" (id=z2kvyqJl76pQ4vftnEZdzcVJOG7-nO7trxC-XJtn2ro=) entered vehicle M1025 (id=70602606F742DB25C4D230A762076C2C pos=<6112.81, 263.57, 6951.35>) as driver
22:31:19.476 [VehicleEngine] Player "DRON" (id=z2kvyqJl76pQ4vftnEZdzcVJOG7-nO7trxC-XJtn2ro=) started vehicle M1025 (id=70602606F742DB25C4D230A762076C2C pos=<6112.81, 263.57, 6951.35>)
22:31:58.499 [AI Object Patrol 00004] Spawning 3 East bots at <6217.451172, 268.868805, 6920.448730>
22:31:58.592 [AI Object Patrol 00004] Global patrol count: 3
22:31:58.617 [AI Object Patrol 00004] HelicopterWreck category patrol count: 1
22:33:12.589 [VehicleEngine] Player "NULL" (id=NULL) stopped vehicle M1025 (id=70602606F742DB25C4D230A762076C2C pos=<5873.24, 285.39, 6693.89>)
22:33:13.060 [VehicleLeave] Player "DRON" (id=z2kvyqJl76pQ4vftnEZdzcVJOG7-nO7trxC-XJtn2ro=) left vehicle M1025 (id=70602606F742DB25C4D230A762076C2C pos=<5873.24, 285.39, 6693.89>)
22:35:30.249 [VehicleEnter] Player "DRON" (id=z2kvyqJl76pQ4vftnEZdzcVJOG7-nO7trxC-XJtn2ro=) entered vehicle M1025 (id=70602606F742DB25C4D230A762076C2C pos=<5873.24, 285.39, 6693.89>) as driver
22:35:34.857 [VehicleEngine] Player "DRON" (id=z2kvyqJl76pQ4vftnEZdzcVJOG7-nO7trxC-XJtn2ro=) started vehicle M1025 (id=70602606F742DB25C4D230A762076C2C pos=<5873.24, 285.39, 6693.89>)
22:37:18.128 [AI Object Patrol 00004] Despawning 3 East bots (spawn position <6217.451172, 268.868805, 6920.448730>, 0/3 deceased)
22:37:18.139 [AI Object Patrol 00004] Global patrol count: 2
22:37:18.150 [AI Object Patrol 00004] HelicopterWreck category patrol count: 0
22:37:28.157 [VehicleEngine] Player "NULL" (id=NULL) stopped vehicle M1025 (id=70602606F742DB25C4D230A762076C2C pos=<6229.03, 238.84, 7949.83>)
22:37:28.633 [VehicleLeave] Player "DRON" (id=z2kvyqJl76pQ4vftnEZdzcVJOG7-nO7trxC-XJtn2ro=) left vehicle M1025 (id=70602606F742DB25C4D230A762076C2C pos=<6229.03, 238.84, 7949.83>)
22:37:40.822 [VehicleEnter] Player "DRON" (id=z2kvyqJl76pQ4vftnEZdzcVJOG7-nO7trxC-XJtn2ro=) entered vehicle M1025 (id=70602606F742DB25C4D230A762076C2C pos=<6229.03, 238.84, 7949.83>) as driver
22:37:48.291 [VehicleEngine] Player "DRON" (id=z2kvyqJl76pQ4vftnEZdzcVJOG7-nO7trxC-XJtn2ro=) started vehicle M1025 (id=70602606F742DB25C4D230A762076C2C pos=<6229.03, 238.84, 7949.83>)
22:39:42.549 [VehicleEngine] Player "NULL" (id=NULL) stopped vehicle M1025 (id=70602606F742DB25C4D230A762076C2C pos=<6399.45, 223.59, 8157.39>)
22:39:43.019 [VehicleLeave] Player "DRON" (id=z2kvyqJl76pQ4vftnEZdzcVJOG7-nO7trxC-XJtn2ro=) left vehicle M1025 (id=70602606F742DB25C4D230A762076C2C pos=<6399.45, 223.59, 8157.39>)
22:51:47.584 [AI Object Patrol 00025] Despawning 2 West bots (spawn position <8961.908203, 434.320282, 2177.812988>, 0/2 deceased)
22:51:47.594 [AI Object Patrol 00025] Global patrol count: 1
22:51:47.603 [AI Object Patrol 00025] ContaminatedArea category patrol count: 0
23:07:39.127 [VehicleEnter] Player "DRON" (id=z2kvyqJl76pQ4vftnEZdzcVJOG7-nO7trxC-XJtn2ro=) entered vehicle M1025 (id=70602606F742DB25C4D230A762076C2C pos=<6399.45, 223.59, 8157.39>) as driver
23:07:44.034 [VehicleEngine] Player "DRON" (id=z2kvyqJl76pQ4vftnEZdzcVJOG7-nO7trxC-XJtn2ro=) started vehicle M1025 (id=70602606F742DB25C4D230A762076C2C pos=<6399.45, 223.59, 8157.39>)
23:09:08.241 [VehicleEngine] Player "DRON" (id=z2kvyqJl76pQ4vftnEZdzcVJOG7-nO7trxC-XJtn2ro=) stopped vehicle M1025 (id=70602606F742DB25C4D230A762076C2C pos=<7027.67, 214.26, 7805.24>)
23:09:52.610 [VehicleEngine] Player "DRON" (id=z2kvyqJl76pQ4vftnEZdzcVJOG7-nO7trxC-XJtn2ro=) started vehicle M1025 (id=70602606F742DB25C4D230A762076C2C pos=<7027.67, 214.26, 7805.24>)
23:10:28.748 [BaseBuildingRaiding] ------------------------- Expansion Base Raiding Damage Report -------------------------
23:10:28.759 [BaseBuildingRaiding] Player "Survivor" (id=0nsyEhm9INQy3se8y-fXlbMHVv4YsIXloUCLC2unDyo= pos=<8332.52, 337.22, 1639.15>) damaged Fence at <8333.32, 337.29, 1642>
23:10:28.769 [BaseBuildingRaiding] They dealt 160 * 1 = 160 damage with Bullet_308Win from SkyFall_HK23e
23:10:28.779 [BaseBuildingRaiding] Wall_Metal_Down hitpoints decreased from 19342.1 to 19182.1
23:10:28.789 [BaseBuildingRaiding] ----------------------------------------------------------------------------------------
23:10:28.876 [BaseBuildingRaiding] ------------------------- Expansion Base Raiding Damage Report -------------------------
23:10:28.886 [BaseBuildingRaiding] Player "Survivor" (id=0nsyEhm9INQy3se8y-fXlbMHVv4YsIXloUCLC2unDyo= pos=<8332.45, 337.22, 1639.03>) damaged Fence at <8333.32, 337.29, 1642>
23:10:28.896 [BaseBuildingRaiding] They dealt 160 * 1 = 160 damage with Bullet_308Win from SkyFall_HK23e
23:10:28.907 [BaseBuildingRaiding] Wall_Metal_Down hitpoints decreased from 19182.1 to 19022.1
23:10:28.917 [BaseBuildingRaiding] ----------------------------------------------------------------------------------------
23:10:28.951 [BaseBuildingRaiding] ------------------------- Expansion Base Raiding Damage Report -------------------------
23:10:28.962 [BaseBuildingRaiding] Player "Survivor" (id=0nsyEhm9INQy3se8y-fXlbMHVv4YsIXloUCLC2unDyo= pos=<8332.43, 337.22, 1639>) damaged Fence at <8333.32, 337.29, 1642>
23:10:28.973 [BaseBuildingRaiding] They dealt 160 * 1 = 160 damage with Bullet_308Win from SkyFall_HK23e
23:10:28.983 [BaseBuildingRaiding] Wall_Metal_Down hitpoints decreased from 19022.1 to 18862.1
23:10:28.993 [BaseBuildingRaiding] ----------------------------------------------------------------------------------------
23:10:29.060 [BaseBuildingRaiding] ------------------------- Expansion Base Raiding Damage Report -------------------------
23:10:29.071 [BaseBuildingRaiding] Player "Survivor" (id=0nsyEhm9INQy3se8y-fXlbMHVv4YsIXloUCLC2unDyo= pos=<8332.34, 337.22, 1638.89>) damaged Fence at <8333.32, 337.29, 1642>
23:10:29.081 [BaseBuildingRaiding] They dealt 160 * 1 = 160 damage with Bullet_308Win from SkyFall_HK23e
23:10:29.091 [BaseBuildingRaiding] Wall_Base_Down hitpoints decreased from 11043.8 to 10883.8
23:10:29.101 [BaseBuildingRaiding] ----------------------------------------------------------------------------------------
23:10:29.112 [BaseBuildingRaiding] ------------------------- Expansion Base Raiding Damage Report -------------------------
23:10:29.123 [BaseBuildingRaiding] Player "Survivor" (id=0nsyEhm9INQy3se8y-fXlbMHVv4YsIXloUCLC2unDyo= pos=<8332.34, 337.22, 1638.89>) damaged Fence at <8333.32, 337.29, 1642>
23:10:29.133 [BaseBuildingRaiding] They dealt 160 * 1 = 160 damage with Bullet_308Win from SkyFall_HK23e
23:10:29.142 [BaseBuildingRaiding] Wall_Metal_Down hitpoints decreased from 18862.1 to 18702.1
23:10:29.153 [BaseBuildingRaiding] ----------------------------------------------------------------------------------------
23:10:29.168 [BaseBuildingRaiding] ------------------------- Expansion Base Raiding Damage Report -------------------------
23:10:29.178 [BaseBuildingRaiding] Player "Survivor" (id=0nsyEhm9INQy3se8y-fXlbMHVv4YsIXloUCLC2unDyo= pos=<8332.3, 337.22, 1638.88>) damaged Fence at <8333.32, 337.29, 1642>
23:10:29.188 [BaseBuildingRaiding] They dealt 160 * 1 = 160 damage with Bullet_308Win from SkyFall_HK23e
23:10:29.198 [BaseBuildingRaiding] Wall_Base_Down hitpoints decreased from 10883.8 to 10723.8
23:10:29.208 [BaseBuildingRaiding] ----------------------------------------------------------------------------------------
23:10:29.218 [BaseBuildingRaiding] ------------------------- Expansion Base Raiding Damage Report -------------------------
23:10:29.228 [BaseBuildingRaiding] Player "Survivor" (id=0nsyEhm9INQy3se8y-fXlbMHVv4YsIXloUCLC2unDyo= pos=<8332.3, 337.22, 1638.88>) damaged Fence at <8333.32, 337.29, 1642>
23:10:29.238 [BaseBuildingRaiding] They dealt 22.9839 * 1 = 22.9839 damage with Bullet_308Win from SkyFall_HK23e
23:10:29.248 [BaseBuildingRaiding] Wall_Metal_Down hitpoints decreased from 18702.1 to 18679.2
23:10:29.258 [BaseBuildingRaiding] ----------------------------------------------------------------------------------------
23:10:30.398 [BaseBuildingRaiding] ------------------------- Expansion Base Raiding Damage Report -------------------------
23:10:30.409 [BaseBuildingRaiding] Player "Survivor" (id=0nsyEhm9INQy3se8y-fXlbMHVv4YsIXloUCLC2unDyo= pos=<8332.65, 337.22, 1639.01>) damaged Fence at <8333.32, 337.29, 1642>
23:10:30.419 [BaseBuildingRaiding] They dealt 160 * 1 = 160 damage with Bullet_308Win from SkyFall_HK23e
23:10:30.429 [BaseBuildingRaiding] Wall_Metal_Down hitpoints decreased from 18679.2 to 18519.2
23:10:30.439 [BaseBuildingRaiding] ----------------------------------------------------------------------------------------
23:10:30.473 [BaseBuildingRaiding] ------------------------- Expansion Base Raiding Damage Report -------------------------
23:10:30.483 [BaseBuildingRaiding] Player "Survivor" (id=0nsyEhm9INQy3se8y-fXlbMHVv4YsIXloUCLC2unDyo= pos=<8332.76, 337.22, 1639.05>) damaged Fence at <8333.32, 337.29, 1642>
23:10:30.493 [BaseBuildingRaiding] They dealt 160 * 1 = 160 damage with Bullet_308Win from SkyFall_HK23e
23:10:30.504 [BaseBuildingRaiding] Wall_Metal_Down hitpoints decreased from 18519.2 to 18359.2
23:10:30.515 [BaseBuildingRaiding] ----------------------------------------------------------------------------------------
23:13:28.370 [VehicleEngine] Player "NULL" (id=NULL) stopped vehicle M1025 (id=70602606F742DB25C4D230A762076C2C pos=<7900.09, 321.19, 9861.81>)
23:13:28.828 [VehicleLeave] Player "DRON" (id=z2kvyqJl76pQ4vftnEZdzcVJOG7-nO7trxC-XJtn2ro=) left vehicle M1025 (id=70602606F742DB25C4D230A762076C2C pos=<7900.09, 321.19, 9861.81>)
23:15:30.686 [VehicleEnter] Player "Survivor" (id=0nsyEhm9INQy3se8y-fXlbMHVv4YsIXloUCLC2unDyo=) entered vehicle UAZ 469 Cargo Roofless (id=878B4C6AEE4146F4FCBF22A711F98754 pos=<8337.11, 322.6, 1643.6>) as driver
23:15:31.895 [VehicleEngine] Player "Survivor" (id=0nsyEhm9INQy3se8y-fXlbMHVv4YsIXloUCLC2unDyo=) started vehicle UAZ 469 Cargo Roofless (id=878B4C6AEE4146F4FCBF22A711F98754 pos=<8337.11, 322.6, 1643.6>)
23:15:40.176 [VehicleEngine] Player "NULL" (id=NULL) stopped vehicle UAZ 469 Cargo Roofless (id=878B4C6AEE4146F4FCBF22A711F98754 pos=<8339.25, 322.62, 1646.12>)
23:15:40.208 [VehicleLeave] Player "Survivor" (id=0nsyEhm9INQy3se8y-fXlbMHVv4YsIXloUCLC2unDyo=) left vehicle UAZ 469 Cargo Roofless (id=878B4C6AEE4146F4FCBF22A711F98754 pos=<8339.25, 322.62, 1646.12>)
23:15:47.368 [VehicleEnter] Player "Survivor" (id=0nsyEhm9INQy3se8y-fXlbMHVv4YsIXloUCLC2unDyo=) entered vehicle Land Rover Defender (id=CBB2CDFD12489855DC685EBA5C9B2FF7 pos=<8333.64, 322.44, 1640.09>) as driver
23:15:48.924 [VehicleEngine] Player "Survivor" (id=0nsyEhm9INQy3se8y-fXlbMHVv4YsIXloUCLC2unDyo=) started vehicle Land Rover Defender (id=CBB2CDFD12489855DC685EBA5C9B2FF7 pos=<8333.64, 322.44, 1640.09>)
23:15:58.014 [VehicleEngine] Player "NULL" (id=NULL) stopped vehicle Land Rover Defender (id=CBB2CDFD12489855DC685EBA5C9B2FF7 pos=<8335.68, 322.53, 1642.66>)
23:15:58.062 [VehicleLeave] Player "Survivor" (id=0nsyEhm9INQy3se8y-fXlbMHVv4YsIXloUCLC2unDyo=) left vehicle Land Rover Defender (id=CBB2CDFD12489855DC685EBA5C9B2FF7 pos=<8335.68, 322.53, 1642.66>)
23:26:24.557 [VehicleEnter] Player "DRON" (id=z2kvyqJl76pQ4vftnEZdzcVJOG7-nO7trxC-XJtn2ro=) entered vehicle M1025 (id=70602606F742DB25C4D230A762076C2C pos=<7900.09, 321.19, 9861.81>) as driver
23:26:28.535 [VehicleEngine] Player "DRON" (id=z2kvyqJl76pQ4vftnEZdzcVJOG7-nO7trxC-XJtn2ro=) started vehicle M1025 (id=70602606F742DB25C4D230A762076C2C pos=<7900.09, 321.19, 9861.81>)
23:28:42.428 [AI Object Patrol 00042] Spawning 3 East bots at <7791.732422, 254.696335, 7875.328613>
23:28:42.468 [AI Object Patrol 00042] Global patrol count: 2
23:28:42.479 [AI Object Patrol 00042] HelicopterWreck category patrol count: 1
23:32:53.129 [VehicleEngine] Player "NULL" (id=NULL) stopped vehicle M1025 (id=70602606F742DB25C4D230A762076C2C pos=<6118.51, 264.01, 6944.57>)
23:32:53.599 [VehicleLeave] Player "DRON" (id=z2kvyqJl76pQ4vftnEZdzcVJOG7-nO7trxC-XJtn2ro=) left vehicle M1025 (id=70602606F742DB25C4D230A762076C2C pos=<6118.51, 264.01, 6944.57>)
23:33:01.862 [VehicleEnter] Player "DRON" (id=z2kvyqJl76pQ4vftnEZdzcVJOG7-nO7trxC-XJtn2ro=) entered vehicle M1025 (id=70602606F742DB25C4D230A762076C2C pos=<6118.51, 264.01, 6944.57>) as driver
23:33:04.869 [VehicleEngine] Player "DRON" (id=z2kvyqJl76pQ4vftnEZdzcVJOG7-nO7trxC-XJtn2ro=) started vehicle M1025 (id=70602606F742DB25C4D230A762076C2C pos=<6118.51, 264.01, 6944.57>)
23:33:18.005 [VehicleEngine] Player "NULL" (id=NULL) stopped vehicle M1025 (id=70602606F742DB25C4D230A762076C2C pos=<6097.52, 263.97, 6948.9>)
23:33:18.467 [VehicleLeave] Player "DRON" (id=z2kvyqJl76pQ4vftnEZdzcVJOG7-nO7trxC-XJtn2ro=) left vehicle M1025 (id=70602606F742DB25C4D230A762076C2C pos=<6097.52, 263.97, 6948.9>)
23:40:38.678 [AI Object Patrol 00042] Despawning 3 East bots (spawn position <7791.732422, 254.696335, 7875.328613>, 0/3 deceased)
23:40:38.689 [AI Object Patrol 00042] Global patrol count: 1
23:40:38.699 [AI Object Patrol 00042] HelicopterWreck category patrol count: 0
23:53:21.245 [VehicleEnter] Player "Survivor" (id=0nsyEhm9INQy3se8y-fXlbMHVv4YsIXloUCLC2unDyo=) entered vehicle UAZ 469 Cargo Roofless (id=878B4C6AEE4146F4FCBF22A711F98754 pos=<8339.25, 322.62, 1646.12>) as driver
23:53:23.456 [VehicleEngine] Player "Survivor" (id=0nsyEhm9INQy3se8y-fXlbMHVv4YsIXloUCLC2unDyo=) started vehicle UAZ 469 Cargo Roofless (id=878B4C6AEE4146F4FCBF22A711F98754 pos=<8339.25, 322.62, 1646.12>)
23:53:29.834 [VehicleEngine] Player "NULL" (id=NULL) stopped vehicle UAZ 469 Cargo Roofless (id=878B4C6AEE4146F4FCBF22A711F98754 pos=<8343.18, 322.65, 1649.31>)
23:53:29.868 [VehicleLeave] Player "Survivor" (id=0nsyEhm9INQy3se8y-fXlbMHVv4YsIXloUCLC2unDyo=) left vehicle UAZ 469 Cargo Roofless (id=878B4C6AEE4146F4FCBF22A711F98754 pos=<8343.18, 322.65, 1649.31>)
23:53:35.779 [VehicleEnter] Player "Survivor" (id=0nsyEhm9INQy3se8y-fXlbMHVv4YsIXloUCLC2unDyo=) entered vehicle Land Rover Defender (id=CBB2CDFD12489855DC685EBA5C9B2FF7 pos=<8335.68, 322.52, 1642.66>) as driver
23:53:39.939 [VehicleEngine] Player "Survivor" (id=0nsyEhm9INQy3se8y-fXlbMHVv4YsIXloUCLC2unDyo=) started vehicle Land Rover Defender (id=CBB2CDFD12489855DC685EBA5C9B2FF7 pos=<8335.68, 322.53, 1642.66>)
23:54:18.092 [VehicleEngine] Player "NULL" (id=NULL) stopped vehicle Land Rover Defender (id=CBB2CDFD12489855DC685EBA5C9B2FF7 pos=<8345.46, 322.59, 1646.14>)
23:54:18.135 [VehicleLeave] Player "Survivor" (id=0nsyEhm9INQy3se8y-fXlbMHVv4YsIXloUCLC2unDyo=) left vehicle Land Rover Defender (id=CBB2CDFD12489855DC685EBA5C9B2FF7 pos=<8345.46, 322.59, 1646.14>)
23:54:23.464 [VehicleEnter] Player "Survivor" (id=0nsyEhm9INQy3se8y-fXlbMHVv4YsIXloUCLC2unDyo=) entered vehicle UAZ 469 Cargo Roofless (id=878B4C6AEE4146F4FCBF22A711F98754 pos=<8343.79, 322.65, 1649.73>) as driver
23:54:24.755 [VehicleEngine] Player "Survivor" (id=0nsyEhm9INQy3se8y-fXlbMHVv4YsIXloUCLC2unDyo=) started vehicle UAZ 469 Cargo Roofless (id=878B4C6AEE4146F4FCBF22A711F98754 pos=<8343.79, 322.65, 1649.73>)
23:54:41.853 [VehicleEngine] Player "NULL" (id=NULL) stopped vehicle UAZ 469 Cargo Roofless (id=878B4C6AEE4146F4FCBF22A711F98754 pos=<8343.2, 322.66, 1650.04>)
23:54:41.899 [VehicleLeave] Player "Survivor" (id=0nsyEhm9INQy3se8y-fXlbMHVv4YsIXloUCLC2unDyo=) left vehicle UAZ 469 Cargo Roofless (id=878B4C6AEE4146F4FCBF22A711F98754 pos=<8343.2, 322.66, 1650.04>)
23:54:48.322 [VehicleEnter] Player "Survivor" (id=0nsyEhm9INQy3se8y-fXlbMHVv4YsIXloUCLC2unDyo=) entered vehicle Land Rover Defender (id=CBB2CDFD12489855DC685EBA5C9B2FF7 pos=<8345.46, 322.59, 1646.14>) as driver
23:54:49.472 [VehicleEngine] Player "Survivor" (id=0nsyEhm9INQy3se8y-fXlbMHVv4YsIXloUCLC2unDyo=) started vehicle Land Rover Defender (id=CBB2CDFD12489855DC685EBA5C9B2FF7 pos=<8345.46, 322.59, 1646.14>)
23:55:21.487 [VehicleEngine] Player "NULL" (id=NULL) stopped vehicle Land Rover Defender (id=CBB2CDFD12489855DC685EBA5C9B2FF7 pos=<8345.15, 322.6, 1648.13>)
23:55:21.543 [VehicleLeave] Player "Survivor" (id=0nsyEhm9INQy3se8y-fXlbMHVv4YsIXloUCLC2unDyo=) left vehicle Land Rover Defender (id=CBB2CDFD12489855DC685EBA5C9B2FF7 pos=<8345.15, 322.6, 1648.13>)
00:15:45.959 [VehicleEnter] Player "DRON" (id=z2kvyqJl76pQ4vftnEZdzcVJOG7-nO7trxC-XJtn2ro=) entered vehicle UH-1H (id=7A402F25C346157FDBF9BA9E555FDC1B pos=<7883.49, 320.55, 9802.18>) as pilot
00:15:50.340 [VehicleLeave] Player "DRON" (id=z2kvyqJl76pQ4vftnEZdzcVJOG7-nO7trxC-XJtn2ro=) left vehicle UH-1H (id=7A402F25C346157FDBF9BA9E555FDC1B pos=<7883.49, 320.55, 9802.18>)
00:18:16.661 [VehicleEnter] Player "DRON" (id=z2kvyqJl76pQ4vftnEZdzcVJOG7-nO7trxC-XJtn2ro=) entered vehicle UH-1H (id=7A402F25C346157FDBF9BA9E555FDC1B pos=<7883.49, 320.55, 9802.18>) as pilot
00:18:22.159 [VehicleEngine] Player "DRON" (id=z2kvyqJl76pQ4vftnEZdzcVJOG7-nO7trxC-XJtn2ro=) started vehicle UH-1H (id=7A402F25C346157FDBF9BA9E555FDC1B pos=<7883.49, 320.55, 9802.18>)
00:20:01.211 [VehicleEngine] Player "NULL" (id=NULL) stopped vehicle UH-1H (id=7A402F25C346157FDBF9BA9E555FDC1B pos=<7894.55, 323.05, 9807.99>)
00:20:01.253 [VehicleLeave] Player "DRON" (id=z2kvyqJl76pQ4vftnEZdzcVJOG7-nO7trxC-XJtn2ro=) left vehicle UH-1H (id=7A402F25C346157FDBF9BA9E555FDC1B pos=<7894.55, 323.05, 9807.99>)
00:22:37.560 [VehicleEnter] Player "DRON" (id=z2kvyqJl76pQ4vftnEZdzcVJOG7-nO7trxC-XJtn2ro=) entered vehicle UH-1H (id=7A402F25C346157FDBF9BA9E555FDC1B pos=<7894.44, 323.05, 9807.72>) as passenger
00:22:40.724 [VehicleLeave] Player "DRON" (id=z2kvyqJl76pQ4vftnEZdzcVJOG7-nO7trxC-XJtn2ro=) left vehicle UH-1H (id=7A402F25C346157FDBF9BA9E555FDC1B pos=<7894.44, 323.05, 9807.72>)
00:22:47.581 [VehicleEnter] Player "DRON" (id=z2kvyqJl76pQ4vftnEZdzcVJOG7-nO7trxC-XJtn2ro=) entered vehicle UH-1H (id=7A402F25C346157FDBF9BA9E555FDC1B pos=<7894.44, 323.05, 9807.72>) as pilot
00:22:58.188 [VehicleLeave] Player "DRON" (id=z2kvyqJl76pQ4vftnEZdzcVJOG7-nO7trxC-XJtn2ro=) left vehicle UH-1H (id=7A402F25C346157FDBF9BA9E555FDC1B pos=<7894.44, 323.05, 9807.72>)
00:23:12.208 [VehicleEnter] Player "DRON" (id=z2kvyqJl76pQ4vftnEZdzcVJOG7-nO7trxC-XJtn2ro=) entered vehicle UH-1H (id=7A402F25C346157FDBF9BA9E555FDC1B pos=<7894.44, 323.05, 9807.72>) as pilot
00:23:16.205 [VehicleEngine] Player "DRON" (id=z2kvyqJl76pQ4vftnEZdzcVJOG7-nO7trxC-XJtn2ro=) started vehicle UH-1H (id=7A402F25C346157FDBF9BA9E555FDC1B pos=<7894.44, 323.05, 9807.72>)
00:25:11.520 [VehicleEngine] Player "DRON" (id=z2kvyqJl76pQ4vftnEZdzcVJOG7-nO7trxC-XJtn2ro=) stopped vehicle UH-1H (id=7A402F25C346157FDBF9BA9E555FDC1B pos=<7902.81, 323.3, 9831.12>)
00:25:14.889 [VehicleLeave] Player "DRON" (id=z2kvyqJl76pQ4vftnEZdzcVJOG7-nO7trxC-XJtn2ro=) left vehicle UH-1H (id=7A402F25C346157FDBF9BA9E555FDC1B pos=<7902.81, 323.3, 9831.12>)
00:29:39.143 [VehicleEnter] Player "DRON" (id=z2kvyqJl76pQ4vftnEZdzcVJOG7-nO7trxC-XJtn2ro=) entered vehicle UH-1H (id=7A402F25C346157FDBF9BA9E555FDC1B pos=<7902.81, 323.3, 9831.12>) as pilot
00:29:42.422 [VehicleEngine] Player "DRON" (id=z2kvyqJl76pQ4vftnEZdzcVJOG7-nO7trxC-XJtn2ro=) started vehicle UH-1H (id=7A402F25C346157FDBF9BA9E555FDC1B pos=<7902.81, 323.3, 9831.12>)
00:30:14.575 [AI Patrol 00015] Despawning 3 East bots (spawn position <7524.924805, 287.675842, 2568.999512>, 0/3 deceased)
00:30:14.586 [AI Patrol 00015] Global patrol count: 0
00:30:14.598 [AI Patrol 00015] Patrol category patrol count: 0
00:32:08.066 [VehicleEngine] Player "DRON" (id=z2kvyqJl76pQ4vftnEZdzcVJOG7-nO7trxC-XJtn2ro=) stopped vehicle UH-1H (id=7A402F25C346157FDBF9BA9E555FDC1B pos=<7912.79, 320.52, 9835.88>)
00:32:14.625 [VehicleEngine] Player "DRON" (id=z2kvyqJl76pQ4vftnEZdzcVJOG7-nO7trxC-XJtn2ro=) started vehicle UH-1H (id=7A402F25C346157FDBF9BA9E555FDC1B pos=<7912.75, 320.53, 9835.92>)
00:32:39.037 [VehicleEngine] Player "DRON" (id=z2kvyqJl76pQ4vftnEZdzcVJOG7-nO7trxC-XJtn2ro=) stopped vehicle UH-1H (id=7A402F25C346157FDBF9BA9E555FDC1B pos=<7912.73, 320.58, 9836.08>)
00:32:43.813 [VehicleEngine] Player "DRON" (id=z2kvyqJl76pQ4vftnEZdzcVJOG7-nO7trxC-XJtn2ro=) started vehicle UH-1H (id=7A402F25C346157FDBF9BA9E555FDC1B pos=<7912.72, 320.54, 9836.12>)
00:34:45.667 [VehicleEngine] Player "DRON" (id=z2kvyqJl76pQ4vftnEZdzcVJOG7-nO7trxC-XJtn2ro=) stopped vehicle UH-1H (id=7A402F25C346157FDBF9BA9E555FDC1B pos=<8065.54, 335.86, 9378.66>)
00:35:05.676 [VehicleLeave] Player "DRON" (id=z2kvyqJl76pQ4vftnEZdzcVJOG7-nO7trxC-XJtn2ro=) left vehicle UH-1H (id=7A402F25C346157FDBF9BA9E555FDC1B pos=<7960.65, 295.11, 9369.18>)
00:39:39.209 [VehicleDestroyed] Boat_01_Blue (id=8C7FDB736B43E934B50DB3AAB5EA5F4B pos=<3248.59, 169.94, 8945.64>)
00:45:56.999 [VehicleDeleted] Boat_01_Blue (id=8C7FDB736B43E934B50DB3AAB5EA5F4B pos=<3248.59, 169.94, 8945.62>)
00:45:58.312 [AI Object Patrol 00056] Spawning 3 West bots at <6428.107422, 223.815430, 8144.220703>
00:45:58.349 [AI Object Patrol 00056] Global patrol count: 1
00:45:58.359 [AI Object Patrol 00056] ContaminatedArea category patrol count: 1
00:48:44.293 [AI Object Patrol 00056] Despawning 3 West bots (spawn position <6428.107422, 223.815430, 8144.220703>, 0/3 deceased)
00:48:44.460 [AI Object Patrol 00056] Global patrol count: 0
00:48:44.575 [AI Object Patrol 00056] ContaminatedArea category patrol count: 0
00:50:27.320 [AI Object Patrol 00060] Spawning 2 East bots at <7498.074219, 254.908829, 7042.161133>
00:50:27.355 [AI Object Patrol 00060] Global patrol count: 1
00:50:27.364 [AI Object Patrol 00060] HelicopterWreck category patrol count: 1
01:03:27.655 [AI Object Patrol 00060] Despawning 2 East bots (spawn position <7498.074219, 254.908829, 7042.161133>, 0/2 deceased)
01:03:27.665 [AI Object Patrol 00060] Global patrol count: 0
01:03:27.675 [AI Object Patrol 00060] HelicopterWreck category patrol count: 0
