10:28:23.850 [AI Patrol 00014] Spawning 2 West bots at <7297.793457, 293.252930, 2924.081787>
10:28:31.979 [AI Patrol 00014] Global patrol count: 1
10:28:31.990 [AI Patrol 00014] Patrol category patrol count: 1
10:28:31.999 [AI Patrol 00013] Spawning 1 East bots at <7460.542969, 287.040009, 2580.957520>
10:28:32.029 [AI Patrol 00013] Global patrol count: 2
10:28:32.039 [AI Patrol 00013] Patrol category patrol count: 2
10:40:10.328 [AI Patrol 00015] Spawning 1 Civilian bots at <6689.410156, 328.542999, 3248.990234>
10:40:10.553 [AI Patrol 00015] Global patrol count: 3
10:40:10.739 [AI Patrol 00015] Patrol category patrol count: 3
10:40:15.225 [AI Patrol 00015] Civilian bots were wiped out (spawn position <6689.410156, 328.542999, 3248.990234>, 1/1 deceased)
10:40:15.257 [AI Patrol 00015] Global patrol count: 2
10:40:15.290 [AI Patrol 00015] Patrol category patrol count: 2
10:54:11.649 [AI Patrol 00013] East bots were wiped out (spawn position <7460.542969, 287.040009, 2580.957520>, 1/1 deceased)
10:54:11.703 [AI Patrol 00013] Global patrol count: 1
10:54:11.765 [AI Patrol 00013] Patrol category patrol count: 1
11:38:54.795 [VehicleEnter] Player "Mr. Blue" (id=Lw52hZyZO7pZP21eLhjYCVUz5rrRVAodhUgchUxGS8A=) entered vehicle Gyrocopter (id=6E84FF65E84850C42793EBBBEF7D8F7C pos=<10335.8, 223.98, 5907.87>) as pilot
11:38:56.549 [VehicleEngine] Player "Mr. Blue" (id=Lw52hZyZO7pZP21eLhjYCVUz5rrRVAodhUgchUxGS8A=) started vehicle Gyrocopter (id=6E84FF65E84850C42793EBBBEF7D8F7C pos=<10335.8, 223.98, 5907.87>)
11:39:51.875 [VehicleEngine] Player "NULL" (id=NULL) stopped vehicle Gyrocopter (id=6E84FF65E84850C42793EBBBEF7D8F7C pos=<10338.4, 224, 5906.38>)
11:39:51.907 [VehicleLeave] Player "Mr. Blue" (id=Lw52hZyZO7pZP21eLhjYCVUz5rrRVAodhUgchUxGS8A=) left vehicle Gyrocopter (id=6E84FF65E84850C42793EBBBEF7D8F7C pos=<10338.4, 224, 5906.38>)
18:13:32.300 [AI Object Patrol 00035] Spawning 1 East bots at <7778.185059, 347.249451, 1000.793823>
18:13:32.324 [AI Object Patrol 00035] Global patrol count: 2
18:13:32.334 [AI Object Patrol 00035] HelicopterWreck category patrol count: 1
19:00:33.292 [AI Object Patrol 00035] Despawning 1 East bots (spawn position <7778.185059, 347.249451, 1000.793823>, 0/1 deceased)
19:00:33.304 [AI Object Patrol 00035] Global patrol count: 1
19:00:33.315 [AI Object Patrol 00035] HelicopterWreck category patrol count: 0
19:09:17.265 [VehicleEnter] Player "Survivor" (id=0nsyEhm9INQy3se8y-fXlbMHVv4YsIXloUCLC2unDyo=) entered vehicle UAZ 469 Cargo Roofless (id=878B4C6AEE4146F4FCBF22A711F98754 pos=<8334.52, 322.51, 1640.2>) as driver
19:09:22.557 [VehicleEngine] Player "Survivor" (id=0nsyEhm9INQy3se8y-fXlbMHVv4YsIXloUCLC2unDyo=) started vehicle UAZ 469 Cargo Roofless (id=878B4C6AEE4146F4FCBF22A711F98754 pos=<8334.52, 322.51, 1640.2>)
19:10:24.732 [VehicleEngine] Player "NULL" (id=NULL) stopped vehicle UAZ 469 Cargo Roofless (id=878B4C6AEE4146F4FCBF22A711F98754 pos=<8328.92, 322.35, 1633.64>)
19:10:24.765 [VehicleLeave] Player "Survivor" (id=0nsyEhm9INQy3se8y-fXlbMHVv4YsIXloUCLC2unDyo=) left vehicle UAZ 469 Cargo Roofless (id=878B4C6AEE4146F4FCBF22A711F98754 pos=<8328.92, 322.35, 1633.64>)
19:10:34.038 [VehicleEnter] Player "Survivor" (id=0nsyEhm9INQy3se8y-fXlbMHVv4YsIXloUCLC2unDyo=) entered vehicle UAZ 469 Cargo Roofless (id=878B4C6AEE4146F4FCBF22A711F98754 pos=<8328.92, 322.35, 1633.64>) as driver
19:10:36.437 [VehicleEngine] Player "Survivor" (id=0nsyEhm9INQy3se8y-fXlbMHVv4YsIXloUCLC2unDyo=) started vehicle UAZ 469 Cargo Roofless (id=878B4C6AEE4146F4FCBF22A711F98754 pos=<8328.92, 322.35, 1633.64>)
19:11:29.566 [VehicleEngine] Player "NULL" (id=NULL) stopped vehicle UAZ 469 Cargo Roofless (id=878B4C6AEE4146F4FCBF22A711F98754 pos=<8215.34, 264.82, 1517.71>)
19:11:29.611 [VehicleLeave] Player "Survivor" (id=0nsyEhm9INQy3se8y-fXlbMHVv4YsIXloUCLC2unDyo=) left vehicle UAZ 469 Cargo Roofless (id=878B4C6AEE4146F4FCBF22A711F98754 pos=<8215.34, 264.82, 1517.71>)
19:11:48.565 [VehicleEnter] Player "Survivor" (id=0nsyEhm9INQy3se8y-fXlbMHVv4YsIXloUCLC2unDyo=) entered vehicle UAZ 469 Cargo Roofless (id=878B4C6AEE4146F4FCBF22A711F98754 pos=<8215.34, 264.82, 1517.71>) as driver
19:11:49.980 [VehicleEngine] Player "Survivor" (id=0nsyEhm9INQy3se8y-fXlbMHVv4YsIXloUCLC2unDyo=) started vehicle UAZ 469 Cargo Roofless (id=878B4C6AEE4146F4FCBF22A711F98754 pos=<8215.34, 264.82, 1517.71>)
19:13:25.541 [AI Object Patrol 00057] Spawning 1 East bots at <7188.137695, 382.836243, 3701.886230>
19:13:25.565 [AI Object Patrol 00057] Global patrol count: 2
19:13:25.575 [AI Object Patrol 00057] HelicopterWreck category patrol count: 1
19:14:54.571 [VehicleEngine] Player "NULL" (id=NULL) stopped vehicle UAZ 469 Cargo Roofless (id=878B4C6AEE4146F4FCBF22A711F98754 pos=<7223.6, 384.06, 3636.67>)
19:14:54.616 [VehicleLeave] Player "Survivor" (id=0nsyEhm9INQy3se8y-fXlbMHVv4YsIXloUCLC2unDyo=) left vehicle UAZ 469 Cargo Roofless (id=878B4C6AEE4146F4FCBF22A711F98754 pos=<7223.6, 384.06, 3636.67>)
19:15:13.117 [VehicleEnter] Player "Survivor" (id=0nsyEhm9INQy3se8y-fXlbMHVv4YsIXloUCLC2unDyo=) entered vehicle UAZ 469 Cargo Roofless (id=878B4C6AEE4146F4FCBF22A711F98754 pos=<7223.6, 384.06, 3636.67>) as driver
19:15:14.683 [VehicleEngine] Player "Survivor" (id=0nsyEhm9INQy3se8y-fXlbMHVv4YsIXloUCLC2unDyo=) started vehicle UAZ 469 Cargo Roofless (id=878B4C6AEE4146F4FCBF22A711F98754 pos=<7223.6, 384.06, 3636.67>)
19:15:43.044 [AI Object Patrol 00051] Spawning 3 East bots at <6798.854980, 343.786407, 4816.341309>
19:15:43.129 [AI Object Patrol 00051] Global patrol count: 3
19:15:43.216 [AI Object Patrol 00051] HelicopterWreck category patrol count: 2
19:16:53.718 [VehicleEngine] Player "Survivor" (id=0nsyEhm9INQy3se8y-fXlbMHVv4YsIXloUCLC2unDyo=) stopped vehicle UAZ 469 Cargo Roofless (id=878B4C6AEE4146F4FCBF22A711F98754 pos=<6459.71, 388.84, 3937.82>)
19:18:12.216 [VehicleEngine] Player "Survivor" (id=0nsyEhm9INQy3se8y-fXlbMHVv4YsIXloUCLC2unDyo=) started vehicle UAZ 469 Cargo Roofless (id=878B4C6AEE4146F4FCBF22A711F98754 pos=<6459.71, 388.84, 3937.82>)
19:18:29.382 [VehicleEngine] Player "NULL" (id=NULL) stopped vehicle UAZ 469 Cargo Roofless (id=878B4C6AEE4146F4FCBF22A711F98754 pos=<6376.42, 383.81, 3886.78>)
19:18:29.425 [VehicleLeave] Player "Survivor" (id=0nsyEhm9INQy3se8y-fXlbMHVv4YsIXloUCLC2unDyo=) left vehicle UAZ 469 Cargo Roofless (id=878B4C6AEE4146F4FCBF22A711F98754 pos=<6376.42, 383.81, 3886.78>)
19:19:31.815 [VehicleEnter] Player "Survivor" (id=0nsyEhm9INQy3se8y-fXlbMHVv4YsIXloUCLC2unDyo=) entered vehicle UAZ 469 Cargo Roofless (id=878B4C6AEE4146F4FCBF22A711F98754 pos=<6376.42, 383.81, 3886.78>) as driver
19:19:33.869 [VehicleEngine] Player "Survivor" (id=0nsyEhm9INQy3se8y-fXlbMHVv4YsIXloUCLC2unDyo=) started vehicle UAZ 469 Cargo Roofless (id=878B4C6AEE4146F4FCBF22A711F98754 pos=<6376.42, 383.81, 3886.78>)
19:19:53.262 [VehicleEngine] Player "NULL" (id=NULL) stopped vehicle UAZ 469 Cargo Roofless (id=878B4C6AEE4146F4FCBF22A711F98754 pos=<6257.24, 382.45, 3959.19>)
19:19:53.722 [VehicleLeave] Player "Survivor" (id=0nsyEhm9INQy3se8y-fXlbMHVv4YsIXloUCLC2unDyo=) left vehicle UAZ 469 Cargo Roofless (id=878B4C6AEE4146F4FCBF22A711F98754 pos=<6256.09, 382.45, 3960.24>)
19:20:38.081 [VehicleEnter] Player "Survivor" (id=0nsyEhm9INQy3se8y-fXlbMHVv4YsIXloUCLC2unDyo=) entered vehicle UAZ 469 Cargo Roofless (id=878B4C6AEE4146F4FCBF22A711F98754 pos=<6255.41, 382.45, 3960.85>) as driver
19:20:40.848 [VehicleEngine] Player "Survivor" (id=0nsyEhm9INQy3se8y-fXlbMHVv4YsIXloUCLC2unDyo=) started vehicle UAZ 469 Cargo Roofless (id=878B4C6AEE4146F4FCBF22A711F98754 pos=<6255.41, 382.45, 3960.85>)
19:20:52.948 [VehicleEngine] Player "Survivor" (id=0nsyEhm9INQy3se8y-fXlbMHVv4YsIXloUCLC2unDyo=) stopped vehicle UAZ 469 Cargo Roofless (id=878B4C6AEE4146F4FCBF22A711F98754 pos=<6255.41, 382.45, 3960.85>)
19:20:57.878 [VehicleEngine] Player "Survivor" (id=0nsyEhm9INQy3se8y-fXlbMHVv4YsIXloUCLC2unDyo=) started vehicle UAZ 469 Cargo Roofless (id=878B4C6AEE4146F4FCBF22A711F98754 pos=<6255.41, 382.45, 3960.85>)
19:21:14.121 [VehicleEngine] Player "NULL" (id=NULL) stopped vehicle UAZ 469 Cargo Roofless (id=878B4C6AEE4146F4FCBF22A711F98754 pos=<6255.41, 382.45, 3960.85>)
19:21:14.136 [VehicleLeave] Player "Survivor" (id=0nsyEhm9INQy3se8y-fXlbMHVv4YsIXloUCLC2unDyo=) left vehicle UAZ 469 Cargo Roofless (id=878B4C6AEE4146F4FCBF22A711F98754 pos=<6255.41, 382.45, 3960.85>)
19:22:20.151 [VehicleEnter] Player "Survivor" (id=0nsyEhm9INQy3se8y-fXlbMHVv4YsIXloUCLC2unDyo=) entered vehicle UAZ 469 Cargo Roofless (id=878B4C6AEE4146F4FCBF22A711F98754 pos=<6255.45, 382.45, 3960.91>) as driver
19:22:23.449 [VehicleEngine] Player "Survivor" (id=0nsyEhm9INQy3se8y-fXlbMHVv4YsIXloUCLC2unDyo=) started vehicle UAZ 469 Cargo Roofless (id=878B4C6AEE4146F4FCBF22A711F98754 pos=<6255.45, 382.45, 3960.91>)
19:22:31.515 [VehicleEngine] Player "NULL" (id=NULL) stopped vehicle UAZ 469 Cargo Roofless (id=878B4C6AEE4146F4FCBF22A711F98754 pos=<6254.2, 382.45, 3975.94>)
19:22:31.550 [VehicleLeave] Player "Survivor" (id=0nsyEhm9INQy3se8y-fXlbMHVv4YsIXloUCLC2unDyo=) left vehicle UAZ 469 Cargo Roofless (id=878B4C6AEE4146F4FCBF22A711F98754 pos=<6254.2, 382.45, 3975.94>)
19:23:06.699 [VehicleEnter] Player "Survivor" (id=0nsyEhm9INQy3se8y-fXlbMHVv4YsIXloUCLC2unDyo=) entered vehicle UAZ 469 Cargo Roofless (id=878B4C6AEE4146F4FCBF22A711F98754 pos=<6254.2, 382.45, 3975.94>) as driver
19:23:08.959 [VehicleEngine] Player "Survivor" (id=0nsyEhm9INQy3se8y-fXlbMHVv4YsIXloUCLC2unDyo=) started vehicle UAZ 469 Cargo Roofless (id=878B4C6AEE4146F4FCBF22A711F98754 pos=<6254.2, 382.45, 3975.94>)
19:23:23.119 [VehicleEngine] Player "NULL" (id=NULL) stopped vehicle UAZ 469 Cargo Roofless (id=878B4C6AEE4146F4FCBF22A711F98754 pos=<6209.89, 382.95, 4007.71>)
19:23:23.144 [VehicleLeave] Player "Survivor" (id=0nsyEhm9INQy3se8y-fXlbMHVv4YsIXloUCLC2unDyo=) left vehicle UAZ 469 Cargo Roofless (id=878B4C6AEE4146F4FCBF22A711F98754 pos=<6209.89, 382.95, 4007.71>)
19:28:10.784 [VehicleEnter] Player "Survivor" (id=0nsyEhm9INQy3se8y-fXlbMHVv4YsIXloUCLC2unDyo=) entered vehicle UAZ 469 Cargo Roofless (id=878B4C6AEE4146F4FCBF22A711F98754 pos=<6209.89, 382.95, 4007.71>) as driver
19:28:12.455 [VehicleEngine] Player "Survivor" (id=0nsyEhm9INQy3se8y-fXlbMHVv4YsIXloUCLC2unDyo=) started vehicle UAZ 469 Cargo Roofless (id=878B4C6AEE4146F4FCBF22A711F98754 pos=<6209.89, 382.95, 4007.71>)
19:28:51.895 [AI Object Patrol 00051] Despawning 1 East bots (spawn position <6798.854980, 343.786407, 4816.341309>, 2/3 deceased)
19:28:51.905 [AI Object Patrol 00051] Global patrol count: 2
19:28:51.916 [AI Object Patrol 00051] HelicopterWreck category patrol count: 1
19:28:54.366 [VehicleEngine] Player "NULL" (id=NULL) stopped vehicle UAZ 469 Cargo Roofless (id=878B4C6AEE4146F4FCBF22A711F98754 pos=<5888.22, 397.37, 4094.27>)
19:28:54.408 [VehicleLeave] Player "Survivor" (id=0nsyEhm9INQy3se8y-fXlbMHVv4YsIXloUCLC2unDyo=) left vehicle UAZ 469 Cargo Roofless (id=878B4C6AEE4146F4FCBF22A711F98754 pos=<5888.22, 397.37, 4094.27>)
19:32:02.321 [VehicleEnter] Player "Survivor" (id=0nsyEhm9INQy3se8y-fXlbMHVv4YsIXloUCLC2unDyo=) entered vehicle UAZ 469 Cargo Roofless (id=878B4C6AEE4146F4FCBF22A711F98754 pos=<5888.22, 397.37, 4094.27>) as driver
19:32:04.467 [VehicleLeave] Player "Survivor" (id=0nsyEhm9INQy3se8y-fXlbMHVv4YsIXloUCLC2unDyo=) left vehicle UAZ 469 Cargo Roofless (id=878B4C6AEE4146F4FCBF22A711F98754 pos=<5888.22, 397.37, 4094.27>)
19:32:45.175 [VehicleEnter] Player "Survivor" (id=0nsyEhm9INQy3se8y-fXlbMHVv4YsIXloUCLC2unDyo=) entered vehicle UAZ 469 Cargo Roofless (id=878B4C6AEE4146F4FCBF22A711F98754 pos=<5888.22, 397.37, 4094.27>) as driver
19:33:12.737 [VehicleEngine] Player "Survivor" (id=0nsyEhm9INQy3se8y-fXlbMHVv4YsIXloUCLC2unDyo=) started vehicle UAZ 469 Cargo Roofless (id=878B4C6AEE4146F4FCBF22A711F98754 pos=<5888.22, 397.37, 4094.27>)
19:34:10.271 [VehicleEngine] Player "NULL" (id=NULL) stopped vehicle UAZ 469 Cargo Roofless (id=878B4C6AEE4146F4FCBF22A711F98754 pos=<5602.25, 421.34, 3776.71>)
19:34:10.297 [VehicleLeave] Player "Survivor" (id=0nsyEhm9INQy3se8y-fXlbMHVv4YsIXloUCLC2unDyo=) left vehicle UAZ 469 Cargo Roofless (id=878B4C6AEE4146F4FCBF22A711F98754 pos=<5602.25, 421.34, 3776.71>)
19:38:19.404 [AI Object Patrol 00057] Despawning 1 East bots (spawn position <7188.137695, 382.836243, 3701.886230>, 0/1 deceased)
19:38:19.416 [AI Object Patrol 00057] Global patrol count: 1
19:38:19.429 [AI Object Patrol 00057] HelicopterWreck category patrol count: 0
19:40:47.011 [VehicleEnter] Player "Survivor" (id=0nsyEhm9INQy3se8y-fXlbMHVv4YsIXloUCLC2unDyo=) entered vehicle UAZ 469 Cargo Roofless (id=878B4C6AEE4146F4FCBF22A711F98754 pos=<5602.25, 421.34, 3776.71>) as driver
19:40:51.593 [VehicleEngine] Player "Survivor" (id=0nsyEhm9INQy3se8y-fXlbMHVv4YsIXloUCLC2unDyo=) started vehicle UAZ 469 Cargo Roofless (id=878B4C6AEE4146F4FCBF22A711F98754 pos=<5602.25, 421.34, 3776.71>)
19:41:21.920 [VehicleEngine] Player "NULL" (id=NULL) stopped vehicle UAZ 469 Cargo Roofless (id=878B4C6AEE4146F4FCBF22A711F98754 pos=<5686.07, 419.57, 3754.69>)
19:41:21.943 [VehicleLeave] Player "Survivor" (id=0nsyEhm9INQy3se8y-fXlbMHVv4YsIXloUCLC2unDyo=) left vehicle UAZ 469 Cargo Roofless (id=878B4C6AEE4146F4FCBF22A711F98754 pos=<5686.07, 419.57, 3754.69>)
19:41:33.776 [VehicleEnter] Player "Survivor" (id=0nsyEhm9INQy3se8y-fXlbMHVv4YsIXloUCLC2unDyo=) entered vehicle UAZ 469 Cargo Roofless (id=878B4C6AEE4146F4FCBF22A711F98754 pos=<5686.07, 419.57, 3754.69>) as driver
19:41:36.115 [VehicleEngine] Player "Survivor" (id=0nsyEhm9INQy3se8y-fXlbMHVv4YsIXloUCLC2unDyo=) started vehicle UAZ 469 Cargo Roofless (id=878B4C6AEE4146F4FCBF22A711F98754 pos=<5686.07, 419.57, 3754.69>)
19:42:23.610 [VehicleEngine] Player "Survivor" (id=0nsyEhm9INQy3se8y-fXlbMHVv4YsIXloUCLC2unDyo=) stopped vehicle UAZ 469 Cargo Roofless (id=878B4C6AEE4146F4FCBF22A711F98754 pos=<5653.54, 419.49, 3730.81>)
19:43:09.321 [VehicleEngine] Player "Survivor" (id=0nsyEhm9INQy3se8y-fXlbMHVv4YsIXloUCLC2unDyo=) started vehicle UAZ 469 Cargo Roofless (id=878B4C6AEE4146F4FCBF22A711F98754 pos=<5653.54, 419.49, 3730.81>)
19:43:27.617 [VehicleEngine] Player "NULL" (id=NULL) stopped vehicle UAZ 469 Cargo Roofless (id=878B4C6AEE4146F4FCBF22A711F98754 pos=<5718.73, 419.58, 3767.74>)
19:43:27.709 [VehicleLeave] Player "Survivor" (id=0nsyEhm9INQy3se8y-fXlbMHVv4YsIXloUCLC2unDyo=) left vehicle UAZ 469 Cargo Roofless (id=878B4C6AEE4146F4FCBF22A711F98754 pos=<5718.73, 419.58, 3767.74>)
19:44:12.079 [VehicleEnter] Player "Survivor" (id=0nsyEhm9INQy3se8y-fXlbMHVv4YsIXloUCLC2unDyo=) entered vehicle UAZ 469 Cargo Roofless (id=878B4C6AEE4146F4FCBF22A711F98754 pos=<5718.73, 419.58, 3767.74>) as driver
19:44:14.366 [VehicleEngine] Player "Survivor" (id=0nsyEhm9INQy3se8y-fXlbMHVv4YsIXloUCLC2unDyo=) started vehicle UAZ 469 Cargo Roofless (id=878B4C6AEE4146F4FCBF22A711F98754 pos=<5718.73, 419.58, 3767.74>)
19:44:30.468 [VehicleEngine] Player "NULL" (id=NULL) stopped vehicle UAZ 469 Cargo Roofless (id=878B4C6AEE4146F4FCBF22A711F98754 pos=<5722.33, 419.58, 3808.39>)
19:44:30.507 [VehicleLeave] Player "Survivor" (id=0nsyEhm9INQy3se8y-fXlbMHVv4YsIXloUCLC2unDyo=) left vehicle UAZ 469 Cargo Roofless (id=878B4C6AEE4146F4FCBF22A711F98754 pos=<5722.33, 419.58, 3808.39>)
19:45:19.912 [VehicleEnter] Player "Survivor" (id=0nsyEhm9INQy3se8y-fXlbMHVv4YsIXloUCLC2unDyo=) entered vehicle UAZ 469 Cargo Roofless (id=878B4C6AEE4146F4FCBF22A711F98754 pos=<5722.33, 419.58, 3808.39>) as driver
19:45:22.111 [VehicleEngine] Player "Survivor" (id=0nsyEhm9INQy3se8y-fXlbMHVv4YsIXloUCLC2unDyo=) started vehicle UAZ 469 Cargo Roofless (id=878B4C6AEE4146F4FCBF22A711F98754 pos=<5722.33, 419.58, 3808.39>)
19:47:09.111 [VehicleEngine] Player "NULL" (id=NULL) stopped vehicle UAZ 469 Cargo Roofless (id=878B4C6AEE4146F4FCBF22A711F98754 pos=<6538.62, 383.92, 3965.63>)
19:47:09.125 [VehicleLeave] Player "Survivor" (id=0nsyEhm9INQy3se8y-fXlbMHVv4YsIXloUCLC2unDyo=) left vehicle UAZ 469 Cargo Roofless (id=878B4C6AEE4146F4FCBF22A711F98754 pos=<6538.63, 383.91, 3965.63>)
19:47:16.698 [VehicleEnter] Player "Survivor" (id=0nsyEhm9INQy3se8y-fXlbMHVv4YsIXloUCLC2unDyo=) entered vehicle UAZ 469 Cargo Roofless (id=878B4C6AEE4146F4FCBF22A711F98754 pos=<6538.71, 383.91, 3965.65>) as driver
19:47:18.391 [VehicleEngine] Player "Survivor" (id=0nsyEhm9INQy3se8y-fXlbMHVv4YsIXloUCLC2unDyo=) started vehicle UAZ 469 Cargo Roofless (id=878B4C6AEE4146F4FCBF22A711F98754 pos=<6538.71, 383.91, 3965.65>)
19:48:20.128 [AI Object Patrol 00063] Spawning 1 West bots at <7308.815918, 289.250000, 2853.714844>
19:48:20.156 [AI Object Patrol 00063] Global patrol count: 2
19:48:20.166 [AI Object Patrol 00063] ContaminatedArea category patrol count: 1
19:56:58.281 [VehicleEngine] Player "NULL" (id=NULL) stopped vehicle UAZ 469 Cargo Roofless (id=878B4C6AEE4146F4FCBF22A711F98754 pos=<8327.08, 320.73, 1626.14>)
19:56:58.294 [VehicleLeave] Player "Survivor" (id=0nsyEhm9INQy3se8y-fXlbMHVv4YsIXloUCLC2unDyo=) left vehicle UAZ 469 Cargo Roofless (id=878B4C6AEE4146F4FCBF22A711F98754 pos=<8327.08, 320.73, 1626.14>)
19:57:07.537 [VehicleEnter] Player "Survivor" (id=0nsyEhm9INQy3se8y-fXlbMHVv4YsIXloUCLC2unDyo=) entered vehicle UAZ 469 Cargo Roofless (id=878B4C6AEE4146F4FCBF22A711F98754 pos=<8327.08, 320.73, 1626.14>) as driver
19:57:09.395 [VehicleEngine] Player "Survivor" (id=0nsyEhm9INQy3se8y-fXlbMHVv4YsIXloUCLC2unDyo=) started vehicle UAZ 469 Cargo Roofless (id=878B4C6AEE4146F4FCBF22A711F98754 pos=<8327.08, 320.73, 1626.14>)
19:57:27.715 [VehicleEngine] Player "NULL" (id=NULL) stopped vehicle UAZ 469 Cargo Roofless (id=878B4C6AEE4146F4FCBF22A711F98754 pos=<8334.41, 322.5, 1640.63>)
19:57:27.750 [VehicleLeave] Player "Survivor" (id=0nsyEhm9INQy3se8y-fXlbMHVv4YsIXloUCLC2unDyo=) left vehicle UAZ 469 Cargo Roofless (id=878B4C6AEE4146F4FCBF22A711F98754 pos=<8334.41, 322.5, 1640.63>)
19:57:35.292 [VehicleEnter] Player "Survivor" (id=0nsyEhm9INQy3se8y-fXlbMHVv4YsIXloUCLC2unDyo=) entered vehicle UAZ 469 Cargo Roofless (id=878B4C6AEE4146F4FCBF22A711F98754 pos=<8334.41, 322.5, 1640.63>) as driver
19:57:38.532 [VehicleLeave] Player "Survivor" (id=0nsyEhm9INQy3se8y-fXlbMHVv4YsIXloUCLC2unDyo=) left vehicle UAZ 469 Cargo Roofless (id=878B4C6AEE4146F4FCBF22A711F98754 pos=<8334.41, 322.5, 1640.63>)
19:58:02.997 [VehicleAttachments] Player "Survivor" (id=0nsyEhm9INQy3se8y-fXlbMHVv4YsIXloUCLC2unDyo=) detached Land Rover Defender Trunk (type=Expansion_Landrover_Trunk_Yellow) from vehicle Land Rover Defender (id=CBB2CDFD12489855DC685EBA5C9B2FF7 pos=<8344.97, 322.59, 1647.55>)
20:02:24.011 [AI Patrol 00014] West bots were wiped out (spawn position <7297.793457, 293.252930, 2924.081787>, 2/2 deceased)
20:02:24.021 [AI Patrol 00014] Global patrol count: 1
20:02:24.030 [AI Patrol 00014] Patrol category patrol count: 0
20:04:27.299 [VehicleEnter] Player "Survivor" (id=0nsyEhm9INQy3se8y-fXlbMHVv4YsIXloUCLC2unDyo=) entered vehicle Gyrocopter (id=961DFC0DD54BCF458A74E6A5EF960114 pos=<8339.3, 334.75, 1642.41>) as pilot
20:04:31.291 [VehicleLeave] Player "Survivor" (id=0nsyEhm9INQy3se8y-fXlbMHVv4YsIXloUCLC2unDyo=) left vehicle Gyrocopter (id=961DFC0DD54BCF458A74E6A5EF960114 pos=<8339.3, 334.75, 1642.44>)
20:05:45.776 [AI Object Patrol 00063] Despawning 1 West bots (spawn position <7308.815918, 289.250000, 2853.714844>, 0/1 deceased)
20:05:45.844 [AI Object Patrol 00063] Global patrol count: 0
20:05:45.943 [AI Object Patrol 00063] ContaminatedArea category patrol count: 0
20:06:47.886 [AI Object Patrol 00068] Spawning 2 East bots at <11147.996094, 248.949692, 6244.796875>
20:06:47.914 [AI Object Patrol 00068] Global patrol count: 1
20:06:47.924 [AI Object Patrol 00068] HelicopterWreck category patrol count: 1
20:07:11.452 [VehicleEnter] Player "Mr. Blue" (id=Lw52hZyZO7pZP21eLhjYCVUz5rrRVAodhUgchUxGS8A=) entered vehicle Gyrocopter (id=6E84FF65E84850C42793EBBBEF7D8F7C pos=<10338.4, 223.98, 5906.59>) as pilot
20:07:12.978 [VehicleEngine] Player "Mr. Blue" (id=Lw52hZyZO7pZP21eLhjYCVUz5rrRVAodhUgchUxGS8A=) started vehicle Gyrocopter (id=6E84FF65E84850C42793EBBBEF7D8F7C pos=<10338.4, 223.98, 5906.59>)
20:07:43.718 [AI Object Patrol 00072] Spawning 2 East bots at <11383.012695, 297.089050, 5144.495117>
20:07:43.747 [AI Object Patrol 00072] Global patrol count: 2
20:07:43.757 [AI Object Patrol 00072] HelicopterWreck category patrol count: 2
20:08:04.084 [VehicleEngine] Player "NULL" (id=NULL) stopped vehicle Gyrocopter (id=6E84FF65E84850C42793EBBBEF7D8F7C pos=<11266.9, 258.57, 6089.02>)
20:08:04.115 [VehicleLeave] Player "Mr. Blue" (id=Lw52hZyZO7pZP21eLhjYCVUz5rrRVAodhUgchUxGS8A=) left vehicle Gyrocopter (id=6E84FF65E84850C42793EBBBEF7D8F7C pos=<11266.9, 258.56, 6089.02>)
20:08:34.154 [AI Object Patrol 00068] East bots were wiped out (spawn position <11147.996094, 248.949692, 6244.796875>, 2/2 deceased)
20:08:34.164 [AI Object Patrol 00068] Global patrol count: 1
20:08:34.173 [AI Object Patrol 00068] HelicopterWreck category patrol count: 1
20:10:54.545 [VehicleEnter] Player "Mr. Blue" (id=Lw52hZyZO7pZP21eLhjYCVUz5rrRVAodhUgchUxGS8A=) entered vehicle Gyrocopter (id=6E84FF65E84850C42793EBBBEF7D8F7C pos=<11267, 258.53, 6088.37>) as pilot
20:10:55.887 [VehicleEngine] Player "Mr. Blue" (id=Lw52hZyZO7pZP21eLhjYCVUz5rrRVAodhUgchUxGS8A=) started vehicle Gyrocopter (id=6E84FF65E84850C42793EBBBEF7D8F7C pos=<11267, 258.53, 6088.37>)
20:11:52.757 [VehicleEngine] Player "NULL" (id=NULL) stopped vehicle Gyrocopter (id=6E84FF65E84850C42793EBBBEF7D8F7C pos=<11575, 305.92, 5022.32>)
20:11:52.780 [VehicleLeave] Player "Mr. Blue" (id=Lw52hZyZO7pZP21eLhjYCVUz5rrRVAodhUgchUxGS8A=) left vehicle Gyrocopter (id=6E84FF65E84850C42793EBBBEF7D8F7C pos=<11575, 305.92, 5022.32>)
20:13:02.598 [VehicleEnter] Player "Mr. Blue" (id=Lw52hZyZO7pZP21eLhjYCVUz5rrRVAodhUgchUxGS8A=) entered vehicle Gyrocopter (id=6E84FF65E84850C42793EBBBEF7D8F7C pos=<11575, 305.94, 5022.21>) as pilot
20:13:03.956 [VehicleEngine] Player "Mr. Blue" (id=Lw52hZyZO7pZP21eLhjYCVUz5rrRVAodhUgchUxGS8A=) started vehicle Gyrocopter (id=6E84FF65E84850C42793EBBBEF7D8F7C pos=<11575, 305.94, 5022.21>)
20:15:19.387 [VehicleEngine] Player "NULL" (id=NULL) stopped vehicle Gyrocopter (id=6E84FF65E84850C42793EBBBEF7D8F7C pos=<10343.6, 224, 5904.81>)
20:15:19.411 [VehicleLeave] Player "Mr. Blue" (id=Lw52hZyZO7pZP21eLhjYCVUz5rrRVAodhUgchUxGS8A=) left vehicle Gyrocopter (id=6E84FF65E84850C42793EBBBEF7D8F7C pos=<10343.6, 224, 5904.81>)
20:16:37.281 [VehicleEnter] Player "Survivor" (id=0nsyEhm9INQy3se8y-fXlbMHVv4YsIXloUCLC2unDyo=) entered vehicle Gyrocopter (id=961DFC0DD54BCF458A74E6A5EF960114 pos=<8339.3, 334.75, 1642.46>) as pilot
20:16:57.663 [VehicleEngine] Player "Survivor" (id=0nsyEhm9INQy3se8y-fXlbMHVv4YsIXloUCLC2unDyo=) started vehicle Gyrocopter (id=961DFC0DD54BCF458A74E6A5EF960114 pos=<8339.3, 334.75, 1642.65>)
20:17:01.709 [VehicleEngine] Player "Survivor" (id=0nsyEhm9INQy3se8y-fXlbMHVv4YsIXloUCLC2unDyo=) stopped vehicle Gyrocopter (id=961DFC0DD54BCF458A74E6A5EF960114 pos=<8339.3, 334.75, 1642.68>)
20:17:04.915 [VehicleLeave] Player "Survivor" (id=0nsyEhm9INQy3se8y-fXlbMHVv4YsIXloUCLC2unDyo=) left vehicle Gyrocopter (id=961DFC0DD54BCF458A74E6A5EF960114 pos=<8339.3, 334.75, 1642.71>)
20:18:26.328 [VehicleEnter] Player "Survivor" (id=0nsyEhm9INQy3se8y-fXlbMHVv4YsIXloUCLC2unDyo=) entered vehicle Gyrocopter (id=961DFC0DD54BCF458A74E6A5EF960114 pos=<8339.29, 334.75, 1642.96>) as pilot
20:18:27.739 [VehicleEngine] Player "Survivor" (id=0nsyEhm9INQy3se8y-fXlbMHVv4YsIXloUCLC2unDyo=) started vehicle Gyrocopter (id=961DFC0DD54BCF458A74E6A5EF960114 pos=<8339.29, 334.75, 1642.98>)
20:20:56.512 [AI Object Patrol 00007] Spawning 2 West bots at <7957.607910, 250.925125, 5770.071289>
20:20:56.547 [AI Object Patrol 00007] Global patrol count: 2
20:20:56.556 [AI Object Patrol 00007] ContaminatedArea category patrol count: 1
20:21:04.214 [AI Object Patrol 00008] Spawning 1 West bots at <7619.191895, 237.884628, 5793.772461>
20:21:04.249 [AI Object Patrol 00008] Global patrol count: 3
20:21:04.260 [AI Object Patrol 00008] ContaminatedArea category patrol count: 2
20:22:12.559 [VehicleEngine] Player "NULL" (id=NULL) stopped vehicle Gyrocopter (id=961DFC0DD54BCF458A74E6A5EF960114 pos=<9040.01, 297.94, 6573.1>)
20:22:12.571 [VehicleLeave] Player "Survivor" (id=0nsyEhm9INQy3se8y-fXlbMHVv4YsIXloUCLC2unDyo=) left vehicle Gyrocopter (id=961DFC0DD54BCF458A74E6A5EF960114 pos=<9040.01, 297.94, 6573.1>)
20:23:07.316 [AI Object Patrol 00072] Despawning 1 East bots (spawn position <11383.012695, 297.089050, 5144.495117>, 1/2 deceased)
20:23:07.327 [AI Object Patrol 00072] Global patrol count: 2
20:23:07.337 [AI Object Patrol 00072] HelicopterWreck category patrol count: 0
20:23:21.405 [AI Object Patrol 00068] Despawning 0 East bots (spawn position <11147.045898, 248.625397, 6258.250977>, 2/2 deceased)
20:26:00.023 [VehicleEnter] Player "Survivor" (id=0nsyEhm9INQy3se8y-fXlbMHVv4YsIXloUCLC2unDyo=) entered vehicle Gyrocopter (id=961DFC0DD54BCF458A74E6A5EF960114 pos=<9039.97, 297.94, 6572.87>) as pilot
20:26:02.690 [VehicleEngine] Player "Survivor" (id=0nsyEhm9INQy3se8y-fXlbMHVv4YsIXloUCLC2unDyo=) started vehicle Gyrocopter (id=961DFC0DD54BCF458A74E6A5EF960114 pos=<9039.97, 297.94, 6572.87>)
20:27:54.380 [VehicleEngine] Player "NULL" (id=NULL) stopped vehicle Gyrocopter (id=961DFC0DD54BCF458A74E6A5EF960114 pos=<9678.63, 213.61, 8498.05>)
20:27:54.403 [VehicleLeave] Player "Survivor" (id=0nsyEhm9INQy3se8y-fXlbMHVv4YsIXloUCLC2unDyo=) left vehicle Gyrocopter (id=961DFC0DD54BCF458A74E6A5EF960114 pos=<9678.63, 213.61, 8498.05>)
20:31:39.034 [AI Object Patrol 00008] Despawning 1 West bots (spawn position <7619.191895, 237.884628, 5793.772461>, 0/1 deceased)
20:31:39.108 [AI Object Patrol 00008] Global patrol count: 1
20:31:39.186 [AI Object Patrol 00008] ContaminatedArea category patrol count: 1
20:31:48.860 [AI Object Patrol 00007] Despawning 2 West bots (spawn position <7957.607910, 250.925125, 5770.071289>, 0/2 deceased)
20:31:48.870 [AI Object Patrol 00007] Global patrol count: 0
20:31:48.880 [AI Object Patrol 00007] ContaminatedArea category patrol count: 0
20:32:12.355 [VehicleEnter] Player "Survivor" (id=0nsyEhm9INQy3se8y-fXlbMHVv4YsIXloUCLC2unDyo=) entered vehicle Gyrocopter (id=961DFC0DD54BCF458A74E6A5EF960114 pos=<9678.63, 213.61, 8498.04>) as pilot
20:32:32.880 [VehicleEngine] Player "Survivor" (id=0nsyEhm9INQy3se8y-fXlbMHVv4YsIXloUCLC2unDyo=) started vehicle Gyrocopter (id=961DFC0DD54BCF458A74E6A5EF960114 pos=<9678.63, 213.61, 8498.05>)
20:33:25.572 [VehicleEngine] Player "Survivor" (id=0nsyEhm9INQy3se8y-fXlbMHVv4YsIXloUCLC2unDyo=) stopped vehicle Gyrocopter (id=961DFC0DD54BCF458A74E6A5EF960114 pos=<9666.86, 339.05, 8502.59>)
20:33:29.617 [VehicleEngine] Player "Survivor" (id=0nsyEhm9INQy3se8y-fXlbMHVv4YsIXloUCLC2unDyo=) started vehicle Gyrocopter (id=961DFC0DD54BCF458A74E6A5EF960114 pos=<9666.7, 334.4, 8502.74>)
20:36:22.934 [VehicleEngine] Player "NULL" (id=NULL) stopped vehicle Gyrocopter (id=961DFC0DD54BCF458A74E6A5EF960114 pos=<11002.8, 194.49, 8990.18>)
20:36:22.967 [VehicleLeave] Player "Survivor" (id=0nsyEhm9INQy3se8y-fXlbMHVv4YsIXloUCLC2unDyo=) left vehicle Gyrocopter (id=961DFC0DD54BCF458A74E6A5EF960114 pos=<11002.8, 194.49, 8990.18>)
20:36:28.115 [VehicleEnter] Player "Survivor" (id=0nsyEhm9INQy3se8y-fXlbMHVv4YsIXloUCLC2unDyo=) entered vehicle Gyrocopter (id=961DFC0DD54BCF458A74E6A5EF960114 pos=<11002.8, 194.49, 8990.18>) as pilot
20:36:30.576 [VehicleLeave] Player "Survivor" (id=0nsyEhm9INQy3se8y-fXlbMHVv4YsIXloUCLC2unDyo=) left vehicle Gyrocopter (id=961DFC0DD54BCF458A74E6A5EF960114 pos=<11002.8, 194.49, 8990.18>)
20:44:19.427 [VehicleEnter] Player "Survivor" (id=0nsyEhm9INQy3se8y-fXlbMHVv4YsIXloUCLC2unDyo=) entered vehicle Gyrocopter (id=961DFC0DD54BCF458A74E6A5EF960114 pos=<11002.8, 194.49, 8990.18>) as pilot
20:44:20.922 [VehicleEngine] Player "Survivor" (id=0nsyEhm9INQy3se8y-fXlbMHVv4YsIXloUCLC2unDyo=) started vehicle Gyrocopter (id=961DFC0DD54BCF458A74E6A5EF960114 pos=<11002.8, 194.49, 8990.18>)
20:49:11.589 [AI Object Patrol 00083] Spawning 3 East bots at <8044.970215, 303.283997, 1459.171997>
20:49:11.738 [AI Object Patrol 00083] Global patrol count: 1
20:49:11.830 [AI Object Patrol 00083] HelicopterWreck category patrol count: 1
20:51:02.520 [VehicleEngine] Player "Survivor" (id=0nsyEhm9INQy3se8y-fXlbMHVv4YsIXloUCLC2unDyo=) stopped vehicle Gyrocopter (id=961DFC0DD54BCF458A74E6A5EF960114 pos=<8339.56, 334.75, 1642.17>)
20:51:05.347 [VehicleLeave] Player "Survivor" (id=0nsyEhm9INQy3se8y-fXlbMHVv4YsIXloUCLC2unDyo=) left vehicle Gyrocopter (id=961DFC0DD54BCF458A74E6A5EF960114 pos=<8339.56, 334.75, 1642.2>)
21:21:12.108 [AI Object Patrol 00083] Despawning 3 East bots (spawn position <8044.970215, 303.283997, 1459.171997>, 0/3 deceased)
21:21:12.124 [AI Object Patrol 00083] Global patrol count: 0
21:21:12.136 [AI Object Patrol 00083] HelicopterWreck category patrol count: 0
