20:35:23.983 [AI Patrol 00017] Spawning 1 West bots at <7228.145020, 293.783813, 3012.206787>
20:35:35.246 [AI Patrol 00017] Global patrol count: 1
20:35:35.257 [AI Patrol 00017] Patrol category patrol count: 1
20:35:35.267 [AI Patrol 00016] Spawning 3 East bots at <7687.096680, 322.323853, 2995.389160>
20:35:35.300 [AI Patrol 00016] Global patrol count: 2
20:35:35.310 [AI Patrol 00016] Patrol category patrol count: 2
20:45:25.391 [AI Patrol 00017] West bots were wiped out (spawn position <7228.145020, 293.783813, 3012.206787>, 1/1 deceased)
20:45:25.401 [AI Patrol 00017] Global patrol count: 1
20:45:25.411 [AI Patrol 00017] Patrol category patrol count: 1
20:52:28.055 [BaseRaiding] mmg_lockable_gun_rack_grey (<775.261292, 225.491272, 8560.096680>) Damaged "player "Snake" (ID = "0nsyEhm9INQy3se8y-fXlbMHVv4YsIXloUCLC2unDyo=" at <775.000610, 225.491272, 8560.976563>)" by 10 health points. Reason: Failed to enter the correct code.
20:52:28.215 [BaseRaiding] mmg_lockable_gun_rack_grey (<775.261292, 225.491272, 8560.096680>) The correct code was 8630 and the player tried 2058
20:57:15.724 [AI Patrol 00016] Despawning 2 East bots (spawn position <7687.096680, 322.323853, 2995.389160>, 1/3 deceased)
20:57:15.734 [AI Patrol 00016] Global patrol count: 0
20:57:15.744 [AI Patrol 00016] Patrol category patrol count: 0
22:43:18.737 [AI Object Patrol 00054] Spawning 1 West bots at <9848.857422, 208.460190, 8629.435547>
22:43:18.768 [AI Object Patrol 00054] Global patrol count: 1
22:43:18.778 [AI Object Patrol 00054] ContaminatedArea category patrol count: 1
22:43:27.801 [AI Object Patrol 00056] Spawning 3 East bots at <10516.477539, 270.199249, 7468.089355>
22:43:27.841 [AI Object Patrol 00056] Global patrol count: 2
22:43:27.852 [AI Object Patrol 00056] HelicopterWreck category patrol count: 1
22:53:36.872 [AI Object Patrol 00056] East bots were wiped out (spawn position <10516.477539, 270.199249, 7468.089355>, 3/3 deceased)
22:53:36.882 [AI Object Patrol 00056] Global patrol count: 1
22:53:36.892 [AI Object Patrol 00056] HelicopterWreck category patrol count: 0
23:12:13.138 [AI Object Patrol 00054] Despawning 1 West bots (spawn position <9848.857422, 208.460190, 8629.435547>, 0/1 deceased)
23:12:13.148 [AI Object Patrol 00054] Global patrol count: 0
23:12:13.159 [AI Object Patrol 00054] ContaminatedArea category patrol count: 0
