13:00:04.810 [AI Patrol 00016] Spawning 1 East bots at <7385.791992, 287.040009, 2604.174072>
13:00:14.097 [AI Patrol 00016] Global patrol count: 1
13:00:14.107 [AI Patrol 00016] Patrol category patrol count: 1
13:00:14.117 [AI Patrol 00017] Spawning 1 West bots at <7434.523438, 287.040009, 2577.124756>
13:00:14.151 [AI Patrol 00017] Global patrol count: 2
13:00:14.170 [AI Patrol 00017] Patrol category patrol count: 2
13:03:01.159 [AI Patrol 00016] East bots were wiped out (spawn position <7385.791992, 287.040009, 2604.174072>, 1/1 deceased)
13:03:01.170 [AI Patrol 00016] Global patrol count: 1
13:03:01.180 [AI Patrol 00016] Patrol category patrol count: 1
13:41:38.122 [AI Patrol 00018] Spawning 1 Civilian bots at <6624.051758, 361.821442, 3434.136963>
13:41:38.156 [AI Patrol 00018] Global patrol count: 2
13:41:38.166 [AI Patrol 00018] Patrol category patrol count: 2
13:43:33.054 [VehicleEnter] Player "Survivor (2)" (id=OKxcsvV2KsCqlVzELkqmfegOmuewD7pyeAvtZiRRMOU=) entered vehicle Olga 24 (id=82C384AAFC423622F65203B2324EDDAD pos=<5992.06, 392.54, 3971.41>) as driver
13:43:35.630 [VehicleEngine] Player "Survivor (2)" (id=OKxcsvV2KsCqlVzELkqmfegOmuewD7pyeAvtZiRRMOU=) started vehicle Olga 24 (id=82C384AAFC423622F65203B2324EDDAD pos=<5992.06, 392.54, 3971.41>)
13:44:27.426 [VehicleEngine] Player "NULL" (id=NULL) stopped vehicle Olga 24 (id=82C384AAFC423622F65203B2324EDDAD pos=<5935.32, 396.14, 4186.38>)
13:44:27.462 [VehicleLeave] Player "Survivor (2)" (id=OKxcsvV2KsCqlVzELkqmfegOmuewD7pyeAvtZiRRMOU=) left vehicle Olga 24 (id=82C384AAFC423622F65203B2324EDDAD pos=<5935.32, 396.14, 4186.38>)
13:44:40.750 [VehicleEnter] Player "Survivor (2)" (id=OKxcsvV2KsCqlVzELkqmfegOmuewD7pyeAvtZiRRMOU=) entered vehicle Olga 24 (id=82C384AAFC423622F65203B2324EDDAD pos=<5935.32, 396.14, 4186.38>) as driver
13:44:45.622 [VehicleEngine] Player "Survivor (2)" (id=OKxcsvV2KsCqlVzELkqmfegOmuewD7pyeAvtZiRRMOU=) started vehicle Olga 24 (id=82C384AAFC423622F65203B2324EDDAD pos=<5935.33, 396.14, 4186.38>)
13:44:54.066 [VehicleEngine] Player "Survivor (2)" (id=OKxcsvV2KsCqlVzELkqmfegOmuewD7pyeAvtZiRRMOU=) stopped vehicle Olga 24 (id=82C384AAFC423622F65203B2324EDDAD pos=<5924.86, 396.25, 4184.54>)
13:44:59.148 [VehicleLeave] Player "Survivor (2)" (id=OKxcsvV2KsCqlVzELkqmfegOmuewD7pyeAvtZiRRMOU=) left vehicle Olga 24 (id=82C384AAFC423622F65203B2324EDDAD pos=<5924.87, 396.25, 4184.54>)
14:07:56.393 [AI Patrol 00018] Despawning 1 Civilian bots (spawn position <6624.051758, 361.821442, 3434.136963>, 0/1 deceased)
14:07:56.403 [AI Patrol 00018] Global patrol count: 1
14:07:56.414 [AI Patrol 00018] Patrol category patrol count: 1
14:27:07.807 [VehicleEnter] Player "Survivor" (id=0nsyEhm9INQy3se8y-fXlbMHVv4YsIXloUCLC2unDyo=) entered vehicle Gyrocopter (id=961DFC0DD54BCF458A74E6A5EF960114 pos=<8341.59, 334.75, 1640.46>) as pilot
14:27:09.245 [VehicleEngine] Player "Survivor" (id=0nsyEhm9INQy3se8y-fXlbMHVv4YsIXloUCLC2unDyo=) started vehicle Gyrocopter (id=961DFC0DD54BCF458A74E6A5EF960114 pos=<8341.59, 334.75, 1640.48>)
14:29:42.877 [VehicleEngine] Player "NULL" (id=NULL) stopped vehicle Gyrocopter (id=961DFC0DD54BCF458A74E6A5EF960114 pos=<5096.94, 510.4, 2099.45>)
14:29:42.951 [VehicleLeave] Player "Survivor" (id=0nsyEhm9INQy3se8y-fXlbMHVv4YsIXloUCLC2unDyo=) left vehicle Gyrocopter (id=961DFC0DD54BCF458A74E6A5EF960114 pos=<5096.94, 510.4, 2099.45>)
14:33:36.975 [VehicleEnter] Player "Survivor" (id=0nsyEhm9INQy3se8y-fXlbMHVv4YsIXloUCLC2unDyo=) entered vehicle Gyrocopter (id=961DFC0DD54BCF458A74E6A5EF960114 pos=<5097.68, 510.4, 2099.33>) as pilot
14:36:54.558 [VehicleEngine] Player "Survivor" (id=0nsyEhm9INQy3se8y-fXlbMHVv4YsIXloUCLC2unDyo=) started vehicle Gyrocopter (id=961DFC0DD54BCF458A74E6A5EF960114 pos=<5099.57, 510.41, 2098.89>)
14:37:18.630 [VehicleEngine] Player "NULL" (id=NULL) stopped vehicle Gyrocopter (id=961DFC0DD54BCF458A74E6A5EF960114 pos=<4964.01, 532.58, 2099.4>)
14:37:18.664 [VehicleLeave] Player "Survivor" (id=0nsyEhm9INQy3se8y-fXlbMHVv4YsIXloUCLC2unDyo=) left vehicle Gyrocopter (id=961DFC0DD54BCF458A74E6A5EF960114 pos=<4964.01, 532.58, 2099.4>)
14:37:45.564 [VehicleEnter] Player "Survivor" (id=0nsyEhm9INQy3se8y-fXlbMHVv4YsIXloUCLC2unDyo=) entered vehicle Gyrocopter (id=961DFC0DD54BCF458A74E6A5EF960114 pos=<4964.01, 532.58, 2099.14>) as pilot
14:37:46.675 [VehicleEngine] Player "Survivor" (id=0nsyEhm9INQy3se8y-fXlbMHVv4YsIXloUCLC2unDyo=) started vehicle Gyrocopter (id=961DFC0DD54BCF458A74E6A5EF960114 pos=<4964.01, 532.58, 2099.13>)
14:39:44.307 [VehicleEngine] Player "NULL" (id=NULL) stopped vehicle Gyrocopter (id=961DFC0DD54BCF458A74E6A5EF960114 pos=<4961.48, 532.58, 2098.11>)
14:39:44.319 [VehicleLeave] Player "Survivor" (id=0nsyEhm9INQy3se8y-fXlbMHVv4YsIXloUCLC2unDyo=) left vehicle Gyrocopter (id=961DFC0DD54BCF458A74E6A5EF960114 pos=<4961.48, 532.58, 2098.11>)
15:09:55.169 [VehicleEnter] Player "Survivor" (id=0nsyEhm9INQy3se8y-fXlbMHVv4YsIXloUCLC2unDyo=) entered vehicle Gyrocopter (id=961DFC0DD54BCF458A74E6A5EF960114 pos=<4961.48, 532.58, 2097.79>) as pilot
15:10:52.518 [VehicleEngine] Player "Survivor" (id=0nsyEhm9INQy3se8y-fXlbMHVv4YsIXloUCLC2unDyo=) started vehicle Gyrocopter (id=961DFC0DD54BCF458A74E6A5EF960114 pos=<4961.47, 532.58, 2097.68>)
15:18:31.310 [VehicleEnter] Player "Mr. Blue" (id=Lw52hZyZO7pZP21eLhjYCVUz5rrRVAodhUgchUxGS8A=) entered vehicle UAZ 469 Roofless (id=F83288C43E474D8DF77C90B822ABC4D0 pos=<10353.9, 217.94, 5911.55>) as driver
15:18:32.884 [VehicleEngine] Player "Mr. Blue" (id=Lw52hZyZO7pZP21eLhjYCVUz5rrRVAodhUgchUxGS8A=) started vehicle UAZ 469 Roofless (id=F83288C43E474D8DF77C90B822ABC4D0 pos=<10353.9, 217.94, 5911.55>)
15:18:40.544 [VehicleEngine] Player "NULL" (id=NULL) stopped vehicle UAZ 469 Roofless (id=F83288C43E474D8DF77C90B822ABC4D0 pos=<10363.1, 218.48, 5910.91>)
15:18:40.582 [VehicleLeave] Player "Mr. Blue" (id=Lw52hZyZO7pZP21eLhjYCVUz5rrRVAodhUgchUxGS8A=) left vehicle UAZ 469 Roofless (id=F83288C43E474D8DF77C90B822ABC4D0 pos=<10363.1, 218.48, 5910.91>)
15:18:45.582 [VehicleEnter] Player "Mr. Blue" (id=Lw52hZyZO7pZP21eLhjYCVUz5rrRVAodhUgchUxGS8A=) entered vehicle UAZ 469 Roofless (id=F83288C43E474D8DF77C90B822ABC4D0 pos=<10363.1, 218.48, 5910.91>) as driver
15:18:47.276 [VehicleEngine] Player "Mr. Blue" (id=Lw52hZyZO7pZP21eLhjYCVUz5rrRVAodhUgchUxGS8A=) started vehicle UAZ 469 Roofless (id=F83288C43E474D8DF77C90B822ABC4D0 pos=<10363.1, 218.48, 5910.91>)
15:19:14.478 [Chat - Global]("Mr. Blue"(id=Lw52hZyZO7pZP21eLhjYCVUz5rrRVAodhUgchUxGS8A=)): yo yo gamer
15:20:16.441 [VehicleEngine] Player "NULL" (id=NULL) stopped vehicle UAZ 469 Roofless (id=F83288C43E474D8DF77C90B822ABC4D0 pos=<11024.3, 235.64, 6322.16>)
15:20:16.473 [VehicleLeave] Player "Mr. Blue" (id=Lw52hZyZO7pZP21eLhjYCVUz5rrRVAodhUgchUxGS8A=) left vehicle UAZ 469 Roofless (id=F83288C43E474D8DF77C90B822ABC4D0 pos=<11024.3, 235.64, 6322.16>)
15:20:37.880 [VehicleEnter] Player "Mr. Blue" (id=Lw52hZyZO7pZP21eLhjYCVUz5rrRVAodhUgchUxGS8A=) entered vehicle UAZ 469 Roofless (id=F83288C43E474D8DF77C90B822ABC4D0 pos=<11024.3, 235.64, 6322.16>) as driver
15:20:39.423 [VehicleEngine] Player "Mr. Blue" (id=Lw52hZyZO7pZP21eLhjYCVUz5rrRVAodhUgchUxGS8A=) started vehicle UAZ 469 Roofless (id=F83288C43E474D8DF77C90B822ABC4D0 pos=<11024.3, 235.64, 6322.16>)
15:21:01.063 [AI Object Patrol 00052] Spawning 2 East bots at <10061.710938, 297.941925, 7014.174316>
15:21:01.105 [AI Object Patrol 00052] Global patrol count: 2
15:21:01.120 [AI Object Patrol 00052] HelicopterWreck category patrol count: 1
15:22:02.624 [AI Object Patrol 00056] Spawning 1 West bots at <9071.764648, 299.844421, 6593.583984>
15:22:02.662 [AI Object Patrol 00056] Global patrol count: 3
15:22:02.673 [AI Object Patrol 00056] ContaminatedArea category patrol count: 1
15:22:09.662 [VehicleLeave] Player "Survivor" (id=0nsyEhm9INQy3se8y-fXlbMHVv4YsIXloUCLC2unDyo=) left vehicle Gyrocopter (id=961DFC0DD54BCF458A74E6A5EF960114 pos=<8339.4, 334.75, 1643.51>)
15:22:51.420 [VehicleEngine] Player "NULL" (id=NULL) stopped vehicle UAZ 469 Roofless (id=F83288C43E474D8DF77C90B822ABC4D0 pos=<9445.74, 293.83, 6692.48>)
15:22:51.458 [VehicleLeave] Player "Mr. Blue" (id=Lw52hZyZO7pZP21eLhjYCVUz5rrRVAodhUgchUxGS8A=) left vehicle UAZ 469 Roofless (id=F83288C43E474D8DF77C90B822ABC4D0 pos=<9445.74, 293.83, 6692.48>)
15:23:11.076 [VehicleEnter] Player "Mr. Blue" (id=Lw52hZyZO7pZP21eLhjYCVUz5rrRVAodhUgchUxGS8A=) entered vehicle UAZ 469 Roofless (id=F83288C43E474D8DF77C90B822ABC4D0 pos=<9445.74, 293.83, 6692.48>) as driver
15:23:12.848 [VehicleEngine] Player "Mr. Blue" (id=Lw52hZyZO7pZP21eLhjYCVUz5rrRVAodhUgchUxGS8A=) started vehicle UAZ 469 Roofless (id=F83288C43E474D8DF77C90B822ABC4D0 pos=<9445.74, 293.83, 6692.48>)
15:24:20.689 [Chat - Global]("Mr. Blue"(id=Lw52hZyZO7pZP21eLhjYCVUz5rrRVAodhUgchUxGS8A=)): Other player you just shoot at me?
15:24:27.446 [Chat - Global]("Survivor"(id=0nsyEhm9INQy3se8y-fXlbMHVv4YsIXloUCLC2unDyo=)): Nope
15:24:31.400 [Chat - Global]("Survivor"(id=0nsyEhm9INQy3se8y-fXlbMHVv4YsIXloUCLC2unDyo=)): sup blue
15:25:12.089 [VehicleEnter] Player "Survivor" (id=0nsyEhm9INQy3se8y-fXlbMHVv4YsIXloUCLC2unDyo=) entered vehicle Gyrocopter (id=961DFC0DD54BCF458A74E6A5EF960114 pos=<8339.38, 334.75, 1644.54>) as pilot
15:25:14.364 [VehicleEngine] Player "NULL" (id=NULL) stopped vehicle Gyrocopter (id=961DFC0DD54BCF458A74E6A5EF960114 pos=<8339.38, 334.75, 1644.54>)
15:25:14.377 [VehicleLeave] Player "Survivor" (id=0nsyEhm9INQy3se8y-fXlbMHVv4YsIXloUCLC2unDyo=) left vehicle Gyrocopter (id=961DFC0DD54BCF458A74E6A5EF960114 pos=<8339.38, 334.75, 1644.54>)
15:25:45.791 [AI Object Patrol 00052] Despawning 2 East bots (spawn position <10061.710938, 297.941925, 7014.174316>, 0/2 deceased)
15:25:45.801 [AI Object Patrol 00052] Global patrol count: 2
15:25:45.810 [AI Object Patrol 00052] HelicopterWreck category patrol count: 0
15:26:37.623 [Chat - Global]("Mr. Blue"(id=Lw52hZyZO7pZP21eLhjYCVUz5rrRVAodhUgchUxGS8A=)): Sup, that you snake?
15:27:13.637 [VehicleEngine] Player "NULL" (id=NULL) stopped vehicle UAZ 469 Roofless (id=F83288C43E474D8DF77C90B822ABC4D0 pos=<8914.71, 306.11, 6519.18>)
15:27:13.671 [VehicleLeave] Player "Mr. Blue" (id=Lw52hZyZO7pZP21eLhjYCVUz5rrRVAodhUgchUxGS8A=) left vehicle UAZ 469 Roofless (id=F83288C43E474D8DF77C90B822ABC4D0 pos=<8914.71, 306.11, 6519.18>)
15:28:16.632 [VehicleEnter] Player "Mr. Blue" (id=Lw52hZyZO7pZP21eLhjYCVUz5rrRVAodhUgchUxGS8A=) entered vehicle UAZ 469 Roofless (id=F83288C43E474D8DF77C90B822ABC4D0 pos=<8914.71, 306.11, 6519.18>) as driver
15:28:19.029 [VehicleEngine] Player "Mr. Blue" (id=Lw52hZyZO7pZP21eLhjYCVUz5rrRVAodhUgchUxGS8A=) started vehicle UAZ 469 Roofless (id=F83288C43E474D8DF77C90B822ABC4D0 pos=<8914.71, 306.11, 6519.18>)
15:28:32.988 [Chat - Global]("Survivor"(id=0nsyEhm9INQy3se8y-fXlbMHVv4YsIXloUCLC2unDyo=)): yessir
15:28:34.632 [AI Object Patrol 00012] Spawning 3 West bots at <7837.840332, 255.599380, 6182.540039>
15:28:34.673 [AI Object Patrol 00012] Global patrol count: 3
15:28:34.684 [AI Object Patrol 00012] ContaminatedArea category patrol count: 2
15:28:49.108 [VehicleEngine] Player "NULL" (id=NULL) stopped vehicle UAZ 469 Roofless (id=F83288C43E474D8DF77C90B822ABC4D0 pos=<8784.81, 314.5, 6409.86>)
15:28:49.140 [VehicleLeave] Player "Mr. Blue" (id=Lw52hZyZO7pZP21eLhjYCVUz5rrRVAodhUgchUxGS8A=) left vehicle UAZ 469 Roofless (id=F83288C43E474D8DF77C90B822ABC4D0 pos=<8784.81, 314.5, 6409.86>)
15:29:00.562 [Chat - Global]("Survivor"(id=0nsyEhm9INQy3se8y-fXlbMHVv4YsIXloUCLC2unDyo=)): keep an eye out for bunker card also
15:29:06.353 [Chat - Global]("Survivor"(id=0nsyEhm9INQy3se8y-fXlbMHVv4YsIXloUCLC2unDyo=)): i got you a plate on my last run
15:29:34.647 [VehicleEnter] Player "Mr. Blue" (id=Lw52hZyZO7pZP21eLhjYCVUz5rrRVAodhUgchUxGS8A=) entered vehicle UAZ 469 Roofless (id=F83288C43E474D8DF77C90B822ABC4D0 pos=<8784.81, 314.5, 6409.86>) as driver
15:29:36.518 [VehicleEngine] Player "Mr. Blue" (id=Lw52hZyZO7pZP21eLhjYCVUz5rrRVAodhUgchUxGS8A=) started vehicle UAZ 469 Roofless (id=F83288C43E474D8DF77C90B822ABC4D0 pos=<8784.81, 314.5, 6409.86>)
15:30:38.409 [VehicleEngine] Player "NULL" (id=NULL) stopped vehicle UAZ 469 Roofless (id=F83288C43E474D8DF77C90B822ABC4D0 pos=<9088.75, 323.92, 6933.31>)
15:30:38.436 [VehicleLeave] Player "Mr. Blue" (id=Lw52hZyZO7pZP21eLhjYCVUz5rrRVAodhUgchUxGS8A=) left vehicle UAZ 469 Roofless (id=F83288C43E474D8DF77C90B822ABC4D0 pos=<9088.75, 323.92, 6933.31>)
15:32:32.366 [Chat - Global]("Survivor"(id=0nsyEhm9INQy3se8y-fXlbMHVv4YsIXloUCLC2unDyo=)): zombies have it on them
15:33:56.969 [AI Object Patrol 00056] West bots were wiped out (spawn position <9071.764648, 299.844421, 6593.583984>, 1/1 deceased)
15:33:56.979 [AI Object Patrol 00056] Global patrol count: 2
15:33:56.990 [AI Object Patrol 00056] ContaminatedArea category patrol count: 1
15:34:11.945 [AI Object Patrol 00056] Despawning 0 West bots (spawn position <9078.531250, 297.619110, 6559.708008>, 1/1 deceased)
15:34:27.149 [Chat - Global]("Mr. Blue"(id=Lw52hZyZO7pZP21eLhjYCVUz5rrRVAodhUgchUxGS8A=)): Okay cool.  Need to come meet you
15:34:38.359 [Chat - Global]("Mr. Blue"(id=Lw52hZyZO7pZP21eLhjYCVUz5rrRVAodhUgchUxGS8A=)): How many AI did you add at Lembork?
15:36:25.983 [AI Object Patrol 00066] Spawning 3 West bots at <8814.108398, 445.868408, 2128.516357>
15:36:26.016 [AI Object Patrol 00066] Global patrol count: 3
15:36:26.027 [AI Object Patrol 00066] ContaminatedArea category patrol count: 2
15:39:37.770 [VehicleEnter] Player "Mr. Blue" (id=Lw52hZyZO7pZP21eLhjYCVUz5rrRVAodhUgchUxGS8A=) entered vehicle UAZ 469 Roofless (id=F83288C43E474D8DF77C90B822ABC4D0 pos=<9088.75, 323.92, 6933.31>) as driver
15:39:39.597 [VehicleEngine] Player "Mr. Blue" (id=Lw52hZyZO7pZP21eLhjYCVUz5rrRVAodhUgchUxGS8A=) started vehicle UAZ 469 Roofless (id=F83288C43E474D8DF77C90B822ABC4D0 pos=<9088.75, 323.92, 6933.31>)
15:39:56.681 [AI Object Patrol 00012] Despawning 3 West bots (spawn position <7837.840332, 255.599380, 6182.540039>, 0/3 deceased)
15:39:56.692 [AI Object Patrol 00012] Global patrol count: 2
15:39:56.702 [AI Object Patrol 00012] ContaminatedArea category patrol count: 1
15:39:59.872 [Chat - Global]("Survivor"(id=0nsyEhm9INQy3se8y-fXlbMHVv4YsIXloUCLC2unDyo=)): im not sure, i havent focused much on lembork
15:40:46.366 [Chat - Global]("Mr. Blue"(id=Lw52hZyZO7pZP21eLhjYCVUz5rrRVAodhUgchUxGS8A=)): I killed one there. Scared to go in without any balistic protection. Can you add plates to randomly spawn on zeds?
15:42:21.989 [Chat - Global]("Mr. Blue"(id=Lw52hZyZO7pZP21eLhjYCVUz5rrRVAodhUgchUxGS8A=)): when I looted Lembork before there were no AI there. Surprised the fuck out of me
15:43:35.444 [VehicleEngine] Player "NULL" (id=NULL) stopped vehicle UAZ 469 Roofless (id=F83288C43E474D8DF77C90B822ABC4D0 pos=<10364.2, 218.6, 5913.32>)
15:43:35.479 [VehicleLeave] Player "Mr. Blue" (id=Lw52hZyZO7pZP21eLhjYCVUz5rrRVAodhUgchUxGS8A=) left vehicle UAZ 469 Roofless (id=F83288C43E474D8DF77C90B822ABC4D0 pos=<10364.2, 218.6, 5913.32>)
15:43:42.549 [VehicleEnter] Player "Mr. Blue" (id=Lw52hZyZO7pZP21eLhjYCVUz5rrRVAodhUgchUxGS8A=) entered vehicle UAZ 469 Roofless (id=F83288C43E474D8DF77C90B822ABC4D0 pos=<10364.2, 218.6, 5913.32>) as driver
15:43:44.254 [VehicleEngine] Player "Mr. Blue" (id=Lw52hZyZO7pZP21eLhjYCVUz5rrRVAodhUgchUxGS8A=) started vehicle UAZ 469 Roofless (id=F83288C43E474D8DF77C90B822ABC4D0 pos=<10364.2, 218.6, 5913.32>)
15:43:46.972 [Chat - Global]("Survivor"(id=0nsyEhm9INQy3se8y-fXlbMHVv4YsIXloUCLC2unDyo=)): i think sometimes they roam
15:43:50.769 [VehicleEngine] Player "NULL" (id=NULL) stopped vehicle UAZ 469 Roofless (id=F83288C43E474D8DF77C90B822ABC4D0 pos=<10354.2, 217.94, 5911.46>)
15:43:50.814 [VehicleLeave] Player "Mr. Blue" (id=Lw52hZyZO7pZP21eLhjYCVUz5rrRVAodhUgchUxGS8A=) left vehicle UAZ 469 Roofless (id=F83288C43E474D8DF77C90B822ABC4D0 pos=<10354.2, 217.94, 5911.46>)
15:43:56.050 [VehicleEnter] Player "Mr. Blue" (id=Lw52hZyZO7pZP21eLhjYCVUz5rrRVAodhUgchUxGS8A=) entered vehicle UAZ 469 Roofless (id=F83288C43E474D8DF77C90B822ABC4D0 pos=<10354.2, 217.94, 5911.46>) as driver
15:43:57.235 [Chat - Global]("Survivor"(id=0nsyEhm9INQy3se8y-fXlbMHVv4YsIXloUCLC2unDyo=)): i havent gotten that advanced to add that yet but
15:44:06.129 [Chat - Global]("Survivor"(id=0nsyEhm9INQy3se8y-fXlbMHVv4YsIXloUCLC2unDyo=)): most zombies you find with that will be at military areas
15:44:27.057 [Chat - Global]("Mr. Blue"(id=Lw52hZyZO7pZP21eLhjYCVUz5rrRVAodhUgchUxGS8A=)): you mean zombies wearing plates?
15:44:44.408 [VehicleLeave] Player "Mr. Blue" (id=Lw52hZyZO7pZP21eLhjYCVUz5rrRVAodhUgchUxGS8A=) left vehicle UAZ 469 Roofless (id=F83288C43E474D8DF77C90B822ABC4D0 pos=<10354.2, 217.94, 5911.46>)
15:45:19.894 [Chat - Global]("Survivor"(id=0nsyEhm9INQy3se8y-fXlbMHVv4YsIXloUCLC2unDyo=)): y
15:45:22.935 [Chat - Global]("Survivor"(id=0nsyEhm9INQy3se8y-fXlbMHVv4YsIXloUCLC2unDyo=)): yep
15:45:39.821 [Chat - Global]("Survivor"(id=0nsyEhm9INQy3se8y-fXlbMHVv4YsIXloUCLC2unDyo=)): the ai roam a bit
15:45:47.918 [Chat - Global]("Mr. Blue"(id=Lw52hZyZO7pZP21eLhjYCVUz5rrRVAodhUgchUxGS8A=)): Crazy that I haven't seen one yet.  
15:45:58.090 [Chat - Global]("Survivor"(id=0nsyEhm9INQy3se8y-fXlbMHVv4YsIXloUCLC2unDyo=)): zombies with plates at mil zones, bottom left of nadbor
15:46:03.977 [Chat - Global]("Survivor"(id=0nsyEhm9INQy3se8y-fXlbMHVv4YsIXloUCLC2unDyo=)): i'd go there often
15:46:07.763 [Chat - Global]("Survivor"(id=0nsyEhm9INQy3se8y-fXlbMHVv4YsIXloUCLC2unDyo=)): thats where i do my runs
15:46:16.978 [Chat - Global]("Mr. Blue"(id=Lw52hZyZO7pZP21eLhjYCVUz5rrRVAodhUgchUxGS8A=)): roger
15:48:08.572 [Chat - Global]("Survivor"(id=0nsyEhm9INQy3se8y-fXlbMHVv4YsIXloUCLC2unDyo=)): oh yeah lembork is dangerous
15:48:13.752 [Chat - Global]("Survivor"(id=0nsyEhm9INQy3se8y-fXlbMHVv4YsIXloUCLC2unDyo=)): ive had my encountersthere
15:48:23.761 [Chat - Global]("Survivor"(id=0nsyEhm9INQy3se8y-fXlbMHVv4YsIXloUCLC2unDyo=)): between helis, and on shooting, i think ai investigates
15:57:56.705 [VehicleEnter] Player "Mr. Blue" (id=Lw52hZyZO7pZP21eLhjYCVUz5rrRVAodhUgchUxGS8A=) entered vehicle UAZ 469 Roofless (id=F83288C43E474D8DF77C90B822ABC4D0 pos=<10354.2, 217.94, 5911.46>) as driver
15:57:58.350 [VehicleEngine] Player "Mr. Blue" (id=Lw52hZyZO7pZP21eLhjYCVUz5rrRVAodhUgchUxGS8A=) started vehicle UAZ 469 Roofless (id=F83288C43E474D8DF77C90B822ABC4D0 pos=<10354.2, 217.94, 5911.46>)
15:58:06.371 [VehicleEngine] Player "NULL" (id=NULL) stopped vehicle UAZ 469 Roofless (id=F83288C43E474D8DF77C90B822ABC4D0 pos=<10363, 218.52, 5914.34>)
15:58:06.407 [VehicleLeave] Player "Mr. Blue" (id=Lw52hZyZO7pZP21eLhjYCVUz5rrRVAodhUgchUxGS8A=) left vehicle UAZ 469 Roofless (id=F83288C43E474D8DF77C90B822ABC4D0 pos=<10363, 218.52, 5914.34>)
15:58:12.806 [VehicleEnter] Player "Mr. Blue" (id=Lw52hZyZO7pZP21eLhjYCVUz5rrRVAodhUgchUxGS8A=) entered vehicle UAZ 469 Roofless (id=F83288C43E474D8DF77C90B822ABC4D0 pos=<10363, 218.52, 5914.34>) as driver
15:58:14.557 [VehicleEngine] Player "Mr. Blue" (id=Lw52hZyZO7pZP21eLhjYCVUz5rrRVAodhUgchUxGS8A=) started vehicle UAZ 469 Roofless (id=F83288C43E474D8DF77C90B822ABC4D0 pos=<10363, 218.52, 5914.34>)
15:59:42.068 [VehicleEngine] Player "NULL" (id=NULL) stopped vehicle UAZ 469 Roofless (id=F83288C43E474D8DF77C90B822ABC4D0 pos=<10112.4, 256.68, 5535.36>)
15:59:42.123 [VehicleLeave] Player "Mr. Blue" (id=Lw52hZyZO7pZP21eLhjYCVUz5rrRVAodhUgchUxGS8A=) left vehicle UAZ 469 Roofless (id=F83288C43E474D8DF77C90B822ABC4D0 pos=<10112.4, 256.68, 5535.36>)
15:59:55.170 [VehicleEnter] Player "Mr. Blue" (id=Lw52hZyZO7pZP21eLhjYCVUz5rrRVAodhUgchUxGS8A=) entered vehicle UAZ 469 Roofless (id=F83288C43E474D8DF77C90B822ABC4D0 pos=<10112.4, 256.68, 5535.36>) as driver
15:59:56.731 [VehicleEngine] Player "Mr. Blue" (id=Lw52hZyZO7pZP21eLhjYCVUz5rrRVAodhUgchUxGS8A=) started vehicle UAZ 469 Roofless (id=F83288C43E474D8DF77C90B822ABC4D0 pos=<10112.4, 256.68, 5535.36>)
16:01:40.079 [VehicleEngine] Player "NULL" (id=NULL) stopped vehicle UAZ 469 Roofless (id=F83288C43E474D8DF77C90B822ABC4D0 pos=<10364.9, 341.51, 4279.81>)
16:01:40.116 [VehicleLeave] Player "Mr. Blue" (id=Lw52hZyZO7pZP21eLhjYCVUz5rrRVAodhUgchUxGS8A=) left vehicle UAZ 469 Roofless (id=F83288C43E474D8DF77C90B822ABC4D0 pos=<10364.9, 341.51, 4279.81>)
16:02:42.254 [VehicleEnter] Player "Mr. Blue" (id=Lw52hZyZO7pZP21eLhjYCVUz5rrRVAodhUgchUxGS8A=) entered vehicle UAZ 469 Roofless (id=F83288C43E474D8DF77C90B822ABC4D0 pos=<10364.9, 341.51, 4279.81>) as driver
16:02:43.956 [VehicleEngine] Player "Mr. Blue" (id=Lw52hZyZO7pZP21eLhjYCVUz5rrRVAodhUgchUxGS8A=) started vehicle UAZ 469 Roofless (id=F83288C43E474D8DF77C90B822ABC4D0 pos=<10364.9, 341.51, 4279.81>)
16:03:34.062 [VehicleEngine] Player "NULL" (id=NULL) stopped vehicle UAZ 469 Roofless (id=F83288C43E474D8DF77C90B822ABC4D0 pos=<10302.1, 337.91, 4213.34>)
16:03:34.090 [VehicleLeave] Player "Mr. Blue" (id=Lw52hZyZO7pZP21eLhjYCVUz5rrRVAodhUgchUxGS8A=) left vehicle UAZ 469 Roofless (id=F83288C43E474D8DF77C90B822ABC4D0 pos=<10302.1, 337.91, 4213.34>)
16:05:16.129 [VehicleEnter] Player "Mr. Blue" (id=Lw52hZyZO7pZP21eLhjYCVUz5rrRVAodhUgchUxGS8A=) entered vehicle UAZ 469 Roofless (id=F83288C43E474D8DF77C90B822ABC4D0 pos=<10302.1, 337.91, 4213.34>) as driver
16:05:17.785 [VehicleEngine] Player "Mr. Blue" (id=Lw52hZyZO7pZP21eLhjYCVUz5rrRVAodhUgchUxGS8A=) started vehicle UAZ 469 Roofless (id=F83288C43E474D8DF77C90B822ABC4D0 pos=<10302.1, 337.91, 4213.34>)
16:05:50.972 [VehicleEngine] Player "NULL" (id=NULL) stopped vehicle UAZ 469 Roofless (id=F83288C43E474D8DF77C90B822ABC4D0 pos=<10088.4, 349.38, 4208.03>)
16:05:50.986 [VehicleLeave] Player "Mr. Blue" (id=Lw52hZyZO7pZP21eLhjYCVUz5rrRVAodhUgchUxGS8A=) left vehicle UAZ 469 Roofless (id=F83288C43E474D8DF77C90B822ABC4D0 pos=<10088.4, 349.38, 4208.03>)
16:06:01.561 [VehicleEnter] Player "Mr. Blue" (id=Lw52hZyZO7pZP21eLhjYCVUz5rrRVAodhUgchUxGS8A=) entered vehicle UAZ 469 Roofless (id=F83288C43E474D8DF77C90B822ABC4D0 pos=<10088.4, 349.38, 4208.03>) as driver
16:06:03.782 [VehicleEngine] Player "Mr. Blue" (id=Lw52hZyZO7pZP21eLhjYCVUz5rrRVAodhUgchUxGS8A=) started vehicle UAZ 469 Roofless (id=F83288C43E474D8DF77C90B822ABC4D0 pos=<10088.4, 349.38, 4208.03>)
16:07:20.462 [VehicleEngine] Player "NULL" (id=NULL) stopped vehicle UAZ 469 Roofless (id=F83288C43E474D8DF77C90B822ABC4D0 pos=<9771.9, 358.29, 3822.45>)
16:07:20.499 [VehicleLeave] Player "Mr. Blue" (id=Lw52hZyZO7pZP21eLhjYCVUz5rrRVAodhUgchUxGS8A=) left vehicle UAZ 469 Roofless (id=F83288C43E474D8DF77C90B822ABC4D0 pos=<9771.9, 358.29, 3822.45>)
16:07:36.984 [Chat - Global]("Mr. Blue"(id=Lw52hZyZO7pZP21eLhjYCVUz5rrRVAodhUgchUxGS8A=)): i'M BACK
16:07:47.644 [Chat - Global]("Mr. Blue"(id=Lw52hZyZO7pZP21eLhjYCVUz5rrRVAodhUgchUxGS8A=)): Sorry cap
16:10:57.805 [VehicleEnter] Player "Mr. Blue" (id=Lw52hZyZO7pZP21eLhjYCVUz5rrRVAodhUgchUxGS8A=) entered vehicle UAZ 469 Roofless (id=F83288C43E474D8DF77C90B822ABC4D0 pos=<9771.9, 358.29, 3822.45>) as driver
16:10:59.414 [VehicleEngine] Player "Mr. Blue" (id=Lw52hZyZO7pZP21eLhjYCVUz5rrRVAodhUgchUxGS8A=) started vehicle UAZ 469 Roofless (id=F83288C43E474D8DF77C90B822ABC4D0 pos=<9771.9, 358.29, 3822.45>)
16:11:14.301 [VehicleEngine] Player "NULL" (id=NULL) stopped vehicle UAZ 469 Roofless (id=F83288C43E474D8DF77C90B822ABC4D0 pos=<9805.16, 358.97, 3811.3>)
16:11:14.344 [VehicleLeave] Player "Mr. Blue" (id=Lw52hZyZO7pZP21eLhjYCVUz5rrRVAodhUgchUxGS8A=) left vehicle UAZ 469 Roofless (id=F83288C43E474D8DF77C90B822ABC4D0 pos=<9805.16, 358.97, 3811.3>)
16:11:36.341 [VehicleEnter] Player "Mr. Blue" (id=Lw52hZyZO7pZP21eLhjYCVUz5rrRVAodhUgchUxGS8A=) entered vehicle UAZ 469 Roofless (id=F83288C43E474D8DF77C90B822ABC4D0 pos=<9805.16, 358.97, 3811.3>) as driver
16:11:37.794 [VehicleEngine] Player "Mr. Blue" (id=Lw52hZyZO7pZP21eLhjYCVUz5rrRVAodhUgchUxGS8A=) started vehicle UAZ 469 Roofless (id=F83288C43E474D8DF77C90B822ABC4D0 pos=<9805.16, 358.97, 3811.3>)
16:11:50.735 [VehicleEngine] Player "NULL" (id=NULL) stopped vehicle UAZ 469 Roofless (id=F83288C43E474D8DF77C90B822ABC4D0 pos=<9871.78, 351.77, 3778.81>)
16:11:50.915 [VehicleLeave] Player "Mr. Blue" (id=Lw52hZyZO7pZP21eLhjYCVUz5rrRVAodhUgchUxGS8A=) left vehicle UAZ 469 Roofless (id=F83288C43E474D8DF77C90B822ABC4D0 pos=<9871.78, 351.77, 3778.81>)
16:12:12.954 [VehicleEnter] Player "Mr. Blue" (id=Lw52hZyZO7pZP21eLhjYCVUz5rrRVAodhUgchUxGS8A=) entered vehicle UAZ 469 Roofless (id=F83288C43E474D8DF77C90B822ABC4D0 pos=<9871.78, 351.77, 3778.81>) as driver
16:12:14.742 [VehicleEngine] Player "Mr. Blue" (id=Lw52hZyZO7pZP21eLhjYCVUz5rrRVAodhUgchUxGS8A=) started vehicle UAZ 469 Roofless (id=F83288C43E474D8DF77C90B822ABC4D0 pos=<9871.78, 351.77, 3778.81>)
16:12:30.023 [VehicleEngine] Player "NULL" (id=NULL) stopped vehicle UAZ 469 Roofless (id=F83288C43E474D8DF77C90B822ABC4D0 pos=<9945, 351.6, 3784.85>)
16:12:30.047 [VehicleLeave] Player "Mr. Blue" (id=Lw52hZyZO7pZP21eLhjYCVUz5rrRVAodhUgchUxGS8A=) left vehicle UAZ 469 Roofless (id=F83288C43E474D8DF77C90B822ABC4D0 pos=<9945, 351.6, 3784.85>)
16:12:59.223 [AI Object Patrol 00066] Despawning 3 West bots (spawn position <8814.108398, 445.868408, 2128.516357>, 0/3 deceased)
16:12:59.233 [AI Object Patrol 00066] Global patrol count: 1
16:12:59.243 [AI Object Patrol 00066] ContaminatedArea category patrol count: 0
16:13:29.187 [VehicleEnter] Player "Mr. Blue" (id=Lw52hZyZO7pZP21eLhjYCVUz5rrRVAodhUgchUxGS8A=) entered vehicle UAZ 469 Roofless (id=F83288C43E474D8DF77C90B822ABC4D0 pos=<9945, 351.6, 3784.85>) as driver
16:13:30.924 [VehicleEngine] Player "Mr. Blue" (id=Lw52hZyZO7pZP21eLhjYCVUz5rrRVAodhUgchUxGS8A=) started vehicle UAZ 469 Roofless (id=F83288C43E474D8DF77C90B822ABC4D0 pos=<9945, 351.6, 3784.85>)
16:14:20.286 [VehicleEngine] Player "NULL" (id=NULL) stopped vehicle UAZ 469 Roofless (id=F83288C43E474D8DF77C90B822ABC4D0 pos=<10088.5, 349.48, 4196.7>)
16:14:20.319 [VehicleLeave] Player "Mr. Blue" (id=Lw52hZyZO7pZP21eLhjYCVUz5rrRVAodhUgchUxGS8A=) left vehicle UAZ 469 Roofless (id=F83288C43E474D8DF77C90B822ABC4D0 pos=<10088.5, 349.48, 4196.7>)
16:14:36.726 [VehicleEnter] Player "Mr. Blue" (id=Lw52hZyZO7pZP21eLhjYCVUz5rrRVAodhUgchUxGS8A=) entered vehicle UAZ 469 Roofless (id=F83288C43E474D8DF77C90B822ABC4D0 pos=<10088.5, 349.48, 4196.7>) as driver
16:14:38.473 [VehicleEngine] Player "Mr. Blue" (id=Lw52hZyZO7pZP21eLhjYCVUz5rrRVAodhUgchUxGS8A=) started vehicle UAZ 469 Roofless (id=F83288C43E474D8DF77C90B822ABC4D0 pos=<10088.5, 349.48, 4196.7>)
16:17:06.068 [Chat - Global]("Mr. Blue"(id=Lw52hZyZO7pZP21eLhjYCVUz5rrRVAodhUgchUxGS8A=)): Cars def lag a bit
16:18:29.121 [VehicleEngine] Player "NULL" (id=NULL) stopped vehicle UAZ 469 Roofless (id=F83288C43E474D8DF77C90B822ABC4D0 pos=<10364.4, 218.61, 5913.72>)
16:18:29.154 [VehicleLeave] Player "Mr. Blue" (id=Lw52hZyZO7pZP21eLhjYCVUz5rrRVAodhUgchUxGS8A=) left vehicle UAZ 469 Roofless (id=F83288C43E474D8DF77C90B822ABC4D0 pos=<10364.3, 218.6, 5913.72>)
16:18:39.388 [VehicleEnter] Player "Mr. Blue" (id=Lw52hZyZO7pZP21eLhjYCVUz5rrRVAodhUgchUxGS8A=) entered vehicle UAZ 469 Roofless (id=F83288C43E474D8DF77C90B822ABC4D0 pos=<10364, 218.58, 5913.74>) as driver
16:18:41.182 [VehicleEngine] Player "Mr. Blue" (id=Lw52hZyZO7pZP21eLhjYCVUz5rrRVAodhUgchUxGS8A=) started vehicle UAZ 469 Roofless (id=F83288C43E474D8DF77C90B822ABC4D0 pos=<10364, 218.58, 5913.74>)
16:18:48.523 [VehicleEngine] Player "NULL" (id=NULL) stopped vehicle UAZ 469 Roofless (id=F83288C43E474D8DF77C90B822ABC4D0 pos=<10353.2, 217.94, 5911.72>)
16:18:48.599 [VehicleLeave] Player "Mr. Blue" (id=Lw52hZyZO7pZP21eLhjYCVUz5rrRVAodhUgchUxGS8A=) left vehicle UAZ 469 Roofless (id=F83288C43E474D8DF77C90B822ABC4D0 pos=<10353.2, 217.94, 5911.72>)
16:21:29.078 [BaseRaiding] ExpansionSafeMini (<10349.949219, 220.935181, 5901.647461>) Code set by "player "Mr. Blue" (ID = "Lw52hZyZO7pZP21eLhjYCVUz5rrRVAodhUgchUxGS8A=" at <10349.753906, 220.935089, 5902.807617>)" and the code is 0523
16:27:51.055 [Chat - Global]("Survivor"(id=0nsyEhm9INQy3se8y-fXlbMHVv4YsIXloUCLC2unDyo=)): still huh
16:27:59.422 [Chat - Global]("Survivor"(id=0nsyEhm9INQy3se8y-fXlbMHVv4YsIXloUCLC2unDyo=)): its much better for me now
