06:07:33.323 [VehicleDestroyed] Boat_01_Black (id=0014F12036497D7476C33E880644AD73 pos=<6423.71, 169.47, 10887.4>)
06:07:36.976 [VehicleDeleted] Boat_01_Black (id=1911D290BA4FD254E12F379882201E63 pos=<6423.71, 169.47, 10887.4>)
06:12:52.904 [MissionAirdrop] An airdrop is heading towards "Gieraltow" (pos=<10899.000000, 0.000000, 4515.000000> type=Random_Gieraltow) with a ExpansionAirdropContainer_Military
07:41:41.263 [MissionAirdrop] An airdrop is heading towards "Zapadlisko" (pos=<8399.000000, 0.000000, 8803.000000> type=Random_Zapadlisko) with a ExpansionAirdropContainer
09:08:11.745 [MissionAirdrop] An airdrop is heading towards "Tarnow" (pos=<9976.000000, 0.000000, 11000.000000> type=Random_Tarnow) with a ExpansionAirdropContainer_Basebuilding
10:37:46.042 [MissionAirdrop] An airdrop is heading towards "Karlin" (pos=<9975.000000, 0.000000, 7242.000000> type=Random_Karlin) with a ExpansionAirdropContainer_Basebuilding
12:05:44.863 [MissionAirdrop] An airdrop is heading towards "Muratyn" (pos=<4559.000000, 0.000000, 6852.000000> type=Random_Muratyn) with a ExpansionAirdropContainer
13:31:58.147 [MissionAirdrop] An airdrop is heading towards "Zapadlisko" (pos=<8399.000000, 0.000000, 8803.000000> type=Random_Zapadlisko) with a ExpansionAirdropContainer
14:55:01.589 [MissionAirdrop] An airdrop is heading towards "Gieraltow" (pos=<10899.000000, 0.000000, 4515.000000> type=Random_Gieraltow) with a ExpansionAirdropContainer_Military
16:23:24.272 [MissionAirdrop] An airdrop is heading towards "Kolembrody" (pos=<8676.000000, 0.000000, 12114.000000> type=Random_Kolembrody) with a ExpansionAirdropContainer_Military
17:49:40.313 [MissionAirdrop] An airdrop is heading towards "Zapadlisko" (pos=<8399.000000, 0.000000, 8803.000000> type=Random_Zapadlisko) with a ExpansionAirdropContainer
18:29:51.526 [AI Patrol 00015] Spawning 1 West bots at <7564.115723, 289.312805, 2548.914551>
18:29:51.556 [AI Patrol 00015] Global patrol count: 1
18:29:51.566 [AI Patrol 00015] Patrol category patrol count: 1
18:29:51.576 [AI Patrol 00016] Spawning 2 Civilian bots at <6825.894531, 319.580994, 3299.697510>
18:29:51.607 [AI Patrol 00016] Global patrol count: 2
18:29:51.617 [AI Patrol 00016] Patrol category patrol count: 2
18:29:51.626 [AI Patrol 00014] Spawning 1 East bots at <7605.293457, 296.748474, 2648.863770>
18:29:51.659 [AI Patrol 00014] Global patrol count: 3
18:29:51.669 [AI Patrol 00014] Patrol category patrol count: 3
18:29:58.086 [AI Patrol 00016] Civilian bots were wiped out (spawn position <6825.894531, 319.580994, 3299.697510>, 2/2 deceased)
18:29:58.163 [AI Patrol 00016] Global patrol count: 2
18:29:58.273 [AI Patrol 00016] Patrol category patrol count: 2
18:37:58.044 [Party] Player "Dan" (id=J3DN6WXzRjVAt4j_gUAEgL4v34hqtXpOtTWQ5nCMCS0=) joined the party "Dragon Unyielding" (id=7 ownerUID=J3DN6WXzRjVAt4j_gUAEgL4v34hqtXpOtTWQ5nCMCS0= ownerName=Dan)
18:37:58.404 [AI Object Patrol 00020] Spawning 1 West bots at <7292.800293, 262.233124, 8483.345703>
18:37:58.438 [AI Object Patrol 00020] Global patrol count: 3
18:37:58.448 [AI Object Patrol 00020] HelicopterWreck category patrol count: 1
18:40:54.163 [Chat - Global]("Survivor"(id=fzd8mumj1VPzVcH_vKQyOZDa8Y7YQ1MVWhxYlcHMvMw=)): yo
18:41:09.701 [Chat - Global]("Dan"(id=J3DN6WXzRjVAt4j_gUAEgL4v34hqtXpOtTWQ5nCMCS0=)): hi !
18:42:04.404 [Chat - Global]("Survivor"(id=fzd8mumj1VPzVcH_vKQyOZDa8Y7YQ1MVWhxYlcHMvMw=)): you in the discord?
18:42:37.086 [Chat - Global]("Survivor"(id=fzd8mumj1VPzVcH_vKQyOZDa8Y7YQ1MVWhxYlcHMvMw=)): just cause i have a base thats free loot if you want anything 
18:42:52.955 [Chat - Global]("Dan"(id=J3DN6WXzRjVAt4j_gUAEgL4v34hqtXpOtTWQ5nCMCS0=)): yes
18:44:41.034 [Chat - Global]("Dan"(id=J3DN6WXzRjVAt4j_gUAEgL4v34hqtXpOtTWQ5nCMCS0=)): what do you want to say ?
18:50:23.884 [AI Patrol 00014] East bots were wiped out (spawn position <7605.293457, 296.748474, 2648.863770>, 1/1 deceased)
18:50:23.914 [AI Patrol 00014] Global patrol count: 2
18:50:23.951 [AI Patrol 00014] Patrol category patrol count: 1
18:58:52.267 [AI Object Patrol 00020] West bots were wiped out (spawn position <7292.800293, 262.233124, 8483.345703>, 1/1 deceased)
18:58:52.277 [AI Object Patrol 00020] Global patrol count: 1
18:58:52.286 [AI Object Patrol 00020] HelicopterWreck category patrol count: 0
19:00:54.586 [Chat - Global]("Dan"(id=J3DN6WXzRjVAt4j_gUAEgL4v34hqtXpOtTWQ5nCMCS0=)): i am bundunDan on discord, my base is near Nidek
19:02:00.506 [Chat - Global]("Survivor"(id=fzd8mumj1VPzVcH_vKQyOZDa8Y7YQ1MVWhxYlcHMvMw=)): oh im nick on discord my base location is posted in the discord
19:02:31.379 [Chat - Global]("Survivor"(id=fzd8mumj1VPzVcH_vKQyOZDa8Y7YQ1MVWhxYlcHMvMw=)): you ever in nadbor its right by the police station. no walls or locks. free loot 
19:02:37.949 [Chat - Global]("Survivor"(id=fzd8mumj1VPzVcH_vKQyOZDa8Y7YQ1MVWhxYlcHMvMw=)): always looking for storage shit
19:08:00.430 [Chat - Global]("Dan"(id=J3DN6WXzRjVAt4j_gUAEgL4v34hqtXpOtTWQ5nCMCS0=)): i remeber, i have visited yor base, took a few mags
19:08:42.267 [Chat - Global]("Dan"(id=J3DN6WXzRjVAt4j_gUAEgL4v34hqtXpOtTWQ5nCMCS0=)): there is a train with storage boxes lockers
19:08:50.061 [Chat - Global]("Dan"(id=J3DN6WXzRjVAt4j_gUAEgL4v34hqtXpOtTWQ5nCMCS0=)): do you have a hely ?
19:11:08.533 [Chat - Global]("Dan"(id=J3DN6WXzRjVAt4j_gUAEgL4v34hqtXpOtTWQ5nCMCS0=)): do you need some barels ?
19:13:00.925 [MissionAirdrop] An airdrop is heading towards "Tarnow" (pos=<9976.000000, 0.000000, 11000.000000> type=Random_Tarnow) with a ExpansionAirdropContainer_Basebuilding
19:14:55.163 [Party] Player "Dan" (id=J3DN6WXzRjVAt4j_gUAEgL4v34hqtXpOtTWQ5nCMCS0=) left the party "Dragon Unyielding" (id=7 ownerUID=J3DN6WXzRjVAt4j_gUAEgL4v34hqtXpOtTWQ5nCMCS0= ownerName=Dan)
19:15:05.225 [AI Object Patrol 00020] Despawning 0 West bots (spawn position <7308.348633, 263.029419, 8488.514648>, 1/1 deceased)
19:23:06.241 [Party] Player "Dan" (id=J3DN6WXzRjVAt4j_gUAEgL4v34hqtXpOtTWQ5nCMCS0=) joined the party "Dragon Unyielding" (id=7 ownerUID=J3DN6WXzRjVAt4j_gUAEgL4v34hqtXpOtTWQ5nCMCS0= ownerName=Dan)
20:19:28.994 [VehicleEnter] Player "Dan" (id=J3DN6WXzRjVAt4j_gUAEgL4v34hqtXpOtTWQ5nCMCS0=) entered vehicle M3S Covered (id=0D44F3EAD74729205EA7B39F1C07D79D pos=<6591.1, 206.47, 8375.21>) as driver
20:19:31.735 [VehicleEngine] Player "Dan" (id=J3DN6WXzRjVAt4j_gUAEgL4v34hqtXpOtTWQ5nCMCS0=) started vehicle M3S Covered (id=0D44F3EAD74729205EA7B39F1C07D79D pos=<6591.11, 206.47, 8375.21>)
20:20:14.758 [VehicleEngine] Player "NULL" (id=NULL) stopped vehicle M3S Covered (id=0D44F3EAD74729205EA7B39F1C07D79D pos=<6578.14, 206.46, 8388.92>)
20:20:15.233 [VehicleLeave] Player "Dan" (id=J3DN6WXzRjVAt4j_gUAEgL4v34hqtXpOtTWQ5nCMCS0=) left vehicle M3S Covered (id=0D44F3EAD74729205EA7B39F1C07D79D pos=<6578.14, 206.46, 8388.92>)
20:25:15.244 [VehicleEnter] Player "Dan" (id=J3DN6WXzRjVAt4j_gUAEgL4v34hqtXpOtTWQ5nCMCS0=) entered vehicle Mh-6 Little Bird (id=481F851CB54478DE20BA67BBF254CFE3 pos=<6565.71, 212.8, 8391.92>) as pilot
20:25:16.739 [VehicleEngine] Player "Dan" (id=J3DN6WXzRjVAt4j_gUAEgL4v34hqtXpOtTWQ5nCMCS0=) started vehicle Mh-6 Little Bird (id=481F851CB54478DE20BA67BBF254CFE3 pos=<6565.68, 212.8, 8391.91>)
20:26:08.003 [AI Object Patrol 00052] Spawning 3 East bots at <8364.821289, 289.970459, 9134.024414>
20:26:08.029 [AI Object Patrol 00052] Global patrol count: 2
20:26:08.039 [AI Object Patrol 00052] HelicopterWreck category patrol count: 1
20:29:20.637 [VehicleEngine] Player "Dan" (id=J3DN6WXzRjVAt4j_gUAEgL4v34hqtXpOtTWQ5nCMCS0=) stopped vehicle Mh-6 Little Bird (id=481F851CB54478DE20BA67BBF254CFE3 pos=<10567.2, 185.66, 10850.2>)
20:29:24.323 [VehicleLeave] Player "Dan" (id=J3DN6WXzRjVAt4j_gUAEgL4v34hqtXpOtTWQ5nCMCS0=) left vehicle Mh-6 Little Bird (id=481F851CB54478DE20BA67BBF254CFE3 pos=<10567.2, 185.66, 10850.2>)
20:36:35.857 [AI Object Patrol 00052] Despawning 3 East bots (spawn position <8364.821289, 289.970459, 9134.024414>, 0/3 deceased)
20:36:35.869 [AI Object Patrol 00052] Global patrol count: 1
20:36:35.879 [AI Object Patrol 00052] HelicopterWreck category patrol count: 0
20:39:06.149 [VehicleEnter] Player "Dan" (id=J3DN6WXzRjVAt4j_gUAEgL4v34hqtXpOtTWQ5nCMCS0=) entered vehicle Mh-6 Little Bird (id=481F851CB54478DE20BA67BBF254CFE3 pos=<10567.2, 185.66, 10850.2>) as pilot
20:39:10.226 [VehicleEngine] Player "Dan" (id=J3DN6WXzRjVAt4j_gUAEgL4v34hqtXpOtTWQ5nCMCS0=) started vehicle Mh-6 Little Bird (id=481F851CB54478DE20BA67BBF254CFE3 pos=<10567.2, 185.66, 10850.2>)
20:39:38.992 [AI Patrol 00018] Spawning 2 East bots at <9433.680664, 240.459564, 10463.139648>
20:39:39.022 [AI Patrol 00018] Global patrol count: 2
20:39:39.032 [AI Patrol 00018] Patrol category patrol count: 2
20:39:47.518 [AI Patrol 00017] Spawning 3 East bots at <9205.701172, 198.374863, 11011.416992>
20:39:47.547 [AI Patrol 00017] Global patrol count: 3
20:39:47.558 [AI Patrol 00017] Patrol category patrol count: 3
20:41:10.282 [AI Object Patrol 00059] Spawning 1 West bots at <6414.278809, 220.558960, 8217.029297>
20:41:10.317 [AI Object Patrol 00059] Global patrol count: 4
20:41:10.327 [AI Object Patrol 00059] ContaminatedArea category patrol count: 1
20:42:48.928 [AI Object Patrol 00058] Spawning 3 East bots at <6375.750488, 299.057434, 6164.299805>
20:42:49.134 [AI Object Patrol 00058] Global patrol count: 5
20:42:49.303 [AI Object Patrol 00058] HelicopterWreck category patrol count: 1
20:43:05.508 [MissionAirdrop] An airdrop is heading towards "Kolembrody" (pos=<8676.000000, 0.000000, 12114.000000> type=Random_Kolembrody) with a ExpansionAirdropContainer_Military
20:43:13.904 [AI Object Patrol 00060] Spawning 2 East bots at <5943.877441, 374.707886, 5021.257324>
20:43:13.930 [AI Object Patrol 00060] Global patrol count: 6
20:43:13.940 [AI Object Patrol 00060] HelicopterWreck category patrol count: 2
20:44:22.606 [AI Object Patrol 00053] Spawning 2 East bots at <6874.086426, 377.446045, 4175.100586>
20:44:22.642 [AI Object Patrol 00053] Global patrol count: 7
20:44:22.652 [AI Object Patrol 00053] HelicopterWreck category patrol count: 3
20:45:13.140 [VehicleEngine] Player "Dan" (id=J3DN6WXzRjVAt4j_gUAEgL4v34hqtXpOtTWQ5nCMCS0=) stopped vehicle Mh-6 Little Bird (id=481F851CB54478DE20BA67BBF254CFE3 pos=<5903.97, 397.32, 4058.92>)
20:45:50.015 [VehicleLeave] Player "Dan" (id=J3DN6WXzRjVAt4j_gUAEgL4v34hqtXpOtTWQ5nCMCS0=) left vehicle Mh-6 Little Bird (id=481F851CB54478DE20BA67BBF254CFE3 pos=<5904.7, 397.29, 4058.61>)
20:47:56.145 [VehicleEnter] Player "Dan" (id=J3DN6WXzRjVAt4j_gUAEgL4v34hqtXpOtTWQ5nCMCS0=) entered vehicle Mh-6 Little Bird (id=481F851CB54478DE20BA67BBF254CFE3 pos=<5904.77, 397.28, 4058.54>) as pilot
20:47:58.887 [VehicleEngine] Player "Dan" (id=J3DN6WXzRjVAt4j_gUAEgL4v34hqtXpOtTWQ5nCMCS0=) started vehicle Mh-6 Little Bird (id=481F851CB54478DE20BA67BBF254CFE3 pos=<5904.82, 397.28, 4058.52>)
20:50:22.106 [AI Patrol 00017] Despawning 3 East bots (spawn position <9205.701172, 198.374863, 11011.416992>, 0/3 deceased)
20:50:22.116 [AI Patrol 00017] Global patrol count: 6
20:50:22.126 [AI Patrol 00017] Patrol category patrol count: 2
20:50:27.226 [AI Patrol 00018] Despawning 2 East bots (spawn position <9433.680664, 240.459564, 10463.139648>, 0/2 deceased)
20:50:27.282 [AI Patrol 00018] Global patrol count: 5
20:50:27.342 [AI Patrol 00018] Patrol category patrol count: 1
20:52:55.651 [VehicleEngine] Player "Dan" (id=J3DN6WXzRjVAt4j_gUAEgL4v34hqtXpOtTWQ5nCMCS0=) stopped vehicle Mh-6 Little Bird (id=481F851CB54478DE20BA67BBF254CFE3 pos=<6576.22, 212.81, 8389.16>)
20:53:06.075 [VehicleLeave] Player "Dan" (id=J3DN6WXzRjVAt4j_gUAEgL4v34hqtXpOtTWQ5nCMCS0=) left vehicle Mh-6 Little Bird (id=481F851CB54478DE20BA67BBF254CFE3 pos=<6576.36, 212.82, 8389.28>)
20:54:20.465 [AI Object Patrol 00058] Despawning 3 East bots (spawn position <6375.750488, 299.057434, 6164.299805>, 0/3 deceased)
20:54:20.474 [AI Object Patrol 00058] Global patrol count: 4
20:54:20.484 [AI Object Patrol 00058] HelicopterWreck category patrol count: 2
20:54:28.036 [VehicleAttachments] Player "Dan" (id=J3DN6WXzRjVAt4j_gUAEgL4v34hqtXpOtTWQ5nCMCS0=) detached UH-1H Left Door (type=ExpansionUh1hDoor_1_1) from vehicle UH-1H (id=36EC2226B347CC54058CA48B834423D0 pos=<6577.53, 212.84, 8397.63>)
20:54:39.596 [VehicleEnter] Player "Dan" (id=J3DN6WXzRjVAt4j_gUAEgL4v34hqtXpOtTWQ5nCMCS0=) entered vehicle UH-1H (id=36EC2226B347CC54058CA48B834423D0 pos=<6577.53, 212.84, 8397.63>) as pilot
20:54:43.216 [VehicleEngine] Player "Dan" (id=J3DN6WXzRjVAt4j_gUAEgL4v34hqtXpOtTWQ5nCMCS0=) started vehicle UH-1H (id=36EC2226B347CC54058CA48B834423D0 pos=<6577.53, 212.84, 8397.62>)
20:56:45.728 [VehicleEngine] Player "Dan" (id=J3DN6WXzRjVAt4j_gUAEgL4v34hqtXpOtTWQ5nCMCS0=) stopped vehicle UH-1H (id=36EC2226B347CC54058CA48B834423D0 pos=<7870.07, 320.85, 9826.59>)
20:56:53.967 [VehicleLeave] Player "Dan" (id=J3DN6WXzRjVAt4j_gUAEgL4v34hqtXpOtTWQ5nCMCS0=) left vehicle UH-1H (id=36EC2226B347CC54058CA48B834423D0 pos=<7870.07, 320.85, 9826.6>)
20:58:23.803 [AI Object Patrol 00059] Despawning 1 West bots (spawn position <6414.278809, 220.558960, 8217.029297>, 0/1 deceased)
20:58:23.813 [AI Object Patrol 00059] Global patrol count: 3
20:58:23.823 [AI Object Patrol 00059] ContaminatedArea category patrol count: 0
20:59:06.962 [AI Object Patrol 00053] Despawning 1 East bots (spawn position <6874.086426, 377.446045, 4175.100586>, 1/2 deceased)
20:59:06.972 [AI Object Patrol 00053] Global patrol count: 2
20:59:06.982 [AI Object Patrol 00053] HelicopterWreck category patrol count: 1
20:59:09.016 [AI Object Patrol 00060] Despawning 1 East bots (spawn position <5943.877441, 374.707886, 5021.257324>, 1/2 deceased)
20:59:09.026 [AI Object Patrol 00060] Global patrol count: 1
20:59:09.035 [AI Object Patrol 00060] HelicopterWreck category patrol count: 0
21:01:51.628 [VehicleEnter] Player "Dan" (id=J3DN6WXzRjVAt4j_gUAEgL4v34hqtXpOtTWQ5nCMCS0=) entered vehicle UH-1H (id=36EC2226B347CC54058CA48B834423D0 pos=<7870.06, 320.85, 9826.61>) as pilot
21:01:53.839 [VehicleLeave] Player "Dan" (id=J3DN6WXzRjVAt4j_gUAEgL4v34hqtXpOtTWQ5nCMCS0=) left vehicle UH-1H (id=36EC2226B347CC54058CA48B834423D0 pos=<7870.06, 320.85, 9826.61>)
21:03:32.281 [VehicleEnter] Player "Dan" (id=J3DN6WXzRjVAt4j_gUAEgL4v34hqtXpOtTWQ5nCMCS0=) entered vehicle UH-1H (id=36EC2226B347CC54058CA48B834423D0 pos=<7870.06, 320.85, 9826.61>) as pilot
21:03:35.336 [VehicleLeave] Player "Dan" (id=J3DN6WXzRjVAt4j_gUAEgL4v34hqtXpOtTWQ5nCMCS0=) left vehicle UH-1H (id=36EC2226B347CC54058CA48B834423D0 pos=<7870.06, 320.85, 9826.61>)
21:06:17.510 [VehicleEnter] Player "Dan" (id=J3DN6WXzRjVAt4j_gUAEgL4v34hqtXpOtTWQ5nCMCS0=) entered vehicle UH-1H (id=2FD3D347F24BB328461A67940274A72B pos=<7883.5, 320.55, 9802.21>) as pilot
21:06:20.279 [VehicleLeave] Player "Dan" (id=J3DN6WXzRjVAt4j_gUAEgL4v34hqtXpOtTWQ5nCMCS0=) left vehicle UH-1H (id=2FD3D347F24BB328461A67940274A72B pos=<7883.5, 320.55, 9802.21>)
21:08:56.803 [VehicleAttachments] Player "Dan" (id=J3DN6WXzRjVAt4j_gUAEgL4v34hqtXpOtTWQ5nCMCS0=) detached UH-1H Right Door (type=ExpansionUh1hDoor_2_2_Medical) from vehicle UH-1H (id=2FD3D347F24BB328461A67940274A72B pos=<7883.5, 320.55, 9802.21>)
21:09:07.786 [AI Patrol 00015] Despawning 1 West bots (spawn position <7564.115723, 289.312805, 2548.914551>, 0/1 deceased)
21:09:07.796 [AI Patrol 00015] Global patrol count: 0
21:09:07.806 [AI Patrol 00015] Patrol category patrol count: 0
21:09:23.966 [VehicleAttachments] Player "Dan" (id=J3DN6WXzRjVAt4j_gUAEgL4v34hqtXpOtTWQ5nCMCS0=) detached UH-1H Left Door (type=ExpansionUh1hDoor_2_1_Medical) from vehicle UH-1H (id=2FD3D347F24BB328461A67940274A72B pos=<7883.5, 320.55, 9802.21>)
21:12:38.704 [VehicleEnter] Player "Dan" (id=J3DN6WXzRjVAt4j_gUAEgL4v34hqtXpOtTWQ5nCMCS0=) entered vehicle UH-1H (id=36EC2226B347CC54058CA48B834423D0 pos=<7870.06, 320.85, 9826.61>) as pilot
21:12:42.252 [VehicleEngine] Player "Dan" (id=J3DN6WXzRjVAt4j_gUAEgL4v34hqtXpOtTWQ5nCMCS0=) started vehicle UH-1H (id=36EC2226B347CC54058CA48B834423D0 pos=<7870.06, 320.85, 9826.61>)
21:15:34.180 [VehicleEngine] Player "Dan" (id=J3DN6WXzRjVAt4j_gUAEgL4v34hqtXpOtTWQ5nCMCS0=) stopped vehicle UH-1H (id=36EC2226B347CC54058CA48B834423D0 pos=<10566.5, 185.88, 10852.1>)
21:15:40.006 [VehicleLeave] Player "Dan" (id=J3DN6WXzRjVAt4j_gUAEgL4v34hqtXpOtTWQ5nCMCS0=) left vehicle UH-1H (id=36EC2226B347CC54058CA48B834423D0 pos=<10566.4, 185.75, 10852>)
21:16:57.259 [VehicleEnter] Player "Dan" (id=J3DN6WXzRjVAt4j_gUAEgL4v34hqtXpOtTWQ5nCMCS0=) entered vehicle UH-1H (id=36EC2226B347CC54058CA48B834423D0 pos=<10566.4, 185.67, 10852>) as pilot
21:17:00.301 [VehicleEngine] Player "Dan" (id=J3DN6WXzRjVAt4j_gUAEgL4v34hqtXpOtTWQ5nCMCS0=) started vehicle UH-1H (id=36EC2226B347CC54058CA48B834423D0 pos=<10566.4, 185.67, 10852>)
21:18:52.818 [AI Object Patrol 00063] Spawning 2 East bots at <7295.886719, 262.321198, 8482.842773>
21:18:52.846 [AI Object Patrol 00063] Global patrol count: 1
21:18:52.856 [AI Object Patrol 00063] HelicopterWreck category patrol count: 1
21:20:28.992 [AI Object Patrol 00062] Spawning 3 East bots at <5405.953613, 269.564301, 6693.147949>
21:20:29.030 [AI Object Patrol 00062] Global patrol count: 2
21:20:29.040 [AI Object Patrol 00062] HelicopterWreck category patrol count: 2
21:21:21.561 [AI Object Patrol 00066] Spawning 2 West bots at <2741.523438, 401.978668, 5616.680664>
21:21:21.591 [AI Object Patrol 00066] Global patrol count: 3
21:21:21.601 [AI Object Patrol 00066] HelicopterWreck category patrol count: 3
21:23:38.178 [AI Object Patrol 00062] Despawning 3 East bots (spawn position <5405.953613, 269.564301, 6693.147949>, 0/3 deceased)
21:23:38.189 [AI Object Patrol 00062] Global patrol count: 2
21:23:38.198 [AI Object Patrol 00062] HelicopterWreck category patrol count: 2
21:24:56.220 [VehicleEngine] Player "Dan" (id=J3DN6WXzRjVAt4j_gUAEgL4v34hqtXpOtTWQ5nCMCS0=) stopped vehicle UH-1H (id=36EC2226B347CC54058CA48B834423D0 pos=<5901.09, 397.6, 4052.56>)
21:25:30.011 [VehicleLeave] Player "Dan" (id=J3DN6WXzRjVAt4j_gUAEgL4v34hqtXpOtTWQ5nCMCS0=) left vehicle UH-1H (id=36EC2226B347CC54058CA48B834423D0 pos=<5900.85, 397.61, 4052.82>)
21:27:51.297 [VehicleEnter] Player "Dan" (id=J3DN6WXzRjVAt4j_gUAEgL4v34hqtXpOtTWQ5nCMCS0=) entered vehicle UH-1H (id=36EC2226B347CC54058CA48B834423D0 pos=<5900.85, 397.61, 4052.81>) as pilot
21:27:54.830 [VehicleEngine] Player "Dan" (id=J3DN6WXzRjVAt4j_gUAEgL4v34hqtXpOtTWQ5nCMCS0=) started vehicle UH-1H (id=36EC2226B347CC54058CA48B834423D0 pos=<5900.85, 397.61, 4052.81>)
21:29:09.991 [AI Object Patrol 00073] Spawning 2 East bots at <5412.076172, 270.512268, 6689.126465>
21:29:10.025 [AI Object Patrol 00073] Global patrol count: 3
21:29:10.035 [AI Object Patrol 00073] HelicopterWreck category patrol count: 3
21:29:47.871 [AI Object Patrol 00063] Despawning 2 East bots (spawn position <7295.886719, 262.321198, 8482.842773>, 0/2 deceased)
21:29:47.882 [AI Object Patrol 00063] Global patrol count: 2
21:29:47.893 [AI Object Patrol 00063] HelicopterWreck category patrol count: 2
21:32:00.772 [AI Object Patrol 00066] Despawning 2 West bots (spawn position <2741.523438, 401.978668, 5616.680664>, 0/2 deceased)
21:32:00.783 [AI Object Patrol 00066] Global patrol count: 1
21:32:00.793 [AI Object Patrol 00066] HelicopterWreck category patrol count: 1
21:32:56.813 [VehicleEngine] Player "Dan" (id=J3DN6WXzRjVAt4j_gUAEgL4v34hqtXpOtTWQ5nCMCS0=) stopped vehicle UH-1H (id=36EC2226B347CC54058CA48B834423D0 pos=<6611.28, 206.71, 8441.42>)
21:33:13.125 [VehicleLeave] Player "Dan" (id=J3DN6WXzRjVAt4j_gUAEgL4v34hqtXpOtTWQ5nCMCS0=) left vehicle UH-1H (id=36EC2226B347CC54058CA48B834423D0 pos=<6616.92, 206.65, 8444.5>)
21:39:45.893 [AI Object Patrol 00073] Despawning 2 East bots (spawn position <5412.076172, 270.512268, 6689.126465>, 0/2 deceased)
21:39:45.911 [AI Object Patrol 00073] Global patrol count: 0
21:39:45.929 [AI Object Patrol 00073] HelicopterWreck category patrol count: 0
22:03:54.873 [VehicleEnter] Player "Dan" (id=J3DN6WXzRjVAt4j_gUAEgL4v34hqtXpOtTWQ5nCMCS0=) entered vehicle M3S Covered (id=0D44F3EAD74729205EA7B39F1C07D79D pos=<6578.2, 206.46, 8388.86>) as driver
22:03:57.710 [VehicleEngine] Player "Dan" (id=J3DN6WXzRjVAt4j_gUAEgL4v34hqtXpOtTWQ5nCMCS0=) started vehicle M3S Covered (id=0D44F3EAD74729205EA7B39F1C07D79D pos=<6578.26, 206.45, 8388.76>)
22:04:29.801 [VehicleEngine] Player "NULL" (id=NULL) stopped vehicle M3S Covered (id=0D44F3EAD74729205EA7B39F1C07D79D pos=<6640.02, 207.19, 8422.5>)
22:04:30.234 [VehicleLeave] Player "Dan" (id=J3DN6WXzRjVAt4j_gUAEgL4v34hqtXpOtTWQ5nCMCS0=) left vehicle M3S Covered (id=0D44F3EAD74729205EA7B39F1C07D79D pos=<6640.02, 207.19, 8422.5>)
22:11:30.140 [MissionAirdrop] An airdrop is heading towards "Dolnik" (pos=<11491.000000, 0.000000, 763.000000> type=Random_Dolnik) with a ExpansionAirdropContainer
22:12:11.497 [VehicleEnter] Player "Dan" (id=J3DN6WXzRjVAt4j_gUAEgL4v34hqtXpOtTWQ5nCMCS0=) entered vehicle M3S Covered (id=0D44F3EAD74729205EA7B39F1C07D79D pos=<6640.02, 207.19, 8422.5>) as driver
22:12:14.523 [VehicleEngine] Player "Dan" (id=J3DN6WXzRjVAt4j_gUAEgL4v34hqtXpOtTWQ5nCMCS0=) started vehicle M3S Covered (id=0D44F3EAD74729205EA7B39F1C07D79D pos=<6640.02, 207.19, 8422.5>)
22:13:11.215 [VehicleEngine] Player "Dan" (id=J3DN6WXzRjVAt4j_gUAEgL4v34hqtXpOtTWQ5nCMCS0=) stopped vehicle M3S Covered (id=0D44F3EAD74729205EA7B39F1C07D79D pos=<6578.14, 206.46, 8388.66>)
22:13:23.448 [VehicleEngine] Player "Dan" (id=J3DN6WXzRjVAt4j_gUAEgL4v34hqtXpOtTWQ5nCMCS0=) started vehicle M3S Covered (id=0D44F3EAD74729205EA7B39F1C07D79D pos=<6578.41, 206.43, 8388.29>)
22:13:32.293 [VehicleEngine] Player "NULL" (id=NULL) stopped vehicle M3S Covered (id=0D44F3EAD74729205EA7B39F1C07D79D pos=<6578.36, 206.44, 8389.14>)
22:13:32.705 [VehicleLeave] Player "Dan" (id=J3DN6WXzRjVAt4j_gUAEgL4v34hqtXpOtTWQ5nCMCS0=) left vehicle M3S Covered (id=0D44F3EAD74729205EA7B39F1C07D79D pos=<6578.36, 206.44, 8389.14>)
22:42:21.409 [Party] Player "Dan" (id=J3DN6WXzRjVAt4j_gUAEgL4v34hqtXpOtTWQ5nCMCS0=) left the party "Dragon Unyielding" (id=7 ownerUID=J3DN6WXzRjVAt4j_gUAEgL4v34hqtXpOtTWQ5nCMCS0= ownerName=Dan)
22:50:27.563 [Party] Player "Dan" (id=J3DN6WXzRjVAt4j_gUAEgL4v34hqtXpOtTWQ5nCMCS0=) joined the party "Dragon Unyielding" (id=7 ownerUID=J3DN6WXzRjVAt4j_gUAEgL4v34hqtXpOtTWQ5nCMCS0= ownerName=Dan)
22:57:43.718 [VehicleEnter] Player "Dan" (id=J3DN6WXzRjVAt4j_gUAEgL4v34hqtXpOtTWQ5nCMCS0=) entered vehicle Mh-6 Little Bird (id=481F851CB54478DE20BA67BBF254CFE3 pos=<6576.65, 212.82, 8388.96>) as pilot
22:57:45.635 [VehicleEngine] Player "Dan" (id=J3DN6WXzRjVAt4j_gUAEgL4v34hqtXpOtTWQ5nCMCS0=) started vehicle Mh-6 Little Bird (id=481F851CB54478DE20BA67BBF254CFE3 pos=<6576.64, 212.82, 8388.91>)
22:59:49.586 [VehicleEngine] Player "Dan" (id=J3DN6WXzRjVAt4j_gUAEgL4v34hqtXpOtTWQ5nCMCS0=) stopped vehicle Mh-6 Little Bird (id=481F851CB54478DE20BA67BBF254CFE3 pos=<6574.76, 212.82, 8402.07>)
23:00:03.401 [VehicleLeave] Player "Dan" (id=J3DN6WXzRjVAt4j_gUAEgL4v34hqtXpOtTWQ5nCMCS0=) left vehicle Mh-6 Little Bird (id=481F851CB54478DE20BA67BBF254CFE3 pos=<6575.01, 212.8, 8402.08>)
23:11:47.035 [BaseRaiding] ExpansionWall6x3 (<6573.148438, 209.487122, 8387.771484>) Code set by "player "Dan" (ID = "J3DN6WXzRjVAt4j_gUAEgL4v34hqtXpOtTWQ5nCMCS0=" at <6573.356445, 209.737305, 8386.291992>)" and the code is 1981
23:23:19.200 [Party] Player "Dan" (id=J3DN6WXzRjVAt4j_gUAEgL4v34hqtXpOtTWQ5nCMCS0=) left the party "Dragon Unyielding" (id=7 ownerUID=J3DN6WXzRjVAt4j_gUAEgL4v34hqtXpOtTWQ5nCMCS0= ownerName=Dan)
23:42:04.549 [MissionAirdrop] An airdrop is heading towards "Karlin" (pos=<9975.000000, 0.000000, 7242.000000> type=Random_Karlin) with a ExpansionAirdropContainer_Basebuilding
00:13:14.179 [VehicleDestroyed] Boat_01_Black (id=127E48313C48462C1D9345804127E974 pos=<2560.78, 170.07, 8134.26>)
00:13:14.222 [VehicleDestroyed] Boat_01_Blue (id=2B6D1AFBE54BF1673A20BAB7F9E563D5 pos=<3248.19, 169.78, 8949.41>)
00:13:14.232 [VehicleDestroyed] Boat_01_Blue (id=B1E2DC2A89420AC5F94EE3A0E5DF6CDF pos=<1218.51, 169.84, 7597.78>)
00:15:44.177 [VehicleDestroyed] Boat_01_Black (id=AAAE0DEF374EA605A58BE08D83BC5561 pos=<5760.52, 169.67, 10177.6>)
01:08:59.116 [MissionAirdrop] An airdrop is heading towards "Kolembrody" (pos=<8676.000000, 0.000000, 12114.000000> type=Random_Kolembrody) with a ExpansionAirdropContainer_Military
02:36:59.063 [MissionAirdrop] An airdrop is heading towards "Zapadlisko" (pos=<8399.000000, 0.000000, 8803.000000> type=Random_Zapadlisko) with a ExpansionAirdropContainer
04:00:01.654 [MissionAirdrop] An airdrop is heading towards "Dolnik" (pos=<11491.000000, 0.000000, 763.000000> type=Random_Dolnik) with a ExpansionAirdropContainer
05:29:53.177 [MissionAirdrop] An airdrop is heading towards "Muratyn" (pos=<4559.000000, 0.000000, 6852.000000> type=Random_Muratyn) with a ExpansionAirdropContainer
05:52:13.597 [Party] Player "bundundan" (id=J3DN6WXzRjVAt4j_gUAEgL4v34hqtXpOtTWQ5nCMCS0=) joined the party "Dragon Unyielding" (id=7 ownerUID=J3DN6WXzRjVAt4j_gUAEgL4v34hqtXpOtTWQ5nCMCS0= ownerName=Dan)
05:56:39.337 [VehicleAttachments] Player "bundundan" (id=J3DN6WXzRjVAt4j_gUAEgL4v34hqtXpOtTWQ5nCMCS0=) detached UH-1H Left Door (type=ExpansionUh1hDoor_2_1_Medical) from vehicle UH-1H (id=36EC2226B347CC54058CA48B834423D0 pos=<6617.18, 206.65, 8444.33>)
05:57:56.188 [VehicleDeleted] Boat_01_Black (id=AAAE0DEF374EA605A58BE08D83BC5561 pos=<5760.54, 169.45, 10177.4>)
05:57:56.231 [VehicleDeleted] Boat_01_Blue (id=B1E2DC2A89420AC5F94EE3A0E5DF6CDF pos=<1218.5, 169.37, 7597.81>)
05:57:56.278 [VehicleDeleted] Boat_01_Blue (id=2B6D1AFBE54BF1673A20BAB7F9E563D5 pos=<3248.23, 169.47, 8949.39>)
05:57:56.329 [VehicleDeleted] Boat_01_Black (id=127E48313C48462C1D9345804127E974 pos=<2560.76, 170.06, 8134.29>)
05:58:29.742 [VehicleAttachments] Player "bundundan" (id=J3DN6WXzRjVAt4j_gUAEgL4v34hqtXpOtTWQ5nCMCS0=) detached UH-1H Right Door (type=ExpansionUh1hDoor_2_2_Medical) from vehicle UH-1H (id=36EC2226B347CC54058CA48B834423D0 pos=<6617.18, 206.65, 8444.33>)
06:00:15.767 [VehicleAttachments] Player "bundundan" (id=J3DN6WXzRjVAt4j_gUAEgL4v34hqtXpOtTWQ5nCMCS0=) detached UH-1H Left Door (type=ExpansionUh1hDoor_1_1) from vehicle UH-1H (id=36EC2226B347CC54058CA48B834423D0 pos=<6617.18, 206.65, 8444.33>)
06:03:31.573 [Party] Player "bundundan" (id=J3DN6WXzRjVAt4j_gUAEgL4v34hqtXpOtTWQ5nCMCS0=) left the party "Dragon Unyielding" (id=7 ownerUID=J3DN6WXzRjVAt4j_gUAEgL4v34hqtXpOtTWQ5nCMCS0= ownerName=Dan)
