06:13:04.995 [MissionAirdrop] An airdrop is heading towards "Kolembrody" (pos=<8676.000000, 0.000000, 12114.000000> type=Random_Kolembrody) with a ExpansionAirdropContainer_Military
07:42:46.319 [MissionAirdrop] An airdrop is heading towards "Muratyn" (pos=<4559.000000, 0.000000, 6852.000000> type=Random_Muratyn) with a ExpansionAirdropContainer
08:21:00.540 [AI Patrol 00016] Spawning 3 East bots at <7501.025879, 333.279938, 2773.420654>
08:21:00.578 [AI Patrol 00016] Global patrol count: 1
08:21:00.588 [AI Patrol 00016] Patrol category patrol count: 1
08:21:00.598 [AI Patrol 00017] Spawning 1 West bots at <7234.498535, 293.908478, 3026.488525>
08:21:00.635 [AI Patrol 00017] Global patrol count: 2
08:21:00.645 [AI Patrol 00017] Patrol category patrol count: 2
08:33:19.347 [Killfeed] AI Judy (West) got killed by AI Oliver (Shamans) with LAR from a distance of 15 m.
08:37:38.716 [Killfeed] AI Naomi (West) got killed by AI Taiki (East) with Bizon from a distance of 4 m.
08:41:22.033 [Party] Player "Dan" (id=J3DN6WXzRjVAt4j_gUAEgL4v34hqtXpOtTWQ5nCMCS0=) joined the party "Dragon Unyielding" (id=7 ownerUID=J3DN6WXzRjVAt4j_gUAEgL4v34hqtXpOtTWQ5nCMCS0= ownerName=Dan)
08:42:24.060 [Chat - Global]("Dan"(id=J3DN6WXzRjVAt4j_gUAEgL4v34hqtXpOtTWQ5nCMCS0=)): hi, nice rain !
08:44:04.856 [AI Object Patrol 00025] Spawning 2 West bots at <6038.966309, 217.534958, 8191.410156>
08:44:04.894 [AI Object Patrol 00025] Global patrol count: 3
08:44:04.909 [AI Object Patrol 00025] ContaminatedArea category patrol count: 1
08:44:12.997 [Chat - Global]("mstan346"(id=AgcamHl-a7yN1AOoF-8esXdFtm_BCaLf8qOVCJmiMJM=)): gotta love it
08:45:48.050 [Chat - Global]("Dan"(id=J3DN6WXzRjVAt4j_gUAEgL4v34hqtXpOtTWQ5nCMCS0=)): yeepppp
08:46:47.928 [AI Patrol 00018] Spawning 2 Civilian bots at <7035.842773, 309.567444, 3230.703613>
08:46:47.954 [AI Patrol 00018] Global patrol count: 4
08:46:47.964 [AI Patrol 00018] Patrol category patrol count: 3
08:47:40.415 [AI Object Patrol 00023] Spawning 2 West bots at <6514.883789, 312.602661, 3148.337402>
08:47:40.446 [AI Object Patrol 00023] Global patrol count: 5
08:47:40.461 [AI Object Patrol 00023] HelicopterWreck category patrol count: 1
08:50:44.545 [Party] Player "Dan" (id=J3DN6WXzRjVAt4j_gUAEgL4v34hqtXpOtTWQ5nCMCS0=) left the party "Dragon Unyielding" (id=7 ownerUID=J3DN6WXzRjVAt4j_gUAEgL4v34hqtXpOtTWQ5nCMCS0= ownerName=Dan)
08:51:18.067 [Killfeed] AI Maria (West) got killed by AI Taiki (East) with KA-M from a distance of 26 m.
08:52:15.498 [Party] Player "Dan" (id=J3DN6WXzRjVAt4j_gUAEgL4v34hqtXpOtTWQ5nCMCS0=) joined the party "Dragon Unyielding" (id=7 ownerUID=J3DN6WXzRjVAt4j_gUAEgL4v34hqtXpOtTWQ5nCMCS0= ownerName=Dan)
08:53:56.565 [Killfeed] AI Frida (East) got killed by AI Irena (West) with AUR AX from a distance of 3 m.
08:56:23.755 [AI Object Patrol 00006] Spawning 1 West bots at <6862.621094, 377.174744, 4183.702148>
08:56:23.791 [AI Object Patrol 00006] Global patrol count: 6
08:56:23.809 [AI Object Patrol 00006] HelicopterWreck category patrol count: 2
08:58:24.884 [Party] Player "ANDREIOP" (id=RPd_iZVcpi1DOT_Dnx3wP3FOqPFObu0R2r1Jv-D3kDY=) joined the party "Dragon Unyielding" (id=7 ownerUID=J3DN6WXzRjVAt4j_gUAEgL4v34hqtXpOtTWQ5nCMCS0= ownerName=Dan)
08:58:47.534 [Killfeed] AI Peter (West) got killed by AI Gabi (East) with KAS-74U from a distance of 23 m.
09:00:25.475 [Killfeed] AI Cyril (West) got killed by AI Judy (East) with LAR from a distance of 2 m.
09:00:38.120 [Killfeed] AI Gabi (East) got killed by AI Rolf (Shamans) with VSD from a distance of 5 m.
09:00:39.188 [AI Object Patrol 00023] Despawning 2 West bots (spawn position <6514.883789, 312.602661, 3148.337402>, 0/2 deceased)
09:00:39.198 [AI Object Patrol 00023] Global patrol count: 5
09:00:39.209 [AI Object Patrol 00023] HelicopterWreck category patrol count: 1
09:00:44.089 [AI Patrol 00018] Despawning 2 Civilian bots (spawn position <7035.842773, 309.567444, 3230.703613>, 0/2 deceased)
09:00:44.099 [AI Patrol 00018] Global patrol count: 4
09:00:44.110 [AI Patrol 00018] Patrol category patrol count: 2
09:01:29.134 [Party] Player "ANDREIOP" (id=RPd_iZVcpi1DOT_Dnx3wP3FOqPFObu0R2r1Jv-D3kDY=) left the party "Dragon Unyielding" (id=7 ownerUID=J3DN6WXzRjVAt4j_gUAEgL4v34hqtXpOtTWQ5nCMCS0= ownerName=Dan)
09:02:15.671 [Killfeed] AI Manua (East) got killed by AI Irena (Shamans) with LAR from a distance of 5 m.
09:02:24.665 [AI Object Patrol 00010] Spawning 1 West bots at <7877.197266, 245.783218, 5772.486816>
09:02:24.694 [AI Object Patrol 00010] Global patrol count: 5
09:02:24.704 [AI Object Patrol 00010] ContaminatedArea category patrol count: 2
09:02:57.756 [AI Object Patrol 00006] Despawning 1 West bots (spawn position <6862.621094, 377.174744, 4183.702148>, 0/1 deceased)
09:02:57.767 [AI Object Patrol 00006] Global patrol count: 4
09:02:57.778 [AI Object Patrol 00006] HelicopterWreck category patrol count: 0
09:03:00.977 [Party] Player "ANDREIOP" (id=RPd_iZVcpi1DOT_Dnx3wP3FOqPFObu0R2r1Jv-D3kDY=) joined the party "Dragon Unyielding" (id=7 ownerUID=J3DN6WXzRjVAt4j_gUAEgL4v34hqtXpOtTWQ5nCMCS0= ownerName=Dan)
09:07:11.135 [AI Object Patrol 00025] Despawning 2 West bots (spawn position <6038.966309, 217.534958, 8191.410156>, 0/2 deceased)
09:07:11.191 [AI Object Patrol 00025] Global patrol count: 3
09:07:11.257 [AI Object Patrol 00025] ContaminatedArea category patrol count: 1
09:07:11.378 [AI Object Patrol 00008] Spawning 2 West bots at <7519.827148, 227.837234, 6091.697266>
09:07:11.414 [AI Object Patrol 00008] Global patrol count: 4
09:07:11.426 [AI Object Patrol 00008] ContaminatedArea category patrol count: 2
09:08:54.374 [MissionAirdrop] An airdrop is heading towards "Karlin" (pos=<9975.000000, 0.000000, 7242.000000> type=Random_Karlin) with a ExpansionAirdropContainer_Basebuilding
09:17:29.507 [Killfeed] AI Oliver (West) got killed by AI Keiko (Shamans) with LAR from a distance of 2 m.
09:18:59.139 [Killfeed] AI Naomi (West) got killed by AI Linda (Shamans) with VSD from a distance of 1 m.
09:20:45.728 [AI Object Patrol 00008] Despawning 2 West bots (spawn position <7519.827148, 227.837234, 6091.697266>, 0/2 deceased)
09:20:45.738 [AI Object Patrol 00008] Global patrol count: 3
09:20:45.748 [AI Object Patrol 00008] ContaminatedArea category patrol count: 1
09:20:56.482 [Killfeed] AI Peter (West) got killed by AI Linda (Shamans) with VSD from a distance of 8 m.
09:21:25.737 [AI Object Patrol 00010] Despawning 1 West bots (spawn position <7877.197266, 245.783218, 5772.486816>, 0/1 deceased)
09:21:25.748 [AI Object Patrol 00010] Global patrol count: 2
09:21:25.758 [AI Object Patrol 00010] ContaminatedArea category patrol count: 0
09:22:45.949 [Killfeed] AI Oliver (East) got killed by AI Keiko (Shamans) with LAR from a distance of 6 m.
09:25:56.440 [Killfeed] AI Jose (West) got killed by AI Keiko (Shamans) with LAR from a distance of 9 m.
09:26:41.881 [Killfeed] AI Helga (Shamans) got killed by AI Kaito (West) with M4-A1 from a distance of 8 m.
09:29:23.188 [Killfeed] AI Linda (Shamans) got killed by AI Manua (East) with KA-74 from a distance of 7 m.
09:29:29.521 [Killfeed] AI Francis (West) got killed by AI Guo (Shamans) with KAS-74U from a distance of 10 m.
09:30:15.457 [Killfeed] AI Denis (West) got killed by AI Guo (Shamans) with KAS-74U from a distance of 8 m.
09:31:37.002 [Killfeed] AI Guo (Shamans) got killed by AI Kaito (West) with M4-A1 from a distance of 2 m.
09:32:32.535 [Killfeed] AI Indar (Shamans) got killed by AI Kaito (West) with M4-A1 from a distance of 8 m.
09:35:08.481 [Killfeed] AI Keiko (Shamans) got killed by AI Kaito (West) with M4-A1 from a distance of 7 m.
09:42:46.170 [Killfeed] AI Naomi (West) got killed by AI Boris (East) with KA-101 from a distance of 9 m.
09:43:19.157 [Party] Player "ANDREIOP" (id=RPd_iZVcpi1DOT_Dnx3wP3FOqPFObu0R2r1Jv-D3kDY=) left the party "Dragon Unyielding" (id=7 ownerUID=J3DN6WXzRjVAt4j_gUAEgL4v34hqtXpOtTWQ5nCMCS0= ownerName=Dan)
09:48:01.654 [Killfeed] AI Helga (Shamans) got killed by AI Judy (West) with M4-A1 from a distance of 7 m.
09:50:08.559 [Killfeed] AI Frida (East) got killed by AI Denis (West) with M16-A2 from a distance of 6 m.
09:51:23.538 [Killfeed] AI Judy (West) got killed by AI Oliver (East) with KA-74 from a distance of 2 m.
09:51:28.403 [Killfeed] AI Denis (West) got killed by AI Oliver (East) with KA-74 from a distance of 9 m.
09:52:38.948 [Killfeed] AI Guo (West) got killed by AI Hassan (Shamans) with KAS-74U from a distance of 7 m.
09:54:12.444 [Killfeed] AI Oliver (East) got killed by AI Keiko (West) with M16-A2 from a distance of 8 m.
09:55:50.688 [Party] Player "Dan" (id=J3DN6WXzRjVAt4j_gUAEgL4v34hqtXpOtTWQ5nCMCS0=) left the party "Dragon Unyielding" (id=7 ownerUID=J3DN6WXzRjVAt4j_gUAEgL4v34hqtXpOtTWQ5nCMCS0= ownerName=Dan)
09:57:31.135 [Killfeed] AI Keiko (West) got killed by AI Irena (East) with M16-A2 from a distance of 7 m.
09:59:26.862 [Killfeed] AI Irena (East) got killed by AI Seth (West) with AUR AX from a distance of 10 m.
09:59:30.324 [Killfeed] AI Helga (West) got killed by AI Manua (East) with KA-M from a distance of 8 m.
10:00:09.642 [Killfeed] AI Hassan (Shamans) got killed by AI Niki (West) with AUR AX from a distance of 9 m.
10:00:44.003 [Killfeed] AI Boris (Shamans) got killed by AI Niki (West) with AUR AX from a distance of 8 m.
10:35:52.490 [MissionAirdrop] An airdrop is heading towards "Muratyn" (pos=<4559.000000, 0.000000, 6852.000000> type=Random_Muratyn) with a ExpansionAirdropContainer
11:20:58.255 [Killfeed] AI Cyril (West) got killed by AI Taiki (East) with KAS-74U from a distance of 4 m.
11:21:01.784 [AI Patrol 00017] West bots were wiped out (spawn position <7234.498535, 293.908478, 3026.488525>, 1/1 deceased)
11:21:01.793 [AI Patrol 00017] Global patrol count: 1
11:21:01.803 [AI Patrol 00017] Patrol category patrol count: 1
12:03:11.280 [MissionAirdrop] An airdrop is heading towards "Kolembrody" (pos=<8676.000000, 0.000000, 12114.000000> type=Random_Kolembrody) with a ExpansionAirdropContainer_Military
13:30:27.482 [MissionAirdrop] An airdrop is heading towards "Muratyn" (pos=<4559.000000, 0.000000, 6852.000000> type=Random_Muratyn) with a ExpansionAirdropContainer
14:14:53.343 [AI Object Patrol 00065] Spawning 1 East bots at <6806.385742, 343.866852, 4828.698242>
14:14:53.384 [AI Object Patrol 00065] Global patrol count: 2
14:14:53.394 [AI Object Patrol 00065] HelicopterWreck category patrol count: 1
14:15:28.719 [Killfeed] AI Niki (West) got killed by AI Taiki (West) with AUR A1 from a distance of 63 m.
14:16:29.925 [Killfeed] AI Maria (Shamans) got killed by AI Taiki (West) with AUR A1 from a distance of 15 m.
14:17:12.272 [Killfeed] AI Seth (West) got killed by AI Judy (East) with KA-101 from a distance of 12 m.
14:17:29.626 [Killfeed] AI Taiki (West) got killed by AI Lewis (East) with LAR from a distance of 83 m.
14:25:53.919 [AI Object Patrol 00065] Despawning 1 East bots (spawn position <6806.385742, 343.866852, 4828.698242>, 0/1 deceased)
14:25:53.929 [AI Object Patrol 00065] Global patrol count: 1
14:25:53.938 [AI Object Patrol 00065] HelicopterWreck category patrol count: 0
14:57:25.192 [MissionAirdrop] An airdrop is heading towards "Kolembrody" (pos=<8676.000000, 0.000000, 12114.000000> type=Random_Kolembrody) with a ExpansionAirdropContainer_Military
15:45:01.694 [Party] Player "BoughtComic" (id=7Z0-Qd_l-RdPlxSsjREkkjX-GxvLeS4WEoUXbkvpXr8=) joined the party "Dragon Shadowed" (id=4 ownerUID=cZC_vl4onJwtCEZaOtA89yPcwyGnN7Qy01WI28TQhbU= ownerName=PoiiZoner3)
15:48:30.037 [Party] Player "PoiiZoner3" (id=cZC_vl4onJwtCEZaOtA89yPcwyGnN7Qy01WI28TQhbU=) joined the party "Dragon Shadowed" (id=4 ownerUID=cZC_vl4onJwtCEZaOtA89yPcwyGnN7Qy01WI28TQhbU= ownerName=PoiiZoner3)
15:48:53.299 [Killfeed] AI Quinn (West) got killed by AI Lewis (East) with LAR from a distance of 2 m.
15:53:47.511 [Killfeed] AI Francis (West) got killed by AI Lewis (East) with LAR from a distance of 8 m.
15:58:14.870 [Killfeed] AI Irena (East) got killed by AI Seth (West) with M16-A2 from a distance of 8 m.
16:12:06.125 [Killfeed] AI Lewis (East) got killed by AI Boris (West) with AUR AX from a distance of 4 m.
16:24:55.271 [MissionAirdrop] An airdrop is heading towards "Nadbor" (pos=<5996.000000, 0.000000, 4513.000000> type=Random_Nadbor) with a ExpansionAirdropContainer
16:30:00.980 [AI Object Patrol 00079] Spawning 1 West bots at <6182.521973, 382.701233, 3978.588379>
16:30:01.017 [AI Object Patrol 00079] Global patrol count: 2
16:30:01.027 [AI Object Patrol 00079] ContaminatedArea category patrol count: 1
16:30:39.319 [Killfeed] AI Jose (East) got killed by AI Naomi (West) with AUR A1 from a distance of 8 m.
16:36:09.195 [AI Object Patrol 00079] Despawning 1 West bots (spawn position <6182.521973, 382.701233, 3978.588379>, 0/1 deceased)
16:36:09.205 [AI Object Patrol 00079] Global patrol count: 1
16:36:09.215 [AI Object Patrol 00079] ContaminatedArea category patrol count: 0
16:36:15.019 [Chat - Global]("PoiiZoner3"(id=cZC_vl4onJwtCEZaOtA89yPcwyGnN7Qy01WI28TQhbU=)): You in Nadbor, BadBoy?
16:36:23.136 [Chat - Global]("Bad Boy"(id=7EOOpe6Cv8QB45p22zWB29TPheQCYualmurDzSA3CR0=)): Nope.
16:36:34.099 [Killfeed] AI Baty (Shamans) got killed by AI Taiki (West) with AUR A1 from a distance of 2 m.
16:36:35.565 [Chat - Global]("PoiiZoner3"(id=cZC_vl4onJwtCEZaOtA89yPcwyGnN7Qy01WI28TQhbU=)): Just making sure before we brain an NPC that was acting strange
16:37:53.016 [Killfeed] AI Frida (Shamans) got killed by AI Maria (West) with AUR A1 from a distance of 7 m.
16:41:50.857 [Killfeed] AI Naomi (West) got killed by AI Mirek (East) with KA-74 from a distance of 4 m.
16:42:17.772 [Killfeed] AI Mirek (East) got killed by AI Boris (West) with AUR AX from a distance of 10 m.
16:42:43.853 [Killfeed] AI Boris (West) got killed by AI Helga (East) with KA-M from a distance of 7 m.
16:42:45.783 [Killfeed] AI Maria (West) got killed by AI Helga (East) with KA-M from a distance of 11 m.
16:42:47.175 [Killfeed] AI Helga (East) got killed by AI Eva (West) with M4-A1 from a distance of 10 m.
16:44:09.949 [Chat - Global]("Bad Boy"(id=7EOOpe6Cv8QB45p22zWB29TPheQCYualmurDzSA3CR0=)): lol thanks for the heads up./
16:44:52.978 [Chat - Global]("BoughtComic"(id=7Z0-Qd_l-RdPlxSsjREkkjX-GxvLeS4WEoUXbkvpXr8=)): w
16:45:08.501 [Chat - Global]("PoiiZoner3"(id=cZC_vl4onJwtCEZaOtA89yPcwyGnN7Qy01WI28TQhbU=)): Wouldn't have even needed to ask if the fucker didn't completely ignore me and walk right by me
16:45:08.522 [Killfeed] AI Rolf (East) got killed by AI Taiki (West) with AUR A1 from a distance of 4 m.
16:45:27.667 [Chat - Global]("PoiiZoner3"(id=cZC_vl4onJwtCEZaOtA89yPcwyGnN7Qy01WI28TQhbU=)): Like I said, strange behavior
16:59:16.736 [AI Object Patrol 00095] Spawning 2 West bots at <7250.345215, 215.376678, 7722.831543>
16:59:16.774 [AI Object Patrol 00095] Global patrol count: 2
16:59:16.784 [AI Object Patrol 00095] HelicopterWreck category patrol count: 1
17:22:59.105 [AI Object Patrol 00095] Despawning 2 West bots (spawn position <7250.345215, 215.376678, 7722.831543>, 0/2 deceased)
17:22:59.115 [AI Object Patrol 00095] Global patrol count: 1
17:22:59.126 [AI Object Patrol 00095] HelicopterWreck category patrol count: 0
17:24:08.508 [SpawnSelection] Player "Archer" (id=IAJQ5LyV_GGd0bqbOiA3uCsnSBVxNXXCUX4a1BWjjVI=) spawned at <6116.879395, 185.599640, 11316.484375>
17:27:26.094 [Party] Player "PoiiZoner3" (id=cZC_vl4onJwtCEZaOtA89yPcwyGnN7Qy01WI28TQhbU=) invited the player "Archer" (id=IAJQ5LyV_GGd0bqbOiA3uCsnSBVxNXXCUX4a1BWjjVI=)to the party named Dragon Shadowed
17:27:38.442 [Party] Player "Archer" (id=IAJQ5LyV_GGd0bqbOiA3uCsnSBVxNXXCUX4a1BWjjVI=) joined the party "Dragon Shadowed" (id=4 ownerUID=cZC_vl4onJwtCEZaOtA89yPcwyGnN7Qy01WI28TQhbU= ownerName=PoiiZoner3)
17:51:23.054 [MissionAirdrop] An airdrop is heading towards "Gieraltow" (pos=<10899.000000, 0.000000, 4515.000000> type=Random_Gieraltow) with a ExpansionAirdropContainer_Basebuilding
17:53:55.115 [Chat - Global]("Lozergod"(id=f6o5reGZK1apFSzOwnbzYEHfAXAMOXbXZqu1fYDG5tE=)): hows it going fellas
17:54:09.127 [Chat - Global]("PoiiZoner3"(id=cZC_vl4onJwtCEZaOtA89yPcwyGnN7Qy01WI28TQhbU=)): Just picked up my friend who's new to DayZ
17:54:20.658 [Chat - Global]("Lozergod"(id=f6o5reGZK1apFSzOwnbzYEHfAXAMOXbXZqu1fYDG5tE=)): nice
17:54:24.042 [Chat - Global]("Bad Boy"(id=7EOOpe6Cv8QB45p22zWB29TPheQCYualmurDzSA3CR0=)): Super nice.
17:54:33.103 [Chat - Global]("Bad Boy"(id=7EOOpe6Cv8QB45p22zWB29TPheQCYualmurDzSA3CR0=)): Building a new base here to be closer to you all. :)
17:54:43.257 [Chat - Global]("Lozergod"(id=f6o5reGZK1apFSzOwnbzYEHfAXAMOXbXZqu1fYDG5tE=)): cool
17:54:52.086 [Chat - Global]("Lozergod"(id=f6o5reGZK1apFSzOwnbzYEHfAXAMOXbXZqu1fYDG5tE=)): mine is kinda out of the way
17:54:57.105 [Chat - Global]("Lozergod"(id=f6o5reGZK1apFSzOwnbzYEHfAXAMOXbXZqu1fYDG5tE=)): it's super quiet over here
17:55:05.651 [Chat - Global]("Bad Boy"(id=7EOOpe6Cv8QB45p22zWB29TPheQCYualmurDzSA3CR0=)): mine was SUPER out of the way.
17:55:14.096 [Chat - Global]("Bad Boy"(id=7EOOpe6Cv8QB45p22zWB29TPheQCYualmurDzSA3CR0=)): not a bad spot, but such a pain to get around.
17:57:43.709 [VehicleEnter] Player "Lozergod" (id=f6o5reGZK1apFSzOwnbzYEHfAXAMOXbXZqu1fYDG5tE=) entered vehicle Gyrocopter (id=F62CBCDDE9419F75EE65C396752884D1 pos=<11623, 268.76, 1966.46>) as pilot
17:57:45.422 [VehicleLeave] Player "Lozergod" (id=f6o5reGZK1apFSzOwnbzYEHfAXAMOXbXZqu1fYDG5tE=) left vehicle Gyrocopter (id=F62CBCDDE9419F75EE65C396752884D1 pos=<11623, 268.76, 1966.43>)
18:00:47.533 [Chat - Global]("Lozergod"(id=f6o5reGZK1apFSzOwnbzYEHfAXAMOXbXZqu1fYDG5tE=)): is snake on?
18:01:35.043 [VehicleEnter] Player "Lozergod" (id=f6o5reGZK1apFSzOwnbzYEHfAXAMOXbXZqu1fYDG5tE=) entered vehicle Gyrocopter (id=F62CBCDDE9419F75EE65C396752884D1 pos=<11623, 268.76, 1966.4>) as pilot
18:01:36.622 [VehicleEngine] Player "Lozergod" (id=f6o5reGZK1apFSzOwnbzYEHfAXAMOXbXZqu1fYDG5tE=) started vehicle Gyrocopter (id=F62CBCDDE9419F75EE65C396752884D1 pos=<11623, 268.76, 1966.38>)
18:05:22.680 [AI Object Patrol 00108] Spawning 2 East bots at <8238.295898, 285.630371, 6030.300293>
18:05:22.715 [AI Object Patrol 00108] Global patrol count: 2
18:05:22.726 [AI Object Patrol 00108] HelicopterWreck category patrol count: 1
18:05:38.899 [AI Object Patrol 00012] Spawning 2 West bots at <7708.787109, 244.357361, 6146.581055>
18:05:38.936 [AI Object Patrol 00012] Global patrol count: 3
18:05:38.946 [AI Object Patrol 00012] ContaminatedArea category patrol count: 1
18:05:42.042 [AI Object Patrol 00011] Spawning 3 West bots at <7797.921387, 246.350006, 5926.838379>
18:05:42.075 [AI Object Patrol 00011] Global patrol count: 4
18:05:42.085 [AI Object Patrol 00011] ContaminatedArea category patrol count: 2
18:05:59.103 [AI Object Patrol 00116] Spawning 1 East bots at <7004.003418, 256.230743, 6210.757324>
18:05:59.157 [AI Object Patrol 00116] Global patrol count: 5
18:05:59.186 [AI Object Patrol 00116] HelicopterWreck category patrol count: 2
18:07:39.611 [AI Object Patrol 00109] Spawning 2 West bots at <5918.308594, 405.242767, 3589.127441>
18:07:39.645 [AI Object Patrol 00109] Global patrol count: 6
18:07:39.655 [AI Object Patrol 00109] HelicopterWreck category patrol count: 3
18:09:46.065 [Killfeed] AI Maria (Shamans) got killed by AI Eva (West) with M4-A1 from a distance of 69 m.
18:13:52.167 [VehicleEngine] Player "NULL" (id=NULL) stopped vehicle Gyrocopter (id=F62CBCDDE9419F75EE65C396752884D1 pos=<11628.1, 268.74, 1973.27>)
18:13:52.304 [VehicleLeave] Player "Lozergod" (id=f6o5reGZK1apFSzOwnbzYEHfAXAMOXbXZqu1fYDG5tE=) left vehicle Gyrocopter (id=F62CBCDDE9419F75EE65C396752884D1 pos=<11628.1, 268.74, 1973.27>)
18:16:27.226 [AI Object Patrol 00108] Despawning 2 East bots (spawn position <8238.295898, 285.630371, 6030.300293>, 0/2 deceased)
18:16:27.244 [AI Object Patrol 00108] Global patrol count: 5
18:16:27.258 [AI Object Patrol 00108] HelicopterWreck category patrol count: 2
18:16:47.004 [AI Object Patrol 00012] Despawning 2 West bots (spawn position <7708.787109, 244.357361, 6146.581055>, 0/2 deceased)
18:16:47.097 [AI Object Patrol 00012] Global patrol count: 4
18:16:47.230 [AI Object Patrol 00012] ContaminatedArea category patrol count: 1
18:16:47.952 [AI Object Patrol 00114] Spawning 1 West bots at <7999.632324, 210.460861, 10879.024414>
18:16:48.149 [AI Object Patrol 00114] Global patrol count: 5
18:16:48.159 [AI Object Patrol 00114] ContaminatedArea category patrol count: 2
18:16:51.818 [AI Object Patrol 00011] Despawning 3 West bots (spawn position <7797.921387, 246.350006, 5926.838379>, 0/3 deceased)
18:16:51.833 [AI Object Patrol 00011] Global patrol count: 4
18:16:51.846 [AI Object Patrol 00011] ContaminatedArea category patrol count: 1
18:17:08.950 [AI Object Patrol 00116] Despawning 1 East bots (spawn position <7004.003418, 256.230743, 6210.757324>, 0/1 deceased)
18:17:08.960 [AI Object Patrol 00116] Global patrol count: 3
18:17:08.970 [AI Object Patrol 00116] HelicopterWreck category patrol count: 1
18:18:31.042 [AI Object Patrol 00109] Despawning 2 West bots (spawn position <5918.308594, 405.242767, 3589.127441>, 0/2 deceased)
18:18:31.053 [AI Object Patrol 00109] Global patrol count: 2
18:18:31.062 [AI Object Patrol 00109] HelicopterWreck category patrol count: 0
18:35:06.625 [AI Object Patrol 00114] Despawning 1 West bots (spawn position <7999.632324, 210.460861, 10879.024414>, 0/1 deceased)
18:35:06.635 [AI Object Patrol 00114] Global patrol count: 1
18:35:06.646 [AI Object Patrol 00114] ContaminatedArea category patrol count: 0
18:35:37.840 [BaseRaiding] ExpansionWall6x3 (<6084.860840, 173.343842, 10663.027344>) Code set by "player "Bad Boy" (ID = "7EOOpe6Cv8QB45p22zWB29TPheQCYualmurDzSA3CR0=" at <6086.661133, 173.594025, 10663.204102>)" and the code is 0102
18:36:21.894 [BaseRaiding] ExpansionWall6x3 (<6088.105957, 173.344315, 10671.941406>) Code set by "player "Bad Boy" (ID = "7EOOpe6Cv8QB45p22zWB29TPheQCYualmurDzSA3CR0=" at <6087.633301, 173.593842, 10668.856445>)" and the code is 0102
18:41:43.289 [VehicleEnter] Player "Bad Boy" (id=7EOOpe6Cv8QB45p22zWB29TPheQCYualmurDzSA3CR0=) entered vehicle Gyrocopter (id=0FB8036C3446971345914782FBD3B664 pos=<6075.76, 171.82, 10672.1>) as pilot
18:41:45.840 [VehicleEngine] Player "Bad Boy" (id=7EOOpe6Cv8QB45p22zWB29TPheQCYualmurDzSA3CR0=) started vehicle Gyrocopter (id=0FB8036C3446971345914782FBD3B664 pos=<6075.76, 171.82, 10672.1>)
18:44:31.193 [VehicleEngine] Player "NULL" (id=NULL) stopped vehicle Gyrocopter (id=0FB8036C3446971345914782FBD3B664 pos=<8041.86, 175.88, 11710.6>)
18:44:31.226 [VehicleLeave] Player "Bad Boy" (id=7EOOpe6Cv8QB45p22zWB29TPheQCYualmurDzSA3CR0=) left vehicle Gyrocopter (id=0FB8036C3446971345914782FBD3B664 pos=<8041.86, 175.88, 11710.6>)
18:45:40.016 [VehicleEnter] Player "Bad Boy" (id=7EOOpe6Cv8QB45p22zWB29TPheQCYualmurDzSA3CR0=) entered vehicle UH-1H (id=A0171E92CD4655C5E1AB7E9DA58B0F14 pos=<7925.12, 169.39, 11833.8>) as pilot
18:45:41.329 [VehicleDestroyed] ExpansionUh1h (id=A0171E92CD4655C5E1AB7E9DA58B0F14 pos=<7925.12, 169.4, 11833.8>)
18:45:44.962 [VehicleLeave] Player "Bad Boy" (id=7EOOpe6Cv8QB45p22zWB29TPheQCYualmurDzSA3CR0=) left vehicle UH-1H (id=A0171E92CD4655C5E1AB7E9DA58B0F14 pos=<7925.15, 169.41, 11833.8>)
18:46:46.867 [AI Object Patrol 00124] Spawning 1 West bots at <8203.010742, 252.059891, 8778.684570>
18:46:47.007 [AI Object Patrol 00124] Global patrol count: 2
18:46:47.020 [AI Object Patrol 00124] ContaminatedArea category patrol count: 1
18:51:28.852 [VehicleDeleted] ExpansionUh1h (id=A0171E92CD4655C5E1AB7E9DA58B0F14 pos=<7925.65, 169.12, 11835.6>)
18:53:17.703 [VehicleDestroyed] ExpansionUh1h_Uber (id=5C5A37CA9944042FFA3075AE10A416D5 pos=<1228.14, 169.13, 7566.22>)
18:53:31.958 [VehicleDestroyed] ExpansionUh1h_Uber (id=065CEC6D774B6BF9A3C63B9790AF05A7 pos=<7924.67, 169.41, 11833.5>)
18:59:26.982 [VehicleDeleted] ExpansionUh1h_Uber (id=5C5A37CA9944042FFA3075AE10A416D5 pos=<1230.41, 168.71, 7567.23>)
18:59:56.606 [VehicleDeleted] ExpansionUh1h_Uber (id=065CEC6D774B6BF9A3C63B9790AF05A7 pos=<7924.6, 169.41, 11833.5>)
19:00:14.820 [Chat - Global]("MeltingHolster"(id=wvhHOzdrtpIguVWymckDHtFfQcLi1rp3tRjwamgpvBQ=)): hey everyone
19:03:23.255 [AI Object Patrol 00013] Spawning 1 West bots at <4325.771484, 238.160004, 10536.101563>
19:03:23.290 [AI Object Patrol 00013] Global patrol count: 3
19:03:23.299 [AI Object Patrol 00013] ContaminatedArea category patrol count: 2
19:06:11.474 [AI Object Patrol 00124] Despawning 1 West bots (spawn position <8203.010742, 252.059891, 8778.684570>, 0/1 deceased)
19:06:11.484 [AI Object Patrol 00124] Global patrol count: 2
19:06:11.494 [AI Object Patrol 00124] ContaminatedArea category patrol count: 1
19:06:12.298 [AI Object Patrol 00015] Spawning 3 West bots at <3917.790527, 240.980148, 10367.964844>
19:06:12.474 [AI Object Patrol 00015] Global patrol count: 3
19:06:12.627 [AI Object Patrol 00015] ContaminatedArea category patrol count: 2
19:06:45.378 [Killfeed] AI Irena (Shamans) got killed by AI Irena (West) with M16-A2 from a distance of 19 m.
19:07:51.412 [Killfeed] AI Kaito (West) got killed by Bad Boy with IA2 from a distance of 39 m.
19:07:52.451 [AI Object Patrol 00013] West bots were wiped out (spawn position <4325.771484, 238.160004, 10536.101563>, 1/1 deceased)
19:07:52.461 [AI Object Patrol 00013] Global patrol count: 2
19:07:52.472 [AI Object Patrol 00013] ContaminatedArea category patrol count: 1
19:07:53.342 [AI Object Patrol 00014] Spawning 2 West bots at <3939.707031, 238.160004, 10159.676758>
19:07:53.375 [AI Object Patrol 00014] Global patrol count: 3
19:07:53.385 [AI Object Patrol 00014] ContaminatedArea category patrol count: 2
19:09:19.485 [VehicleEnter] Player "Bad Boy" (id=7EOOpe6Cv8QB45p22zWB29TPheQCYualmurDzSA3CR0=) entered vehicle UH-1H (id=745DFB2AEB441DE630FC8FA24E297540 pos=<4149.54, 238.5, 10429.7>) as pilot
19:09:23.395 [VehicleEngine] Player "Bad Boy" (id=7EOOpe6Cv8QB45p22zWB29TPheQCYualmurDzSA3CR0=) started vehicle UH-1H (id=745DFB2AEB441DE630FC8FA24E297540 pos=<4149.52, 238.5, 10429.7>)
19:12:39.041 [VehicleEngine] Player "NULL" (id=NULL) stopped vehicle UH-1H (id=745DFB2AEB441DE630FC8FA24E297540 pos=<6011.7, 727.25, 10765.5>)
19:12:39.067 [VehicleLeave] Player "Bad Boy" (id=7EOOpe6Cv8QB45p22zWB29TPheQCYualmurDzSA3CR0=) left vehicle UH-1H (id=745DFB2AEB441DE630FC8FA24E297540 pos=<6011.49, 727.44, 10765.1>)
19:12:49.664 [Killfeed] Bad Boy fell to their death.
19:13:04.436 [Chat - Global]("PoiiZoner3"(id=cZC_vl4onJwtCEZaOtA89yPcwyGnN7Qy01WI28TQhbU=)): RIP, what happened?
19:13:10.151 [BaseRaiding] ExpansionSafeMini (<9702.060547, 213.914398, 8485.162109>) Damaged "player "BoughtComic" (ID = "7Z0-Qd_l-RdPlxSsjREkkjX-GxvLeS4WEoUXbkvpXr8=" at <9701.009766, 213.957825, 8486.315430>)" by 10 health points. Reason: Failed to enter the correct code.
19:13:10.164 [BaseRaiding] ExpansionSafeMini (<9702.060547, 213.914398, 8485.162109>) The correct code was 5051 and the player tried 1111
19:13:28.755 [SpawnSelection] Player "Bad Boy" (id=7EOOpe6Cv8QB45p22zWB29TPheQCYualmurDzSA3CR0=) spawned at <1322.394531, 373.496002, 11457.469727>
19:15:18.776 [Killfeed] AI Naomi (East) got killed by AI Quinn (West) with AUR A1 from a distance of 23 m.
19:15:49.878 [GraveStone] Spawned GraveStone for Survivor at position 0x00000000361458d4 {<6015.2,173.282,10760.9>}
19:20:26.170 [MissionAirdrop] An airdrop is heading towards "Karlin" (pos=<9975.000000, 0.000000, 7242.000000> type=Random_Karlin) with a ExpansionAirdropContainer_Basebuilding
19:20:27.561 [AI Object Patrol 00015] Despawning 3 West bots (spawn position <3917.790527, 240.980148, 10367.964844>, 0/3 deceased)
19:20:27.572 [AI Object Patrol 00015] Global patrol count: 2
19:20:27.583 [AI Object Patrol 00015] ContaminatedArea category patrol count: 1
19:20:43.587 [AI Object Patrol 00014] Despawning 2 West bots (spawn position <3939.707031, 238.160004, 10159.676758>, 0/2 deceased)
19:20:43.597 [AI Object Patrol 00014] Global patrol count: 1
19:20:43.608 [AI Object Patrol 00014] ContaminatedArea category patrol count: 0
19:24:32.093 [VehicleEnter] Player "PoiiZoner3" (id=cZC_vl4onJwtCEZaOtA89yPcwyGnN7Qy01WI28TQhbU=) entered vehicle Ada 4x4 (id=11BF777F6940D3D8EF7E6FA375FE0F24 pos=<9717.19, 212.55, 8600.75>) as driver
19:24:34.835 [VehicleEngine] Player "PoiiZoner3" (id=cZC_vl4onJwtCEZaOtA89yPcwyGnN7Qy01WI28TQhbU=) started vehicle Ada 4x4 (id=11BF777F6940D3D8EF7E6FA375FE0F24 pos=<9717.19, 212.55, 8600.75>)
19:24:48.915 [VehicleEngine] Player "PoiiZoner3" (id=cZC_vl4onJwtCEZaOtA89yPcwyGnN7Qy01WI28TQhbU=) stopped vehicle Ada 4x4 (id=11BF777F6940D3D8EF7E6FA375FE0F24 pos=<9695.46, 212.84, 8598.28>)
19:24:51.484 [VehicleEngine] Player "PoiiZoner3" (id=cZC_vl4onJwtCEZaOtA89yPcwyGnN7Qy01WI28TQhbU=) started vehicle Ada 4x4 (id=11BF777F6940D3D8EF7E6FA375FE0F24 pos=<9702.64, 211.49, 8588.89>)
19:25:08.704 [VehicleEnter] Player "MeltingHolster" (id=wvhHOzdrtpIguVWymckDHtFfQcLi1rp3tRjwamgpvBQ=) entered vehicle Merlin (id=489EF7186D4DFC2EECDE47AFE6649F9E pos=<6274.54, 381.54, 3927.08>) as pilot
19:25:10.924 [VehicleEngine] Player "MeltingHolster" (id=wvhHOzdrtpIguVWymckDHtFfQcLi1rp3tRjwamgpvBQ=) started vehicle Merlin (id=489EF7186D4DFC2EECDE47AFE6649F9E pos=<6274.54, 381.54, 3927.08>)
19:25:29.709 [VehicleEnter] Player "Archer" (id=IAJQ5LyV_GGd0bqbOiA3uCsnSBVxNXXCUX4a1BWjjVI=) entered vehicle Ada 4x4 (id=11BF777F6940D3D8EF7E6FA375FE0F24 pos=<9780.52, 208.99, 8525.08>) as passenger
19:26:31.614 [AI Object Patrol 00134] Spawning 1 East bots at <4707.157715, 426.900269, 3228.685547>
19:26:31.649 [AI Object Patrol 00134] Global patrol count: 2
19:26:31.659 [AI Object Patrol 00134] HelicopterWreck category patrol count: 1
19:26:40.452 [VehicleEnter] Player "BoughtComic" (id=7Z0-Qd_l-RdPlxSsjREkkjX-GxvLeS4WEoUXbkvpXr8=) entered vehicle Ada 4x4 (id=11BF777F6940D3D8EF7E6FA375FE0F24 pos=<9815.64, 209.14, 8514.57>) as passenger
19:27:10.142 [VehicleEngine] Player "MeltingHolster" (id=wvhHOzdrtpIguVWymckDHtFfQcLi1rp3tRjwamgpvBQ=) stopped vehicle Merlin (id=489EF7186D4DFC2EECDE47AFE6649F9E pos=<5645.66, 430.98, 3794.07>)
19:27:13.803 [VehicleLeave] Player "MeltingHolster" (id=wvhHOzdrtpIguVWymckDHtFfQcLi1rp3tRjwamgpvBQ=) left vehicle Merlin (id=489EF7186D4DFC2EECDE47AFE6649F9E pos=<5645.61, 431.01, 3794.16>)
19:29:09.579 [VehicleEnter] Player "Bad Boy" (id=7EOOpe6Cv8QB45p22zWB29TPheQCYualmurDzSA3CR0=) entered vehicle Land Rover Defender (id=F14DA84150452B93C83C85BA2443F68D pos=<1326.97, 370.47, 11467.3>) as driver
19:29:11.031 [VehicleEngine] Player "Bad Boy" (id=7EOOpe6Cv8QB45p22zWB29TPheQCYualmurDzSA3CR0=) started vehicle Land Rover Defender (id=F14DA84150452B93C83C85BA2443F68D pos=<1326.97, 370.47, 11467.3>)
19:29:33.006 [VehicleEngine] Player "NULL" (id=NULL) stopped vehicle Land Rover Defender (id=F14DA84150452B93C83C85BA2443F68D pos=<1311.72, 369.26, 11474.9>)
19:29:33.077 [VehicleLeave] Player "Bad Boy" (id=7EOOpe6Cv8QB45p22zWB29TPheQCYualmurDzSA3CR0=) left vehicle Land Rover Defender (id=F14DA84150452B93C83C85BA2443F68D pos=<1311.72, 369.26, 11474.9>)
19:29:41.244 [VehicleEnter] Player "Bad Boy" (id=7EOOpe6Cv8QB45p22zWB29TPheQCYualmurDzSA3CR0=) entered vehicle Land Rover Defender (id=F14DA84150452B93C83C85BA2443F68D pos=<1311.72, 369.26, 11474.9>) as driver
19:29:48.527 [VehicleEngine] Player "Bad Boy" (id=7EOOpe6Cv8QB45p22zWB29TPheQCYualmurDzSA3CR0=) started vehicle Land Rover Defender (id=F14DA84150452B93C83C85BA2443F68D pos=<1311.72, 369.26, 11474.9>)
19:30:45.651 [VehicleEngine] Player "PoiiZoner3" (id=cZC_vl4onJwtCEZaOtA89yPcwyGnN7Qy01WI28TQhbU=) stopped vehicle Ada 4x4 (id=11BF777F6940D3D8EF7E6FA375FE0F24 pos=<8932.54, 308.54, 6590.04>)
19:30:49.469 [VehicleLeave] Player "BoughtComic" (id=7Z0-Qd_l-RdPlxSsjREkkjX-GxvLeS4WEoUXbkvpXr8=) left vehicle Ada 4x4 (id=11BF777F6940D3D8EF7E6FA375FE0F24 pos=<8932.54, 308.54, 6590.04>)
19:30:52.159 [VehicleEngine] Player "PoiiZoner3" (id=cZC_vl4onJwtCEZaOtA89yPcwyGnN7Qy01WI28TQhbU=) started vehicle Ada 4x4 (id=11BF777F6940D3D8EF7E6FA375FE0F24 pos=<8932.54, 308.54, 6590.04>)
19:30:58.040 [VehicleEngine] Player "PoiiZoner3" (id=cZC_vl4onJwtCEZaOtA89yPcwyGnN7Qy01WI28TQhbU=) stopped vehicle Ada 4x4 (id=11BF777F6940D3D8EF7E6FA375FE0F24 pos=<8931.74, 308.53, 6589.56>)
19:31:00.171 [VehicleLeave] Player "PoiiZoner3" (id=cZC_vl4onJwtCEZaOtA89yPcwyGnN7Qy01WI28TQhbU=) left vehicle Ada 4x4 (id=11BF777F6940D3D8EF7E6FA375FE0F24 pos=<8931.74, 308.53, 6589.56>)
19:31:10.658 [VehicleLeave] Player "Archer" (id=IAJQ5LyV_GGd0bqbOiA3uCsnSBVxNXXCUX4a1BWjjVI=) left vehicle Ada 4x4 (id=11BF777F6940D3D8EF7E6FA375FE0F24 pos=<8931.74, 308.53, 6589.56>)
19:37:14.029 [VehicleEngine] Player "NULL" (id=NULL) stopped vehicle Land Rover Defender (id=F14DA84150452B93C83C85BA2443F68D pos=<6018.96, 172.73, 10759.7>)
19:37:14.063 [VehicleLeave] Player "Bad Boy" (id=7EOOpe6Cv8QB45p22zWB29TPheQCYualmurDzSA3CR0=) left vehicle Land Rover Defender (id=F14DA84150452B93C83C85BA2443F68D pos=<6018.96, 172.73, 10759.7>)
19:42:31.425 [VehicleEnter] Player "Bad Boy" (id=7EOOpe6Cv8QB45p22zWB29TPheQCYualmurDzSA3CR0=) entered vehicle Land Rover Defender (id=F14DA84150452B93C83C85BA2443F68D pos=<6018.96, 172.73, 10759.7>) as driver
19:42:35.820 [VehicleEngine] Player "Bad Boy" (id=7EOOpe6Cv8QB45p22zWB29TPheQCYualmurDzSA3CR0=) started vehicle Land Rover Defender (id=F14DA84150452B93C83C85BA2443F68D pos=<6018.96, 172.73, 10759.7>)
19:43:15.165 [VehicleEngine] Player "NULL" (id=NULL) stopped vehicle Land Rover Defender (id=F14DA84150452B93C83C85BA2443F68D pos=<6084.6, 172.42, 10675.1>)
19:43:15.196 [VehicleLeave] Player "Bad Boy" (id=7EOOpe6Cv8QB45p22zWB29TPheQCYualmurDzSA3CR0=) left vehicle Land Rover Defender (id=F14DA84150452B93C83C85BA2443F68D pos=<6084.6, 172.42, 10675.1>)
19:43:24.564 [VehicleEnter] Player "Bad Boy" (id=7EOOpe6Cv8QB45p22zWB29TPheQCYualmurDzSA3CR0=) entered vehicle Land Rover Defender (id=F14DA84150452B93C83C85BA2443F68D pos=<6084.6, 172.42, 10675.1>) as driver
19:43:31.131 [VehicleLeave] Player "Bad Boy" (id=7EOOpe6Cv8QB45p22zWB29TPheQCYualmurDzSA3CR0=) left vehicle Land Rover Defender (id=F14DA84150452B93C83C85BA2443F68D pos=<6084.6, 172.42, 10675.1>)
19:46:25.000 [AI Object Patrol 00134] Despawning 1 East bots (spawn position <4707.157715, 426.900269, 3228.685547>, 0/1 deceased)
19:46:25.010 [AI Object Patrol 00134] Global patrol count: 1
19:46:25.022 [AI Object Patrol 00134] HelicopterWreck category patrol count: 0
19:47:59.897 [VehicleEnter] Player "MeltingHolster" (id=wvhHOzdrtpIguVWymckDHtFfQcLi1rp3tRjwamgpvBQ=) entered vehicle Merlin (id=489EF7186D4DFC2EECDE47AFE6649F9E pos=<5645.61, 430.98, 3794.4>) as pilot
19:48:01.212 [VehicleEngine] Player "MeltingHolster" (id=wvhHOzdrtpIguVWymckDHtFfQcLi1rp3tRjwamgpvBQ=) started vehicle Merlin (id=489EF7186D4DFC2EECDE47AFE6649F9E pos=<5645.6, 430.98, 3794.4>)
19:48:45.334 [VehicleEnter] Player "Archer" (id=IAJQ5LyV_GGd0bqbOiA3uCsnSBVxNXXCUX4a1BWjjVI=) entered vehicle Ada 4x4 (id=11BF777F6940D3D8EF7E6FA375FE0F24 pos=<8931.74, 308.53, 6589.56>) as passenger
19:48:53.525 [VehicleLeave] Player "Archer" (id=IAJQ5LyV_GGd0bqbOiA3uCsnSBVxNXXCUX4a1BWjjVI=) left vehicle Ada 4x4 (id=11BF777F6940D3D8EF7E6FA375FE0F24 pos=<8931.74, 308.53, 6589.56>)
19:48:57.653 [AI Object Patrol 00141] Spawning 3 East bots at <7181.000000, 381.684113, 3728.023926>
19:48:57.699 [AI Object Patrol 00141] Global patrol count: 2
19:48:57.715 [AI Object Patrol 00141] HelicopterWreck category patrol count: 1
19:49:44.316 [VehicleEngine] Player "MeltingHolster" (id=wvhHOzdrtpIguVWymckDHtFfQcLi1rp3tRjwamgpvBQ=) stopped vehicle Merlin (id=489EF7186D4DFC2EECDE47AFE6649F9E pos=<6273.88, 382.06, 3933.98>)
19:49:48.009 [VehicleLeave] Player "MeltingHolster" (id=wvhHOzdrtpIguVWymckDHtFfQcLi1rp3tRjwamgpvBQ=) left vehicle Merlin (id=489EF7186D4DFC2EECDE47AFE6649F9E pos=<6273.9, 382.05, 3933.98>)
19:53:37.230 [VehicleEnter] Player "Archer" (id=IAJQ5LyV_GGd0bqbOiA3uCsnSBVxNXXCUX4a1BWjjVI=) entered vehicle Ada 4x4 (id=11BF777F6940D3D8EF7E6FA375FE0F24 pos=<8931.74, 308.53, 6589.56>) as passenger
19:53:40.498 [VehicleEnter] Player "BoughtComic" (id=7Z0-Qd_l-RdPlxSsjREkkjX-GxvLeS4WEoUXbkvpXr8=) entered vehicle Ada 4x4 (id=11BF777F6940D3D8EF7E6FA375FE0F24 pos=<8931.74, 308.53, 6589.56>) as passenger
19:53:42.882 [VehicleEnter] Player "PoiiZoner3" (id=cZC_vl4onJwtCEZaOtA89yPcwyGnN7Qy01WI28TQhbU=) entered vehicle Ada 4x4 (id=11BF777F6940D3D8EF7E6FA375FE0F24 pos=<8931.74, 308.53, 6589.56>) as driver
19:53:45.978 [VehicleEngine] Player "PoiiZoner3" (id=cZC_vl4onJwtCEZaOtA89yPcwyGnN7Qy01WI28TQhbU=) started vehicle Ada 4x4 (id=11BF777F6940D3D8EF7E6FA375FE0F24 pos=<8931.74, 308.53, 6589.56>)
19:55:37.262 [Killfeed] AI Eva (West) got killed by AI Denis (East) with M4-A1 from a distance of 3 m.
19:56:08.682 [Killfeed] AI Gabi (East) got killed by AI Denis (East) with M4-A1 from a distance of 18 m.
19:58:01.695 [Killfeed] AI Denis (East) got killed by AI Frida (West) with AUR A1 from a distance of 48 m.
19:58:23.911 [VehicleEnter] Player "MeltingHolster" (id=wvhHOzdrtpIguVWymckDHtFfQcLi1rp3tRjwamgpvBQ=) entered vehicle Merlin (id=489EF7186D4DFC2EECDE47AFE6649F9E pos=<6274.07, 382.05, 3933.97>) as pilot
19:58:28.122 [VehicleEngine] Player "MeltingHolster" (id=wvhHOzdrtpIguVWymckDHtFfQcLi1rp3tRjwamgpvBQ=) started vehicle Merlin (id=489EF7186D4DFC2EECDE47AFE6649F9E pos=<6274.09, 382.05, 3933.98>)
19:59:21.171 [VehicleLeave] Player "BoughtComic" (id=7Z0-Qd_l-RdPlxSsjREkkjX-GxvLeS4WEoUXbkvpXr8=) left vehicle Ada 4x4 (id=11BF777F6940D3D8EF7E6FA375FE0F24 pos=<6490.06, 392.72, 3784.83>)
19:59:46.055 [Killfeed] AI Niki (East) got killed by AI Frida (West) with Bizon from a distance of 3 m.
20:00:03.340 [VehicleEngine] Player "PoiiZoner3" (id=cZC_vl4onJwtCEZaOtA89yPcwyGnN7Qy01WI28TQhbU=) stopped vehicle Ada 4x4 (id=11BF777F6940D3D8EF7E6FA375FE0F24 pos=<6486.89, 392.82, 3768.12>)
20:00:06.678 [VehicleLeave] Player "PoiiZoner3" (id=cZC_vl4onJwtCEZaOtA89yPcwyGnN7Qy01WI28TQhbU=) left vehicle Ada 4x4 (id=11BF777F6940D3D8EF7E6FA375FE0F24 pos=<6486.89, 392.82, 3768.12>)
20:00:20.455 [VehicleLeave] Player "Archer" (id=IAJQ5LyV_GGd0bqbOiA3uCsnSBVxNXXCUX4a1BWjjVI=) left vehicle Ada 4x4 (id=11BF777F6940D3D8EF7E6FA375FE0F24 pos=<6486.89, 392.82, 3768.12>)
20:00:37.644 [VehicleEngine] Player "MeltingHolster" (id=wvhHOzdrtpIguVWymckDHtFfQcLi1rp3tRjwamgpvBQ=) stopped vehicle Merlin (id=489EF7186D4DFC2EECDE47AFE6649F9E pos=<7253.3, 381.21, 3979.03>)
20:00:40.333 [VehicleLeave] Player "MeltingHolster" (id=wvhHOzdrtpIguVWymckDHtFfQcLi1rp3tRjwamgpvBQ=) left vehicle Merlin (id=489EF7186D4DFC2EECDE47AFE6649F9E pos=<7253.28, 381.22, 3979.03>)
20:03:57.739 [Killfeed] AI Cyril (East) got killed by MeltingHolster with SNAFU Scar-H OD from a distance of 21 m.
20:04:00.987 [Killfeed] AI Keiko (East) got killed by MeltingHolster with SNAFU Scar-H OD from a distance of 19 m.
20:04:30.074 [Killfeed] MeltingHolster got killed by AI Elias (East) with KAS-74U from a distance of 20 m.
20:05:04.828 [SpawnSelection] Player "MeltingHolster" (id=wvhHOzdrtpIguVWymckDHtFfQcLi1rp3tRjwamgpvBQ=) spawned at <6391.270020, 310.959015, 4804.330078>
20:07:30.392 [GraveStone] Spawned GraveStone for Survivor at position 0x00000000361458d4 {<7188.73,383.09,3728.75>}
20:10:17.127 [Party] Player "Archer" (id=IAJQ5LyV_GGd0bqbOiA3uCsnSBVxNXXCUX4a1BWjjVI=) left the party "Dragon Shadowed" (id=4 ownerUID=cZC_vl4onJwtCEZaOtA89yPcwyGnN7Qy01WI28TQhbU= ownerName=PoiiZoner3)
20:10:52.293 [BaseRaiding] ExpansionSafeMedium (<6473.635254, 392.743378, 3792.201904>) Code set by "player "PoiiZoner3" (ID = "cZC_vl4onJwtCEZaOtA89yPcwyGnN7Qy01WI28TQhbU=" at <6472.551758, 392.783295, 3791.199951>)" and the code is 0329
20:12:02.754 [BaseRaiding] ExpansionSafeMedium (<6474.009277, 392.743378, 3791.692139>) Code set by "player "PoiiZoner3" (ID = "cZC_vl4onJwtCEZaOtA89yPcwyGnN7Qy01WI28TQhbU=" at <6472.687012, 392.783295, 3790.447998>)" and the code is 0329
20:13:45.311 [Party] Player "PoiiZoner3" (id=cZC_vl4onJwtCEZaOtA89yPcwyGnN7Qy01WI28TQhbU=) left the party "Dragon Shadowed" (id=4 ownerUID=cZC_vl4onJwtCEZaOtA89yPcwyGnN7Qy01WI28TQhbU= ownerName=PoiiZoner3)
20:14:56.542 [Killfeed] AI Elias (East) got killed by MeltingHolster (2) with M16A4 from a distance of 4 m.
20:15:01.153 [AI Object Patrol 00141] East bots were wiped out (spawn position <7181.000000, 381.684113, 3728.023926>, 3/3 deceased)
20:15:01.164 [AI Object Patrol 00141] Global patrol count: 1
20:15:01.174 [AI Object Patrol 00141] HelicopterWreck category patrol count: 0
20:24:24.623 [VehicleEnter] Player "MeltingHolster (2)" (id=wvhHOzdrtpIguVWymckDHtFfQcLi1rp3tRjwamgpvBQ=) entered vehicle Merlin (id=489EF7186D4DFC2EECDE47AFE6649F9E pos=<7253.07, 381.2, 3979.06>) as pilot
20:24:26.515 [VehicleEngine] Player "MeltingHolster (2)" (id=wvhHOzdrtpIguVWymckDHtFfQcLi1rp3tRjwamgpvBQ=) started vehicle Merlin (id=489EF7186D4DFC2EECDE47AFE6649F9E pos=<7253.06, 381.2, 3979.06>)
20:26:12.940 [AI Object Patrol 00009] Spawning 3 West bots at <7381.782715, 226.683563, 6333.511719>
20:26:12.973 [AI Object Patrol 00009] Global patrol count: 2
20:26:12.983 [AI Object Patrol 00009] ContaminatedArea category patrol count: 1
20:26:29.363 [AI Object Patrol 00150] Spawning 1 West bots at <7941.774902, 281.331573, 6602.570801>
20:26:29.394 [AI Object Patrol 00150] Global patrol count: 3
20:26:29.404 [AI Object Patrol 00150] HelicopterWreck category patrol count: 1
20:26:51.714 [AI Object Patrol 00151] Spawning 3 East bots at <9201.419922, 291.855408, 6037.610352>
20:26:51.760 [AI Object Patrol 00151] Global patrol count: 4
20:26:51.769 [AI Object Patrol 00151] HelicopterWreck category patrol count: 2
20:27:54.747 [VehicleEngine] Player "MeltingHolster (2)" (id=wvhHOzdrtpIguVWymckDHtFfQcLi1rp3tRjwamgpvBQ=) stopped vehicle Merlin (id=489EF7186D4DFC2EECDE47AFE6649F9E pos=<8808.48, 313.82, 6635.28>)
20:27:57.172 [VehicleLeave] Player "MeltingHolster (2)" (id=wvhHOzdrtpIguVWymckDHtFfQcLi1rp3tRjwamgpvBQ=) left vehicle Merlin (id=489EF7186D4DFC2EECDE47AFE6649F9E pos=<8808.53, 313.93, 6635.21>)
20:36:56.389 [AI Object Patrol 00009] Despawning 3 West bots (spawn position <7381.782715, 226.683563, 6333.511719>, 0/3 deceased)
20:36:56.400 [AI Object Patrol 00009] Global patrol count: 3
20:36:56.410 [AI Object Patrol 00009] ContaminatedArea category patrol count: 0
20:37:07.145 [Party] Player "BoughtComic" (id=7Z0-Qd_l-RdPlxSsjREkkjX-GxvLeS4WEoUXbkvpXr8=) left the party "Dragon Shadowed" (id=4 ownerUID=cZC_vl4onJwtCEZaOtA89yPcwyGnN7Qy01WI28TQhbU= ownerName=PoiiZoner3)
20:37:10.941 [AI Patrol 00016] East bots were wiped out (spawn position <7501.025879, 333.279938, 2773.420654>, 3/3 deceased)
20:37:10.953 [AI Patrol 00016] Global patrol count: 2
20:37:10.964 [AI Patrol 00016] Patrol category patrol count: 0
20:37:27.208 [AI Object Patrol 00141] Despawning 0 East bots (spawn position <7175.633301, 381.117889, 3723.525146>, 3/3 deceased)
20:44:01.060 [AI Object Patrol 00150] Despawning 1 West bots (spawn position <7941.774902, 281.331573, 6602.570801>, 0/1 deceased)
20:44:01.242 [AI Object Patrol 00150] Global patrol count: 1
20:44:01.405 [AI Object Patrol 00150] HelicopterWreck category patrol count: 1
20:44:53.208 [VehicleEnter] Player "Bad Boy" (id=7EOOpe6Cv8QB45p22zWB29TPheQCYualmurDzSA3CR0=) entered vehicle Land Rover Defender (id=F14DA84150452B93C83C85BA2443F68D pos=<6084.51, 172.4, 10675.2>) as driver
20:44:54.819 [VehicleEngine] Player "Bad Boy" (id=7EOOpe6Cv8QB45p22zWB29TPheQCYualmurDzSA3CR0=) started vehicle Land Rover Defender (id=F14DA84150452B93C83C85BA2443F68D pos=<6084.51, 172.4, 10675.2>)
20:47:19.551 [MissionAirdrop] An airdrop is heading towards "Radunin" (pos=<7209.000000, 0.000000, 6073.000000> type=Random_Radunin) with a ExpansionAirdropContainer_Basebuilding
20:47:19.708 [VehicleEngine] Player "NULL" (id=NULL) stopped vehicle Land Rover Defender (id=F14DA84150452B93C83C85BA2443F68D pos=<6093.58, 173.59, 10667.3>)
20:47:19.741 [VehicleLeave] Player "Bad Boy" (id=7EOOpe6Cv8QB45p22zWB29TPheQCYualmurDzSA3CR0=) left vehicle Land Rover Defender (id=F14DA84150452B93C83C85BA2443F68D pos=<6093.58, 173.59, 10667.3>)
20:51:45.405 [VehicleEnter] Player "MeltingHolster (2)" (id=wvhHOzdrtpIguVWymckDHtFfQcLi1rp3tRjwamgpvBQ=) entered vehicle Merlin (id=489EF7186D4DFC2EECDE47AFE6649F9E pos=<8808.96, 313.95, 6635.11>) as pilot
20:51:47.435 [VehicleEngine] Player "MeltingHolster (2)" (id=wvhHOzdrtpIguVWymckDHtFfQcLi1rp3tRjwamgpvBQ=) started vehicle Merlin (id=489EF7186D4DFC2EECDE47AFE6649F9E pos=<8808.99, 313.95, 6635.11>)
20:53:36.545 [VehicleEngine] Player "MeltingHolster (2)" (id=wvhHOzdrtpIguVWymckDHtFfQcLi1rp3tRjwamgpvBQ=) stopped vehicle Merlin (id=489EF7186D4DFC2EECDE47AFE6649F9E pos=<8998.21, 317.38, 5849.15>)
20:53:39.988 [VehicleLeave] Player "MeltingHolster (2)" (id=wvhHOzdrtpIguVWymckDHtFfQcLi1rp3tRjwamgpvBQ=) left vehicle Merlin (id=489EF7186D4DFC2EECDE47AFE6649F9E pos=<8997.43, 317.23, 5849.7>)
20:55:11.058 [Killfeed] AI Elias (East) got killed by MeltingHolster (2) with SNAFU Scar-H OD from a distance of 80 m.
20:55:25.498 [Killfeed] AI Quinn (East) got killed by MeltingHolster (2) with SNAFU Scar-H OD from a distance of 75 m.
20:56:34.254 [Killfeed] AI Linda (East) got killed by MeltingHolster (2) with SNAFU Scar-H OD from a distance of 49 m.
20:56:38.977 [AI Object Patrol 00151] East bots were wiped out (spawn position <9201.419922, 291.855408, 6037.610352>, 3/3 deceased)
20:56:38.987 [AI Object Patrol 00151] Global patrol count: 0
20:56:38.998 [AI Object Patrol 00151] HelicopterWreck category patrol count: 0
21:02:51.394 [VehicleEnter] Player "MeltingHolster (2)" (id=wvhHOzdrtpIguVWymckDHtFfQcLi1rp3tRjwamgpvBQ=) entered vehicle Merlin (id=489EF7186D4DFC2EECDE47AFE6649F9E pos=<8997.41, 317.14, 5849.73>) as pilot
21:02:53.122 [VehicleEngine] Player "MeltingHolster (2)" (id=wvhHOzdrtpIguVWymckDHtFfQcLi1rp3tRjwamgpvBQ=) started vehicle Merlin (id=489EF7186D4DFC2EECDE47AFE6649F9E pos=<8997.41, 317.14, 5849.74>)
21:03:50.174 [AI Object Patrol 00151] Despawning 0 East bots (spawn position <9203.252930, 290.730164, 6055.412598>, 3/3 deceased)
21:04:14.598 [AI Object Patrol 00157] Spawning 1 West bots at <7201.852051, 383.984253, 3705.613525>
21:04:14.647 [AI Object Patrol 00157] Global patrol count: 1
21:04:14.664 [AI Object Patrol 00157] HelicopterWreck category patrol count: 1
21:07:25.263 [VehicleEngine] Player "MeltingHolster (2)" (id=wvhHOzdrtpIguVWymckDHtFfQcLi1rp3tRjwamgpvBQ=) stopped vehicle Merlin (id=489EF7186D4DFC2EECDE47AFE6649F9E pos=<4416.48, 475.29, 481.11>)
21:07:33.685 [VehicleLeave] Player "MeltingHolster (2)" (id=wvhHOzdrtpIguVWymckDHtFfQcLi1rp3tRjwamgpvBQ=) left vehicle Merlin (id=489EF7186D4DFC2EECDE47AFE6649F9E pos=<4419.07, 474.32, 483.23>)
21:15:02.086 [AI Object Patrol 00157] Despawning 1 West bots (spawn position <7201.852051, 383.984253, 3705.613525>, 0/1 deceased)
21:15:02.205 [AI Object Patrol 00157] Global patrol count: 0
21:15:02.353 [AI Object Patrol 00157] HelicopterWreck category patrol count: 0
21:44:24.467 [VehicleDestroyed] Boat_01_Black (id=03A66586A14BCBCE1D285DA935C5915D pos=<5760.65, 169.7, 10177.7>)
22:13:43.117 [MissionAirdrop] An airdrop is heading towards "Gieraltow" (pos=<10899.000000, 0.000000, 4515.000000> type=Random_Gieraltow) with a ExpansionAirdropContainer_Basebuilding
23:41:29.091 [MissionAirdrop] An airdrop is heading towards "Zapadlisko" (pos=<8399.000000, 0.000000, 8803.000000> type=Random_Zapadlisko) with a ExpansionAirdropContainer
