01:13:18.648 [AI Patrol 00017] Spawning 1 West bots at <7518.731445, 287.040009, 2502.440918>
01:13:26.794 [AI Patrol 00017] Global patrol count: 1
01:13:26.804 [AI Patrol 00017] Patrol category patrol count: 1
01:13:26.814 [AI Patrol 00016] Spawning 2 East bots at <7578.731445, 289.209991, 2590.304443>
01:13:26.847 [AI Patrol 00016] Global patrol count: 2
01:13:26.857 [AI Patrol 00016] Patrol category patrol count: 2
01:15:12.316 [AI Object Patrol 00007] Spawning 1 East bots at <5525.283203, 386.261139, 4921.475586>
01:15:12.353 [AI Object Patrol 00007] Global patrol count: 3
01:15:12.364 [AI Object Patrol 00007] HelicopterWreck category patrol count: 1
01:15:12.375 [AI Patrol 00018] Spawning 2 Civilian bots at <6395.979980, 385.547211, 3739.634766>
01:15:12.406 [AI Patrol 00018] Global patrol count: 4
01:15:12.416 [AI Patrol 00018] Patrol category patrol count: 3
01:15:19.238 [VehicleDestroyed] ExpansionUh1h (id=43D439FC4443E6FEC90518A915CD2A23 pos=<1228.11, 169.15, 7566.13>)
01:15:28.341 [VehicleDestroyed] ExpansionUh1h (id=08859BA10F400B506A5522A83A129BE9 pos=<7924.76, 169.36, 11833.8>)
01:19:09.465 [AI Object Patrol 00008] Spawning 1 West bots at <7557.108398, 228.690002, 6032.992676>
01:19:09.496 [AI Object Patrol 00008] Global patrol count: 5
01:19:09.507 [AI Object Patrol 00008] ContaminatedArea category patrol count: 1
01:19:09.517 [AI Object Patrol 00012] Spawning 2 West bots at <7766.836426, 249.033295, 6172.422363>
01:19:09.549 [AI Object Patrol 00012] Global patrol count: 6
01:19:09.559 [AI Object Patrol 00012] ContaminatedArea category patrol count: 2
01:19:24.417 [AI Patrol 00020] Spawning 3 East bots at <9498.131836, 242.442001, 10499.196289>
01:19:24.506 [AI Patrol 00020] Global patrol count: 7
01:19:24.523 [AI Patrol 00020] Patrol category patrol count: 4
01:21:26.698 [VehicleDeleted] ExpansionUh1h (id=43D439FC4443E6FEC90518A915CD2A23 pos=<1230.64, 168.78, 7566.89>)
01:21:55.106 [VehicleDeleted] ExpansionUh1h (id=08859BA10F400B506A5522A83A129BE9 pos=<7925.44, 169.55, 11833.5>)
01:24:09.565 [VehicleDestroyed] ExpansionUh1h_Medical (id=0B0C786E1E4D9AE09B7487A76E76DAB0 pos=<1228.15, 169.12, 7566.25>)
01:24:28.631 [VehicleDestroyed] ExpansionUh1h_Resistance (id=EB12BCDEF64AD4EEB847AD959FA375FC pos=<7924.92, 169.48, 11833.4>)
