15:57:46.876 [AI Patrol 00016] Spawning 1 West bots at <7461.579590, 322.018250, 2714.107422>
15:57:55.141 [AI Patrol 00016] Global patrol count: 1
15:57:55.150 [AI Patrol 00016] Patrol category patrol count: 1
15:57:55.160 [AI Patrol 00015] Spawning 3 East bots at <7698.005859, 306.939636, 2848.625488>
15:57:55.195 [AI Patrol 00015] Global patrol count: 2
15:57:55.205 [AI Patrol 00015] Patrol category patrol count: 2
15:58:04.745 [Chat - Global]("PoiiZoner3"(id=cZC_vl4onJwtCEZaOtA89yPcwyGnN7Qy01WI28TQhbU=)): It worked
15:58:20.291 [AI Object Patrol 00021] Spawning 1 West bots at <8980.508789, 464.799408, 2068.858887>
15:58:20.327 [AI Object Patrol 00021] Global patrol count: 3
15:58:20.338 [AI Object Patrol 00021] ContaminatedArea category patrol count: 1
16:04:54.653 [VehicleEnter] Player "PoiiZoner3" (id=cZC_vl4onJwtCEZaOtA89yPcwyGnN7Qy01WI28TQhbU=) entered vehicle Gunter 2 (id=509ACCA49543877D1C43A68CFCA4AB25 pos=<8202.69, 264.43, 1497.88>) as driver
16:05:48.788 [VehicleEngine] Player "PoiiZoner3" (id=cZC_vl4onJwtCEZaOtA89yPcwyGnN7Qy01WI28TQhbU=) started vehicle Gunter 2 (id=509ACCA49543877D1C43A68CFCA4AB25 pos=<8202.69, 264.42, 1497.76>)
16:06:01.609 [Chat - Global]("NickTDrizzy"(id=fzd8mumj1VPzVcH_vKQyOZDa8Y7YQ1MVWhxYlcHMvMw=)): whats up 
16:06:08.371 [Chat - Global]("Snake"(id=0nsyEhm9INQy3se8y-fXlbMHVv4YsIXloUCLC2unDyo=)): yoo
16:07:04.545 [VehicleEngine] Player "PoiiZoner3" (id=cZC_vl4onJwtCEZaOtA89yPcwyGnN7Qy01WI28TQhbU=) stopped vehicle Gunter 2 (id=509ACCA49543877D1C43A68CFCA4AB25 pos=<7788.46, 280.09, 2202.17>)
16:07:07.684 [VehicleLeave] Player "PoiiZoner3" (id=cZC_vl4onJwtCEZaOtA89yPcwyGnN7Qy01WI28TQhbU=) left vehicle Gunter 2 (id=509ACCA49543877D1C43A68CFCA4AB25 pos=<7788.46, 280.09, 2202.15>)
16:08:11.349 [VehicleEnter] Player "PoiiZoner3" (id=cZC_vl4onJwtCEZaOtA89yPcwyGnN7Qy01WI28TQhbU=) entered vehicle Gunter 2 (id=509ACCA49543877D1C43A68CFCA4AB25 pos=<7788.46, 280.09, 2202.15>) as driver
16:08:15.490 [VehicleEngine] Player "PoiiZoner3" (id=cZC_vl4onJwtCEZaOtA89yPcwyGnN7Qy01WI28TQhbU=) started vehicle Gunter 2 (id=509ACCA49543877D1C43A68CFCA4AB25 pos=<7788.46, 280.09, 2202.12>)
16:08:41.737 [AI Patrol 00017] Spawning 2 Civilian bots at <6861.969727, 300.470886, 3221.276611>
16:08:41.772 [AI Patrol 00017] Global patrol count: 4
16:08:41.782 [AI Patrol 00017] Patrol category patrol count: 3
16:11:44.903 [VehicleEngine] Player "PoiiZoner3" (id=cZC_vl4onJwtCEZaOtA89yPcwyGnN7Qy01WI28TQhbU=) stopped vehicle Gunter 2 (id=509ACCA49543877D1C43A68CFCA4AB25 pos=<5196.12, 493.72, 2164.02>)
16:11:47.182 [VehicleLeave] Player "PoiiZoner3" (id=cZC_vl4onJwtCEZaOtA89yPcwyGnN7Qy01WI28TQhbU=) left vehicle Gunter 2 (id=509ACCA49543877D1C43A68CFCA4AB25 pos=<5196.16, 493.71, 2164.02>)
16:22:48.452 [AI Patrol 00017] Despawning 2 Civilian bots (spawn position <6861.969727, 300.470886, 3221.276611>, 0/2 deceased)
16:22:48.463 [AI Patrol 00017] Global patrol count: 3
16:22:48.473 [AI Patrol 00017] Patrol category patrol count: 2
16:28:58.497 [AI Patrol 00015] East bots were wiped out (spawn position <7698.005859, 306.939636, 2848.625488>, 3/3 deceased)
16:28:58.552 [AI Patrol 00015] Global patrol count: 2
16:28:58.562 [AI Patrol 00015] Patrol category patrol count: 1
16:31:03.231 [VehicleEnter] Player "PoiiZoner3" (id=cZC_vl4onJwtCEZaOtA89yPcwyGnN7Qy01WI28TQhbU=) entered vehicle Gunter 2 (id=509ACCA49543877D1C43A68CFCA4AB25 pos=<5196.18, 493.71, 2164.02>) as driver
16:31:39.057 [VehicleEngine] Player "PoiiZoner3" (id=cZC_vl4onJwtCEZaOtA89yPcwyGnN7Qy01WI28TQhbU=) started vehicle Gunter 2 (id=509ACCA49543877D1C43A68CFCA4AB25 pos=<5196.71, 493.67, 2164.02>)
16:34:51.965 [AI Object Patrol 00021] Despawning 1 West bots (spawn position <8980.508789, 464.799408, 2068.858887>, 0/1 deceased)
16:34:51.975 [AI Object Patrol 00021] Global patrol count: 1
16:34:51.985 [AI Object Patrol 00021] ContaminatedArea category patrol count: 0
16:39:02.564 [VehicleEngine] Player "PoiiZoner3" (id=cZC_vl4onJwtCEZaOtA89yPcwyGnN7Qy01WI28TQhbU=) stopped vehicle Gunter 2 (id=509ACCA49543877D1C43A68CFCA4AB25 pos=<862.89, 531.31, 1191.76>)
16:39:05.620 [VehicleLeave] Player "PoiiZoner3" (id=cZC_vl4onJwtCEZaOtA89yPcwyGnN7Qy01WI28TQhbU=) left vehicle Gunter 2 (id=509ACCA49543877D1C43A68CFCA4AB25 pos=<862.88, 531.31, 1191.76>)
16:54:54.523 [BaseBuildingRaiding] ------------------------- Expansion Base Raiding Damage Report -------------------------
16:54:54.533 [BaseBuildingRaiding] Player "PoiiZoner3" (id=cZC_vl4onJwtCEZaOtA89yPcwyGnN7Qy01WI28TQhbU= pos=<648.58, 486.36, 1145.64>) damaged ExpansionSafeLarge at <646.14, 487.24, 1150.83>
16:54:54.544 [BaseBuildingRaiding] They dealt 15.6218 * 1 = 15.6218 damage with Bullet_556x45 from SNAFUAUG_BK
16:54:54.554 [BaseBuildingRaiding] GlobalHealth hitpoints decreased from 12745.2 to 12729.6
16:54:54.564 [BaseBuildingRaiding] ----------------------------------------------------------------------------------------
17:04:47.645 [VehicleEnter] Player "PoiiZoner3" (id=cZC_vl4onJwtCEZaOtA89yPcwyGnN7Qy01WI28TQhbU=) entered vehicle Gunter 2 (id=509ACCA49543877D1C43A68CFCA4AB25 pos=<862.87, 531.31, 1191.76>) as driver
17:04:50.757 [VehicleEngine] Player "PoiiZoner3" (id=cZC_vl4onJwtCEZaOtA89yPcwyGnN7Qy01WI28TQhbU=) started vehicle Gunter 2 (id=509ACCA49543877D1C43A68CFCA4AB25 pos=<862.86, 531.31, 1191.75>)
17:08:30.513 [VehicleEngine] Player "NULL" (id=NULL) stopped vehicle Gunter 2 (id=509ACCA49543877D1C43A68CFCA4AB25 pos=<2465.25, 441.88, 1421.49>)
17:08:30.800 [VehicleLeave] Player "PoiiZoner3" (id=cZC_vl4onJwtCEZaOtA89yPcwyGnN7Qy01WI28TQhbU=) left vehicle Gunter 2 (id=509ACCA49543877D1C43A68CFCA4AB25 pos=<2465.25, 441.88, 1421.49>)
17:16:33.816 [VehicleEnter] Player "PoiiZoner3" (id=cZC_vl4onJwtCEZaOtA89yPcwyGnN7Qy01WI28TQhbU=) entered vehicle Gunter 2 (id=509ACCA49543877D1C43A68CFCA4AB25 pos=<2465.25, 441.88, 1421.49>) as driver
17:16:45.873 [VehicleEngine] Player "PoiiZoner3" (id=cZC_vl4onJwtCEZaOtA89yPcwyGnN7Qy01WI28TQhbU=) started vehicle Gunter 2 (id=509ACCA49543877D1C43A68CFCA4AB25 pos=<2465.25, 441.88, 1421.51>)
17:18:11.102 [VehicleEngine] Player "PoiiZoner3" (id=cZC_vl4onJwtCEZaOtA89yPcwyGnN7Qy01WI28TQhbU=) stopped vehicle Gunter 2 (id=509ACCA49543877D1C43A68CFCA4AB25 pos=<2934.11, 452.66, 1086.59>)
17:18:14.952 [VehicleLeave] Player "PoiiZoner3" (id=cZC_vl4onJwtCEZaOtA89yPcwyGnN7Qy01WI28TQhbU=) left vehicle Gunter 2 (id=509ACCA49543877D1C43A68CFCA4AB25 pos=<2934.1, 452.66, 1086.59>)
