06:06:42.082 [VehicleDestroyed] ExpansionUh1h_Medical (id=7348080AE24EAF00D82C2A93143B57C6 pos=<1229.19, 169.05, 7566.24>)
06:06:42.098 [VehicleDestroyed] ExpansionUh1h_Resistance (id=54E03171844C5DF3ED7F4DBC921EC384 pos=<7924.88, 169.48, 11833.4>)
06:06:45.432 [VehicleDeleted] ExpansionUh1h_Medical (id=6558444E31489278C2A6A8B4AB360933 pos=<1229.19, 169.05, 7566.24>)
06:06:45.446 [VehicleDeleted] ExpansionUh1h_Resistance (id=9DEF1473E141A2CB997E0DA1DC1D1BD8 pos=<7924.88, 169.48, 11833.4>)
06:07:44.172 [AI Patrol 00017] Spawning 2 West bots at <7338.879883, 288.576660, 2746.870605>
06:07:51.915 [AI Patrol 00017] Global patrol count: 1
06:07:51.925 [AI Patrol 00017] Patrol category patrol count: 1
06:07:51.935 [AI Patrol 00018] Spawning 1 Civilian bots at <6256.871094, 381.321228, 3922.193604>
06:07:51.962 [AI Patrol 00018] Global patrol count: 2
06:07:51.972 [AI Patrol 00018] Patrol category patrol count: 2
06:07:52.070 [AI Patrol 00016] Spawning 3 East bots at <7527.630859, 286.914795, 2556.481445>
06:07:52.103 [AI Patrol 00016] Global patrol count: 3
06:07:52.112 [AI Patrol 00016] Patrol category patrol count: 3
06:09:06.030 [VehicleEnter] Player "ANDREIOP" (id=RPd_iZVcpi1DOT_Dnx3wP3FOqPFObu0R2r1Jv-D3kDY=) entered vehicle Gunter 2 (id=509ACCA49543877D1C43A68CFCA4AB25 pos=<11522.5, 181.23, 9445.2>) as passenger
06:09:08.950 [VehicleLeave] Player "ANDREIOP" (id=RPd_iZVcpi1DOT_Dnx3wP3FOqPFObu0R2r1Jv-D3kDY=) left vehicle Gunter 2 (id=509ACCA49543877D1C43A68CFCA4AB25 pos=<11522.5, 181.23, 9445.2>)
06:09:32.450 [VehicleDestroyed] ExpansionUh1h_Medical (id=55411DB2DD44EBAFE33355A5A46C4700 pos=<1228.08, 169.14, 7566.2>)
06:09:45.921 [VehicleDestroyed] ExpansionUh1h_Uber (id=2C72712ADD473DDE5055A58592866DA8 pos=<7924.59, 169.36, 11833.6>)
06:12:07.581 [Chat - Global]("Dan"(id=J3DN6WXzRjVAt4j_gUAEgL4v34hqtXpOtTWQ5nCMCS0=)): hi
06:15:43.710 [VehicleDeleted] ExpansionUh1h_Medical (id=55411DB2DD44EBAFE33355A5A46C4700 pos=<1230.28, 168.7, 7567.3>)
06:16:11.583 [VehicleDeleted] ExpansionUh1h_Uber (id=2C72712ADD473DDE5055A58592866DA8 pos=<7924.17, 169.27, 11833.7>)
06:18:25.682 [VehicleDestroyed] ExpansionUh1h_Medical (id=169215D79543A60E327CA090ACC7C99D pos=<1228.19, 169.1, 7566.32>)
06:18:36.384 [VehicleDestroyed] ExpansionUh1h_Resistance (id=D0A986B13748BC1791356D8FFB79A3C8 pos=<7924.48, 169.34, 11833.7>)
06:22:52.434 [AI Patrol 00016] East bots were wiped out (spawn position <7527.630859, 286.914795, 2556.481445>, 3/3 deceased)
06:22:52.444 [AI Patrol 00016] Global patrol count: 2
06:22:52.454 [AI Patrol 00016] Patrol category patrol count: 2
06:24:35.665 [VehicleDeleted] ExpansionUh1h_Medical (id=169215D79543A60E327CA090ACC7C99D pos=<1230.44, 168.71, 7567.22>)
06:25:03.399 [VehicleDeleted] ExpansionUh1h_Resistance (id=D0A986B13748BC1791356D8FFB79A3C8 pos=<7924.66, 169.36, 11833.7>)
06:26:02.940 [AI Patrol 00018] Despawning 1 Civilian bots (spawn position <6256.871094, 381.321228, 3922.193604>, 0/1 deceased)
06:26:02.950 [AI Patrol 00018] Global patrol count: 1
06:26:02.959 [AI Patrol 00018] Patrol category patrol count: 1
06:27:17.968 [VehicleDestroyed] ExpansionUh1h_Uber (id=02A8EA813349BE7AE60A86BCA33F48F1 pos=<1228.18, 169.14, 7566.18>)
06:27:24.713 [VehicleDestroyed] ExpansionUh1h_Uber (id=79B8C3DDE245D9C2FC0D71A26416C97A pos=<7924.74, 169.27, 11834.1>)
06:33:27.273 [VehicleDeleted] ExpansionUh1h_Uber (id=02A8EA813349BE7AE60A86BCA33F48F1 pos=<1230.67, 168.74, 7567.05>)
06:33:55.189 [VehicleDeleted] ExpansionUh1h_Uber (id=79B8C3DDE245D9C2FC0D71A26416C97A pos=<7925.37, 169.19, 11835>)
06:36:09.726 [VehicleDestroyed] ExpansionUh1h_Resistance (id=DF24616FF245150CCD6CC89F1A41CABC pos=<1228.18, 169.14, 7566.17>)
06:36:21.522 [VehicleDestroyed] ExpansionUh1h (id=BE57A453EF4E67B40BBE46B92F1C36DA pos=<7924.83, 169.39, 11833.7>)
06:38:55.811 [AI Object Patrol 00028] Spawning 2 West bots at <5538.807617, 386.515015, 4903.403809>
06:38:55.846 [AI Object Patrol 00028] Global patrol count: 2
06:38:55.857 [AI Object Patrol 00028] HelicopterWreck category patrol count: 1
06:42:18.224 [VehicleDeleted] ExpansionUh1h_Resistance (id=DF24616FF245150CCD6CC89F1A41CABC pos=<1230.59, 168.75, 7567.01>)
06:42:46.281 [VehicleDeleted] ExpansionUh1h (id=BE57A453EF4E67B40BBE46B92F1C36DA pos=<7927.2, 169.96, 11833.1>)
06:43:06.927 [VehicleEnter] Player "Dan" (id=J3DN6WXzRjVAt4j_gUAEgL4v34hqtXpOtTWQ5nCMCS0=) entered vehicle Gunter 2 (id=509ACCA49543877D1C43A68CFCA4AB25 pos=<11522.5, 181.23, 9445.2>) as driver
06:43:14.315 [VehicleEnter] Player "ANDREIOP" (id=RPd_iZVcpi1DOT_Dnx3wP3FOqPFObu0R2r1Jv-D3kDY=) entered vehicle Gunter 2 (id=509ACCA49543877D1C43A68CFCA4AB25 pos=<11522.5, 181.23, 9445.2>) as passenger
06:43:20.996 [VehicleEngine] Player "Dan" (id=J3DN6WXzRjVAt4j_gUAEgL4v34hqtXpOtTWQ5nCMCS0=) started vehicle Gunter 2 (id=509ACCA49543877D1C43A68CFCA4AB25 pos=<11522.5, 181.23, 9445.21>)
06:45:01.427 [VehicleDestroyed] ExpansionUh1h (id=1BE9A3EF4F43DEB14BFFBD81FA9403E5 pos=<1228.17, 169.14, 7566.17>)
06:45:18.705 [VehicleDestroyed] ExpansionUh1h (id=C2FE6F4D664D819350E0BE9F60BC1077 pos=<7924.83, 169.4, 11833.6>)
06:48:20.881 [VehicleLeave] Player "Dan" (id=J3DN6WXzRjVAt4j_gUAEgL4v34hqtXpOtTWQ5nCMCS0=) left vehicle Gunter 2 (id=509ACCA49543877D1C43A68CFCA4AB25 pos=<10105.1, 207.24, 8607.73>)
06:48:41.560 [VehicleEnter] Player "Dan" (id=J3DN6WXzRjVAt4j_gUAEgL4v34hqtXpOtTWQ5nCMCS0=) entered vehicle Gunter 2 (id=509ACCA49543877D1C43A68CFCA4AB25 pos=<10105.1, 207.24, 8607.74>) as driver
06:50:48.222 [AI Object Patrol 00031] Spawning 1 East bots at <8368.495117, 295.493408, 7575.088867>
06:50:48.252 [AI Object Patrol 00031] Global patrol count: 3
06:50:48.263 [AI Object Patrol 00031] HelicopterWreck category patrol count: 2
06:50:53.485 [BaseRaiding] ExpansionWall6x3 (<5963.844727, 401.423035, 4204.216797>) Damaged "player "Bad Boy" (ID = "7EOOpe6Cv8QB45p22zWB29TPheQCYualmurDzSA3CR0=" at <5965.301758, 401.459656, 4203.823242>)" by 10 health points. Reason: Failed to enter the correct code.
06:50:53.496 [BaseRaiding] ExpansionWall6x3 (<5963.844727, 401.423035, 4204.216797>) The correct code was 2882 and the player tried 0102
06:51:09.807 [VehicleDeleted] ExpansionUh1h (id=1BE9A3EF4F43DEB14BFFBD81FA9403E5 pos=<1230.51, 168.75, 7567.03>)
06:51:16.246 [AI Object Patrol 00035] Spawning 3 East bots at <7286.651367, 261.224701, 8466.139648>
06:51:16.280 [AI Object Patrol 00035] Global patrol count: 4
06:51:16.291 [AI Object Patrol 00035] HelicopterWreck category patrol count: 3
06:51:37.876 [VehicleDeleted] ExpansionUh1h (id=C2FE6F4D664D819350E0BE9F60BC1077 pos=<7924.19, 169.29, 11833.5>)
06:52:53.926 [AI Object Patrol 00033] Spawning 1 West bots at <5910.268555, 222.804977, 8010.970703>
06:52:53.953 [AI Object Patrol 00033] Global patrol count: 5
06:52:53.963 [AI Object Patrol 00033] ContaminatedArea category patrol count: 1
06:53:52.492 [VehicleDestroyed] ExpansionUh1h_Resistance (id=F25BF5538D4EFD8D1FE1009C6C852E5E pos=<1228.14, 169.12, 7566.25>)
06:53:55.913 [VehicleEngine] Player "NULL" (id=NULL) stopped vehicle Gunter 2 (id=509ACCA49543877D1C43A68CFCA4AB25 pos=<6555.85, 205.36, 8375.85>)
06:53:56.208 [VehicleLeave] Player "Dan" (id=J3DN6WXzRjVAt4j_gUAEgL4v34hqtXpOtTWQ5nCMCS0=) left vehicle Gunter 2 (id=509ACCA49543877D1C43A68CFCA4AB25 pos=<6555.85, 205.36, 8375.85>)
06:53:57.589 [VehicleLeave] Player "ANDREIOP" (id=RPd_iZVcpi1DOT_Dnx3wP3FOqPFObu0R2r1Jv-D3kDY=) left vehicle Gunter 2 (id=509ACCA49543877D1C43A68CFCA4AB25 pos=<6555.85, 205.36, 8375.85>)
06:54:14.591 [VehicleDestroyed] ExpansionUh1h_Uber (id=5527E699BA470251D5C9768D6C800B0C pos=<7925.01, 169.5, 11833.4>)
07:00:01.590 [VehicleDeleted] ExpansionUh1h_Resistance (id=F25BF5538D4EFD8D1FE1009C6C852E5E pos=<1230.46, 168.74, 7567.1>)
07:00:17.708 [Chat - Global]("Bad Boy"(id=7EOOpe6Cv8QB45p22zWB29TPheQCYualmurDzSA3CR0=)): Anyone see a hummer wheel near Nadbor?
07:00:30.196 [VehicleDeleted] ExpansionUh1h_Uber (id=5527E699BA470251D5C9768D6C800B0C pos=<7925.02, 169.5, 11833.4>)
07:02:13.070 [AI Object Patrol 00031] Despawning 1 East bots (spawn position <8368.495117, 295.493408, 7575.088867>, 0/1 deceased)
07:02:13.080 [AI Object Patrol 00031] Global patrol count: 4
07:02:13.089 [AI Object Patrol 00031] HelicopterWreck category patrol count: 2
07:02:45.502 [VehicleDestroyed] ExpansionUh1h_Resistance (id=7FCCD62E564F2CDFFF6A6893C60F0AD5 pos=<1228.13, 169.15, 7566.15>)
07:03:06.964 [VehicleDestroyed] ExpansionUh1h_Uber (id=955B0D47B14C0F5E1833E883D490A9C3 pos=<7925.02, 169.5, 11833.4>)
07:04:13.650 [AI Object Patrol 00028] Despawning 1 West bots (spawn position <5538.807617, 386.515015, 4903.403809>, 1/2 deceased)
07:04:13.660 [AI Object Patrol 00028] Global patrol count: 3
07:04:13.669 [AI Object Patrol 00028] HelicopterWreck category patrol count: 1
07:08:53.463 [VehicleDeleted] ExpansionUh1h_Resistance (id=7FCCD62E564F2CDFFF6A6893C60F0AD5 pos=<1230.57, 168.75, 7567.03>)
07:09:21.416 [VehicleDeleted] ExpansionUh1h_Uber (id=955B0D47B14C0F5E1833E883D490A9C3 pos=<7925.02, 169.5, 11833.4>)
07:11:35.837 [VehicleDestroyed] ExpansionUh1h_Resistance (id=46FE48BFF64918BD566D88B922D6A15C pos=<1228.18, 169.13, 7566.19>)
07:11:52.577 [VehicleDestroyed] ExpansionUh1h_Medical (id=C7C54AB6DF4F6A26330E4CA0B541029E pos=<7924.51, 169.35, 11833.5>)
07:17:43.710 [VehicleDeleted] ExpansionUh1h_Resistance (id=46FE48BFF64918BD566D88B922D6A15C pos=<1230.41, 168.75, 7567.08>)
07:18:11.504 [VehicleDeleted] ExpansionUh1h_Medical (id=C7C54AB6DF4F6A26330E4CA0B541029E pos=<7924.53, 169.35, 11833.5>)
07:20:26.976 [VehicleDestroyed] ExpansionUh1h_Resistance (id=6F446AA9A04C481DA582F49399973FC3 pos=<1228.12, 169.15, 7566.14>)
07:20:36.229 [VehicleDestroyed] ExpansionUh1h_Resistance (id=67E54FEBFB461D948754379E6EEA2D41 pos=<7925, 169.35, 11833.9>)
07:25:10.656 [AI Object Patrol 00033] Despawning 1 West bots (spawn position <5910.268555, 222.804977, 8010.970703>, 0/1 deceased)
07:25:10.696 [AI Object Patrol 00033] Global patrol count: 2
07:25:10.733 [AI Object Patrol 00033] ContaminatedArea category patrol count: 0
07:26:34.306 [VehicleDeleted] ExpansionUh1h_Resistance (id=6F446AA9A04C481DA582F49399973FC3 pos=<1230.38, 168.79, 7566.93>)
07:27:02.160 [VehicleDeleted] ExpansionUh1h_Resistance (id=67E54FEBFB461D948754379E6EEA2D41 pos=<7924.75, 168.9, 11835.8>)
07:27:30.422 [AI Object Patrol 00035] Despawning 3 East bots (spawn position <7286.651367, 261.224701, 8466.139648>, 0/3 deceased)
07:27:30.432 [AI Object Patrol 00035] Global patrol count: 1
07:27:30.442 [AI Object Patrol 00035] HelicopterWreck category patrol count: 0
07:29:16.661 [VehicleDestroyed] ExpansionUh1h_Uber (id=942D86F26D4389C97D08678D61BA6855 pos=<1228.18, 169.09, 7566.35>)
07:29:36.596 [VehicleDestroyed] ExpansionUh1h_Resistance (id=D38FF0A384402EE6CAC4B0B848ED4C72 pos=<7924.78, 169.44, 11833.4>)
07:35:27.364 [VehicleDeleted] ExpansionUh1h_Uber (id=942D86F26D4389C97D08678D61BA6855 pos=<1230.26, 168.69, 7567.39>)
07:35:55.118 [VehicleDeleted] ExpansionUh1h_Resistance (id=D38FF0A384402EE6CAC4B0B848ED4C72 pos=<7924.93, 169.48, 11833.4>)
07:38:09.504 [VehicleDestroyed] ExpansionUh1h_Uber (id=D6CEE9248D4983AD74DBEC8E181AB527 pos=<1228.17, 169.14, 7566.18>)
07:38:27.275 [VehicleDestroyed] ExpansionUh1h (id=7E5AA82A8E420668C5F599A022BD465F pos=<7924.89, 169.46, 11833.5>)
07:44:16.471 [VehicleDeleted] ExpansionUh1h_Uber (id=D6CEE9248D4983AD74DBEC8E181AB527 pos=<1230.59, 168.76, 7566.99>)
07:44:44.944 [VehicleDeleted] ExpansionUh1h (id=7E5AA82A8E420668C5F599A022BD465F pos=<7924.95, 169.47, 11833.5>)
07:46:59.076 [VehicleDestroyed] ExpansionUh1h_Uber (id=36533255DF4011C0341D8BA354424474 pos=<1228.15, 169.11, 7566.28>)
07:47:18.734 [VehicleDestroyed] ExpansionUh1h (id=DCE5D754AF4AF03288FE169863A3C63F pos=<7924.86, 169.47, 11833.4>)
07:53:06.544 [VehicleDeleted] ExpansionUh1h_Uber (id=36533255DF4011C0341D8BA354424474 pos=<1230.44, 168.74, 7567.12>)
07:53:34.473 [VehicleDeleted] ExpansionUh1h (id=DCE5D754AF4AF03288FE169863A3C63F pos=<7924.8, 169.47, 11833.4>)
07:55:28.543 [SpawnSelection] Player "Bad Boy" (id=7EOOpe6Cv8QB45p22zWB29TPheQCYualmurDzSA3CR0=) spawned at <11306.099609, 215.910004, 672.838013>
07:55:49.530 [VehicleDestroyed] ExpansionUh1h_Resistance (id=55842D897A4EA0CB8C4CE29AB4E5380F pos=<1228.18, 169.14, 7566.18>)
07:55:58.059 [VehicleDestroyed] ExpansionUh1h_Medical (id=04E2BF092E4E681E2924BC80BB16FEAE pos=<7924.63, 169.34, 11833.8>)
07:56:22.220 [SpawnSelection] Player "vERKE" (id=yvJkN5qXM69k4xYaDnfdkc8E-_KSFkOOk2WBLvNcg54=) spawned at <7638.410156, 245.850006, 5157.709961>
07:56:22.233 [AI Object Patrol 00011] Spawning 1 West bots at <7585.736328, 236.938217, 5871.201172>
07:56:22.263 [AI Object Patrol 00011] Global patrol count: 2
07:56:22.274 [AI Object Patrol 00011] ContaminatedArea category patrol count: 1
07:56:22.285 [AI Object Patrol 00012] Spawning 1 West bots at <7807.432617, 251.408371, 6067.065430>
07:56:22.311 [AI Object Patrol 00012] Global patrol count: 3
07:56:22.322 [AI Object Patrol 00012] ContaminatedArea category patrol count: 2
07:56:30.840 [Chat - Global]("vERKE"(id=yvJkN5qXM69k4xYaDnfdkc8E-_KSFkOOk2WBLvNcg54=)): hi
07:56:47.414 [Chat - Global]("Dan"(id=J3DN6WXzRjVAt4j_gUAEgL4v34hqtXpOtTWQ5nCMCS0=)): HI
07:57:04.858 [Chat - Global]("vERKE"(id=yvJkN5qXM69k4xYaDnfdkc8E-_KSFkOOk2WBLvNcg54=)): I've seen the reddit post that is why I joined haha
07:57:31.445 [Chat - Global]("Dan"(id=J3DN6WXzRjVAt4j_gUAEgL4v34hqtXpOtTWQ5nCMCS0=)): we all did :)
07:58:04.069 [Chat - Global]("vERKE"(id=yvJkN5qXM69k4xYaDnfdkc8E-_KSFkOOk2WBLvNcg54=)): haha
07:58:14.641 [Chat - Global]("vERKE"(id=yvJkN5qXM69k4xYaDnfdkc8E-_KSFkOOk2WBLvNcg54=)): Is there pvp or not? I just want to be sure not to kos
07:58:54.617 [Chat - Global]("Dan"(id=J3DN6WXzRjVAt4j_gUAEgL4v34hqtXpOtTWQ5nCMCS0=)): usualy not
07:59:57.425 [Chat - Global]("Dan"(id=J3DN6WXzRjVAt4j_gUAEgL4v34hqtXpOtTWQ5nCMCS0=)): just 3 -5 people building bases, hunting, exploring...
07:59:59.518 [AI Object Patrol 00048] Spawning 2 East bots at <7009.351074, 255.688293, 6227.163574>
07:59:59.546 [AI Object Patrol 00048] Global patrol count: 4
07:59:59.556 [AI Object Patrol 00048] HelicopterWreck category patrol count: 1
08:00:07.264 [Chat - Global]("vERKE"(id=yvJkN5qXM69k4xYaDnfdkc8E-_KSFkOOk2WBLvNcg54=)): Great, thanks
08:00:21.142 [Chat - Global]("Bad Boy"(id=7EOOpe6Cv8QB45p22zWB29TPheQCYualmurDzSA3CR0=)): I haven't seen anyone PVP.
08:00:25.553 [Chat - Global]("Bad Boy"(id=7EOOpe6Cv8QB45p22zWB29TPheQCYualmurDzSA3CR0=)): There's no rules against it though.
08:01:01.364 [Chat - Global]("Bad Boy"(id=7EOOpe6Cv8QB45p22zWB29TPheQCYualmurDzSA3CR0=)): If you find a spot you want to build a base, Snake will drop off materials for you.
08:01:18.917 [Chat - Global]("vERKE"(id=yvJkN5qXM69k4xYaDnfdkc8E-_KSFkOOk2WBLvNcg54=)): Great, thanks for the info
08:01:31.264 [Chat - Global]("vERKE"(id=yvJkN5qXM69k4xYaDnfdkc8E-_KSFkOOk2WBLvNcg54=)): I haven't really played livonia like ever, so I need to explore a bit first
08:01:40.845 [Chat - Global]("vERKE"(id=yvJkN5qXM69k4xYaDnfdkc8E-_KSFkOOk2WBLvNcg54=)): My 600 hours of dayz was spent on Cherno most of the time
08:01:50.568 [Chat - Global]("Bad Boy"(id=7EOOpe6Cv8QB45p22zWB29TPheQCYualmurDzSA3CR0=)): Yea, let me know if you have any questions we can help you with.
08:01:54.636 [Chat - Global]("Bad Boy"(id=7EOOpe6Cv8QB45p22zWB29TPheQCYualmurDzSA3CR0=)): We are all sort of in the same boat.
08:01:59.967 [VehicleDeleted] ExpansionUh1h_Resistance (id=55842D897A4EA0CB8C4CE29AB4E5380F pos=<1230.58, 168.74, 7567.07>)
08:02:14.349 [AI Object Patrol 00046] Spawning 3 West bots at <7925.473633, 279.907532, 6595.862305>
08:02:14.377 [AI Object Patrol 00046] Global patrol count: 5
08:02:14.388 [AI Object Patrol 00046] HelicopterWreck category patrol count: 2
08:02:27.724 [VehicleDeleted] ExpansionUh1h_Medical (id=04E2BF092E4E681E2924BC80BB16FEAE pos=<7925.54, 169.55, 11833.6>)
08:02:49.976 [Chat - Global]("Bad Boy"(id=7EOOpe6Cv8QB45p22zWB29TPheQCYualmurDzSA3CR0=)): It seems most people are doing bases
08:02:50.960 [Chat - Global]("vERKE"(id=yvJkN5qXM69k4xYaDnfdkc8E-_KSFkOOk2WBLvNcg54=)): Thanks
08:02:57.395 [Chat - Global]("Bad Boy"(id=7EOOpe6Cv8QB45p22zWB29TPheQCYualmurDzSA3CR0=)): south of nadbor
08:04:42.554 [VehicleDestroyed] ExpansionUh1h_Medical (id=AD64E9B22048876A180CD5B4B30F08FD pos=<1228.18, 169.14, 7566.17>)
08:04:58.679 [VehicleDestroyed] ExpansionUh1h (id=6EC591AFAB41FE1D0DE7FCA0973AE3FE pos=<7924.87, 169.45, 11833.5>)
08:05:20.715 [Chat - Global]("vERKE"(id=yvJkN5qXM69k4xYaDnfdkc8E-_KSFkOOk2WBLvNcg54=)): I will look around ther etoo
08:05:24.357 [Chat - Global]("vERKE"(id=yvJkN5qXM69k4xYaDnfdkc8E-_KSFkOOk2WBLvNcg54=)): Is there AI on the helicrash? :o
08:05:28.171 [Chat - Global]("Bad Boy"(id=7EOOpe6Cv8QB45p22zWB29TPheQCYualmurDzSA3CR0=)): Yea.
08:05:33.595 [Chat - Global]("Bad Boy"(id=7EOOpe6Cv8QB45p22zWB29TPheQCYualmurDzSA3CR0=)): And in the "battle zones".
08:05:44.533 [Chat - Global]("Bad Boy"(id=7EOOpe6Cv8QB45p22zWB29TPheQCYualmurDzSA3CR0=)): They are not bad aims so be careful.
08:05:46.476 [Chat - Global]("vERKE"(id=yvJkN5qXM69k4xYaDnfdkc8E-_KSFkOOk2WBLvNcg54=)): Are they though like arma 2 dayz mods or not so really?
08:05:55.502 [Chat - Global]("vERKE"(id=yvJkN5qXM69k4xYaDnfdkc8E-_KSFkOOk2WBLvNcg54=)): ohh
08:06:03.231 [Chat - Global]("vERKE"(id=yvJkN5qXM69k4xYaDnfdkc8E-_KSFkOOk2WBLvNcg54=)): I might check it
08:06:05.463 [Chat - Global]("Bad Boy"(id=7EOOpe6Cv8QB45p22zWB29TPheQCYualmurDzSA3CR0=)): I never did the AI before so not sure how to compare.
08:06:08.302 [Chat - Global]("vERKE"(id=yvJkN5qXM69k4xYaDnfdkc8E-_KSFkOOk2WBLvNcg54=)): I just found an m4
08:06:22.345 [AI Object Patrol 00049] Spawning 2 West bots at <6358.626465, 324.513000, 5413.437988>
08:06:22.374 [AI Object Patrol 00049] Global patrol count: 6
08:06:22.383 [AI Object Patrol 00049] HelicopterWreck category patrol count: 3
08:06:39.793 [AI Object Patrol 00046] Despawning 3 West bots (spawn position <7925.473633, 279.907532, 6595.862305>, 0/3 deceased)
08:06:39.802 [AI Object Patrol 00046] Global patrol count: 5
08:06:39.811 [AI Object Patrol 00046] HelicopterWreck category patrol count: 2
08:09:49.609 [AI Object Patrol 00048] East bots were wiped out (spawn position <7009.351074, 255.688293, 6227.163574>, 2/2 deceased)
08:09:49.627 [AI Object Patrol 00048] Global patrol count: 4
08:09:49.644 [AI Object Patrol 00048] HelicopterWreck category patrol count: 1
08:10:47.920 [VehicleEnter] Player "Dan" (id=J3DN6WXzRjVAt4j_gUAEgL4v34hqtXpOtTWQ5nCMCS0=) entered vehicle Gunter 2 (id=509ACCA49543877D1C43A68CFCA4AB25 pos=<6555.84, 205.36, 8375.85>) as driver
08:10:50.787 [VehicleDeleted] ExpansionUh1h_Medical (id=AD64E9B22048876A180CD5B4B30F08FD pos=<1230.55, 168.74, 7567.07>)
08:10:51.054 [VehicleEngine] Player "Dan" (id=J3DN6WXzRjVAt4j_gUAEgL4v34hqtXpOtTWQ5nCMCS0=) started vehicle Gunter 2 (id=509ACCA49543877D1C43A68CFCA4AB25 pos=<6555.82, 205.36, 8375.85>)
08:11:18.589 [VehicleDeleted] ExpansionUh1h (id=6EC591AFAB41FE1D0DE7FCA0973AE3FE pos=<7924.95, 169.45, 11833.6>)
08:12:04.671 [VehicleEngine] Player "Dan" (id=J3DN6WXzRjVAt4j_gUAEgL4v34hqtXpOtTWQ5nCMCS0=) stopped vehicle Gunter 2 (id=509ACCA49543877D1C43A68CFCA4AB25 pos=<6330.24, 228, 8933.38>)
08:12:17.000 [VehicleEngine] Player "Dan" (id=J3DN6WXzRjVAt4j_gUAEgL4v34hqtXpOtTWQ5nCMCS0=) started vehicle Gunter 2 (id=509ACCA49543877D1C43A68CFCA4AB25 pos=<6330.65, 227.76, 8934.4>)
08:12:48.136 [VehicleEngine] Player "Dan" (id=J3DN6WXzRjVAt4j_gUAEgL4v34hqtXpOtTWQ5nCMCS0=) stopped vehicle Gunter 2 (id=509ACCA49543877D1C43A68CFCA4AB25 pos=<6520.43, 204.67, 9068.08>)
08:12:51.990 [VehicleLeave] Player "Dan" (id=J3DN6WXzRjVAt4j_gUAEgL4v34hqtXpOtTWQ5nCMCS0=) left vehicle Gunter 2 (id=509ACCA49543877D1C43A68CFCA4AB25 pos=<6520.33, 204.67, 9067.94>)
08:13:32.354 [VehicleDestroyed] ExpansionUh1h_Resistance (id=98B3CE996C4F5F70D6C400B686159FFC pos=<1228.15, 169.12, 7566.27>)
08:13:51.852 [VehicleDestroyed] ExpansionUh1h (id=1D0E4585914451CB66F699BED065B25F pos=<7925, 169.48, 11833.5>)
08:14:13.279 [Chat - Global]("vERKE"(id=yvJkN5qXM69k4xYaDnfdkc8E-_KSFkOOk2WBLvNcg54=)): Both the AI and I ran out of ammo so it was a knife fight at the end
08:14:14.817 [VehicleEnter] Player "Dan" (id=J3DN6WXzRjVAt4j_gUAEgL4v34hqtXpOtTWQ5nCMCS0=) entered vehicle Gunter 2 (id=509ACCA49543877D1C43A68CFCA4AB25 pos=<6520.29, 204.67, 9067.88>) as driver
08:14:18.354 [VehicleEngine] Player "Dan" (id=J3DN6WXzRjVAt4j_gUAEgL4v34hqtXpOtTWQ5nCMCS0=) started vehicle Gunter 2 (id=509ACCA49543877D1C43A68CFCA4AB25 pos=<6520.19, 204.67, 9067.74>)
08:14:29.230 [Chat - Global]("Dan"(id=J3DN6WXzRjVAt4j_gUAEgL4v34hqtXpOtTWQ5nCMCS0=)): they usualy do that
08:14:53.592 [SpawnSelection] Player "Bad Boy" (id=7EOOpe6Cv8QB45p22zWB29TPheQCYualmurDzSA3CR0=) spawned at <1841.880005, 199.766998, 7392.009766>
08:15:02.650 [Chat - Global]("Bad Boy"(id=7EOOpe6Cv8QB45p22zWB29TPheQCYualmurDzSA3CR0=)): lol did you win?
08:16:01.304 [VehicleEngine] Player "Dan" (id=J3DN6WXzRjVAt4j_gUAEgL4v34hqtXpOtTWQ5nCMCS0=) stopped vehicle Gunter 2 (id=509ACCA49543877D1C43A68CFCA4AB25 pos=<6909.1, 217.42, 8285.75>)
08:16:20.024 [VehicleEngine] Player "Dan" (id=J3DN6WXzRjVAt4j_gUAEgL4v34hqtXpOtTWQ5nCMCS0=) started vehicle Gunter 2 (id=509ACCA49543877D1C43A68CFCA4AB25 pos=<6909.59, 217.39, 8285.31>)
08:17:04.303 [VehicleEngine] Player "Dan" (id=J3DN6WXzRjVAt4j_gUAEgL4v34hqtXpOtTWQ5nCMCS0=) stopped vehicle Gunter 2 (id=509ACCA49543877D1C43A68CFCA4AB25 pos=<7065.06, 212.69, 8007.03>)
08:17:10.715 [VehicleLeave] Player "Dan" (id=J3DN6WXzRjVAt4j_gUAEgL4v34hqtXpOtTWQ5nCMCS0=) left vehicle Gunter 2 (id=509ACCA49543877D1C43A68CFCA4AB25 pos=<7065.07, 212.69, 8007.05>)
08:17:45.585 [VehicleEnter] Player "Dan" (id=J3DN6WXzRjVAt4j_gUAEgL4v34hqtXpOtTWQ5nCMCS0=) entered vehicle Gunter 2 (id=509ACCA49543877D1C43A68CFCA4AB25 pos=<7065.07, 212.69, 8007.05>) as driver
08:17:47.664 [VehicleLeave] Player "Dan" (id=J3DN6WXzRjVAt4j_gUAEgL4v34hqtXpOtTWQ5nCMCS0=) left vehicle Gunter 2 (id=509ACCA49543877D1C43A68CFCA4AB25 pos=<7065.07, 212.69, 8007.05>)
08:17:50.889 [VehicleEnter] Player "Dan" (id=J3DN6WXzRjVAt4j_gUAEgL4v34hqtXpOtTWQ5nCMCS0=) entered vehicle Gunter 2 (id=509ACCA49543877D1C43A68CFCA4AB25 pos=<7065.07, 212.69, 8007.06>) as driver
08:17:53.948 [VehicleEngine] Player "Dan" (id=J3DN6WXzRjVAt4j_gUAEgL4v34hqtXpOtTWQ5nCMCS0=) started vehicle Gunter 2 (id=509ACCA49543877D1C43A68CFCA4AB25 pos=<7065.07, 212.69, 8007.07>)
08:19:30.648 [Chat - Global]("Dan"(id=J3DN6WXzRjVAt4j_gUAEgL4v34hqtXpOtTWQ5nCMCS0=)): lipina gased
08:19:34.668 [SpawnSelection] Player "Bad Boy" (id=7EOOpe6Cv8QB45p22zWB29TPheQCYualmurDzSA3CR0=) spawned at <1913.430054, 194.949005, 7445.359863>
08:19:41.729 [VehicleDeleted] ExpansionUh1h_Resistance (id=98B3CE996C4F5F70D6C400B686159FFC pos=<1230.38, 168.72, 7567.21>)
08:19:42.677 [VehicleEngine] Player "Dan" (id=J3DN6WXzRjVAt4j_gUAEgL4v34hqtXpOtTWQ5nCMCS0=) stopped vehicle Gunter 2 (id=509ACCA49543877D1C43A68CFCA4AB25 pos=<6409.2, 284.01, 7614.12>)
08:20:10.117 [VehicleDeleted] ExpansionUh1h (id=1D0E4585914451CB66F699BED065B25F pos=<7924.95, 169.48, 11833.5>)
08:22:14.862 [VehicleLeave] Player "Dan" (id=J3DN6WXzRjVAt4j_gUAEgL4v34hqtXpOtTWQ5nCMCS0=) left vehicle Gunter 2 (id=509ACCA49543877D1C43A68CFCA4AB25 pos=<6556.31, 205.36, 8375.33>)
08:22:23.696 [VehicleDestroyed] ExpansionUh1h (id=68A90622A64C1C94B294A69FBFFDF09A pos=<1228.18, 169.1, 7566.34>)
08:22:41.691 [VehicleDestroyed] ExpansionUh1h_Medical (id=98F851FC9041A20D55EAF89BB35906A0 pos=<7925.01, 169.46, 11833.6>)
08:24:52.918 [AI Object Patrol 00012] Despawning 1 West bots (spawn position <7807.432617, 251.408371, 6067.065430>, 0/1 deceased)
08:24:52.928 [AI Object Patrol 00012] Global patrol count: 3
08:24:52.937 [AI Object Patrol 00012] ContaminatedArea category patrol count: 1
08:24:53.304 [AI Object Patrol 00009] Spawning 2 West bots at <7310.281250, 226.972900, 6296.242188>
08:24:53.417 [AI Object Patrol 00009] Global patrol count: 4
08:24:53.502 [AI Object Patrol 00009] ContaminatedArea category patrol count: 2
08:27:39.190 [AI Object Patrol 00049] Despawning 2 West bots (spawn position <6358.626465, 324.513000, 5413.437988>, 0/2 deceased)
08:27:39.200 [AI Object Patrol 00049] Global patrol count: 3
08:27:39.210 [AI Object Patrol 00049] HelicopterWreck category patrol count: 0
08:27:39.221 [AI Object Patrol 00048] Despawning 0 East bots (spawn position <6991.947266, 257.237823, 6216.752441>, 2/2 deceased)
08:27:56.837 [SpawnSelection] Player "vERKE" (id=yvJkN5qXM69k4xYaDnfdkc8E-_KSFkOOk2WBLvNcg54=) spawned at <7341.450195, 318.128998, 2470.919922>
08:28:07.679 [Chat - Global]("vERKE"(id=yvJkN5qXM69k4xYaDnfdkc8E-_KSFkOOk2WBLvNcg54=)): wow
08:29:03.401 [VehicleDeleted] ExpansionUh1h_Medical (id=98F851FC9041A20D55EAF89BB35906A0 pos=<7925.41, 169.56, 11833.5>)
08:29:07.925 [SpawnSelection] Player "vERKE" (id=yvJkN5qXM69k4xYaDnfdkc8E-_KSFkOOk2WBLvNcg54=) spawned at <6391.270020, 310.959015, 4804.330078>
08:30:08.651 [Chat - Global]("vERKE"(id=yvJkN5qXM69k4xYaDnfdkc8E-_KSFkOOk2WBLvNcg54=)): I can't move after respawning :o
08:30:18.081 [Chat - Global]("Bad Boy"(id=7EOOpe6Cv8QB45p22zWB29TPheQCYualmurDzSA3CR0=)): Yea, just relog
08:30:21.472 [Chat - Global]("vERKE"(id=yvJkN5qXM69k4xYaDnfdkc8E-_KSFkOOk2WBLvNcg54=)): brb
08:30:22.424 [Chat - Global]("Bad Boy"(id=7EOOpe6Cv8QB45p22zWB29TPheQCYualmurDzSA3CR0=)): Happens to be often as well.
08:33:14.472 [AI Object Patrol 00060] Spawning 3 East bots at <6362.644043, 300.312134, 6146.692871>
08:33:14.499 [AI Object Patrol 00060] Global patrol count: 4
08:33:14.509 [AI Object Patrol 00060] HelicopterWreck category patrol count: 1
08:36:06.235 [VehicleDeleted] ExpansionUh1h (id=68A90622A64C1C94B294A69FBFFDF09A pos=<1230.79, 168.63, 7567.45>)
08:36:13.038 [AI Object Patrol 00011] Despawning 1 West bots (spawn position <7585.736328, 236.938217, 5871.201172>, 0/1 deceased)
08:36:13.049 [AI Object Patrol 00011] Global patrol count: 3
08:36:13.059 [AI Object Patrol 00011] ContaminatedArea category patrol count: 1
08:36:16.019 [AI Object Patrol 00057] Spawning 3 West bots at <6033.077148, 281.779297, 6668.535156>
08:36:16.049 [AI Object Patrol 00057] Global patrol count: 4
08:36:16.061 [AI Object Patrol 00057] ContaminatedArea category patrol count: 2
08:37:32.590 [Chat - Global]("vERKE"(id=yvJkN5qXM69k4xYaDnfdkc8E-_KSFkOOk2WBLvNcg54=)): bro they have grenade launchers at the helicrash
08:37:47.135 [VehicleAttachments] Player "Bad Boy" (id=7EOOpe6Cv8QB45p22zWB29TPheQCYualmurDzSA3CR0=) detached Car Battery (type=CarBattery) from vehicle UAZ 469 Cargo (id=975AD9C1E043D79EBDB7638F2DA50D4F pos=<1738.29, 200.1, 7354.14>)
08:38:22.951 [VehicleDestroyed] ExpansionUh1h (id=D6EE1E5964477633FF5E5C8D1275EDE1 pos=<1228.08, 169.14, 7566.18>)
08:38:35.193 [VehicleDestroyed] ExpansionUh1h_Uber (id=919BE6A158427DF621E1A083345188CA pos=<7924.96, 169.41, 11833.7>)
08:40:00.935 [VehicleEnter] Player "vERKE" (id=yvJkN5qXM69k4xYaDnfdkc8E-_KSFkOOk2WBLvNcg54=) entered vehicle Gyrocopter (id=F1D7D4568142B6190DAEFA8CB369FF68 pos=<6638.54, 284.47, 6126.66>) as pilot
08:40:29.946 [VehicleLeave] Player "vERKE" (id=yvJkN5qXM69k4xYaDnfdkc8E-_KSFkOOk2WBLvNcg54=) left vehicle Gyrocopter (id=F1D7D4568142B6190DAEFA8CB369FF68 pos=<6638.76, 284.45, 6126.63>)
08:40:34.071 [VehicleEnter] Player "vERKE" (id=yvJkN5qXM69k4xYaDnfdkc8E-_KSFkOOk2WBLvNcg54=) entered vehicle Gyrocopter (id=F1D7D4568142B6190DAEFA8CB369FF68 pos=<6638.77, 284.45, 6126.57>) as pilot
08:40:39.414 [VehicleLeave] Player "vERKE" (id=yvJkN5qXM69k4xYaDnfdkc8E-_KSFkOOk2WBLvNcg54=) left vehicle Gyrocopter (id=F1D7D4568142B6190DAEFA8CB369FF68 pos=<6638.82, 284.44, 6126.54>)
08:41:34.870 [VehicleAttachments] Player "Bad Boy" (id=7EOOpe6Cv8QB45p22zWB29TPheQCYualmurDzSA3CR0=) detached Land Rover Defender Wheel (type=Expansion_Landrover_Wheel_Red) from vehicle Land Rover Defender (id=673F062D2B46F14078CCD5B9AD1713C0 pos=<1811.84, 199.9, 7366.35>)
08:43:53.802 [Chat - Global]("vERKE"(id=yvJkN5qXM69k4xYaDnfdkc8E-_KSFkOOk2WBLvNcg54=)): How long until the body despawns?
08:44:08.189 [Chat - Global]("Bad Boy"(id=7EOOpe6Cv8QB45p22zWB29TPheQCYualmurDzSA3CR0=)): honestly dont know
08:44:14.403 [VehicleEnter] Player "Bad Boy" (id=7EOOpe6Cv8QB45p22zWB29TPheQCYualmurDzSA3CR0=) entered vehicle Land Rover Defender (id=F14DA84150452B93C83C85BA2443F68D pos=<1585.84, 196.49, 7303.04>) as driver
08:44:18.612 [VehicleEngine] Player "Bad Boy" (id=7EOOpe6Cv8QB45p22zWB29TPheQCYualmurDzSA3CR0=) started vehicle Land Rover Defender (id=F14DA84150452B93C83C85BA2443F68D pos=<1585.84, 196.49, 7303.04>)
08:44:49.052 [VehicleEngine] Player "NULL" (id=NULL) stopped vehicle Land Rover Defender (id=F14DA84150452B93C83C85BA2443F68D pos=<1670.69, 197.15, 7326.8>)
08:44:49.088 [VehicleLeave] Player "Bad Boy" (id=7EOOpe6Cv8QB45p22zWB29TPheQCYualmurDzSA3CR0=) left vehicle Land Rover Defender (id=F14DA84150452B93C83C85BA2443F68D pos=<1670.69, 197.15, 7326.8>)
08:45:03.708 [VehicleDeleted] ExpansionUh1h (id=D6EE1E5964477633FF5E5C8D1275EDE1 pos=<1230.51, 168.7, 7567.24>)
08:45:03.722 [VehicleDeleted] ExpansionUh1h_Uber (id=919BE6A158427DF621E1A083345188CA pos=<7925.67, 169.67, 11833.1>)
08:46:28.455 [VehicleEnter] Player "Bad Boy" (id=7EOOpe6Cv8QB45p22zWB29TPheQCYualmurDzSA3CR0=) entered vehicle Land Rover Defender (id=F14DA84150452B93C83C85BA2443F68D pos=<1670.69, 197.15, 7326.8>) as driver
08:46:31.193 [VehicleEngine] Player "Bad Boy" (id=7EOOpe6Cv8QB45p22zWB29TPheQCYualmurDzSA3CR0=) started vehicle Land Rover Defender (id=F14DA84150452B93C83C85BA2443F68D pos=<1670.69, 197.15, 7326.8>)
08:46:44.137 [VehicleEngine] Player "Bad Boy" (id=7EOOpe6Cv8QB45p22zWB29TPheQCYualmurDzSA3CR0=) stopped vehicle Land Rover Defender (id=F14DA84150452B93C83C85BA2443F68D pos=<1648.2, 196.57, 7319.27>)
08:46:46.802 [VehicleLeave] Player "Bad Boy" (id=7EOOpe6Cv8QB45p22zWB29TPheQCYualmurDzSA3CR0=) left vehicle Land Rover Defender (id=F14DA84150452B93C83C85BA2443F68D pos=<1646.69, 196.57, 7318.57>)
08:46:56.477 [AI Object Patrol 00057] Despawning 3 West bots (spawn position <6033.077148, 281.779297, 6668.535156>, 0/3 deceased)
08:46:56.488 [AI Object Patrol 00057] Global patrol count: 3
08:46:56.498 [AI Object Patrol 00057] ContaminatedArea category patrol count: 1
08:47:31.167 [VehicleEnter] Player "Bad Boy" (id=7EOOpe6Cv8QB45p22zWB29TPheQCYualmurDzSA3CR0=) entered vehicle Land Rover Defender (id=F14DA84150452B93C83C85BA2443F68D pos=<1646.65, 196.57, 7318.55>) as driver
08:47:33.743 [VehicleDestroyed] ExpansionUh1h (id=84B5938417408A4CEA86A797A29904F0 pos=<7924.56, 169.35, 11833.6>)
08:47:39.119 [VehicleEngine] Player "Bad Boy" (id=7EOOpe6Cv8QB45p22zWB29TPheQCYualmurDzSA3CR0=) started vehicle Land Rover Defender (id=F14DA84150452B93C83C85BA2443F68D pos=<1646.65, 196.57, 7318.55>)
08:47:39.287 [SpawnSelection] Player "vERKE" (id=yvJkN5qXM69k4xYaDnfdkc8E-_KSFkOOk2WBLvNcg54=) spawned at <7322.479980, 289.510010, 2843.719971>
08:47:50.949 [VehicleEngine] Player "NULL" (id=NULL) stopped vehicle Land Rover Defender (id=F14DA84150452B93C83C85BA2443F68D pos=<1687.11, 197.5, 7322.66>)
08:47:50.997 [VehicleLeave] Player "Bad Boy" (id=7EOOpe6Cv8QB45p22zWB29TPheQCYualmurDzSA3CR0=) left vehicle Land Rover Defender (id=F14DA84150452B93C83C85BA2443F68D pos=<1687.11, 197.5, 7322.66>)
08:48:30.082 [VehicleEnter] Player "Bad Boy" (id=7EOOpe6Cv8QB45p22zWB29TPheQCYualmurDzSA3CR0=) entered vehicle Land Rover Defender (id=F14DA84150452B93C83C85BA2443F68D pos=<1687.11, 197.5, 7322.66>) as driver
08:48:32.512 [VehicleEngine] Player "Bad Boy" (id=7EOOpe6Cv8QB45p22zWB29TPheQCYualmurDzSA3CR0=) started vehicle Land Rover Defender (id=F14DA84150452B93C83C85BA2443F68D pos=<1687.11, 197.5, 7322.66>)
08:48:34.069 [AI Object Patrol 00009] Despawning 2 West bots (spawn position <7310.281250, 226.972900, 6296.242188>, 0/2 deceased)
08:48:34.079 [AI Object Patrol 00009] Global patrol count: 2
08:48:34.088 [AI Object Patrol 00009] ContaminatedArea category patrol count: 0
08:49:40.491 [VehicleEngine] Player "NULL" (id=NULL) stopped vehicle Land Rover Defender (id=F14DA84150452B93C83C85BA2443F68D pos=<1638.96, 181.19, 7464.69>)
08:49:40.523 [VehicleLeave] Player "Bad Boy" (id=7EOOpe6Cv8QB45p22zWB29TPheQCYualmurDzSA3CR0=) left vehicle Land Rover Defender (id=F14DA84150452B93C83C85BA2443F68D pos=<1638.96, 181.19, 7464.69>)
08:51:04.449 [SpawnSelection] Player "vERKE" (id=yvJkN5qXM69k4xYaDnfdkc8E-_KSFkOOk2WBLvNcg54=) spawned at <3322.000000, 487.311005, 2027.300049>
08:51:29.675 [Chat - Global]("vERKE"(id=yvJkN5qXM69k4xYaDnfdkc8E-_KSFkOOk2WBLvNcg54=)): Despite getting reckt by bots I really enjoy the server omg
08:51:33.877 [Chat - Global]("vERKE"(id=yvJkN5qXM69k4xYaDnfdkc8E-_KSFkOOk2WBLvNcg54=)): brb I am going to grab something to eat
08:54:01.896 [VehicleDeleted] ExpansionUh1h (id=84B5938417408A4CEA86A797A29904F0 pos=<7924.25, 169.31, 11833.5>)
08:54:20.488 [VehicleEnter] Player "Bad Boy" (id=7EOOpe6Cv8QB45p22zWB29TPheQCYualmurDzSA3CR0=) entered vehicle Land Rover Defender (id=F14DA84150452B93C83C85BA2443F68D pos=<1638.96, 181.19, 7464.69>) as driver
08:54:22.397 [VehicleEngine] Player "Bad Boy" (id=7EOOpe6Cv8QB45p22zWB29TPheQCYualmurDzSA3CR0=) started vehicle Land Rover Defender (id=F14DA84150452B93C83C85BA2443F68D pos=<1638.96, 181.19, 7464.69>)
08:55:52.729 [VehicleEngine] Player "NULL" (id=NULL) stopped vehicle Land Rover Defender (id=F14DA84150452B93C83C85BA2443F68D pos=<1082.43, 196.26, 7280.01>)
08:55:53.225 [VehicleLeave] Player "Bad Boy" (id=7EOOpe6Cv8QB45p22zWB29TPheQCYualmurDzSA3CR0=) left vehicle Land Rover Defender (id=F14DA84150452B93C83C85BA2443F68D pos=<1081.83, 196.26, 7280.11>)
08:56:29.681 [VehicleDestroyed] ExpansionUh1h (id=FE5F16000B4973FA93278C8D039490E3 pos=<7924.89, 169.42, 11833.6>)
08:56:57.059 [AI Object Patrol 00060] Despawning 3 East bots (spawn position <6362.644043, 300.312134, 6146.692871>, 0/3 deceased)
08:56:57.069 [AI Object Patrol 00060] Global patrol count: 1
08:56:57.079 [AI Object Patrol 00060] HelicopterWreck category patrol count: 0
08:57:17.399 [VehicleEnter] Player "Bad Boy" (id=7EOOpe6Cv8QB45p22zWB29TPheQCYualmurDzSA3CR0=) entered vehicle Land Rover Defender (id=F14DA84150452B93C83C85BA2443F68D pos=<1081.78, 196.26, 7280.12>) as driver
08:57:19.808 [VehicleEngine] Player "Bad Boy" (id=7EOOpe6Cv8QB45p22zWB29TPheQCYualmurDzSA3CR0=) started vehicle Land Rover Defender (id=F14DA84150452B93C83C85BA2443F68D pos=<1081.78, 196.26, 7280.12>)
09:00:37.344 [AI Object Patrol 00061] Spawning 2 West bots at <2442.208496, 353.620270, 4887.786133>
09:00:37.367 [AI Object Patrol 00061] Global patrol count: 2
09:00:37.377 [AI Object Patrol 00061] HelicopterWreck category patrol count: 1
09:01:01.283 [VehicleEngine] Player "NULL" (id=NULL) stopped vehicle Land Rover Defender (id=F14DA84150452B93C83C85BA2443F68D pos=<2513.42, 394.94, 5625.68>)
09:01:01.312 [VehicleLeave] Player "Bad Boy" (id=7EOOpe6Cv8QB45p22zWB29TPheQCYualmurDzSA3CR0=) left vehicle Land Rover Defender (id=F14DA84150452B93C83C85BA2443F68D pos=<2513.42, 394.94, 5625.68>)
09:01:13.381 [VehicleEnter] Player "Bad Boy" (id=7EOOpe6Cv8QB45p22zWB29TPheQCYualmurDzSA3CR0=) entered vehicle Land Rover Defender (id=F14DA84150452B93C83C85BA2443F68D pos=<2513.42, 394.94, 5625.68>) as driver
09:01:15.935 [VehicleEngine] Player "Bad Boy" (id=7EOOpe6Cv8QB45p22zWB29TPheQCYualmurDzSA3CR0=) started vehicle Land Rover Defender (id=F14DA84150452B93C83C85BA2443F68D pos=<2513.42, 394.94, 5625.68>)
09:02:05.268 [AI Object Patrol 00063] Spawning 2 East bots at <3510.713379, 391.698242, 4174.115234>
09:02:05.297 [AI Object Patrol 00063] Global patrol count: 3
09:02:05.307 [AI Object Patrol 00063] HelicopterWreck category patrol count: 2
09:02:55.021 [VehicleDeleted] ExpansionUh1h (id=FE5F16000B4973FA93278C8D039490E3 pos=<7927.27, 170.06, 11832.7>)
09:05:10.444 [VehicleDestroyed] ExpansionUh1h_Medical (id=AB4E4A067C4F24CB11A2BAA691EB950D pos=<1228.18, 169.14, 7566.18>)
09:05:28.250 [VehicleDestroyed] ExpansionUh1h (id=53DEA2D6EE483BF2F47D4090180BB117 pos=<7924.83, 169.46, 11833.4>)
09:06:38.714 [AI Object Patrol 00061] Despawning 2 West bots (spawn position <2442.208496, 353.620270, 4887.786133>, 0/2 deceased)
09:06:38.724 [AI Object Patrol 00061] Global patrol count: 2
09:06:38.735 [AI Object Patrol 00061] HelicopterWreck category patrol count: 1
09:07:00.770 [VehicleEngine] Player "NULL" (id=NULL) stopped vehicle Land Rover Defender (id=F14DA84150452B93C83C85BA2443F68D pos=<5385.64, 406.31, 3924.74>)
09:07:00.799 [VehicleLeave] Player "Bad Boy" (id=7EOOpe6Cv8QB45p22zWB29TPheQCYualmurDzSA3CR0=) left vehicle Land Rover Defender (id=F14DA84150452B93C83C85BA2443F68D pos=<5385.64, 406.31, 3924.74>)
09:11:18.535 [VehicleDeleted] ExpansionUh1h_Medical (id=AB4E4A067C4F24CB11A2BAA691EB950D pos=<1230.52, 168.76, 7567>)
09:11:46.341 [VehicleDeleted] ExpansionUh1h (id=53DEA2D6EE483BF2F47D4090180BB117 pos=<7924.92, 169.46, 11833.5>)
09:13:38.176 [AI Object Patrol 00063] Despawning 2 East bots (spawn position <3510.713379, 391.698242, 4174.115234>, 0/2 deceased)
09:13:38.354 [AI Object Patrol 00063] Global patrol count: 1
09:13:38.506 [AI Object Patrol 00063] HelicopterWreck category patrol count: 0
09:14:02.162 [VehicleDestroyed] ExpansionUh1h_Medical (id=8BA6A21E144EC67E415D85868DABC84B pos=<1228.09, 169.14, 7566.19>)
09:14:09.937 [VehicleDestroyed] ExpansionUh1h_Medical (id=5436B839184E6D9FB59AA58E85D6AB42 pos=<7924.58, 169.33, 11833.8>)
09:18:45.231 [AI Object Patrol 00074] Spawning 3 East bots at <6362.782227, 299.691650, 6163.290527>
09:18:45.259 [AI Object Patrol 00074] Global patrol count: 2
09:18:45.270 [AI Object Patrol 00074] HelicopterWreck category patrol count: 1
09:20:08.975 [VehicleDeleted] ExpansionUh1h_Medical (id=8BA6A21E144EC67E415D85868DABC84B pos=<1230.35, 168.71, 7567.25>)
09:20:09.833 [BaseBuildingRaiding] ------------------------- Expansion Base Raiding Damage Report -------------------------
09:20:09.844 [BaseBuildingRaiding] Player "snake" (id=0nsyEhm9INQy3se8y-fXlbMHVv4YsIXloUCLC2unDyo= pos=<8341.02, 331.7, 1633.4>) damaged ExpansionFloor6x6 at <8339.09, 331.45, 1635.28>
09:20:09.853 [BaseBuildingRaiding] They dealt 70 * 1 = 70 damage with Bullet_556x45 from GCGN_M249
09:20:09.863 [BaseBuildingRaiding] GlobalHealth hitpoints decreased from 30000 to 29930
09:20:09.873 [BaseBuildingRaiding] ----------------------------------------------------------------------------------------
09:20:37.292 [VehicleDeleted] ExpansionUh1h_Medical (id=5436B839184E6D9FB59AA58E85D6AB42 pos=<7925.59, 169.57, 11833.5>)
09:22:46.858 [VehicleEnter] Player "Bad Boy" (id=7EOOpe6Cv8QB45p22zWB29TPheQCYualmurDzSA3CR0=) entered vehicle Land Rover Defender (id=F14DA84150452B93C83C85BA2443F68D pos=<5385.64, 406.31, 3924.74>) as driver
09:22:52.940 [VehicleDestroyed] ExpansionUh1h_Resistance (id=9E14F9154144979D044859914FC18F0A pos=<1228.14, 169.12, 7566.26>)
09:23:07.140 [VehicleDestroyed] ExpansionUh1h_Medical (id=65857D02E64A3DB8005F9F97DB4D2868 pos=<7925.21, 169.44, 11833.7>)
09:23:50.398 [AI Object Patrol 00069] Spawning 3 East bots at <6848.606445, 224.707489, 8599.473633>
09:23:50.427 [AI Object Patrol 00069] Global patrol count: 3
09:23:50.437 [AI Object Patrol 00069] HelicopterWreck category patrol count: 2
09:25:46.748 [VehicleEngine] Player "Bad Boy" (id=7EOOpe6Cv8QB45p22zWB29TPheQCYualmurDzSA3CR0=) started vehicle Land Rover Defender (id=F14DA84150452B93C83C85BA2443F68D pos=<5385.64, 406.31, 3924.74>)
09:26:49.701 [AI Object Patrol 00072] Spawning 3 West bots at <8496.647461, 387.778564, 2816.057129>
09:26:49.727 [AI Object Patrol 00072] Global patrol count: 4
09:26:49.737 [AI Object Patrol 00072] HelicopterWreck category patrol count: 3
09:27:03.945 [AI Object Patrol 00077] Spawning 2 West bots at <5000.016602, 522.411743, 2180.966797>
09:27:04.043 [AI Object Patrol 00077] Global patrol count: 5
09:27:04.120 [AI Object Patrol 00077] ContaminatedArea category patrol count: 1
09:27:29.018 [VehicleEngine] Player "NULL" (id=NULL) stopped vehicle Land Rover Defender (id=F14DA84150452B93C83C85BA2443F68D pos=<4691.06, 418.53, 3051.24>)
09:27:29.046 [VehicleLeave] Player "Bad Boy" (id=7EOOpe6Cv8QB45p22zWB29TPheQCYualmurDzSA3CR0=) left vehicle Land Rover Defender (id=F14DA84150452B93C83C85BA2443F68D pos=<4691.06, 418.53, 3051.24>)
09:29:03.026 [VehicleDeleted] ExpansionUh1h_Resistance (id=9E14F9154144979D044859914FC18F0A pos=<1230.39, 168.72, 7567.19>)
09:29:31.433 [VehicleDeleted] ExpansionUh1h_Medical (id=65857D02E64A3DB8005F9F97DB4D2868 pos=<7925.34, 169.05, 11835.7>)
09:30:37.748 [VehicleEnter] Player "Bad Boy" (id=7EOOpe6Cv8QB45p22zWB29TPheQCYualmurDzSA3CR0=) entered vehicle Land Rover Defender (id=F14DA84150452B93C83C85BA2443F68D pos=<4691.06, 418.53, 3051.24>) as driver
09:30:41.168 [VehicleEngine] Player "Bad Boy" (id=7EOOpe6Cv8QB45p22zWB29TPheQCYualmurDzSA3CR0=) started vehicle Land Rover Defender (id=F14DA84150452B93C83C85BA2443F68D pos=<4691.06, 418.53, 3051.24>)
09:31:47.435 [VehicleDestroyed] ExpansionUh1h_Uber (id=9C45090C574AA07694728BB6AC46CDDD pos=<1228.18, 169.14, 7566.16>)
09:32:03.127 [VehicleDestroyed] ExpansionUh1h_Resistance (id=0578129DD84DF03667885BBF2F4D0304 pos=<7925.18, 169.46, 11833.5>)
09:32:42.945 [AI Object Patrol 00074] Despawning 3 East bots (spawn position <6362.782227, 299.691650, 6163.290527>, 0/3 deceased)
09:32:43.009 [AI Object Patrol 00074] Global patrol count: 4
09:32:43.018 [AI Object Patrol 00074] HelicopterWreck category patrol count: 2
09:34:21.520 [VehicleEngine] Player "NULL" (id=NULL) stopped vehicle Land Rover Defender (id=F14DA84150452B93C83C85BA2443F68D pos=<4423.87, 458.05, 2236.76>)
09:34:21.548 [VehicleLeave] Player "Bad Boy" (id=7EOOpe6Cv8QB45p22zWB29TPheQCYualmurDzSA3CR0=) left vehicle Land Rover Defender (id=F14DA84150452B93C83C85BA2443F68D pos=<4423.87, 458.05, 2236.76>)
09:34:28.617 [VehicleEnter] Player "Bad Boy" (id=7EOOpe6Cv8QB45p22zWB29TPheQCYualmurDzSA3CR0=) entered vehicle Land Rover Defender (id=F14DA84150452B93C83C85BA2443F68D pos=<4423.87, 458.05, 2236.76>) as driver
09:34:32.772 [VehicleLeave] Player "Bad Boy" (id=7EOOpe6Cv8QB45p22zWB29TPheQCYualmurDzSA3CR0=) left vehicle Land Rover Defender (id=F14DA84150452B93C83C85BA2443F68D pos=<4423.87, 458.05, 2236.76>)
09:34:52.145 [VehicleAttachments] Player "Bad Boy" (id=7EOOpe6Cv8QB45p22zWB29TPheQCYualmurDzSA3CR0=) detached Car Battery (type=CarBattery) from vehicle Land Rover Defender (id=F14DA84150452B93C83C85BA2443F68D pos=<4423.87, 458.05, 2236.76>)
09:35:04.143 [VehicleAttachments] Player "Bad Boy" (id=7EOOpe6Cv8QB45p22zWB29TPheQCYualmurDzSA3CR0=) detached Spark Plug (type=SparkPlug) from vehicle Land Rover Defender (id=F14DA84150452B93C83C85BA2443F68D pos=<4423.87, 458.05, 2236.76>)
09:37:59.276 [VehicleDeleted] ExpansionUh1h_Uber (id=9C45090C574AA07694728BB6AC46CDDD pos=<1230.61, 168.77, 7566.94>)
09:38:27.010 [VehicleDeleted] ExpansionUh1h_Resistance (id=0578129DD84DF03667885BBF2F4D0304 pos=<7926.33, 169.19, 11835.9>)
09:40:42.880 [VehicleDestroyed] ExpansionUh1h_Resistance (id=62B71F627C40528E60D3D5AC792224F9 pos=<1228.11, 169.15, 7566.12>)
09:41:01.436 [VehicleDestroyed] ExpansionUh1h (id=3D9ACFAD4D43C742D358F292CF54EA28 pos=<7924.86, 169.47, 11833.4>)
09:41:33.182 [VehicleEnter] Player "Dan" (id=J3DN6WXzRjVAt4j_gUAEgL4v34hqtXpOtTWQ5nCMCS0=) entered vehicle Gunter 2 (id=509ACCA49543877D1C43A68CFCA4AB25 pos=<6556.28, 205.36, 8375.34>) as driver
09:41:36.282 [VehicleEngine] Player "Dan" (id=J3DN6WXzRjVAt4j_gUAEgL4v34hqtXpOtTWQ5nCMCS0=) started vehicle Gunter 2 (id=509ACCA49543877D1C43A68CFCA4AB25 pos=<6556.21, 205.36, 8375.38>)
09:43:34.542 [AI Object Patrol 00069] Despawning 3 East bots (spawn position <6848.606445, 224.707489, 8599.473633>, 0/3 deceased)
09:43:34.552 [AI Object Patrol 00069] Global patrol count: 3
09:43:34.562 [AI Object Patrol 00069] HelicopterWreck category patrol count: 1
09:44:48.484 [AI Object Patrol 00072] Despawning 3 West bots (spawn position <8496.647461, 387.778564, 2816.057129>, 0/3 deceased)
09:44:48.633 [AI Object Patrol 00072] Global patrol count: 2
09:44:48.781 [AI Object Patrol 00072] HelicopterWreck category patrol count: 0
09:45:12.010 [VehicleEngine] Player "NULL" (id=NULL) stopped vehicle Gunter 2 (id=509ACCA49543877D1C43A68CFCA4AB25 pos=<6683.02, 213.27, 10345>)
09:45:12.311 [VehicleLeave] Player "Dan" (id=J3DN6WXzRjVAt4j_gUAEgL4v34hqtXpOtTWQ5nCMCS0=) left vehicle Gunter 2 (id=509ACCA49543877D1C43A68CFCA4AB25 pos=<6683.02, 213.27, 10345>)
09:45:27.403 [AI Object Patrol 00077] Despawning 2 West bots (spawn position <5000.016602, 522.411743, 2180.966797>, 0/2 deceased)
09:45:27.413 [AI Object Patrol 00077] Global patrol count: 1
09:45:27.422 [AI Object Patrol 00077] ContaminatedArea category patrol count: 0
09:46:49.843 [VehicleDeleted] ExpansionUh1h_Resistance (id=62B71F627C40528E60D3D5AC792224F9 pos=<1230.63, 168.75, 7566.99>)
09:47:18.081 [VehicleDeleted] ExpansionUh1h (id=3D9ACFAD4D43C742D358F292CF54EA28 pos=<7924.84, 169.47, 11833.4>)
09:49:11.114 [VehicleEnter] Player "Dan" (id=J3DN6WXzRjVAt4j_gUAEgL4v34hqtXpOtTWQ5nCMCS0=) entered vehicle Transit Bus (id=B49A53DA6E4CE9452FBF56B5AFE30445 pos=<6300.92, 192.28, 10180.5>) as driver
09:49:13.727 [VehicleLeave] Player "Dan" (id=J3DN6WXzRjVAt4j_gUAEgL4v34hqtXpOtTWQ5nCMCS0=) left vehicle Transit Bus (id=B49A53DA6E4CE9452FBF56B5AFE30445 pos=<6300.92, 192.28, 10180.5>)
09:49:33.269 [VehicleDestroyed] ExpansionUh1h_Medical (id=6A4779E4A2471B8C2BEE6A842AC9DDDA pos=<1228.17, 169.14, 7566.17>)
09:49:41.923 [VehicleDestroyed] ExpansionUh1h_Resistance (id=7466657B40480F5F9C8CF7A10C041E0F pos=<7924.6, 169.34, 11833.7>)
09:55:42.874 [VehicleDeleted] ExpansionUh1h_Medical (id=6A4779E4A2471B8C2BEE6A842AC9DDDA pos=<1230.57, 168.75, 7567.04>)
09:56:10.824 [VehicleDeleted] ExpansionUh1h_Resistance (id=7466657B40480F5F9C8CF7A10C041E0F pos=<7925.37, 169.53, 11833.5>)
09:58:25.899 [VehicleDestroyed] ExpansionUh1h_Medical (id=3E2CD60E6047A9693787579CCB39FC7B pos=<1228.13, 169.13, 7566.22>)
09:58:34.675 [VehicleDestroyed] ExpansionUh1h (id=02AE2B378141E09722FAF981EABD6EFD pos=<7924.81, 169.34, 11833.9>)
10:04:34.258 [VehicleDeleted] ExpansionUh1h_Medical (id=3E2CD60E6047A9693787579CCB39FC7B pos=<1230.48, 168.73, 7567.15>)
10:05:02.152 [VehicleDeleted] ExpansionUh1h (id=02AE2B378141E09722FAF981EABD6EFD pos=<7927.25, 169.92, 11833.3>)
10:07:17.376 [VehicleDestroyed] ExpansionUh1h (id=50E32B08994E053C92853B84024E58FC pos=<1228.17, 169.14, 7566.18>)
10:07:38.645 [VehicleDestroyed] ExpansionUh1h_Resistance (id=E2151A8D6A485F8DE0E22796521A3A8A pos=<7925.45, 169.54, 11833.5>)
10:13:24.570 [VehicleDeleted] ExpansionUh1h (id=50E32B08994E053C92853B84024E58FC pos=<1230.54, 168.74, 7567.07>)
10:13:52.460 [VehicleDeleted] ExpansionUh1h_Resistance (id=E2151A8D6A485F8DE0E22796521A3A8A pos=<7926.61, 169.24, 11835.9>)
10:16:08.387 [VehicleDestroyed] ExpansionUh1h_Uber (id=13B6154D214502F182F005BF4932FF02 pos=<1228.07, 169.14, 7566.19>)
10:16:21.233 [VehicleDestroyed] ExpansionUh1h (id=2044DFA6894B4DE920A6678E788652DF pos=<7925.03, 169.38, 11833.8>)
10:22:15.449 [VehicleDeleted] ExpansionUh1h_Uber (id=13B6154D214502F182F005BF4932FF02 pos=<1230.31, 168.75, 7567.13>)
10:22:43.231 [VehicleDeleted] ExpansionUh1h (id=2044DFA6894B4DE920A6678E788652DF pos=<7925.45, 169.05, 11835.8>)
10:24:58.568 [VehicleDestroyed] ExpansionUh1h (id=8111924D17457B858F940BB38F78CA7B pos=<1228.13, 169.12, 7566.26>)
10:25:08.528 [VehicleDestroyed] ExpansionUh1h (id=9663FE215846CDB7ADB1AAAE4A8DCD90 pos=<7924.8, 169.36, 11833.8>)
10:31:05.420 [VehicleDeleted] ExpansionUh1h (id=8111924D17457B858F940BB38F78CA7B pos=<1230.33, 168.71, 7567.24>)
10:31:33.213 [VehicleDeleted] ExpansionUh1h (id=9663FE215846CDB7ADB1AAAE4A8DCD90 pos=<7927.39, 169.94, 11833.3>)
10:32:28.498 [VehicleDestroyed] Boat_01_Orange (id=F31CF9DE6E4BD64E6AADC1910D268DBC pos=<3246.98, 169.78, 8946.6>)
10:33:49.334 [VehicleDestroyed] ExpansionUh1h_Uber (id=8A369CCB37423E0C1159E897E581202E pos=<1228.07, 169.16, 7566.12>)
10:34:04.644 [VehicleDestroyed] ExpansionUh1h_Resistance (id=A6387C838746B89A4BA7858D926FA0AC pos=<7924.81, 169.38, 11833.6>)
10:34:18.498 [VehicleDestroyed] Boat_01_Black (id=80FBD7CF6A46FD48F8368B809F708FBA pos=<5504.87, 169.89, 9892.5>)
10:37:38.401 [VehicleEnter] Player "Dan" (id=J3DN6WXzRjVAt4j_gUAEgL4v34hqtXpOtTWQ5nCMCS0=) entered vehicle Transit Bus (id=B49A53DA6E4CE9452FBF56B5AFE30445 pos=<6300.92, 192.35, 10180.5>) as driver
10:37:48.135 [VehicleLeave] Player "Dan" (id=J3DN6WXzRjVAt4j_gUAEgL4v34hqtXpOtTWQ5nCMCS0=) left vehicle Transit Bus (id=B49A53DA6E4CE9452FBF56B5AFE30445 pos=<6300.92, 192.35, 10180.5>)
10:37:48.541 [VehicleDestroyed] Boat_01_Blue (id=0BD65C43EE4F8713829D8EBE10012621 pos=<2537.9, 169.79, 8122.98>)
10:38:32.222 [VehicleDeleted] Boat_01_Orange (id=F31CF9DE6E4BD64E6AADC1910D268DBC pos=<3247.03, 169.3, 8946.54>)
10:39:55.822 [VehicleDeleted] ExpansionUh1h_Uber (id=8A369CCB37423E0C1159E897E581202E pos=<1230.42, 168.74, 7567.1>)
10:40:24.039 [VehicleDeleted] Boat_01_Black (id=80FBD7CF6A46FD48F8368B809F708FBA pos=<5504.85, 169.75, 9892.49>)
10:40:24.051 [VehicleDeleted] ExpansionUh1h_Resistance (id=A6387C838746B89A4BA7858D926FA0AC pos=<7927.54, 169.68, 11834.8>)
10:42:40.322 [VehicleDestroyed] ExpansionUh1h_Uber (id=A4B44B10B04B627CAC3187AB331570A4 pos=<1228.09, 169.16, 7566.12>)
10:42:51.308 [VehicleDestroyed] ExpansionUh1h (id=B328517A0F4129DC144A61B0D144078E pos=<7924.82, 169.4, 11833.7>)
10:44:07.487 [VehicleDeleted] Boat_01_Blue (id=0BD65C43EE4F8713829D8EBE10012621 pos=<2537.92, 169.48, 8122.99>)
10:44:35.015 [VehicleEnter] Player "Dan" (id=J3DN6WXzRjVAt4j_gUAEgL4v34hqtXpOtTWQ5nCMCS0=) entered vehicle Gunter 2 (id=509ACCA49543877D1C43A68CFCA4AB25 pos=<6683, 213.27, 10345>) as driver
10:44:38.114 [VehicleEngine] Player "Dan" (id=J3DN6WXzRjVAt4j_gUAEgL4v34hqtXpOtTWQ5nCMCS0=) started vehicle Gunter 2 (id=509ACCA49543877D1C43A68CFCA4AB25 pos=<6682.98, 213.26, 10345>)
10:48:14.132 [AI Object Patrol 00095] Spawning 2 East bots at <6849.064453, 224.609024, 8602.355469>
10:48:14.161 [AI Object Patrol 00095] Global patrol count: 2
10:48:14.171 [AI Object Patrol 00095] HelicopterWreck category patrol count: 1
10:48:46.614 [VehicleDeleted] ExpansionUh1h_Uber (id=A4B44B10B04B627CAC3187AB331570A4 pos=<1230.43, 168.78, 7566.93>)
10:49:14.369 [VehicleDeleted] ExpansionUh1h (id=B328517A0F4129DC144A61B0D144078E pos=<7925.6, 169.63, 11833.3>)
10:49:42.171 [VehicleEngine] Player "NULL" (id=NULL) stopped vehicle Gunter 2 (id=509ACCA49543877D1C43A68CFCA4AB25 pos=<6560.95, 205.59, 8369.05>)
10:49:42.483 [VehicleLeave] Player "Dan" (id=J3DN6WXzRjVAt4j_gUAEgL4v34hqtXpOtTWQ5nCMCS0=) left vehicle Gunter 2 (id=509ACCA49543877D1C43A68CFCA4AB25 pos=<6560.95, 205.59, 8369.05>)
10:51:29.007 [VehicleDestroyed] ExpansionUh1h_Uber (id=8D32BA0FD14779B035A172A8ED507EBF pos=<1228.13, 169.12, 7566.26>)
10:51:57.603 [VehicleDestroyed] ExpansionUh1h_Uber (id=C3A8AADEC7451B83623B1C920597D3A3 pos=<7925.71, 169.64, 11833.2>)
10:57:37.147 [VehicleDeleted] ExpansionUh1h_Uber (id=8D32BA0FD14779B035A172A8ED507EBF pos=<1230.49, 168.75, 7567.07>)
10:58:04.994 [VehicleDeleted] ExpansionUh1h_Uber (id=C3A8AADEC7451B83623B1C920597D3A3 pos=<7926.7, 169.29, 11835.8>)
11:00:19.306 [VehicleDestroyed] ExpansionUh1h_Uber (id=C22AF2E9AB4E569D1974D1B7C0D20666 pos=<1228.17, 169.1, 7566.34>)
11:00:47.562 [VehicleDestroyed] ExpansionUh1h (id=8395F4C1D046D5BAC3418984644F37E3 pos=<7925.59, 169.59, 11833.3>)
11:01:38.349 [AI Object Patrol 00095] Despawning 2 East bots (spawn position <6849.064453, 224.609024, 8602.355469>, 0/2 deceased)
11:01:38.359 [AI Object Patrol 00095] Global patrol count: 1
11:01:38.369 [AI Object Patrol 00095] HelicopterWreck category patrol count: 0
