18:16:06.696 [AI Patrol 00014] Spawning 2 East bots at <7442.620117, 287.311340, 2558.912598>
18:16:14.347 [AI Patrol 00014] Global patrol count: 1
18:16:14.360 [AI Patrol 00014] Patrol category patrol count: 1
18:16:14.372 [AI Patrol 00015] Spawning 3 West bots at <7590.555176, 289.713715, 2597.754639>
18:16:14.404 [AI Patrol 00015] Global patrol count: 2
18:16:14.415 [AI Patrol 00015] Patrol category patrol count: 2
18:21:32.196 [AI Object Patrol 00004] Spawning 3 East bots at <8690.951172, 319.690704, 6388.694336>
18:21:32.237 [AI Object Patrol 00004] Global patrol count: 3
18:21:32.247 [AI Object Patrol 00004] HelicopterWreck category patrol count: 1
18:24:16.949 [AI Object Patrol 00000] Spawning 2 East bots at <7010.017090, 255.678116, 6225.477051>
18:24:17.048 [AI Object Patrol 00000] Global patrol count: 4
18:24:17.124 [AI Object Patrol 00000] HelicopterWreck category patrol count: 2
18:24:17.210 [AI Object Patrol 00006] Spawning 3 West bots at <7417.406738, 228.180237, 6166.983887>
18:24:17.366 [AI Object Patrol 00006] Global patrol count: 5
18:24:17.485 [AI Object Patrol 00006] ContaminatedArea category patrol count: 1
18:24:17.621 [AI Object Patrol 00007] Spawning 1 West bots at <7345.950195, 226.901703, 6354.834473>
18:24:17.837 [AI Object Patrol 00007] Global patrol count: 6
18:24:17.877 [AI Object Patrol 00007] ContaminatedArea category patrol count: 2
18:27:44.597 [AI Object Patrol 00000] East bots were wiped out (spawn position <7010.017090, 255.678116, 6225.477051>, 2/2 deceased)
18:27:44.608 [AI Object Patrol 00000] Global patrol count: 5
18:27:44.618 [AI Object Patrol 00000] HelicopterWreck category patrol count: 1
18:36:10.671 [AI Object Patrol 00004] Despawning 3 East bots (spawn position <8690.951172, 319.690704, 6388.694336>, 0/3 deceased)
18:36:10.681 [AI Object Patrol 00004] Global patrol count: 4
18:36:10.690 [AI Object Patrol 00004] HelicopterWreck category patrol count: 0
18:37:39.894 [AI Object Patrol 00006] Despawning 3 West bots (spawn position <7417.406738, 228.180237, 6166.983887>, 0/3 deceased)
18:37:39.904 [AI Object Patrol 00006] Global patrol count: 3
18:37:39.914 [AI Object Patrol 00006] ContaminatedArea category patrol count: 1
18:37:40.189 [AI Object Patrol 00007] Despawning 1 West bots (spawn position <7345.950195, 226.901703, 6354.834473>, 0/1 deceased)
18:37:40.205 [AI Object Patrol 00007] Global patrol count: 2
18:37:40.217 [AI Object Patrol 00007] ContaminatedArea category patrol count: 0
18:43:44.894 [AI Patrol 00014] East bots were wiped out (spawn position <7442.620117, 287.311340, 2558.912598>, 2/2 deceased)
18:43:45.015 [AI Patrol 00014] Global patrol count: 1
18:43:45.140 [AI Patrol 00014] Patrol category patrol count: 1
18:43:45.719 [BaseBuildingRaiding] ------------------------- Expansion Base Raiding Damage Report -------------------------
18:43:45.729 [BaseBuildingRaiding] Player "Irena" (id= pos=<8326.13, 324.92, 1646.88>) damaged Fence at <8332, 336.17, 1640.67>
18:43:45.739 [BaseBuildingRaiding] They dealt 80 * 1 = 80 damage with Bullet_762x39 from AKM
18:43:45.749 [BaseBuildingRaiding] Wall_Metal_Down hitpoints decreased from 21000 to 20920
18:43:45.759 [BaseBuildingRaiding] ----------------------------------------------------------------------------------------
18:43:49.332 [BaseBuildingRaiding] ------------------------- Expansion Base Raiding Damage Report -------------------------
18:43:49.485 [BaseBuildingRaiding] Player "Irena" (id= pos=<8322.78, 324.1, 1644.49>) damaged Fence at <8332, 336.17, 1640.67>
18:43:49.639 [BaseBuildingRaiding] They dealt 80 * 1 = 80 damage with Bullet_762x39 from AKM
18:43:49.793 [BaseBuildingRaiding] Wall_Metal_Down hitpoints decreased from 20920 to 20840
18:43:49.947 [BaseBuildingRaiding] ----------------------------------------------------------------------------------------
18:43:54.803 [BaseBuildingRaiding] ------------------------- Expansion Base Raiding Damage Report -------------------------
18:43:54.813 [BaseBuildingRaiding] Player "Irena" (id= pos=<8322.94, 323.99, 1644.18>) damaged Fence at <8332, 336.17, 1640.67>
18:43:54.822 [BaseBuildingRaiding] They dealt 80 * 1 = 80 damage with Bullet_762x39 from AKM
18:43:54.832 [BaseBuildingRaiding] Wall_Metal_Down hitpoints decreased from 20840 to 20760
18:43:54.842 [BaseBuildingRaiding] ----------------------------------------------------------------------------------------
18:48:15.678 [AI Object Patrol 00000] Despawning 0 East bots (spawn position <7004.702637, 256.214325, 6216.864258>, 2/2 deceased)
18:53:39.859 [AI Object Patrol 00030] Spawning 1 West bots at <8815.791016, 456.049164, 2093.035156>
18:53:39.895 [AI Object Patrol 00030] Global patrol count: 2
18:53:39.905 [AI Object Patrol 00030] ContaminatedArea category patrol count: 1
19:04:14.691 [Chat - Global]("Mr. Blue"(id=Lw52hZyZO7pZP21eLhjYCVUz5rrRVAodhUgchUxGS8A=)): What's shaking?
19:04:35.805 [Chat - Global]("Survivor"(id=0nsyEhm9INQy3se8y-fXlbMHVv4YsIXloUCLC2unDyo=)): yoo organizing ,y base.
19:04:41.924 [Chat - Global]("Survivor"(id=0nsyEhm9INQy3se8y-fXlbMHVv4YsIXloUCLC2unDyo=)): wbu
19:04:59.256 [Chat - Global]("Mr. Blue"(id=Lw52hZyZO7pZP21eLhjYCVUz5rrRVAodhUgchUxGS8A=)): Haven't heard the AI Airplane.  That still a thing? I'm about to fly a LB
19:05:24.856 [Chat - Global]("Survivor"(id=0nsyEhm9INQy3se8y-fXlbMHVv4YsIXloUCLC2unDyo=)): it is, they come every so often. ill check settings
19:09:23.367 [AI Object Patrol 00008] Spawning 1 West bots at <7757.706055, 234.503021, 5775.207031>
19:09:23.423 [AI Object Patrol 00008] Global patrol count: 3
19:09:23.450 [AI Object Patrol 00008] ContaminatedArea category patrol count: 2
19:09:29.078 [Chat - Global]("Survivor"(id=0nsyEhm9INQy3se8y-fXlbMHVv4YsIXloUCLC2unDyo=)): might go to a warzpne and have some fun
19:09:56.432 [Chat - Global]("Survivor"(id=0nsyEhm9INQy3se8y-fXlbMHVv4YsIXloUCLC2unDyo=)): takimg cheap gear lol
19:10:15.583 [Chat - Global]("Mr. Blue"(id=Lw52hZyZO7pZP21eLhjYCVUz5rrRVAodhUgchUxGS8A=)): haha GL bro!
19:10:54.109 [Chat - Global]("Survivor"(id=0nsyEhm9INQy3se8y-fXlbMHVv4YsIXloUCLC2unDyo=)): if you see any spotlights lmk!
19:11:12.581 [Chat - Global]("Mr. Blue"(id=Lw52hZyZO7pZP21eLhjYCVUz5rrRVAodhUgchUxGS8A=)): what are spotlights?
19:11:30.085 [Chat - Global]("Survivor"(id=0nsyEhm9INQy3se8y-fXlbMHVv4YsIXloUCLC2unDyo=)): yellow lights, like a lamp
19:11:36.065 [VehicleEnter] Player "Mr. Blue" (id=Lw52hZyZO7pZP21eLhjYCVUz5rrRVAodhUgchUxGS8A=) entered vehicle Mh-6 Little Bird (id=5FA4E8232546C8B77E9360A18F88F8F0 pos=<8375.17, 273.93, 5443.36>) as pilot
19:11:40.893 [Chat - Global]("Survivor"(id=0nsyEhm9INQy3se8y-fXlbMHVv4YsIXloUCLC2unDyo=)): connects to generator
19:11:43.183 [Chat - Global]("Mr. Blue"(id=Lw52hZyZO7pZP21eLhjYCVUz5rrRVAodhUgchUxGS8A=)): Got it, I know what they are. I see them sometimes
19:11:46.547 [VehicleEngine] Player "Mr. Blue" (id=Lw52hZyZO7pZP21eLhjYCVUz5rrRVAodhUgchUxGS8A=) started vehicle Mh-6 Little Bird (id=5FA4E8232546C8B77E9360A18F88F8F0 pos=<8375.13, 273.93, 5443.36>)
19:12:57.621 [AI Patrol 00016] Spawning 2 Civilian bots at <6426.254883, 384.394745, 3710.724365>
19:12:57.665 [AI Patrol 00016] Global patrol count: 4
19:12:57.678 [AI Patrol 00016] Patrol category patrol count: 2
19:13:07.437 [AI Object Patrol 00032] Spawning 3 East bots at <6511.203613, 312.971497, 3147.906738>
19:13:07.469 [AI Object Patrol 00032] Global patrol count: 5
19:13:07.480 [AI Object Patrol 00032] HelicopterWreck category patrol count: 1
19:13:21.742 [AI Object Patrol 00026] Spawning 3 East bots at <8486.916016, 388.765656, 2828.915039>
19:13:21.777 [AI Object Patrol 00026] Global patrol count: 6
19:13:21.787 [AI Object Patrol 00026] HelicopterWreck category patrol count: 2
19:14:15.328 [AI Object Patrol 00026] Despawning 3 East bots (spawn position <8486.916016, 388.765656, 2828.915039>, 0/3 deceased)
19:14:15.338 [AI Object Patrol 00026] Global patrol count: 5
19:14:15.348 [AI Object Patrol 00026] HelicopterWreck category patrol count: 1
19:15:00.719 [VehicleLeave] Player "Mr. Blue" (id=Lw52hZyZO7pZP21eLhjYCVUz5rrRVAodhUgchUxGS8A=) left vehicle Mh-6 Little Bird (id=5FA4E8232546C8B77E9360A18F88F8F0 pos=<9383.93, 399.32, 1219.31>)
19:15:09.516 [VehicleEnter] Player "Mr. Blue" (id=Lw52hZyZO7pZP21eLhjYCVUz5rrRVAodhUgchUxGS8A=) entered vehicle Mh-6 Little Bird (id=5FA4E8232546C8B77E9360A18F88F8F0 pos=<9383.93, 399.26, 1219.02>) as pilot
19:15:10.688 [VehicleEngine] Player "Mr. Blue" (id=Lw52hZyZO7pZP21eLhjYCVUz5rrRVAodhUgchUxGS8A=) stopped vehicle Mh-6 Little Bird (id=5FA4E8232546C8B77E9360A18F88F8F0 pos=<9383.93, 399.25, 1218.96>)
19:15:13.876 [VehicleLeave] Player "Mr. Blue" (id=Lw52hZyZO7pZP21eLhjYCVUz5rrRVAodhUgchUxGS8A=) left vehicle Mh-6 Little Bird (id=5FA4E8232546C8B77E9360A18F88F8F0 pos=<9383.93, 399.22, 1218.81>)
19:15:21.023 [Chat - Global]("Mr. Blue"(id=Lw52hZyZO7pZP21eLhjYCVUz5rrRVAodhUgchUxGS8A=)): I just flew over your base.  
19:15:40.329 [Chat - Global]("Survivor"(id=0nsyEhm9INQy3se8y-fXlbMHVv4YsIXloUCLC2unDyo=)): do it again!
19:15:51.188 [Chat - Global]("Survivor"(id=0nsyEhm9INQy3se8y-fXlbMHVv4YsIXloUCLC2unDyo=)): i had off sund
19:15:55.153 [Chat - Global]("Mr. Blue"(id=Lw52hZyZO7pZP21eLhjYCVUz5rrRVAodhUgchUxGS8A=)): Theres a caravan right down the road from you
19:16:07.285 [Chat - Global]("Survivor"(id=0nsyEhm9INQy3se8y-fXlbMHVv4YsIXloUCLC2unDyo=)): ohhh shitnith zs?
19:16:13.299 [VehicleEnter] Player "Mr. Blue" (id=Lw52hZyZO7pZP21eLhjYCVUz5rrRVAodhUgchUxGS8A=) entered vehicle Mh-6 Little Bird (id=5FA4E8232546C8B77E9360A18F88F8F0 pos=<9383.93, 399.1, 1218.25>) as pilot
19:16:15.052 [VehicleEngine] Player "Mr. Blue" (id=Lw52hZyZO7pZP21eLhjYCVUz5rrRVAodhUgchUxGS8A=) started vehicle Mh-6 Little Bird (id=5FA4E8232546C8B77E9360A18F88F8F0 pos=<9383.93, 399.09, 1218.23>)
19:16:17.450 [Chat - Global]("Survivor"(id=0nsyEhm9INQy3se8y-fXlbMHVv4YsIXloUCLC2unDyo=)): ith zombies?
19:17:29.917 [Chat - Global]("Survivor"(id=0nsyEhm9INQy3se8y-fXlbMHVv4YsIXloUCLC2unDyo=)): hahah awesome
19:18:03.632 [VehicleEnter] Player "Survivor" (id=0nsyEhm9INQy3se8y-fXlbMHVv4YsIXloUCLC2unDyo=) entered vehicle Gyrocopter (id=961DFC0DD54BCF458A74E6A5EF960114 pos=<8341.51, 334.75, 1640.72>) as pilot
19:18:08.855 [VehicleLeave] Player "Survivor" (id=0nsyEhm9INQy3se8y-fXlbMHVv4YsIXloUCLC2unDyo=) left vehicle Gyrocopter (id=961DFC0DD54BCF458A74E6A5EF960114 pos=<8341.51, 334.75, 1640.69>)
19:19:56.718 [Chat - Global]("Mr. Blue"(id=Lw52hZyZO7pZP21eLhjYCVUz5rrRVAodhUgchUxGS8A=)): I love the Little Bird 
19:20:11.414 [Chat - Global]("Survivor"(id=0nsyEhm9INQy3se8y-fXlbMHVv4YsIXloUCLC2unDyo=)): so fast
19:21:34.846 [VehicleEngine] Player "NULL" (id=NULL) stopped vehicle Mh-6 Little Bird (id=5FA4E8232546C8B77E9360A18F88F8F0 pos=<9713.23, 356.64, 3840.83>)
19:21:34.868 [VehicleLeave] Player "Mr. Blue" (id=Lw52hZyZO7pZP21eLhjYCVUz5rrRVAodhUgchUxGS8A=) left vehicle Mh-6 Little Bird (id=5FA4E8232546C8B77E9360A18F88F8F0 pos=<9713.2, 356.62, 3840.85>)
19:22:13.135 [VehicleEnter] Player "Mr. Blue" (id=Lw52hZyZO7pZP21eLhjYCVUz5rrRVAodhUgchUxGS8A=) entered vehicle Mh-6 Little Bird (id=5FA4E8232546C8B77E9360A18F88F8F0 pos=<9712.63, 355.81, 3841.55>) as pilot
19:22:15.503 [VehicleEngine] Player "Mr. Blue" (id=Lw52hZyZO7pZP21eLhjYCVUz5rrRVAodhUgchUxGS8A=) started vehicle Mh-6 Little Bird (id=5FA4E8232546C8B77E9360A18F88F8F0 pos=<9712.63, 355.81, 3841.55>)
19:22:40.498 [AI Object Patrol 00008] Despawning 1 West bots (spawn position <7757.706055, 234.503021, 5775.207031>, 0/1 deceased)
19:22:40.509 [AI Object Patrol 00008] Global patrol count: 4
19:22:40.520 [AI Object Patrol 00008] ContaminatedArea category patrol count: 1
19:23:30.432 [AI Patrol 00016] Despawning 2 Civilian bots (spawn position <6426.254883, 384.394745, 3710.724365>, 0/2 deceased)
19:23:30.442 [AI Patrol 00016] Global patrol count: 3
19:23:30.453 [AI Patrol 00016] Patrol category patrol count: 1
19:24:46.740 [AI Object Patrol 00032] Despawning 3 East bots (spawn position <6511.203613, 312.971497, 3147.906738>, 0/3 deceased)
19:24:46.750 [AI Object Patrol 00032] Global patrol count: 2
19:24:46.760 [AI Object Patrol 00032] HelicopterWreck category patrol count: 0
19:25:57.937 [VehicleLeave] Player "Mr. Blue" (id=Lw52hZyZO7pZP21eLhjYCVUz5rrRVAodhUgchUxGS8A=) left vehicle Mh-6 Little Bird (id=5FA4E8232546C8B77E9360A18F88F8F0 pos=<9714.39, 356.93, 3836.2>)
19:26:06.197 [VehicleEnter] Player "Mr. Blue" (id=Lw52hZyZO7pZP21eLhjYCVUz5rrRVAodhUgchUxGS8A=) entered vehicle Mh-6 Little Bird (id=5FA4E8232546C8B77E9360A18F88F8F0 pos=<9714.16, 356.94, 3836.47>) as pilot
19:26:07.277 [VehicleEngine] Player "Mr. Blue" (id=Lw52hZyZO7pZP21eLhjYCVUz5rrRVAodhUgchUxGS8A=) stopped vehicle Mh-6 Little Bird (id=5FA4E8232546C8B77E9360A18F88F8F0 pos=<9714.15, 356.94, 3836.48>)
19:26:10.378 [VehicleLeave] Player "Mr. Blue" (id=Lw52hZyZO7pZP21eLhjYCVUz5rrRVAodhUgchUxGS8A=) left vehicle Mh-6 Little Bird (id=5FA4E8232546C8B77E9360A18F88F8F0 pos=<9714.13, 356.93, 3836.5>)
19:30:02.790 [AI Object Patrol 00030] Despawning 1 West bots (spawn position <8815.791016, 456.049164, 2093.035156>, 0/1 deceased)
19:30:02.913 [AI Object Patrol 00030] Global patrol count: 1
19:30:03.081 [AI Object Patrol 00030] ContaminatedArea category patrol count: 0
19:39:02.550 [VehicleEnter] Player "Mr. Blue" (id=Lw52hZyZO7pZP21eLhjYCVUz5rrRVAodhUgchUxGS8A=) entered vehicle Gunter 2 (id=861E7AA4224DA1D69934E0B38FD601C8 pos=<8634.18, 290.08, 5511.16>) as driver
19:39:04.214 [VehicleEngine] Player "Mr. Blue" (id=Lw52hZyZO7pZP21eLhjYCVUz5rrRVAodhUgchUxGS8A=) started vehicle Gunter 2 (id=861E7AA4224DA1D69934E0B38FD601C8 pos=<8634.11, 290.07, 5511.27>)
19:41:20.062 [VehicleEngine] Player "NULL" (id=NULL) stopped vehicle Gunter 2 (id=861E7AA4224DA1D69934E0B38FD601C8 pos=<10302.8, 220.69, 5824.66>)
19:41:20.398 [VehicleLeave] Player "Mr. Blue" (id=Lw52hZyZO7pZP21eLhjYCVUz5rrRVAodhUgchUxGS8A=) left vehicle Gunter 2 (id=861E7AA4224DA1D69934E0B38FD601C8 pos=<10302.8, 220.69, 5824.66>)
19:42:37.294 [VehicleEnter] Player "Mr. Blue" (id=Lw52hZyZO7pZP21eLhjYCVUz5rrRVAodhUgchUxGS8A=) entered vehicle Gunter 2 (id=861E7AA4224DA1D69934E0B38FD601C8 pos=<10302.8, 220.69, 5824.66>) as driver
19:42:38.984 [VehicleEngine] Player "Mr. Blue" (id=Lw52hZyZO7pZP21eLhjYCVUz5rrRVAodhUgchUxGS8A=) started vehicle Gunter 2 (id=861E7AA4224DA1D69934E0B38FD601C8 pos=<10302.8, 220.69, 5824.66>)
19:46:32.965 [VehicleEngine] Player "NULL" (id=NULL) stopped vehicle Gunter 2 (id=861E7AA4224DA1D69934E0B38FD601C8 pos=<9707.76, 351.73, 3800.11>)
19:46:33.300 [VehicleLeave] Player "Mr. Blue" (id=Lw52hZyZO7pZP21eLhjYCVUz5rrRVAodhUgchUxGS8A=) left vehicle Gunter 2 (id=861E7AA4224DA1D69934E0B38FD601C8 pos=<9707.76, 351.73, 3800.11>)
19:51:50.938 [VehicleEnter] Player "Mr. Blue" (id=Lw52hZyZO7pZP21eLhjYCVUz5rrRVAodhUgchUxGS8A=) entered vehicle Mh-6 Little Bird (id=5FA4E8232546C8B77E9360A18F88F8F0 pos=<9715.51, 354.34, 3833.55>) as pilot
19:51:57.442 [VehicleLeave] Player "Mr. Blue" (id=Lw52hZyZO7pZP21eLhjYCVUz5rrRVAodhUgchUxGS8A=) left vehicle Mh-6 Little Bird (id=5FA4E8232546C8B77E9360A18F88F8F0 pos=<9715.51, 354.34, 3833.48>)
19:52:07.961 [VehicleEnter] Player "Mr. Blue" (id=Lw52hZyZO7pZP21eLhjYCVUz5rrRVAodhUgchUxGS8A=) entered vehicle Mh-6 Little Bird (id=5FA4E8232546C8B77E9360A18F88F8F0 pos=<9715.47, 354.34, 3833.54>) as pilot
19:52:09.212 [VehicleEngine] Player "Mr. Blue" (id=Lw52hZyZO7pZP21eLhjYCVUz5rrRVAodhUgchUxGS8A=) started vehicle Mh-6 Little Bird (id=5FA4E8232546C8B77E9360A18F88F8F0 pos=<9715.47, 354.34, 3833.53>)
19:55:40.308 [VehicleEngine] Player "Mr. Blue" (id=Lw52hZyZO7pZP21eLhjYCVUz5rrRVAodhUgchUxGS8A=) stopped vehicle Mh-6 Little Bird (id=5FA4E8232546C8B77E9360A18F88F8F0 pos=<10335.2, 224.01, 5905.24>)
19:55:44.612 [VehicleLeave] Player "Mr. Blue" (id=Lw52hZyZO7pZP21eLhjYCVUz5rrRVAodhUgchUxGS8A=) left vehicle Mh-6 Little Bird (id=5FA4E8232546C8B77E9360A18F88F8F0 pos=<10335.2, 224.01, 5905.24>)
20:22:27.387 [BaseRaiding] mmg_lockable_gun_rack_grey (<8342.639648, 331.764618, 1632.603394>) Code set by "player "Snake" (ID = "0nsyEhm9INQy3se8y-fXlbMHVv4YsIXloUCLC2unDyo=" at <8344.055664, 331.833160, 1632.511353>)" and the code is 2058
20:24:44.234 [BaseRaiding] mmg_old_safe_green (<8344.217773, 331.732208, 1631.977173>) Code set by "player "Snake" (ID = "0nsyEhm9INQy3se8y-fXlbMHVv4YsIXloUCLC2unDyo=" at <8343.754883, 331.804810, 1632.934937>)" and the code is 2058
20:29:21.232 [BaseRaiding] mmg_armored_cabinet_green (<8342.875000, 331.735840, 1630.812378>) Code set by "player "Snake" (ID = "0nsyEhm9INQy3se8y-fXlbMHVv4YsIXloUCLC2unDyo=" at <8344.302734, 331.703796, 1631.341309>)" and the code is 2058
