06:25:49.414 [AI Object Patrol 00000] Spawning 3 East bots at <6484.761230, 288.597107, 7566.923828>
06:25:58.207 [AI Object Patrol 00000] Global patrol count: 1
06:25:58.217 [AI Object Patrol 00000] HelicopterWreck category patrol count: 1
06:27:36.178 [AI Object Patrol 00023] Spawning 2 West bots at <5955.860352, 219.792664, 8120.396973>
06:27:36.213 [AI Object Patrol 00023] Global patrol count: 2
06:27:36.224 [AI Object Patrol 00023] ContaminatedArea category patrol count: 1
06:32:39.776 [Territory] Player "Dan" (id=J3DN6WXzRjVAt4j_gUAEgL4v34hqtXpOtTWQ5nCMCS0=) created territory "Dan Land" at <6557.879395, 205.615265, 8378.662109>
06:49:37.840 [AI Object Patrol 00000] Despawning 3 East bots (spawn position <6484.761230, 288.597107, 7566.923828>, 0/3 deceased)
06:49:37.850 [AI Object Patrol 00000] Global patrol count: 1
06:49:37.861 [AI Object Patrol 00000] HelicopterWreck category patrol count: 0
06:50:03.311 [SpawnSelection] Player "Dan" (id=J3DN6WXzRjVAt4j_gUAEgL4v34hqtXpOtTWQ5nCMCS0=) spawned at <3096.280029, 234.132996, 6778.950195>
06:51:23.027 [Chat - Global]("Dan"(id=J3DN6WXzRjVAt4j_gUAEgL4v34hqtXpOtTWQ5nCMCS0=)): hi , enybody online?
06:52:43.762 [AI Object Patrol 00021] Spawning 3 West bots at <3054.011719, 236.900986, 6885.078613>
06:52:43.799 [AI Object Patrol 00021] Global patrol count: 2
06:52:43.809 [AI Object Patrol 00021] ContaminatedArea category patrol count: 2
06:59:26.249 [AI Object Patrol 00023] Despawning 2 West bots (spawn position <5955.860352, 219.792664, 8120.396973>, 0/2 deceased)
06:59:26.259 [AI Object Patrol 00023] Global patrol count: 1
06:59:26.269 [AI Object Patrol 00023] ContaminatedArea category patrol count: 1
07:02:11.759 [AI Object Patrol 00021] Despawning 3 West bots (spawn position <3054.011719, 236.900986, 6885.078613>, 0/3 deceased)
07:02:11.769 [AI Object Patrol 00021] Global patrol count: 0
07:02:11.780 [AI Object Patrol 00021] ContaminatedArea category patrol count: 0
07:08:18.032 [SpawnSelection] Player "Dan" (id=J3DN6WXzRjVAt4j_gUAEgL4v34hqtXpOtTWQ5nCMCS0=) spawned at <6426.084473, 201.526901, 11602.169922>
07:25:15.421 [SpawnSelection] Player "Bad Boy" (id=7EOOpe6Cv8QB45p22zWB29TPheQCYualmurDzSA3CR0=) spawned at <7331.399902, 287.065002, 2576.830078>
07:25:15.456 [AI Patrol 00017] Spawning 2 West bots at <7543.957031, 312.039429, 2684.906006>
07:25:15.492 [AI Patrol 00017] Global patrol count: 1
07:25:15.502 [AI Patrol 00017] Patrol category patrol count: 1
07:25:15.512 [AI Patrol 00016] Spawning 3 East bots at <7685.599121, 321.799805, 2986.845947>
07:25:15.548 [AI Patrol 00016] Global patrol count: 2
07:25:15.558 [AI Patrol 00016] Patrol category patrol count: 2
07:25:15.567 [AI Patrol 00018] Spawning 2 Civilian bots at <6980.782715, 313.238373, 3086.092041>
07:25:15.594 [AI Patrol 00018] Global patrol count: 3
07:25:15.604 [AI Patrol 00018] Patrol category patrol count: 3
07:34:26.243 [AI Patrol 00016] East bots were wiped out (spawn position <7685.599121, 321.799805, 2986.845947>, 3/3 deceased)
07:34:26.297 [AI Patrol 00016] Global patrol count: 2
07:34:26.367 [AI Patrol 00016] Patrol category patrol count: 2
07:38:31.194 [Chat - Global]("Lozergod"(id=f6o5reGZK1apFSzOwnbzYEHfAXAMOXbXZqu1fYDG5tE=)): what up fellas
07:39:11.389 [Chat - Global]("Dan"(id=J3DN6WXzRjVAt4j_gUAEgL4v34hqtXpOtTWQ5nCMCS0=)): hi , all good , pork barbekue 
07:39:17.584 [Chat - Global]("Dan"(id=J3DN6WXzRjVAt4j_gUAEgL4v34hqtXpOtTWQ5nCMCS0=)): in brena
07:39:21.772 [Chat - Global]("Lozergod"(id=f6o5reGZK1apFSzOwnbzYEHfAXAMOXbXZqu1fYDG5tE=)): nice
07:40:31.633 [AI Patrol 00018] Despawning 2 Civilian bots (spawn position <6980.782715, 313.238373, 3086.092041>, 0/2 deceased)
07:40:31.643 [AI Patrol 00018] Global patrol count: 1
07:40:31.652 [AI Patrol 00018] Patrol category patrol count: 1
07:42:58.708 [SpawnSelection] Player "Bad Boy" (id=7EOOpe6Cv8QB45p22zWB29TPheQCYualmurDzSA3CR0=) spawned at <7638.410156, 245.850006, 5157.709961>
07:42:58.727 [AI Object Patrol 00041] Spawning 3 East bots at <8365.810547, 275.936951, 5508.987793>
07:42:58.756 [AI Object Patrol 00041] Global patrol count: 2
07:42:58.767 [AI Object Patrol 00041] HelicopterWreck category patrol count: 1
07:42:58.778 [AI Object Patrol 00012] Spawning 2 West bots at <7647.774902, 239.792404, 6081.280273>
07:42:58.806 [AI Object Patrol 00012] Global patrol count: 3
07:42:58.816 [AI Object Patrol 00012] ContaminatedArea category patrol count: 1
07:42:58.826 [AI Object Patrol 00011] Spawning 2 West bots at <7637.642578, 231.806290, 5880.382324>
07:42:58.852 [AI Object Patrol 00011] Global patrol count: 4
07:42:58.862 [AI Object Patrol 00011] ContaminatedArea category patrol count: 2
07:44:38.791 [VehicleEnter] Player "Lozergod" (id=f6o5reGZK1apFSzOwnbzYEHfAXAMOXbXZqu1fYDG5tE=) entered vehicle Land Rover Defender (id=EDDCB1131A4294A2EEBBEBA565DE46CC pos=<11616.2, 265.52, 1960.74>) as driver
07:44:41.617 [VehicleEngine] Player "Lozergod" (id=f6o5reGZK1apFSzOwnbzYEHfAXAMOXbXZqu1fYDG5tE=) started vehicle Land Rover Defender (id=EDDCB1131A4294A2EEBBEBA565DE46CC pos=<11616.2, 265.52, 1960.74>)
07:44:49.797 [VehicleEngine] Player "NULL" (id=NULL) stopped vehicle Land Rover Defender (id=EDDCB1131A4294A2EEBBEBA565DE46CC pos=<11624.7, 265.52, 1963.6>)
07:44:49.820 [VehicleLeave] Player "Lozergod" (id=f6o5reGZK1apFSzOwnbzYEHfAXAMOXbXZqu1fYDG5tE=) left vehicle Land Rover Defender (id=EDDCB1131A4294A2EEBBEBA565DE46CC pos=<11624.7, 265.52, 1963.6>)
07:45:55.162 [SpawnSelection] Player "Bad Boy" (id=7EOOpe6Cv8QB45p22zWB29TPheQCYualmurDzSA3CR0=) spawned at <7638.410156, 245.850006, 5157.709961>
07:49:58.122 [VehicleEnter] Player "Lozergod" (id=f6o5reGZK1apFSzOwnbzYEHfAXAMOXbXZqu1fYDG5tE=) entered vehicle Olga 24 (id=B9964E3A704B0949A3C7FE99D3CDCF68 pos=<11599.3, 265.38, 1958.21>) as driver
07:49:59.807 [VehicleEngine] Player "Lozergod" (id=f6o5reGZK1apFSzOwnbzYEHfAXAMOXbXZqu1fYDG5tE=) started vehicle Olga 24 (id=B9964E3A704B0949A3C7FE99D3CDCF68 pos=<11599.3, 265.38, 1958.22>)
07:50:21.846 [VehicleEngine] Player "NULL" (id=NULL) stopped vehicle Olga 24 (id=B9964E3A704B0949A3C7FE99D3CDCF68 pos=<11637.5, 265.54, 1980.93>)
07:50:21.897 [VehicleLeave] Player "Lozergod" (id=f6o5reGZK1apFSzOwnbzYEHfAXAMOXbXZqu1fYDG5tE=) left vehicle Olga 24 (id=B9964E3A704B0949A3C7FE99D3CDCF68 pos=<11637.5, 265.54, 1980.93>)
07:50:37.495 [VehicleEnter] Player "Lozergod" (id=f6o5reGZK1apFSzOwnbzYEHfAXAMOXbXZqu1fYDG5tE=) entered vehicle Olga 24 (id=B9964E3A704B0949A3C7FE99D3CDCF68 pos=<11637.5, 265.54, 1980.92>) as driver
07:50:39.709 [VehicleEngine] Player "Lozergod" (id=f6o5reGZK1apFSzOwnbzYEHfAXAMOXbXZqu1fYDG5tE=) started vehicle Olga 24 (id=B9964E3A704B0949A3C7FE99D3CDCF68 pos=<11637.5, 265.54, 1980.92>)
07:54:20.145 [Chat - Global]("Lozergod"(id=f6o5reGZK1apFSzOwnbzYEHfAXAMOXbXZqu1fYDG5tE=)): hacked crate??
07:54:47.628 [VehicleEngine] Player "NULL" (id=NULL) stopped vehicle Olga 24 (id=B9964E3A704B0949A3C7FE99D3CDCF68 pos=<11069.7, 346.3, 4231.11>)
07:54:47.663 [VehicleLeave] Player "Lozergod" (id=f6o5reGZK1apFSzOwnbzYEHfAXAMOXbXZqu1fYDG5tE=) left vehicle Olga 24 (id=B9964E3A704B0949A3C7FE99D3CDCF68 pos=<11069.7, 346.3, 4231.11>)
07:55:19.315 [AI Object Patrol 00042] Spawning 1 East bots at <6349.360840, 325.358856, 5391.699219>
07:55:19.344 [AI Object Patrol 00042] Global patrol count: 5
07:55:19.357 [AI Object Patrol 00042] HelicopterWreck category patrol count: 2
07:55:47.832 [VehicleEnter] Player "Lozergod" (id=f6o5reGZK1apFSzOwnbzYEHfAXAMOXbXZqu1fYDG5tE=) entered vehicle Olga 24 (id=B9964E3A704B0949A3C7FE99D3CDCF68 pos=<11069.7, 346.3, 4231.1>) as driver
07:55:49.522 [VehicleEngine] Player "Lozergod" (id=f6o5reGZK1apFSzOwnbzYEHfAXAMOXbXZqu1fYDG5tE=) started vehicle Olga 24 (id=B9964E3A704B0949A3C7FE99D3CDCF68 pos=<11069.7, 346.3, 4231.1>)
07:55:58.478 [Chat - Global]("Dan"(id=J3DN6WXzRjVAt4j_gUAEgL4v34hqtXpOtTWQ5nCMCS0=)): new feature but is buged, work in progress 
07:56:04.538 [Chat - Global]("Lozergod"(id=f6o5reGZK1apFSzOwnbzYEHfAXAMOXbXZqu1fYDG5tE=)): nice
07:56:41.699 [Chat - Global]("Dan"(id=J3DN6WXzRjVAt4j_gUAEgL4v34hqtXpOtTWQ5nCMCS0=)): it is safe to drink water from this animal water containers ?
07:56:46.142 [Chat - Global]("Lozergod"(id=f6o5reGZK1apFSzOwnbzYEHfAXAMOXbXZqu1fYDG5tE=)): server seems a bit laggy today
07:57:01.864 [Chat - Global]("Bad Boy"(id=7EOOpe6Cv8QB45p22zWB29TPheQCYualmurDzSA3CR0=)): Maybe the new mods?
07:57:08.402 [Chat - Global]("Lozergod"(id=f6o5reGZK1apFSzOwnbzYEHfAXAMOXbXZqu1fYDG5tE=)): could be
07:57:18.945 [Chat - Global]("Dan"(id=J3DN6WXzRjVAt4j_gUAEgL4v34hqtXpOtTWQ5nCMCS0=)): maybe
07:57:27.009 [Chat - Global]("Lozergod"(id=f6o5reGZK1apFSzOwnbzYEHfAXAMOXbXZqu1fYDG5tE=)): hope he doesnt add a bunch of bullshit
07:57:47.786 [Chat - Global]("Bad Boy"(id=7EOOpe6Cv8QB45p22zWB29TPheQCYualmurDzSA3CR0=)): Did you test out the water yet?
07:58:00.873 [Chat - Global]("Lozergod"(id=f6o5reGZK1apFSzOwnbzYEHfAXAMOXbXZqu1fYDG5tE=)): from what containers?
07:58:08.664 [Chat - Global]("Bad Boy"(id=7EOOpe6Cv8QB45p22zWB29TPheQCYualmurDzSA3CR0=)): The "troughs"
07:58:14.236 [Chat - Global]("Bad Boy"(id=7EOOpe6Cv8QB45p22zWB29TPheQCYualmurDzSA3CR0=)): They're on the map as water.
07:58:15.895 [AI Object Patrol 00044] Spawning 3 East bots at <12290.078125, 297.532135, 6546.682129>
07:58:15.924 [AI Object Patrol 00044] Global patrol count: 6
07:58:15.935 [AI Object Patrol 00044] HelicopterWreck category patrol count: 3
07:58:17.081 [Chat - Global]("Lozergod"(id=f6o5reGZK1apFSzOwnbzYEHfAXAMOXbXZqu1fYDG5tE=)): ahh, i wouldn't trust it
07:58:18.211 [Chat - Global]("Bad Boy"(id=7EOOpe6Cv8QB45p22zWB29TPheQCYualmurDzSA3CR0=)): I'm guessing its stagnant.
07:58:30.539 [Chat - Global]("Lozergod"(id=f6o5reGZK1apFSzOwnbzYEHfAXAMOXbXZqu1fYDG5tE=)): unless you have chlorine pills
07:58:37.142 [Chat - Global]("Dan"(id=J3DN6WXzRjVAt4j_gUAEgL4v34hqtXpOtTWQ5nCMCS0=)): ok
07:59:03.561 [VehicleEngine] Player "NULL" (id=NULL) stopped vehicle Olga 24 (id=B9964E3A704B0949A3C7FE99D3CDCF68 pos=<12099.4, 292.15, 6030.02>)
07:59:03.589 [VehicleLeave] Player "Lozergod" (id=f6o5reGZK1apFSzOwnbzYEHfAXAMOXbXZqu1fYDG5tE=) left vehicle Olga 24 (id=B9964E3A704B0949A3C7FE99D3CDCF68 pos=<12099.4, 292.15, 6030.02>)
08:00:03.810 [SpawnSelection] Player "Lozergod" (id=f6o5reGZK1apFSzOwnbzYEHfAXAMOXbXZqu1fYDG5tE=) spawned at <11319.500000, 346.924988, 4229.870117>
08:00:10.549 [Chat - Global]("Lozergod"(id=f6o5reGZK1apFSzOwnbzYEHfAXAMOXbXZqu1fYDG5tE=)): just got nailed by ai
08:00:29.725 [Chat - Global]("Dan"(id=J3DN6WXzRjVAt4j_gUAEgL4v34hqtXpOtTWQ5nCMCS0=)): yep , 2 times for me just today
08:00:53.112 [Chat - Global]("Dan"(id=J3DN6WXzRjVAt4j_gUAEgL4v34hqtXpOtTWQ5nCMCS0=)): now you can hit + on numpad and autorun
08:00:58.808 [Chat - Global]("Bad Boy"(id=7EOOpe6Cv8QB45p22zWB29TPheQCYualmurDzSA3CR0=)): Oh nice.
08:01:00.509 [Chat - Global]("Bad Boy"(id=7EOOpe6Cv8QB45p22zWB29TPheQCYualmurDzSA3CR0=)): Thank god.
08:01:07.556 [Chat - Global]("Lozergod"(id=f6o5reGZK1apFSzOwnbzYEHfAXAMOXbXZqu1fYDG5tE=)): thats a good mod to have
08:01:09.452 [Chat - Global]("Bad Boy"(id=7EOOpe6Cv8QB45p22zWB29TPheQCYualmurDzSA3CR0=)): I had a bad couple of runs with AI recently.
08:01:16.639 [Chat - Global]("Bad Boy"(id=7EOOpe6Cv8QB45p22zWB29TPheQCYualmurDzSA3CR0=)): lost a lot of stuff lol.
08:01:22.891 [Chat - Global]("Dan"(id=J3DN6WXzRjVAt4j_gUAEgL4v34hqtXpOtTWQ5nCMCS0=)): i want to buid a base from land rover doors
08:01:32.336 [Chat - Global]("Bad Boy"(id=7EOOpe6Cv8QB45p22zWB29TPheQCYualmurDzSA3CR0=)): I lost my land rover :(
08:01:33.936 [Chat - Global]("Lozergod"(id=f6o5reGZK1apFSzOwnbzYEHfAXAMOXbXZqu1fYDG5tE=)): im close     to my body
08:01:44.611 [Chat - Global]("Lozergod"(id=f6o5reGZK1apFSzOwnbzYEHfAXAMOXbXZqu1fYDG5tE=)): how?
08:01:54.331 [Chat - Global]("Bad Boy"(id=7EOOpe6Cv8QB45p22zWB29TPheQCYualmurDzSA3CR0=)): I was being lazy going through Topolin and got gunned down.
08:02:04.298 [Chat - Global]("Bad Boy"(id=7EOOpe6Cv8QB45p22zWB29TPheQCYualmurDzSA3CR0=)): And then its impossible to find parts.
08:02:28.126 [Chat - Global]("Lozergod"(id=f6o5reGZK1apFSzOwnbzYEHfAXAMOXbXZqu1fYDG5tE=)): you can repair with a wrench
08:02:52.625 [AI Object Patrol 00012] Despawning 2 West bots (spawn position <7647.774902, 239.792404, 6081.280273>, 0/2 deceased)
08:02:52.637 [AI Object Patrol 00012] Global patrol count: 5
08:02:52.665 [AI Object Patrol 00012] ContaminatedArea category patrol count: 1
08:02:56.865 [AI Object Patrol 00045] Spawning 1 West bots at <6158.159180, 382.303345, 4215.519531>
08:02:56.896 [AI Object Patrol 00045] Global patrol count: 6
08:02:56.907 [AI Object Patrol 00045] ContaminatedArea category patrol count: 2
08:03:19.171 [AI Object Patrol 00041] Despawning 3 East bots (spawn position <8365.810547, 275.936951, 5508.987793>, 0/3 deceased)
08:03:19.181 [AI Object Patrol 00041] Global patrol count: 5
08:03:19.191 [AI Object Patrol 00041] HelicopterWreck category patrol count: 2
08:03:32.450 [Chat - Global]("Bad Boy"(id=7EOOpe6Cv8QB45p22zWB29TPheQCYualmurDzSA3CR0=)): Repair what?
08:03:37.137 [Chat - Global]("Bad Boy"(id=7EOOpe6Cv8QB45p22zWB29TPheQCYualmurDzSA3CR0=)): Ruined parts?
08:03:51.013 [Chat - Global]("Bad Boy"(id=7EOOpe6Cv8QB45p22zWB29TPheQCYualmurDzSA3CR0=)): Like spark plug?
08:04:22.618 [AI Object Patrol 00011] Despawning 2 West bots (spawn position <7637.642578, 231.806290, 5880.382324>, 0/2 deceased)
08:04:22.629 [AI Object Patrol 00011] Global patrol count: 4
08:04:22.639 [AI Object Patrol 00011] ContaminatedArea category patrol count: 1
08:04:29.508 [Chat - Global]("Lozergod"(id=f6o5reGZK1apFSzOwnbzYEHfAXAMOXbXZqu1fYDG5tE=)): no for the engine, parts you do have to find
08:05:08.348 [SpawnSelection] Player "Bad Boy" (id=7EOOpe6Cv8QB45p22zWB29TPheQCYualmurDzSA3CR0=) spawned at <3327.860107, 494.384003, 2125.560059>
08:05:22.459 [AI Object Patrol 00047] Spawning 3 East bots at <11147.773438, 248.773987, 6255.216797>
08:05:22.482 [AI Object Patrol 00047] Global patrol count: 5
08:05:22.493 [AI Object Patrol 00047] HelicopterWreck category patrol count: 3
08:07:19.266 [Chat - Global]("Bad Boy"(id=7EOOpe6Cv8QB45p22zWB29TPheQCYualmurDzSA3CR0=)): So hacked crtates dont work?
08:11:21.501 [VehicleEnter] Player "Lozergod" (id=f6o5reGZK1apFSzOwnbzYEHfAXAMOXbXZqu1fYDG5tE=) entered vehicle Olga 24 (id=B9964E3A704B0949A3C7FE99D3CDCF68 pos=<12099.4, 292.15, 6030.01>) as driver
08:11:23.091 [VehicleEngine] Player "Lozergod" (id=f6o5reGZK1apFSzOwnbzYEHfAXAMOXbXZqu1fYDG5tE=) started vehicle Olga 24 (id=B9964E3A704B0949A3C7FE99D3CDCF68 pos=<12099.4, 292.15, 6030.02>)
08:12:32.742 [VehicleEngine] Player "NULL" (id=NULL) stopped vehicle Olga 24 (id=B9964E3A704B0949A3C7FE99D3CDCF68 pos=<12385, 309.57, 6466.5>)
08:12:32.777 [VehicleLeave] Player "Lozergod" (id=f6o5reGZK1apFSzOwnbzYEHfAXAMOXbXZqu1fYDG5tE=) left vehicle Olga 24 (id=B9964E3A704B0949A3C7FE99D3CDCF68 pos=<12385, 309.57, 6466.5>)
08:12:50.987 [VehicleEnter] Player "Lozergod" (id=f6o5reGZK1apFSzOwnbzYEHfAXAMOXbXZqu1fYDG5tE=) entered vehicle Olga 24 (id=B9964E3A704B0949A3C7FE99D3CDCF68 pos=<12384.8, 309.54, 6466.52>) as driver
08:12:53.088 [VehicleEngine] Player "Lozergod" (id=f6o5reGZK1apFSzOwnbzYEHfAXAMOXbXZqu1fYDG5tE=) started vehicle Olga 24 (id=B9964E3A704B0949A3C7FE99D3CDCF68 pos=<12384.7, 309.49, 6466.55>)
08:13:14.779 [VehicleEngine] Player "NULL" (id=NULL) stopped vehicle Olga 24 (id=B9964E3A704B0949A3C7FE99D3CDCF68 pos=<12280, 297.21, 6525.73>)
08:13:14.791 [VehicleLeave] Player "Lozergod" (id=f6o5reGZK1apFSzOwnbzYEHfAXAMOXbXZqu1fYDG5tE=) left vehicle Olga 24 (id=B9964E3A704B0949A3C7FE99D3CDCF68 pos=<12280, 297.21, 6525.73>)
08:14:18.638 [AI Object Patrol 00045] Despawning 1 West bots (spawn position <6158.159180, 382.303345, 4215.519531>, 0/1 deceased)
08:14:18.649 [AI Object Patrol 00045] Global patrol count: 4
08:14:18.659 [AI Object Patrol 00045] ContaminatedArea category patrol count: 0
08:14:19.707 [AI Object Patrol 00042] Despawning 1 East bots (spawn position <6349.360840, 325.358856, 5391.699219>, 0/1 deceased)
08:14:19.717 [AI Object Patrol 00042] Global patrol count: 3
08:14:19.728 [AI Object Patrol 00042] HelicopterWreck category patrol count: 2
08:14:58.413 [VehicleEnter] Player "Lozergod" (id=f6o5reGZK1apFSzOwnbzYEHfAXAMOXbXZqu1fYDG5tE=) entered vehicle Olga 24 (id=B9964E3A704B0949A3C7FE99D3CDCF68 pos=<12280, 297.21, 6525.73>) as driver
08:15:00.173 [VehicleEngine] Player "Lozergod" (id=f6o5reGZK1apFSzOwnbzYEHfAXAMOXbXZqu1fYDG5tE=) started vehicle Olga 24 (id=B9964E3A704B0949A3C7FE99D3CDCF68 pos=<12280, 297.21, 6525.73>)
08:17:22.140 [Chat - Global]("Lozergod"(id=f6o5reGZK1apFSzOwnbzYEHfAXAMOXbXZqu1fYDG5tE=)): VMC is Cherno... lol
08:18:01.932 [VehicleEngine] Player "NULL" (id=NULL) stopped vehicle Olga 24 (id=B9964E3A704B0949A3C7FE99D3CDCF68 pos=<11522.5, 181.18, 9444.5>)
08:18:02.053 [VehicleLeave] Player "Lozergod" (id=f6o5reGZK1apFSzOwnbzYEHfAXAMOXbXZqu1fYDG5tE=) left vehicle Olga 24 (id=B9964E3A704B0949A3C7FE99D3CDCF68 pos=<11522.5, 181.18, 9444.5>)
08:18:55.897 [VehicleEnter] Player "Lozergod" (id=f6o5reGZK1apFSzOwnbzYEHfAXAMOXbXZqu1fYDG5tE=) entered vehicle Olga 24 (id=B9964E3A704B0949A3C7FE99D3CDCF68 pos=<11522.5, 181.18, 9444.5>) as driver
08:18:58.563 [VehicleEngine] Player "Lozergod" (id=f6o5reGZK1apFSzOwnbzYEHfAXAMOXbXZqu1fYDG5tE=) started vehicle Olga 24 (id=B9964E3A704B0949A3C7FE99D3CDCF68 pos=<11522.5, 181.18, 9444.5>)
08:19:39.402 [VehicleEngine] Player "NULL" (id=NULL) stopped vehicle Olga 24 (id=B9964E3A704B0949A3C7FE99D3CDCF68 pos=<11301.2, 184.69, 9572.89>)
08:19:39.432 [VehicleLeave] Player "Lozergod" (id=f6o5reGZK1apFSzOwnbzYEHfAXAMOXbXZqu1fYDG5tE=) left vehicle Olga 24 (id=B9964E3A704B0949A3C7FE99D3CDCF68 pos=<11301.2, 184.69, 9572.89>)
08:19:48.856 [AI Object Patrol 00044] Despawning 1 East bots (spawn position <12290.078125, 297.532135, 6546.682129>, 2/3 deceased)
08:19:48.865 [AI Object Patrol 00044] Global patrol count: 2
08:19:48.875 [AI Object Patrol 00044] HelicopterWreck category patrol count: 1
08:21:07.383 [VehicleEnter] Player "Lozergod" (id=f6o5reGZK1apFSzOwnbzYEHfAXAMOXbXZqu1fYDG5tE=) entered vehicle Olga 24 (id=B9964E3A704B0949A3C7FE99D3CDCF68 pos=<11301.2, 184.69, 9572.89>) as driver
08:21:09.617 [VehicleEngine] Player "Lozergod" (id=f6o5reGZK1apFSzOwnbzYEHfAXAMOXbXZqu1fYDG5tE=) started vehicle Olga 24 (id=B9964E3A704B0949A3C7FE99D3CDCF68 pos=<11301.2, 184.69, 9572.89>)
08:22:45.428 [AI Object Patrol 00047] Despawning 3 East bots (spawn position <11147.773438, 248.773987, 6255.216797>, 0/3 deceased)
08:22:45.439 [AI Object Patrol 00047] Global patrol count: 1
08:22:45.448 [AI Object Patrol 00047] HelicopterWreck category patrol count: 0
08:23:21.676 [AI Patrol 00019] Spawning 2 East bots at <9195.775391, 198.588089, 11011.789063>
08:23:21.704 [AI Patrol 00019] Global patrol count: 2
08:23:21.715 [AI Patrol 00019] Patrol category patrol count: 2
08:28:25.803 [AI Object Patrol 00013] Spawning 2 West bots at <4233.687012, 238.160004, 10445.897461>
08:28:25.903 [AI Object Patrol 00013] Global patrol count: 3
08:28:25.914 [AI Object Patrol 00013] ContaminatedArea category patrol count: 1
08:28:54.237 [VehicleEngine] Player "NULL" (id=NULL) stopped vehicle Olga 24 (id=B9964E3A704B0949A3C7FE99D3CDCF68 pos=<5010.97, 192.35, 9966.85>)
08:28:54.261 [VehicleLeave] Player "Lozergod" (id=f6o5reGZK1apFSzOwnbzYEHfAXAMOXbXZqu1fYDG5tE=) left vehicle Olga 24 (id=B9964E3A704B0949A3C7FE99D3CDCF68 pos=<5010.97, 192.35, 9966.85>)
08:29:41.331 [VehicleEnter] Player "Lozergod" (id=f6o5reGZK1apFSzOwnbzYEHfAXAMOXbXZqu1fYDG5tE=) entered vehicle Olga 24 (id=B9964E3A704B0949A3C7FE99D3CDCF68 pos=<5010.97, 192.35, 9966.85>) as driver
08:32:44.866 [VehicleEngine] Player "Lozergod" (id=f6o5reGZK1apFSzOwnbzYEHfAXAMOXbXZqu1fYDG5tE=) started vehicle Olga 24 (id=B9964E3A704B0949A3C7FE99D3CDCF68 pos=<5010.97, 192.35, 9966.85>)
08:32:51.841 [AI Object Patrol 00014] Spawning 3 West bots at <4074.798584, 238.160004, 10343.814453>
08:32:51.871 [AI Object Patrol 00014] Global patrol count: 4
08:32:51.880 [AI Object Patrol 00014] ContaminatedArea category patrol count: 2
08:34:21.016 [AI Patrol 00019] Despawning 2 East bots (spawn position <9195.775391, 198.588089, 11011.789063>, 0/2 deceased)
08:34:21.026 [AI Patrol 00019] Global patrol count: 3
08:34:21.037 [AI Patrol 00019] Patrol category patrol count: 1
08:35:56.144 [VehicleEngine] Player "NULL" (id=NULL) stopped vehicle Olga 24 (id=B9964E3A704B0949A3C7FE99D3CDCF68 pos=<3627.64, 238.83, 10070>)
08:35:56.178 [VehicleLeave] Player "Lozergod" (id=f6o5reGZK1apFSzOwnbzYEHfAXAMOXbXZqu1fYDG5tE=) left vehicle Olga 24 (id=B9964E3A704B0949A3C7FE99D3CDCF68 pos=<3627.64, 238.83, 10070>)
08:41:06.099 [SpawnSelection] Player "Lozergod" (id=f6o5reGZK1apFSzOwnbzYEHfAXAMOXbXZqu1fYDG5tE=) spawned at <11427.000000, 351.248993, 2917.889893>
08:41:06.186 [AI Object Patrol 00061] Spawning 1 East bots at <11075.509766, 346.581024, 2124.128662>
08:41:06.303 [AI Object Patrol 00061] Global patrol count: 4
08:41:06.317 [AI Object Patrol 00061] HelicopterWreck category patrol count: 1
08:41:22.560 [Chat - Global]("Lozergod"(id=f6o5reGZK1apFSzOwnbzYEHfAXAMOXbXZqu1fYDG5tE=)): got blasted at the airport... fukkkk
08:41:46.194 [Chat - Global]("Bad Boy"(id=7EOOpe6Cv8QB45p22zWB29TPheQCYualmurDzSA3CR0=)): Hah
08:41:50.038 [Chat - Global]("Bad Boy"(id=7EOOpe6Cv8QB45p22zWB29TPheQCYualmurDzSA3CR0=)): I'm sick, don't even know how.
08:42:59.868 [Chat - Global]("Lozergod"(id=f6o5reGZK1apFSzOwnbzYEHfAXAMOXbXZqu1fYDG5tE=)): i was trying to get that little bird up there
08:50:12.802 [AI Object Patrol 00014] Despawning 2 West bots (spawn position <4074.798584, 238.160004, 10343.814453>, 1/3 deceased)
08:50:12.985 [AI Object Patrol 00014] Global patrol count: 3
08:50:13.105 [AI Object Patrol 00014] ContaminatedArea category patrol count: 1
08:50:13.693 [AI Object Patrol 00013] Despawning 2 West bots (spawn position <4233.687012, 238.160004, 10445.897461>, 0/2 deceased)
08:50:13.703 [AI Object Patrol 00013] Global patrol count: 2
08:50:13.713 [AI Object Patrol 00013] ContaminatedArea category patrol count: 0
08:55:07.623 [VehicleEnter] Player "Lozergod" (id=f6o5reGZK1apFSzOwnbzYEHfAXAMOXbXZqu1fYDG5tE=) entered vehicle Gyrocopter (id=F62CBCDDE9419F75EE65C396752884D1 pos=<11611.1, 265.84, 1954.71>) as pilot
08:55:09.437 [VehicleEngine] Player "Lozergod" (id=f6o5reGZK1apFSzOwnbzYEHfAXAMOXbXZqu1fYDG5tE=) started vehicle Gyrocopter (id=F62CBCDDE9419F75EE65C396752884D1 pos=<11611.1, 265.84, 1954.7>)
08:55:35.506 [Chat - Global]("Lozergod"(id=f6o5reGZK1apFSzOwnbzYEHfAXAMOXbXZqu1fYDG5tE=)): gotta get back to my body
08:56:10.051 [AI Object Patrol 00056] Spawning 2 West bots at <9878.784180, 346.961731, 3673.819092>
08:56:10.076 [AI Object Patrol 00056] Global patrol count: 3
08:56:10.087 [AI Object Patrol 00056] ContaminatedArea category patrol count: 1
08:57:42.041 [AI Object Patrol 00010] Spawning 3 West bots at <7919.264160, 242.833191, 5704.822266>
08:57:42.073 [AI Object Patrol 00010] Global patrol count: 4
08:57:42.084 [AI Object Patrol 00010] ContaminatedArea category patrol count: 2
08:58:15.403 [AI Object Patrol 00063] Spawning 2 East bots at <7925.386719, 280.072418, 6606.509277>
08:58:15.430 [AI Object Patrol 00063] Global patrol count: 5
08:58:15.440 [AI Object Patrol 00063] HelicopterWreck category patrol count: 2
09:01:39.740 [VehicleEngine] Player "NULL" (id=NULL) stopped vehicle Gyrocopter (id=F62CBCDDE9419F75EE65C396752884D1 pos=<3626.66, 238.27, 10059.5>)
09:01:39.763 [VehicleLeave] Player "Lozergod" (id=f6o5reGZK1apFSzOwnbzYEHfAXAMOXbXZqu1fYDG5tE=) left vehicle Gyrocopter (id=F62CBCDDE9419F75EE65C396752884D1 pos=<3626.66, 238.27, 10059.5>)
09:02:51.029 [VehicleEnter] Player "Lozergod" (id=f6o5reGZK1apFSzOwnbzYEHfAXAMOXbXZqu1fYDG5tE=) entered vehicle Gyrocopter (id=F62CBCDDE9419F75EE65C396752884D1 pos=<3626.71, 238.27, 10059.5>) as pilot
09:02:53.562 [VehicleEngine] Player "Lozergod" (id=f6o5reGZK1apFSzOwnbzYEHfAXAMOXbXZqu1fYDG5tE=) started vehicle Gyrocopter (id=F62CBCDDE9419F75EE65C396752884D1 pos=<3626.72, 238.27, 10059.5>)
09:03:03.675 [AI Object Patrol 00056] Despawning 2 West bots (spawn position <9878.784180, 346.961731, 3673.819092>, 0/2 deceased)
09:03:03.685 [AI Object Patrol 00056] Global patrol count: 4
09:03:03.695 [AI Object Patrol 00056] ContaminatedArea category patrol count: 1
09:03:03.928 [AI Object Patrol 00015] Spawning 3 West bots at <3779.916016, 228.050980, 10461.587891>
09:03:03.964 [AI Object Patrol 00015] Global patrol count: 5
09:03:03.974 [AI Object Patrol 00015] ContaminatedArea category patrol count: 2
09:04:56.451 [AI Object Patrol 00061] Despawning 1 East bots (spawn position <11075.509766, 346.581024, 2124.128662>, 0/1 deceased)
09:04:56.460 [AI Object Patrol 00061] Global patrol count: 4
09:04:56.469 [AI Object Patrol 00061] HelicopterWreck category patrol count: 1
09:08:41.417 [VehicleEngine] Player "NULL" (id=NULL) stopped vehicle Gyrocopter (id=F62CBCDDE9419F75EE65C396752884D1 pos=<9887.47, 351.79, 3789.54>)
09:08:41.461 [VehicleLeave] Player "Lozergod" (id=f6o5reGZK1apFSzOwnbzYEHfAXAMOXbXZqu1fYDG5tE=) left vehicle Gyrocopter (id=F62CBCDDE9419F75EE65C396752884D1 pos=<9887.47, 351.79, 3789.54>)
09:08:44.809 [AI Object Patrol 00010] Despawning 3 West bots (spawn position <7919.264160, 242.833191, 5704.822266>, 0/3 deceased)
09:08:44.819 [AI Object Patrol 00010] Global patrol count: 3
09:08:44.828 [AI Object Patrol 00010] ContaminatedArea category patrol count: 1
09:08:53.860 [AI Object Patrol 00063] Despawning 2 East bots (spawn position <7925.386719, 280.072418, 6606.509277>, 0/2 deceased)
09:08:53.897 [AI Object Patrol 00063] Global patrol count: 2
09:08:53.949 [AI Object Patrol 00063] HelicopterWreck category patrol count: 0
09:09:40.705 [Chat - Global]("Mr. Blue"(id=Lw52hZyZO7pZP21eLhjYCVUz5rrRVAodhUgchUxGS8A=)): Anyone know what the hacked crates are?
09:11:05.922 [Chat - Global]("Bad Boy"(id=7EOOpe6Cv8QB45p22zWB29TPheQCYualmurDzSA3CR0=)): Its a thing some servers have - I don't think they're working properly though.
09:12:06.778 [Chat - Global]("Mr. Blue"(id=Lw52hZyZO7pZP21eLhjYCVUz5rrRVAodhUgchUxGS8A=)): Roger that. I almost died last night. Got gassed in the middle of Lembork with no stam. Recovering atm
09:12:29.951 [Chat - Global]("Lozergod"(id=f6o5reGZK1apFSzOwnbzYEHfAXAMOXbXZqu1fYDG5tE=)): yea, those crates are for cherno
09:12:37.661 [Chat - Global]("Bad Boy"(id=7EOOpe6Cv8QB45p22zWB29TPheQCYualmurDzSA3CR0=)): Ive been dying left and right lol.
09:12:51.397 [Chat - Global]("Lozergod"(id=f6o5reGZK1apFSzOwnbzYEHfAXAMOXbXZqu1fYDG5tE=)): i've died twice just today...
09:12:54.722 [Chat - Global]("Bad Boy"(id=7EOOpe6Cv8QB45p22zWB29TPheQCYualmurDzSA3CR0=)): Trying to get a damn vehicle.
09:13:17.529 [Chat - Global]("Lozergod"(id=f6o5reGZK1apFSzOwnbzYEHfAXAMOXbXZqu1fYDG5tE=)): i left a good to go Olga at the west side of the airport where theres no gas
09:13:22.971 [Chat - Global]("Lozergod"(id=f6o5reGZK1apFSzOwnbzYEHfAXAMOXbXZqu1fYDG5tE=)): if anyone wants it
09:13:39.324 [AI Object Patrol 00015] Despawning 3 West bots (spawn position <3779.916016, 228.050980, 10461.587891>, 0/3 deceased)
09:13:39.335 [AI Object Patrol 00015] Global patrol count: 1
09:13:39.345 [AI Object Patrol 00015] ContaminatedArea category patrol count: 0
09:14:00.398 [Chat - Global]("Bad Boy"(id=7EOOpe6Cv8QB45p22zWB29TPheQCYualmurDzSA3CR0=)): The airport north of the river?
09:14:06.737 [Chat - Global]("Lozergod"(id=f6o5reGZK1apFSzOwnbzYEHfAXAMOXbXZqu1fYDG5tE=)): yep
09:14:10.842 [Chat - Global]("Lozergod"(id=f6o5reGZK1apFSzOwnbzYEHfAXAMOXbXZqu1fYDG5tE=)): the one thats gassed
09:14:17.428 [Chat - Global]("Bad Boy"(id=7EOOpe6Cv8QB45p22zWB29TPheQCYualmurDzSA3CR0=)): Is car in the gas?
09:14:25.220 [Chat - Global]("Lozergod"(id=f6o5reGZK1apFSzOwnbzYEHfAXAMOXbXZqu1fYDG5tE=)): no, its outside the gas
09:14:30.094 [Chat - Global]("Lozergod"(id=f6o5reGZK1apFSzOwnbzYEHfAXAMOXbXZqu1fYDG5tE=)): on the west side
09:14:35.504 [Chat - Global]("Bad Boy"(id=7EOOpe6Cv8QB45p22zWB29TPheQCYualmurDzSA3CR0=)): Gotcha - does it need gas?
09:14:41.164 [Chat - Global]("Lozergod"(id=f6o5reGZK1apFSzOwnbzYEHfAXAMOXbXZqu1fYDG5tE=)): nope, it's good to go
09:14:54.191 [Chat - Global]("Bad Boy"(id=7EOOpe6Cv8QB45p22zWB29TPheQCYualmurDzSA3CR0=)): Ok - not near there, but might grab it if I end up there.
09:15:03.368 [Chat - Global]("Bad Boy"(id=7EOOpe6Cv8QB45p22zWB29TPheQCYualmurDzSA3CR0=)): My base is just so far from anything, I need a vehicle.
09:17:02.604 [VehicleEnter] Player "Lozergod" (id=f6o5reGZK1apFSzOwnbzYEHfAXAMOXbXZqu1fYDG5tE=) entered vehicle Gyrocopter (id=F62CBCDDE9419F75EE65C396752884D1 pos=<9887.47, 351.78, 3789.96>) as pilot
09:17:05.571 [VehicleEngine] Player "Lozergod" (id=f6o5reGZK1apFSzOwnbzYEHfAXAMOXbXZqu1fYDG5tE=) started vehicle Gyrocopter (id=F62CBCDDE9419F75EE65C396752884D1 pos=<9887.47, 351.78, 3789.99>)
09:17:45.220 [AI Object Patrol 00068] Spawning 3 West bots at <10194.280273, 242.635712, 2240.641602>
09:17:45.260 [AI Object Patrol 00068] Global patrol count: 2
09:17:45.278 [AI Object Patrol 00068] ContaminatedArea category patrol count: 1
09:19:12.388 [VehicleEngine] Player "NULL" (id=NULL) stopped vehicle Gyrocopter (id=F62CBCDDE9419F75EE65C396752884D1 pos=<11613.4, 265.86, 1956.38>)
09:19:12.418 [VehicleLeave] Player "Lozergod" (id=f6o5reGZK1apFSzOwnbzYEHfAXAMOXbXZqu1fYDG5tE=) left vehicle Gyrocopter (id=F62CBCDDE9419F75EE65C396752884D1 pos=<11613.4, 265.86, 1956.38>)
09:28:33.675 [AI Object Patrol 00068] Despawning 3 West bots (spawn position <10194.280273, 242.635712, 2240.641602>, 0/3 deceased)
09:28:33.685 [AI Object Patrol 00068] Global patrol count: 1
09:28:33.696 [AI Object Patrol 00068] ContaminatedArea category patrol count: 0
09:32:12.217 [Chat - Global]("Mr. Blue"(id=Lw52hZyZO7pZP21eLhjYCVUz5rrRVAodhUgchUxGS8A=)): I left a good to go Huey south of Lembork if someone wants. It needs Battery, Plug, Hoses, but is 100 good to fly
09:32:29.267 [Chat - Global]("Mr. Blue"(id=Lw52hZyZO7pZP21eLhjYCVUz5rrRVAodhUgchUxGS8A=)): 500 storage. Plenty of fuel
09:32:46.264 [Chat - Global]("Mr. Blue"(id=Lw52hZyZO7pZP21eLhjYCVUz5rrRVAodhUgchUxGS8A=)): It's just south of the mili base in the field.
09:33:02.307 [Chat - Global]("Bad Boy"(id=7EOOpe6Cv8QB45p22zWB29TPheQCYualmurDzSA3CR0=)): Why you leave it?
09:34:11.388 [Chat - Global]("Mr. Blue"(id=Lw52hZyZO7pZP21eLhjYCVUz5rrRVAodhUgchUxGS8A=)): Hoarding since when I started no one was no here. No need 
09:34:25.135 [Chat - Global]("Mr. Blue"(id=Lw52hZyZO7pZP21eLhjYCVUz5rrRVAodhUgchUxGS8A=)): I have a Gyro and Little bird here at base.
09:34:30.542 [Chat - Global]("Bad Boy"(id=7EOOpe6Cv8QB45p22zWB29TPheQCYualmurDzSA3CR0=)): Dope.
09:34:52.606 [Chat - Global]("Bad Boy"(id=7EOOpe6Cv8QB45p22zWB29TPheQCYualmurDzSA3CR0=)): I found a Merlin.
09:35:01.967 [Chat - Global]("Bad Boy"(id=7EOOpe6Cv8QB45p22zWB29TPheQCYualmurDzSA3CR0=)): But it won't let me in.. odd. It doesn't have wheels, maybe that's it?
09:35:07.954 [Chat - Global]("Dan"(id=J3DN6WXzRjVAt4j_gUAEgL4v34hqtXpOtTWQ5nCMCS0=)): hard to fly the merlin
09:35:15.420 [Chat - Global]("Mr. Blue"(id=Lw52hZyZO7pZP21eLhjYCVUz5rrRVAodhUgchUxGS8A=)): Have to get in the rear of the Merlin
09:35:22.422 [Chat - Global]("Bad Boy"(id=7EOOpe6Cv8QB45p22zWB29TPheQCYualmurDzSA3CR0=)): I am trying.. lol.
09:35:23.043 [Chat - Global]("Mr. Blue"(id=Lw52hZyZO7pZP21eLhjYCVUz5rrRVAodhUgchUxGS8A=)): Then you can sit in the seat
09:37:23.973 [Chat - Global]("Mr. Blue"(id=Lw52hZyZO7pZP21eLhjYCVUz5rrRVAodhUgchUxGS8A=)): Helis are funny. The Gyro is the best imo. Just need battery and spark plug and it doesn't seem to get damaged.
09:37:40.876 [Chat - Global]("Mr. Blue"(id=Lw52hZyZO7pZP21eLhjYCVUz5rrRVAodhUgchUxGS8A=)): All others if they are somewhat damaged the spin like crazy
09:38:41.366 [Chat - Global]("Mr. Blue"(id=Lw52hZyZO7pZP21eLhjYCVUz5rrRVAodhUgchUxGS8A=)): You can repair them with the red wrench. The owner and I Snake basically where just blowing them up when they got damaged. Blown up ones respawn eventually 
09:43:12.389 [Chat - Global]("Bad Boy"(id=7EOOpe6Cv8QB45p22zWB29TPheQCYualmurDzSA3CR0=)): easiest way to blow up?
09:43:28.203 [Chat - Global]("Bad Boy"(id=7EOOpe6Cv8QB45p22zWB29TPheQCYualmurDzSA3CR0=)): Also - does red wrench repair components like spark plugs?
09:45:41.264 [Chat - Global]("Mr. Blue"(id=Lw52hZyZO7pZP21eLhjYCVUz5rrRVAodhUgchUxGS8A=)): Red Wrench just repairs the vehicle. Blowing them up requires what you would think. Usually just shoot them
09:45:52.951 [Chat - Global]("Bad Boy"(id=7EOOpe6Cv8QB45p22zWB29TPheQCYualmurDzSA3CR0=)): Gotcha.
09:46:05.181 [Chat - Global]("Bad Boy"(id=7EOOpe6Cv8QB45p22zWB29TPheQCYualmurDzSA3CR0=)): I found a car that needed a lot of work so was trying to use grenades.
09:46:28.409 [Chat - Global]("Mr. Blue"(id=Lw52hZyZO7pZP21eLhjYCVUz5rrRVAodhUgchUxGS8A=)): That should work.  Easier to shoot them since there is ammo everywhee
09:47:34.770 [Chat - Global]("Mr. Blue"(id=Lw52hZyZO7pZP21eLhjYCVUz5rrRVAodhUgchUxGS8A=)): I blew up a white Merlin a day or so ago at the airfield. It was fucked stuck on a fence. 5-10 shots it starts smoking. 20 or so more and it exploded.
09:48:50.993 [Chat - Global]("Mr. Blue"(id=Lw52hZyZO7pZP21eLhjYCVUz5rrRVAodhUgchUxGS8A=)): There's no rules, so you could do that to people's at their bases. But on here that is just asshole mode imo.
09:49:15.173 [AI Object Patrol 00072] Spawning 1 East bots at <4706.475586, 426.808990, 3227.931152>
09:49:15.200 [AI Object Patrol 00072] Global patrol count: 2
09:49:15.211 [AI Object Patrol 00072] HelicopterWreck category patrol count: 1
09:50:24.457 [Chat - Global]("Bad Boy"(id=7EOOpe6Cv8QB45p22zWB29TPheQCYualmurDzSA3CR0=)): Do you know if Merlin has special wheels or if I can just use car wheels?
09:50:39.725 [Chat - Global]("Mr. Blue"(id=Lw52hZyZO7pZP21eLhjYCVUz5rrRVAodhUgchUxGS8A=)): Special wheels
09:51:13.399 [AI Object Patrol 00072] Despawning 1 East bots (spawn position <4706.475586, 426.808990, 3227.931152>, 0/1 deceased)
09:51:13.409 [AI Object Patrol 00072] Global patrol count: 1
09:51:13.419 [AI Object Patrol 00072] HelicopterWreck category patrol count: 0
09:54:20.476 [AI Object Patrol 00077] Spawning 2 East bots at <5514.638184, 386.360870, 4911.717285>
09:54:20.501 [AI Object Patrol 00077] Global patrol count: 2
09:54:20.511 [AI Object Patrol 00077] HelicopterWreck category patrol count: 1
10:12:30.578 [VehicleEnter] Player "Bad Boy" (id=7EOOpe6Cv8QB45p22zWB29TPheQCYualmurDzSA3CR0=) entered vehicle Ada 4x4 (id=771D7DA8F64569855385769D64788CD3 pos=<6149.81, 386.5, 4119.28>) as driver
10:12:46.016 [VehicleEngine] Player "Bad Boy" (id=7EOOpe6Cv8QB45p22zWB29TPheQCYualmurDzSA3CR0=) started vehicle Ada 4x4 (id=771D7DA8F64569855385769D64788CD3 pos=<6149.81, 386.5, 4119.28>)
10:14:03.629 [VehicleEngine] Player "Bad Boy" (id=7EOOpe6Cv8QB45p22zWB29TPheQCYualmurDzSA3CR0=) stopped vehicle Ada 4x4 (id=771D7DA8F64569855385769D64788CD3 pos=<5628.62, 376.24, 5084.85>)
10:14:12.365 [VehicleLeave] Player "Bad Boy" (id=7EOOpe6Cv8QB45p22zWB29TPheQCYualmurDzSA3CR0=) left vehicle Ada 4x4 (id=771D7DA8F64569855385769D64788CD3 pos=<5628.62, 376.24, 5084.85>)
10:18:13.194 [VehicleEnter] Player "Bad Boy" (id=7EOOpe6Cv8QB45p22zWB29TPheQCYualmurDzSA3CR0=) entered vehicle Ada 4x4 (id=771D7DA8F64569855385769D64788CD3 pos=<5628.62, 376.24, 5084.85>) as driver
10:18:20.755 [VehicleEngine] Player "Bad Boy" (id=7EOOpe6Cv8QB45p22zWB29TPheQCYualmurDzSA3CR0=) started vehicle Ada 4x4 (id=771D7DA8F64569855385769D64788CD3 pos=<5628.62, 376.24, 5084.85>)
10:19:09.482 [VehicleEngine] Player "Bad Boy" (id=7EOOpe6Cv8QB45p22zWB29TPheQCYualmurDzSA3CR0=) stopped vehicle Ada 4x4 (id=771D7DA8F64569855385769D64788CD3 pos=<5233.64, 368.67, 5575.79>)
10:19:11.660 [VehicleLeave] Player "Bad Boy" (id=7EOOpe6Cv8QB45p22zWB29TPheQCYualmurDzSA3CR0=) left vehicle Ada 4x4 (id=771D7DA8F64569855385769D64788CD3 pos=<5233.64, 368.67, 5575.79>)
10:21:09.534 [VehicleEnter] Player "Bad Boy" (id=7EOOpe6Cv8QB45p22zWB29TPheQCYualmurDzSA3CR0=) entered vehicle Ada 4x4 (id=771D7DA8F64569855385769D64788CD3 pos=<5233.64, 368.67, 5575.79>) as driver
10:23:58.419 [VehicleEngine] Player "Bad Boy" (id=7EOOpe6Cv8QB45p22zWB29TPheQCYualmurDzSA3CR0=) started vehicle Ada 4x4 (id=771D7DA8F64569855385769D64788CD3 pos=<5233.64, 368.67, 5575.79>)
10:24:40.997 [VehicleEnter] Player "Lozergod" (id=f6o5reGZK1apFSzOwnbzYEHfAXAMOXbXZqu1fYDG5tE=) entered vehicle Gyrocopter (id=F62CBCDDE9419F75EE65C396752884D1 pos=<11613.4, 265.86, 1956.66>) as pilot
10:24:42.826 [VehicleEngine] Player "Lozergod" (id=f6o5reGZK1apFSzOwnbzYEHfAXAMOXbXZqu1fYDG5tE=) started vehicle Gyrocopter (id=F62CBCDDE9419F75EE65C396752884D1 pos=<11613.4, 265.86, 1956.69>)
10:25:25.487 [AI Object Patrol 00008] Spawning 1 West bots at <7384.908203, 231.781311, 6119.404297>
10:25:25.517 [AI Object Patrol 00008] Global patrol count: 3
10:25:25.528 [AI Object Patrol 00008] ContaminatedArea category patrol count: 1
10:25:25.540 [AI Object Patrol 00009] Spawning 3 West bots at <7371.260742, 226.915985, 6324.678711>
10:25:25.568 [AI Object Patrol 00009] Global patrol count: 4
10:25:25.583 [AI Object Patrol 00009] ContaminatedArea category patrol count: 2
10:25:48.041 [AI Object Patrol 00077] Despawning 2 East bots (spawn position <5514.638184, 386.360870, 4911.717285>, 0/2 deceased)
10:25:48.051 [AI Object Patrol 00077] Global patrol count: 3
10:25:48.060 [AI Object Patrol 00077] HelicopterWreck category patrol count: 0
10:26:25.085 [VehicleEngine] Player "Bad Boy" (id=7EOOpe6Cv8QB45p22zWB29TPheQCYualmurDzSA3CR0=) stopped vehicle Ada 4x4 (id=771D7DA8F64569855385769D64788CD3 pos=<4699.59, 324.42, 6738.09>)
10:26:49.919 [AI Object Patrol 00086] Spawning 1 East bots at <6842.536133, 223.988617, 8601.871094>
10:26:49.956 [AI Object Patrol 00086] Global patrol count: 4
10:26:49.966 [AI Object Patrol 00086] HelicopterWreck category patrol count: 1
10:27:01.028 [AI Object Patrol 00082] Spawning 3 East bots at <7783.339844, 345.652679, 978.898743>
10:27:01.059 [AI Object Patrol 00082] Global patrol count: 5
10:27:01.070 [AI Object Patrol 00082] HelicopterWreck category patrol count: 2
10:28:06.757 [SpawnSelection] Player "Bad Boy" (id=7EOOpe6Cv8QB45p22zWB29TPheQCYualmurDzSA3CR0=) spawned at <3096.280029, 234.132996, 6778.950195>
10:29:20.742 [VehicleEngine] Player "NULL" (id=NULL) stopped vehicle Gyrocopter (id=F62CBCDDE9419F75EE65C396752884D1 pos=<5084.35, 510.4, 2125.06>)
10:29:20.766 [VehicleLeave] Player "Lozergod" (id=f6o5reGZK1apFSzOwnbzYEHfAXAMOXbXZqu1fYDG5tE=) left vehicle Gyrocopter (id=F62CBCDDE9419F75EE65C396752884D1 pos=<5084.35, 510.4, 2125.06>)
10:30:30.268 [AI Object Patrol 00082] Despawning 3 East bots (spawn position <7783.339844, 345.652679, 978.898743>, 0/3 deceased)
10:30:30.419 [AI Object Patrol 00082] Global patrol count: 4
10:30:30.580 [AI Object Patrol 00082] HelicopterWreck category patrol count: 1
10:31:30.232 [SpawnSelection] Player "NickTDrizzy" (id=fzd8mumj1VPzVcH_vKQyOZDa8Y7YQ1MVWhxYlcHMvMw=) spawned at <6517.890137, 308.565002, 4777.350098>
10:31:34.917 [VehicleEnter] Player "Lozergod" (id=f6o5reGZK1apFSzOwnbzYEHfAXAMOXbXZqu1fYDG5tE=) entered vehicle Gyrocopter (id=F62CBCDDE9419F75EE65C396752884D1 pos=<5084.42, 510.4, 2124.57>) as pilot
10:31:36.966 [VehicleEngine] Player "Lozergod" (id=f6o5reGZK1apFSzOwnbzYEHfAXAMOXbXZqu1fYDG5tE=) started vehicle Gyrocopter (id=F62CBCDDE9419F75EE65C396752884D1 pos=<5084.42, 510.4, 2124.55>)
10:33:07.176 [AI Patrol 00017] West bots were wiped out (spawn position <7543.957031, 312.039429, 2684.906006>, 2/2 deceased)
10:33:07.193 [AI Patrol 00017] Global patrol count: 3
10:33:07.207 [AI Patrol 00017] Patrol category patrol count: 0
10:33:32.745 [SpawnSelection] Player "NickTDrizzy" (id=fzd8mumj1VPzVcH_vKQyOZDa8Y7YQ1MVWhxYlcHMvMw=) spawned at <6494.669922, 308.559998, 4704.560059>
10:36:01.185 [VehicleEngine] Player "Lozergod" (id=f6o5reGZK1apFSzOwnbzYEHfAXAMOXbXZqu1fYDG5tE=) stopped vehicle Gyrocopter (id=F62CBCDDE9419F75EE65C396752884D1 pos=<4057.54, 302.15, 6607.06>)
10:38:52.659 [AI Object Patrol 00009] Despawning 3 West bots (spawn position <7371.260742, 226.915985, 6324.678711>, 0/3 deceased)
10:38:52.669 [AI Object Patrol 00009] Global patrol count: 2
10:38:52.680 [AI Object Patrol 00009] ContaminatedArea category patrol count: 1
10:38:53.362 [AI Object Patrol 00008] Despawning 1 West bots (spawn position <7384.908203, 231.781311, 6119.404297>, 0/1 deceased)
10:38:53.372 [AI Object Patrol 00008] Global patrol count: 1
10:38:53.382 [AI Object Patrol 00008] ContaminatedArea category patrol count: 0
10:38:55.581 [AI Object Patrol 00088] Spawning 2 West bots at <6368.459961, 212.349701, 8294.242188>
10:38:55.605 [AI Object Patrol 00088] Global patrol count: 2
10:38:55.615 [AI Object Patrol 00088] ContaminatedArea category patrol count: 1
10:40:30.789 [VehicleEngine] Player "Lozergod" (id=f6o5reGZK1apFSzOwnbzYEHfAXAMOXbXZqu1fYDG5tE=) started vehicle Gyrocopter (id=F62CBCDDE9419F75EE65C396752884D1 pos=<4058.56, 302.19, 6606.76>)
10:41:05.341 [VehicleEngine] Player "NULL" (id=NULL) stopped vehicle Gyrocopter (id=F62CBCDDE9419F75EE65C396752884D1 pos=<4422.4, 316.22, 6697.86>)
10:41:05.453 [VehicleLeave] Player "Lozergod" (id=f6o5reGZK1apFSzOwnbzYEHfAXAMOXbXZqu1fYDG5tE=) left vehicle Gyrocopter (id=F62CBCDDE9419F75EE65C396752884D1 pos=<4422.4, 316.22, 6697.86>)
10:41:13.845 [Chat - Global]("Mr_PaperChaser"(id=IEr3S6pmlkv81CqcBXldEhpTG1tpqiyw1JHTRjxGyC0=)): anyone else getting very slow gfx load time?
10:49:44.474 [AI Object Patrol 00086] Despawning 1 East bots (spawn position <6842.536133, 223.988617, 8601.871094>, 0/1 deceased)
10:49:44.484 [AI Object Patrol 00086] Global patrol count: 1
10:49:44.494 [AI Object Patrol 00086] HelicopterWreck category patrol count: 0
10:50:01.222 [VehicleEnter] Player "Lozergod" (id=f6o5reGZK1apFSzOwnbzYEHfAXAMOXbXZqu1fYDG5tE=) entered vehicle Gyrocopter (id=F62CBCDDE9419F75EE65C396752884D1 pos=<4421.66, 316.22, 6697.97>) as pilot
10:50:03.639 [VehicleEngine] Player "Lozergod" (id=f6o5reGZK1apFSzOwnbzYEHfAXAMOXbXZqu1fYDG5tE=) started vehicle Gyrocopter (id=F62CBCDDE9419F75EE65C396752884D1 pos=<4421.64, 316.22, 6697.98>)
10:52:23.603 [Chat - Global]("Lozergod"(id=f6o5reGZK1apFSzOwnbzYEHfAXAMOXbXZqu1fYDG5tE=)): nice to have in game map
10:52:25.103 [AI Object Patrol 00089] Spawning 2 East bots at <7504.585938, 255.676971, 7035.247559>
10:52:25.128 [AI Object Patrol 00089] Global patrol count: 2
10:52:25.138 [AI Object Patrol 00089] HelicopterWreck category patrol count: 1
10:52:37.530 [Chat - Global]("Akira"(id=_AiYSOqBTsXk7V79zSlYdl-x8y50J1nzzpoqKcKH0v8=)): heree
10:52:43.319 [Chat - Global]("Mr_PaperChaser"(id=IEr3S6pmlkv81CqcBXldEhpTG1tpqiyw1JHTRjxGyC0=)): \nice catch i didnt even see that
10:52:48.806 [Chat - Global]("Akira"(id=_AiYSOqBTsXk7V79zSlYdl-x8y50J1nzzpoqKcKH0v8=)): hows it goin
10:52:57.307 [Chat - Global]("Mr_PaperChaser"(id=IEr3S6pmlkv81CqcBXldEhpTG1tpqiyw1JHTRjxGyC0=)): \i wish i could turn off those crate icons thouh
10:53:00.103 [Chat - Global]("Mr_PaperChaser"(id=IEr3S6pmlkv81CqcBXldEhpTG1tpqiyw1JHTRjxGyC0=)): \though
10:53:38.363 [Chat - Global]("Akira"(id=_AiYSOqBTsXk7V79zSlYdl-x8y50J1nzzpoqKcKH0v8=)): you should be able tto click the 3d beside it
10:54:02.030 [Chat - Global]("Mr_PaperChaser"(id=IEr3S6pmlkv81CqcBXldEhpTG1tpqiyw1JHTRjxGyC0=)): \amazing thank you
10:55:31.575 [Chat - Global]("Lozergod"(id=f6o5reGZK1apFSzOwnbzYEHfAXAMOXbXZqu1fYDG5tE=)): i went to that little bird Paper
10:55:31.814 [Chat - Global]("Akira"(id=_AiYSOqBTsXk7V79zSlYdl-x8y50J1nzzpoqKcKH0v8=)): we plan on adding more in the next few days while also doing a loot balance
10:55:38.922 [Chat - Global]("Mr_PaperChaser"(id=IEr3S6pmlkv81CqcBXldEhpTG1tpqiyw1JHTRjxGyC0=)): \is it gone>?
10:55:46.390 [Chat - Global]("Lozergod"(id=f6o5reGZK1apFSzOwnbzYEHfAXAMOXbXZqu1fYDG5tE=)): no it's still there, i got wacked
10:55:53.057 [Chat - Global]("Mr_PaperChaser"(id=IEr3S6pmlkv81CqcBXldEhpTG1tpqiyw1JHTRjxGyC0=)): \akira are you admin too?
10:56:14.373 [Chat - Global]("Akira"(id=_AiYSOqBTsXk7V79zSlYdl-x8y50J1nzzpoqKcKH0v8=)): yea
10:56:23.827 [Chat - Global]("Mr_PaperChaser"(id=IEr3S6pmlkv81CqcBXldEhpTG1tpqiyw1JHTRjxGyC0=)): \by the ai?
10:56:24.030 [Chat - Global]("Lozergod"(id=f6o5reGZK1apFSzOwnbzYEHfAXAMOXbXZqu1fYDG5tE=)): nice
10:56:33.096 [Chat - Global]("Lozergod"(id=f6o5reGZK1apFSzOwnbzYEHfAXAMOXbXZqu1fYDG5tE=)): yea, the ai
10:56:37.469 [Chat - Global]("Mr_PaperChaser"(id=IEr3S6pmlkv81CqcBXldEhpTG1tpqiyw1JHTRjxGyC0=)): cause i got in and was messing with it and they never even saw me
10:56:41.922 [Chat - Global]("Mr_PaperChaser"(id=IEr3S6pmlkv81CqcBXldEhpTG1tpqiyw1JHTRjxGyC0=)): \it was at night though
10:56:52.700 [Chat - Global]("Lozergod"(id=f6o5reGZK1apFSzOwnbzYEHfAXAMOXbXZqu1fYDG5tE=)): my dumbass tried killing them
10:56:59.164 [Chat - Global]("Lozergod"(id=f6o5reGZK1apFSzOwnbzYEHfAXAMOXbXZqu1fYDG5tE=)): it was night too
10:57:06.974 [AI Object Patrol 00094] Spawning 3 East bots at <11837.160156, 280.595764, 6016.907227>
10:57:06.998 [AI Object Patrol 00094] Global patrol count: 3
10:57:07.008 [AI Object Patrol 00094] HelicopterWreck category patrol count: 2
10:57:10.048 [Chat - Global]("Mr_PaperChaser"(id=IEr3S6pmlkv81CqcBXldEhpTG1tpqiyw1JHTRjxGyC0=)): \yea you dun messed up a-a-ron
10:57:17.096 [Chat - Global]("Bad Boy"(id=7EOOpe6Cv8QB45p22zWB29TPheQCYualmurDzSA3CR0=)): you guys fighting ai?
10:57:24.845 [Chat - Global]("Akira"(id=_AiYSOqBTsXk7V79zSlYdl-x8y50J1nzzpoqKcKH0v8=)): are you two sharing a base?
10:57:26.373 [Chat - Global]("Lozergod"(id=f6o5reGZK1apFSzOwnbzYEHfAXAMOXbXZqu1fYDG5tE=)): i was, at the airport
10:57:36.908 [Chat - Global]("Bad Boy"(id=7EOOpe6Cv8QB45p22zWB29TPheQCYualmurDzSA3CR0=)): you leave the car there still?
10:57:43.079 [AI Object Patrol 00090] Spawning 2 East bots at <11397.547852, 298.331116, 5114.723633>
10:57:43.117 [AI Object Patrol 00090] Global patrol count: 4
10:57:43.127 [AI Object Patrol 00090] HelicopterWreck category patrol count: 3
10:57:46.615 [AI Object Patrol 00088] Despawning 2 West bots (spawn position <6368.459961, 212.349701, 8294.242188>, 0/2 deceased)
10:57:46.627 [AI Object Patrol 00088] Global patrol count: 3
10:57:46.640 [AI Object Patrol 00088] ContaminatedArea category patrol count: 0
10:57:49.791 [Chat - Direct]("NickTDrizzy"(id=fzd8mumj1VPzVcH_vKQyOZDa8Y7YQ1MVWhxYlcHMvMw=)): Did i just kill a player in an ai zone?
10:58:06.147 [Chat - Global]("NickTDrizzy"(id=fzd8mumj1VPzVcH_vKQyOZDa8Y7YQ1MVWhxYlcHMvMw=)): did someone just get shot in an ai zone?
10:58:14.398 [Chat - Global]("NickTDrizzy"(id=fzd8mumj1VPzVcH_vKQyOZDa8Y7YQ1MVWhxYlcHMvMw=)): might have been me i thought u were ai
10:58:26.549 [Chat - Global]("NickTDrizzy"(id=fzd8mumj1VPzVcH_vKQyOZDa8Y7YQ1MVWhxYlcHMvMw=)): get ur stuff back my bad
10:58:30.942 [Chat - Global]("Mr_PaperChaser"(id=IEr3S6pmlkv81CqcBXldEhpTG1tpqiyw1JHTRjxGyC0=)): \lol is that the first pvp 
10:58:50.233 [Chat - Global]("Akira"(id=_AiYSOqBTsXk7V79zSlYdl-x8y50J1nzzpoqKcKH0v8=)): very likely
10:59:10.857 [Chat - Global]("Mr_PaperChaser"(id=IEr3S6pmlkv81CqcBXldEhpTG1tpqiyw1JHTRjxGyC0=)): \ok truce is broken free for all!!!
10:59:16.600 [Chat - Global]("Lozergod"(id=f6o5reGZK1apFSzOwnbzYEHfAXAMOXbXZqu1fYDG5tE=)): noooooooooo
10:59:21.815 [Chat - Global]("NickTDrizzy"(id=fzd8mumj1VPzVcH_vKQyOZDa8Y7YQ1MVWhxYlcHMvMw=)): im in the nadbor ai zone my bad lol
10:59:36.574 [Chat - Global]("Mr_PaperChaser"(id=IEr3S6pmlkv81CqcBXldEhpTG1tpqiyw1JHTRjxGyC0=)): \im over there too i thought i heard non ai fighting
11:00:00.746 [Chat - Global]("NickTDrizzy"(id=fzd8mumj1VPzVcH_vKQyOZDa8Y7YQ1MVWhxYlcHMvMw=)): im suppressed so i just been shootin ai from the bushes and i saw one with a lillll more gear lol
11:00:27.097 [VehicleEngine] Player "NULL" (id=NULL) stopped vehicle Gyrocopter (id=F62CBCDDE9419F75EE65C396752884D1 pos=<11615, 265.63, 1960.34>)
11:00:27.122 [VehicleLeave] Player "Lozergod" (id=f6o5reGZK1apFSzOwnbzYEHfAXAMOXbXZqu1fYDG5tE=) left vehicle Gyrocopter (id=F62CBCDDE9419F75EE65C396752884D1 pos=<11615, 265.63, 1960.34>)
11:01:00.453 [Chat - Global]("Mr_PaperChaser"(id=IEr3S6pmlkv81CqcBXldEhpTG1tpqiyw1JHTRjxGyC0=)): \i think someone stole my truck lol
11:02:48.590 [VehicleEnter] Player "Mr_PaperChaser" (id=IEr3S6pmlkv81CqcBXldEhpTG1tpqiyw1JHTRjxGyC0=) entered vehicle Gyrocopter (id=6F8363EE314898EB930F5EB1E847EA5B pos=<6203.88, 391.86, 3968.75>) as pilot
11:02:53.397 [VehicleLeave] Player "Mr_PaperChaser" (id=IEr3S6pmlkv81CqcBXldEhpTG1tpqiyw1JHTRjxGyC0=) left vehicle Gyrocopter (id=6F8363EE314898EB930F5EB1E847EA5B pos=<6203.88, 391.86, 3968.83>)
11:03:08.329 [AI Object Patrol 00089] Despawning 2 East bots (spawn position <7504.585938, 255.676971, 7035.247559>, 0/2 deceased)
11:03:08.338 [AI Object Patrol 00089] Global patrol count: 2
11:03:08.348 [AI Object Patrol 00089] HelicopterWreck category patrol count: 2
11:04:12.857 [Chat - Global]("Bad Boy"(id=7EOOpe6Cv8QB45p22zWB29TPheQCYualmurDzSA3CR0=)): How long do bodies last?
11:04:16.006 [AI Object Patrol 00090] Despawning 2 East bots (spawn position <11397.547852, 298.331116, 5114.723633>, 0/2 deceased)
11:04:16.017 [AI Object Patrol 00090] Global patrol count: 1
11:04:16.028 [AI Object Patrol 00090] HelicopterWreck category patrol count: 1
11:04:43.264 [Chat - Global]("Mr_PaperChaser"(id=IEr3S6pmlkv81CqcBXldEhpTG1tpqiyw1JHTRjxGyC0=)): not sure the time but its awhile cause i had to go back for mine too
11:04:50.316 [SpawnSelection] Player "NickTDrizzy" (id=fzd8mumj1VPzVcH_vKQyOZDa8Y7YQ1MVWhxYlcHMvMw=) spawned at <11319.500000, 346.924988, 4229.870117>
11:05:03.668 [Chat - Global]("Bad Boy"(id=7EOOpe6Cv8QB45p22zWB29TPheQCYualmurDzSA3CR0=)): I was in a car and hit a barrier going fast and died.
11:05:09.231 [Chat - Global]("Bad Boy"(id=7EOOpe6Cv8QB45p22zWB29TPheQCYualmurDzSA3CR0=)): And my body is nowhere to be found lol.
11:05:14.382 [Chat - Global]("Mr_PaperChaser"(id=IEr3S6pmlkv81CqcBXldEhpTG1tpqiyw1JHTRjxGyC0=)): classic dayz death
11:05:28.837 [Chat - Global]("Bad Boy"(id=7EOOpe6Cv8QB45p22zWB29TPheQCYualmurDzSA3CR0=)): I had so much looooot dang it.
11:05:50.657 [Chat - Global]("Mr_PaperChaser"(id=IEr3S6pmlkv81CqcBXldEhpTG1tpqiyw1JHTRjxGyC0=)): yea theres too much loot here lol
11:06:04.111 [Chat - Global]("Bad Boy"(id=7EOOpe6Cv8QB45p22zWB29TPheQCYualmurDzSA3CR0=)): Well i keep dying and can't get it back to my base :(
11:06:18.037 [VehicleEnter] Player "Bad Boy" (id=7EOOpe6Cv8QB45p22zWB29TPheQCYualmurDzSA3CR0=) entered vehicle Ada 4x4 (id=771D7DA8F64569855385769D64788CD3 pos=<4702.18, 324.17, 6735.3>) as driver
11:06:30.112 [VehicleLeave] Player "Bad Boy" (id=7EOOpe6Cv8QB45p22zWB29TPheQCYualmurDzSA3CR0=) left vehicle Ada 4x4 (id=771D7DA8F64569855385769D64788CD3 pos=<4702.21, 324.17, 6735.27>)
11:07:05.259 [VehicleDeleted] ExpansionGyrocopter (id=6F8363EE314898EB930F5EB1E847EA5B pos=<6203.88, 391.86, 3968.83>)
11:07:05.268 [VehicleCover] Player "Mr_PaperChaser" (id=IEr3S6pmlkv81CqcBXldEhpTG1tpqiyw1JHTRjxGyC0= pos=<6202.86, 392.1, 3969.32>) covered vehicle "ExpansionGyrocopter" (GlobalID=80000000800000008000000080002E1D pos=<6203.88, 391.86, 3968.83>)!
11:08:04.697 [Chat - Global]("Mr_PaperChaser"(id=IEr3S6pmlkv81CqcBXldEhpTG1tpqiyw1JHTRjxGyC0=)): i cant find any .300 blackout has anyone seen it?
11:08:09.377 [Chat - Global]("Bad Boy"(id=7EOOpe6Cv8QB45p22zWB29TPheQCYualmurDzSA3CR0=)): Yea
11:08:10.385 [AI Object Patrol 00094] Despawning 3 East bots (spawn position <11837.160156, 280.595764, 6016.907227>, 0/3 deceased)
11:08:10.395 [AI Object Patrol 00094] Global patrol count: 0
11:08:10.405 [AI Object Patrol 00094] HelicopterWreck category patrol count: 0
11:08:29.534 [Chat - Global]("Mr_PaperChaser"(id=IEr3S6pmlkv81CqcBXldEhpTG1tpqiyw1JHTRjxGyC0=)): so atleast it exists 
11:09:07.937 [Chat - Global]("Mr_PaperChaser"(id=IEr3S6pmlkv81CqcBXldEhpTG1tpqiyw1JHTRjxGyC0=)): i just found someones crashed merlin in the woods
11:09:40.157 [Chat - Global]("Bad Boy"(id=7EOOpe6Cv8QB45p22zWB29TPheQCYualmurDzSA3CR0=)): Do you think my body disapeared or just was launched someone from the crash?
11:09:51.546 [Chat - Global]("Mr_PaperChaser"(id=IEr3S6pmlkv81CqcBXldEhpTG1tpqiyw1JHTRjxGyC0=)): it might have glitchd out
11:10:13.256 [Chat - Global]("Bad Boy"(id=7EOOpe6Cv8QB45p22zWB29TPheQCYualmurDzSA3CR0=)): i need to be more careful driving. :(
11:12:28.823 [VehicleEnter] Player "Mr_PaperChaser" (id=IEr3S6pmlkv81CqcBXldEhpTG1tpqiyw1JHTRjxGyC0=) entered vehicle Merlin (id=489EF7186D4DFC2EECDE47AFE6649F9E pos=<5700.69, 419.35, 3763.17>) as pilot
11:12:31.267 [VehicleEngine] Player "Mr_PaperChaser" (id=IEr3S6pmlkv81CqcBXldEhpTG1tpqiyw1JHTRjxGyC0=) started vehicle Merlin (id=489EF7186D4DFC2EECDE47AFE6649F9E pos=<5700.69, 419.35, 3763.17>)
11:14:58.102 [VehicleEngine] Player "Mr_PaperChaser" (id=IEr3S6pmlkv81CqcBXldEhpTG1tpqiyw1JHTRjxGyC0=) stopped vehicle Merlin (id=489EF7186D4DFC2EECDE47AFE6649F9E pos=<6191.16, 381.71, 3903.27>)
11:15:01.455 [VehicleLeave] Player "Mr_PaperChaser" (id=IEr3S6pmlkv81CqcBXldEhpTG1tpqiyw1JHTRjxGyC0=) left vehicle Merlin (id=489EF7186D4DFC2EECDE47AFE6649F9E pos=<6190.98, 381.56, 3903.56>)
11:15:53.014 [SpawnSelection] Player "Bad Boy" (id=7EOOpe6Cv8QB45p22zWB29TPheQCYualmurDzSA3CR0=) spawned at <1692.644165, 286.825073, 9950.559570>
11:17:38.068 [Chat - Global]("NickTDrizzy"(id=fzd8mumj1VPzVcH_vKQyOZDa8Y7YQ1MVWhxYlcHMvMw=)): is the server tweaking lol
11:18:49.615 [Chat - Global]("Akira"(id=_AiYSOqBTsXk7V79zSlYdl-x8y50J1nzzpoqKcKH0v8=)): it might be
11:20:51.549 [Chat - Global]("Bad Boy"(id=7EOOpe6Cv8QB45p22zWB29TPheQCYualmurDzSA3CR0=)): just got gassed lol
11:21:08.662 [Chat - Global]("Bad Boy"(id=7EOOpe6Cv8QB45p22zWB29TPheQCYualmurDzSA3CR0=)): threw myself through a car window and then got gassed trying to find my body. what a day.
11:21:46.849 [AI Object Patrol 00102] Spawning 2 East bots at <9905.879883, 350.790009, 3872.601074>
11:21:46.880 [AI Object Patrol 00102] Global patrol count: 1
11:21:46.890 [AI Object Patrol 00102] HelicopterWreck category patrol count: 1
11:23:57.742 [Chat - Global]("NickTDrizzy"(id=fzd8mumj1VPzVcH_vKQyOZDa8Y7YQ1MVWhxYlcHMvMw=)): i saw the autorun mod got added. anyone know the keybinds?
11:24:05.415 [Chat - Global]("Bad Boy"(id=7EOOpe6Cv8QB45p22zWB29TPheQCYualmurDzSA3CR0=)): plus on numbad
11:24:13.269 [Chat - Global]("NickTDrizzy"(id=fzd8mumj1VPzVcH_vKQyOZDa8Y7YQ1MVWhxYlcHMvMw=)): G O A T
11:27:12.770 [Chat - Global]("Bad Boy"(id=7EOOpe6Cv8QB45p22zWB29TPheQCYualmurDzSA3CR0=)): Can I see a list of players on?
11:27:53.244 [Chat - Global]("Survivor"(id=0nsyEhm9INQy3se8y-fXlbMHVv4YsIXloUCLC2unDyo=)): not yet, but ill be adding it soon
11:27:59.890 [Chat - Global]("Bad Boy"(id=7EOOpe6Cv8QB45p22zWB29TPheQCYualmurDzSA3CR0=)): 10-4.
11:28:05.374 [Chat - Global]("Bad Boy"(id=7EOOpe6Cv8QB45p22zWB29TPheQCYualmurDzSA3CR0=)): Just trying to figure out where the airfield car is.
11:28:16.904 [Chat - Global]("Bad Boy"(id=7EOOpe6Cv8QB45p22zWB29TPheQCYualmurDzSA3CR0=)): I think he got off though.
11:30:42.585 [VehicleDeleted] OffroadHatchback_GreenRust (id=0C72AD96B14632589948BBA4040A7138 pos=<3350.9, 486.87, 2020.67>)
11:31:46.346 [SpawnSelection] Player "Bad Boy" (id=7EOOpe6Cv8QB45p22zWB29TPheQCYualmurDzSA3CR0=) spawned at <3061.500000, 234.949997, 6835.819824>
11:34:02.390 [AI Object Patrol 00104] Spawning 2 East bots at <8259.100586, 312.718048, 1193.016846>
11:34:02.418 [AI Object Patrol 00104] Global patrol count: 2
11:34:02.428 [AI Object Patrol 00104] HelicopterWreck category patrol count: 2
11:34:07.550 [VehicleDeleted] Truck_01_Covered (id=266E9A11EC47D90253432FA25FE3DFF9 pos=<3362.58, 487.93, 2083.38>)
11:35:52.937 [VehicleEnter] Player "Survivor" (id=0nsyEhm9INQy3se8y-fXlbMHVv4YsIXloUCLC2unDyo=) entered vehicle Mh-6 Little Bird (id=9D490CF2884257F4A2224B859F00E1FF pos=<8338.48, 334.76, 1643.72>) as passenger
11:35:58.353 [VehicleLeave] Player "Survivor" (id=0nsyEhm9INQy3se8y-fXlbMHVv4YsIXloUCLC2unDyo=) left vehicle Mh-6 Little Bird (id=9D490CF2884257F4A2224B859F00E1FF pos=<8338.48, 334.76, 1643.72>)
11:36:16.130 [VehicleEnter] Player "Survivor" (id=0nsyEhm9INQy3se8y-fXlbMHVv4YsIXloUCLC2unDyo=) entered vehicle Mh-6 Little Bird (id=9D490CF2884257F4A2224B859F00E1FF pos=<8338.48, 334.76, 1643.72>) as passenger
11:36:18.993 [VehicleLeave] Player "Survivor" (id=0nsyEhm9INQy3se8y-fXlbMHVv4YsIXloUCLC2unDyo=) left vehicle Mh-6 Little Bird (id=9D490CF2884257F4A2224B859F00E1FF pos=<8338.48, 334.76, 1643.72>)
11:36:32.030 [VehicleEnter] Player "Survivor" (id=0nsyEhm9INQy3se8y-fXlbMHVv4YsIXloUCLC2unDyo=) entered vehicle Mh-6 Little Bird (id=9D490CF2884257F4A2224B859F00E1FF pos=<8338.48, 334.76, 1643.72>) as passenger
11:36:40.279 [VehicleLeave] Player "Survivor" (id=0nsyEhm9INQy3se8y-fXlbMHVv4YsIXloUCLC2unDyo=) left vehicle Mh-6 Little Bird (id=9D490CF2884257F4A2224B859F00E1FF pos=<8338.48, 334.76, 1643.72>)
11:36:58.059 [VehicleDeleted] ExpansionMh6_Vrana (id=9D490CF2884257F4A2224B859F00E1FF pos=<8338.48, 334.76, 1643.72>)
11:37:24.063 [VehicleEnter] Player "Survivor" (id=0nsyEhm9INQy3se8y-fXlbMHVv4YsIXloUCLC2unDyo=) entered vehicle Mh-6 Little Bird (id=8515E869434D0C70584EE1BC6A075EDD pos=<8325.32, 317.93, 1617.58>) as pilot
11:37:44.895 [VehicleLeave] Player "Survivor" (id=0nsyEhm9INQy3se8y-fXlbMHVv4YsIXloUCLC2unDyo=) left vehicle Mh-6 Little Bird (id=8515E869434D0C70584EE1BC6A075EDD pos=<8324.56, 317.85, 1617.56>)
11:37:48.752 [VehicleEnter] Player "Survivor" (id=0nsyEhm9INQy3se8y-fXlbMHVv4YsIXloUCLC2unDyo=) entered vehicle Mh-6 Little Bird (id=8515E869434D0C70584EE1BC6A075EDD pos=<8324.46, 317.84, 1617.56>) as pilot
11:38:06.839 [VehicleLeave] Player "Survivor" (id=0nsyEhm9INQy3se8y-fXlbMHVv4YsIXloUCLC2unDyo=) left vehicle Mh-6 Little Bird (id=8515E869434D0C70584EE1BC6A075EDD pos=<8323.81, 317.63, 1617.17>)
11:38:11.716 [VehicleEnter] Player "Survivor" (id=0nsyEhm9INQy3se8y-fXlbMHVv4YsIXloUCLC2unDyo=) entered vehicle Mh-6 Little Bird (id=8515E869434D0C70584EE1BC6A075EDD pos=<8323.62, 317.56, 1617>) as pilot
11:38:29.698 [VehicleLeave] Player "Survivor" (id=0nsyEhm9INQy3se8y-fXlbMHVv4YsIXloUCLC2unDyo=) left vehicle Mh-6 Little Bird (id=8515E869434D0C70584EE1BC6A075EDD pos=<8323.01, 317.29, 1616.44>)
11:38:32.794 [VehicleDeleted] ExpansionMh6_Resistance (id=8515E869434D0C70584EE1BC6A075EDD pos=<8322.96, 317.26, 1616.34>)
11:38:45.791 [VehicleEnter] Player "Survivor" (id=0nsyEhm9INQy3se8y-fXlbMHVv4YsIXloUCLC2unDyo=) entered vehicle Mh-6 Little Bird (id=FDF6018F8D47146B036D138367E753BA pos=<8323.92, 317.53, 1616.84>) as pilot
11:38:47.250 [VehicleEngine] Player "Survivor" (id=0nsyEhm9INQy3se8y-fXlbMHVv4YsIXloUCLC2unDyo=) started vehicle Mh-6 Little Bird (id=FDF6018F8D47146B036D138367E753BA pos=<8323.86, 317.51, 1616.81>)
11:40:20.315 [AI Object Patrol 00103] Spawning 3 West bots at <4373.617188, 299.984833, 6586.905762>
11:40:20.348 [AI Object Patrol 00103] Global patrol count: 3
11:40:20.358 [AI Object Patrol 00103] ContaminatedArea category patrol count: 1
11:41:30.796 [AI Object Patrol 00101] Spawning 2 East bots at <4889.895020, 373.477875, 5684.711914>
11:41:30.824 [AI Object Patrol 00101] Global patrol count: 4
11:41:30.834 [AI Object Patrol 00101] HelicopterWreck category patrol count: 3
11:43:01.113 [AI Object Patrol 00101] Despawning 2 East bots (spawn position <4889.895020, 373.477875, 5684.711914>, 0/2 deceased)
11:43:01.125 [AI Object Patrol 00101] Global patrol count: 3
11:43:01.137 [AI Object Patrol 00101] HelicopterWreck category patrol count: 2
11:45:05.218 [VehicleEngine] Player "Survivor" (id=0nsyEhm9INQy3se8y-fXlbMHVv4YsIXloUCLC2unDyo=) stopped vehicle Mh-6 Little Bird (id=FDF6018F8D47146B036D138367E753BA pos=<1968.93, 230.22, 7307.88>)
11:45:09.569 [VehicleLeave] Player "Survivor" (id=0nsyEhm9INQy3se8y-fXlbMHVv4YsIXloUCLC2unDyo=) left vehicle Mh-6 Little Bird (id=FDF6018F8D47146B036D138367E753BA pos=<1968.91, 230.22, 7307.97>)
11:46:46.275 [AI Object Patrol 00104] Despawning 2 East bots (spawn position <8259.100586, 312.718048, 1193.016846>, 0/2 deceased)
11:46:46.285 [AI Object Patrol 00104] Global patrol count: 2
11:46:46.295 [AI Object Patrol 00104] HelicopterWreck category patrol count: 1
11:46:46.306 [AI Object Patrol 00103] Despawning 3 West bots (spawn position <4373.617188, 299.984833, 6586.905762>, 0/3 deceased)
11:46:46.317 [AI Object Patrol 00103] Global patrol count: 1
11:46:46.327 [AI Object Patrol 00103] ContaminatedArea category patrol count: 0
11:50:29.741 [AI Object Patrol 00102] Despawning 2 East bots (spawn position <9905.879883, 350.790009, 3872.601074>, 0/2 deceased)
11:50:29.752 [AI Object Patrol 00102] Global patrol count: 0
11:50:29.762 [AI Object Patrol 00102] HelicopterWreck category patrol count: 0
12:09:36.236 [Chat - Global]("Lozergod"(id=f6o5reGZK1apFSzOwnbzYEHfAXAMOXbXZqu1fYDG5tE=)): damn rain
12:15:34.774 [Chat - Global]("Akira"(id=_AiYSOqBTsXk7V79zSlYdl-x8y50J1nzzpoqKcKH0v8=)): im in
12:16:58.564 [VehicleEnter] Player "Lozergod" (id=f6o5reGZK1apFSzOwnbzYEHfAXAMOXbXZqu1fYDG5tE=) entered vehicle Land Rover Defender (id=EDDCB1131A4294A2EEBBEBA565DE46CC pos=<11624.7, 265.52, 1963.6>) as driver
12:17:00.056 [VehicleEngine] Player "Lozergod" (id=f6o5reGZK1apFSzOwnbzYEHfAXAMOXbXZqu1fYDG5tE=) started vehicle Land Rover Defender (id=EDDCB1131A4294A2EEBBEBA565DE46CC pos=<11624.7, 265.52, 1963.6>)
12:17:21.935 [VehicleEngine] Player "NULL" (id=NULL) stopped vehicle Land Rover Defender (id=EDDCB1131A4294A2EEBBEBA565DE46CC pos=<11599.4, 265.36, 1958.16>)
12:17:21.966 [VehicleLeave] Player "Lozergod" (id=f6o5reGZK1apFSzOwnbzYEHfAXAMOXbXZqu1fYDG5tE=) left vehicle Land Rover Defender (id=EDDCB1131A4294A2EEBBEBA565DE46CC pos=<11599.4, 265.36, 1958.16>)
12:31:56.493 [Chat - Global]("Akira"(id=_AiYSOqBTsXk7V79zSlYdl-x8y50J1nzzpoqKcKH0v8=)): are you two safe lozer and bad boy
12:33:04.787 [Chat - Global]("Akira"(id=_AiYSOqBTsXk7V79zSlYdl-x8y50J1nzzpoqKcKH0v8=)): ?
12:36:55.992 [Chat - Global]("Akira"(id=_AiYSOqBTsXk7V79zSlYdl-x8y50J1nzzpoqKcKH0v8=)): Restart incoming
