00:29:39.265 [VehicleDestroyed] ExpansionUh1h (id=D1BD2FFCBD4DD666180C8EBB9EFC6CAF pos=<1228.18, 169.13, 7566.18>)
00:29:58.049 [AI Patrol 00017] Spawning 2 West bots at <7424.050781, 287.040009, 2563.446045>
00:30:06.209 [AI Patrol 00017] Global patrol count: 1
00:30:06.221 [AI Patrol 00017] Patrol category patrol count: 1
00:30:06.233 [AI Patrol 00016] Spawning 3 East bots at <7692.974609, 296.750000, 2710.512695>
00:30:06.269 [AI Patrol 00016] Global patrol count: 2
00:30:06.279 [AI Patrol 00016] Patrol category patrol count: 2
00:30:17.715 [VehicleDestroyed] ExpansionUh1h_Resistance (id=FC4568E6014E2F2BF1100499151442AE pos=<7925.02, 169.49, 11833.5>)
00:36:03.454 [VehicleDeleted] ExpansionUh1h (id=D1BD2FFCBD4DD666180C8EBB9EFC6CAF pos=<1230.46, 168.75, 7567.05>)
00:36:31.226 [VehicleDeleted] ExpansionUh1h_Resistance (id=FC4568E6014E2F2BF1100499151442AE pos=<7925.12, 169.49, 11833.5>)
00:38:35.069 [AI Patrol 00017] West bots were wiped out (spawn position <7424.050781, 287.040009, 2563.446045>, 2/2 deceased)
00:38:35.079 [AI Patrol 00017] Global patrol count: 1
00:38:35.089 [AI Patrol 00017] Patrol category patrol count: 1
00:38:45.202 [VehicleDestroyed] ExpansionUh1h_Resistance (id=EFD31C91AD48188610CCE2A9E79F1276 pos=<1228.18, 169.09, 7566.35>)
00:39:02.995 [VehicleDestroyed] ExpansionUh1h_Medical (id=09C871DCCF4DEF642FA25B8F8B6647D6 pos=<7924.73, 169.41, 11833.5>)
00:44:37.473 [VehicleDeleted] ExpansionUh1h_Resistance (id=EFD31C91AD48188610CCE2A9E79F1276 pos=<1230.32, 168.71, 7567.26>)
00:45:05.228 [VehicleDeleted] ExpansionUh1h_Medical (id=09C871DCCF4DEF642FA25B8F8B6647D6 pos=<7924.91, 169.48, 11833.4>)
00:46:25.230 [BaseBuildingRaiding] ------------------------- Expansion Base Raiding Damage Report -------------------------
00:46:25.240 [BaseBuildingRaiding] Player "Snake" (id=0nsyEhm9INQy3se8y-fXlbMHVv4YsIXloUCLC2unDyo= pos=<9069.62, 339.73, 4389.03>) damaged ExpansionWall6x3 at <9132.04, 339.83, 4447.96>
00:46:25.250 [BaseBuildingRaiding] They dealt 160 * 1 = 160 damage with Bullet_308Win from SkyFall_HK23e
00:46:25.260 [BaseBuildingRaiding] GlobalHealth hitpoints decreased from 30000 to 29840
00:46:25.270 [BaseBuildingRaiding] ----------------------------------------------------------------------------------------
00:46:36.270 [BaseBuildingRaiding] ------------------------- Expansion Base Raiding Damage Report -------------------------
00:46:36.280 [BaseBuildingRaiding] Player "Snake" (id=0nsyEhm9INQy3se8y-fXlbMHVv4YsIXloUCLC2unDyo= pos=<9084.44, 339.47, 4400.74>) damaged ExpansionWall6x3 at <9115.94, 339.83, 4426.49>
00:46:36.289 [BaseBuildingRaiding] They dealt 160 * 1 = 160 damage with Bullet_308Win from SkyFall_HK23e
00:46:36.298 [BaseBuildingRaiding] GlobalHealth hitpoints decreased from 30000 to 29840
00:46:36.308 [BaseBuildingRaiding] ----------------------------------------------------------------------------------------
00:46:36.633 [BaseBuildingRaiding] ------------------------- Expansion Base Raiding Damage Report -------------------------
00:46:36.643 [BaseBuildingRaiding] Player "Snake" (id=0nsyEhm9INQy3se8y-fXlbMHVv4YsIXloUCLC2unDyo= pos=<9085.14, 339.45, 4400.86>) damaged ExpansionWall6x3 at <9113.52, 339.83, 4429.98>
00:46:36.653 [BaseBuildingRaiding] They dealt 160 * 1 = 160 damage with Bullet_308Win from SkyFall_HK23e
00:46:36.663 [BaseBuildingRaiding] GlobalHealth hitpoints decreased from 30000 to 29840
00:46:36.673 [BaseBuildingRaiding] ----------------------------------------------------------------------------------------
00:46:36.769 [BaseBuildingRaiding] ------------------------- Expansion Base Raiding Damage Report -------------------------
00:46:36.782 [BaseBuildingRaiding] Player "Snake" (id=0nsyEhm9INQy3se8y-fXlbMHVv4YsIXloUCLC2unDyo= pos=<9085.36, 339.45, 4401.03>) damaged ExpansionWall6x3 at <9113.52, 339.83, 4429.98>
00:46:36.794 [BaseBuildingRaiding] They dealt 160 * 1 = 160 damage with Bullet_308Win from SkyFall_HK23e
00:46:36.804 [BaseBuildingRaiding] GlobalHealth hitpoints decreased from 29840 to 29680
00:46:36.814 [BaseBuildingRaiding] ----------------------------------------------------------------------------------------
00:46:36.966 [BaseBuildingRaiding] ------------------------- Expansion Base Raiding Damage Report -------------------------
00:46:36.976 [BaseBuildingRaiding] Player "Snake" (id=0nsyEhm9INQy3se8y-fXlbMHVv4YsIXloUCLC2unDyo= pos=<9085.47, 339.49, 4401.41>) damaged ExpansionWall6x3 at <9115.94, 339.83, 4426.49>
00:46:36.986 [BaseBuildingRaiding] They dealt 160 * 1 = 160 damage with Bullet_308Win from SkyFall_HK23e
00:46:36.997 [BaseBuildingRaiding] GlobalHealth hitpoints decreased from 29840 to 29680
00:46:37.009 [BaseBuildingRaiding] ----------------------------------------------------------------------------------------
00:46:42.042 [BaseBuildingRaiding] ------------------------- Expansion Base Raiding Damage Report -------------------------
00:46:42.051 [BaseBuildingRaiding] Player "Snake" (id=0nsyEhm9INQy3se8y-fXlbMHVv4YsIXloUCLC2unDyo= pos=<9090.92, 340.5, 4423.24>) damaged ExpansionWall6x3 at <9148.94, 339.84, 4423.54>
00:46:42.062 [BaseBuildingRaiding] They dealt 160 * 1 = 160 damage with Bullet_308Win from SkyFall_HK23e
00:46:42.072 [BaseBuildingRaiding] GlobalHealth hitpoints decreased from 30000 to 29840
00:46:42.081 [BaseBuildingRaiding] ----------------------------------------------------------------------------------------
00:46:42.136 [BaseBuildingRaiding] ------------------------- Expansion Base Raiding Damage Report -------------------------
00:46:42.145 [BaseBuildingRaiding] Player "Snake" (id=0nsyEhm9INQy3se8y-fXlbMHVv4YsIXloUCLC2unDyo= pos=<9091.06, 340.49, 4423.37>) damaged ExpansionWall6x3 at <9147.52, 339.68, 4422.68>
00:46:42.155 [BaseBuildingRaiding] They dealt 160 * 1 = 160 damage with Bullet_308Win from SkyFall_HK23e
00:46:42.165 [BaseBuildingRaiding] GlobalHealth hitpoints decreased from 30000 to 29840
00:46:42.174 [BaseBuildingRaiding] ----------------------------------------------------------------------------------------
00:46:42.629 [BaseBuildingRaiding] ------------------------- Expansion Base Raiding Damage Report -------------------------
00:46:42.776 [BaseBuildingRaiding] Player "Snake" (id=0nsyEhm9INQy3se8y-fXlbMHVv4YsIXloUCLC2unDyo= pos=<9091.6, 340.48, 4423.92>) damaged ExpansionWall6x3 at <9127.75, 339.83, 4424.35>
00:46:42.952 [BaseBuildingRaiding] They dealt 160 * 1 = 160 damage with Bullet_308Win from SkyFall_HK23e
00:46:43.092 [BaseBuildingRaiding] GlobalHealth hitpoints decreased from 30000 to 29840
00:46:43.102 [BaseBuildingRaiding] ----------------------------------------------------------------------------------------
00:47:48.325 [VehicleDestroyed] ExpansionUh1h (id=47C84EF56E4AAB75349529B70DF6FA7A pos=<1228.15, 169.14, 7566.15>)
00:47:59.802 [VehicleDestroyed] ExpansionUh1h (id=BB7495979847BB9159EF60A660BC825B pos=<7924.69, 169.36, 11833.7>)
