06:07:18.255 [VehicleDestroyed] ExpansionUh1h_Uber (id=A951A083FA4B3717788048BBBDC89130 pos=<7924.61, 169.36, 11833.7>)
06:07:18.275 [VehicleDestroyed] ExpansionUh1h (id=752FFAE0944C75306C8811A9091A798E pos=<1240.62, 168.2, 7567.09>)
06:07:21.578 [VehicleDeleted] ExpansionUh1h_Uber (id=84C88818914196B22D7B4F963CC3EF1A pos=<7924.61, 169.36, 11833.7>)
06:07:21.588 [VehicleDeleted] ExpansionUh1h (id=25F9B5ACFF491791C35413975ADE0109 pos=<1240.62, 168.2, 7567.09>)
06:12:41.537 [MissionAirdrop] An airdrop is heading towards "Topolin" (pos=<1868.810059, 0.000000, 7366.189941> type=Random_Topolin) with a ExpansionAirdropContainer_Military
07:40:58.222 [MissionAirdrop] An airdrop is heading towards "Radunin" (pos=<7209.000000, 0.000000, 6073.000000> type=Random_Radunin) with a ExpansionAirdropContainer
08:52:17.904 [VehicleDestroyed] ExpansionUh1h_Medical (id=A35974C4814C195F1ECEC19EFA3A9E98 pos=<1228.16, 169.1, 7566.34>)
08:52:31.674 [VehicleDestroyed] ExpansionUh1h (id=56B264FBFE4A8536EEFCD09B0D50C1C3 pos=<7924.94, 169.41, 11833.7>)
08:58:31.072 [VehicleDeleted] ExpansionUh1h_Medical (id=A35974C4814C195F1ECEC19EFA3A9E98 pos=<1230.41, 168.72, 7567.2>)
08:58:59.182 [VehicleDeleted] ExpansionUh1h (id=56B264FBFE4A8536EEFCD09B0D50C1C3 pos=<7925.69, 169.67, 11833.1>)
09:01:15.400 [VehicleDestroyed] ExpansionUh1h_Medical (id=AD523809754619C1EE8994B5C60E2AFB pos=<1228.08, 169.16, 7566.11>)
09:01:29.502 [VehicleDestroyed] ExpansionUh1h (id=CAF845045D4A118EA054A094CDBAB003 pos=<7925.1, 169.42, 11833.8>)
09:07:00.975 [MissionAirdrop] An airdrop is heading towards "Dolnik" (pos=<11491.000000, 0.000000, 763.000000> type=Random_Dolnik) with a ExpansionAirdropContainer
10:37:15.224 [MissionAirdrop] An airdrop is heading towards "Karlin" (pos=<9975.000000, 0.000000, 7242.000000> type=Random_Karlin) with a ExpansionAirdropContainer_Military
12:05:30.923 [MissionAirdrop] An airdrop is heading towards "Siła Factory" (pos=<7345.830078, 0.000000, 2692.620117> type=Random_Sila) with a ExpansionAirdropContainer_Basebuilding
14:14:04.062 [MissionAirdrop] An airdrop is heading towards "Kolembrody" (pos=<8676.000000, 0.000000, 12114.000000> type=Random_Kolembrody) with a ExpansionAirdropContainer_Military
15:43:50.336 [MissionAirdrop] An airdrop is heading towards "Polana" (pos=<3350.879883, 0.000000, 2027.689941> type=Random_Polana) with a ExpansionAirdropContainer_Basebuilding
16:08:16.133 [AI Patrol 00016] Spawning 3 East bots at <7536.334961, 288.991455, 2584.945801>
16:08:16.161 [AI Patrol 00016] Global patrol count: 1
16:08:16.171 [AI Patrol 00016] Patrol category patrol count: 1
16:08:16.181 [AI Patrol 00017] Spawning 1 West bots at <7346.069336, 288.000000, 2701.343018>
16:08:16.215 [AI Patrol 00017] Global patrol count: 2
16:08:16.225 [AI Patrol 00017] Patrol category patrol count: 2
16:14:05.983 [VehicleDeleted] ExpansionUh1h (id=CAF845045D4A118EA054A094CDBAB003 pos=<7926.2, 169.8, 11833>)
16:14:05.994 [VehicleDeleted] ExpansionUh1h_Medical (id=AD523809754619C1EE8994B5C60E2AFB pos=<1235.51, 168.23, 7567.64>)
16:15:25.235 [VehicleDestroyed] ExpansionUh1h_Uber (id=7A69C6C3D645896BE9E6D5BB6D86D195 pos=<1228.15, 169.12, 7566.25>)
16:15:39.257 [VehicleDestroyed] ExpansionUh1h_Resistance (id=10BEA56E2A49D6BFC54338BA074488BC pos=<7925, 169.39, 11833.8>)
16:21:35.530 [VehicleDeleted] ExpansionUh1h_Uber (id=7A69C6C3D645896BE9E6D5BB6D86D195 pos=<1230.49, 168.75, 7567.08>)
16:22:03.730 [VehicleDeleted] ExpansionUh1h_Resistance (id=10BEA56E2A49D6BFC54338BA074488BC pos=<7925.31, 169.03, 11835.7>)
16:24:11.507 [AI Patrol 00017] West bots were wiped out (spawn position <7346.069336, 288.000000, 2701.343018>, 1/1 deceased)
16:24:11.516 [AI Patrol 00017] Global patrol count: 1
16:24:11.526 [AI Patrol 00017] Patrol category patrol count: 1
16:24:18.748 [VehicleDestroyed] ExpansionUh1h_Resistance (id=B140E038AA40900A12646EAF58682EA3 pos=<1228.19, 169.1, 7566.34>)
16:24:39.019 [VehicleDestroyed] ExpansionUh1h (id=8FE932A66B4561A454F3B6BFE1E98DC1 pos=<7925.32, 169.51, 11833.6>)
17:13:16.488 [MissionAirdrop] An airdrop is heading towards "Muratyn" (pos=<4559.000000, 0.000000, 6852.000000> type=Random_Muratyn) with a ExpansionAirdropContainer_Medical
18:38:38.639 [MissionAirdrop] An airdrop is heading towards "Rodzanica" (pos=<8912.169922, 0.000000, 2053.679932> type=Random_Rodzanica) with a ExpansionAirdropContainer
20:07:46.951 [MissionAirdrop] An airdrop is heading towards "Muratyn" (pos=<4559.000000, 0.000000, 6852.000000> type=Random_Muratyn) with a ExpansionAirdropContainer_Medical
21:33:30.081 [MissionAirdrop] An airdrop is heading towards "Muratyn" (pos=<4559.000000, 0.000000, 6852.000000> type=Random_Muratyn) with a ExpansionAirdropContainer_Medical
22:20:27.704 [VehicleDestroyed] Boat_01_Orange (id=B13CAA5ECB4AFA529CBD10AA841DFCEC pos=<6423, 169.75, 10887>)
22:59:56.555 [MissionAirdrop] An airdrop is heading towards "Karlin" (pos=<9975.000000, 0.000000, 7242.000000> type=Random_Karlin) with a ExpansionAirdropContainer_Military
00:22:10.336 [VehicleDeleted] ExpansionUh1h_Resistance (id=B140E038AA40900A12646EAF58682EA3 pos=<1235.15, 168.51, 7566.8>)
00:22:38.429 [VehicleDeleted] ExpansionUh1h (id=8FE932A66B4561A454F3B6BFE1E98DC1 pos=<7927.58, 169.87, 11833.9>)
00:24:53.237 [VehicleDestroyed] ExpansionUh1h_Medical (id=C13CAAC2D246F56D549D9691DE1286A4 pos=<1228.17, 169.14, 7566.18>)
00:25:12.416 [VehicleDestroyed] ExpansionUh1h_Medical (id=A2CA95A5AE4DFF6C69EFB5878E7F340A pos=<7925.4, 169.52, 11833.5>)
00:26:25.236 [MissionAirdrop] An airdrop is heading towards "Dolnik" (pos=<11491.000000, 0.000000, 763.000000> type=Random_Dolnik) with a ExpansionAirdropContainer
00:27:45.572 [VehicleDeleted] Boat_01_Orange (id=B13CAA5ECB4AFA529CBD10AA841DFCEC pos=<6423.05, 169.46, 10887>)
00:31:02.628 [VehicleDeleted] ExpansionUh1h_Medical (id=C13CAAC2D246F56D549D9691DE1286A4 pos=<1230.53, 168.78, 7566.93>)
00:31:30.648 [VehicleDeleted] ExpansionUh1h_Medical (id=A2CA95A5AE4DFF6C69EFB5878E7F340A pos=<7925.6, 169.11, 11835.6>)
01:55:58.197 [MissionAirdrop] An airdrop is heading towards "Zapadlisko" (pos=<8399.000000, 0.000000, 8803.000000> type=Random_Zapadlisko) with a ExpansionAirdropContainer_Medical
03:22:40.673 [MissionAirdrop] An airdrop is heading towards "Muratyn" (pos=<4559.000000, 0.000000, 6852.000000> type=Random_Muratyn) with a ExpansionAirdropContainer_Medical
04:49:15.130 [MissionAirdrop] An airdrop is heading towards "Radunin" (pos=<7209.000000, 0.000000, 6073.000000> type=Random_Radunin) with a ExpansionAirdropContainer
