12:17:28.402 [AI Patrol 00015] Spawning 2 East bots at <7524.302246, 288.126251, 2580.169434>
12:17:36.945 [AI Patrol 00015] Global patrol count: 1
12:17:36.954 [AI Patrol 00015] Patrol category patrol count: 1
12:17:36.964 [AI Patrol 00016] Spawning 2 West bots at <7572.318359, 289.281494, 2589.280762>
12:17:37.001 [AI Patrol 00016] Global patrol count: 2
12:17:37.011 [AI Patrol 00016] Patrol category patrol count: 2
12:18:18.715 [Chat - Global]("Survivor"(id=0nsyEhm9INQy3se8y-fXlbMHVv4YsIXloUCLC2unDyo=)): reverted
12:19:10.478 [VehicleEnter] Player "Survivor" (id=0nsyEhm9INQy3se8y-fXlbMHVv4YsIXloUCLC2unDyo=) entered vehicle UAZ 469 Cargo Roofless (id=878B4C6AEE4146F4FCBF22A711F98754 pos=<8334.14, 322.49, 1639.86>) as driver
12:19:18.264 [VehicleLeave] Player "Survivor" (id=0nsyEhm9INQy3se8y-fXlbMHVv4YsIXloUCLC2unDyo=) left vehicle UAZ 469 Cargo Roofless (id=878B4C6AEE4146F4FCBF22A711F98754 pos=<8334.14, 322.49, 1639.86>)
12:19:22.423 [VehicleEnter] Player "Survivor" (id=0nsyEhm9INQy3se8y-fXlbMHVv4YsIXloUCLC2unDyo=) entered vehicle UAZ 469 Cargo Roofless (id=878B4C6AEE4146F4FCBF22A711F98754 pos=<8334.14, 322.49, 1639.86>) as driver
12:19:24.318 [VehicleEngine] Player "Survivor" (id=0nsyEhm9INQy3se8y-fXlbMHVv4YsIXloUCLC2unDyo=) started vehicle UAZ 469 Cargo Roofless (id=878B4C6AEE4146F4FCBF22A711F98754 pos=<8334.14, 322.49, 1639.86>)
12:19:47.630 [VehicleEngine] Player "NULL" (id=NULL) stopped vehicle UAZ 469 Cargo Roofless (id=878B4C6AEE4146F4FCBF22A711F98754 pos=<8334.07, 322.49, 1639.58>)
12:19:47.682 [VehicleLeave] Player "Survivor" (id=0nsyEhm9INQy3se8y-fXlbMHVv4YsIXloUCLC2unDyo=) left vehicle UAZ 469 Cargo Roofless (id=878B4C6AEE4146F4FCBF22A711F98754 pos=<8334.07, 322.49, 1639.58>)
12:20:18.801 [AI Object Patrol 00021] Spawning 2 West bots at <5533.588379, 420.510010, 3803.958984>
12:20:18.830 [AI Object Patrol 00021] Global patrol count: 3
12:20:18.841 [AI Object Patrol 00021] ContaminatedArea category patrol count: 1
12:21:54.090 [Chat - Global]("Survivor"(id=0nsyEhm9INQy3se8y-fXlbMHVv4YsIXloUCLC2unDyo=)): yo
12:22:03.717 [Chat - Global]("Survivor"(id=0nsyEhm9INQy3se8y-fXlbMHVv4YsIXloUCLC2unDyo=)): your stuff okay?
12:22:08.118 [Chat - Global]("Survivor (2)"(id=OKxcsvV2KsCqlVzELkqmfegOmuewD7pyeAvtZiRRMOU=)): yo we went back!
12:22:20.256 [Chat - Global]("Survivor"(id=0nsyEhm9INQy3se8y-fXlbMHVv4YsIXloUCLC2unDyo=)): id ou lose anything
12:22:23.491 [Chat - Global]("Survivor (2)"(id=OKxcsvV2KsCqlVzELkqmfegOmuewD7pyeAvtZiRRMOU=)): yea i mean My MMG tan Locker is bugged shut with a code lock
12:22:33.598 [Chat - Global]("Survivor (2)"(id=OKxcsvV2KsCqlVzELkqmfegOmuewD7pyeAvtZiRRMOU=)): but i had a gunwall rack thats back now!
12:22:50.511 [Chat - Global]("Survivor"(id=0nsyEhm9INQy3se8y-fXlbMHVv4YsIXloUCLC2unDyo=)): want me to fix remove the bugged loker?
12:23:24.509 [Chat - Global]("Survivor (2)"(id=OKxcsvV2KsCqlVzELkqmfegOmuewD7pyeAvtZiRRMOU=)): Yea i went to the discord and there is another mod mayhe thats MMG-NoCodeLock
12:23:27.558 [Chat - Global]("Survivor"(id=0nsyEhm9INQy3se8y-fXlbMHVv4YsIXloUCLC2unDyo=)): glad our stuff is back
12:23:33.716 [Chat - Global]("Survivor (2)"(id=OKxcsvV2KsCqlVzELkqmfegOmuewD7pyeAvtZiRRMOU=)): yeah its all good
12:23:45.094 [Chat - Global]("Survivor (2)"(id=OKxcsvV2KsCqlVzELkqmfegOmuewD7pyeAvtZiRRMOU=)): i was worried about the safes, gun wall is expendable 
12:24:01.641 [Chat - Global]("Survivor"(id=0nsyEhm9INQy3se8y-fXlbMHVv4YsIXloUCLC2unDyo=)): was opposite for me haha
12:24:16.396 [Chat - Global]("Survivor"(id=0nsyEhm9INQy3se8y-fXlbMHVv4YsIXloUCLC2unDyo=)): ill admin and remove your bugged locker
12:24:35.229 [Chat - Global]("Survivor"(id=0nsyEhm9INQy3se8y-fXlbMHVv4YsIXloUCLC2unDyo=)): then ill check that code lock thing
12:24:56.395 [Territory] Player "Survivor (2)" (id=OKxcsvV2KsCqlVzELkqmfegOmuewD7pyeAvtZiRRMOU=) created territory "Ghosts of Nadbor" at <5969.865234, 411.619812, 4199.746582>
12:25:44.272 [Chat - Global]("Survivor (2)"(id=OKxcsvV2KsCqlVzELkqmfegOmuewD7pyeAvtZiRRMOU=)): cool thanks
12:25:55.974 [Chat - Global]("Survivor (2)"(id=OKxcsvV2KsCqlVzELkqmfegOmuewD7pyeAvtZiRRMOU=)): server has been awesome btw
12:30:12.083 [Chat - Global]("Survivor"(id=0nsyEhm9INQy3se8y-fXlbMHVv4YsIXloUCLC2unDyo=)): happy to hear!
12:31:02.214 [Chat - Global]("Survivor"(id=0nsyEhm9INQy3se8y-fXlbMHVv4YsIXloUCLC2unDyo=)): what do ypu think of the inediapain mod
12:31:22.257 [Chat - Global]("Survivor"(id=0nsyEhm9INQy3se8y-fXlbMHVv4YsIXloUCLC2unDyo=)): adds realism
12:31:26.203 [VehicleEnter] Player "Survivor" (id=0nsyEhm9INQy3se8y-fXlbMHVv4YsIXloUCLC2unDyo=) entered vehicle Gyrocopter (id=961DFC0DD54BCF458A74E6A5EF960114 pos=<8341.29, 334.75, 1640.32>) as pilot
12:31:29.120 [VehicleLeave] Player "Survivor" (id=0nsyEhm9INQy3se8y-fXlbMHVv4YsIXloUCLC2unDyo=) left vehicle Gyrocopter (id=961DFC0DD54BCF458A74E6A5EF960114 pos=<8341.29, 334.75, 1640.34>)
12:31:34.066 [Chat - Global]("Survivor (2)"(id=OKxcsvV2KsCqlVzELkqmfegOmuewD7pyeAvtZiRRMOU=)): dunoo about it
12:31:48.606 [VehicleEnter] Player "Survivor" (id=0nsyEhm9INQy3se8y-fXlbMHVv4YsIXloUCLC2unDyo=) entered vehicle UAZ 469 Cargo Roofless (id=878B4C6AEE4146F4FCBF22A711F98754 pos=<8334.07, 322.49, 1639.58>) as driver
12:31:50.321 [VehicleEngine] Player "Survivor" (id=0nsyEhm9INQy3se8y-fXlbMHVv4YsIXloUCLC2unDyo=) started vehicle UAZ 469 Cargo Roofless (id=878B4C6AEE4146F4FCBF22A711F98754 pos=<8334.07, 322.49, 1639.58>)
12:32:16.690 [VehicleEngine] Player "NULL" (id=NULL) stopped vehicle UAZ 469 Cargo Roofless (id=878B4C6AEE4146F4FCBF22A711F98754 pos=<8334.78, 322.52, 1640.61>)
12:32:16.895 [VehicleLeave] Player "Survivor" (id=0nsyEhm9INQy3se8y-fXlbMHVv4YsIXloUCLC2unDyo=) left vehicle UAZ 469 Cargo Roofless (id=878B4C6AEE4146F4FCBF22A711F98754 pos=<8334.78, 322.52, 1640.61>)
12:37:17.877 [BaseRaiding] ExpansionWall6x3 (<5963.844727, 401.419830, 4204.216797>) Code set by "player "Survivor (2)" (ID = "OKxcsvV2KsCqlVzELkqmfegOmuewD7pyeAvtZiRRMOU=" at <5963.417969, 401.459808, 4204.487305>)" and the code is 2882
12:52:16.063 [AI Object Patrol 00021] Despawning 2 West bots (spawn position <5533.588379, 420.510010, 3803.958984>, 0/2 deceased)
12:52:16.073 [AI Object Patrol 00021] Global patrol count: 2
12:52:16.083 [AI Object Patrol 00021] ContaminatedArea category patrol count: 0
13:00:35.348 [BaseBuildingRaiding] ------------------------- Expansion Base Raiding Damage Report -------------------------
13:00:35.358 [BaseBuildingRaiding] Player "Mr. Blue" (id=Lw52hZyZO7pZP21eLhjYCVUz5rrRVAodhUgchUxGS8A= pos=<10359.5, 218.44, 5916.23>) damaged ExpansionWall6x3 at <10353.9, 217.68, 5914.21>
13:00:35.368 [BaseBuildingRaiding] They dealt 70 * 1 = 70 damage with Bullet_556x45 from AK101
13:00:35.379 [BaseBuildingRaiding] GlobalHealth hitpoints decreased from 30000 to 29930
13:00:35.389 [BaseBuildingRaiding] ----------------------------------------------------------------------------------------
13:03:13.826 [AI Object Patrol 00032] Spawning 2 West bots at <5613.078125, 420.279968, 3724.630371>
13:03:13.856 [AI Object Patrol 00032] Global patrol count: 3
13:03:13.866 [AI Object Patrol 00032] ContaminatedArea category patrol count: 1
13:04:21.774 [AI Object Patrol 00026] Spawning 1 East bots at <10460.876953, 316.402649, 4584.306152>
13:04:21.807 [AI Object Patrol 00026] Global patrol count: 4
13:04:21.817 [AI Object Patrol 00026] HelicopterWreck category patrol count: 1
13:09:26.589 [AI Patrol 00017] Spawning 2 Civilian bots at <6704.653809, 332.723267, 3348.680664>
13:09:26.621 [AI Patrol 00017] Global patrol count: 5
13:09:26.630 [AI Patrol 00017] Patrol category patrol count: 3
13:10:27.637 [AI Object Patrol 00026] East bots were wiped out (spawn position <10460.876953, 316.402649, 4584.306152>, 1/1 deceased)
13:10:27.647 [AI Object Patrol 00026] Global patrol count: 4
13:10:27.657 [AI Object Patrol 00026] HelicopterWreck category patrol count: 0
13:11:52.774 [Chat - Global]("mastershake8202"(id=S7Mep41EuywioaSmPU2U44geAPYz4HQq2piBvNNnI2U=)): ? last time I logged - I was not in a hospital - just logged into a hospital. Seems it did not save my previous progress
13:12:22.535 [Chat - Global]("Mr. Blue"(id=Lw52hZyZO7pZP21eLhjYCVUz5rrRVAodhUgchUxGS8A=)): That's odd
13:12:33.057 [AI Object Patrol 00027] Spawning 3 East bots at <6512.253418, 313.245941, 3157.228516>
13:12:33.080 [AI Object Patrol 00027] Global patrol count: 5
13:12:33.090 [AI Object Patrol 00027] HelicopterWreck category patrol count: 1
13:16:35.275 [Chat - Global]("Survivor (2)"(id=OKxcsvV2KsCqlVzELkqmfegOmuewD7pyeAvtZiRRMOU=)): Oh the Host had to figure out some car lag
13:16:41.046 [Chat - Global]("Survivor (2)"(id=OKxcsvV2KsCqlVzELkqmfegOmuewD7pyeAvtZiRRMOU=)): check out the discord
13:18:26.635 [AI Object Patrol 00031] Spawning 3 East bots at <7132.255371, 307.370392, 5096.872070>
13:18:26.667 [AI Object Patrol 00031] Global patrol count: 6
13:18:26.678 [AI Object Patrol 00031] HelicopterWreck category patrol count: 2
13:20:34.512 [AI Object Patrol 00026] Despawning 0 East bots (spawn position <10463.762695, 318.459869, 4569.783691>, 1/1 deceased)
13:21:57.756 [AI Object Patrol 00027] Despawning 3 East bots (spawn position <6512.253418, 313.245941, 3157.228516>, 0/3 deceased)
13:21:57.767 [AI Object Patrol 00027] Global patrol count: 5
13:21:57.777 [AI Object Patrol 00027] HelicopterWreck category patrol count: 1
13:27:43.297 [AI Patrol 00017] Despawning 2 Civilian bots (spawn position <6704.653809, 332.723267, 3348.680664>, 0/2 deceased)
13:27:43.308 [AI Patrol 00017] Global patrol count: 4
13:27:43.317 [AI Patrol 00017] Patrol category patrol count: 2
13:36:21.014 [AI Object Patrol 00031] Despawning 3 East bots (spawn position <7132.255371, 307.370392, 5096.872070>, 0/3 deceased)
13:36:21.025 [AI Object Patrol 00031] Global patrol count: 3
13:36:21.036 [AI Object Patrol 00031] HelicopterWreck category patrol count: 0
13:39:35.211 [AI Object Patrol 00032] Despawning 2 West bots (spawn position <5613.078125, 420.279968, 3724.630371>, 0/2 deceased)
13:39:35.222 [AI Object Patrol 00032] Global patrol count: 2
13:39:35.233 [AI Object Patrol 00032] ContaminatedArea category patrol count: 0
13:59:08.855 [AI Patrol 00015] East bots were wiped out (spawn position <7524.302246, 288.126251, 2580.169434>, 2/2 deceased)
13:59:09.001 [AI Patrol 00015] Global patrol count: 1
13:59:09.147 [AI Patrol 00015] Patrol category patrol count: 1
14:25:52.658 [VehicleEnter] Player "Survivor (2)" (id=0nsyEhm9INQy3se8y-fXlbMHVv4YsIXloUCLC2unDyo=) entered vehicle UAZ 469 Roofless (id=F83288C43E474D8DF77C90B822ABC4D0 pos=<8345.49, 322.63, 1646.68>) as driver
14:25:54.523 [VehicleEngine] Player "Survivor (2)" (id=0nsyEhm9INQy3se8y-fXlbMHVv4YsIXloUCLC2unDyo=) started vehicle UAZ 469 Roofless (id=F83288C43E474D8DF77C90B822ABC4D0 pos=<8345.49, 322.63, 1646.68>)
14:26:06.535 [VehicleEngine] Player "NULL" (id=NULL) stopped vehicle UAZ 469 Roofless (id=F83288C43E474D8DF77C90B822ABC4D0 pos=<8346.67, 322.64, 1649.12>)
14:26:06.567 [VehicleLeave] Player "Survivor (2)" (id=0nsyEhm9INQy3se8y-fXlbMHVv4YsIXloUCLC2unDyo=) left vehicle UAZ 469 Roofless (id=F83288C43E474D8DF77C90B822ABC4D0 pos=<8346.67, 322.64, 1649.12>)
14:26:16.739 [VehicleEnter] Player "Survivor (2)" (id=0nsyEhm9INQy3se8y-fXlbMHVv4YsIXloUCLC2unDyo=) entered vehicle UAZ 469 Cargo Roofless (id=878B4C6AEE4146F4FCBF22A711F98754 pos=<8334.78, 322.52, 1640.61>) as driver
14:26:18.376 [VehicleEngine] Player "Survivor (2)" (id=0nsyEhm9INQy3se8y-fXlbMHVv4YsIXloUCLC2unDyo=) started vehicle UAZ 469 Cargo Roofless (id=878B4C6AEE4146F4FCBF22A711F98754 pos=<8334.78, 322.52, 1640.61>)
14:26:44.382 [Chat - Global]("Survivor (2)"(id=0nsyEhm9INQy3se8y-fXlbMHVv4YsIXloUCLC2unDyo=)): yo cars are good now
14:27:07.830 [VehicleEngine] Player "NULL" (id=NULL) stopped vehicle UAZ 469 Cargo Roofless (id=878B4C6AEE4146F4FCBF22A711F98754 pos=<8334.75, 322.51, 1640.64>)
14:27:07.863 [VehicleLeave] Player "Survivor (2)" (id=0nsyEhm9INQy3se8y-fXlbMHVv4YsIXloUCLC2unDyo=) left vehicle UAZ 469 Cargo Roofless (id=878B4C6AEE4146F4FCBF22A711F98754 pos=<8334.75, 322.51, 1640.64>)
14:30:25.555 [VehicleEnter] Player "Survivor (2)" (id=0nsyEhm9INQy3se8y-fXlbMHVv4YsIXloUCLC2unDyo=) entered vehicle Gyrocopter (id=961DFC0DD54BCF458A74E6A5EF960114 pos=<8341.29, 334.75, 1640.36>) as pilot
14:30:27.799 [VehicleLeave] Player "Survivor (2)" (id=0nsyEhm9INQy3se8y-fXlbMHVv4YsIXloUCLC2unDyo=) left vehicle Gyrocopter (id=961DFC0DD54BCF458A74E6A5EF960114 pos=<8341.29, 334.75, 1640.38>)
14:30:33.700 [VehicleEnter] Player "Survivor (2)" (id=0nsyEhm9INQy3se8y-fXlbMHVv4YsIXloUCLC2unDyo=) entered vehicle Gyrocopter (id=961DFC0DD54BCF458A74E6A5EF960114 pos=<8341.29, 334.75, 1640.4>) as pilot
14:31:19.480 [VehicleEnter] Player "Survivor" (id=OKxcsvV2KsCqlVzELkqmfegOmuewD7pyeAvtZiRRMOU=) entered vehicle UAZ 469 (id=03334FE26D4B1BD1D3D89FA270D326AB pos=<5924.74, 396.27, 4184.21>) as driver
14:31:31.689 [VehicleEngine] Player "Survivor (2)" (id=0nsyEhm9INQy3se8y-fXlbMHVv4YsIXloUCLC2unDyo=) started vehicle Gyrocopter (id=961DFC0DD54BCF458A74E6A5EF960114 pos=<8341.29, 334.75, 1640.93>)
14:31:37.387 [VehicleLeave] Player "Survivor" (id=OKxcsvV2KsCqlVzELkqmfegOmuewD7pyeAvtZiRRMOU=) left vehicle UAZ 469 (id=03334FE26D4B1BD1D3D89FA270D326AB pos=<5924.74, 396.27, 4184.21>)
14:31:48.452 [VehicleEnter] Player "Survivor" (id=OKxcsvV2KsCqlVzELkqmfegOmuewD7pyeAvtZiRRMOU=) entered vehicle UAZ 469 (id=03334FE26D4B1BD1D3D89FA270D326AB pos=<5924.74, 396.27, 4184.21>) as driver
14:31:52.000 [VehicleEngine] Player "Survivor" (id=OKxcsvV2KsCqlVzELkqmfegOmuewD7pyeAvtZiRRMOU=) started vehicle UAZ 469 (id=03334FE26D4B1BD1D3D89FA270D326AB pos=<5924.74, 396.27, 4184.21>)
14:32:36.054 [VehicleEngine] Player "NULL" (id=NULL) stopped vehicle Gyrocopter (id=961DFC0DD54BCF458A74E6A5EF960114 pos=<8916.39, 472.47, 2068.95>)
14:32:36.076 [VehicleLeave] Player "Survivor (2)" (id=0nsyEhm9INQy3se8y-fXlbMHVv4YsIXloUCLC2unDyo=) left vehicle Gyrocopter (id=961DFC0DD54BCF458A74E6A5EF960114 pos=<8916.39, 472.47, 2068.95>)
14:32:55.371 [VehicleEngine] Player "Survivor" (id=OKxcsvV2KsCqlVzELkqmfegOmuewD7pyeAvtZiRRMOU=) stopped vehicle UAZ 469 (id=03334FE26D4B1BD1D3D89FA270D326AB pos=<5925.45, 396.27, 4184.41>)
14:32:59.903 [VehicleLeave] Player "Survivor" (id=OKxcsvV2KsCqlVzELkqmfegOmuewD7pyeAvtZiRRMOU=) left vehicle UAZ 469 (id=03334FE26D4B1BD1D3D89FA270D326AB pos=<5925.45, 396.27, 4184.41>)
14:35:57.943 [VehicleEnter] Player "Survivor (2)" (id=0nsyEhm9INQy3se8y-fXlbMHVv4YsIXloUCLC2unDyo=) entered vehicle Gyrocopter (id=961DFC0DD54BCF458A74E6A5EF960114 pos=<8916.39, 472.47, 2068.95>) as pilot
14:36:06.757 [VehicleEngine] Player "Survivor (2)" (id=0nsyEhm9INQy3se8y-fXlbMHVv4YsIXloUCLC2unDyo=) started vehicle Gyrocopter (id=961DFC0DD54BCF458A74E6A5EF960114 pos=<8916.39, 472.47, 2068.95>)
14:45:59.382 [VehicleEngine] Player "NULL" (id=NULL) stopped vehicle Gyrocopter (id=961DFC0DD54BCF458A74E6A5EF960114 pos=<8340.6, 324.38, 1658.59>)
14:45:59.427 [VehicleLeave] Player "Survivor (2)" (id=0nsyEhm9INQy3se8y-fXlbMHVv4YsIXloUCLC2unDyo=) left vehicle Gyrocopter (id=961DFC0DD54BCF458A74E6A5EF960114 pos=<8340.6, 324.38, 1658.59>)
14:49:11.115 [VehicleEnter] Player "Survivor (2)" (id=0nsyEhm9INQy3se8y-fXlbMHVv4YsIXloUCLC2unDyo=) entered vehicle Gyrocopter (id=961DFC0DD54BCF458A74E6A5EF960114 pos=<8340.72, 323.72, 1658.67>) as pilot
14:49:12.693 [VehicleEngine] Player "Survivor (2)" (id=0nsyEhm9INQy3se8y-fXlbMHVv4YsIXloUCLC2unDyo=) started vehicle Gyrocopter (id=961DFC0DD54BCF458A74E6A5EF960114 pos=<8340.72, 323.72, 1658.67>)
14:49:41.125 [VehicleEngine] Player "NULL" (id=NULL) stopped vehicle Gyrocopter (id=961DFC0DD54BCF458A74E6A5EF960114 pos=<8342.54, 334.75, 1637.93>)
14:49:41.170 [VehicleLeave] Player "Survivor (2)" (id=0nsyEhm9INQy3se8y-fXlbMHVv4YsIXloUCLC2unDyo=) left vehicle Gyrocopter (id=961DFC0DD54BCF458A74E6A5EF960114 pos=<8342.54, 334.75, 1637.93>)
15:01:38.827 [BaseRaiding] ExpansionWall6x3 (<5963.844727, 401.423035, 4204.216797>) Code set by "player "Survivor" (ID = "OKxcsvV2KsCqlVzELkqmfegOmuewD7pyeAvtZiRRMOU=" at <5964.941895, 401.459808, 4204.263184>)" and the code is 2882
15:05:35.313 [VehicleEnter] Player "Survivor (2)" (id=0nsyEhm9INQy3se8y-fXlbMHVv4YsIXloUCLC2unDyo=) entered vehicle UAZ 469 Cargo Roofless (id=878B4C6AEE4146F4FCBF22A711F98754 pos=<8334.75, 322.51, 1640.64>) as driver
15:05:36.733 [VehicleEngine] Player "Survivor (2)" (id=0nsyEhm9INQy3se8y-fXlbMHVv4YsIXloUCLC2unDyo=) started vehicle UAZ 469 Cargo Roofless (id=878B4C6AEE4146F4FCBF22A711F98754 pos=<8334.75, 322.51, 1640.64>)
15:05:44.580 [VehicleEngine] Player "NULL" (id=NULL) stopped vehicle UAZ 469 Cargo Roofless (id=878B4C6AEE4146F4FCBF22A711F98754 pos=<8325.22, 322.71, 1637.02>)
15:05:44.631 [VehicleLeave] Player "Survivor (2)" (id=0nsyEhm9INQy3se8y-fXlbMHVv4YsIXloUCLC2unDyo=) left vehicle UAZ 469 Cargo Roofless (id=878B4C6AEE4146F4FCBF22A711F98754 pos=<8325.22, 322.71, 1637.02>)
15:05:49.090 [VehicleEnter] Player "Survivor (2)" (id=0nsyEhm9INQy3se8y-fXlbMHVv4YsIXloUCLC2unDyo=) entered vehicle UAZ 469 Cargo Roofless (id=878B4C6AEE4146F4FCBF22A711F98754 pos=<8325.22, 322.71, 1637.02>) as driver
15:05:52.272 [VehicleEngine] Player "Survivor (2)" (id=0nsyEhm9INQy3se8y-fXlbMHVv4YsIXloUCLC2unDyo=) started vehicle UAZ 469 Cargo Roofless (id=878B4C6AEE4146F4FCBF22A711F98754 pos=<8325.22, 322.71, 1637.02>)
15:10:06.423 [VehicleEngine] Player "Survivor (2)" (id=0nsyEhm9INQy3se8y-fXlbMHVv4YsIXloUCLC2unDyo=) stopped vehicle UAZ 469 Cargo Roofless (id=878B4C6AEE4146F4FCBF22A711F98754 pos=<6672.56, 474.48, 787.38>)
15:12:06.178 [VehicleEngine] Player "Survivor (2)" (id=0nsyEhm9INQy3se8y-fXlbMHVv4YsIXloUCLC2unDyo=) started vehicle UAZ 469 Cargo Roofless (id=878B4C6AEE4146F4FCBF22A711F98754 pos=<6672.56, 474.48, 787.38>)
15:12:27.265 [BaseRaiding] ExpansionWall6x3 (<5963.844727, 404.425781, 4204.216797>) Code set by "player "Survivor" (ID = "OKxcsvV2KsCqlVzELkqmfegOmuewD7pyeAvtZiRRMOU=" at <5964.976074, 404.859802, 4204.143555>)" and the code is 2882
15:15:44.924 [VehicleEngine] Player "NULL" (id=NULL) stopped vehicle UAZ 469 Cargo Roofless (id=878B4C6AEE4146F4FCBF22A711F98754 pos=<5204.9, 493.33, 2167.96>)
15:15:44.967 [VehicleLeave] Player "Survivor (2)" (id=0nsyEhm9INQy3se8y-fXlbMHVv4YsIXloUCLC2unDyo=) left vehicle UAZ 469 Cargo Roofless (id=878B4C6AEE4146F4FCBF22A711F98754 pos=<5204.9, 493.33, 2167.96>)
15:16:17.760 [VehicleEnter] Player "Survivor (2)" (id=0nsyEhm9INQy3se8y-fXlbMHVv4YsIXloUCLC2unDyo=) entered vehicle UAZ 469 Cargo Roofless (id=878B4C6AEE4146F4FCBF22A711F98754 pos=<5204.9, 493.33, 2167.96>) as driver
15:16:19.511 [VehicleEngine] Player "Survivor (2)" (id=0nsyEhm9INQy3se8y-fXlbMHVv4YsIXloUCLC2unDyo=) started vehicle UAZ 469 Cargo Roofless (id=878B4C6AEE4146F4FCBF22A711F98754 pos=<5204.9, 493.33, 2167.96>)
15:16:46.235 [VehicleEngine] Player "NULL" (id=NULL) stopped vehicle UAZ 469 Cargo Roofless (id=878B4C6AEE4146F4FCBF22A711F98754 pos=<5096.76, 510.33, 2100.63>)
15:16:46.383 [VehicleLeave] Player "Survivor (2)" (id=0nsyEhm9INQy3se8y-fXlbMHVv4YsIXloUCLC2unDyo=) left vehicle UAZ 469 Cargo Roofless (id=878B4C6AEE4146F4FCBF22A711F98754 pos=<5096.76, 510.33, 2100.63>)
15:17:14.814 [VehicleDestroyed] Boat_01_Black (id=695CFCA7214144B76E98D7AAF433F26A pos=<11239.3, 169.65, 11244.9>)
15:23:31.179 [VehicleDeleted] Boat_01_Black (id=695CFCA7214144B76E98D7AAF433F26A pos=<11239.3, 169.22, 11244.9>)
15:28:30.025 [VehicleEnter] Player "Survivor (2)" (id=0nsyEhm9INQy3se8y-fXlbMHVv4YsIXloUCLC2unDyo=) entered vehicle UAZ 469 Cargo Roofless (id=878B4C6AEE4146F4FCBF22A711F98754 pos=<5096.76, 510.33, 2100.63>) as driver
15:28:31.469 [VehicleEngine] Player "Survivor (2)" (id=0nsyEhm9INQy3se8y-fXlbMHVv4YsIXloUCLC2unDyo=) started vehicle UAZ 469 Cargo Roofless (id=878B4C6AEE4146F4FCBF22A711F98754 pos=<5096.76, 510.33, 2100.63>)
15:30:11.870 [VehicleEngine] Player "Survivor (2)" (id=0nsyEhm9INQy3se8y-fXlbMHVv4YsIXloUCLC2unDyo=) stopped vehicle UAZ 469 Cargo Roofless (id=878B4C6AEE4146F4FCBF22A711F98754 pos=<5014.4, 517.82, 2104.86>)
15:30:13.939 [VehicleLeave] Player "Survivor (2)" (id=0nsyEhm9INQy3se8y-fXlbMHVv4YsIXloUCLC2unDyo=) left vehicle UAZ 469 Cargo Roofless (id=878B4C6AEE4146F4FCBF22A711F98754 pos=<5014.4, 517.82, 2104.86>)
15:53:33.142 [AI Object Patrol 00079] Spawning 1 West bots at <10952.426758, 341.418671, 4199.472168>
15:53:33.172 [AI Object Patrol 00079] Global patrol count: 2
15:53:33.182 [AI Object Patrol 00079] ContaminatedArea category patrol count: 1
15:54:10.228 [VehicleEnter] Player "Survivor (2)" (id=0nsyEhm9INQy3se8y-fXlbMHVv4YsIXloUCLC2unDyo=) entered vehicle UAZ 469 Cargo Roofless (id=878B4C6AEE4146F4FCBF22A711F98754 pos=<5014.4, 517.82, 2104.86>) as driver
15:54:11.574 [VehicleEngine] Player "Survivor (2)" (id=0nsyEhm9INQy3se8y-fXlbMHVv4YsIXloUCLC2unDyo=) started vehicle UAZ 469 Cargo Roofless (id=878B4C6AEE4146F4FCBF22A711F98754 pos=<5014.4, 517.82, 2104.86>)
15:54:27.349 [VehicleEngine] Player "NULL" (id=NULL) stopped vehicle UAZ 469 Cargo Roofless (id=878B4C6AEE4146F4FCBF22A711F98754 pos=<5018.35, 517.56, 2148.96>)
15:54:27.384 [VehicleLeave] Player "Survivor (2)" (id=0nsyEhm9INQy3se8y-fXlbMHVv4YsIXloUCLC2unDyo=) left vehicle UAZ 469 Cargo Roofless (id=878B4C6AEE4146F4FCBF22A711F98754 pos=<5018.35, 517.56, 2148.96>)
15:54:58.003 [VehicleEnter] Player "Survivor (2)" (id=0nsyEhm9INQy3se8y-fXlbMHVv4YsIXloUCLC2unDyo=) entered vehicle UAZ 469 Cargo Roofless (id=878B4C6AEE4146F4FCBF22A711F98754 pos=<5018.35, 517.56, 2148.96>) as driver
15:54:59.374 [VehicleEngine] Player "Survivor (2)" (id=0nsyEhm9INQy3se8y-fXlbMHVv4YsIXloUCLC2unDyo=) started vehicle UAZ 469 Cargo Roofless (id=878B4C6AEE4146F4FCBF22A711F98754 pos=<5018.35, 517.56, 2148.96>)
15:55:27.956 [VehicleEngine] Player "NULL" (id=NULL) stopped vehicle UAZ 469 Cargo Roofless (id=878B4C6AEE4146F4FCBF22A711F98754 pos=<5159.99, 498.81, 2181.95>)
15:55:27.992 [VehicleLeave] Player "Survivor (2)" (id=0nsyEhm9INQy3se8y-fXlbMHVv4YsIXloUCLC2unDyo=) left vehicle UAZ 469 Cargo Roofless (id=878B4C6AEE4146F4FCBF22A711F98754 pos=<5159.99, 498.81, 2181.95>)
15:56:40.266 [VehicleEnter] Player "Survivor (2)" (id=0nsyEhm9INQy3se8y-fXlbMHVv4YsIXloUCLC2unDyo=) entered vehicle UAZ 469 Cargo Roofless (id=878B4C6AEE4146F4FCBF22A711F98754 pos=<5159.99, 498.81, 2181.95>) as driver
15:56:41.970 [VehicleEngine] Player "Survivor (2)" (id=0nsyEhm9INQy3se8y-fXlbMHVv4YsIXloUCLC2unDyo=) started vehicle UAZ 469 Cargo Roofless (id=878B4C6AEE4146F4FCBF22A711F98754 pos=<5159.99, 498.81, 2181.95>)
15:57:48.388 [AI Object Patrol 00072] Spawning 1 East bots at <9789.679688, 282.697235, 5969.603027>
15:57:48.431 [AI Object Patrol 00072] Global patrol count: 3
15:57:48.441 [AI Object Patrol 00072] HelicopterWreck category patrol count: 1
16:00:28.179 [VehicleEngine] Player "NULL" (id=NULL) stopped vehicle UAZ 469 Cargo Roofless (id=878B4C6AEE4146F4FCBF22A711F98754 pos=<6008.19, 468.49, 708.56>)
16:00:28.201 [VehicleLeave] Player "Survivor (2)" (id=0nsyEhm9INQy3se8y-fXlbMHVv4YsIXloUCLC2unDyo=) left vehicle UAZ 469 Cargo Roofless (id=878B4C6AEE4146F4FCBF22A711F98754 pos=<6008.2, 468.49, 708.56>)
16:01:07.513 [VehicleEnter] Player "Survivor (2)" (id=0nsyEhm9INQy3se8y-fXlbMHVv4YsIXloUCLC2unDyo=) entered vehicle UAZ 469 Cargo Roofless (id=878B4C6AEE4146F4FCBF22A711F98754 pos=<6008.22, 468.49, 708.53>) as driver
16:01:09.119 [VehicleEngine] Player "Survivor (2)" (id=0nsyEhm9INQy3se8y-fXlbMHVv4YsIXloUCLC2unDyo=) started vehicle UAZ 469 Cargo Roofless (id=878B4C6AEE4146F4FCBF22A711F98754 pos=<6008.22, 468.49, 708.53>)
16:02:34.539 [VehicleEnter] Player "Mr. Blue" (id=Lw52hZyZO7pZP21eLhjYCVUz5rrRVAodhUgchUxGS8A=) entered vehicle Gunter 2 (id=861E7AA4224DA1D69934E0B38FD601C8 pos=<10352.3, 217.97, 5910.96>) as driver
16:02:35.822 [VehicleEngine] Player "Mr. Blue" (id=Lw52hZyZO7pZP21eLhjYCVUz5rrRVAodhUgchUxGS8A=) started vehicle Gunter 2 (id=861E7AA4224DA1D69934E0B38FD601C8 pos=<10352.3, 217.97, 5910.96>)
16:02:42.592 [VehicleEngine] Player "NULL" (id=NULL) stopped vehicle Gunter 2 (id=861E7AA4224DA1D69934E0B38FD601C8 pos=<10364.3, 218.57, 5909.82>)
16:02:42.803 [VehicleLeave] Player "Mr. Blue" (id=Lw52hZyZO7pZP21eLhjYCVUz5rrRVAodhUgchUxGS8A=) left vehicle Gunter 2 (id=861E7AA4224DA1D69934E0B38FD601C8 pos=<10364.3, 218.57, 5909.82>)
16:02:49.977 [VehicleEnter] Player "Mr. Blue" (id=Lw52hZyZO7pZP21eLhjYCVUz5rrRVAodhUgchUxGS8A=) entered vehicle Gunter 2 (id=861E7AA4224DA1D69934E0B38FD601C8 pos=<10364.2, 218.57, 5909.83>) as driver
16:02:51.372 [VehicleEngine] Player "Mr. Blue" (id=Lw52hZyZO7pZP21eLhjYCVUz5rrRVAodhUgchUxGS8A=) started vehicle Gunter 2 (id=861E7AA4224DA1D69934E0B38FD601C8 pos=<10364.2, 218.56, 5909.83>)
16:04:06.187 [AI Object Patrol 00072] Despawning 1 East bots (spawn position <9789.679688, 282.697235, 5969.603027>, 0/1 deceased)
16:04:06.198 [AI Object Patrol 00072] Global patrol count: 2
16:04:06.208 [AI Object Patrol 00072] HelicopterWreck category patrol count: 0
16:04:12.672 [VehicleEngine] Player "NULL" (id=NULL) stopped vehicle UAZ 469 Cargo Roofless (id=878B4C6AEE4146F4FCBF22A711F98754 pos=<8158.23, 283.75, 1360.72>)
16:04:12.707 [VehicleLeave] Player "Survivor (2)" (id=0nsyEhm9INQy3se8y-fXlbMHVv4YsIXloUCLC2unDyo=) left vehicle UAZ 469 Cargo Roofless (id=878B4C6AEE4146F4FCBF22A711F98754 pos=<8158.23, 283.75, 1360.72>)
16:04:47.295 [VehicleEngine] Player "NULL" (id=NULL) stopped vehicle Gunter 2 (id=861E7AA4224DA1D69934E0B38FD601C8 pos=<10574.7, 289.53, 4604.72>)
16:04:47.578 [VehicleLeave] Player "Mr. Blue" (id=Lw52hZyZO7pZP21eLhjYCVUz5rrRVAodhUgchUxGS8A=) left vehicle Gunter 2 (id=861E7AA4224DA1D69934E0B38FD601C8 pos=<10574.7, 289.53, 4604.72>)
16:05:06.125 [VehicleEnter] Player "Mr. Blue" (id=Lw52hZyZO7pZP21eLhjYCVUz5rrRVAodhUgchUxGS8A=) entered vehicle Gunter 2 (id=861E7AA4224DA1D69934E0B38FD601C8 pos=<10574.7, 289.52, 4604.81>) as driver
16:05:08.193 [VehicleEngine] Player "Mr. Blue" (id=Lw52hZyZO7pZP21eLhjYCVUz5rrRVAodhUgchUxGS8A=) started vehicle Gunter 2 (id=861E7AA4224DA1D69934E0B38FD601C8 pos=<10574.7, 289.51, 4604.93>)
16:06:18.612 [VehicleEnter] Player "Survivor (2)" (id=0nsyEhm9INQy3se8y-fXlbMHVv4YsIXloUCLC2unDyo=) entered vehicle Land Rover Defender (id=CBB2CDFD12489855DC685EBA5C9B2FF7 pos=<8337.68, 322.57, 1644.05>) as driver
16:06:20.998 [VehicleEngine] Player "Survivor (2)" (id=0nsyEhm9INQy3se8y-fXlbMHVv4YsIXloUCLC2unDyo=) started vehicle Land Rover Defender (id=CBB2CDFD12489855DC685EBA5C9B2FF7 pos=<8337.68, 322.57, 1644.05>)
16:06:28.563 [VehicleEngine] Player "Survivor (2)" (id=0nsyEhm9INQy3se8y-fXlbMHVv4YsIXloUCLC2unDyo=) stopped vehicle Land Rover Defender (id=CBB2CDFD12489855DC685EBA5C9B2FF7 pos=<8329.12, 322.05, 1631.13>)
16:06:31.756 [VehicleLeave] Player "Survivor (2)" (id=0nsyEhm9INQy3se8y-fXlbMHVv4YsIXloUCLC2unDyo=) left vehicle Land Rover Defender (id=CBB2CDFD12489855DC685EBA5C9B2FF7 pos=<8329.12, 322.05, 1631.13>)
16:06:38.540 [VehicleEnter] Player "Survivor (2)" (id=0nsyEhm9INQy3se8y-fXlbMHVv4YsIXloUCLC2unDyo=) entered vehicle Land Rover Defender (id=CBB2CDFD12489855DC685EBA5C9B2FF7 pos=<8329.12, 322.05, 1631.13>) as driver
16:06:40.876 [VehicleEngine] Player "Survivor (2)" (id=0nsyEhm9INQy3se8y-fXlbMHVv4YsIXloUCLC2unDyo=) started vehicle Land Rover Defender (id=CBB2CDFD12489855DC685EBA5C9B2FF7 pos=<8329.12, 322.05, 1631.13>)
16:07:02.454 [VehicleEngine] Player "NULL" (id=NULL) stopped vehicle Gunter 2 (id=861E7AA4224DA1D69934E0B38FD601C8 pos=<10364.6, 218.67, 5912.8>)
16:07:02.755 [VehicleLeave] Player "Mr. Blue" (id=Lw52hZyZO7pZP21eLhjYCVUz5rrRVAodhUgchUxGS8A=) left vehicle Gunter 2 (id=861E7AA4224DA1D69934E0B38FD601C8 pos=<10364.6, 218.67, 5912.8>)
16:07:08.221 [VehicleEnter] Player "Mr. Blue" (id=Lw52hZyZO7pZP21eLhjYCVUz5rrRVAodhUgchUxGS8A=) entered vehicle Gunter 2 (id=861E7AA4224DA1D69934E0B38FD601C8 pos=<10364.6, 218.67, 5912.8>) as driver
16:07:09.778 [VehicleEngine] Player "Mr. Blue" (id=Lw52hZyZO7pZP21eLhjYCVUz5rrRVAodhUgchUxGS8A=) started vehicle Gunter 2 (id=861E7AA4224DA1D69934E0B38FD601C8 pos=<10364.6, 218.67, 5912.8>)
16:07:16.128 [VehicleEngine] Player "NULL" (id=NULL) stopped vehicle Gunter 2 (id=861E7AA4224DA1D69934E0B38FD601C8 pos=<10352.6, 217.97, 5911.2>)
16:07:16.419 [VehicleLeave] Player "Mr. Blue" (id=Lw52hZyZO7pZP21eLhjYCVUz5rrRVAodhUgchUxGS8A=) left vehicle Gunter 2 (id=861E7AA4224DA1D69934E0B38FD601C8 pos=<10352.6, 217.97, 5911.2>)
16:07:58.985 [VehicleEngine] Player "NULL" (id=NULL) stopped vehicle Land Rover Defender (id=CBB2CDFD12489855DC685EBA5C9B2FF7 pos=<8151.9, 284.82, 1359.08>)
16:07:59.008 [VehicleLeave] Player "Survivor (2)" (id=0nsyEhm9INQy3se8y-fXlbMHVv4YsIXloUCLC2unDyo=) left vehicle Land Rover Defender (id=CBB2CDFD12489855DC685EBA5C9B2FF7 pos=<8151.9, 284.82, 1359.08>)
16:08:36.494 [VehicleEnter] Player "Survivor (2)" (id=0nsyEhm9INQy3se8y-fXlbMHVv4YsIXloUCLC2unDyo=) entered vehicle UAZ 469 Cargo Roofless (id=878B4C6AEE4146F4FCBF22A711F98754 pos=<8159.06, 283.4, 1360.1>) as driver
16:08:37.888 [VehicleEngine] Player "Survivor (2)" (id=0nsyEhm9INQy3se8y-fXlbMHVv4YsIXloUCLC2unDyo=) started vehicle UAZ 469 Cargo Roofless (id=878B4C6AEE4146F4FCBF22A711F98754 pos=<8159.03, 283.41, 1360.12>)
16:08:50.922 [VehicleEngine] Player "NULL" (id=NULL) stopped vehicle UAZ 469 Cargo Roofless (id=878B4C6AEE4146F4FCBF22A711F98754 pos=<8158.81, 283.53, 1358.93>)
16:08:50.956 [VehicleLeave] Player "Survivor (2)" (id=0nsyEhm9INQy3se8y-fXlbMHVv4YsIXloUCLC2unDyo=) left vehicle UAZ 469 Cargo Roofless (id=878B4C6AEE4146F4FCBF22A711F98754 pos=<8158.82, 283.52, 1358.93>)
16:08:59.546 [VehicleEnter] Player "Survivor (2)" (id=0nsyEhm9INQy3se8y-fXlbMHVv4YsIXloUCLC2unDyo=) entered vehicle Land Rover Defender (id=CBB2CDFD12489855DC685EBA5C9B2FF7 pos=<8151.9, 284.82, 1359.08>) as driver
16:09:00.743 [VehicleEngine] Player "Survivor (2)" (id=0nsyEhm9INQy3se8y-fXlbMHVv4YsIXloUCLC2unDyo=) started vehicle Land Rover Defender (id=CBB2CDFD12489855DC685EBA5C9B2FF7 pos=<8151.9, 284.82, 1359.08>)
16:09:14.844 [AI Object Patrol 00079] Despawning 1 West bots (spawn position <10952.426758, 341.418671, 4199.472168>, 0/1 deceased)
16:09:14.855 [AI Object Patrol 00079] Global patrol count: 1
16:09:14.864 [AI Object Patrol 00079] ContaminatedArea category patrol count: 0
16:09:17.185 [VehicleEngine] Player "NULL" (id=NULL) stopped vehicle Land Rover Defender (id=CBB2CDFD12489855DC685EBA5C9B2FF7 pos=<8152.42, 284.84, 1358.75>)
16:09:17.208 [VehicleLeave] Player "Survivor (2)" (id=0nsyEhm9INQy3se8y-fXlbMHVv4YsIXloUCLC2unDyo=) left vehicle Land Rover Defender (id=CBB2CDFD12489855DC685EBA5C9B2FF7 pos=<8152.42, 284.84, 1358.75>)
16:09:24.133 [VehicleEnter] Player "Survivor (2)" (id=0nsyEhm9INQy3se8y-fXlbMHVv4YsIXloUCLC2unDyo=) entered vehicle UAZ 469 Cargo Roofless (id=878B4C6AEE4146F4FCBF22A711F98754 pos=<8159.27, 283.33, 1359.14>) as driver
16:09:25.395 [VehicleEngine] Player "Survivor (2)" (id=0nsyEhm9INQy3se8y-fXlbMHVv4YsIXloUCLC2unDyo=) started vehicle UAZ 469 Cargo Roofless (id=878B4C6AEE4146F4FCBF22A711F98754 pos=<8159.27, 283.33, 1359.14>)
16:09:54.248 [VehicleEngine] Player "NULL" (id=NULL) stopped vehicle UAZ 469 Cargo Roofless (id=878B4C6AEE4146F4FCBF22A711F98754 pos=<8284.19, 269.88, 1429.57>)
16:09:54.292 [VehicleLeave] Player "Survivor (2)" (id=0nsyEhm9INQy3se8y-fXlbMHVv4YsIXloUCLC2unDyo=) left vehicle UAZ 469 Cargo Roofless (id=878B4C6AEE4146F4FCBF22A711F98754 pos=<8284.19, 269.88, 1429.57>)
16:10:39.287 [VehicleEnter] Player "Survivor (2)" (id=0nsyEhm9INQy3se8y-fXlbMHVv4YsIXloUCLC2unDyo=) entered vehicle Land Rover Defender (id=CBB2CDFD12489855DC685EBA5C9B2FF7 pos=<8152.42, 284.84, 1358.75>) as driver
16:10:41.594 [VehicleEngine] Player "Survivor (2)" (id=0nsyEhm9INQy3se8y-fXlbMHVv4YsIXloUCLC2unDyo=) started vehicle Land Rover Defender (id=CBB2CDFD12489855DC685EBA5C9B2FF7 pos=<8152.42, 284.84, 1358.75>)
16:10:46.988 [VehicleEnter] Player "Mr. Blue" (id=Lw52hZyZO7pZP21eLhjYCVUz5rrRVAodhUgchUxGS8A=) entered vehicle Gyrocopter (id=913596B1174B8BF29CD95FA627BA9E67 pos=<10344.8, 224, 5904.4>) as pilot
16:10:48.585 [VehicleEngine] Player "Mr. Blue" (id=Lw52hZyZO7pZP21eLhjYCVUz5rrRVAodhUgchUxGS8A=) started vehicle Gyrocopter (id=913596B1174B8BF29CD95FA627BA9E67 pos=<10344.8, 224, 5904.4>)
16:10:53.024 [VehicleEngine] Player "NULL" (id=NULL) stopped vehicle Gyrocopter (id=913596B1174B8BF29CD95FA627BA9E67 pos=<10344.8, 224, 5904.4>)
16:10:53.047 [VehicleLeave] Player "Mr. Blue" (id=Lw52hZyZO7pZP21eLhjYCVUz5rrRVAodhUgchUxGS8A=) left vehicle Gyrocopter (id=913596B1174B8BF29CD95FA627BA9E67 pos=<10344.8, 224, 5904.4>)
16:11:16.168 [VehicleEnter] Player "Mr. Blue" (id=Lw52hZyZO7pZP21eLhjYCVUz5rrRVAodhUgchUxGS8A=) entered vehicle Gyrocopter (id=913596B1174B8BF29CD95FA627BA9E67 pos=<10344.8, 224, 5904.4>) as pilot
16:11:17.428 [VehicleEngine] Player "Mr. Blue" (id=Lw52hZyZO7pZP21eLhjYCVUz5rrRVAodhUgchUxGS8A=) started vehicle Gyrocopter (id=913596B1174B8BF29CD95FA627BA9E67 pos=<10344.8, 224, 5904.4>)
16:12:09.286 [VehicleEngine] Player "NULL" (id=NULL) stopped vehicle Land Rover Defender (id=CBB2CDFD12489855DC685EBA5C9B2FF7 pos=<8324.08, 323, 1638.71>)
16:12:09.320 [VehicleLeave] Player "Survivor (2)" (id=0nsyEhm9INQy3se8y-fXlbMHVv4YsIXloUCLC2unDyo=) left vehicle Land Rover Defender (id=CBB2CDFD12489855DC685EBA5C9B2FF7 pos=<8324.08, 323, 1638.71>)
16:12:17.844 [VehicleEnter] Player "Survivor (2)" (id=0nsyEhm9INQy3se8y-fXlbMHVv4YsIXloUCLC2unDyo=) entered vehicle Land Rover Defender (id=CBB2CDFD12489855DC685EBA5C9B2FF7 pos=<8324.08, 323, 1638.71>) as driver
16:12:23.268 [VehicleEngine] Player "Survivor (2)" (id=0nsyEhm9INQy3se8y-fXlbMHVv4YsIXloUCLC2unDyo=) started vehicle Land Rover Defender (id=CBB2CDFD12489855DC685EBA5C9B2FF7 pos=<8324.08, 323.01, 1638.71>)
16:13:16.893 [Chat - Global]("Mr. Blue"(id=Lw52hZyZO7pZP21eLhjYCVUz5rrRVAodhUgchUxGS8A=)): yo yo gamer
16:13:20.338 [Chat - Global]("Survivor (2)"(id=0nsyEhm9INQy3se8y-fXlbMHVv4YsIXloUCLC2unDyo=)): blue do u want a car
16:13:29.562 [VehicleEngine] Player "NULL" (id=NULL) stopped vehicle Land Rover Defender (id=CBB2CDFD12489855DC685EBA5C9B2FF7 pos=<8337.8, 322.57, 1644.15>)
16:13:29.576 [VehicleLeave] Player "Survivor (2)" (id=0nsyEhm9INQy3se8y-fXlbMHVv4YsIXloUCLC2unDyo=) left vehicle Land Rover Defender (id=CBB2CDFD12489855DC685EBA5C9B2FF7 pos=<8337.8, 322.57, 1644.15>)
16:13:50.311 [Chat - Global]("Survivor (2)"(id=0nsyEhm9INQy3se8y-fXlbMHVv4YsIXloUCLC2unDyo=)): loool yoo
16:14:01.817 [Chat - Global]("Mr. Blue"(id=Lw52hZyZO7pZP21eLhjYCVUz5rrRVAodhUgchUxGS8A=)): which one?
16:14:10.078 [Chat - Global]("Survivor (2)"(id=0nsyEhm9INQy3se8y-fXlbMHVv4YsIXloUCLC2unDyo=)): uaz
16:14:20.995 [Chat - Global]("Mr. Blue"(id=Lw52hZyZO7pZP21eLhjYCVUz5rrRVAodhUgchUxGS8A=)): YES
16:14:54.653 [Chat - Global]("Survivor (2)"(id=0nsyEhm9INQy3se8y-fXlbMHVv4YsIXloUCLC2unDyo=)): i got you bro 
16:15:07.368 [VehicleEngine] Player "NULL" (id=NULL) stopped vehicle Gyrocopter (id=913596B1174B8BF29CD95FA627BA9E67 pos=<11505.4, 181.23, 9454.36>)
16:15:07.401 [VehicleLeave] Player "Mr. Blue" (id=Lw52hZyZO7pZP21eLhjYCVUz5rrRVAodhUgchUxGS8A=) left vehicle Gyrocopter (id=913596B1174B8BF29CD95FA627BA9E67 pos=<11505.4, 181.23, 9454.36>)
16:15:24.961 [Chat - Global]("Survivor (2)"(id=0nsyEhm9INQy3se8y-fXlbMHVv4YsIXloUCLC2unDyo=)): meey somewhere?
16:15:50.305 [Chat - Global]("Survivor (2)"(id=0nsyEhm9INQy3se8y-fXlbMHVv4YsIXloUCLC2unDyo=)): meet*
16:15:53.357 [Chat - Global]("Mr. Blue"(id=Lw52hZyZO7pZP21eLhjYCVUz5rrRVAodhUgchUxGS8A=)): I'm up N atm gassing my chopper
16:16:02.003 [Chat - Global]("Mr. Blue"(id=Lw52hZyZO7pZP21eLhjYCVUz5rrRVAodhUgchUxGS8A=)): tell me where and I'll go get after
16:17:34.083 [Chat - Global]("Survivor (2)"(id=0nsyEhm9INQy3se8y-fXlbMHVv4YsIXloUCLC2unDyo=)): how about mil base south east of Wrzeszcz
16:18:09.808 [VehicleEnter] Player "Mr. Blue" (id=Lw52hZyZO7pZP21eLhjYCVUz5rrRVAodhUgchUxGS8A=) entered vehicle Gyrocopter (id=913596B1174B8BF29CD95FA627BA9E67 pos=<11505.4, 181.23, 9454.31>) as pilot
16:18:11.789 [VehicleEngine] Player "Mr. Blue" (id=Lw52hZyZO7pZP21eLhjYCVUz5rrRVAodhUgchUxGS8A=) started vehicle Gyrocopter (id=913596B1174B8BF29CD95FA627BA9E67 pos=<11505.4, 181.24, 9454.31>)
16:18:34.608 [Chat - Global]("Mr. Blue"(id=Lw52hZyZO7pZP21eLhjYCVUz5rrRVAodhUgchUxGS8A=)): Sounds good!
16:18:48.008 [Chat - Global]("Mr. Blue"(id=Lw52hZyZO7pZP21eLhjYCVUz5rrRVAodhUgchUxGS8A=)): flying back to base now
16:18:53.126 [VehicleEnter] Player "Survivor (2)" (id=0nsyEhm9INQy3se8y-fXlbMHVv4YsIXloUCLC2unDyo=) entered vehicle UAZ 469 Cargo Roofless (id=878B4C6AEE4146F4FCBF22A711F98754 pos=<8284.19, 269.88, 1429.57>) as driver
16:18:54.202 [VehicleEngine] Player "Survivor (2)" (id=0nsyEhm9INQy3se8y-fXlbMHVv4YsIXloUCLC2unDyo=) started vehicle UAZ 469 Cargo Roofless (id=878B4C6AEE4146F4FCBF22A711F98754 pos=<8284.19, 269.88, 1429.57>)
16:19:05.236 [Chat - Global]("Survivor (2)"(id=0nsyEhm9INQy3se8y-fXlbMHVv4YsIXloUCLC2unDyo=)): dropping off loot
16:19:58.528 [VehicleEngine] Player "NULL" (id=NULL) stopped vehicle UAZ 469 Cargo Roofless (id=878B4C6AEE4146F4FCBF22A711F98754 pos=<8325.98, 322.63, 1636.87>)
16:19:58.571 [VehicleLeave] Player "Survivor (2)" (id=0nsyEhm9INQy3se8y-fXlbMHVv4YsIXloUCLC2unDyo=) left vehicle UAZ 469 Cargo Roofless (id=878B4C6AEE4146F4FCBF22A711F98754 pos=<8325.98, 322.63, 1636.87>)
16:20:10.338 [VehicleEnter] Player "Survivor (2)" (id=0nsyEhm9INQy3se8y-fXlbMHVv4YsIXloUCLC2unDyo=) entered vehicle UAZ 469 Roofless (id=F83288C43E474D8DF77C90B822ABC4D0 pos=<8346.67, 322.64, 1649.12>) as driver
16:20:12.817 [VehicleLeave] Player "Survivor (2)" (id=0nsyEhm9INQy3se8y-fXlbMHVv4YsIXloUCLC2unDyo=) left vehicle UAZ 469 Roofless (id=F83288C43E474D8DF77C90B822ABC4D0 pos=<8346.67, 322.64, 1649.12>)
16:21:52.170 [VehicleEngine] Player "NULL" (id=NULL) stopped vehicle Gyrocopter (id=913596B1174B8BF29CD95FA627BA9E67 pos=<10337.2, 224, 5903.63>)
16:21:52.213 [VehicleLeave] Player "Mr. Blue" (id=Lw52hZyZO7pZP21eLhjYCVUz5rrRVAodhUgchUxGS8A=) left vehicle Gyrocopter (id=913596B1174B8BF29CD95FA627BA9E67 pos=<10337.2, 224, 5903.63>)
16:25:02.828 [Chat - Global]("Survivor (2)"(id=0nsyEhm9INQy3se8y-fXlbMHVv4YsIXloUCLC2unDyo=)): going
16:25:14.454 [VehicleEnter] Player "Survivor (2)" (id=0nsyEhm9INQy3se8y-fXlbMHVv4YsIXloUCLC2unDyo=) entered vehicle UAZ 469 Cargo Roofless (id=878B4C6AEE4146F4FCBF22A711F98754 pos=<8325.98, 322.63, 1636.87>) as driver
16:25:15.410 [VehicleEngine] Player "Survivor (2)" (id=0nsyEhm9INQy3se8y-fXlbMHVv4YsIXloUCLC2unDyo=) started vehicle UAZ 469 Cargo Roofless (id=878B4C6AEE4146F4FCBF22A711F98754 pos=<8325.98, 322.63, 1636.87>)
16:25:20.685 [VehicleEngine] Player "NULL" (id=NULL) stopped vehicle UAZ 469 Cargo Roofless (id=878B4C6AEE4146F4FCBF22A711F98754 pos=<8326.02, 322.56, 1636.11>)
16:25:20.730 [VehicleLeave] Player "Survivor (2)" (id=0nsyEhm9INQy3se8y-fXlbMHVv4YsIXloUCLC2unDyo=) left vehicle UAZ 469 Cargo Roofless (id=878B4C6AEE4146F4FCBF22A711F98754 pos=<8326.02, 322.56, 1636.11>)
16:26:09.554 [VehicleEnter] Player "Survivor (2)" (id=0nsyEhm9INQy3se8y-fXlbMHVv4YsIXloUCLC2unDyo=) entered vehicle UAZ 469 Cargo Roofless (id=878B4C6AEE4146F4FCBF22A711F98754 pos=<8326.02, 322.56, 1636.11>) as driver
16:26:13.655 [VehicleEngine] Player "Survivor (2)" (id=0nsyEhm9INQy3se8y-fXlbMHVv4YsIXloUCLC2unDyo=) started vehicle UAZ 469 Cargo Roofless (id=878B4C6AEE4146F4FCBF22A711F98754 pos=<8326.02, 322.56, 1636.11>)
16:26:17.332 [VehicleEngine] Player "NULL" (id=NULL) stopped vehicle UAZ 469 Cargo Roofless (id=878B4C6AEE4146F4FCBF22A711F98754 pos=<8325.82, 322.44, 1634.5>)
16:26:17.356 [VehicleLeave] Player "Survivor (2)" (id=0nsyEhm9INQy3se8y-fXlbMHVv4YsIXloUCLC2unDyo=) left vehicle UAZ 469 Cargo Roofless (id=878B4C6AEE4146F4FCBF22A711F98754 pos=<8325.82, 322.44, 1634.5>)
16:26:44.235 [VehicleEnter] Player "Survivor (2)" (id=0nsyEhm9INQy3se8y-fXlbMHVv4YsIXloUCLC2unDyo=) entered vehicle UAZ 469 Cargo Roofless (id=878B4C6AEE4146F4FCBF22A711F98754 pos=<8325.82, 322.44, 1634.5>) as driver
16:26:46.327 [VehicleEngine] Player "Survivor (2)" (id=0nsyEhm9INQy3se8y-fXlbMHVv4YsIXloUCLC2unDyo=) started vehicle UAZ 469 Cargo Roofless (id=878B4C6AEE4146F4FCBF22A711F98754 pos=<8325.82, 322.44, 1634.5>)
16:27:10.354 [VehicleEngine] Player "NULL" (id=NULL) stopped vehicle UAZ 469 Cargo Roofless (id=878B4C6AEE4146F4FCBF22A711F98754 pos=<8327.33, 300.27, 1545.31>)
16:27:10.398 [VehicleLeave] Player "Survivor (2)" (id=0nsyEhm9INQy3se8y-fXlbMHVv4YsIXloUCLC2unDyo=) left vehicle UAZ 469 Cargo Roofless (id=878B4C6AEE4146F4FCBF22A711F98754 pos=<8327.33, 300.27, 1545.31>)
16:27:23.189 [VehicleEnter] Player "Survivor (2)" (id=0nsyEhm9INQy3se8y-fXlbMHVv4YsIXloUCLC2unDyo=) entered vehicle UAZ 469 Cargo Roofless (id=878B4C6AEE4146F4FCBF22A711F98754 pos=<8327.33, 300.27, 1545.31>) as driver
16:27:26.176 [VehicleEngine] Player "Survivor (2)" (id=0nsyEhm9INQy3se8y-fXlbMHVv4YsIXloUCLC2unDyo=) started vehicle UAZ 469 Cargo Roofless (id=878B4C6AEE4146F4FCBF22A711F98754 pos=<8327.33, 300.27, 1545.31>)
16:27:44.305 [AI Object Patrol 00088] Spawning 3 West bots at <9834.145508, 353.531097, 3813.472656>
16:27:44.361 [AI Object Patrol 00088] Global patrol count: 2
16:27:44.432 [AI Object Patrol 00088] ContaminatedArea category patrol count: 1
16:27:44.783 [VehicleEngine] Player "NULL" (id=NULL) stopped vehicle UAZ 469 Cargo Roofless (id=878B4C6AEE4146F4FCBF22A711F98754 pos=<8347.36, 322.63, 1646.8>)
16:27:44.871 [VehicleLeave] Player "Survivor (2)" (id=0nsyEhm9INQy3se8y-fXlbMHVv4YsIXloUCLC2unDyo=) left vehicle UAZ 469 Cargo Roofless (id=878B4C6AEE4146F4FCBF22A711F98754 pos=<8347.36, 322.63, 1646.8>)
16:29:33.316 [VehicleEnter] Player "Survivor (2)" (id=0nsyEhm9INQy3se8y-fXlbMHVv4YsIXloUCLC2unDyo=) entered vehicle UAZ 469 Roofless (id=F83288C43E474D8DF77C90B822ABC4D0 pos=<8346.84, 322.65, 1649.61>) as driver
16:29:40.603 [VehicleEngine] Player "Survivor (2)" (id=0nsyEhm9INQy3se8y-fXlbMHVv4YsIXloUCLC2unDyo=) started vehicle UAZ 469 Roofless (id=F83288C43E474D8DF77C90B822ABC4D0 pos=<8141.25, 266, 1696.08>)
16:30:54.722 [Chat - Global]("Mr. Blue"(id=Lw52hZyZO7pZP21eLhjYCVUz5rrRVAodhUgchUxGS8A=)): I'm here. Mili zone is gassed
16:31:25.370 [AI Object Patrol 00089] Spawning 1 East bots at <8477.354492, 385.837433, 2840.504639>
16:31:25.410 [AI Object Patrol 00089] Global patrol count: 3
16:31:25.420 [AI Object Patrol 00089] HelicopterWreck category patrol count: 1
16:34:00.655 [Chat - Global]("Survivor (2)"(id=0nsyEhm9INQy3se8y-fXlbMHVv4YsIXloUCLC2unDyo=)): almost
16:36:40.998 [VehicleEngine] Player "NULL" (id=NULL) stopped vehicle UAZ 469 Roofless (id=F83288C43E474D8DF77C90B822ABC4D0 pos=<10082.4, 351.25, 4173.96>)
16:36:41.052 [VehicleLeave] Player "Survivor (2)" (id=0nsyEhm9INQy3se8y-fXlbMHVv4YsIXloUCLC2unDyo=) left vehicle UAZ 469 Roofless (id=F83288C43E474D8DF77C90B822ABC4D0 pos=<10082.4, 351.25, 4173.96>)
16:42:05.160 [Chat - Global]("Mr. Blue"(id=Lw52hZyZO7pZP21eLhjYCVUz5rrRVAodhUgchUxGS8A=)): lol I ran right into the middle of them
16:42:19.124 [AI Object Patrol 00089] Despawning 1 East bots (spawn position <8477.354492, 385.837433, 2840.504639>, 0/1 deceased)
16:42:19.133 [AI Object Patrol 00089] Global patrol count: 2
16:42:19.143 [AI Object Patrol 00089] HelicopterWreck category patrol count: 0
16:43:43.573 [Chat - Global]("Survivor (2)"(id=0nsyEhm9INQy3se8y-fXlbMHVv4YsIXloUCLC2unDyo=)): i got 2
16:43:51.149 [Chat - Global]("Survivor (2)"(id=0nsyEhm9INQy3se8y-fXlbMHVv4YsIXloUCLC2unDyo=)): you alive?
16:44:08.875 [Chat - Global]("Mr. Blue"(id=Lw52hZyZO7pZP21eLhjYCVUz5rrRVAodhUgchUxGS8A=)): Nope, I died.  All good!
16:44:29.907 [Chat - Global]("Survivor (2)"(id=0nsyEhm9INQy3se8y-fXlbMHVv4YsIXloUCLC2unDyo=)): ill go get you
16:45:53.157 [VehicleEnter] Player "Survivor (2)" (id=0nsyEhm9INQy3se8y-fXlbMHVv4YsIXloUCLC2unDyo=) entered vehicle Mh-6 Little Bird (id=044DE59E6B4F38AADD44E2AA11EDB3F9 pos=<10067.1, 353.96, 4073.08>) as pilot
16:45:54.456 [VehicleEngine] Player "Survivor (2)" (id=0nsyEhm9INQy3se8y-fXlbMHVv4YsIXloUCLC2unDyo=) started vehicle Mh-6 Little Bird (id=044DE59E6B4F38AADD44E2AA11EDB3F9 pos=<10067.1, 353.96, 4073.07>)
16:47:09.267 [AI Object Patrol 00009] Spawning 1 West bots at <7922.473145, 257.608856, 5921.109375>
16:47:09.313 [AI Object Patrol 00009] Global patrol count: 3
16:47:09.326 [AI Object Patrol 00009] ContaminatedArea category patrol count: 2
16:47:14.560 [AI Object Patrol 00085] Spawning 1 East bots at <7940.441406, 281.187683, 6599.880371>
16:47:14.590 [AI Object Patrol 00085] Global patrol count: 4
16:47:14.601 [AI Object Patrol 00085] HelicopterWreck category patrol count: 1
16:47:42.650 [Chat - Global]("Mr. Blue"(id=Lw52hZyZO7pZP21eLhjYCVUz5rrRVAodhUgchUxGS8A=)): I'm in Gliniska
16:48:15.419 [AI Object Patrol 00091] Spawning 2 East bots at <7308.924316, 262.843323, 8483.697266>
16:48:15.457 [AI Object Patrol 00091] Global patrol count: 5
16:48:15.466 [AI Object Patrol 00091] HelicopterWreck category patrol count: 2
16:48:17.896 [AI Object Patrol 00085] Despawning 1 East bots (spawn position <7940.441406, 281.187683, 6599.880371>, 0/1 deceased)
16:48:17.907 [AI Object Patrol 00085] Global patrol count: 4
16:48:17.919 [AI Object Patrol 00085] HelicopterWreck category patrol count: 1
16:49:39.811 [VehicleAttachments] Player "Mr. Blue" (id=Lw52hZyZO7pZP21eLhjYCVUz5rrRVAodhUgchUxGS8A=) detached Mh-6 Front-Right Door (type=Expansion_Mh6_Door_1_2) from vehicle Mh-6 Little Bird (id=044DE59E6B4F38AADD44E2AA11EDB3F9 pos=<5300.08, 174.42, 9487.73>)
16:49:51.708 [VehicleEnter] Player "Mr. Blue" (id=Lw52hZyZO7pZP21eLhjYCVUz5rrRVAodhUgchUxGS8A=) entered vehicle Mh-6 Little Bird (id=044DE59E6B4F38AADD44E2AA11EDB3F9 pos=<5300.04, 174.42, 9487.71>) as passenger
16:51:57.478 [AI Object Patrol 00096] Spawning 2 East bots at <10511.760742, 273.198608, 7456.286621>
16:51:57.509 [AI Object Patrol 00096] Global patrol count: 5
16:51:57.519 [AI Object Patrol 00096] HelicopterWreck category patrol count: 2
16:53:29.802 [AI Object Patrol 00092] Spawning 2 East bots at <10401.564453, 211.783356, 6210.431152>
16:53:29.835 [AI Object Patrol 00092] Global patrol count: 6
16:53:29.846 [AI Object Patrol 00092] HelicopterWreck category patrol count: 3
16:55:10.450 [VehicleEngine] Player "NULL" (id=NULL) stopped vehicle Mh-6 Little Bird (id=044DE59E6B4F38AADD44E2AA11EDB3F9 pos=<8390.95, 274.91, 5437.42>)
16:55:10.473 [VehicleLeave] Player "Survivor (2)" (id=0nsyEhm9INQy3se8y-fXlbMHVv4YsIXloUCLC2unDyo=) left vehicle Mh-6 Little Bird (id=044DE59E6B4F38AADD44E2AA11EDB3F9 pos=<8390.95, 274.91, 5437.42>)
16:55:10.923 [VehicleLeave] Player "Mr. Blue" (id=Lw52hZyZO7pZP21eLhjYCVUz5rrRVAodhUgchUxGS8A=) left vehicle Mh-6 Little Bird (id=044DE59E6B4F38AADD44E2AA11EDB3F9 pos=<8390.95, 274.91, 5437.42>)
16:56:34.497 [AI Object Patrol 00088] Despawning 1 West bots (spawn position <9834.145508, 353.531097, 3813.472656>, 2/3 deceased)
16:56:34.507 [AI Object Patrol 00088] Global patrol count: 5
16:56:34.517 [AI Object Patrol 00088] ContaminatedArea category patrol count: 1
16:56:35.304 [AI Object Patrol 00011] Spawning 2 West bots at <7812.815430, 252.018372, 6057.017090>
16:56:35.341 [AI Object Patrol 00011] Global patrol count: 6
16:56:35.351 [AI Object Patrol 00011] ContaminatedArea category patrol count: 2
16:59:06.402 [VehicleEnter] Player "Survivor (2)" (id=0nsyEhm9INQy3se8y-fXlbMHVv4YsIXloUCLC2unDyo=) entered vehicle Mh-6 Little Bird (id=044DE59E6B4F38AADD44E2AA11EDB3F9 pos=<8390.92, 274.87, 5437.09>) as pilot
16:59:08.359 [VehicleEnter] Player "Mr. Blue" (id=Lw52hZyZO7pZP21eLhjYCVUz5rrRVAodhUgchUxGS8A=) entered vehicle Mh-6 Little Bird (id=044DE59E6B4F38AADD44E2AA11EDB3F9 pos=<8390.92, 274.87, 5437.06>) as passenger
16:59:12.305 [VehicleEngine] Player "Survivor (2)" (id=0nsyEhm9INQy3se8y-fXlbMHVv4YsIXloUCLC2unDyo=) started vehicle Mh-6 Little Bird (id=044DE59E6B4F38AADD44E2AA11EDB3F9 pos=<8390.9, 274.86, 5437.01>)
16:59:34.377 [AI Object Patrol 00091] Despawning 2 East bots (spawn position <7308.924316, 262.843323, 8483.697266>, 0/2 deceased)
16:59:34.387 [AI Object Patrol 00091] Global patrol count: 5
16:59:34.397 [AI Object Patrol 00091] HelicopterWreck category patrol count: 2
17:01:11.620 [VehicleEngine] Player "Survivor (2)" (id=0nsyEhm9INQy3se8y-fXlbMHVv4YsIXloUCLC2unDyo=) stopped vehicle Mh-6 Little Bird (id=044DE59E6B4F38AADD44E2AA11EDB3F9 pos=<9903.93, 354.39, 3799.64>)
17:01:17.444 [VehicleLeave] Player "Mr. Blue" (id=Lw52hZyZO7pZP21eLhjYCVUz5rrRVAodhUgchUxGS8A=) left vehicle Mh-6 Little Bird (id=044DE59E6B4F38AADD44E2AA11EDB3F9 pos=<9903.89, 354.39, 3799.64>)
17:01:17.592 [VehicleLeave] Player "Survivor (2)" (id=0nsyEhm9INQy3se8y-fXlbMHVv4YsIXloUCLC2unDyo=) left vehicle Mh-6 Little Bird (id=044DE59E6B4F38AADD44E2AA11EDB3F9 pos=<9903.89, 354.39, 3799.64>)
17:02:40.096 [VehicleDeleted] ExpansionMh6_Vrana (id=044DE59E6B4F38AADD44E2AA11EDB3F9 pos=<9903.89, 351.74, 3799.59>)
17:02:44.487 [AI Object Patrol 00096] Despawning 2 East bots (spawn position <10511.760742, 273.198608, 7456.286621>, 0/2 deceased)
17:02:44.497 [AI Object Patrol 00096] Global patrol count: 4
17:02:44.508 [AI Object Patrol 00096] HelicopterWreck category patrol count: 1
17:03:14.039 [AI Object Patrol 00009] Despawning 1 West bots (spawn position <7922.473145, 257.608856, 5921.109375>, 0/1 deceased)
17:03:14.049 [AI Object Patrol 00009] Global patrol count: 3
17:03:14.059 [AI Object Patrol 00009] ContaminatedArea category patrol count: 1
17:04:15.651 [AI Object Patrol 00092] Despawning 2 East bots (spawn position <10401.564453, 211.783356, 6210.431152>, 0/2 deceased)
17:04:15.661 [AI Object Patrol 00092] Global patrol count: 2
17:04:15.671 [AI Object Patrol 00092] HelicopterWreck category patrol count: 0
17:09:01.697 [VehicleEnter] Player "Mr. Blue" (id=Lw52hZyZO7pZP21eLhjYCVUz5rrRVAodhUgchUxGS8A=) entered vehicle UAZ 469 Roofless (id=F83288C43E474D8DF77C90B822ABC4D0 pos=<10082.4, 351.25, 4173.96>) as passenger
17:09:02.622 [VehicleEnter] Player "Survivor (2)" (id=0nsyEhm9INQy3se8y-fXlbMHVv4YsIXloUCLC2unDyo=) entered vehicle UAZ 469 Roofless (id=F83288C43E474D8DF77C90B822ABC4D0 pos=<10082.4, 351.25, 4173.96>) as driver
17:09:04.116 [VehicleEngine] Player "Survivor (2)" (id=0nsyEhm9INQy3se8y-fXlbMHVv4YsIXloUCLC2unDyo=) started vehicle UAZ 469 Roofless (id=F83288C43E474D8DF77C90B822ABC4D0 pos=<10082.4, 351.25, 4173.96>)
17:09:54.314 [AI Object Patrol 00011] Despawning 2 West bots (spawn position <7812.815430, 252.018372, 6057.017090>, 0/2 deceased)
17:09:54.327 [AI Object Patrol 00011] Global patrol count: 1
17:09:54.342 [AI Object Patrol 00011] ContaminatedArea category patrol count: 0
17:11:43.285 [AI Object Patrol 00094] Spawning 3 East bots at <6887.753906, 377.690094, 4163.492676>
17:11:43.319 [AI Object Patrol 00094] Global patrol count: 2
17:11:43.329 [AI Object Patrol 00094] HelicopterWreck category patrol count: 1
17:17:14.718 [VehicleLeave] Player "Mr. Blue" (id=Lw52hZyZO7pZP21eLhjYCVUz5rrRVAodhUgchUxGS8A=) left vehicle UAZ 469 Roofless (id=F83288C43E474D8DF77C90B822ABC4D0 pos=<8328.09, 322.29, 1632.65>)
17:17:42.864 [VehicleEngine] Player "NULL" (id=NULL) stopped vehicle UAZ 469 Roofless (id=F83288C43E474D8DF77C90B822ABC4D0 pos=<8328.09, 322.29, 1632.65>)
17:17:42.880 [VehicleLeave] Player "Survivor (2)" (id=0nsyEhm9INQy3se8y-fXlbMHVv4YsIXloUCLC2unDyo=) left vehicle UAZ 469 Roofless (id=F83288C43E474D8DF77C90B822ABC4D0 pos=<8328.09, 322.29, 1632.65>)
17:20:47.799 [AI Object Patrol 00094] Despawning 3 East bots (spawn position <6887.753906, 377.690094, 4163.492676>, 0/3 deceased)
17:20:47.809 [AI Object Patrol 00094] Global patrol count: 1
17:20:47.818 [AI Object Patrol 00094] HelicopterWreck category patrol count: 0
17:22:58.657 [VehicleEnter] Player "Mr. Blue" (id=Lw52hZyZO7pZP21eLhjYCVUz5rrRVAodhUgchUxGS8A=) entered vehicle UAZ 469 Roofless (id=F83288C43E474D8DF77C90B822ABC4D0 pos=<8328.09, 322.29, 1632.65>) as driver
17:23:01.063 [VehicleEngine] Player "Mr. Blue" (id=Lw52hZyZO7pZP21eLhjYCVUz5rrRVAodhUgchUxGS8A=) started vehicle UAZ 469 Roofless (id=F83288C43E474D8DF77C90B822ABC4D0 pos=<8328.09, 322.29, 1632.65>)
17:23:41.099 [Chat - Global]("Survivor (2)"(id=0nsyEhm9INQy3se8y-fXlbMHVv4YsIXloUCLC2unDyo=)): aha thats some driving!
17:29:06.718 [AI Object Patrol 00105] Spawning 3 East bots at <9791.032227, 281.287079, 6002.270996>
17:29:06.864 [AI Object Patrol 00105] Global patrol count: 2
17:29:06.887 [AI Object Patrol 00105] HelicopterWreck category patrol count: 1
17:31:12.318 [VehicleEngine] Player "NULL" (id=NULL) stopped vehicle UAZ 469 Roofless (id=F83288C43E474D8DF77C90B822ABC4D0 pos=<10347.6, 219.76, 5824.16>)
17:31:12.341 [VehicleLeave] Player "Mr. Blue" (id=Lw52hZyZO7pZP21eLhjYCVUz5rrRVAodhUgchUxGS8A=) left vehicle UAZ 469 Roofless (id=F83288C43E474D8DF77C90B822ABC4D0 pos=<10347.6, 219.76, 5824.16>)
17:31:23.483 [VehicleAttachments] Player "Mr. Blue" (id=Lw52hZyZO7pZP21eLhjYCVUz5rrRVAodhUgchUxGS8A=) detached Car Radiator (type=CarRadiator) from vehicle UAZ 469 Roofless (id=F83288C43E474D8DF77C90B822ABC4D0 pos=<10347.5, 219.76, 5824.21>)
17:31:43.288 [VehicleEnter] Player "Mr. Blue" (id=Lw52hZyZO7pZP21eLhjYCVUz5rrRVAodhUgchUxGS8A=) entered vehicle UAZ 469 Roofless (id=F83288C43E474D8DF77C90B822ABC4D0 pos=<10347.5, 219.75, 5824.25>) as driver
17:31:44.741 [VehicleEngine] Player "Mr. Blue" (id=Lw52hZyZO7pZP21eLhjYCVUz5rrRVAodhUgchUxGS8A=) started vehicle UAZ 469 Roofless (id=F83288C43E474D8DF77C90B822ABC4D0 pos=<10347.5, 219.75, 5824.27>)
17:31:47.350 [VehicleEngine] Player "NULL" (id=NULL) stopped vehicle UAZ 469 Roofless (id=F83288C43E474D8DF77C90B822ABC4D0 pos=<10347.5, 219.74, 5824.32>)
17:31:47.396 [VehicleLeave] Player "Mr. Blue" (id=Lw52hZyZO7pZP21eLhjYCVUz5rrRVAodhUgchUxGS8A=) left vehicle UAZ 469 Roofless (id=F83288C43E474D8DF77C90B822ABC4D0 pos=<10347.5, 219.74, 5824.32>)
17:32:31.319 [VehicleEnter] Player "Mr. Blue" (id=Lw52hZyZO7pZP21eLhjYCVUz5rrRVAodhUgchUxGS8A=) entered vehicle Gunter 2 (id=861E7AA4224DA1D69934E0B38FD601C8 pos=<10352.6, 217.97, 5911.2>) as driver
17:32:32.989 [VehicleEngine] Player "Mr. Blue" (id=Lw52hZyZO7pZP21eLhjYCVUz5rrRVAodhUgchUxGS8A=) started vehicle Gunter 2 (id=861E7AA4224DA1D69934E0B38FD601C8 pos=<10352.6, 217.97, 5911.2>)
17:32:59.660 [VehicleEngine] Player "NULL" (id=NULL) stopped vehicle Gunter 2 (id=861E7AA4224DA1D69934E0B38FD601C8 pos=<10347.7, 219.54, 5825.97>)
17:33:00.042 [VehicleLeave] Player "Mr. Blue" (id=Lw52hZyZO7pZP21eLhjYCVUz5rrRVAodhUgchUxGS8A=) left vehicle Gunter 2 (id=861E7AA4224DA1D69934E0B38FD601C8 pos=<10347.7, 219.54, 5825.97>)
17:35:33.005 [VehicleEnter] Player "Mr. Blue" (id=Lw52hZyZO7pZP21eLhjYCVUz5rrRVAodhUgchUxGS8A=) entered vehicle Gunter 2 (id=861E7AA4224DA1D69934E0B38FD601C8 pos=<10347.7, 219.53, 5826.08>) as driver
17:35:35.519 [VehicleEngine] Player "Mr. Blue" (id=Lw52hZyZO7pZP21eLhjYCVUz5rrRVAodhUgchUxGS8A=) started vehicle Gunter 2 (id=861E7AA4224DA1D69934E0B38FD601C8 pos=<10347.7, 219.52, 5826.24>)
17:35:58.167 [VehicleEngine] Player "NULL" (id=NULL) stopped vehicle Gunter 2 (id=861E7AA4224DA1D69934E0B38FD601C8 pos=<10349.1, 217.97, 5908.97>)
17:35:58.501 [VehicleLeave] Player "Mr. Blue" (id=Lw52hZyZO7pZP21eLhjYCVUz5rrRVAodhUgchUxGS8A=) left vehicle Gunter 2 (id=861E7AA4224DA1D69934E0B38FD601C8 pos=<10349.1, 217.97, 5908.97>)
17:36:37.261 [VehicleEnter] Player "Mr. Blue" (id=Lw52hZyZO7pZP21eLhjYCVUz5rrRVAodhUgchUxGS8A=) entered vehicle UAZ 469 Roofless (id=F83288C43E474D8DF77C90B822ABC4D0 pos=<10345.6, 219.96, 5822.14>) as driver
17:36:38.672 [VehicleEngine] Player "Mr. Blue" (id=Lw52hZyZO7pZP21eLhjYCVUz5rrRVAodhUgchUxGS8A=) started vehicle UAZ 469 Roofless (id=F83288C43E474D8DF77C90B822ABC4D0 pos=<10345.6, 219.96, 5822.14>)
17:36:58.432 [VehicleEngine] Player "NULL" (id=NULL) stopped vehicle UAZ 469 Roofless (id=F83288C43E474D8DF77C90B822ABC4D0 pos=<10353.9, 217.94, 5911.55>)
17:36:58.468 [VehicleLeave] Player "Mr. Blue" (id=Lw52hZyZO7pZP21eLhjYCVUz5rrRVAodhUgchUxGS8A=) left vehicle UAZ 469 Roofless (id=F83288C43E474D8DF77C90B822ABC4D0 pos=<10353.9, 217.94, 5911.55>)
17:37:23.790 [Chat - Global]("Mr. Blue"(id=Lw52hZyZO7pZP21eLhjYCVUz5rrRVAodhUgchUxGS8A=)): Haha yea man. Lots of hours in this game!
17:37:36.239 [Chat - Global]("Mr. Blue"(id=Lw52hZyZO7pZP21eLhjYCVUz5rrRVAodhUgchUxGS8A=)): Thanks for the UAZ brother. Cya next time!
17:47:57.868 [AI Object Patrol 00105] Despawning 3 East bots (spawn position <9791.032227, 281.287079, 6002.270996>, 0/3 deceased)
17:47:57.878 [AI Object Patrol 00105] Global patrol count: 1
17:47:57.888 [AI Object Patrol 00105] HelicopterWreck category patrol count: 0
