10:09:16.925 [VehicleEnter] Player "Bad Boy" (id=7EOOpe6Cv8QB45p22zWB29TPheQCYualmurDzSA3CR0=) entered vehicle Land Rover Defender (id=5BC6FEAA2C4E85F1AE9A56B167F5B3C0 pos=<1799.54, 188.93, 7431.76>) as driver
10:09:19.918 [VehicleEngine] Player "Bad Boy" (id=7EOOpe6Cv8QB45p22zWB29TPheQCYualmurDzSA3CR0=) started vehicle Land Rover Defender (id=5BC6FEAA2C4E85F1AE9A56B167F5B3C0 pos=<1799.54, 188.93, 7431.76>)
10:10:01.964 [VehicleEngine] Player "NULL" (id=NULL) stopped vehicle Land Rover Defender (id=5BC6FEAA2C4E85F1AE9A56B167F5B3C0 pos=<1650.72, 181.19, 7477.4>)
10:10:01.999 [VehicleLeave] Player "Bad Boy" (id=7EOOpe6Cv8QB45p22zWB29TPheQCYualmurDzSA3CR0=) left vehicle Land Rover Defender (id=5BC6FEAA2C4E85F1AE9A56B167F5B3C0 pos=<1650.71, 181.19, 7477.4>)
10:10:17.825 [VehicleEnter] Player "Bad Boy" (id=7EOOpe6Cv8QB45p22zWB29TPheQCYualmurDzSA3CR0=) entered vehicle Land Rover Defender (id=5BC6FEAA2C4E85F1AE9A56B167F5B3C0 pos=<1650.67, 181.19, 7477.39>) as driver
10:10:21.030 [VehicleLeave] Player "Bad Boy" (id=7EOOpe6Cv8QB45p22zWB29TPheQCYualmurDzSA3CR0=) left vehicle Land Rover Defender (id=5BC6FEAA2C4E85F1AE9A56B167F5B3C0 pos=<1650.67, 181.19, 7477.39>)
10:10:25.673 [VehicleEnter] Player "Bad Boy" (id=7EOOpe6Cv8QB45p22zWB29TPheQCYualmurDzSA3CR0=) entered vehicle Land Rover Defender (id=5BC6FEAA2C4E85F1AE9A56B167F5B3C0 pos=<1650.67, 181.19, 7477.39>) as driver
10:10:28.141 [VehicleEngine] Player "Bad Boy" (id=7EOOpe6Cv8QB45p22zWB29TPheQCYualmurDzSA3CR0=) started vehicle Land Rover Defender (id=5BC6FEAA2C4E85F1AE9A56B167F5B3C0 pos=<1650.67, 181.19, 7477.39>)
10:13:39.484 [VehicleEngine] Player "Bad Boy" (id=7EOOpe6Cv8QB45p22zWB29TPheQCYualmurDzSA3CR0=) stopped vehicle Land Rover Defender (id=5BC6FEAA2C4E85F1AE9A56B167F5B3C0 pos=<1357.74, 277.74, 8840.66>)
10:13:42.862 [VehicleLeave] Player "Bad Boy" (id=7EOOpe6Cv8QB45p22zWB29TPheQCYualmurDzSA3CR0=) left vehicle Land Rover Defender (id=5BC6FEAA2C4E85F1AE9A56B167F5B3C0 pos=<1357.74, 277.74, 8840.66>)
10:14:17.883 [AI Patrol 00016] Spawning 1 West bots at <7165.617188, 305.191650, 2999.656494>
10:14:17.912 [AI Patrol 00016] Global patrol count: 1
10:14:17.922 [AI Patrol 00016] Patrol category patrol count: 1
10:14:17.932 [AI Patrol 00015] Spawning 1 East bots at <7665.657715, 307.372345, 2814.058105>
10:14:17.967 [AI Patrol 00015] Global patrol count: 2
10:14:17.977 [AI Patrol 00015] Patrol category patrol count: 2
10:15:03.820 [VehicleEnter] Player "Bad Boy" (id=7EOOpe6Cv8QB45p22zWB29TPheQCYualmurDzSA3CR0=) entered vehicle Land Rover Defender (id=5BC6FEAA2C4E85F1AE9A56B167F5B3C0 pos=<1357.74, 277.74, 8840.66>) as driver
10:15:07.265 [VehicleEngine] Player "Bad Boy" (id=7EOOpe6Cv8QB45p22zWB29TPheQCYualmurDzSA3CR0=) started vehicle Land Rover Defender (id=5BC6FEAA2C4E85F1AE9A56B167F5B3C0 pos=<1357.74, 277.74, 8840.66>)
10:15:57.810 [VehicleEngine] Player "Bad Boy" (id=7EOOpe6Cv8QB45p22zWB29TPheQCYualmurDzSA3CR0=) stopped vehicle Land Rover Defender (id=5BC6FEAA2C4E85F1AE9A56B167F5B3C0 pos=<1340.34, 276.62, 9596.11>)
10:16:01.333 [VehicleLeave] Player "Bad Boy" (id=7EOOpe6Cv8QB45p22zWB29TPheQCYualmurDzSA3CR0=) left vehicle Land Rover Defender (id=5BC6FEAA2C4E85F1AE9A56B167F5B3C0 pos=<1340.34, 276.62, 9596.11>)
10:19:09.594 [VehicleEnter] Player "Bad Boy" (id=7EOOpe6Cv8QB45p22zWB29TPheQCYualmurDzSA3CR0=) entered vehicle Land Rover Defender (id=5BC6FEAA2C4E85F1AE9A56B167F5B3C0 pos=<1340.34, 276.62, 9596.11>) as driver
10:19:15.446 [VehicleEngine] Player "Bad Boy" (id=7EOOpe6Cv8QB45p22zWB29TPheQCYualmurDzSA3CR0=) started vehicle Land Rover Defender (id=5BC6FEAA2C4E85F1AE9A56B167F5B3C0 pos=<1340.34, 276.62, 9596.11>)
10:19:28.031 [VehicleEngine] Player "NULL" (id=NULL) stopped vehicle Land Rover Defender (id=5BC6FEAA2C4E85F1AE9A56B167F5B3C0 pos=<1359.54, 274.79, 9632.7>)
10:19:28.050 [VehicleLeave] Player "Bad Boy" (id=7EOOpe6Cv8QB45p22zWB29TPheQCYualmurDzSA3CR0=) left vehicle Land Rover Defender (id=5BC6FEAA2C4E85F1AE9A56B167F5B3C0 pos=<1359.54, 274.79, 9632.7>)
10:19:36.017 [VehicleEnter] Player "Bad Boy" (id=7EOOpe6Cv8QB45p22zWB29TPheQCYualmurDzSA3CR0=) entered vehicle Land Rover Defender (id=5BC6FEAA2C4E85F1AE9A56B167F5B3C0 pos=<1359.54, 274.79, 9632.7>) as driver
10:19:40.167 [VehicleEngine] Player "Bad Boy" (id=7EOOpe6Cv8QB45p22zWB29TPheQCYualmurDzSA3CR0=) started vehicle Land Rover Defender (id=5BC6FEAA2C4E85F1AE9A56B167F5B3C0 pos=<1359.54, 274.79, 9632.7>)
10:20:53.399 [VehicleEngine] Player "Bad Boy" (id=7EOOpe6Cv8QB45p22zWB29TPheQCYualmurDzSA3CR0=) stopped vehicle Land Rover Defender (id=5BC6FEAA2C4E85F1AE9A56B167F5B3C0 pos=<1305.05, 283.11, 9808.73>)
10:20:56.500 [VehicleLeave] Player "Bad Boy" (id=7EOOpe6Cv8QB45p22zWB29TPheQCYualmurDzSA3CR0=) left vehicle Land Rover Defender (id=5BC6FEAA2C4E85F1AE9A56B167F5B3C0 pos=<1305.05, 283.11, 9808.73>)
10:21:34.576 [VehicleEnter] Player "Bad Boy" (id=7EOOpe6Cv8QB45p22zWB29TPheQCYualmurDzSA3CR0=) entered vehicle Land Rover Defender (id=5BC6FEAA2C4E85F1AE9A56B167F5B3C0 pos=<1305.05, 283.11, 9808.73>) as driver
10:21:43.169 [VehicleEngine] Player "Bad Boy" (id=7EOOpe6Cv8QB45p22zWB29TPheQCYualmurDzSA3CR0=) started vehicle Land Rover Defender (id=5BC6FEAA2C4E85F1AE9A56B167F5B3C0 pos=<1305.05, 283.11, 9808.73>)
10:23:17.515 [VehicleEngine] Player "Bad Boy" (id=7EOOpe6Cv8QB45p22zWB29TPheQCYualmurDzSA3CR0=) stopped vehicle Land Rover Defender (id=5BC6FEAA2C4E85F1AE9A56B167F5B3C0 pos=<156.44, 268.11, 9766.24>)
10:23:20.743 [VehicleLeave] Player "Bad Boy" (id=7EOOpe6Cv8QB45p22zWB29TPheQCYualmurDzSA3CR0=) left vehicle Land Rover Defender (id=5BC6FEAA2C4E85F1AE9A56B167F5B3C0 pos=<156.44, 268.11, 9766.24>)
10:24:30.739 [VehicleEnter] Player "Bad Boy" (id=7EOOpe6Cv8QB45p22zWB29TPheQCYualmurDzSA3CR0=) entered vehicle Land Rover Defender (id=5BC6FEAA2C4E85F1AE9A56B167F5B3C0 pos=<156.44, 268.11, 9766.24>) as driver
10:24:35.094 [VehicleEngine] Player "Bad Boy" (id=7EOOpe6Cv8QB45p22zWB29TPheQCYualmurDzSA3CR0=) started vehicle Land Rover Defender (id=5BC6FEAA2C4E85F1AE9A56B167F5B3C0 pos=<156.44, 268.11, 9766.24>)
10:25:51.869 [VehicleEngine] Player "NULL" (id=NULL) stopped vehicle Land Rover Defender (id=5BC6FEAA2C4E85F1AE9A56B167F5B3C0 pos=<423.2, 310.04, 10487.6>)
10:25:51.894 [VehicleLeave] Player "Bad Boy" (id=7EOOpe6Cv8QB45p22zWB29TPheQCYualmurDzSA3CR0=) left vehicle Land Rover Defender (id=5BC6FEAA2C4E85F1AE9A56B167F5B3C0 pos=<423.14, 310.03, 10487.6>)
10:26:51.522 [AI Patrol 00016] West bots were wiped out (spawn position <7165.617188, 305.191650, 2999.656494>, 1/1 deceased)
10:26:51.699 [AI Patrol 00016] Global patrol count: 1
10:26:51.854 [AI Patrol 00016] Patrol category patrol count: 1
10:27:11.795 [VehicleEnter] Player "Bad Boy" (id=7EOOpe6Cv8QB45p22zWB29TPheQCYualmurDzSA3CR0=) entered vehicle Land Rover Defender (id=5BC6FEAA2C4E85F1AE9A56B167F5B3C0 pos=<422.61, 309.98, 10488>) as driver
10:27:14.464 [VehicleEngine] Player "Bad Boy" (id=7EOOpe6Cv8QB45p22zWB29TPheQCYualmurDzSA3CR0=) started vehicle Land Rover Defender (id=5BC6FEAA2C4E85F1AE9A56B167F5B3C0 pos=<422.61, 309.98, 10488>)
10:30:26.901 [AI Patrol 00015] East bots were wiped out (spawn position <7665.657715, 307.372345, 2814.058105>, 1/1 deceased)
10:30:26.911 [AI Patrol 00015] Global patrol count: 0
10:30:26.922 [AI Patrol 00015] Patrol category patrol count: 0
10:32:31.045 [VehicleEngine] Player "Bad Boy" (id=7EOOpe6Cv8QB45p22zWB29TPheQCYualmurDzSA3CR0=) stopped vehicle Land Rover Defender (id=5BC6FEAA2C4E85F1AE9A56B167F5B3C0 pos=<1332.14, 365.52, 11477.2>)
10:32:37.659 [VehicleLeave] Player "Bad Boy" (id=7EOOpe6Cv8QB45p22zWB29TPheQCYualmurDzSA3CR0=) left vehicle Land Rover Defender (id=5BC6FEAA2C4E85F1AE9A56B167F5B3C0 pos=<1332.14, 365.52, 11477.2>)
10:33:51.154 [Chat - Global]("Bad Boy"(id=7EOOpe6Cv8QB45p22zWB29TPheQCYualmurDzSA3CR0=)): Snake you on?
10:40:41.599 [Chat - Global]("Survivor"(id=0nsyEhm9INQy3se8y-fXlbMHVv4YsIXloUCLC2unDyo=)): yoo
10:41:03.034 [Chat - Global]("Survivor"(id=0nsyEhm9INQy3se8y-fXlbMHVv4YsIXloUCLC2unDyo=)): sup dude
10:41:23.856 [Chat - Global]("Bad Boy"(id=7EOOpe6Cv8QB45p22zWB29TPheQCYualmurDzSA3CR0=)): You're the mod, right? Who we message on Reddit or no?
10:41:38.735 [Chat - Global]("Survivor"(id=0nsyEhm9INQy3se8y-fXlbMHVv4YsIXloUCLC2unDyo=)): yep thats me!
10:41:46.476 [Chat - Global]("Bad Boy"(id=7EOOpe6Cv8QB45p22zWB29TPheQCYualmurDzSA3CR0=)): Awesome, ok, just wanted to make sure.
10:41:56.446 [Chat - Global]("Survivor"(id=0nsyEhm9INQy3se8y-fXlbMHVv4YsIXloUCLC2unDyo=)): hows it going
10:42:03.852 [Chat - Global]("Bad Boy"(id=7EOOpe6Cv8QB45p22zWB29TPheQCYualmurDzSA3CR0=)): Could you help me out with something? I put a territory down when I first started and I can't get rid of it.
10:42:11.221 [Chat - Global]("Survivor"(id=0nsyEhm9INQy3se8y-fXlbMHVv4YsIXloUCLC2unDyo=)): ah sure
10:42:13.122 [Chat - Global]("Bad Boy"(id=7EOOpe6Cv8QB45p22zWB29TPheQCYualmurDzSA3CR0=)): I chopped down the flag pole, I used a shovel to get rid of rocks.
10:42:21.344 [Chat - Global]("Survivor"(id=0nsyEhm9INQy3se8y-fXlbMHVv4YsIXloUCLC2unDyo=)): whats the name
10:42:26.151 [Chat - Global]("Bad Boy"(id=7EOOpe6Cv8QB45p22zWB29TPheQCYualmurDzSA3CR0=)): And now its just the bottom half of the pole there.
10:43:10.925 [Chat - Global]("Survivor"(id=0nsyEhm9INQy3se8y-fXlbMHVv4YsIXloUCLC2unDyo=)): i can remove it. either by name or coords
10:43:12.885 [Chat - Global]("Bad Boy"(id=7EOOpe6Cv8QB45p22zWB29TPheQCYualmurDzSA3CR0=)): The name is "Bad Boy Land" at 2957 / 6500.
10:43:17.943 [Chat - Global]("Survivor"(id=0nsyEhm9INQy3se8y-fXlbMHVv4YsIXloUCLC2unDyo=)): got it
10:43:35.105 [Chat - Global]("Bad Boy"(id=7EOOpe6Cv8QB45p22zWB29TPheQCYualmurDzSA3CR0=)): The new one is called Bad Boy Land too as well, FYI.
10:43:49.580 [Chat - Global]("Bad Boy"(id=7EOOpe6Cv8QB45p22zWB29TPheQCYualmurDzSA3CR0=)): Do the territories keep our gear from despawning too? Do you know?  
10:44:03.671 [Chat - Global]("Survivor"(id=0nsyEhm9INQy3se8y-fXlbMHVv4YsIXloUCLC2unDyo=)): i read that they do
10:44:31.408 [Chat - Global]("Bad Boy"(id=7EOOpe6Cv8QB45p22zWB29TPheQCYualmurDzSA3CR0=)): Ok, thanks. Yea, I can't take down walls without being in a territory, which doesn't let me fix errors on my current base, so I appreciate the help.
10:44:40.271 [Territory] Admin "Survivor" (id=0nsyEhm9INQy3se8y-fXlbMHVv4YsIXloUCLC2unDyo=) deleted territory "Bad Boy Land" at <2965.220459, 254.567795, 6900.495605>
10:44:51.155 [Chat - Global]("Survivor"(id=0nsyEhm9INQy3se8y-fXlbMHVv4YsIXloUCLC2unDyo=)): i deleted the only bad boy one
10:44:57.903 [Chat - Global]("Survivor"(id=0nsyEhm9INQy3se8y-fXlbMHVv4YsIXloUCLC2unDyo=)): next to this farm, lmk if thats not it
10:44:58.007 [Chat - Global]("Bad Boy"(id=7EOOpe6Cv8QB45p22zWB29TPheQCYualmurDzSA3CR0=)): Thanks!
10:45:10.407 [Chat - Global]("Bad Boy"(id=7EOOpe6Cv8QB45p22zWB29TPheQCYualmurDzSA3CR0=)): Thats it.
10:45:13.178 [Chat - Global]("Survivor"(id=0nsyEhm9INQy3se8y-fXlbMHVv4YsIXloUCLC2unDyo=)): awesome
10:46:18.738 [SpawnSelection] Player "Survivor" (id=0nsyEhm9INQy3se8y-fXlbMHVv4YsIXloUCLC2unDyo=) spawned at <10221.799805, 242.677994, 2168.860107>
10:47:17.441 [Territory] Player "Bad Boy" (id=7EOOpe6Cv8QB45p22zWB29TPheQCYualmurDzSA3CR0=) created territory "Land of the Bad Boys" at <1321.394531, 373.496002, 11456.469727>
10:47:51.591 [VehicleEnter] Player "Bad Boy" (id=7EOOpe6Cv8QB45p22zWB29TPheQCYualmurDzSA3CR0=) entered vehicle Land Rover Defender (id=5BC6FEAA2C4E85F1AE9A56B167F5B3C0 pos=<1332.14, 365.52, 11477.2>) as driver
10:47:54.986 [VehicleEngine] Player "Bad Boy" (id=7EOOpe6Cv8QB45p22zWB29TPheQCYualmurDzSA3CR0=) started vehicle Land Rover Defender (id=5BC6FEAA2C4E85F1AE9A56B167F5B3C0 pos=<1332.14, 365.52, 11477.2>)
10:49:08.595 [VehicleEngine] Player "NULL" (id=NULL) stopped vehicle Land Rover Defender (id=5BC6FEAA2C4E85F1AE9A56B167F5B3C0 pos=<1347.52, 397.22, 11303.4>)
10:49:08.624 [VehicleLeave] Player "Bad Boy" (id=7EOOpe6Cv8QB45p22zWB29TPheQCYualmurDzSA3CR0=) left vehicle Land Rover Defender (id=5BC6FEAA2C4E85F1AE9A56B167F5B3C0 pos=<1347.52, 397.22, 11303.4>)
10:54:08.411 [VehicleEnter] Player "Bad Boy" (id=7EOOpe6Cv8QB45p22zWB29TPheQCYualmurDzSA3CR0=) entered vehicle Land Rover Defender (id=5BC6FEAA2C4E85F1AE9A56B167F5B3C0 pos=<1347.52, 397.22, 11303.4>) as driver
10:54:15.746 [VehicleEngine] Player "Bad Boy" (id=7EOOpe6Cv8QB45p22zWB29TPheQCYualmurDzSA3CR0=) started vehicle Land Rover Defender (id=5BC6FEAA2C4E85F1AE9A56B167F5B3C0 pos=<1347.52, 397.22, 11303.4>)
10:55:13.431 [VehicleEngine] Player "Bad Boy" (id=7EOOpe6Cv8QB45p22zWB29TPheQCYualmurDzSA3CR0=) stopped vehicle Land Rover Defender (id=5BC6FEAA2C4E85F1AE9A56B167F5B3C0 pos=<1318.25, 374.27, 11450.2>)
10:55:18.408 [VehicleLeave] Player "Bad Boy" (id=7EOOpe6Cv8QB45p22zWB29TPheQCYualmurDzSA3CR0=) left vehicle Land Rover Defender (id=5BC6FEAA2C4E85F1AE9A56B167F5B3C0 pos=<1318.24, 374.27, 11450.2>)
10:59:57.842 [Chat - Global]("Bad Boy"(id=7EOOpe6Cv8QB45p22zWB29TPheQCYualmurDzSA3CR0=)): Have you taken down a wall yet? 
11:10:55.766 [AI Patrol 00017] Spawning 1 Civilian bots at <6450.201172, 382.634827, 3694.420654>
11:10:55.805 [AI Patrol 00017] Global patrol count: 1
11:10:55.815 [AI Patrol 00017] Patrol category patrol count: 1
11:14:38.182 [AI Object Patrol 00032] Spawning 1 West bots at <4366.813965, 310.202423, 6667.054688>
11:14:38.211 [AI Object Patrol 00032] Global patrol count: 2
11:14:38.221 [AI Object Patrol 00032] ContaminatedArea category patrol count: 1
11:15:28.661 [Chat - Global]("Survivor"(id=0nsyEhm9INQy3se8y-fXlbMHVv4YsIXloUCLC2unDyo=)): awall, with a sledge hammer i think
11:15:51.128 [Chat - Global]("Dan"(id=J3DN6WXzRjVAt4j_gUAEgL4v34hqtXpOtTWQ5nCMCS0=)): hi all !!
11:16:01.817 [Chat - Global]("Bad Boy"(id=7EOOpe6Cv8QB45p22zWB29TPheQCYualmurDzSA3CR0=)): hey guys
11:16:16.358 [Chat - Global]("Shaggy"(id=rX5H43b73_HQxS0Jw2CmVBLKM-Z7TQ0GIHEUl2aAQxQ=)): YO
11:19:48.849 [AI Object Patrol 00032] Despawning 1 West bots (spawn position <4366.813965, 310.202423, 6667.054688>, 0/1 deceased)
11:19:48.860 [AI Object Patrol 00032] Global patrol count: 1
11:19:48.871 [AI Object Patrol 00032] ContaminatedArea category patrol count: 0
11:20:57.689 [VehicleEnter] Player "Dan" (id=J3DN6WXzRjVAt4j_gUAEgL4v34hqtXpOtTWQ5nCMCS0=) entered vehicle M3S Covered (id=E5D5C649EF4B8542E52332840E8CE58A pos=<3848.02, 288.32, 7070.44>) as driver
11:21:00.095 [VehicleEngine] Player "Dan" (id=J3DN6WXzRjVAt4j_gUAEgL4v34hqtXpOtTWQ5nCMCS0=) started vehicle M3S Covered (id=E5D5C649EF4B8542E52332840E8CE58A pos=<3848.02, 288.32, 7070.44>)
11:27:28.017 [AI Patrol 00017] Despawning 1 Civilian bots (spawn position <6450.201172, 382.634827, 3694.420654>, 0/1 deceased)
11:27:28.034 [AI Patrol 00017] Global patrol count: 0
11:27:28.052 [AI Patrol 00017] Patrol category patrol count: 0
