05:48:54.194 [VehicleDestroyed] Boat_01_Black (id=9169106F5043B3C9C40C7A8D45457F3C pos=<3637.65, 169.4, 9094.39>)
05:48:54.967 [VehicleDestroyed] Boat_01_Blue (id=3A2F6B11C847ACABBDB428B8CCA1FCE2 pos=<6377.87, 169.28, 10766.8>)
05:48:55.037 [VehicleDestroyed] Boat_01_Black (id=4E180D24DF4651C40137A48773E27437 pos=<8423.49, 169.53, 11870.7>)
05:48:58.440 [VehicleDeleted] Boat_01_Black (id=CE1C6C8247497D96450D29BA424B1579 pos=<3637.65, 169.4, 9094.39>)
05:48:58.450 [VehicleDeleted] Boat_01_Blue (id=0692BA75E14FC5299F67558571F9B05D pos=<6377.87, 169.28, 10766.8>)
05:48:58.460 [VehicleDeleted] Boat_01_Black (id=471087B7AD41551E2A8CEFB1713D0B8C pos=<8423.49, 169.53, 11870.7>)
08:47:02.032 [AI Patrol 00015] Spawning 3 East bots at <7521.283691, 287.237549, 2561.394531>
08:47:11.338 [AI Patrol 00015] Global patrol count: 1
08:47:11.348 [AI Patrol 00015] Patrol category patrol count: 1
08:47:11.358 [AI Patrol 00016] Spawning 1 West bots at <7230.354980, 294.221741, 3033.120850>
08:47:11.390 [AI Patrol 00016] Global patrol count: 2
08:47:11.400 [AI Patrol 00016] Patrol category patrol count: 2
10:16:41.353 [AI Patrol 00016] West bots were wiped out (spawn position <7230.354980, 294.221741, 3033.120850>, 1/1 deceased)
10:16:41.471 [AI Patrol 00016] Global patrol count: 1
10:16:41.489 [AI Patrol 00016] Patrol category patrol count: 1
10:23:57.504 [AI Object Patrol 00026] Spawning 1 East bots at <7795.308594, 346.499390, 998.480469>
10:23:57.539 [AI Object Patrol 00026] Global patrol count: 2
10:23:57.549 [AI Object Patrol 00026] HelicopterWreck category patrol count: 1
11:20:34.246 [VehicleDestroyed] Boat_01_Orange (id=78F09F4CFD4EE9489EB63DA50D1CF24A pos=<5285.77, 169.7, 9485.33>)
11:26:56.524 [VehicleDeleted] Boat_01_Orange (id=78F09F4CFD4EE9489EB63DA50D1CF24A pos=<5285.72, 168.92, 9485.3>)
13:24:17.136 [AI Object Patrol 00075] Spawning 1 West bots at <8884.069336, 471.174591, 2079.199463>
13:24:17.177 [AI Object Patrol 00075] Global patrol count: 3
13:24:17.187 [AI Object Patrol 00075] ContaminatedArea category patrol count: 1
13:36:02.951 [AI Object Patrol 00026] Despawning 1 East bots (spawn position <7795.308594, 346.499390, 998.480469>, 0/1 deceased)
13:36:02.961 [AI Object Patrol 00026] Global patrol count: 2
13:36:02.970 [AI Object Patrol 00026] HelicopterWreck category patrol count: 0
13:45:58.782 [AI Object Patrol 00075] Despawning 1 West bots (spawn position <8884.069336, 471.174591, 2079.199463>, 0/1 deceased)
13:45:58.797 [AI Object Patrol 00075] Global patrol count: 1
13:45:58.806 [AI Object Patrol 00075] ContaminatedArea category patrol count: 0
13:48:37.147 [AI Patrol 00015] Despawning 3 East bots (spawn position <7521.283691, 287.237549, 2561.394531>, 0/3 deceased)
13:48:37.252 [AI Patrol 00015] Global patrol count: 0
13:48:37.401 [AI Patrol 00015] Patrol category patrol count: 0
