06:12:43.158 [MissionAirdrop] An airdrop is heading towards "Nadbor" (pos=<5996.000000, 0.000000, 4513.000000> type=Random_Nadbor) with a ExpansionAirdropContainer
07:38:34.188 [MissionAirdrop] An airdrop is heading towards "Tarnow" (pos=<9976.000000, 0.000000, 11000.000000> type=Random_Tarnow) with a ExpansionAirdropContainer
07:50:26.641 [Party] Player "Dan" (id=J3DN6WXzRjVAt4j_gUAEgL4v34hqtXpOtTWQ5nCMCS0=) joined the party "Dragon Unyielding" (id=7 ownerUID=J3DN6WXzRjVAt4j_gUAEgL4v34hqtXpOtTWQ5nCMCS0= ownerName=Dan)
07:59:01.933 [VehicleCover] Player "Dan" (id=J3DN6WXzRjVAt4j_gUAEgL4v34hqtXpOtTWQ5nCMCS0= pos=<6565.5, 206.29, 8408.18>) uncovered vehicle "ExpansionUh1h_Civilian" (GlobalID=8000000080000000800000008000C210 pos=<6562.9, 206.26, 8412.23>)!
07:59:23.487 [VehicleEnter] Player "Dan" (id=J3DN6WXzRjVAt4j_gUAEgL4v34hqtXpOtTWQ5nCMCS0=) entered vehicle UH-1H (id=449A93458C4FBD917A860BADF3ECA891 pos=<6562.89, 206.26, 8412.2>) as pilot
07:59:25.453 [VehicleEngine] Player "Dan" (id=J3DN6WXzRjVAt4j_gUAEgL4v34hqtXpOtTWQ5nCMCS0=) started vehicle UH-1H (id=449A93458C4FBD917A860BADF3ECA891 pos=<6562.89, 206.26, 8412.2>)
07:59:57.582 [VehicleEngine] Player "Dan" (id=J3DN6WXzRjVAt4j_gUAEgL4v34hqtXpOtTWQ5nCMCS0=) stopped vehicle UH-1H (id=449A93458C4FBD917A860BADF3ECA891 pos=<6567.17, 206.16, 8415.12>)
08:00:02.223 [VehicleLeave] Player "Dan" (id=J3DN6WXzRjVAt4j_gUAEgL4v34hqtXpOtTWQ5nCMCS0=) left vehicle UH-1H (id=449A93458C4FBD917A860BADF3ECA891 pos=<6566.37, 206.16, 8415.22>)
08:05:18.056 [VehicleEnter] Player "Dan" (id=J3DN6WXzRjVAt4j_gUAEgL4v34hqtXpOtTWQ5nCMCS0=) entered vehicle UH-1H (id=449A93458C4FBD917A860BADF3ECA891 pos=<6565.82, 206.16, 8415.16>) as pilot
08:05:19.688 [VehicleEngine] Player "Dan" (id=J3DN6WXzRjVAt4j_gUAEgL4v34hqtXpOtTWQ5nCMCS0=) started vehicle UH-1H (id=449A93458C4FBD917A860BADF3ECA891 pos=<6565.82, 206.16, 8415.17>)
08:05:57.512 [Killfeed] [Drago] Dan didn't survive flying their UH-1H.
08:06:31.248 [Party] Player "Dan" (id=J3DN6WXzRjVAt4j_gUAEgL4v34hqtXpOtTWQ5nCMCS0=) joined the party "Dragon Unyielding" (id=7 ownerUID=J3DN6WXzRjVAt4j_gUAEgL4v34hqtXpOtTWQ5nCMCS0= ownerName=Dan)
08:06:55.608 [SpawnSelection] Player "Dan" (id=J3DN6WXzRjVAt4j_gUAEgL4v34hqtXpOtTWQ5nCMCS0=) spawned at <9812.469727, 208.270996, 8597.160156>
08:07:36.557 [Party] Player "Dan" (id=J3DN6WXzRjVAt4j_gUAEgL4v34hqtXpOtTWQ5nCMCS0=) left the party "Dragon Unyielding" (id=7 ownerUID=J3DN6WXzRjVAt4j_gUAEgL4v34hqtXpOtTWQ5nCMCS0= ownerName=Dan)
08:08:57.610 [GraveStone] Spawned GraveStone for Survivor at position 0x000000003602c5c4 {<6552.06,209.559,8330.29>}
08:09:02.609 [VehicleEngine] Player "NULL" (id=NULL) stopped vehicle UH-1H (id=449A93458C4FBD917A860BADF3ECA891 pos=<6552.95, 211.96, 8328.74>)
08:09:16.771 [Party] Player "Dan" (id=J3DN6WXzRjVAt4j_gUAEgL4v34hqtXpOtTWQ5nCMCS0=) joined the party "Dragon Unyielding" (id=7 ownerUID=J3DN6WXzRjVAt4j_gUAEgL4v34hqtXpOtTWQ5nCMCS0= ownerName=Dan)
08:37:25.608 [AI Object Patrol 00029] Spawning 3 West bots at <7912.350586, 231.356995, 8246.770508>
08:37:25.649 [AI Object Patrol 00029] Global patrol count: 1
08:37:25.660 [AI Object Patrol 00029] HelicopterWreck category patrol count: 1
08:50:46.499 [AI Object Patrol 00029] Despawning 3 West bots (spawn position <7912.350586, 231.356995, 8246.770508>, 0/3 deceased)
08:50:46.509 [AI Object Patrol 00029] Global patrol count: 0
08:50:46.519 [AI Object Patrol 00029] HelicopterWreck category patrol count: 0
08:50:54.364 [AI Object Patrol 00031] Spawning 2 East bots at <6470.062988, 287.420074, 7542.653809>
08:50:54.404 [AI Object Patrol 00031] Global patrol count: 1
08:50:54.414 [AI Object Patrol 00031] HelicopterWreck category patrol count: 1
09:08:30.992 [MissionAirdrop] An airdrop is heading towards "Kolembrody" (pos=<8676.000000, 0.000000, 12114.000000> type=Random_Kolembrody) with a ExpansionAirdropContainer_Military
09:10:34.033 [VehicleEnter] Player "Bad Boy" (id=7EOOpe6Cv8QB45p22zWB29TPheQCYualmurDzSA3CR0=) entered vehicle Land Rover Defender (id=F14DA84150452B93C83C85BA2443F68D pos=<1326.79, 370.47, 11467.7>) as driver
09:10:38.449 [VehicleEngine] Player "Bad Boy" (id=7EOOpe6Cv8QB45p22zWB29TPheQCYualmurDzSA3CR0=) started vehicle Land Rover Defender (id=F14DA84150452B93C83C85BA2443F68D pos=<1326.79, 370.47, 11467.7>)
09:10:46.024 [VehicleEngine] Player "NULL" (id=NULL) stopped vehicle Land Rover Defender (id=F14DA84150452B93C83C85BA2443F68D pos=<1318.14, 368.83, 11475.5>)
09:10:46.133 [VehicleLeave] Player "Bad Boy" (id=7EOOpe6Cv8QB45p22zWB29TPheQCYualmurDzSA3CR0=) left vehicle Land Rover Defender (id=F14DA84150452B93C83C85BA2443F68D pos=<1318.14, 368.83, 11475.5>)
09:10:53.256 [VehicleEnter] Player "Bad Boy" (id=7EOOpe6Cv8QB45p22zWB29TPheQCYualmurDzSA3CR0=) entered vehicle Land Rover Defender (id=F14DA84150452B93C83C85BA2443F68D pos=<1318.14, 368.83, 11475.5>) as driver
09:10:55.174 [VehicleEngine] Player "Bad Boy" (id=7EOOpe6Cv8QB45p22zWB29TPheQCYualmurDzSA3CR0=) started vehicle Land Rover Defender (id=F14DA84150452B93C83C85BA2443F68D pos=<1318.14, 368.83, 11475.5>)
09:14:36.148 [AI Object Patrol 00015] Spawning 3 West bots at <3686.902588, 232.117157, 10428.303711>
09:14:36.188 [AI Object Patrol 00015] Global patrol count: 2
09:14:36.198 [AI Object Patrol 00015] ContaminatedArea category patrol count: 1
09:14:56.114 [AI Object Patrol 00014] Spawning 1 West bots at <3994.472900, 238.160004, 10197.293945>
09:14:56.302 [AI Object Patrol 00014] Global patrol count: 3
09:14:56.311 [AI Object Patrol 00014] ContaminatedArea category patrol count: 2
09:18:14.997 [VehicleEngine] Player "NULL" (id=NULL) stopped vehicle Land Rover Defender (id=F14DA84150452B93C83C85BA2443F68D pos=<6085.11, 172.89, 10672.8>)
09:18:15.029 [VehicleLeave] Player "Bad Boy" (id=7EOOpe6Cv8QB45p22zWB29TPheQCYualmurDzSA3CR0=) left vehicle Land Rover Defender (id=F14DA84150452B93C83C85BA2443F68D pos=<6085.11, 172.89, 10672.8>)
09:18:22.732 [VehicleEnter] Player "Bad Boy" (id=7EOOpe6Cv8QB45p22zWB29TPheQCYualmurDzSA3CR0=) entered vehicle Land Rover Defender (id=F14DA84150452B93C83C85BA2443F68D pos=<6085.08, 172.88, 10672.8>) as driver
09:18:24.501 [VehicleEngine] Player "Bad Boy" (id=7EOOpe6Cv8QB45p22zWB29TPheQCYualmurDzSA3CR0=) started vehicle Land Rover Defender (id=F14DA84150452B93C83C85BA2443F68D pos=<6085.08, 172.88, 10672.8>)
09:18:35.676 [VehicleEngine] Player "NULL" (id=NULL) stopped vehicle Land Rover Defender (id=F14DA84150452B93C83C85BA2443F68D pos=<6095.6, 173.56, 10666.2>)
09:18:35.713 [VehicleLeave] Player "Bad Boy" (id=7EOOpe6Cv8QB45p22zWB29TPheQCYualmurDzSA3CR0=) left vehicle Land Rover Defender (id=F14DA84150452B93C83C85BA2443F68D pos=<6095.6, 173.56, 10666.2>)
09:18:50.126 [VehicleEnter] Player "Bad Boy" (id=7EOOpe6Cv8QB45p22zWB29TPheQCYualmurDzSA3CR0=) entered vehicle Land Rover Defender (id=F14DA84150452B93C83C85BA2443F68D pos=<6095.6, 173.56, 10666.2>) as driver
09:18:53.812 [VehicleLeave] Player "Bad Boy" (id=7EOOpe6Cv8QB45p22zWB29TPheQCYualmurDzSA3CR0=) left vehicle Land Rover Defender (id=F14DA84150452B93C83C85BA2443F68D pos=<6095.6, 173.56, 10666.2>)
09:20:13.942 [VehicleEnter] Player "Dan" (id=J3DN6WXzRjVAt4j_gUAEgL4v34hqtXpOtTWQ5nCMCS0=) entered vehicle UH-1H (id=449A93458C4FBD917A860BADF3ECA891 pos=<6553.31, 211.8, 8329.16>) as passenger
09:20:17.345 [VehicleLeave] Player "Dan" (id=J3DN6WXzRjVAt4j_gUAEgL4v34hqtXpOtTWQ5nCMCS0=) left vehicle UH-1H (id=449A93458C4FBD917A860BADF3ECA891 pos=<6553.31, 211.8, 8329.16>)
09:21:33.749 [VehicleEnter] Player "Dan" (id=J3DN6WXzRjVAt4j_gUAEgL4v34hqtXpOtTWQ5nCMCS0=) entered vehicle UH-1H (id=449A93458C4FBD917A860BADF3ECA891 pos=<6552.58, 211.93, 8328.6>) as passenger
09:21:37.421 [VehicleLeave] Player "Dan" (id=J3DN6WXzRjVAt4j_gUAEgL4v34hqtXpOtTWQ5nCMCS0=) left vehicle UH-1H (id=449A93458C4FBD917A860BADF3ECA891 pos=<6553.23, 211.82, 8329.06>)
09:21:46.192 [VehicleEnter] Player "Dan" (id=J3DN6WXzRjVAt4j_gUAEgL4v34hqtXpOtTWQ5nCMCS0=) entered vehicle UH-1H (id=449A93458C4FBD917A860BADF3ECA891 pos=<6553.23, 211.82, 8329.05>) as pilot
09:21:53.908 [VehicleLeave] Player "Dan" (id=J3DN6WXzRjVAt4j_gUAEgL4v34hqtXpOtTWQ5nCMCS0=) left vehicle UH-1H (id=449A93458C4FBD917A860BADF3ECA891 pos=<6553.23, 211.82, 8329.04>)
09:22:04.617 [VehicleEnter] Player "Dan" (id=J3DN6WXzRjVAt4j_gUAEgL4v34hqtXpOtTWQ5nCMCS0=) entered vehicle UH-1H (id=449A93458C4FBD917A860BADF3ECA891 pos=<6553.16, 211.84, 8328.94>) as passenger
09:22:08.880 [VehicleLeave] Player "Dan" (id=J3DN6WXzRjVAt4j_gUAEgL4v34hqtXpOtTWQ5nCMCS0=) left vehicle UH-1H (id=449A93458C4FBD917A860BADF3ECA891 pos=<6553.16, 211.84, 8328.94>)
09:25:35.752 [AI Object Patrol 00015] Despawning 3 West bots (spawn position <3686.902588, 232.117157, 10428.303711>, 0/3 deceased)
09:25:35.763 [AI Object Patrol 00015] Global patrol count: 2
09:25:35.775 [AI Object Patrol 00015] ContaminatedArea category patrol count: 1
09:26:50.367 [AI Object Patrol 00014] Despawning 1 West bots (spawn position <3994.472900, 238.160004, 10197.293945>, 0/1 deceased)
09:26:50.379 [AI Object Patrol 00014] Global patrol count: 1
09:26:50.389 [AI Object Patrol 00014] ContaminatedArea category patrol count: 0
09:37:14.927 [Party] Player "Dan" (id=J3DN6WXzRjVAt4j_gUAEgL4v34hqtXpOtTWQ5nCMCS0=) left the party "Dragon Unyielding" (id=7 ownerUID=J3DN6WXzRjVAt4j_gUAEgL4v34hqtXpOtTWQ5nCMCS0= ownerName=Dan)
09:37:26.585 [AI Object Patrol 00031] Despawning 2 East bots (spawn position <6470.062988, 287.420074, 7542.653809>, 0/2 deceased)
09:37:26.594 [AI Object Patrol 00031] Global patrol count: 0
09:37:26.604 [AI Object Patrol 00031] HelicopterWreck category patrol count: 0
09:45:33.693 [VehicleEnter] Player "Bad Boy" (id=7EOOpe6Cv8QB45p22zWB29TPheQCYualmurDzSA3CR0=) entered vehicle Land Rover Defender (id=F14DA84150452B93C83C85BA2443F68D pos=<6095.6, 173.56, 10666.2>) as driver
09:45:35.128 [VehicleEngine] Player "Bad Boy" (id=7EOOpe6Cv8QB45p22zWB29TPheQCYualmurDzSA3CR0=) started vehicle Land Rover Defender (id=F14DA84150452B93C83C85BA2443F68D pos=<6095.6, 173.56, 10666.2>)
09:45:43.807 [VehicleEngine] Player "NULL" (id=NULL) stopped vehicle Land Rover Defender (id=F14DA84150452B93C83C85BA2443F68D pos=<6078.66, 171.54, 10681.8>)
09:45:43.859 [VehicleLeave] Player "Bad Boy" (id=7EOOpe6Cv8QB45p22zWB29TPheQCYualmurDzSA3CR0=) left vehicle Land Rover Defender (id=F14DA84150452B93C83C85BA2443F68D pos=<6078.66, 171.54, 10681.8>)
09:45:52.192 [VehicleEnter] Player "Bad Boy" (id=7EOOpe6Cv8QB45p22zWB29TPheQCYualmurDzSA3CR0=) entered vehicle Land Rover Defender (id=F14DA84150452B93C83C85BA2443F68D pos=<6078.66, 171.54, 10681.8>) as driver
09:45:54.339 [VehicleEngine] Player "Bad Boy" (id=7EOOpe6Cv8QB45p22zWB29TPheQCYualmurDzSA3CR0=) started vehicle Land Rover Defender (id=F14DA84150452B93C83C85BA2443F68D pos=<6078.66, 171.54, 10681.8>)
09:46:57.857 [AI Object Patrol 00013] Spawning 3 West bots at <4332.263184, 238.302719, 10409.594727>
09:46:57.897 [AI Object Patrol 00013] Global patrol count: 1
09:46:57.909 [AI Object Patrol 00013] ContaminatedArea category patrol count: 1
09:52:42.169 [VehicleEngine] Player "NULL" (id=NULL) stopped vehicle Land Rover Defender (id=F14DA84150452B93C83C85BA2443F68D pos=<1319.57, 369.43, 11473.6>)
09:52:42.204 [VehicleLeave] Player "Bad Boy" (id=7EOOpe6Cv8QB45p22zWB29TPheQCYualmurDzSA3CR0=) left vehicle Land Rover Defender (id=F14DA84150452B93C83C85BA2443F68D pos=<1319.57, 369.43, 11473.6>)
09:52:48.254 [VehicleEnter] Player "Bad Boy" (id=7EOOpe6Cv8QB45p22zWB29TPheQCYualmurDzSA3CR0=) entered vehicle Land Rover Defender (id=F14DA84150452B93C83C85BA2443F68D pos=<1319.57, 369.43, 11473.6>) as driver
09:52:51.373 [VehicleEngine] Player "Bad Boy" (id=7EOOpe6Cv8QB45p22zWB29TPheQCYualmurDzSA3CR0=) started vehicle Land Rover Defender (id=F14DA84150452B93C83C85BA2443F68D pos=<1319.57, 369.43, 11473.6>)
09:52:59.562 [VehicleEngine] Player "NULL" (id=NULL) stopped vehicle Land Rover Defender (id=F14DA84150452B93C83C85BA2443F68D pos=<1328.73, 370.47, 11465.5>)
09:52:59.591 [VehicleLeave] Player "Bad Boy" (id=7EOOpe6Cv8QB45p22zWB29TPheQCYualmurDzSA3CR0=) left vehicle Land Rover Defender (id=F14DA84150452B93C83C85BA2443F68D pos=<1328.73, 370.47, 11465.5>)
09:58:42.309 [AI Object Patrol 00013] Despawning 3 West bots (spawn position <4332.263184, 238.302719, 10409.594727>, 0/3 deceased)
09:58:42.319 [AI Object Patrol 00013] Global patrol count: 0
09:58:42.329 [AI Object Patrol 00013] ContaminatedArea category patrol count: 0
10:05:54.000 [VehicleEnter] Player "Bad Boy" (id=7EOOpe6Cv8QB45p22zWB29TPheQCYualmurDzSA3CR0=) entered vehicle Land Rover Defender (id=F14DA84150452B93C83C85BA2443F68D pos=<1328.73, 370.47, 11465.5>) as driver
10:05:55.757 [VehicleEngine] Player "Bad Boy" (id=7EOOpe6Cv8QB45p22zWB29TPheQCYualmurDzSA3CR0=) started vehicle Land Rover Defender (id=F14DA84150452B93C83C85BA2443F68D pos=<1328.73, 370.47, 11465.5>)
10:06:07.158 [VehicleEngine] Player "NULL" (id=NULL) stopped vehicle Land Rover Defender (id=F14DA84150452B93C83C85BA2443F68D pos=<1312.53, 369.6, 11473.2>)
10:06:07.272 [VehicleLeave] Player "Bad Boy" (id=7EOOpe6Cv8QB45p22zWB29TPheQCYualmurDzSA3CR0=) left vehicle Land Rover Defender (id=F14DA84150452B93C83C85BA2443F68D pos=<1312.53, 369.6, 11473.2>)
10:06:16.017 [VehicleEnter] Player "Bad Boy" (id=7EOOpe6Cv8QB45p22zWB29TPheQCYualmurDzSA3CR0=) entered vehicle Land Rover Defender (id=F14DA84150452B93C83C85BA2443F68D pos=<1312.53, 369.6, 11473.2>) as driver
10:06:18.181 [VehicleEngine] Player "Bad Boy" (id=7EOOpe6Cv8QB45p22zWB29TPheQCYualmurDzSA3CR0=) started vehicle Land Rover Defender (id=F14DA84150452B93C83C85BA2443F68D pos=<1312.53, 369.6, 11473.2>)
10:12:07.717 [VehicleEngine] Player "NULL" (id=NULL) stopped vehicle Land Rover Defender (id=F14DA84150452B93C83C85BA2443F68D pos=<6085.2, 172.69, 10674.2>)
10:12:07.731 [VehicleLeave] Player "Bad Boy" (id=7EOOpe6Cv8QB45p22zWB29TPheQCYualmurDzSA3CR0=) left vehicle Land Rover Defender (id=F14DA84150452B93C83C85BA2443F68D pos=<6085.2, 172.69, 10674.2>)
10:12:14.975 [VehicleEnter] Player "Bad Boy" (id=7EOOpe6Cv8QB45p22zWB29TPheQCYualmurDzSA3CR0=) entered vehicle Land Rover Defender (id=F14DA84150452B93C83C85BA2443F68D pos=<6085.2, 172.69, 10674.2>) as driver
10:12:17.659 [VehicleEngine] Player "Bad Boy" (id=7EOOpe6Cv8QB45p22zWB29TPheQCYualmurDzSA3CR0=) started vehicle Land Rover Defender (id=F14DA84150452B93C83C85BA2443F68D pos=<6085.2, 172.69, 10674.2>)
10:12:25.428 [VehicleEngine] Player "NULL" (id=NULL) stopped vehicle Land Rover Defender (id=F14DA84150452B93C83C85BA2443F68D pos=<6095.55, 173.56, 10665.8>)
10:12:25.473 [VehicleLeave] Player "Bad Boy" (id=7EOOpe6Cv8QB45p22zWB29TPheQCYualmurDzSA3CR0=) left vehicle Land Rover Defender (id=F14DA84150452B93C83C85BA2443F68D pos=<6095.56, 173.56, 10665.8>)
10:36:56.864 [MissionAirdrop] An airdrop is heading towards "Brena" (pos=<6692.000000, 0.000000, 11442.000000> type=Random_Brena) with a ExpansionAirdropContainer_Military
10:52:06.999 [AI Patrol 00016] Spawning 3 East bots at <7655.485840, 296.750000, 2654.583252>
10:52:07.049 [AI Patrol 00016] Global patrol count: 1
10:52:07.064 [AI Patrol 00016] Patrol category patrol count: 1
10:52:07.143 [AI Patrol 00017] Spawning 2 West bots at <7563.456055, 320.592651, 2729.116455>
10:52:07.184 [AI Patrol 00017] Global patrol count: 2
10:52:07.195 [AI Patrol 00017] Patrol category patrol count: 2
11:12:00.081 [Killfeed] AI Peter (East) got killed by AI Maria (West) with Pioneer from a distance of 6 m.
11:12:05.513 [Killfeed] AI Boris (East) got killed by AI Maria (West) with Pioneer from a distance of 10 m.
11:21:07.680 [Party] Player "Dan" (id=J3DN6WXzRjVAt4j_gUAEgL4v34hqtXpOtTWQ5nCMCS0=) joined the party "Dragon Unyielding" (id=7 ownerUID=J3DN6WXzRjVAt4j_gUAEgL4v34hqtXpOtTWQ5nCMCS0= ownerName=Dan)
11:22:49.943 [Killfeed] AI Eva (East) got killed by AI Maria (West) with Pioneer from a distance of 2 m.
11:22:52.802 [AI Patrol 00016] East bots were wiped out (spawn position <7655.485840, 296.750000, 2654.583252>, 3/3 deceased)
11:22:52.813 [AI Patrol 00016] Global patrol count: 1
11:22:52.824 [AI Patrol 00016] Patrol category patrol count: 1
11:31:25.615 [AI Object Patrol 00078] Spawning 3 West bots at <7977.914551, 253.769287, 8706.673828>
11:31:25.658 [AI Object Patrol 00078] Global patrol count: 2
11:31:25.669 [AI Object Patrol 00078] ContaminatedArea category patrol count: 1
11:32:47.015 [AI Patrol 00017] Despawning 2 West bots (spawn position <7563.456055, 320.592651, 2729.116455>, 0/2 deceased)
11:32:47.070 [AI Patrol 00017] Global patrol count: 1
11:32:47.129 [AI Patrol 00017] Patrol category patrol count: 0
11:45:28.952 [AI Object Patrol 00078] Despawning 3 West bots (spawn position <7977.914551, 253.769287, 8706.673828>, 0/3 deceased)
11:45:29.105 [AI Object Patrol 00078] Global patrol count: 0
11:45:29.174 [AI Object Patrol 00078] ContaminatedArea category patrol count: 0
11:50:50.695 [VehicleEnter] Player "Dan" (id=J3DN6WXzRjVAt4j_gUAEgL4v34hqtXpOtTWQ5nCMCS0=) entered vehicle Ada 4x4 (id=A9197C7E464ED9F4C95B158B0253924A pos=<7800.74, 339.16, 10079.6>) as driver
11:50:52.751 [VehicleLeave] Player "Dan" (id=J3DN6WXzRjVAt4j_gUAEgL4v34hqtXpOtTWQ5nCMCS0=) left vehicle Ada 4x4 (id=A9197C7E464ED9F4C95B158B0253924A pos=<7800.74, 339.16, 10079.6>)
11:52:25.752 [Chat - Global]("Dan"(id=J3DN6WXzRjVAt4j_gUAEgL4v34hqtXpOtTWQ5nCMCS0=)): hey !
11:52:51.241 [Chat - Global]("snake"(id=0nsyEhm9INQy3se8y-fXlbMHVv4YsIXloUCLC2unDyo=)): hello!good to see you
11:55:11.087 [VehicleEnter] Player "Dan" (id=J3DN6WXzRjVAt4j_gUAEgL4v34hqtXpOtTWQ5nCMCS0=) entered vehicle UH-1H (id=AD9EC086C04895150A0D878F4E451EB5 pos=<7883.48, 320.55, 9802.19>) as pilot
11:55:15.398 [VehicleLeave] Player "Dan" (id=J3DN6WXzRjVAt4j_gUAEgL4v34hqtXpOtTWQ5nCMCS0=) left vehicle UH-1H (id=AD9EC086C04895150A0D878F4E451EB5 pos=<7883.48, 320.55, 9802.19>)
12:01:22.655 [VehicleEnter] Player "Bad Boy" (id=7EOOpe6Cv8QB45p22zWB29TPheQCYualmurDzSA3CR0=) entered vehicle Land Rover Defender (id=F14DA84150452B93C83C85BA2443F68D pos=<6095.56, 173.56, 10665.8>) as driver
12:01:24.903 [VehicleEngine] Player "Bad Boy" (id=7EOOpe6Cv8QB45p22zWB29TPheQCYualmurDzSA3CR0=) started vehicle Land Rover Defender (id=F14DA84150452B93C83C85BA2443F68D pos=<6095.56, 173.56, 10665.8>)
12:01:40.847 [VehicleEngine] Player "NULL" (id=NULL) stopped vehicle Land Rover Defender (id=F14DA84150452B93C83C85BA2443F68D pos=<6074.72, 171.71, 10684.2>)
12:01:40.880 [VehicleLeave] Player "Bad Boy" (id=7EOOpe6Cv8QB45p22zWB29TPheQCYualmurDzSA3CR0=) left vehicle Land Rover Defender (id=F14DA84150452B93C83C85BA2443F68D pos=<6074.72, 171.71, 10684.2>)
12:01:50.639 [VehicleEnter] Player "Bad Boy" (id=7EOOpe6Cv8QB45p22zWB29TPheQCYualmurDzSA3CR0=) entered vehicle Land Rover Defender (id=F14DA84150452B93C83C85BA2443F68D pos=<6074.72, 171.71, 10684.2>) as driver
12:01:54.407 [VehicleEngine] Player "Bad Boy" (id=7EOOpe6Cv8QB45p22zWB29TPheQCYualmurDzSA3CR0=) started vehicle Land Rover Defender (id=F14DA84150452B93C83C85BA2443F68D pos=<6074.72, 171.71, 10684.2>)
12:02:50.077 [VehicleEngine] Player "Bad Boy" (id=7EOOpe6Cv8QB45p22zWB29TPheQCYualmurDzSA3CR0=) stopped vehicle Land Rover Defender (id=F14DA84150452B93C83C85BA2443F68D pos=<5537.12, 181.15, 10502.5>)
12:02:50.090 [VehicleDestroyed] Expansion_Landrover_Orange (id=F14DA84150452B93C83C85BA2443F68D pos=<5537.12, 181.15, 10502.5>)
12:03:14.222 [VehicleLeave] Player "Bad Boy" (id=7EOOpe6Cv8QB45p22zWB29TPheQCYualmurDzSA3CR0=) left vehicle Land Rover Defender (id=F14DA84150452B93C83C85BA2443F68D pos=<5212.12, 189.59, 10287.9>)
12:03:53.307 [VehicleEnter] Player "Bad Boy" (id=7EOOpe6Cv8QB45p22zWB29TPheQCYualmurDzSA3CR0=) entered vehicle Land Rover Defender (id=F14DA84150452B93C83C85BA2443F68D pos=<5212.12, 189.59, 10287.9>) as driver
12:04:10.132 [MissionAirdrop] An airdrop is heading towards "Kolembrody" (pos=<8676.000000, 0.000000, 12114.000000> type=Random_Kolembrody) with a ExpansionAirdropContainer_Military
12:04:39.122 [VehicleLeave] Player "Bad Boy" (id=7EOOpe6Cv8QB45p22zWB29TPheQCYualmurDzSA3CR0=) left vehicle Land Rover Defender (id=F14DA84150452B93C83C85BA2443F68D pos=<5212.12, 189.59, 10287.9>)
12:04:45.488 [VehicleEnter] Player "Bad Boy" (id=7EOOpe6Cv8QB45p22zWB29TPheQCYualmurDzSA3CR0=) entered vehicle Land Rover Defender (id=F14DA84150452B93C83C85BA2443F68D pos=<5212.12, 189.59, 10287.9>) as driver
12:04:49.653 [VehicleLeave] Player "Bad Boy" (id=7EOOpe6Cv8QB45p22zWB29TPheQCYualmurDzSA3CR0=) left vehicle Land Rover Defender (id=F14DA84150452B93C83C85BA2443F68D pos=<5212.12, 189.59, 10287.9>)
12:05:15.479 [VehicleEnter] Player "Dan" (id=J3DN6WXzRjVAt4j_gUAEgL4v34hqtXpOtTWQ5nCMCS0=) entered vehicle UH-1H (id=AD9EC086C04895150A0D878F4E451EB5 pos=<7883.48, 320.55, 9802.19>) as pilot
12:05:18.458 [VehicleEngine] Player "Dan" (id=J3DN6WXzRjVAt4j_gUAEgL4v34hqtXpOtTWQ5nCMCS0=) started vehicle UH-1H (id=AD9EC086C04895150A0D878F4E451EB5 pos=<7883.48, 320.55, 9802.19>)
12:06:09.968 [Killfeed] [Drago] Dan didn't survive flying their UH-1H.
12:06:36.176 [Party] Player "Dan" (id=J3DN6WXzRjVAt4j_gUAEgL4v34hqtXpOtTWQ5nCMCS0=) joined the party "Dragon Unyielding" (id=7 ownerUID=J3DN6WXzRjVAt4j_gUAEgL4v34hqtXpOtTWQ5nCMCS0= ownerName=Dan)
12:06:49.611 [SpawnSelection] Player "Dan" (id=J3DN6WXzRjVAt4j_gUAEgL4v34hqtXpOtTWQ5nCMCS0=) spawned at <8350.314453, 202.867752, 12259.904297>
12:09:10.532 [GraveStone] Spawned GraveStone for Survivor at position 0x000000003602c5c4 {<8054.13,295.563,10247.4>}
12:09:15.556 [VehicleEngine] Player "NULL" (id=NULL) stopped vehicle UH-1H (id=AD9EC086C04895150A0D878F4E451EB5 pos=<8056.08, 297.16, 10248.4>)
12:12:12.734 [VehicleAttachments] Player "Bad Boy" (id=7EOOpe6Cv8QB45p22zWB29TPheQCYualmurDzSA3CR0=) detached Wooden Crate (type=WoodenCrate) from vehicle Land Rover Defender (id=F14DA84150452B93C83C85BA2443F68D pos=<5212.12, 189.59, 10287.9>)
12:13:15.099 [Party] Player "Dan" (id=J3DN6WXzRjVAt4j_gUAEgL4v34hqtXpOtTWQ5nCMCS0=) left the party "Dragon Unyielding" (id=7 ownerUID=J3DN6WXzRjVAt4j_gUAEgL4v34hqtXpOtTWQ5nCMCS0= ownerName=Dan)
12:13:55.835 [Party] Player "Dan" (id=J3DN6WXzRjVAt4j_gUAEgL4v34hqtXpOtTWQ5nCMCS0=) joined the party "Dragon Unyielding" (id=7 ownerUID=J3DN6WXzRjVAt4j_gUAEgL4v34hqtXpOtTWQ5nCMCS0= ownerName=Dan)
12:19:07.084 [VehicleDeleted] Expansion_Landrover_Orange (id=F14DA84150452B93C83C85BA2443F68D pos=<5212.12, 189.59, 10287.9>)
12:25:55.301 [VehicleEnter] Player "Dan" (id=J3DN6WXzRjVAt4j_gUAEgL4v34hqtXpOtTWQ5nCMCS0=) entered vehicle Rubber Boat (id=A4FEF2AB9E4D65B4085B6896BFCAE917 pos=<8423.22, 169.82, 11870.5>) as driver
12:26:13.276 [VehicleLeave] Player "Dan" (id=J3DN6WXzRjVAt4j_gUAEgL4v34hqtXpOtTWQ5nCMCS0=) left vehicle Rubber Boat (id=A4FEF2AB9E4D65B4085B6896BFCAE917 pos=<8423.23, 169.85, 11870.5>)
12:32:46.471 [AI Patrol 00019] Spawning 2 East bots at <9212.571289, 205.813507, 10833.762695>
12:32:46.519 [AI Patrol 00019] Global patrol count: 1
12:32:46.529 [AI Patrol 00019] Patrol category patrol count: 1
12:52:55.517 [AI Patrol 00019] Despawning 2 East bots (spawn position <9212.571289, 205.813507, 10833.762695>, 0/2 deceased)
12:52:55.532 [AI Patrol 00019] Global patrol count: 0
12:52:55.547 [AI Patrol 00019] Patrol category patrol count: 0
12:55:26.296 [VehicleDestroyed] ExpansionUh1h (id=AD9EC086C04895150A0D878F4E451EB5 pos=<8056.08, 297.16, 10248.4>)
12:57:36.771 [VehicleEnter] Player "Bad Boy" (id=7EOOpe6Cv8QB45p22zWB29TPheQCYualmurDzSA3CR0=) entered vehicle Gyrocopter (id=65D7E227C246E23C57AA098C8E2F4E3B pos=<3715.52, 238.1, 10096>) as pilot
12:57:39.261 [VehicleLeave] Player "Bad Boy" (id=7EOOpe6Cv8QB45p22zWB29TPheQCYualmurDzSA3CR0=) left vehicle Gyrocopter (id=65D7E227C246E23C57AA098C8E2F4E3B pos=<3715.5, 238.1, 10096>)
12:57:46.544 [VehicleEnter] Player "Bad Boy" (id=7EOOpe6Cv8QB45p22zWB29TPheQCYualmurDzSA3CR0=) entered vehicle Gyrocopter (id=255DEB8C484DFB366EE057B82AC0D9E0 pos=<3707.1, 238.1, 10087.8>) as pilot
12:57:48.881 [VehicleLeave] Player "Bad Boy" (id=7EOOpe6Cv8QB45p22zWB29TPheQCYualmurDzSA3CR0=) left vehicle Gyrocopter (id=255DEB8C484DFB366EE057B82AC0D9E0 pos=<3707.11, 238.1, 10087.8>)
12:57:55.064 [VehicleEnter] Player "Bad Boy" (id=7EOOpe6Cv8QB45p22zWB29TPheQCYualmurDzSA3CR0=) entered vehicle Gyrocopter (id=FBC192E3984B914601192A881DAD9476 pos=<3701.19, 238.1, 10081>) as pilot
12:57:58.427 [VehicleLeave] Player "Bad Boy" (id=7EOOpe6Cv8QB45p22zWB29TPheQCYualmurDzSA3CR0=) left vehicle Gyrocopter (id=FBC192E3984B914601192A881DAD9476 pos=<3701.16, 238.1, 10081>)
12:58:15.215 [VehicleEnter] Player "Bad Boy" (id=7EOOpe6Cv8QB45p22zWB29TPheQCYualmurDzSA3CR0=) entered vehicle Gyrocopter (id=FBC192E3984B914601192A881DAD9476 pos=<3701.12, 238.1, 10081>) as pilot
12:58:17.843 [VehicleEngine] Player "Bad Boy" (id=7EOOpe6Cv8QB45p22zWB29TPheQCYualmurDzSA3CR0=) started vehicle Gyrocopter (id=FBC192E3984B914601192A881DAD9476 pos=<3701.09, 238.1, 10081>)
13:00:54.127 [VehicleEngine] Player "Bad Boy" (id=7EOOpe6Cv8QB45p22zWB29TPheQCYualmurDzSA3CR0=) stopped vehicle Gyrocopter (id=FBC192E3984B914601192A881DAD9476 pos=<6086.49, 179.65, 10665>)
13:01:02.806 [VehicleLeave] Player "Bad Boy" (id=7EOOpe6Cv8QB45p22zWB29TPheQCYualmurDzSA3CR0=) left vehicle Gyrocopter (id=FBC192E3984B914601192A881DAD9476 pos=<6086.49, 179.64, 10665>)
13:01:34.040 [VehicleDeleted] ExpansionUh1h (id=AD9EC086C04895150A0D878F4E451EB5 pos=<8056.08, 297.16, 10248.4>)
13:02:51.574 [VehicleDestroyed] ExpansionUh1h_Resistance (id=4153E90E734D9DCB2F13E7825B9E1894 pos=<1228.12, 169.11, 7566.3>)
13:03:05.568 [VehicleDestroyed] ExpansionUh1h_Resistance (id=17C455314D44895F887F8E96ABB85A93 pos=<7924.75, 169.34, 11833.7>)
13:04:12.502 [VehicleDestroyed] ExpansionUh1h_Civilian (id=449A93458C4FBD917A860BADF3ECA891 pos=<6553.16, 211.84, 8328.94>)
13:04:31.387 [VehicleEnter] Player "Dan" (id=J3DN6WXzRjVAt4j_gUAEgL4v34hqtXpOtTWQ5nCMCS0=) entered vehicle Mh-6 Little Bird (id=DE66DCF14546B8D9E1782E8D463CAF7D pos=<6536.17, 205.39, 8366.75>) as pilot
13:04:35.139 [VehicleLeave] Player "Dan" (id=J3DN6WXzRjVAt4j_gUAEgL4v34hqtXpOtTWQ5nCMCS0=) left vehicle Mh-6 Little Bird (id=DE66DCF14546B8D9E1782E8D463CAF7D pos=<6536.16, 205.39, 8366.76>)
13:07:47.633 [VehicleEnter] Player "Bad Boy" (id=7EOOpe6Cv8QB45p22zWB29TPheQCYualmurDzSA3CR0=) entered vehicle Gyrocopter (id=FBC192E3984B914601192A881DAD9476 pos=<6086.49, 179.64, 10665>) as pilot
13:07:50.436 [VehicleEngine] Player "Bad Boy" (id=7EOOpe6Cv8QB45p22zWB29TPheQCYualmurDzSA3CR0=) started vehicle Gyrocopter (id=FBC192E3984B914601192A881DAD9476 pos=<6086.49, 179.64, 10665>)
13:08:27.674 [VehicleEnter] Player "Dan" (id=J3DN6WXzRjVAt4j_gUAEgL4v34hqtXpOtTWQ5nCMCS0=) entered vehicle M3S Covered (id=46D2340A724FF0C80A0AAD8270535D2C pos=<6558.93, 206.29, 8387.22>) as driver
13:08:30.644 [VehicleLeave] Player "Dan" (id=J3DN6WXzRjVAt4j_gUAEgL4v34hqtXpOtTWQ5nCMCS0=) left vehicle M3S Covered (id=46D2340A724FF0C80A0AAD8270535D2C pos=<6558.88, 206.27, 8387.12>)
13:08:54.798 [VehicleEnter] Player "Dan" (id=J3DN6WXzRjVAt4j_gUAEgL4v34hqtXpOtTWQ5nCMCS0=) entered vehicle Mh-6 Little Bird (id=DE66DCF14546B8D9E1782E8D463CAF7D pos=<6536.16, 205.39, 8366.76>) as pilot
13:08:56.486 [VehicleEngine] Player "Dan" (id=J3DN6WXzRjVAt4j_gUAEgL4v34hqtXpOtTWQ5nCMCS0=) started vehicle Mh-6 Little Bird (id=DE66DCF14546B8D9E1782E8D463CAF7D pos=<6536.16, 205.39, 8366.76>)
13:09:02.582 [VehicleDeleted] ExpansionUh1h_Resistance (id=4153E90E734D9DCB2F13E7825B9E1894 pos=<1230.37, 168.7, 7567.3>)
13:09:30.926 [VehicleDeleted] ExpansionUh1h_Resistance (id=17C455314D44895F887F8E96ABB85A93 pos=<7926.5, 169.28, 11835.7>)
13:10:27.397 [VehicleDeleted] ExpansionUh1h_Civilian (id=449A93458C4FBD917A860BADF3ECA891 pos=<6553.16, 211.84, 8328.95>)
13:12:06.830 [VehicleEngine] Player "Dan" (id=J3DN6WXzRjVAt4j_gUAEgL4v34hqtXpOtTWQ5nCMCS0=) stopped vehicle Mh-6 Little Bird (id=DE66DCF14546B8D9E1782E8D463CAF7D pos=<7801.42, 287.64, 10308.8>)
13:12:13.792 [VehicleLeave] Player "Dan" (id=J3DN6WXzRjVAt4j_gUAEgL4v34hqtXpOtTWQ5nCMCS0=) left vehicle Mh-6 Little Bird (id=DE66DCF14546B8D9E1782E8D463CAF7D pos=<7801.51, 287.54, 10309.1>)
13:12:14.408 [VehicleEngine] Player "NULL" (id=NULL) stopped vehicle Gyrocopter (id=FBC192E3984B914601192A881DAD9476 pos=<6085.76, 172.25, 10690.4>)
13:12:14.419 [VehicleLeave] Player "Bad Boy" (id=7EOOpe6Cv8QB45p22zWB29TPheQCYualmurDzSA3CR0=) left vehicle Gyrocopter (id=FBC192E3984B914601192A881DAD9476 pos=<6085.76, 172.25, 10690.4>)
13:14:54.195 [VehicleEnter] Player "Bad Boy" (id=7EOOpe6Cv8QB45p22zWB29TPheQCYualmurDzSA3CR0=) entered vehicle Gyrocopter (id=FBC192E3984B914601192A881DAD9476 pos=<6085.76, 172.25, 10690.4>) as pilot
13:14:55.790 [VehicleEngine] Player "Bad Boy" (id=7EOOpe6Cv8QB45p22zWB29TPheQCYualmurDzSA3CR0=) started vehicle Gyrocopter (id=FBC192E3984B914601192A881DAD9476 pos=<6085.76, 172.25, 10690.4>)
13:16:52.459 [VehicleEngine] Player "NULL" (id=NULL) stopped vehicle Gyrocopter (id=FBC192E3984B914601192A881DAD9476 pos=<4448.86, 225.47, 10181.4>)
13:16:52.491 [VehicleLeave] Player "Bad Boy" (id=7EOOpe6Cv8QB45p22zWB29TPheQCYualmurDzSA3CR0=) left vehicle Gyrocopter (id=FBC192E3984B914601192A881DAD9476 pos=<4448.86, 225.47, 10181.4>)
13:19:20.895 [VehicleEnter] Player "Bad Boy" (id=7EOOpe6Cv8QB45p22zWB29TPheQCYualmurDzSA3CR0=) entered vehicle Vodnik (id=6E9F563AD9481CAA62A6D5AF37F9B194 pos=<4233.78, 238.77, 10391.7>) as driver
13:19:25.695 [VehicleEngine] Player "Bad Boy" (id=7EOOpe6Cv8QB45p22zWB29TPheQCYualmurDzSA3CR0=) started vehicle Vodnik (id=6E9F563AD9481CAA62A6D5AF37F9B194 pos=<4233.78, 238.77, 10391.7>)
13:21:39.411 [VehicleEngine] Player "NULL" (id=NULL) stopped vehicle Vodnik (id=6E9F563AD9481CAA62A6D5AF37F9B194 pos=<5009.93, 192.33, 9968.61>)
13:21:39.436 [VehicleLeave] Player "Bad Boy" (id=7EOOpe6Cv8QB45p22zWB29TPheQCYualmurDzSA3CR0=) left vehicle Vodnik (id=6E9F563AD9481CAA62A6D5AF37F9B194 pos=<5009.93, 192.33, 9968.61>)
13:22:01.557 [VehicleEnter] Player "Dan" (id=J3DN6WXzRjVAt4j_gUAEgL4v34hqtXpOtTWQ5nCMCS0=) entered vehicle Mh-6 Little Bird (id=DE66DCF14546B8D9E1782E8D463CAF7D pos=<7801.55, 287.52, 10309.2>) as pilot
13:22:03.158 [VehicleEngine] Player "Dan" (id=J3DN6WXzRjVAt4j_gUAEgL4v34hqtXpOtTWQ5nCMCS0=) started vehicle Mh-6 Little Bird (id=DE66DCF14546B8D9E1782E8D463CAF7D pos=<7801.55, 287.53, 10309.2>)
13:23:23.543 [VehicleEngine] Player "Dan" (id=J3DN6WXzRjVAt4j_gUAEgL4v34hqtXpOtTWQ5nCMCS0=) stopped vehicle Mh-6 Little Bird (id=DE66DCF14546B8D9E1782E8D463CAF7D pos=<7867.91, 320.58, 9796.41>)
13:23:28.656 [VehicleLeave] Player "Dan" (id=J3DN6WXzRjVAt4j_gUAEgL4v34hqtXpOtTWQ5nCMCS0=) left vehicle Mh-6 Little Bird (id=DE66DCF14546B8D9E1782E8D463CAF7D pos=<7867.82, 320.56, 9796.4>)
13:24:04.004 [VehicleEnter] Player "Dan" (id=J3DN6WXzRjVAt4j_gUAEgL4v34hqtXpOtTWQ5nCMCS0=) entered vehicle UH-1H (id=7D817F49FB4D85CAFD4A0E833DDC7CE5 pos=<7883.6, 320.55, 9802.2>) as pilot
13:24:10.483 [VehicleLeave] Player "Dan" (id=J3DN6WXzRjVAt4j_gUAEgL4v34hqtXpOtTWQ5nCMCS0=) left vehicle UH-1H (id=7D817F49FB4D85CAFD4A0E833DDC7CE5 pos=<7883.66, 320.55, 9802.2>)
13:26:32.257 [VehicleEnter] Player "Bad Boy" (id=7EOOpe6Cv8QB45p22zWB29TPheQCYualmurDzSA3CR0=) entered vehicle Vodnik (id=6E9F563AD9481CAA62A6D5AF37F9B194 pos=<5009.93, 192.33, 9968.61>) as driver
13:26:37.328 [VehicleEngine] Player "Bad Boy" (id=7EOOpe6Cv8QB45p22zWB29TPheQCYualmurDzSA3CR0=) started vehicle Vodnik (id=6E9F563AD9481CAA62A6D5AF37F9B194 pos=<5009.93, 192.33, 9968.61>)
13:28:02.125 [VehicleEngine] Player "NULL" (id=NULL) stopped vehicle Vodnik (id=6E9F563AD9481CAA62A6D5AF37F9B194 pos=<6082.13, 171.85, 10676.3>)
13:28:02.147 [VehicleLeave] Player "Bad Boy" (id=7EOOpe6Cv8QB45p22zWB29TPheQCYualmurDzSA3CR0=) left vehicle Vodnik (id=6E9F563AD9481CAA62A6D5AF37F9B194 pos=<6082.13, 171.85, 10676.3>)
13:28:03.153 [VehicleDestroyed] ExpansionMh6_Jeans (id=DE66DCF14546B8D9E1782E8D463CAF7D pos=<7867.59, 320.56, 9796.45>)
13:28:09.288 [VehicleEnter] Player "Bad Boy" (id=7EOOpe6Cv8QB45p22zWB29TPheQCYualmurDzSA3CR0=) entered vehicle Vodnik (id=6E9F563AD9481CAA62A6D5AF37F9B194 pos=<6082.13, 171.85, 10676.3>) as driver
13:28:11.520 [VehicleEnter] Player "Dan" (id=J3DN6WXzRjVAt4j_gUAEgL4v34hqtXpOtTWQ5nCMCS0=) entered vehicle UH-1H (id=7D817F49FB4D85CAFD4A0E833DDC7CE5 pos=<7883.68, 320.55, 9802.2>) as pilot
13:28:11.636 [VehicleEngine] Player "Bad Boy" (id=7EOOpe6Cv8QB45p22zWB29TPheQCYualmurDzSA3CR0=) started vehicle Vodnik (id=6E9F563AD9481CAA62A6D5AF37F9B194 pos=<6082.13, 171.85, 10676.3>)
13:28:13.996 [VehicleEngine] Player "Dan" (id=J3DN6WXzRjVAt4j_gUAEgL4v34hqtXpOtTWQ5nCMCS0=) started vehicle UH-1H (id=7D817F49FB4D85CAFD4A0E833DDC7CE5 pos=<7883.71, 320.55, 9802.2>)
13:28:29.777 [VehicleEngine] Player "NULL" (id=NULL) stopped vehicle Vodnik (id=6E9F563AD9481CAA62A6D5AF37F9B194 pos=<6094.25, 173.57, 10666.7>)
13:28:29.822 [VehicleLeave] Player "Bad Boy" (id=7EOOpe6Cv8QB45p22zWB29TPheQCYualmurDzSA3CR0=) left vehicle Vodnik (id=6E9F563AD9481CAA62A6D5AF37F9B194 pos=<6094.25, 173.57, 10666.7>)
13:29:01.296 [AI Object Patrol 00116] Spawning 3 East bots at <6822.278320, 221.708344, 8607.680664>
13:29:01.340 [AI Object Patrol 00116] Global patrol count: 1
13:29:01.349 [AI Object Patrol 00116] HelicopterWreck category patrol count: 1
13:32:39.872 [VehicleEngine] Player "Dan" (id=J3DN6WXzRjVAt4j_gUAEgL4v34hqtXpOtTWQ5nCMCS0=) stopped vehicle UH-1H (id=7D817F49FB4D85CAFD4A0E833DDC7CE5 pos=<6560.73, 206.59, 8402.1>)
13:32:47.451 [VehicleLeave] Player "Dan" (id=J3DN6WXzRjVAt4j_gUAEgL4v34hqtXpOtTWQ5nCMCS0=) left vehicle UH-1H (id=7D817F49FB4D85CAFD4A0E833DDC7CE5 pos=<6560.7, 206.58, 8402.16>)
13:34:11.058 [VehicleDeleted] ExpansionMh6_Jeans (id=DE66DCF14546B8D9E1782E8D463CAF7D pos=<7867.58, 320.56, 9796.45>)
13:36:45.333 [VehicleEnter] Player "Bad Boy" (id=7EOOpe6Cv8QB45p22zWB29TPheQCYualmurDzSA3CR0=) entered vehicle Gyrocopter (id=FBC192E3984B914601192A881DAD9476 pos=<4451.41, 225.37, 10180.9>) as pilot
13:36:47.678 [VehicleLeave] Player "Bad Boy" (id=7EOOpe6Cv8QB45p22zWB29TPheQCYualmurDzSA3CR0=) left vehicle Gyrocopter (id=FBC192E3984B914601192A881DAD9476 pos=<4451.46, 225.37, 10180.9>)
13:37:07.776 [VehicleEnter] Player "Bad Boy" (id=7EOOpe6Cv8QB45p22zWB29TPheQCYualmurDzSA3CR0=) entered vehicle Gyrocopter (id=FBC192E3984B914601192A881DAD9476 pos=<4451.77, 225.36, 10180.9>) as pilot
13:37:09.924 [VehicleEngine] Player "Bad Boy" (id=7EOOpe6Cv8QB45p22zWB29TPheQCYualmurDzSA3CR0=) started vehicle Gyrocopter (id=FBC192E3984B914601192A881DAD9476 pos=<4451.8, 225.36, 10180.9>)
13:39:33.359 [VehicleLeave] Player "Bad Boy" (id=7EOOpe6Cv8QB45p22zWB29TPheQCYualmurDzSA3CR0=) left vehicle Gyrocopter (id=FBC192E3984B914601192A881DAD9476 pos=<6092.83, 179.64, 10670.2>)
13:39:38.851 [MissionAirdrop] An airdrop is heading towards "Karlin" (pos=<9975.000000, 0.000000, 7242.000000> type=Random_Karlin) with a ExpansionAirdropContainer_Basebuilding
13:39:44.333 [VehicleEnter] Player "Bad Boy" (id=7EOOpe6Cv8QB45p22zWB29TPheQCYualmurDzSA3CR0=) entered vehicle Gyrocopter (id=FBC192E3984B914601192A881DAD9476 pos=<6092.83, 179.64, 10670.2>) as pilot
13:39:46.278 [VehicleEngine] Player "Bad Boy" (id=7EOOpe6Cv8QB45p22zWB29TPheQCYualmurDzSA3CR0=) stopped vehicle Gyrocopter (id=FBC192E3984B914601192A881DAD9476 pos=<6092.83, 179.64, 10670.2>)
13:39:49.572 [VehicleLeave] Player "Bad Boy" (id=7EOOpe6Cv8QB45p22zWB29TPheQCYualmurDzSA3CR0=) left vehicle Gyrocopter (id=FBC192E3984B914601192A881DAD9476 pos=<6092.83, 179.64, 10670.2>)
13:42:06.816 [Party] Player "Dan" (id=J3DN6WXzRjVAt4j_gUAEgL4v34hqtXpOtTWQ5nCMCS0=) left the party "Dragon Unyielding" (id=7 ownerUID=J3DN6WXzRjVAt4j_gUAEgL4v34hqtXpOtTWQ5nCMCS0= ownerName=Dan)
13:52:07.925 [AI Object Patrol 00116] Despawning 3 East bots (spawn position <6822.278320, 221.708344, 8607.680664>, 0/3 deceased)
13:52:08.034 [AI Object Patrol 00116] Global patrol count: 0
13:52:08.102 [AI Object Patrol 00116] HelicopterWreck category patrol count: 0
15:07:51.853 [MissionAirdrop] An airdrop is heading towards "Karlin" (pos=<9975.000000, 0.000000, 7242.000000> type=Random_Karlin) with a ExpansionAirdropContainer_Basebuilding
15:46:59.934 [VehicleEnter] Player "Bad Boy" (id=7EOOpe6Cv8QB45p22zWB29TPheQCYualmurDzSA3CR0=) entered vehicle Gyrocopter (id=FBC192E3984B914601192A881DAD9476 pos=<6092.83, 179.64, 10670.2>) as pilot
15:47:04.094 [VehicleEngine] Player "Bad Boy" (id=7EOOpe6Cv8QB45p22zWB29TPheQCYualmurDzSA3CR0=) started vehicle Gyrocopter (id=FBC192E3984B914601192A881DAD9476 pos=<6092.83, 179.64, 10670.2>)
15:49:54.873 [VehicleEngine] Player "Bad Boy" (id=7EOOpe6Cv8QB45p22zWB29TPheQCYualmurDzSA3CR0=) stopped vehicle Gyrocopter (id=FBC192E3984B914601192A881DAD9476 pos=<4086.76, 227.53, 10605.8>)
15:49:59.237 [VehicleLeave] Player "Bad Boy" (id=7EOOpe6Cv8QB45p22zWB29TPheQCYualmurDzSA3CR0=) left vehicle Gyrocopter (id=FBC192E3984B914601192A881DAD9476 pos=<4086.49, 227.39, 10605.9>)
15:51:31.437 [VehicleEnter] Player "Bad Boy" (id=7EOOpe6Cv8QB45p22zWB29TPheQCYualmurDzSA3CR0=) entered vehicle Mh-6 Little Bird (id=4B8839CF2543ED3FB3A165BD30B9B7AF pos=<4109.4, 238.43, 10388.7>) as pilot
15:51:37.953 [VehicleEngine] Player "Bad Boy" (id=7EOOpe6Cv8QB45p22zWB29TPheQCYualmurDzSA3CR0=) started vehicle Mh-6 Little Bird (id=4B8839CF2543ED3FB3A165BD30B9B7AF pos=<4109.4, 238.43, 10388.7>)
15:54:17.730 [VehicleEngine] Player "Bad Boy" (id=7EOOpe6Cv8QB45p22zWB29TPheQCYualmurDzSA3CR0=) stopped vehicle Mh-6 Little Bird (id=4B8839CF2543ED3FB3A165BD30B9B7AF pos=<5023.06, 194.26, 10024.9>)
15:55:10.628 [VehicleEngine] Player "Bad Boy" (id=7EOOpe6Cv8QB45p22zWB29TPheQCYualmurDzSA3CR0=) started vehicle Mh-6 Little Bird (id=4B8839CF2543ED3FB3A165BD30B9B7AF pos=<5023.03, 194.29, 10024.7>)
15:56:24.458 [VehicleEngine] Player "NULL" (id=NULL) stopped vehicle Mh-6 Little Bird (id=4B8839CF2543ED3FB3A165BD30B9B7AF pos=<5026.16, 194.14, 10023.8>)
15:56:24.940 [VehicleLeave] Player "Bad Boy" (id=7EOOpe6Cv8QB45p22zWB29TPheQCYualmurDzSA3CR0=) left vehicle Mh-6 Little Bird (id=4B8839CF2543ED3FB3A165BD30B9B7AF pos=<5026.12, 194.16, 10023.6>)
15:57:22.138 [VehicleEnter] Player "Bad Boy" (id=7EOOpe6Cv8QB45p22zWB29TPheQCYualmurDzSA3CR0=) entered vehicle Mh-6 Little Bird (id=4B8839CF2543ED3FB3A165BD30B9B7AF pos=<5024.05, 193.59, 10022.5>) as passenger
15:57:29.921 [VehicleLeave] Player "Bad Boy" (id=7EOOpe6Cv8QB45p22zWB29TPheQCYualmurDzSA3CR0=) left vehicle Mh-6 Little Bird (id=4B8839CF2543ED3FB3A165BD30B9B7AF pos=<5024.05, 193.59, 10022.5>)
15:59:35.793 [VehicleEnter] Player "Bad Boy" (id=7EOOpe6Cv8QB45p22zWB29TPheQCYualmurDzSA3CR0=) entered vehicle Mh-6 Little Bird (id=4B8839CF2543ED3FB3A165BD30B9B7AF pos=<5020.86, 193.22, 10024.7>) as passenger
15:59:43.268 [VehicleLeave] Player "Bad Boy" (id=7EOOpe6Cv8QB45p22zWB29TPheQCYualmurDzSA3CR0=) left vehicle Mh-6 Little Bird (id=4B8839CF2543ED3FB3A165BD30B9B7AF pos=<5020.86, 193.22, 10024.7>)
16:11:27.708 [VehicleEnter] Player "Bad Boy" (id=7EOOpe6Cv8QB45p22zWB29TPheQCYualmurDzSA3CR0=) entered vehicle Gyrocopter (id=FBC192E3984B914601192A881DAD9476 pos=<4087.6, 227.64, 10605>) as pilot
16:11:29.659 [VehicleEngine] Player "Bad Boy" (id=7EOOpe6Cv8QB45p22zWB29TPheQCYualmurDzSA3CR0=) started vehicle Gyrocopter (id=FBC192E3984B914601192A881DAD9476 pos=<4087.6, 227.64, 10605>)
16:16:02.698 [VehicleEngine] Player "Bad Boy" (id=7EOOpe6Cv8QB45p22zWB29TPheQCYualmurDzSA3CR0=) stopped vehicle Gyrocopter (id=FBC192E3984B914601192A881DAD9476 pos=<6079.32, 171.73, 10674>)
16:16:08.631 [VehicleLeave] Player "Bad Boy" (id=7EOOpe6Cv8QB45p22zWB29TPheQCYualmurDzSA3CR0=) left vehicle Gyrocopter (id=FBC192E3984B914601192A881DAD9476 pos=<6079.34, 171.72, 10674>)
16:16:27.068 [VehicleEnter] Player "Bad Boy" (id=7EOOpe6Cv8QB45p22zWB29TPheQCYualmurDzSA3CR0=) entered vehicle Vodnik (id=6E9F563AD9481CAA62A6D5AF37F9B194 pos=<6094.25, 173.57, 10666.7>) as driver
16:16:28.486 [VehicleEngine] Player "Bad Boy" (id=7EOOpe6Cv8QB45p22zWB29TPheQCYualmurDzSA3CR0=) started vehicle Vodnik (id=6E9F563AD9481CAA62A6D5AF37F9B194 pos=<6094.25, 173.57, 10666.7>)
16:16:36.398 [VehicleEngine] Player "NULL" (id=NULL) stopped vehicle Vodnik (id=6E9F563AD9481CAA62A6D5AF37F9B194 pos=<6079.91, 171.56, 10678.5>)
16:16:36.592 [VehicleLeave] Player "Bad Boy" (id=7EOOpe6Cv8QB45p22zWB29TPheQCYualmurDzSA3CR0=) left vehicle Vodnik (id=6E9F563AD9481CAA62A6D5AF37F9B194 pos=<6079.91, 171.56, 10678.5>)
16:16:43.769 [VehicleEnter] Player "Bad Boy" (id=7EOOpe6Cv8QB45p22zWB29TPheQCYualmurDzSA3CR0=) entered vehicle Vodnik (id=6E9F563AD9481CAA62A6D5AF37F9B194 pos=<6079.91, 171.56, 10678.5>) as driver
16:16:47.512 [VehicleEngine] Player "Bad Boy" (id=7EOOpe6Cv8QB45p22zWB29TPheQCYualmurDzSA3CR0=) started vehicle Vodnik (id=6E9F563AD9481CAA62A6D5AF37F9B194 pos=<6079.91, 171.56, 10678.5>)
16:19:31.391 [VehicleEngine] Player "NULL" (id=NULL) stopped vehicle Vodnik (id=6E9F563AD9481CAA62A6D5AF37F9B194 pos=<5018.59, 191.7, 10030>)
16:19:31.424 [VehicleLeave] Player "Bad Boy" (id=7EOOpe6Cv8QB45p22zWB29TPheQCYualmurDzSA3CR0=) left vehicle Vodnik (id=6E9F563AD9481CAA62A6D5AF37F9B194 pos=<5018.59, 191.7, 10030>)
16:20:07.428 [VehicleEnter] Player "Bad Boy" (id=7EOOpe6Cv8QB45p22zWB29TPheQCYualmurDzSA3CR0=) entered vehicle Mh-6 Little Bird (id=4B8839CF2543ED3FB3A165BD30B9B7AF pos=<5022.11, 194.04, 10025.8>) as pilot
16:20:10.533 [VehicleEngine] Player "Bad Boy" (id=7EOOpe6Cv8QB45p22zWB29TPheQCYualmurDzSA3CR0=) started vehicle Mh-6 Little Bird (id=4B8839CF2543ED3FB3A165BD30B9B7AF pos=<5022.11, 194.04, 10025.8>)
16:22:18.596 [VehicleEngine] Player "Bad Boy" (id=7EOOpe6Cv8QB45p22zWB29TPheQCYualmurDzSA3CR0=) stopped vehicle Mh-6 Little Bird (id=4B8839CF2543ED3FB3A165BD30B9B7AF pos=<5031.89, 193.75, 10022.8>)
16:22:22.108 [VehicleEngine] Player "Bad Boy" (id=7EOOpe6Cv8QB45p22zWB29TPheQCYualmurDzSA3CR0=) started vehicle Mh-6 Little Bird (id=4B8839CF2543ED3FB3A165BD30B9B7AF pos=<5030.78, 194.01, 10024.4>)
16:22:49.775 [VehicleEngine] Player "Bad Boy" (id=7EOOpe6Cv8QB45p22zWB29TPheQCYualmurDzSA3CR0=) stopped vehicle Mh-6 Little Bird (id=4B8839CF2543ED3FB3A165BD30B9B7AF pos=<5032.81, 193.95, 10021>)
16:22:57.979 [VehicleLeave] Player "Bad Boy" (id=7EOOpe6Cv8QB45p22zWB29TPheQCYualmurDzSA3CR0=) left vehicle Mh-6 Little Bird (id=4B8839CF2543ED3FB3A165BD30B9B7AF pos=<5032.76, 194.05, 10021.7>)
16:23:18.532 [VehicleEnter] Player "Bad Boy" (id=7EOOpe6Cv8QB45p22zWB29TPheQCYualmurDzSA3CR0=) entered vehicle Vodnik (id=6E9F563AD9481CAA62A6D5AF37F9B194 pos=<5018.74, 191.69, 10030.3>) as driver
16:23:20.667 [VehicleEngine] Player "Bad Boy" (id=7EOOpe6Cv8QB45p22zWB29TPheQCYualmurDzSA3CR0=) started vehicle Vodnik (id=6E9F563AD9481CAA62A6D5AF37F9B194 pos=<5018.74, 191.69, 10030.3>)
16:27:38.298 [Chat - Global]("snake"(id=0nsyEhm9INQy3se8y-fXlbMHVv4YsIXloUCLC2unDyo=)): yo what color was the car
16:27:55.150 [Chat - Global]("Bad Boy"(id=7EOOpe6Cv8QB45p22zWB29TPheQCYualmurDzSA3CR0=)): orange but it doesn't matter me what color
16:30:19.019 [VehicleEngine] Player "NULL" (id=NULL) stopped vehicle Vodnik (id=6E9F563AD9481CAA62A6D5AF37F9B194 pos=<1314.74, 366.52, 11483.8>)
16:30:19.079 [VehicleLeave] Player "Bad Boy" (id=7EOOpe6Cv8QB45p22zWB29TPheQCYualmurDzSA3CR0=) left vehicle Vodnik (id=6E9F563AD9481CAA62A6D5AF37F9B194 pos=<1314.74, 366.52, 11483.8>)
16:30:35.142 [Chat - Global]("snake"(id=0nsyEhm9INQy3se8y-fXlbMHVv4YsIXloUCLC2unDyo=)): do you remember what doors you had, and maybe any prized posessions? crates?
16:31:02.335 [VehicleEnter] Player "snake" (id=0nsyEhm9INQy3se8y-fXlbMHVv4YsIXloUCLC2unDyo=) entered vehicle Land Rover Defender (id=96A4AE80004E10D62EF22CA1A1CE56D9 pos=<8335.14, 335.68, 1638.99>) as driver
16:31:05.240 [VehicleLeave] Player "snake" (id=0nsyEhm9INQy3se8y-fXlbMHVv4YsIXloUCLC2unDyo=) left vehicle Land Rover Defender (id=96A4AE80004E10D62EF22CA1A1CE56D9 pos=<8335.14, 335.68, 1638.99>)
16:31:17.681 [Chat - Global]("Bad Boy"(id=7EOOpe6Cv8QB45p22zWB29TPheQCYualmurDzSA3CR0=)): I had 3 crates, fuel tank,  and seachest, there was stuff in it, but don't worry about it. Maybe just a wrench? 
16:31:36.432 [Chat - Global]("Bad Boy"(id=7EOOpe6Cv8QB45p22zWB29TPheQCYualmurDzSA3CR0=)): Doors - I think it was only back right that had a door (also had spare tire).
16:32:30.133 [Chat - Global]("Bad Boy"(id=7EOOpe6Cv8QB45p22zWB29TPheQCYualmurDzSA3CR0=)): Ok, screwdriver too lol.
16:32:34.623 [VehicleDeleted] Expansion_Landrover_Orange (id=96A4AE80004E10D62EF22CA1A1CE56D9 pos=<8335.14, 335.68, 1638.99>)
16:35:08.313 [MissionAirdrop] An airdrop is heading towards "Karlin" (pos=<9975.000000, 0.000000, 7242.000000> type=Random_Karlin) with a ExpansionAirdropContainer_Basebuilding
16:41:52.282 [VehicleEnter] Player "Bad Boy" (id=7EOOpe6Cv8QB45p22zWB29TPheQCYualmurDzSA3CR0=) entered vehicle Vodnik (id=6E9F563AD9481CAA62A6D5AF37F9B194 pos=<1314.74, 366.52, 11483.8>) as driver
16:42:02.760 [VehicleEngine] Player "Bad Boy" (id=7EOOpe6Cv8QB45p22zWB29TPheQCYualmurDzSA3CR0=) started vehicle Vodnik (id=6E9F563AD9481CAA62A6D5AF37F9B194 pos=<1314.75, 366.52, 11483.8>)
16:47:05.447 [VehicleEngine] Player "NULL" (id=NULL) stopped vehicle Vodnik (id=6E9F563AD9481CAA62A6D5AF37F9B194 pos=<5061.62, 190.58, 10029.8>)
16:47:05.480 [VehicleLeave] Player "Bad Boy" (id=7EOOpe6Cv8QB45p22zWB29TPheQCYualmurDzSA3CR0=) left vehicle Vodnik (id=6E9F563AD9481CAA62A6D5AF37F9B194 pos=<5061.62, 190.58, 10029.8>)
16:47:22.577 [VehicleEnter] Player "Bad Boy" (id=7EOOpe6Cv8QB45p22zWB29TPheQCYualmurDzSA3CR0=) entered vehicle Vodnik (id=6E9F563AD9481CAA62A6D5AF37F9B194 pos=<5061.62, 190.58, 10029.8>) as driver
16:47:27.584 [VehicleEngine] Player "Bad Boy" (id=7EOOpe6Cv8QB45p22zWB29TPheQCYualmurDzSA3CR0=) started vehicle Vodnik (id=6E9F563AD9481CAA62A6D5AF37F9B194 pos=<5061.62, 190.58, 10029.8>)
16:48:41.498 [VehicleEnter] Player "snake" (id=0nsyEhm9INQy3se8y-fXlbMHVv4YsIXloUCLC2unDyo=) entered vehicle Land Rover Defender (id=84FC80BCDA4ACD60EE080B92ADAD38B6 pos=<8335.26, 335.69, 1639.99>) as driver
16:49:03.548 [VehicleEngine] Player "NULL" (id=NULL) stopped vehicle Vodnik (id=6E9F563AD9481CAA62A6D5AF37F9B194 pos=<6083.04, 171.9, 10676.7>)
16:49:03.590 [VehicleLeave] Player "Bad Boy" (id=7EOOpe6Cv8QB45p22zWB29TPheQCYualmurDzSA3CR0=) left vehicle Vodnik (id=6E9F563AD9481CAA62A6D5AF37F9B194 pos=<6083.04, 171.9, 10676.7>)
16:49:09.065 [VehicleEngine] Player "snake" (id=0nsyEhm9INQy3se8y-fXlbMHVv4YsIXloUCLC2unDyo=) started vehicle Land Rover Defender (id=84FC80BCDA4ACD60EE080B92ADAD38B6 pos=<5949.97, 170.39, 10523.1>)
16:49:39.004 [VehicleEngine] Player "NULL" (id=NULL) stopped vehicle Land Rover Defender (id=84FC80BCDA4ACD60EE080B92ADAD38B6 pos=<6074.59, 171.73, 10673.5>)
16:49:39.046 [VehicleLeave] Player "snake" (id=0nsyEhm9INQy3se8y-fXlbMHVv4YsIXloUCLC2unDyo=) left vehicle Land Rover Defender (id=84FC80BCDA4ACD60EE080B92ADAD38B6 pos=<6074.58, 171.73, 10673.5>)
16:50:43.516 [VehicleEnter] Player "snake" (id=0nsyEhm9INQy3se8y-fXlbMHVv4YsIXloUCLC2unDyo=) entered vehicle Vodnik (id=6E9F563AD9481CAA62A6D5AF37F9B194 pos=<6083.04, 171.9, 10676.7>) as driver
16:50:45.106 [VehicleEngine] Player "snake" (id=0nsyEhm9INQy3se8y-fXlbMHVv4YsIXloUCLC2unDyo=) started vehicle Vodnik (id=6E9F563AD9481CAA62A6D5AF37F9B194 pos=<6083.04, 171.9, 10676.7>)
16:52:01.437 [VehicleEngine] Player "NULL" (id=NULL) stopped vehicle Vodnik (id=6E9F563AD9481CAA62A6D5AF37F9B194 pos=<6068.63, 172.26, 10667>)
16:52:01.523 [VehicleLeave] Player "snake" (id=0nsyEhm9INQy3se8y-fXlbMHVv4YsIXloUCLC2unDyo=) left vehicle Vodnik (id=6E9F563AD9481CAA62A6D5AF37F9B194 pos=<6068.63, 172.26, 10667>)
16:58:49.642 [BaseBuildingRaiding] ------------------------- Expansion Base Raiding Damage Report -------------------------
16:58:49.653 [BaseBuildingRaiding] Player "snake" (id=0nsyEhm9INQy3se8y-fXlbMHVv4YsIXloUCLC2unDyo= pos=<8328.67, 322.76, 1639.62>) damaged ExpansionWall6x3 at <8336.47, 322.44, 1645.77>
16:58:49.664 [BaseBuildingRaiding] They dealt 80 * 1 = 80 damage with Bullet_762x39 from AKM
16:58:49.673 [BaseBuildingRaiding] GlobalHealth hitpoints decreased from 29448.3 to 29368.3
16:58:49.683 [BaseBuildingRaiding] ----------------------------------------------------------------------------------------
17:02:47.612 [VehicleEnter] Player "Bad Boy" (id=7EOOpe6Cv8QB45p22zWB29TPheQCYualmurDzSA3CR0=) entered vehicle Land Rover Defender (id=84FC80BCDA4ACD60EE080B92ADAD38B6 pos=<6074.58, 171.73, 10673.5>) as driver
17:02:49.714 [VehicleEngine] Player "Bad Boy" (id=7EOOpe6Cv8QB45p22zWB29TPheQCYualmurDzSA3CR0=) started vehicle Land Rover Defender (id=84FC80BCDA4ACD60EE080B92ADAD38B6 pos=<6074.58, 171.73, 10673.5>)
17:03:02.003 [VehicleEngine] Player "NULL" (id=NULL) stopped vehicle Land Rover Defender (id=84FC80BCDA4ACD60EE080B92ADAD38B6 pos=<6092.57, 173.56, 10668.5>)
17:03:02.045 [VehicleLeave] Player "Bad Boy" (id=7EOOpe6Cv8QB45p22zWB29TPheQCYualmurDzSA3CR0=) left vehicle Land Rover Defender (id=84FC80BCDA4ACD60EE080B92ADAD38B6 pos=<6092.57, 173.56, 10668.5>)
18:01:42.489 [MissionAirdrop] An airdrop is heading towards "Karlin" (pos=<9975.000000, 0.000000, 7242.000000> type=Random_Karlin) with a ExpansionAirdropContainer_Basebuilding
19:28:36.986 [MissionAirdrop] An airdrop is heading towards "Radunin" (pos=<7209.000000, 0.000000, 6073.000000> type=Random_Radunin) with a ExpansionAirdropContainer_Basebuilding
20:28:54.364 [AI Object Patrol 00179] Spawning 1 West bots at <8867.590820, 472.295258, 2051.910400>
20:28:54.401 [AI Object Patrol 00179] Global patrol count: 1
20:28:54.411 [AI Object Patrol 00179] ContaminatedArea category patrol count: 1
20:47:31.032 [AI Object Patrol 00179] Despawning 1 West bots (spawn position <8867.590820, 472.295258, 2051.910400>, 0/1 deceased)
20:47:31.042 [AI Object Patrol 00179] Global patrol count: 0
20:47:31.052 [AI Object Patrol 00179] ContaminatedArea category patrol count: 0
20:54:14.103 [MissionAirdrop] An airdrop is heading towards "Karlin" (pos=<9975.000000, 0.000000, 7242.000000> type=Random_Karlin) with a ExpansionAirdropContainer_Basebuilding
22:21:04.092 [MissionAirdrop] An airdrop is heading towards "Radunin" (pos=<7209.000000, 0.000000, 6073.000000> type=Random_Radunin) with a ExpansionAirdropContainer_Basebuilding
23:45:54.876 [MissionAirdrop] An airdrop is heading towards "Gieraltow" (pos=<10899.000000, 0.000000, 4515.000000> type=Random_Gieraltow) with a ExpansionAirdropContainer
01:13:34.580 [MissionAirdrop] An airdrop is heading towards "Gieraltow" (pos=<10899.000000, 0.000000, 4515.000000> type=Random_Gieraltow) with a ExpansionAirdropContainer
02:05:04.043 [VehicleDestroyed] Boat_01_Blue (id=B766697EAA4AD43535C90A9A2DA68DFF pos=<11796, 169.72, 10939.8>)
02:42:36.425 [MissionAirdrop] An airdrop is heading towards "Karlin" (pos=<9975.000000, 0.000000, 7242.000000> type=Random_Karlin) with a ExpansionAirdropContainer_Basebuilding
03:56:13.091 [VehicleDeleted] Boat_01_Blue (id=B766697EAA4AD43535C90A9A2DA68DFF pos=<11796, 169.41, 10939.8>)
04:09:44.689 [MissionAirdrop] An airdrop is heading towards "Muratyn" (pos=<4559.000000, 0.000000, 6852.000000> type=Random_Muratyn) with a ExpansionAirdropContainer_Military
05:15:41.241 [Party] Player "Dan" (id=J3DN6WXzRjVAt4j_gUAEgL4v34hqtXpOtTWQ5nCMCS0=) joined the party "Dragon Unyielding" (id=7 ownerUID=J3DN6WXzRjVAt4j_gUAEgL4v34hqtXpOtTWQ5nCMCS0= ownerName=Dan)
05:17:06.262 [Party] Player "Dan" (id=J3DN6WXzRjVAt4j_gUAEgL4v34hqtXpOtTWQ5nCMCS0=) left the party "Dragon Unyielding" (id=7 ownerUID=J3DN6WXzRjVAt4j_gUAEgL4v34hqtXpOtTWQ5nCMCS0= ownerName=Dan)
05:19:31.591 [Party] Player "Dan" (id=J3DN6WXzRjVAt4j_gUAEgL4v34hqtXpOtTWQ5nCMCS0=) joined the party "Dragon Unyielding" (id=7 ownerUID=J3DN6WXzRjVAt4j_gUAEgL4v34hqtXpOtTWQ5nCMCS0= ownerName=Dan)
05:20:53.293 [VehicleEnter] Player "Dan" (id=J3DN6WXzRjVAt4j_gUAEgL4v34hqtXpOtTWQ5nCMCS0=) entered vehicle UH-1H (id=7D817F49FB4D85CAFD4A0E833DDC7CE5 pos=<6560.23, 206.61, 8401.75>) as pilot
05:20:54.889 [VehicleEngine] Player "Dan" (id=J3DN6WXzRjVAt4j_gUAEgL4v34hqtXpOtTWQ5nCMCS0=) started vehicle UH-1H (id=7D817F49FB4D85CAFD4A0E833DDC7CE5 pos=<6560.23, 206.61, 8401.74>)
05:22:07.760 [AI Object Patrol 00191] Spawning 3 West bots at <7945.062500, 320.247375, 9789.695313>
05:22:07.920 [AI Object Patrol 00191] Global patrol count: 1
05:22:08.033 [AI Object Patrol 00191] ContaminatedArea category patrol count: 1
05:24:25.166 [Party] Player "Dan" (id=J3DN6WXzRjVAt4j_gUAEgL4v34hqtXpOtTWQ5nCMCS0=) left the party "Dragon Unyielding" (id=7 ownerUID=J3DN6WXzRjVAt4j_gUAEgL4v34hqtXpOtTWQ5nCMCS0= ownerName=Dan)
05:24:28.195 [VehicleEngine] Player "NULL" (id=NULL) stopped vehicle UH-1H (id=7D817F49FB4D85CAFD4A0E833DDC7CE5 pos=<11076.4, 361.31, 8435.42>)
05:26:09.100 [Party] Player "Dan" (id=J3DN6WXzRjVAt4j_gUAEgL4v34hqtXpOtTWQ5nCMCS0=) joined the party "Dragon Unyielding" (id=7 ownerUID=J3DN6WXzRjVAt4j_gUAEgL4v34hqtXpOtTWQ5nCMCS0= ownerName=Dan)
05:26:22.310 [Killfeed] [Drago] Dan fell to their death.
05:26:47.386 [Party] Player "Dan" (id=J3DN6WXzRjVAt4j_gUAEgL4v34hqtXpOtTWQ5nCMCS0=) joined the party "Dragon Unyielding" (id=7 ownerUID=J3DN6WXzRjVAt4j_gUAEgL4v34hqtXpOtTWQ5nCMCS0= ownerName=Dan)
05:27:01.459 [SpawnSelection] Player "Dan" (id=J3DN6WXzRjVAt4j_gUAEgL4v34hqtXpOtTWQ5nCMCS0=) spawned at <9812.469727, 208.270996, 8597.160156>
05:29:31.994 [GraveStone] Spawned GraveStone for Survivor at position 0x000000003602c5c4 {<11080.3,218.007,8435.11>}
05:33:39.414 [AI Object Patrol 00191] Despawning 3 West bots (spawn position <7945.062500, 320.247375, 9789.695313>, 0/3 deceased)
05:33:39.446 [AI Object Patrol 00191] Global patrol count: 0
05:33:39.490 [AI Object Patrol 00191] ContaminatedArea category patrol count: 0
05:36:52.468 [MissionAirdrop] An airdrop is heading towards "Nadbor" (pos=<5996.000000, 0.000000, 4513.000000> type=Random_Nadbor) with a ExpansionAirdropContainer
05:39:31.282 [BaseRaiding] ExpansionSafeMini (<9702.060547, 213.914398, 8485.162109>) Damaged "player "Dan" (ID = "J3DN6WXzRjVAt4j_gUAEgL4v34hqtXpOtTWQ5nCMCS0=" at <9701.103516, 213.957047, 8486.303711>)" by 10 health points. Reason: Failed to enter the correct code.
05:39:31.298 [BaseRaiding] ExpansionSafeMini (<9702.060547, 213.914398, 8485.162109>) The correct code was 5051 and the player tried 191
05:39:36.803 [BaseRaiding] ExpansionSafeMini (<9702.060547, 213.914398, 8485.162109>) Damaged "player "Dan" (ID = "J3DN6WXzRjVAt4j_gUAEgL4v34hqtXpOtTWQ5nCMCS0=" at <9701.103516, 213.957047, 8486.303711>)" by 10 health points. Reason: Failed to enter the correct code.
05:39:36.817 [BaseRaiding] ExpansionSafeMini (<9702.060547, 213.914398, 8485.162109>) The correct code was 5051 and the player tried 1981
05:39:40.576 [BaseRaiding] ExpansionSafeMini (<9702.060547, 213.914398, 8485.162109>) Damaged "player "Dan" (ID = "J3DN6WXzRjVAt4j_gUAEgL4v34hqtXpOtTWQ5nCMCS0=" at <9701.103516, 213.957047, 8486.303711>)" by 10 health points. Reason: Failed to enter the correct code.
05:39:40.600 [BaseRaiding] ExpansionSafeMini (<9702.060547, 213.914398, 8485.162109>) The correct code was 5051 and the player tried 1981
05:54:37.502 [AI Object Patrol 00194] Spawning 3 West bots at <10508.905273, 270.933105, 7471.995117>
05:54:37.721 [AI Object Patrol 00194] Global patrol count: 1
05:54:37.745 [AI Object Patrol 00194] HelicopterWreck category patrol count: 1
05:59:38.915 [AI Object Patrol 00192] Spawning 1 West bots at <11718.846680, 227.298203, 7599.189941>
05:59:38.959 [AI Object Patrol 00192] Global patrol count: 2
05:59:38.973 [AI Object Patrol 00192] HelicopterWreck category patrol count: 2
06:03:04.332 [AI Object Patrol 00192] Despawning 1 West bots (spawn position <11718.846680, 227.298203, 7599.189941>, 0/1 deceased)
06:03:04.342 [AI Object Patrol 00192] Global patrol count: 1
06:03:04.352 [AI Object Patrol 00192] HelicopterWreck category patrol count: 1
06:03:50.614 [Party] Player "Dan" (id=J3DN6WXzRjVAt4j_gUAEgL4v34hqtXpOtTWQ5nCMCS0=) left the party "Dragon Unyielding" (id=7 ownerUID=J3DN6WXzRjVAt4j_gUAEgL4v34hqtXpOtTWQ5nCMCS0= ownerName=Dan)
