06:12:48.946 [MissionAirdrop] An airdrop is heading towards "Nadbor" (pos=<5996.000000, 0.000000, 4513.000000> type=Random_Nadbor) with a ExpansionAirdropContainer_Basebuilding
07:38:03.065 [MissionAirdrop] An airdrop is heading towards "Zapadlisko" (pos=<8399.000000, 0.000000, 8803.000000> type=Random_Zapadlisko) with a ExpansionAirdropContainer_Basebuilding
09:04:30.404 [MissionAirdrop] An airdrop is heading towards "Radunin" (pos=<7209.000000, 0.000000, 6073.000000> type=Random_Radunin) with a ExpansionAirdropContainer_Basebuilding
10:29:35.351 [MissionAirdrop] An airdrop is heading towards "Radunin" (pos=<7209.000000, 0.000000, 6073.000000> type=Random_Radunin) with a ExpansionAirdropContainer_Basebuilding
11:54:21.471 [MissionAirdrop] An airdrop is heading towards "Brena" (pos=<6692.000000, 0.000000, 11442.000000> type=Random_Brena) with a ExpansionAirdropContainer_Basebuilding
13:22:59.872 [MissionAirdrop] An airdrop is heading towards "Muratyn" (pos=<4559.000000, 0.000000, 6852.000000> type=Random_Muratyn) with a ExpansionAirdropContainer
14:38:25.082 [Party] Player "PoiiZoner3" (id=cZC_vl4onJwtCEZaOtA89yPcwyGnN7Qy01WI28TQhbU=) joined the party "Dragon Shadowed" (id=4 ownerUID=cZC_vl4onJwtCEZaOtA89yPcwyGnN7Qy01WI28TQhbU= ownerName=PoiiZoner3)
14:38:25.093 [Expansion Quests] Initialize quest system on the connected client with UID=cZC_vl4onJwtCEZaOtA89yPcwyGnN7Qy01WI28TQhbU=
14:38:25.474 [Expansion Quests] Loaded existing player quest data for player with UID=cZC_vl4onJwtCEZaOtA89yPcwyGnN7Qy01WI28TQhbU=
14:38:25.487 [Expansion Quests] Loaded existing group quest data for group with ID=4
14:38:25.496 [Expansion Quests] Check quest initialization for quest with ID=8 | State=STARTED | Player UID=cZC_vl4onJwtCEZaOtA89yPcwyGnN7Qy01WI28TQhbU=
14:38:25.506 [Expansion Quests] Create new quest instance for quest with ID=8 | Player UID=cZC_vl4onJwtCEZaOtA89yPcwyGnN7Qy01WI28TQhbU=
14:38:25.516 [Expansion Quests] Check quest initialization for quest with ID=9 | State=STARTED | Player UID=cZC_vl4onJwtCEZaOtA89yPcwyGnN7Qy01WI28TQhbU=
14:38:25.525 [Expansion Quests] Create new quest instance for quest with ID=9 | Player UID=cZC_vl4onJwtCEZaOtA89yPcwyGnN7Qy01WI28TQhbU=
14:38:25.535 [Expansion Quests] Check quest initialization for quest with ID=11 | State=STARTED | Player UID=cZC_vl4onJwtCEZaOtA89yPcwyGnN7Qy01WI28TQhbU=
14:38:25.544 [Expansion Quests] Create new quest instance for quest with ID=11 | Player UID=cZC_vl4onJwtCEZaOtA89yPcwyGnN7Qy01WI28TQhbU=
14:38:25.554 [Expansion Quests] Check quest initialization for quest with ID=14 | State=COMPLETED | Player UID=cZC_vl4onJwtCEZaOtA89yPcwyGnN7Qy01WI28TQhbU=
14:38:25.569 [Expansion Quests] Quest with ID=1 is not a a valid achievement or auto start quest. Skip quest for player with UID=cZC_vl4onJwtCEZaOtA89yPcwyGnN7Qy01WI28TQhbU=
14:38:25.578 [Expansion Quests] Quest with ID=2 is not a a valid achievement or auto start quest. Skip quest for player with UID=cZC_vl4onJwtCEZaOtA89yPcwyGnN7Qy01WI28TQhbU=
14:38:25.588 [Expansion Quests] Quest with ID=3 is not a a valid achievement or auto start quest. Skip quest for player with UID=cZC_vl4onJwtCEZaOtA89yPcwyGnN7Qy01WI28TQhbU=
14:38:25.597 [Expansion Quests] Quest with ID=4 is not a a valid achievement or auto start quest. Skip quest for player with UID=cZC_vl4onJwtCEZaOtA89yPcwyGnN7Qy01WI28TQhbU=
14:38:25.606 [Expansion Quests] Quest with ID=5 is not a a valid achievement or auto start quest. Skip quest for player with UID=cZC_vl4onJwtCEZaOtA89yPcwyGnN7Qy01WI28TQhbU=
14:38:25.615 [Expansion Quests] Quest with ID=6 is not a a valid achievement or auto start quest. Skip quest for player with UID=cZC_vl4onJwtCEZaOtA89yPcwyGnN7Qy01WI28TQhbU=
14:38:25.624 [Expansion Quests] Quest with ID=7 is not a a valid achievement or auto start quest. Skip quest for player with UID=cZC_vl4onJwtCEZaOtA89yPcwyGnN7Qy01WI28TQhbU=
14:38:25.634 [Expansion Quests] Quest with ID=10 is not a a valid achievement or auto start quest. Skip quest for player with UID=cZC_vl4onJwtCEZaOtA89yPcwyGnN7Qy01WI28TQhbU=
14:38:25.643 [Expansion Quests] Quest with ID=12 is not a a valid achievement or auto start quest. Skip quest for player with UID=cZC_vl4onJwtCEZaOtA89yPcwyGnN7Qy01WI28TQhbU=
14:38:25.652 [Expansion Quests] Quest with ID=13 is not a a valid achievement or auto start quest. Skip quest for player with UID=cZC_vl4onJwtCEZaOtA89yPcwyGnN7Qy01WI28TQhbU=
14:38:25.662 [Expansion Quests] Quest with ID=15 is not a a valid achievement or auto start quest. Skip quest for player with UID=cZC_vl4onJwtCEZaOtA89yPcwyGnN7Qy01WI28TQhbU=
14:38:25.672 [Expansion Quests] Quest with ID=16 is not a a valid achievement or auto start quest. Skip quest for player with UID=cZC_vl4onJwtCEZaOtA89yPcwyGnN7Qy01WI28TQhbU=
14:38:25.681 [Expansion Quests] Quest with ID=17 is not a a valid achievement or auto start quest. Skip quest for player with UID=cZC_vl4onJwtCEZaOtA89yPcwyGnN7Qy01WI28TQhbU=
14:38:25.691 [Expansion Quests] Quest with ID=18 is not a a valid achievement or auto start quest. Skip quest for player with UID=cZC_vl4onJwtCEZaOtA89yPcwyGnN7Qy01WI28TQhbU=
14:38:25.700 [Expansion Quests] Quest with ID=19 is not a a valid achievement or auto start quest. Skip quest for player with UID=cZC_vl4onJwtCEZaOtA89yPcwyGnN7Qy01WI28TQhbU=
14:38:25.710 [Expansion Quests] Quest with ID=20 is not a a valid achievement or auto start quest. Skip quest for player with UID=cZC_vl4onJwtCEZaOtA89yPcwyGnN7Qy01WI28TQhbU=
14:38:25.719 [Expansion Quests] Quest with ID=21 is not a a valid achievement or auto start quest. Skip quest for player with UID=cZC_vl4onJwtCEZaOtA89yPcwyGnN7Qy01WI28TQhbU=
14:38:25.729 [Expansion Quests] Quest with ID=22 is not a a valid achievement or auto start quest. Skip quest for player with UID=cZC_vl4onJwtCEZaOtA89yPcwyGnN7Qy01WI28TQhbU=
14:38:25.739 [Expansion Quests] Quest with ID=23 is not a a valid achievement or auto start quest. Skip quest for player with UID=cZC_vl4onJwtCEZaOtA89yPcwyGnN7Qy01WI28TQhbU=
14:38:25.748 [Expansion Quests] Quest with ID=24 is not a a valid achievement or auto start quest. Skip quest for player with UID=cZC_vl4onJwtCEZaOtA89yPcwyGnN7Qy01WI28TQhbU=
14:38:25.822 [Expansion Quests] Sending cZC_vl4onJwtCEZaOtA89yPcwyGnN7Qy01WI28TQhbU= quest configs to client for player with UID=cZC_vl4onJwtCEZaOtA89yPcwyGnN7Qy01WI28TQhbU=
14:38:25.832 [Expansion Quests] Sending player quest data for 4 quests to player with UID=cZC_vl4onJwtCEZaOtA89yPcwyGnN7Qy01WI28TQhbU=
14:38:25.848 [AI Patrol 00016] Spawning 2 West bots at <7200.418945, 295.151489, 3040.374023>
14:38:25.884 [AI Patrol 00016] Global patrol count: 1
14:38:25.894 [AI Patrol 00016] Patrol category patrol count: 1
14:38:25.904 [AI Patrol 00015] Spawning 1 East bots at <7674.232910, 313.191681, 2857.366943>
14:38:25.933 [AI Patrol 00015] Global patrol count: 2
14:38:25.942 [AI Patrol 00015] Patrol category patrol count: 2
14:38:25.951 [AI Object Patrol 00022] Spawning 2 West bots at <5549.283203, 418.025970, 3680.681396>
14:38:25.984 [AI Object Patrol 00022] Global patrol count: 3
14:38:25.994 [AI Object Patrol 00022] ContaminatedArea category patrol count: 1
14:38:26.004 [AI Object Patrol 00023] Spawning 2 West bots at <6108.752930, 387.240601, 4092.308350>
14:38:26.037 [AI Object Patrol 00023] Global patrol count: 4
14:38:26.046 [AI Object Patrol 00023] ContaminatedArea category patrol count: 2
14:38:26.566 [Expansion Quests] - LoadGroupQuestData - Got cached group quest data for group with ID=4
14:43:32.352 [AI Patrol 00017] Spawning 1 Civilian bots at <6285.381348, 382.049011, 3741.217285>
14:43:32.383 [AI Patrol 00017] Global patrol count: 5
14:43:32.393 [AI Patrol 00017] Patrol category patrol count: 3
14:43:34.215 [Killfeed] AI Seth (Civilian) fell to their death.
14:43:37.198 [AI Patrol 00017] Civilian bots were wiped out (spawn position <6285.381348, 382.049011, 3741.217285>, 1/1 deceased)
14:43:37.208 [AI Patrol 00017] Global patrol count: 4
14:43:37.218 [AI Patrol 00017] Patrol category patrol count: 2
14:48:59.299 [MissionAirdrop] An airdrop is heading towards "Kolembrody" (pos=<8676.000000, 0.000000, 12114.000000> type=Random_Kolembrody) with a ExpansionAirdropContainer_Military
14:53:28.366 [Killfeed] AI Elias (East) got killed by AI Gabi (West) with M16-A2 from a distance of 2 m.
14:53:33.174 [AI Patrol 00015] East bots were wiped out (spawn position <7674.232910, 313.191681, 2857.366943>, 1/1 deceased)
14:53:33.183 [AI Patrol 00015] Global patrol count: 3
14:53:33.193 [AI Patrol 00015] Patrol category patrol count: 1
15:07:22.302 [Expansion Quests] Initialize quest system on the connected client with UID=0nsyEhm9INQy3se8y-fXlbMHVv4YsIXloUCLC2unDyo=
15:07:22.699 [Expansion Quests] Loaded existing player quest data for player with UID=0nsyEhm9INQy3se8y-fXlbMHVv4YsIXloUCLC2unDyo=
15:07:22.709 [Expansion Quests] Check quest initialization for quest with ID=8 | State=STARTED | Player UID=0nsyEhm9INQy3se8y-fXlbMHVv4YsIXloUCLC2unDyo=
15:07:22.719 [Expansion Quests] Create new quest instance for quest with ID=8 | Player UID=0nsyEhm9INQy3se8y-fXlbMHVv4YsIXloUCLC2unDyo=
15:07:22.729 [Expansion Quests] Check quest initialization for quest with ID=9 | State=STARTED | Player UID=0nsyEhm9INQy3se8y-fXlbMHVv4YsIXloUCLC2unDyo=
15:07:22.740 [Expansion Quests] Create new quest instance for quest with ID=9 | Player UID=0nsyEhm9INQy3se8y-fXlbMHVv4YsIXloUCLC2unDyo=
15:07:22.751 [Expansion Quests] Check quest initialization for quest with ID=11 | State=STARTED | Player UID=0nsyEhm9INQy3se8y-fXlbMHVv4YsIXloUCLC2unDyo=
15:07:22.761 [Expansion Quests] Create new quest instance for quest with ID=11 | Player UID=0nsyEhm9INQy3se8y-fXlbMHVv4YsIXloUCLC2unDyo=
15:07:22.771 [Expansion Quests] Check quest initialization for quest with ID=14 | State=COMPLETED | Player UID=0nsyEhm9INQy3se8y-fXlbMHVv4YsIXloUCLC2unDyo=
15:07:22.782 [Expansion Quests] Quest with ID=1 is not a a valid achievement or auto start quest. Skip quest for player with UID=0nsyEhm9INQy3se8y-fXlbMHVv4YsIXloUCLC2unDyo=
15:07:22.792 [Expansion Quests] Quest with ID=2 is not a a valid achievement or auto start quest. Skip quest for player with UID=0nsyEhm9INQy3se8y-fXlbMHVv4YsIXloUCLC2unDyo=
15:07:22.802 [Expansion Quests] Quest with ID=3 is not a a valid achievement or auto start quest. Skip quest for player with UID=0nsyEhm9INQy3se8y-fXlbMHVv4YsIXloUCLC2unDyo=
15:07:22.812 [Expansion Quests] Quest with ID=4 is not a a valid achievement or auto start quest. Skip quest for player with UID=0nsyEhm9INQy3se8y-fXlbMHVv4YsIXloUCLC2unDyo=
15:07:22.822 [Expansion Quests] Quest with ID=5 is not a a valid achievement or auto start quest. Skip quest for player with UID=0nsyEhm9INQy3se8y-fXlbMHVv4YsIXloUCLC2unDyo=
15:07:22.833 [Expansion Quests] Quest with ID=6 is not a a valid achievement or auto start quest. Skip quest for player with UID=0nsyEhm9INQy3se8y-fXlbMHVv4YsIXloUCLC2unDyo=
15:07:22.842 [Expansion Quests] Quest with ID=7 is not a a valid achievement or auto start quest. Skip quest for player with UID=0nsyEhm9INQy3se8y-fXlbMHVv4YsIXloUCLC2unDyo=
15:07:22.852 [Expansion Quests] Quest with ID=10 is not a a valid achievement or auto start quest. Skip quest for player with UID=0nsyEhm9INQy3se8y-fXlbMHVv4YsIXloUCLC2unDyo=
15:07:22.862 [Expansion Quests] Quest with ID=12 is not a a valid achievement or auto start quest. Skip quest for player with UID=0nsyEhm9INQy3se8y-fXlbMHVv4YsIXloUCLC2unDyo=
15:07:22.872 [Expansion Quests] Quest with ID=13 is not a a valid achievement or auto start quest. Skip quest for player with UID=0nsyEhm9INQy3se8y-fXlbMHVv4YsIXloUCLC2unDyo=
15:07:22.882 [Expansion Quests] Quest with ID=15 is not a a valid achievement or auto start quest. Skip quest for player with UID=0nsyEhm9INQy3se8y-fXlbMHVv4YsIXloUCLC2unDyo=
15:07:22.892 [Expansion Quests] Quest with ID=16 is not a a valid achievement or auto start quest. Skip quest for player with UID=0nsyEhm9INQy3se8y-fXlbMHVv4YsIXloUCLC2unDyo=
15:07:22.901 [Expansion Quests] Quest with ID=17 is not a a valid achievement or auto start quest. Skip quest for player with UID=0nsyEhm9INQy3se8y-fXlbMHVv4YsIXloUCLC2unDyo=
15:07:22.911 [Expansion Quests] Quest with ID=18 is not a a valid achievement or auto start quest. Skip quest for player with UID=0nsyEhm9INQy3se8y-fXlbMHVv4YsIXloUCLC2unDyo=
15:07:22.921 [Expansion Quests] Quest with ID=19 is not a a valid achievement or auto start quest. Skip quest for player with UID=0nsyEhm9INQy3se8y-fXlbMHVv4YsIXloUCLC2unDyo=
15:07:22.932 [Expansion Quests] Quest with ID=20 is not a a valid achievement or auto start quest. Skip quest for player with UID=0nsyEhm9INQy3se8y-fXlbMHVv4YsIXloUCLC2unDyo=
15:07:22.942 [Expansion Quests] Quest with ID=21 is not a a valid achievement or auto start quest. Skip quest for player with UID=0nsyEhm9INQy3se8y-fXlbMHVv4YsIXloUCLC2unDyo=
15:07:22.953 [Expansion Quests] Quest with ID=22 is not a a valid achievement or auto start quest. Skip quest for player with UID=0nsyEhm9INQy3se8y-fXlbMHVv4YsIXloUCLC2unDyo=
15:07:22.963 [Expansion Quests] Quest with ID=23 is not a a valid achievement or auto start quest. Skip quest for player with UID=0nsyEhm9INQy3se8y-fXlbMHVv4YsIXloUCLC2unDyo=
15:07:22.974 [Expansion Quests] Quest with ID=24 is not a a valid achievement or auto start quest. Skip quest for player with UID=0nsyEhm9INQy3se8y-fXlbMHVv4YsIXloUCLC2unDyo=
15:07:23.051 [Expansion Quests] Sending 0nsyEhm9INQy3se8y-fXlbMHVv4YsIXloUCLC2unDyo= quest configs to client for player with UID=0nsyEhm9INQy3se8y-fXlbMHVv4YsIXloUCLC2unDyo=
15:07:23.061 [Expansion Quests] Sending player quest data for 4 quests to player with UID=0nsyEhm9INQy3se8y-fXlbMHVv4YsIXloUCLC2unDyo=
15:07:23.078 [AI Object Patrol 00026] Spawning 3 East bots at <7790.024414, 346.205170, 988.097534>
15:07:23.116 [AI Object Patrol 00026] Global patrol count: 4
15:07:23.126 [AI Object Patrol 00026] HelicopterWreck category patrol count: 1
15:08:48.974 [VehicleEnter] Player "snake" (id=0nsyEhm9INQy3se8y-fXlbMHVv4YsIXloUCLC2unDyo=) entered vehicle Gyrocopter (id=961DFC0DD54BCF458A74E6A5EF960114 pos=<8344.1, 334.75, 1638.87>) as pilot
15:08:51.074 [VehicleLeave] Player "snake" (id=0nsyEhm9INQy3se8y-fXlbMHVv4YsIXloUCLC2unDyo=) left vehicle Gyrocopter (id=961DFC0DD54BCF458A74E6A5EF960114 pos=<8344.1, 334.75, 1638.86>)
15:09:19.101 [AI Object Patrol 00022] Despawning 2 West bots (spawn position <5549.283203, 418.025970, 3680.681396>, 0/2 deceased)
15:09:19.235 [AI Object Patrol 00022] Global patrol count: 3
15:09:19.266 [AI Object Patrol 00022] ContaminatedArea category patrol count: 1
15:09:19.329 [AI Object Patrol 00023] Despawning 2 West bots (spawn position <6108.752930, 387.240601, 4092.308350>, 0/2 deceased)
15:09:19.436 [AI Object Patrol 00023] Global patrol count: 2
15:09:19.596 [AI Object Patrol 00023] ContaminatedArea category patrol count: 0
15:10:36.063 [AI Object Patrol 00032] Spawning 3 West bots at <8903.806641, 473.300781, 2003.059448>
15:10:36.102 [AI Object Patrol 00032] Global patrol count: 3
15:10:36.112 [AI Object Patrol 00032] ContaminatedArea category patrol count: 1
15:13:42.331 [Expansion Quests] Deleted quest with ID=8 is a of player with UID=0nsyEhm9INQy3se8y-fXlbMHVv4YsIXloUCLC2unDyo=.
15:13:42.340 [Expansion Quests] Deleted quest with ID=9 is a of player with UID=0nsyEhm9INQy3se8y-fXlbMHVv4YsIXloUCLC2unDyo=.
15:13:42.350 [Expansion Quests] Deleted quest with ID=11 is a of player with UID=0nsyEhm9INQy3se8y-fXlbMHVv4YsIXloUCLC2unDyo=.
15:14:41.966 [Expansion Quests] Initialize quest system on the connected client with UID=0nsyEhm9INQy3se8y-fXlbMHVv4YsIXloUCLC2unDyo=
15:14:42.350 [Expansion Quests] Loaded existing player quest data for player with UID=0nsyEhm9INQy3se8y-fXlbMHVv4YsIXloUCLC2unDyo=
15:14:42.360 [Expansion Quests] Check quest initialization for quest with ID=8 | State=STARTED | Player UID=0nsyEhm9INQy3se8y-fXlbMHVv4YsIXloUCLC2unDyo=
15:14:42.370 [Expansion Quests] Create new quest instance for quest with ID=8 | Player UID=0nsyEhm9INQy3se8y-fXlbMHVv4YsIXloUCLC2unDyo=
15:14:42.380 [Expansion Quests] Check quest initialization for quest with ID=9 | State=STARTED | Player UID=0nsyEhm9INQy3se8y-fXlbMHVv4YsIXloUCLC2unDyo=
15:14:42.390 [Expansion Quests] Create new quest instance for quest with ID=9 | Player UID=0nsyEhm9INQy3se8y-fXlbMHVv4YsIXloUCLC2unDyo=
15:14:42.400 [Expansion Quests] Check quest initialization for quest with ID=11 | State=STARTED | Player UID=0nsyEhm9INQy3se8y-fXlbMHVv4YsIXloUCLC2unDyo=
15:14:42.409 [Expansion Quests] Create new quest instance for quest with ID=11 | Player UID=0nsyEhm9INQy3se8y-fXlbMHVv4YsIXloUCLC2unDyo=
15:14:42.419 [Expansion Quests] Check quest initialization for quest with ID=14 | State=COMPLETED | Player UID=0nsyEhm9INQy3se8y-fXlbMHVv4YsIXloUCLC2unDyo=
15:14:42.428 [Expansion Quests] Quest with ID=1 is not a a valid achievement or auto start quest. Skip quest for player with UID=0nsyEhm9INQy3se8y-fXlbMHVv4YsIXloUCLC2unDyo=
15:14:42.438 [Expansion Quests] Quest with ID=2 is not a a valid achievement or auto start quest. Skip quest for player with UID=0nsyEhm9INQy3se8y-fXlbMHVv4YsIXloUCLC2unDyo=
15:14:42.447 [Expansion Quests] Quest with ID=3 is not a a valid achievement or auto start quest. Skip quest for player with UID=0nsyEhm9INQy3se8y-fXlbMHVv4YsIXloUCLC2unDyo=
15:14:42.457 [Expansion Quests] Quest with ID=4 is not a a valid achievement or auto start quest. Skip quest for player with UID=0nsyEhm9INQy3se8y-fXlbMHVv4YsIXloUCLC2unDyo=
15:14:42.466 [Expansion Quests] Quest with ID=5 is not a a valid achievement or auto start quest. Skip quest for player with UID=0nsyEhm9INQy3se8y-fXlbMHVv4YsIXloUCLC2unDyo=
15:14:42.475 [Expansion Quests] Quest with ID=6 is not a a valid achievement or auto start quest. Skip quest for player with UID=0nsyEhm9INQy3se8y-fXlbMHVv4YsIXloUCLC2unDyo=
15:14:42.485 [Expansion Quests] Quest with ID=7 is not a a valid achievement or auto start quest. Skip quest for player with UID=0nsyEhm9INQy3se8y-fXlbMHVv4YsIXloUCLC2unDyo=
15:14:42.495 [Expansion Quests] Quest with ID=10 is not a a valid achievement or auto start quest. Skip quest for player with UID=0nsyEhm9INQy3se8y-fXlbMHVv4YsIXloUCLC2unDyo=
15:14:42.504 [Expansion Quests] Quest with ID=12 is not a a valid achievement or auto start quest. Skip quest for player with UID=0nsyEhm9INQy3se8y-fXlbMHVv4YsIXloUCLC2unDyo=
15:14:42.513 [Expansion Quests] Quest with ID=13 is not a a valid achievement or auto start quest. Skip quest for player with UID=0nsyEhm9INQy3se8y-fXlbMHVv4YsIXloUCLC2unDyo=
15:14:42.523 [Expansion Quests] Quest with ID=15 is not a a valid achievement or auto start quest. Skip quest for player with UID=0nsyEhm9INQy3se8y-fXlbMHVv4YsIXloUCLC2unDyo=
15:14:42.533 [Expansion Quests] Quest with ID=16 is not a a valid achievement or auto start quest. Skip quest for player with UID=0nsyEhm9INQy3se8y-fXlbMHVv4YsIXloUCLC2unDyo=
15:14:42.542 [Expansion Quests] Quest with ID=17 is not a a valid achievement or auto start quest. Skip quest for player with UID=0nsyEhm9INQy3se8y-fXlbMHVv4YsIXloUCLC2unDyo=
15:14:42.551 [Expansion Quests] Quest with ID=18 is not a a valid achievement or auto start quest. Skip quest for player with UID=0nsyEhm9INQy3se8y-fXlbMHVv4YsIXloUCLC2unDyo=
15:14:42.560 [Expansion Quests] Quest with ID=19 is not a a valid achievement or auto start quest. Skip quest for player with UID=0nsyEhm9INQy3se8y-fXlbMHVv4YsIXloUCLC2unDyo=
15:14:42.570 [Expansion Quests] Quest with ID=20 is not a a valid achievement or auto start quest. Skip quest for player with UID=0nsyEhm9INQy3se8y-fXlbMHVv4YsIXloUCLC2unDyo=
15:14:42.579 [Expansion Quests] Quest with ID=21 is not a a valid achievement or auto start quest. Skip quest for player with UID=0nsyEhm9INQy3se8y-fXlbMHVv4YsIXloUCLC2unDyo=
15:14:42.589 [Expansion Quests] Quest with ID=22 is not a a valid achievement or auto start quest. Skip quest for player with UID=0nsyEhm9INQy3se8y-fXlbMHVv4YsIXloUCLC2unDyo=
15:14:42.598 [Expansion Quests] Quest with ID=23 is not a a valid achievement or auto start quest. Skip quest for player with UID=0nsyEhm9INQy3se8y-fXlbMHVv4YsIXloUCLC2unDyo=
15:14:42.607 [Expansion Quests] Quest with ID=24 is not a a valid achievement or auto start quest. Skip quest for player with UID=0nsyEhm9INQy3se8y-fXlbMHVv4YsIXloUCLC2unDyo=
15:14:42.687 [Expansion Quests] Sending 0nsyEhm9INQy3se8y-fXlbMHVv4YsIXloUCLC2unDyo= quest configs to client for player with UID=0nsyEhm9INQy3se8y-fXlbMHVv4YsIXloUCLC2unDyo=
15:14:42.697 [Expansion Quests] Sending player quest data for 4 quests to player with UID=0nsyEhm9INQy3se8y-fXlbMHVv4YsIXloUCLC2unDyo=
15:18:55.881 [Expansion Quests] Deleted quest with ID=8 is a of player with UID=0nsyEhm9INQy3se8y-fXlbMHVv4YsIXloUCLC2unDyo=.
15:18:55.891 [Expansion Quests] Deleted quest with ID=9 is a of player with UID=0nsyEhm9INQy3se8y-fXlbMHVv4YsIXloUCLC2unDyo=.
15:18:55.902 [Expansion Quests] Deleted quest with ID=11 is a of player with UID=0nsyEhm9INQy3se8y-fXlbMHVv4YsIXloUCLC2unDyo=.
15:20:32.157 [AI Object Patrol 00026] Despawning 3 East bots (spawn position <7790.024414, 346.205170, 988.097534>, 0/3 deceased)
15:20:32.167 [AI Object Patrol 00026] Global patrol count: 2
15:20:32.177 [AI Object Patrol 00026] HelicopterWreck category patrol count: 0
15:25:07.378 [AI Object Patrol 00032] Despawning 3 West bots (spawn position <8903.806641, 473.300781, 2003.059448>, 0/3 deceased)
15:25:07.388 [AI Object Patrol 00032] Global patrol count: 1
15:25:07.397 [AI Object Patrol 00032] ContaminatedArea category patrol count: 0
16:10:34.970 [Party] Player "PoiiZoner3" (id=cZC_vl4onJwtCEZaOtA89yPcwyGnN7Qy01WI28TQhbU=) left the party "Dragon Shadowed" (id=4 ownerUID=cZC_vl4onJwtCEZaOtA89yPcwyGnN7Qy01WI28TQhbU= ownerName=PoiiZoner3)
16:10:34.980 [Expansion Quests] Deleted quest with ID=8 is a of player with UID=cZC_vl4onJwtCEZaOtA89yPcwyGnN7Qy01WI28TQhbU=.
16:10:34.990 [Expansion Quests] Deleted quest with ID=9 is a of player with UID=cZC_vl4onJwtCEZaOtA89yPcwyGnN7Qy01WI28TQhbU=.
16:10:35.000 [Expansion Quests] Deleted quest with ID=11 is a of player with UID=cZC_vl4onJwtCEZaOtA89yPcwyGnN7Qy01WI28TQhbU=.
16:18:15.068 [MissionAirdrop] An airdrop is heading towards "Kolembrody" (pos=<8676.000000, 0.000000, 12114.000000> type=Random_Kolembrody) with a ExpansionAirdropContainer_Military
16:47:21.155 [Expansion Quests] Initialize quest system on the connected client with UID=wvhHOzdrtpIguVWymckDHtFfQcLi1rp3tRjwamgpvBQ=
16:47:22.221 [Expansion Quests] Loaded existing player quest data for player with UID=wvhHOzdrtpIguVWymckDHtFfQcLi1rp3tRjwamgpvBQ=
16:47:22.231 [Expansion Quests] Check quest initialization for quest with ID=8 | State=STARTED | Player UID=wvhHOzdrtpIguVWymckDHtFfQcLi1rp3tRjwamgpvBQ=
16:47:22.240 [Expansion Quests] Create new quest instance for quest with ID=8 | Player UID=wvhHOzdrtpIguVWymckDHtFfQcLi1rp3tRjwamgpvBQ=
16:47:22.251 [Expansion Quests] Check quest initialization for quest with ID=9 | State=STARTED | Player UID=wvhHOzdrtpIguVWymckDHtFfQcLi1rp3tRjwamgpvBQ=
16:47:22.261 [Expansion Quests] Create new quest instance for quest with ID=9 | Player UID=wvhHOzdrtpIguVWymckDHtFfQcLi1rp3tRjwamgpvBQ=
16:47:22.271 [Expansion Quests] Check quest initialization for quest with ID=11 | State=STARTED | Player UID=wvhHOzdrtpIguVWymckDHtFfQcLi1rp3tRjwamgpvBQ=
16:47:22.281 [Expansion Quests] Create new quest instance for quest with ID=11 | Player UID=wvhHOzdrtpIguVWymckDHtFfQcLi1rp3tRjwamgpvBQ=
16:47:22.291 [Expansion Quests] Check quest initialization for quest with ID=14 | State=COMPLETED | Player UID=wvhHOzdrtpIguVWymckDHtFfQcLi1rp3tRjwamgpvBQ=
16:47:22.300 [Expansion Quests] Quest with ID=1 is not a a valid achievement or auto start quest. Skip quest for player with UID=wvhHOzdrtpIguVWymckDHtFfQcLi1rp3tRjwamgpvBQ=
16:47:22.311 [Expansion Quests] Quest with ID=2 is not a a valid achievement or auto start quest. Skip quest for player with UID=wvhHOzdrtpIguVWymckDHtFfQcLi1rp3tRjwamgpvBQ=
16:47:22.321 [Expansion Quests] Quest with ID=3 is not a a valid achievement or auto start quest. Skip quest for player with UID=wvhHOzdrtpIguVWymckDHtFfQcLi1rp3tRjwamgpvBQ=
16:47:22.330 [Expansion Quests] Quest with ID=4 is not a a valid achievement or auto start quest. Skip quest for player with UID=wvhHOzdrtpIguVWymckDHtFfQcLi1rp3tRjwamgpvBQ=
16:47:22.340 [Expansion Quests] Quest with ID=5 is not a a valid achievement or auto start quest. Skip quest for player with UID=wvhHOzdrtpIguVWymckDHtFfQcLi1rp3tRjwamgpvBQ=
16:47:22.350 [Expansion Quests] Quest with ID=6 is not a a valid achievement or auto start quest. Skip quest for player with UID=wvhHOzdrtpIguVWymckDHtFfQcLi1rp3tRjwamgpvBQ=
16:47:22.360 [Expansion Quests] Quest with ID=7 is not a a valid achievement or auto start quest. Skip quest for player with UID=wvhHOzdrtpIguVWymckDHtFfQcLi1rp3tRjwamgpvBQ=
16:47:22.370 [Expansion Quests] Quest with ID=10 is not a a valid achievement or auto start quest. Skip quest for player with UID=wvhHOzdrtpIguVWymckDHtFfQcLi1rp3tRjwamgpvBQ=
16:47:22.380 [Expansion Quests] Quest with ID=12 is not a a valid achievement or auto start quest. Skip quest for player with UID=wvhHOzdrtpIguVWymckDHtFfQcLi1rp3tRjwamgpvBQ=
16:47:22.390 [Expansion Quests] Quest with ID=13 is not a a valid achievement or auto start quest. Skip quest for player with UID=wvhHOzdrtpIguVWymckDHtFfQcLi1rp3tRjwamgpvBQ=
16:47:22.399 [Expansion Quests] Quest with ID=15 is not a a valid achievement or auto start quest. Skip quest for player with UID=wvhHOzdrtpIguVWymckDHtFfQcLi1rp3tRjwamgpvBQ=
16:47:22.410 [Expansion Quests] Quest with ID=16 is not a a valid achievement or auto start quest. Skip quest for player with UID=wvhHOzdrtpIguVWymckDHtFfQcLi1rp3tRjwamgpvBQ=
16:47:22.419 [Expansion Quests] Quest with ID=17 is not a a valid achievement or auto start quest. Skip quest for player with UID=wvhHOzdrtpIguVWymckDHtFfQcLi1rp3tRjwamgpvBQ=
16:47:22.430 [Expansion Quests] Quest with ID=18 is not a a valid achievement or auto start quest. Skip quest for player with UID=wvhHOzdrtpIguVWymckDHtFfQcLi1rp3tRjwamgpvBQ=
16:47:22.440 [Expansion Quests] Quest with ID=19 is not a a valid achievement or auto start quest. Skip quest for player with UID=wvhHOzdrtpIguVWymckDHtFfQcLi1rp3tRjwamgpvBQ=
16:47:22.449 [Expansion Quests] Quest with ID=20 is not a a valid achievement or auto start quest. Skip quest for player with UID=wvhHOzdrtpIguVWymckDHtFfQcLi1rp3tRjwamgpvBQ=
16:47:22.459 [Expansion Quests] Quest with ID=21 is not a a valid achievement or auto start quest. Skip quest for player with UID=wvhHOzdrtpIguVWymckDHtFfQcLi1rp3tRjwamgpvBQ=
16:47:22.468 [Expansion Quests] Quest with ID=22 is not a a valid achievement or auto start quest. Skip quest for player with UID=wvhHOzdrtpIguVWymckDHtFfQcLi1rp3tRjwamgpvBQ=
16:47:22.478 [Expansion Quests] Quest with ID=23 is not a a valid achievement or auto start quest. Skip quest for player with UID=wvhHOzdrtpIguVWymckDHtFfQcLi1rp3tRjwamgpvBQ=
16:47:22.488 [Expansion Quests] Quest with ID=24 is not a a valid achievement or auto start quest. Skip quest for player with UID=wvhHOzdrtpIguVWymckDHtFfQcLi1rp3tRjwamgpvBQ=
16:47:22.567 [Expansion Quests] Sending wvhHOzdrtpIguVWymckDHtFfQcLi1rp3tRjwamgpvBQ= quest configs to client for player with UID=wvhHOzdrtpIguVWymckDHtFfQcLi1rp3tRjwamgpvBQ=
16:47:22.577 [Expansion Quests] Sending player quest data for 4 quests to player with UID=wvhHOzdrtpIguVWymckDHtFfQcLi1rp3tRjwamgpvBQ=
16:48:20.987 [VehicleEnter] Player "MeltingHolster" (id=wvhHOzdrtpIguVWymckDHtFfQcLi1rp3tRjwamgpvBQ=) entered vehicle Merlin (id=489EF7186D4DFC2EECDE47AFE6649F9E pos=<6133.18, 388.3, 1674.39>) as pilot
16:48:28.204 [VehicleLeave] Player "MeltingHolster" (id=wvhHOzdrtpIguVWymckDHtFfQcLi1rp3tRjwamgpvBQ=) left vehicle Merlin (id=489EF7186D4DFC2EECDE47AFE6649F9E pos=<6133.2, 388.3, 1674.39>)
16:49:32.289 [VehicleEnter] Player "MeltingHolster" (id=wvhHOzdrtpIguVWymckDHtFfQcLi1rp3tRjwamgpvBQ=) entered vehicle Merlin (id=489EF7186D4DFC2EECDE47AFE6649F9E pos=<6133.2, 388.3, 1674.39>) as pilot
16:50:16.819 [VehicleEngine] Player "MeltingHolster" (id=wvhHOzdrtpIguVWymckDHtFfQcLi1rp3tRjwamgpvBQ=) started vehicle Merlin (id=489EF7186D4DFC2EECDE47AFE6649F9E pos=<6133.3, 388.29, 1674.39>)
16:52:20.361 [AI Object Patrol 00053] Spawning 1 West bots at <3831.137207, 460.797363, 732.310669>
16:52:20.471 [AI Object Patrol 00053] Global patrol count: 2
16:52:20.568 [AI Object Patrol 00053] HelicopterWreck category patrol count: 1
16:53:38.960 [VehicleEngine] Player "MeltingHolster" (id=wvhHOzdrtpIguVWymckDHtFfQcLi1rp3tRjwamgpvBQ=) stopped vehicle Merlin (id=489EF7186D4DFC2EECDE47AFE6649F9E pos=<4440.67, 471.98, 479.04>)
16:53:48.033 [VehicleLeave] Player "MeltingHolster" (id=wvhHOzdrtpIguVWymckDHtFfQcLi1rp3tRjwamgpvBQ=) left vehicle Merlin (id=489EF7186D4DFC2EECDE47AFE6649F9E pos=<4441.34, 471.91, 479.58>)
17:06:50.130 [Expansion Quests] Deleted quest with ID=8 is a of player with UID=wvhHOzdrtpIguVWymckDHtFfQcLi1rp3tRjwamgpvBQ=.
17:06:50.139 [Expansion Quests] Deleted quest with ID=9 is a of player with UID=wvhHOzdrtpIguVWymckDHtFfQcLi1rp3tRjwamgpvBQ=.
17:06:50.149 [Expansion Quests] Deleted quest with ID=11 is a of player with UID=wvhHOzdrtpIguVWymckDHtFfQcLi1rp3tRjwamgpvBQ=.
17:16:48.999 [AI Object Patrol 00053] Despawning 1 West bots (spawn position <3831.137207, 460.797363, 732.310669>, 0/1 deceased)
17:16:49.010 [AI Object Patrol 00053] Global patrol count: 1
17:16:49.020 [AI Object Patrol 00053] HelicopterWreck category patrol count: 0
