09:49:00.938 [AI Patrol 00016] Spawning 3 West bots at <7237.665527, 294.691071, 3003.446289>
09:49:09.779 [AI Patrol 00016] Global patrol count: 1
09:49:09.791 [AI Patrol 00016] Patrol category patrol count: 1
09:49:09.803 [AI Patrol 00015] Spawning 2 East bots at <7592.726563, 298.091583, 2679.108643>
09:49:09.840 [AI Patrol 00015] Global patrol count: 2
09:49:09.851 [AI Patrol 00015] Patrol category patrol count: 2
09:51:04.795 [BaseBuildingRaiding] ------------------------- Expansion Base Raiding Damage Report -------------------------
09:51:04.810 [BaseBuildingRaiding] Player "Survivor" (id=0nsyEhm9INQy3se8y-fXlbMHVv4YsIXloUCLC2unDyo= pos=<8345.68, 332.49, 1625.41>) damaged ExpansionWall6x3 at <8345.96, 331.46, 1624.99>
09:51:04.821 [BaseBuildingRaiding] They dealt 80 * 1 = 80 damage with Bullet_762x39 from AKM
09:51:04.831 [BaseBuildingRaiding] GlobalHealth hitpoints decreased from 29290 to 29210
09:51:04.841 [BaseBuildingRaiding] ----------------------------------------------------------------------------------------
09:51:05.511 [BaseBuildingRaiding] ------------------------- Expansion Base Raiding Damage Report -------------------------
09:51:05.521 [BaseBuildingRaiding] Player "Survivor" (id=0nsyEhm9INQy3se8y-fXlbMHVv4YsIXloUCLC2unDyo= pos=<8345.68, 332.49, 1625.41>) damaged ExpansionWall6x3 at <8345.96, 331.46, 1624.99>
09:51:05.531 [BaseBuildingRaiding] They dealt 80 * 1 = 80 damage with Bullet_762x39 from AKM
09:51:05.541 [BaseBuildingRaiding] GlobalHealth hitpoints decreased from 29210 to 29130
09:51:05.552 [BaseBuildingRaiding] ----------------------------------------------------------------------------------------
09:51:06.116 [BaseBuildingRaiding] ------------------------- Expansion Base Raiding Damage Report -------------------------
09:51:06.127 [BaseBuildingRaiding] Player "Survivor" (id=0nsyEhm9INQy3se8y-fXlbMHVv4YsIXloUCLC2unDyo= pos=<8345.68, 332.49, 1625.41>) damaged ExpansionWall6x3 at <8345.96, 331.46, 1624.99>
09:51:06.137 [BaseBuildingRaiding] They dealt 80 * 1 = 80 damage with Bullet_762x39 from AKM
09:51:06.147 [BaseBuildingRaiding] GlobalHealth hitpoints decreased from 29130 to 29050
09:51:06.157 [BaseBuildingRaiding] ----------------------------------------------------------------------------------------
09:57:40.383 [VehicleEnter] Player "Survivor" (id=0nsyEhm9INQy3se8y-fXlbMHVv4YsIXloUCLC2unDyo=) entered vehicle Gyrocopter (id=961DFC0DD54BCF458A74E6A5EF960114 pos=<8341.55, 334.75, 1639.19>) as pilot
09:57:42.691 [VehicleEngine] Player "Survivor" (id=0nsyEhm9INQy3se8y-fXlbMHVv4YsIXloUCLC2unDyo=) started vehicle Gyrocopter (id=961DFC0DD54BCF458A74E6A5EF960114 pos=<8341.55, 334.75, 1639.18>)
09:58:55.565 [VehicleEngine] Player "NULL" (id=NULL) stopped vehicle Gyrocopter (id=961DFC0DD54BCF458A74E6A5EF960114 pos=<8336.85, 336.47, 1641.06>)
09:58:55.578 [VehicleLeave] Player "Survivor" (id=0nsyEhm9INQy3se8y-fXlbMHVv4YsIXloUCLC2unDyo=) left vehicle Gyrocopter (id=961DFC0DD54BCF458A74E6A5EF960114 pos=<8336.85, 336.47, 1641.06>)
09:59:41.645 [VehicleEnter] Player "Survivor" (id=0nsyEhm9INQy3se8y-fXlbMHVv4YsIXloUCLC2unDyo=) entered vehicle Gyrocopter (id=961DFC0DD54BCF458A74E6A5EF960114 pos=<8336.91, 335.81, 1640.94>) as pilot
09:59:43.532 [VehicleEngine] Player "Survivor" (id=0nsyEhm9INQy3se8y-fXlbMHVv4YsIXloUCLC2unDyo=) started vehicle Gyrocopter (id=961DFC0DD54BCF458A74E6A5EF960114 pos=<8336.91, 335.81, 1640.92>)
10:00:08.289 [VehicleLeave] Player "Survivor" (id=0nsyEhm9INQy3se8y-fXlbMHVv4YsIXloUCLC2unDyo=) left vehicle Gyrocopter (id=961DFC0DD54BCF458A74E6A5EF960114 pos=<8341.57, 334.77, 1640.49>)
10:00:16.531 [VehicleEnter] Player "Survivor" (id=0nsyEhm9INQy3se8y-fXlbMHVv4YsIXloUCLC2unDyo=) entered vehicle Gyrocopter (id=961DFC0DD54BCF458A74E6A5EF960114 pos=<8341.57, 334.77, 1640.49>) as pilot
10:00:18.867 [VehicleEngine] Player "NULL" (id=NULL) stopped vehicle Gyrocopter (id=961DFC0DD54BCF458A74E6A5EF960114 pos=<8341.57, 334.77, 1640.49>)
10:00:18.890 [VehicleLeave] Player "Survivor" (id=0nsyEhm9INQy3se8y-fXlbMHVv4YsIXloUCLC2unDyo=) left vehicle Gyrocopter (id=961DFC0DD54BCF458A74E6A5EF960114 pos=<8341.57, 334.77, 1640.49>)
