16:40:40.276 [AI Patrol 00016] Spawning 1 East bots at <7396.939941, 287.159576, 2570.843994>
16:40:47.966 [AI Patrol 00016] Global patrol count: 1
16:40:47.976 [AI Patrol 00016] Patrol category patrol count: 1
16:40:47.986 [AI Patrol 00017] Spawning 2 West bots at <7552.812988, 289.264984, 2597.531494>
16:40:48.017 [AI Patrol 00017] Global patrol count: 2
16:40:48.027 [AI Patrol 00017] Patrol category patrol count: 2
16:47:09.851 [Chat - Global]("Snake"(id=0nsyEhm9INQy3se8y-fXlbMHVv4YsIXloUCLC2unDyo=)): update was good!
16:47:22.962 [Chat - Global]("Bad Boy"(id=7EOOpe6Cv8QB45p22zWB29TPheQCYualmurDzSA3CR0=)): What was the update?
16:49:42.357 [Chat - Global]("Snake"(id=0nsyEhm9INQy3se8y-fXlbMHVv4YsIXloUCLC2unDyo=)): bunker wasnt spawning any of the new guns so it sucked
16:49:51.962 [Chat - Global]("Bad Boy"(id=7EOOpe6Cv8QB45p22zWB29TPheQCYualmurDzSA3CR0=)): oh dope.
16:49:58.277 [Chat - Global]("Bad Boy"(id=7EOOpe6Cv8QB45p22zWB29TPheQCYualmurDzSA3CR0=)): So good stuff now?
16:50:01.053 [Chat - Global]("Snake"(id=0nsyEhm9INQy3se8y-fXlbMHVv4YsIXloUCLC2unDyo=)): and now residential areas also have the expanded windstrides clothing for more swa
16:50:07.029 [Chat - Global]("Snake"(id=0nsyEhm9INQy3se8y-fXlbMHVv4YsIXloUCLC2unDyo=)): yes, and next ill add zombies to it
16:58:25.298 [AI Patrol 00016] East bots were wiped out (spawn position <7396.939941, 287.159576, 2570.843994>, 1/1 deceased)
16:58:25.308 [AI Patrol 00016] Global patrol count: 1
16:58:25.318 [AI Patrol 00016] Patrol category patrol count: 1
17:08:20.911 [AI Patrol 00017] Despawning 2 West bots (spawn position <7552.812988, 289.264984, 2597.531494>, 0/2 deceased)
17:08:20.922 [AI Patrol 00017] Global patrol count: 0
17:08:20.932 [AI Patrol 00017] Patrol category patrol count: 0
17:12:01.561 [Chat - Global]("Snake"(id=0nsyEhm9INQy3se8y-fXlbMHVv4YsIXloUCLC2unDyo=)): man this bunker is about to be lit
