06:12:38.372 [MissionAirdrop] An airdrop is heading towards "Kolembrody" (pos=<8676.000000, 0.000000, 12114.000000> type=Random_Kolembrody) with a ExpansionAirdropContainer_Medical
07:40:52.440 [MissionAirdrop] An airdrop is heading towards "Brena" (pos=<6692.000000, 0.000000, 11442.000000> type=Random_Brena) with a ExpansionAirdropContainer_Military
09:08:58.265 [VehicleDestroyed] Boat_01_Blue (id=DAD970FC4B4A8C9CFF4D1FB1ACA550DE pos=<3248.03, 169.79, 8948.28>)
09:08:58.275 [VehicleDestroyed] Boat_01_Blue (id=363A8C3E634C4446B33FF983CA764B65 pos=<8425, 169.81, 11872.5>)
09:08:58.285 [VehicleDestroyed] Boat_01_Black (id=9E17059C8745683E571DD79F560CFCB1 pos=<4127.28, 169.72, 8967.56>)
09:09:08.182 [MissionAirdrop] An airdrop is heading towards "Dolnik" (pos=<11491.000000, 0.000000, 763.000000> type=Random_Dolnik) with a ExpansionAirdropContainer_Basebuilding
09:12:48.274 [VehicleDestroyed] Boat_01_Orange (id=96D54228D74BA9B829330BB92DBC6EC9 pos=<5760.64, 169.75, 10177.7>)
09:26:04.771 [VehicleDestroyed] ExpansionUh1h_Medical (id=C22C271836450B142CE9838BDDD51B79 pos=<1228.18, 169.14, 7566.18>)
09:26:14.860 [VehicleDestroyed] ExpansionUh1h_Medical (id=A5A9F57297459D8771F6D6BA4CA2876A pos=<7924.83, 169.31, 11834>)
09:29:55.172 [VehicleDeleted] Boat_01_Black (id=9E17059C8745683E571DD79F560CFCB1 pos=<4127.21, 168.69, 8967.6>)
09:29:55.183 [VehicleDeleted] Boat_01_Blue (id=DAD970FC4B4A8C9CFF4D1FB1ACA550DE pos=<3248.08, 169.5, 8948.28>)
09:29:55.193 [VehicleDeleted] Boat_01_Blue (id=363A8C3E634C4446B33FF983CA764B65 pos=<8424.97, 169.1, 11872.5>)
09:29:55.203 [VehicleDeleted] Boat_01_Orange (id=96D54228D74BA9B829330BB92DBC6EC9 pos=<5760.64, 169.42, 10177.5>)
09:32:15.821 [VehicleDeleted] ExpansionUh1h_Medical (id=C22C271836450B142CE9838BDDD51B79 pos=<1230.51, 168.75, 7567.04>)
09:32:43.775 [VehicleDeleted] ExpansionUh1h_Medical (id=A5A9F57297459D8771F6D6BA4CA2876A pos=<7924.83, 169.09, 11835>)
09:34:59.715 [VehicleDestroyed] ExpansionUh1h (id=0A09F576F147BF4ADC649EA0C49D6DA5 pos=<1228.14, 169.11, 7566.27>)
09:35:16.447 [VehicleDestroyed] ExpansionUh1h_Resistance (id=4786C7D1324BA4F094EF248A4A9F2201 pos=<7924.56, 169.37, 11833.5>)
10:38:55.802 [MissionAirdrop] An airdrop is heading towards "Brena" (pos=<6692.000000, 0.000000, 11442.000000> type=Random_Brena) with a ExpansionAirdropContainer_Military
12:07:12.531 [MissionAirdrop] An airdrop is heading towards "Nadbor" (pos=<5996.000000, 0.000000, 4513.000000> type=Random_Nadbor) with a ExpansionAirdropContainer_Basebuilding
13:07:21.803 [VehicleDeleted] ExpansionUh1h (id=0A09F576F147BF4ADC649EA0C49D6DA5 pos=<1235.19, 168.51, 7566.78>)
13:07:21.871 [VehicleDeleted] ExpansionUh1h_Resistance (id=4786C7D1324BA4F094EF248A4A9F2201 pos=<7924.95, 169.44, 11833.5>)
13:08:42.210 [VehicleDestroyed] ExpansionUh1h_Medical (id=1F6C1FF0C348001A0D867D8911E5EAD5 pos=<1228.15, 169.12, 7566.26>)
13:08:55.444 [VehicleDestroyed] ExpansionUh1h_Uber (id=3DBD5F4BCA46D57F56270FBC5E54C24D pos=<7924.89, 169.4, 11833.7>)
13:33:29.551 [MissionAirdrop] An airdrop is heading towards "Karlin" (pos=<9975.000000, 0.000000, 7242.000000> type=Random_Karlin) with a ExpansionAirdropContainer_Military
15:00:54.208 [MissionAirdrop] An airdrop is heading towards "Kolembrody" (pos=<8676.000000, 0.000000, 12114.000000> type=Random_Kolembrody) with a ExpansionAirdropContainer_Medical
16:27:21.380 [MissionAirdrop] An airdrop is heading towards "Muratyn" (pos=<4559.000000, 0.000000, 6852.000000> type=Random_Muratyn) with a ExpansionAirdropContainer
17:25:18.214 [VehicleDeleted] ExpansionUh1h_Medical (id=1F6C1FF0C348001A0D867D8911E5EAD5 pos=<1235.23, 168.47, 7566.89>)
17:25:45.990 [VehicleDeleted] ExpansionUh1h_Uber (id=3DBD5F4BCA46D57F56270FBC5E54C24D pos=<7927.27, 169.94, 11833.2>)
17:28:03.882 [VehicleDestroyed] ExpansionUh1h_Resistance (id=39FA824BC54D403E45EFB2A3070F262C pos=<1228.16, 169.12, 7566.25>)
17:28:13.488 [VehicleDestroyed] ExpansionUh1h_Uber (id=C1FA4E7BC04697DEE70D17B101C9BA2F pos=<7924.78, 169.31, 11833.9>)
17:45:35.975 [VehicleDeleted] ExpansionUh1h_Resistance (id=39FA824BC54D403E45EFB2A3070F262C pos=<1231.09, 168.6, 7567.46>)
17:46:03.762 [VehicleDeleted] ExpansionUh1h_Uber (id=C1FA4E7BC04697DEE70D17B101C9BA2F pos=<7926.41, 168.83, 11837.8>)
17:48:18.976 [VehicleDestroyed] ExpansionUh1h_Resistance (id=A412BEB93D44F31D4C11FD8F4883E2F1 pos=<1228.18, 169.14, 7566.17>)
17:48:31.772 [VehicleDestroyed] ExpansionUh1h_Resistance (id=B85B1858514E7E12ED398B96CC3C53F7 pos=<7924.73, 169.38, 11833.7>)
17:53:30.099 [MissionAirdrop] An airdrop is heading towards "Karlin" (pos=<9975.000000, 0.000000, 7242.000000> type=Random_Karlin) with a ExpansionAirdropContainer_Military
17:54:25.815 [VehicleDeleted] ExpansionUh1h_Resistance (id=A412BEB93D44F31D4C11FD8F4883E2F1 pos=<1230.56, 168.75, 7567.04>)
17:54:53.629 [VehicleDeleted] ExpansionUh1h_Resistance (id=B85B1858514E7E12ED398B96CC3C53F7 pos=<7924.48, 169.3, 11833.8>)
19:21:51.134 [MissionAirdrop] An airdrop is heading towards "Zapadlisko" (pos=<8399.000000, 0.000000, 8803.000000> type=Random_Zapadlisko) with a ExpansionAirdropContainer_Military
20:45:19.495 [MissionAirdrop] An airdrop is heading towards "NWAF" (pos=<3478.000000, 0.000000, 10130.000000> type=Random_NWAF) with a ExpansionAirdropContainer_Military
