01:29:57.564 [VehicleDestroyed] ExpansionUh1h_Resistance (id=520E85250E46B96CB5260FBCB9242A2E pos=<7924.97, 169.48, 11833.5>)
01:29:57.586 [VehicleDestroyed] ExpansionUh1h_Medical (id=F977C9DAE84F6D7C73320BA28C6644BD pos=<1229.7, 168.9, 7566.7>)
01:30:00.677 [VehicleDeleted] ExpansionUh1h_Resistance (id=EB12BCDEF64AD4EEB847AD959FA375FC pos=<7924.97, 169.48, 11833.5>)
01:30:00.687 [VehicleDeleted] ExpansionUh1h_Medical (id=0B0C786E1E4D9AE09B7487A76E76DAB0 pos=<1229.7, 168.9, 7566.7>)
01:30:45.957 [AI Object Patrol 00006] Spawning 1 East bots at <5506.378418, 386.275635, 4902.492676>
01:30:55.497 [AI Object Patrol 00006] Global patrol count: 1
01:30:55.507 [AI Object Patrol 00006] HelicopterWreck category patrol count: 1
01:30:55.516 [AI Patrol 00017] Spawning 3 West bots at <7439.016602, 287.311340, 2553.589600>
01:30:55.547 [AI Patrol 00017] Global patrol count: 2
01:30:55.558 [AI Patrol 00017] Patrol category patrol count: 1
01:30:55.568 [AI Patrol 00016] Spawning 1 East bots at <7583.104980, 291.995239, 2617.985352>
01:30:55.603 [AI Patrol 00016] Global patrol count: 3
01:30:55.613 [AI Patrol 00016] Patrol category patrol count: 2
01:31:06.917 [AI Object Patrol 00000] Spawning 3 East bots at <7283.091797, 261.605194, 8477.103516>
01:31:06.948 [AI Object Patrol 00000] Global patrol count: 4
01:31:06.957 [AI Object Patrol 00000] HelicopterWreck category patrol count: 2
01:32:45.861 [VehicleDestroyed] ExpansionUh1h (id=D8EC4DBC9D44317CDFE304864E22B8D2 pos=<1228.06, 169.14, 7566.2>)
01:33:02.721 [AI Object Patrol 00022] Spawning 2 West bots at <2477.268799, 394.625641, 5608.947754>
01:33:02.763 [AI Object Patrol 00022] Global patrol count: 5
01:33:02.773 [AI Object Patrol 00022] ContaminatedArea category patrol count: 1
01:33:09.431 [VehicleDestroyed] ExpansionUh1h_Medical (id=638B0C59D14677E6B6FEE5BC35DE94AB pos=<7925.66, 169.61, 11833.3>)
01:35:25.991 [VehicleDeleted] ExpansionUh1h (id=D8EC4DBC9D44317CDFE304864E22B8D2 pos=<1229.57, 168.9, 7566.71>)
01:39:21.361 [VehicleDeleted] ExpansionUh1h_Medical (id=638B0C59D14677E6B6FEE5BC35DE94AB pos=<7926.41, 169.19, 11836>)
01:41:36.437 [VehicleDestroyed] ExpansionUh1h_Medical (id=AAF987442E4F8F7FAA2AA0B32323348B pos=<1228.15, 169.12, 7566.24>)
01:41:52.412 [VehicleDestroyed] ExpansionUh1h_Resistance (id=B887975BE646DEABBA00B88C756DCDD0 pos=<7924.88, 169.4, 11833.6>)
01:43:00.955 [AI Object Patrol 00006] Despawning 1 East bots (spawn position <5506.378418, 386.275635, 4902.492676>, 0/1 deceased)
01:43:00.965 [AI Object Patrol 00006] Global patrol count: 4
01:43:00.974 [AI Object Patrol 00006] HelicopterWreck category patrol count: 1
01:43:48.646 [AI Object Patrol 00022] Despawning 2 West bots (spawn position <2477.268799, 394.625641, 5608.947754>, 0/2 deceased)
01:43:48.656 [AI Object Patrol 00022] Global patrol count: 3
01:43:48.665 [AI Object Patrol 00022] ContaminatedArea category patrol count: 0
01:47:45.875 [VehicleDeleted] ExpansionUh1h_Medical (id=AAF987442E4F8F7FAA2AA0B32323348B pos=<1230.4, 168.71, 7567.23>)
01:48:14.203 [VehicleDeleted] ExpansionUh1h_Resistance (id=B887975BE646DEABBA00B88C756DCDD0 pos=<7925.02, 169.45, 11833.6>)
01:48:51.153 [AI Patrol 00016] East bots were wiped out (spawn position <7583.104980, 291.995239, 2617.985352>, 1/1 deceased)
01:48:51.170 [AI Patrol 00016] Global patrol count: 2
01:48:51.182 [AI Patrol 00016] Patrol category patrol count: 1
01:50:27.389 [VehicleDestroyed] ExpansionUh1h_Medical (id=A9EBD761AF445075E6C9B4A52DF05B3D pos=<1228.18, 169.1, 7566.33>)
01:50:44.960 [VehicleDestroyed] ExpansionUh1h_Resistance (id=79C89B481643C99B5433B5BD64681DC1 pos=<7924.83, 169.45, 11833.5>)
01:54:40.360 [AI Object Patrol 00027] Spawning 1 West bots at <12278.991211, 297.089050, 6544.870605>
01:54:40.394 [AI Object Patrol 00027] Global patrol count: 3
01:54:40.405 [AI Object Patrol 00027] HelicopterWreck category patrol count: 2
01:56:36.423 [VehicleDeleted] ExpansionUh1h_Medical (id=A9EBD761AF445075E6C9B4A52DF05B3D pos=<1230.31, 168.7, 7567.32>)
01:57:04.486 [VehicleDeleted] ExpansionUh1h_Resistance (id=79C89B481643C99B5433B5BD64681DC1 pos=<7924.73, 169.45, 11833.4>)
01:58:13.223 [AI Patrol 00018] Spawning 1 Civilian bots at <6915.770996, 300.346680, 3306.981689>
01:58:13.432 [AI Patrol 00018] Global patrol count: 4
01:58:13.629 [AI Patrol 00018] Patrol category patrol count: 2
01:59:19.370 [VehicleDestroyed] ExpansionUh1h_Medical (id=9FB6A93C994096C2D444DEB3C8649335 pos=<1228.13, 169.11, 7566.28>)
01:59:35.842 [VehicleDestroyed] ExpansionUh1h_Medical (id=E4736E7D684C4D30806C798BBEBD73F6 pos=<7924.83, 169.38, 11833.6>)
02:00:07.437 [Chat - Global]("Snake"(id=0nsyEhm9INQy3se8y-fXlbMHVv4YsIXloUCLC2unDyo=)): yo dan
02:00:26.057 [Chat - Global]("Dan"(id=J3DN6WXzRjVAt4j_gUAEgL4v34hqtXpOtTWQ5nCMCS0=)): hi !
02:00:48.040 [Chat - Global]("Snake"(id=0nsyEhm9INQy3se8y-fXlbMHVv4YsIXloUCLC2unDyo=)): is it cool if i restart server? i made an update to the loot
02:00:59.380 [Chat - Global]("Dan"(id=J3DN6WXzRjVAt4j_gUAEgL4v34hqtXpOtTWQ5nCMCS0=)): yep, np
02:01:06.431 [Chat - Global]("Snake"(id=0nsyEhm9INQy3se8y-fXlbMHVv4YsIXloUCLC2unDyo=)): you might see fresh loot
02:01:10.585 [Chat - Global]("Snake"(id=0nsyEhm9INQy3se8y-fXlbMHVv4YsIXloUCLC2unDyo=)): after its done
02:01:13.987 [Chat - Global]("Snake"(id=0nsyEhm9INQy3se8y-fXlbMHVv4YsIXloUCLC2unDyo=)): kk itll be 3 mins
