00:08:28.551 [VehicleDestroyed] ExpansionUh1h_Uber (id=67B861D8704CB9ADF3371DA0B396A70C pos=<1229.8, 168.86, 7566.83>)
00:08:28.604 [VehicleDestroyed] ExpansionUh1h_Uber (id=CC6AB37D9544D1E1A92F12A5D6D6412B pos=<7925.12, 169.06, 11835.4>)
00:08:32.960 [VehicleDeleted] ExpansionUh1h_Uber (id=DD75E0D6CB4BCF03AB80A5B59F44AAD8 pos=<1229.8, 168.86, 7566.83>)
00:08:32.971 [VehicleDeleted] ExpansionUh1h_Uber (id=23DC8E7FD0420D1D243BF3A5797B8660 pos=<7925.12, 169.06, 11835.4>)
00:13:52.021 [MissionAirdrop] An airdrop is heading towards "Karlin" (pos=<9975.000000, 0.000000, 7242.000000> type=Random_Karlin) with a ExpansionAirdropContainer
00:30:29.790 [AI Patrol 00016] Spawning 2 East bots at <7434.191406, 301.024597, 2660.586182>
00:30:29.839 [AI Patrol 00016] Global patrol count: 1
00:30:29.849 [AI Patrol 00016] Patrol category patrol count: 1
00:30:29.860 [AI Patrol 00017] Spawning 2 West bots at <7469.379395, 287.421387, 2514.879639>
00:30:29.962 [AI Patrol 00017] Global patrol count: 2
00:30:29.972 [AI Patrol 00017] Patrol category patrol count: 2
00:32:08.821 [VehicleDestroyed] ExpansionUh1h_Uber (id=411FC832CB4D1DEF1F908780786DEDA2 pos=<1228.08, 169.14, 7566.2>)
00:32:21.317 [VehicleDestroyed] ExpansionUh1h_Resistance (id=1D9318B7574113251BDCDABF5A3FD9E9 pos=<7924.76, 169.35, 11833.7>)
00:38:18.652 [VehicleDeleted] ExpansionUh1h_Uber (id=411FC832CB4D1DEF1F908780786DEDA2 pos=<1230.24, 168.76, 7567.07>)
00:38:46.996 [VehicleDeleted] ExpansionUh1h_Resistance (id=1D9318B7574113251BDCDABF5A3FD9E9 pos=<7926.54, 169.24, 11835.9>)
00:41:02.105 [VehicleDestroyed] ExpansionUh1h_Medical (id=60FEEEC61D40766CEC51FD917CB43DE4 pos=<1228.15, 169.12, 7566.26>)
00:41:12.666 [VehicleDestroyed] ExpansionUh1h_Resistance (id=7135A3EA814D15043986B0BD75951E7E pos=<7925.03, 169.37, 11833.9>)
00:47:13.021 [VehicleDeleted] ExpansionUh1h_Medical (id=60FEEEC61D40766CEC51FD917CB43DE4 pos=<1230.31, 168.73, 7567.17>)
00:47:40.866 [VehicleDeleted] ExpansionUh1h_Resistance (id=7135A3EA814D15043986B0BD75951E7E pos=<7925.76, 169.09, 11835.8>)
00:49:55.448 [VehicleDestroyed] ExpansionUh1h (id=F717A162B643F0FF3B9313983DA92457 pos=<1228.18, 169.14, 7566.16>)
00:50:14.683 [VehicleDestroyed] ExpansionUh1h_Uber (id=4954E15B654EC881CCF494928F615BAC pos=<7925.02, 169.5, 11833.4>)
01:38:14.425 [AI Patrol 00016] East bots were wiped out (spawn position <7434.191406, 301.024597, 2660.586182>, 2/2 deceased)
01:38:14.439 [AI Patrol 00016] Global patrol count: 1
01:38:14.450 [AI Patrol 00016] Patrol category patrol count: 1
01:41:40.140 [MissionAirdrop] An airdrop is heading towards "Karlin" (pos=<9975.000000, 0.000000, 7242.000000> type=Random_Karlin) with a ExpansionAirdropContainer
01:48:10.112 [AI Patrol 00017] Despawning 1 West bots (spawn position <7469.379395, 287.421387, 2514.879639>, 1/2 deceased)
01:48:10.122 [AI Patrol 00017] Global patrol count: 0
01:48:10.132 [AI Patrol 00017] Patrol category patrol count: 0
03:07:28.420 [MissionAirdrop] An airdrop is heading towards "Karlin" (pos=<9975.000000, 0.000000, 7242.000000> type=Random_Karlin) with a ExpansionAirdropContainer
04:34:59.940 [MissionAirdrop] An airdrop is heading towards "Karlin" (pos=<9975.000000, 0.000000, 7242.000000> type=Random_Karlin) with a ExpansionAirdropContainer
06:02:58.883 [MissionAirdrop] An airdrop is heading towards "Muratyn" (pos=<4559.000000, 0.000000, 6852.000000> type=Random_Muratyn) with a ExpansionAirdropContainer_Basebuilding
