21:50:10.467 [AI Patrol 00015] Spawning 3 West bots at <7576.745117, 321.743958, 2740.784424>
21:50:19.059 [AI Patrol 00015] Global patrol count: 1
21:50:19.069 [AI Patrol 00015] Patrol category patrol count: 1
21:50:19.193 [AI Patrol 00014] Spawning 1 East bots at <7716.276855, 296.750000, 2733.706787>
21:50:19.228 [AI Patrol 00014] Global patrol count: 2
21:50:19.238 [AI Patrol 00014] Patrol category patrol count: 2
21:50:40.715 [VehicleEnter] Player "Survivor" (id=0nsyEhm9INQy3se8y-fXlbMHVv4YsIXloUCLC2unDyo=) entered vehicle UAZ 469 Cargo Roofless (id=878B4C6AEE4146F4FCBF22A711F98754 pos=<6457.29, 506.38, 522.95>) as driver
21:50:42.787 [VehicleEngine] Player "Survivor" (id=0nsyEhm9INQy3se8y-fXlbMHVv4YsIXloUCLC2unDyo=) started vehicle UAZ 469 Cargo Roofless (id=878B4C6AEE4146F4FCBF22A711F98754 pos=<6457.29, 506.38, 522.95>)
21:51:45.345 [AI Object Patrol 00022] Spawning 3 East bots at <8053.864746, 297.305695, 1478.631592>
21:51:45.381 [AI Object Patrol 00022] Global patrol count: 3
21:51:45.391 [AI Object Patrol 00022] HelicopterWreck category patrol count: 1
21:52:08.473 [AI Patrol 00014] East bots were wiped out (spawn position <7716.276855, 296.750000, 2733.706787>, 1/1 deceased)
21:52:08.483 [AI Patrol 00014] Global patrol count: 2
21:52:08.493 [AI Patrol 00014] Patrol category patrol count: 1
21:53:01.922 [VehicleEngine] Player "NULL" (id=NULL) stopped vehicle UAZ 469 Cargo Roofless (id=878B4C6AEE4146F4FCBF22A711F98754 pos=<8146.72, 287.69, 1349.54>)
21:53:01.970 [VehicleLeave] Player "Survivor" (id=0nsyEhm9INQy3se8y-fXlbMHVv4YsIXloUCLC2unDyo=) left vehicle UAZ 469 Cargo Roofless (id=878B4C6AEE4146F4FCBF22A711F98754 pos=<8146.72, 287.69, 1349.54>)
21:56:46.908 [VehicleEnter] Player "Survivor" (id=0nsyEhm9INQy3se8y-fXlbMHVv4YsIXloUCLC2unDyo=) entered vehicle UAZ 469 Cargo Roofless (id=878B4C6AEE4146F4FCBF22A711F98754 pos=<8146.72, 287.69, 1349.54>) as driver
21:56:51.542 [VehicleEngine] Player "Survivor" (id=0nsyEhm9INQy3se8y-fXlbMHVv4YsIXloUCLC2unDyo=) started vehicle UAZ 469 Cargo Roofless (id=878B4C6AEE4146F4FCBF22A711F98754 pos=<8146.72, 287.69, 1349.54>)
21:56:56.158 [VehicleEngine] Player "NULL" (id=NULL) stopped vehicle UAZ 469 Cargo Roofless (id=878B4C6AEE4146F4FCBF22A711F98754 pos=<8147.11, 287.49, 1350.17>)
21:56:56.194 [VehicleLeave] Player "Survivor" (id=0nsyEhm9INQy3se8y-fXlbMHVv4YsIXloUCLC2unDyo=) left vehicle UAZ 469 Cargo Roofless (id=878B4C6AEE4146F4FCBF22A711F98754 pos=<8147.11, 287.49, 1350.17>)
21:57:52.683 [VehicleEnter] Player "Survivor" (id=0nsyEhm9INQy3se8y-fXlbMHVv4YsIXloUCLC2unDyo=) entered vehicle UAZ 469 Cargo Roofless (id=878B4C6AEE4146F4FCBF22A711F98754 pos=<8147.11, 287.49, 1350.17>) as driver
21:57:53.836 [VehicleEngine] Player "Survivor" (id=0nsyEhm9INQy3se8y-fXlbMHVv4YsIXloUCLC2unDyo=) started vehicle UAZ 469 Cargo Roofless (id=878B4C6AEE4146F4FCBF22A711F98754 pos=<8147.11, 287.49, 1350.17>)
22:00:07.937 [VehicleEngine] Player "NULL" (id=NULL) stopped vehicle UAZ 469 Cargo Roofless (id=878B4C6AEE4146F4FCBF22A711F98754 pos=<8329.45, 322.23, 1632.2>)
22:00:07.948 [VehicleLeave] Player "Survivor" (id=0nsyEhm9INQy3se8y-fXlbMHVv4YsIXloUCLC2unDyo=) left vehicle UAZ 469 Cargo Roofless (id=878B4C6AEE4146F4FCBF22A711F98754 pos=<8329.45, 322.23, 1632.2>)
22:00:16.706 [VehicleEnter] Player "Survivor" (id=0nsyEhm9INQy3se8y-fXlbMHVv4YsIXloUCLC2unDyo=) entered vehicle UAZ 469 Cargo Roofless (id=878B4C6AEE4146F4FCBF22A711F98754 pos=<8329.45, 322.23, 1632.2>) as driver
22:00:19.031 [VehicleEngine] Player "Survivor" (id=0nsyEhm9INQy3se8y-fXlbMHVv4YsIXloUCLC2unDyo=) started vehicle UAZ 469 Cargo Roofless (id=878B4C6AEE4146F4FCBF22A711F98754 pos=<8329.45, 322.23, 1632.2>)
22:00:50.532 [VehicleEngine] Player "NULL" (id=NULL) stopped vehicle UAZ 469 Cargo Roofless (id=878B4C6AEE4146F4FCBF22A711F98754 pos=<8337.79, 322.63, 1644.68>)
22:00:50.567 [VehicleLeave] Player "Survivor" (id=0nsyEhm9INQy3se8y-fXlbMHVv4YsIXloUCLC2unDyo=) left vehicle UAZ 469 Cargo Roofless (id=878B4C6AEE4146F4FCBF22A711F98754 pos=<8337.79, 322.63, 1644.68>)
22:00:54.152 [VehicleEnter] Player "Survivor" (id=0nsyEhm9INQy3se8y-fXlbMHVv4YsIXloUCLC2unDyo=) entered vehicle UAZ 469 Cargo Roofless (id=878B4C6AEE4146F4FCBF22A711F98754 pos=<8337.79, 322.63, 1644.68>) as driver
22:00:55.834 [VehicleLeave] Player "Survivor" (id=0nsyEhm9INQy3se8y-fXlbMHVv4YsIXloUCLC2unDyo=) left vehicle UAZ 469 Cargo Roofless (id=878B4C6AEE4146F4FCBF22A711F98754 pos=<8337.79, 322.63, 1644.68>)
22:06:57.220 [BaseBuildingRaiding] ------------------------- Expansion Base Raiding Damage Report -------------------------
22:06:57.230 [BaseBuildingRaiding] Player "Survivor" (id=0nsyEhm9INQy3se8y-fXlbMHVv4YsIXloUCLC2unDyo= pos=<8336.16, 334.71, 1643.56>) damaged ExpansionFloor6x6 at <8334.65, 331.45, 1639.32>
22:06:57.240 [BaseBuildingRaiding] They dealt 160 * 1 = 160 damage with Bullet_308Win from SkyFall_SA58
22:06:57.250 [BaseBuildingRaiding] GlobalHealth hitpoints decreased from 30000 to 29840
22:06:57.259 [BaseBuildingRaiding] ----------------------------------------------------------------------------------------
22:08:41.255 [BaseBuildingRaiding] ------------------------- Expansion Base Raiding Damage Report -------------------------
22:08:41.266 [BaseBuildingRaiding] Player "Helga" (id= pos=<8330.39, 322.45, 1637.06>) damaged Watchtower at <8333.46, 331.7, 1639.31>
22:08:41.276 [BaseBuildingRaiding] They dealt 70 * 1 = 70 damage with Bullet_556x45 from AK101
22:08:41.285 [BaseBuildingRaiding] Level_2_Wall_2_Metal_Down hitpoints decreased from 18513 to 18443
22:08:41.296 [BaseBuildingRaiding] ----------------------------------------------------------------------------------------
22:09:04.467 [BaseBuildingRaiding] BaseRaiding: ExpansionFloorBase<22ff3530> at <8334.652344, 325.445862, 1639.315552> has been hit by explosive RGD5Grenade<896dbc40>
22:09:04.625 [BaseBuildingRaiding] ------------------------- Expansion Base Raiding Damage Report -------------------------
22:09:04.802 [BaseBuildingRaiding] A player damaged ExpansionFloor6x6 at <8334.65, 325.45, 1639.32>
22:09:04.998 [BaseBuildingRaiding] They dealt 5.92962 * 50 = 296.481 damage with RGD5Grenade_Ammo from RGD5Grenade
22:09:05.123 [BaseBuildingRaiding] GlobalHealth hitpoints decreased from 30000 to 29703.5
22:09:05.138 [BaseBuildingRaiding] ----------------------------------------------------------------------------------------
22:09:09.513 [BaseBuildingRaiding] ------------------------- Expansion Base Raiding Damage Report -------------------------
22:09:09.523 [BaseBuildingRaiding] Player "Irena" (id= pos=<8321.16, 322.06, 1632.47>) damaged Watchtower at <8333.46, 331.7, 1639.31>
22:09:09.533 [BaseBuildingRaiding] They dealt 70 * 1 = 70 damage with Bullet_545x39 from AKS74U
22:09:09.543 [BaseBuildingRaiding] Level_2_Wall_2_Metal_Down hitpoints decreased from 18443 to 18373
22:09:09.553 [BaseBuildingRaiding] ----------------------------------------------------------------------------------------
22:09:10.305 [BaseBuildingRaiding] ------------------------- Expansion Base Raiding Damage Report -------------------------
22:09:10.315 [BaseBuildingRaiding] Player "Survivor" (id=0nsyEhm9INQy3se8y-fXlbMHVv4YsIXloUCLC2unDyo= pos=<8332.35, 337.22, 1638.58>) damaged Fence at <8332.14, 336.57, 1637.88>
22:09:10.325 [BaseBuildingRaiding] They dealt 34 * 1 = 34 damage with Bullet_45ACP from Colt1911
22:09:10.335 [BaseBuildingRaiding] Wall_Metal_Down hitpoints decreased from 21000 to 20966
22:09:10.345 [BaseBuildingRaiding] ----------------------------------------------------------------------------------------
22:48:25.253 [VehicleDestroyed] Boat_01_Orange (id=B32E4EA1CE4668B3B4318E962AD8AC5E pos=<11790.8, 169.85, 10940.3>)
22:54:30.713 [VehicleDeleted] Boat_01_Orange (id=B32E4EA1CE4668B3B4318E962AD8AC5E pos=<11790.7, 169.79, 10940.2>)
23:09:26.439 [VehicleDestroyed] Boat_01_Orange (id=8850408D6F4DF4E7261C54A9F34869DB pos=<6229.62, 169.69, 10769.4>)
23:15:56.809 [VehicleDeleted] Boat_01_Orange (id=8850408D6F4DF4E7261C54A9F34869DB pos=<6229.6, 169.62, 10769.4>)
23:56:24.547 [AI Object Patrol 00022] Despawning 2 East bots (spawn position <8053.864746, 297.305695, 1478.631592>, 1/3 deceased)
23:56:24.559 [AI Object Patrol 00022] Global patrol count: 1
23:56:24.570 [AI Object Patrol 00022] HelicopterWreck category patrol count: 0
00:08:59.993 [VehicleDestroyed] Boat_01_Blue (id=1B884C28874D8EDCC68F1CB58E8ABBD6 pos=<11238.5, 169.65, 11244.3>)
00:15:48.458 [VehicleDeleted] Boat_01_Blue (id=1B884C28874D8EDCC68F1CB58E8ABBD6 pos=<11238.4, 169.39, 11244.3>)
00:58:06.852 [AI Patrol 00015] Despawning 1 West bots (spawn position <7576.745117, 321.743958, 2740.784424>, 2/3 deceased)
00:58:06.863 [AI Patrol 00015] Global patrol count: 0
00:58:06.873 [AI Patrol 00015] Patrol category patrol count: 0
