23:42:08.151 [VehicleDestroyed] ExpansionUh1h_Resistance (id=DAC006BC4B4030DA0E6C32B307623936 pos=<7924.52, 169.3, 11833.8>)
23:42:08.175 [VehicleDestroyed] ExpansionUh1h_Medical (id=31694D871448A9C85E01B4BAFE353F85 pos=<1232.86, 168.42, 7567.66>)
23:42:11.470 [VehicleDeleted] ExpansionUh1h_Resistance (id=558B44D2EB4B161B424ED78CC8D18343 pos=<7924.52, 169.3, 11833.8>)
23:42:11.480 [VehicleDeleted] ExpansionUh1h_Medical (id=E0D890DC67421B5834046AAB501EE8A4 pos=<1232.86, 168.42, 7567.66>)
23:47:28.594 [MissionAirdrop] An airdrop is heading towards "Zapadlisko" (pos=<8399.000000, 0.000000, 8803.000000> type=Random_Zapadlisko) with a ExpansionAirdropContainer_Medical
00:38:10.045 [VehicleDestroyed] ExpansionUh1h_Resistance (id=F7A05FEB1448DB603C7E7BA6BD1E11AD pos=<1228.15, 169.11, 7566.27>)
00:38:27.429 [VehicleDestroyed] ExpansionUh1h_Medical (id=D147FD92384C4137395D278E22CD5833 pos=<7925.11, 169.47, 11833.6>)
00:44:20.290 [VehicleDeleted] ExpansionUh1h_Resistance (id=F7A05FEB1448DB603C7E7BA6BD1E11AD pos=<1230.38, 168.71, 7567.24>)
00:44:49.133 [VehicleDeleted] ExpansionUh1h_Medical (id=D147FD92384C4137395D278E22CD5833 pos=<7927.19, 169.81, 11833.7>)
00:45:17.002 [Party] Player "Dan" (id=J3DN6WXzRjVAt4j_gUAEgL4v34hqtXpOtTWQ5nCMCS0=) joined the party "Dragon Unyielding" (id=7 ownerUID=J3DN6WXzRjVAt4j_gUAEgL4v34hqtXpOtTWQ5nCMCS0= ownerName=Dan)
00:47:05.885 [VehicleDestroyed] ExpansionUh1h_Resistance (id=D14E12C0FD406AB678880FA7F948DC7C pos=<1228.18, 169.14, 7566.17>)
00:47:26.157 [VehicleDestroyed] ExpansionUh1h_Medical (id=25D0DE980A426B1D234E639BC41BB527 pos=<7925.44, 169.55, 11833.5>)
00:53:24.211 [VehicleDeleted] ExpansionUh1h_Resistance (id=D14E12C0FD406AB678880FA7F948DC7C pos=<1230.59, 168.75, 7567.03>)
00:53:52.464 [VehicleDeleted] ExpansionUh1h_Medical (id=25D0DE980A426B1D234E639BC41BB527 pos=<7927.49, 169.94, 11833.4>)
00:56:06.881 [VehicleDestroyed] ExpansionUh1h (id=DA5F9566CB40CF9F3D22CE862ACD4113 pos=<1228.04, 169.13, 7566.22>)
00:56:17.136 [VehicleDestroyed] ExpansionUh1h_Resistance (id=CF8693D7A24537B71BFAE4AC46ECC214 pos=<7924.84, 169.38, 11833.8>)
01:02:15.748 [VehicleDeleted] ExpansionUh1h (id=DA5F9566CB40CF9F3D22CE862ACD4113 pos=<1230.3, 168.73, 7567.2>)
01:02:43.432 [VehicleDeleted] ExpansionUh1h_Resistance (id=CF8693D7A24537B71BFAE4AC46ECC214 pos=<7927.3, 169.94, 11833.2>)
01:04:57.862 [VehicleDestroyed] ExpansionUh1h_Resistance (id=8B6F95EA9C4AE8471366AE9A827D9CA7 pos=<1228.18, 169.1, 7566.35>)
01:05:11.166 [VehicleDestroyed] ExpansionUh1h_Uber (id=A9B9D9FA9B45D38C86A595ACC721BEBA pos=<7924.78, 169.39, 11833.7>)
01:05:31.282 [VehicleEnter] Player "Dan" (id=J3DN6WXzRjVAt4j_gUAEgL4v34hqtXpOtTWQ5nCMCS0=) entered vehicle M3S Covered (id=46D2340A724FF0C80A0AAD8270535D2C pos=<6578.12, 206.46, 8388.08>) as driver
01:05:35.572 [VehicleEngine] Player "Dan" (id=J3DN6WXzRjVAt4j_gUAEgL4v34hqtXpOtTWQ5nCMCS0=) started vehicle M3S Covered (id=46D2340A724FF0C80A0AAD8270535D2C pos=<6578.24, 206.45, 8388.24>)
01:06:35.866 [VehicleLeave] Player "Dan" (id=J3DN6WXzRjVAt4j_gUAEgL4v34hqtXpOtTWQ5nCMCS0=) left vehicle M3S Covered (id=46D2340A724FF0C80A0AAD8270535D2C pos=<6579.03, 206.47, 8397.44>)
01:08:00.326 [VehicleDestroyed] ExpansionBus_Red (id=B49A53DA6E4CE9452FBF56B5AFE30445 pos=<6563.48, 205.59, 8372.04>)
01:08:25.837 [VehicleEnter] Player "Dan" (id=J3DN6WXzRjVAt4j_gUAEgL4v34hqtXpOtTWQ5nCMCS0=) entered vehicle Transit Bus (id=B49A53DA6E4CE9452FBF56B5AFE30445 pos=<6563.47, 205.59, 8372.04>) as driver
01:08:28.566 [VehicleLeave] Player "Dan" (id=J3DN6WXzRjVAt4j_gUAEgL4v34hqtXpOtTWQ5nCMCS0=) left vehicle Transit Bus (id=B49A53DA6E4CE9452FBF56B5AFE30445 pos=<6563.47, 205.59, 8372.04>)
01:10:26.535 [MissionAirdrop] An airdrop is heading towards "Kolembrody" (pos=<8676.000000, 0.000000, 12114.000000> type=Random_Kolembrody) with a ExpansionAirdropContainer_Medical
01:11:09.106 [VehicleDeleted] ExpansionUh1h_Resistance (id=8B6F95EA9C4AE8471366AE9A827D9CA7 pos=<1230.45, 168.71, 7567.22>)
01:11:26.522 [VehicleEnter] Player "Dan" (id=J3DN6WXzRjVAt4j_gUAEgL4v34hqtXpOtTWQ5nCMCS0=) entered vehicle M3S Covered (id=46D2340A724FF0C80A0AAD8270535D2C pos=<6579.05, 206.46, 8397.44>) as driver
01:11:36.790 [VehicleDeleted] ExpansionUh1h_Uber (id=A9B9D9FA9B45D38C86A595ACC721BEBA pos=<7924.78, 169.39, 11833.7>)
01:12:14.537 [VehicleEngine] Player "NULL" (id=NULL) stopped vehicle M3S Covered (id=46D2340A724FF0C80A0AAD8270535D2C pos=<6646.51, 207.05, 8436.65>)
01:12:14.968 [VehicleLeave] Player "Dan" (id=J3DN6WXzRjVAt4j_gUAEgL4v34hqtXpOtTWQ5nCMCS0=) left vehicle M3S Covered (id=46D2340A724FF0C80A0AAD8270535D2C pos=<6646.51, 207.05, 8436.65>)
01:13:51.464 [VehicleDestroyed] ExpansionUh1h (id=357B55C7DB4F8F728C30EBA9A22DF5E3 pos=<1228.15, 169.12, 7566.25>)
01:14:01.362 [VehicleDestroyed] ExpansionUh1h_Resistance (id=BCED104E364B90658381FD94C2CB0232 pos=<7924.58, 169.35, 11833.7>)
01:19:15.642 [VehicleEnter] Player "Dan" (id=J3DN6WXzRjVAt4j_gUAEgL4v34hqtXpOtTWQ5nCMCS0=) entered vehicle M3S Covered (id=46D2340A724FF0C80A0AAD8270535D2C pos=<6646.51, 207.05, 8436.65>) as driver
01:19:17.566 [VehicleEngine] Player "Dan" (id=J3DN6WXzRjVAt4j_gUAEgL4v34hqtXpOtTWQ5nCMCS0=) started vehicle M3S Covered (id=46D2340A724FF0C80A0AAD8270535D2C pos=<6646.51, 207.05, 8436.65>)
01:19:37.616 [VehicleEngine] Player "NULL" (id=NULL) stopped vehicle M3S Covered (id=46D2340A724FF0C80A0AAD8270535D2C pos=<6656.45, 207.54, 8471.5>)
01:19:38.072 [VehicleLeave] Player "Dan" (id=J3DN6WXzRjVAt4j_gUAEgL4v34hqtXpOtTWQ5nCMCS0=) left vehicle M3S Covered (id=46D2340A724FF0C80A0AAD8270535D2C pos=<6656.45, 207.54, 8471.5>)
01:20:02.451 [VehicleDeleted] ExpansionUh1h (id=357B55C7DB4F8F728C30EBA9A22DF5E3 pos=<1230.41, 168.72, 7567.2>)
01:20:30.159 [VehicleDeleted] ExpansionUh1h_Resistance (id=BCED104E364B90658381FD94C2CB0232 pos=<7925.62, 169.62, 11833.3>)
01:22:45.261 [VehicleDestroyed] ExpansionUh1h_Resistance (id=B1081A9F944434DC242DC58B11272628 pos=<1228.18, 169.14, 7566.17>)
01:22:57.239 [VehicleDestroyed] ExpansionUh1h_Uber (id=B3EF5703C1429C2E207B58A382F3D280 pos=<7925.11, 169.4, 11833.8>)
01:25:25.449 [VehicleEnter] Player "Dan" (id=J3DN6WXzRjVAt4j_gUAEgL4v34hqtXpOtTWQ5nCMCS0=) entered vehicle M3S Covered (id=46D2340A724FF0C80A0AAD8270535D2C pos=<6656.45, 207.54, 8471.5>) as driver
01:25:32.821 [VehicleEngine] Player "Dan" (id=J3DN6WXzRjVAt4j_gUAEgL4v34hqtXpOtTWQ5nCMCS0=) started vehicle M3S Covered (id=46D2340A724FF0C80A0AAD8270535D2C pos=<6656.45, 207.54, 8471.49>)
01:26:01.548 [VehicleLeave] Player "Dan" (id=J3DN6WXzRjVAt4j_gUAEgL4v34hqtXpOtTWQ5nCMCS0=) left vehicle M3S Covered (id=46D2340A724FF0C80A0AAD8270535D2C pos=<6592.72, 205.93, 8397.17>)
01:26:12.357 [VehicleEnter] Player "Dan" (id=J3DN6WXzRjVAt4j_gUAEgL4v34hqtXpOtTWQ5nCMCS0=) entered vehicle M3S Covered (id=46D2340A724FF0C80A0AAD8270535D2C pos=<6592.72, 205.93, 8397.17>) as driver
01:26:37.774 [VehicleLeave] Player "Dan" (id=J3DN6WXzRjVAt4j_gUAEgL4v34hqtXpOtTWQ5nCMCS0=) left vehicle M3S Covered (id=46D2340A724FF0C80A0AAD8270535D2C pos=<6579.01, 206.37, 8389.82>)
01:26:46.875 [VehicleEnter] Player "Dan" (id=J3DN6WXzRjVAt4j_gUAEgL4v34hqtXpOtTWQ5nCMCS0=) entered vehicle M3S Covered (id=46D2340A724FF0C80A0AAD8270535D2C pos=<6579.05, 206.37, 8389.77>) as driver
01:26:48.765 [VehicleEngine] Player "Dan" (id=J3DN6WXzRjVAt4j_gUAEgL4v34hqtXpOtTWQ5nCMCS0=) stopped vehicle M3S Covered (id=46D2340A724FF0C80A0AAD8270535D2C pos=<6579.08, 206.36, 8389.72>)
01:26:52.337 [VehicleLeave] Player "Dan" (id=J3DN6WXzRjVAt4j_gUAEgL4v34hqtXpOtTWQ5nCMCS0=) left vehicle M3S Covered (id=46D2340A724FF0C80A0AAD8270535D2C pos=<6579.16, 206.36, 8389.61>)
01:27:11.336 [VehicleEnter] Player "Dan" (id=J3DN6WXzRjVAt4j_gUAEgL4v34hqtXpOtTWQ5nCMCS0=) entered vehicle M3S Covered (id=0D44F3EAD74729205EA7B39F1C07D79D pos=<6591.06, 206.47, 8375.21>) as driver
01:27:14.256 [VehicleEngine] Player "Dan" (id=J3DN6WXzRjVAt4j_gUAEgL4v34hqtXpOtTWQ5nCMCS0=) started vehicle M3S Covered (id=0D44F3EAD74729205EA7B39F1C07D79D pos=<6591.07, 206.47, 8375.21>)
01:27:19.299 [VehicleEngine] Player "Dan" (id=J3DN6WXzRjVAt4j_gUAEgL4v34hqtXpOtTWQ5nCMCS0=) stopped vehicle M3S Covered (id=0D44F3EAD74729205EA7B39F1C07D79D pos=<6591.09, 206.47, 8375.21>)
01:27:22.836 [VehicleLeave] Player "Dan" (id=J3DN6WXzRjVAt4j_gUAEgL4v34hqtXpOtTWQ5nCMCS0=) left vehicle M3S Covered (id=0D44F3EAD74729205EA7B39F1C07D79D pos=<6591.1, 206.47, 8375.21>)
01:28:53.919 [VehicleDeleted] ExpansionUh1h_Resistance (id=B1081A9F944434DC242DC58B11272628 pos=<1230.4, 168.75, 7567.07>)
01:29:22.151 [VehicleDeleted] ExpansionUh1h_Uber (id=B3EF5703C1429C2E207B58A382F3D280 pos=<7925.41, 169.04, 11835.8>)
01:31:22.580 [VehicleEnter] Player "Dan" (id=J3DN6WXzRjVAt4j_gUAEgL4v34hqtXpOtTWQ5nCMCS0=) entered vehicle Mh-6 Little Bird (id=994F5F4FBF433CBFE47A75B67AE1D77F pos=<6573.18, 213.02, 8398.35>) as pilot
01:31:24.810 [VehicleEngine] Player "Dan" (id=J3DN6WXzRjVAt4j_gUAEgL4v34hqtXpOtTWQ5nCMCS0=) started vehicle Mh-6 Little Bird (id=994F5F4FBF433CBFE47A75B67AE1D77F pos=<6573.19, 213.01, 8398.36>)
01:31:37.784 [VehicleDestroyed] ExpansionUh1h_Medical (id=BFE182DE0E4F1C76CB7A1E8858CDA037 pos=<1228.18, 169.14, 7566.17>)
01:31:49.257 [VehicleDestroyed] ExpansionUh1h_Medical (id=AF3A29508B4E8155FCC05D9A880FD60A pos=<7924.6, 169.35, 11833.7>)
01:32:10.536 [VehicleDeleted] ExpansionBus_Red (id=B49A53DA6E4CE9452FBF56B5AFE30445 pos=<6563.47, 205.59, 8372.04>)
01:32:24.055 [AI Object Patrol 00030] Spawning 2 East bots at <7927.530762, 280.119843, 6599.053711>
01:32:24.084 [AI Object Patrol 00030] Global patrol count: 1
01:32:24.094 [AI Object Patrol 00030] HelicopterWreck category patrol count: 1
01:32:24.212 [AI Object Patrol 00008] Spawning 2 West bots at <7255.463867, 228.740005, 6496.603027>
01:32:24.249 [AI Object Patrol 00008] Global patrol count: 2
01:32:24.259 [AI Object Patrol 00008] ContaminatedArea category patrol count: 1
01:32:56.750 [AI Object Patrol 00028] Spawning 2 West bots at <9491.462891, 289.328430, 6866.892090>
01:32:56.784 [AI Object Patrol 00028] Global patrol count: 3
01:32:56.794 [AI Object Patrol 00028] HelicopterWreck category patrol count: 2
01:34:51.162 [VehicleEngine] Player "Dan" (id=J3DN6WXzRjVAt4j_gUAEgL4v34hqtXpOtTWQ5nCMCS0=) stopped vehicle Mh-6 Little Bird (id=994F5F4FBF433CBFE47A75B67AE1D77F pos=<8978.93, 301.22, 6549.26>)
01:34:58.198 [VehicleLeave] Player "Dan" (id=J3DN6WXzRjVAt4j_gUAEgL4v34hqtXpOtTWQ5nCMCS0=) left vehicle Mh-6 Little Bird (id=994F5F4FBF433CBFE47A75B67AE1D77F pos=<8980.02, 300.73, 6548.77>)
01:35:17.903 [VehicleEnter] Player "Dan" (id=J3DN6WXzRjVAt4j_gUAEgL4v34hqtXpOtTWQ5nCMCS0=) entered vehicle Mh-6 Little Bird (id=D9BE98B9D644DFB35C856590862CE9D0 pos=<8946.42, 308.69, 6567.79>) as pilot
01:35:25.273 [VehicleLeave] Player "Dan" (id=J3DN6WXzRjVAt4j_gUAEgL4v34hqtXpOtTWQ5nCMCS0=) left vehicle Mh-6 Little Bird (id=D9BE98B9D644DFB35C856590862CE9D0 pos=<8946.42, 308.69, 6567.79>)
01:37:46.871 [VehicleDeleted] ExpansionUh1h_Medical (id=BFE182DE0E4F1C76CB7A1E8858CDA037 pos=<1230.49, 168.77, 7566.96>)
01:38:16.036 [VehicleDeleted] ExpansionUh1h_Medical (id=AF3A29508B4E8155FCC05D9A880FD60A pos=<7924.52, 169.32, 11833.8>)
01:40:30.487 [VehicleDestroyed] ExpansionUh1h_Uber (id=C53374573F4205C3B9EE95BA48C5E541 pos=<1228.12, 169.12, 7566.25>)
01:40:48.819 [VehicleDestroyed] ExpansionUh1h_Resistance (id=42F5F1752D4AFF7450BD799A3F9EBC0A pos=<7924.94, 169.41, 11833.6>)
01:42:32.153 [AI Object Patrol 00008] Despawning 2 West bots (spawn position <7255.463867, 228.740005, 6496.603027>, 0/2 deceased)
01:42:32.163 [AI Object Patrol 00008] Global patrol count: 2
01:42:32.174 [AI Object Patrol 00008] ContaminatedArea category patrol count: 0
01:46:40.383 [VehicleDeleted] ExpansionUh1h_Uber (id=C53374573F4205C3B9EE95BA48C5E541 pos=<1230.29, 168.73, 7567.21>)
01:47:08.168 [VehicleDeleted] ExpansionUh1h_Resistance (id=42F5F1752D4AFF7450BD799A3F9EBC0A pos=<7924.42, 169.32, 11833.6>)
01:48:59.402 [AI Object Patrol 00030] Despawning 1 East bots (spawn position <7927.530762, 280.119843, 6599.053711>, 1/2 deceased)
01:48:59.412 [AI Object Patrol 00030] Global patrol count: 1
01:48:59.422 [AI Object Patrol 00030] HelicopterWreck category patrol count: 1
01:49:17.072 [AI Object Patrol 00028] West bots were wiped out (spawn position <9491.462891, 289.328430, 6866.892090>, 2/2 deceased)
01:49:17.128 [AI Object Patrol 00028] Global patrol count: 0
01:49:17.190 [AI Object Patrol 00028] HelicopterWreck category patrol count: 0
01:49:22.279 [VehicleDestroyed] ExpansionUh1h_Resistance (id=03B35E476344BF1F77C80FAA11FE0AA8 pos=<1228.15, 169.12, 7566.26>)
01:49:45.005 [VehicleDestroyed] ExpansionUh1h (id=683AD1EE6144C0014CF26CAA6AC34FF4 pos=<7925.31, 169.58, 11833.3>)
01:55:30.724 [VehicleDeleted] ExpansionUh1h_Resistance (id=03B35E476344BF1F77C80FAA11FE0AA8 pos=<1230.36, 168.72, 7567.21>)
01:55:36.218 [VehicleEnter] Player "Dan" (id=J3DN6WXzRjVAt4j_gUAEgL4v34hqtXpOtTWQ5nCMCS0=) entered vehicle Mh-6 Little Bird (id=994F5F4FBF433CBFE47A75B67AE1D77F pos=<8979.96, 300.79, 6549.03>) as pilot
01:55:38.323 [VehicleEngine] Player "Dan" (id=J3DN6WXzRjVAt4j_gUAEgL4v34hqtXpOtTWQ5nCMCS0=) started vehicle Mh-6 Little Bird (id=994F5F4FBF433CBFE47A75B67AE1D77F pos=<8979.96, 300.79, 6549.04>)
01:55:58.797 [VehicleDeleted] ExpansionUh1h (id=683AD1EE6144C0014CF26CAA6AC34FF4 pos=<7927.2, 169.95, 11833.1>)
01:56:35.854 [VehicleEngine] Player "NULL" (id=NULL) stopped vehicle Mh-6 Little Bird (id=994F5F4FBF433CBFE47A75B67AE1D77F pos=<8988.42, 300.53, 6543.16>)
01:56:36.334 [VehicleLeave] Player "Dan" (id=J3DN6WXzRjVAt4j_gUAEgL4v34hqtXpOtTWQ5nCMCS0=) left vehicle Mh-6 Little Bird (id=994F5F4FBF433CBFE47A75B67AE1D77F pos=<8988.36, 300.54, 6543.12>)
01:58:14.329 [VehicleDestroyed] ExpansionUh1h_Uber (id=8C0A95A1514FF95D70C3D8AB9A09E23F pos=<1228.18, 169.14, 7566.18>)
01:58:19.699 [VehicleDestroyed] ExpansionUh1h_Uber (id=BBB0C6D7414B0D15688CD491B194EA36 pos=<7924.61, 169.28, 11834>)
02:04:22.566 [VehicleDeleted] ExpansionUh1h_Uber (id=8C0A95A1514FF95D70C3D8AB9A09E23F pos=<1230.5, 168.74, 7567.09>)
02:04:51.430 [VehicleDeleted] ExpansionUh1h_Uber (id=BBB0C6D7414B0D15688CD491B194EA36 pos=<7925.04, 169.35, 11834.1>)
02:07:06.639 [VehicleDestroyed] ExpansionUh1h (id=CDD4268DF846AE5EB3D184B02ED37425 pos=<1228.18, 169.14, 7566.17>)
02:07:14.795 [VehicleDestroyed] ExpansionUh1h_Medical (id=90F0992350444E987E446C882E1016F7 pos=<7924.43, 169.28, 11833.8>)
02:09:43.415 [VehicleEnter] Player "Dan" (id=J3DN6WXzRjVAt4j_gUAEgL4v34hqtXpOtTWQ5nCMCS0=) entered vehicle Mh-6 Little Bird (id=994F5F4FBF433CBFE47A75B67AE1D77F pos=<8986.96, 299.64, 6540.22>) as pilot
02:09:44.847 [VehicleEngine] Player "Dan" (id=J3DN6WXzRjVAt4j_gUAEgL4v34hqtXpOtTWQ5nCMCS0=) started vehicle Mh-6 Little Bird (id=994F5F4FBF433CBFE47A75B67AE1D77F pos=<8986.96, 299.64, 6540.22>)
02:11:41.676 [VehicleEngine] Player "Dan" (id=J3DN6WXzRjVAt4j_gUAEgL4v34hqtXpOtTWQ5nCMCS0=) stopped vehicle Mh-6 Little Bird (id=994F5F4FBF433CBFE47A75B67AE1D77F pos=<8862.4, 307.37, 6518.09>)
02:11:44.468 [VehicleLeave] Player "Dan" (id=J3DN6WXzRjVAt4j_gUAEgL4v34hqtXpOtTWQ5nCMCS0=) left vehicle Mh-6 Little Bird (id=994F5F4FBF433CBFE47A75B67AE1D77F pos=<8862.45, 307.27, 6518.12>)
02:13:17.094 [VehicleDeleted] ExpansionUh1h (id=CDD4268DF846AE5EB3D184B02ED37425 pos=<1230.51, 168.74, 7567.08>)
02:13:44.890 [VehicleDeleted] ExpansionUh1h_Medical (id=90F0992350444E987E446C882E1016F7 pos=<7924.6, 169.33, 11833.8>)
02:14:15.395 [VehicleEnter] Player "Dan" (id=J3DN6WXzRjVAt4j_gUAEgL4v34hqtXpOtTWQ5nCMCS0=) entered vehicle Mh-6 Little Bird (id=994F5F4FBF433CBFE47A75B67AE1D77F pos=<8862.49, 307.21, 6518.18>) as pilot
02:14:19.392 [VehicleEngine] Player "Dan" (id=J3DN6WXzRjVAt4j_gUAEgL4v34hqtXpOtTWQ5nCMCS0=) started vehicle Mh-6 Little Bird (id=994F5F4FBF433CBFE47A75B67AE1D77F pos=<8862.49, 307.21, 6518.19>)
02:15:39.652 [VehicleEngine] Player "Dan" (id=J3DN6WXzRjVAt4j_gUAEgL4v34hqtXpOtTWQ5nCMCS0=) stopped vehicle Mh-6 Little Bird (id=994F5F4FBF433CBFE47A75B67AE1D77F pos=<9044.26, 297.98, 6574.1>)
02:15:52.063 [VehicleLeave] Player "Dan" (id=J3DN6WXzRjVAt4j_gUAEgL4v34hqtXpOtTWQ5nCMCS0=) left vehicle Mh-6 Little Bird (id=994F5F4FBF433CBFE47A75B67AE1D77F pos=<9044.3, 297.99, 6574.34>)
02:16:00.946 [VehicleDestroyed] ExpansionUh1h (id=4672F781C64510B64B1A8198A90D08D6 pos=<1228.09, 169.13, 7566.21>)
02:16:12.427 [VehicleDestroyed] ExpansionUh1h_Medical (id=62ADECF7D043CE0C868F3DA414F5FA2C pos=<7925.2, 169.4, 11833.8>)
02:22:25.572 [VehicleDeleted] ExpansionUh1h (id=4672F781C64510B64B1A8198A90D08D6 pos=<1230.46, 168.74, 7567.09>)
02:22:53.636 [VehicleDeleted] ExpansionUh1h_Medical (id=62ADECF7D043CE0C868F3DA414F5FA2C pos=<7925.5, 169.09, 11835.6>)
02:25:10.366 [VehicleDestroyed] ExpansionUh1h (id=486E158B7C4E4C52D0E25E9937BF844A pos=<1228.14, 169.12, 7566.27>)
02:25:19.705 [VehicleEnter] Player "Dan" (id=J3DN6WXzRjVAt4j_gUAEgL4v34hqtXpOtTWQ5nCMCS0=) entered vehicle Mh-6 Little Bird (id=994F5F4FBF433CBFE47A75B67AE1D77F pos=<9044.25, 297.99, 6574.38>) as pilot
02:25:23.425 [VehicleEngine] Player "Dan" (id=J3DN6WXzRjVAt4j_gUAEgL4v34hqtXpOtTWQ5nCMCS0=) started vehicle Mh-6 Little Bird (id=994F5F4FBF433CBFE47A75B67AE1D77F pos=<9044.24, 297.99, 6574.38>)
02:25:27.789 [VehicleDestroyed] ExpansionUh1h_Uber (id=9A5ED44708427880D0FF20A4C1F0A8E4 pos=<7924.8, 169.45, 11833.4>)
02:26:30.461 [VehicleEngine] Player "Dan" (id=J3DN6WXzRjVAt4j_gUAEgL4v34hqtXpOtTWQ5nCMCS0=) stopped vehicle Mh-6 Little Bird (id=994F5F4FBF433CBFE47A75B67AE1D77F pos=<9483.45, 288.31, 7207.5>)
02:26:34.446 [VehicleLeave] Player "Dan" (id=J3DN6WXzRjVAt4j_gUAEgL4v34hqtXpOtTWQ5nCMCS0=) left vehicle Mh-6 Little Bird (id=994F5F4FBF433CBFE47A75B67AE1D77F pos=<9483.39, 288.31, 7207.51>)
02:31:21.114 [VehicleDeleted] ExpansionUh1h (id=486E158B7C4E4C52D0E25E9937BF844A pos=<1230.41, 168.74, 7567.11>)
02:31:48.958 [VehicleDeleted] ExpansionUh1h_Uber (id=9A5ED44708427880D0FF20A4C1F0A8E4 pos=<7924.75, 169.45, 11833.4>)
02:34:04.142 [VehicleDestroyed] ExpansionUh1h_Uber (id=AC9F1B3B3A4D1D08F3B0C883894BC3D1 pos=<1228.14, 169.15, 7566.13>)
02:34:11.951 [VehicleDestroyed] ExpansionUh1h_Resistance (id=7C78A4C7074A48DF186891B307BEF026 pos=<7924.58, 169.31, 11833.9>)
02:39:57.519 [VehicleEnter] Player "Dan" (id=J3DN6WXzRjVAt4j_gUAEgL4v34hqtXpOtTWQ5nCMCS0=) entered vehicle Mh-6 Little Bird (id=994F5F4FBF433CBFE47A75B67AE1D77F pos=<9482.68, 288.13, 7208.1>) as pilot
02:40:01.353 [VehicleEngine] Player "Dan" (id=J3DN6WXzRjVAt4j_gUAEgL4v34hqtXpOtTWQ5nCMCS0=) started vehicle Mh-6 Little Bird (id=994F5F4FBF433CBFE47A75B67AE1D77F pos=<9482.67, 288.12, 7208.15>)
02:40:12.569 [VehicleEngine] Player "Dan" (id=J3DN6WXzRjVAt4j_gUAEgL4v34hqtXpOtTWQ5nCMCS0=) stopped vehicle Mh-6 Little Bird (id=994F5F4FBF433CBFE47A75B67AE1D77F pos=<9482.3, 287.78, 7209.99>)
02:40:19.474 [VehicleLeave] Player "Dan" (id=J3DN6WXzRjVAt4j_gUAEgL4v34hqtXpOtTWQ5nCMCS0=) left vehicle Mh-6 Little Bird (id=994F5F4FBF433CBFE47A75B67AE1D77F pos=<9481.51, 286.01, 7218.81>)
02:40:30.371 [VehicleDeleted] ExpansionUh1h_Uber (id=AC9F1B3B3A4D1D08F3B0C883894BC3D1 pos=<1230.56, 168.78, 7566.93>)
02:40:40.279 [MissionAirdrop] An airdrop is heading towards "Muratyn" (pos=<4559.000000, 0.000000, 6852.000000> type=Random_Muratyn) with a ExpansionAirdropContainer_Military
02:40:48.883 [VehicleEnter] Player "Dan" (id=J3DN6WXzRjVAt4j_gUAEgL4v34hqtXpOtTWQ5nCMCS0=) entered vehicle Mh-6 Little Bird (id=994F5F4FBF433CBFE47A75B67AE1D77F pos=<9480.28, 285.82, 7219.09>) as pilot
02:40:52.351 [VehicleEngine] Player "Dan" (id=J3DN6WXzRjVAt4j_gUAEgL4v34hqtXpOtTWQ5nCMCS0=) started vehicle Mh-6 Little Bird (id=994F5F4FBF433CBFE47A75B67AE1D77F pos=<9480.14, 285.81, 7219.09>)
02:40:59.394 [VehicleDeleted] ExpansionUh1h_Resistance (id=7C78A4C7074A48DF186891B307BEF026 pos=<7924.22, 169.21, 11834>)
02:41:58.569 [AI Object Patrol 00028] Despawning West patrol (spawn position <9505.121094, 288.501221, 6868.156738>)
02:43:26.705 [VehicleDestroyed] ExpansionUh1h_Resistance (id=C15DB3A6E244A3517A8C86961F052898 pos=<1228.16, 169.12, 7566.26>)
02:43:42.328 [VehicleDestroyed] ExpansionUh1h_Uber (id=C56E3772534AFE9B21B470B9C548902F pos=<7925.07, 169.48, 11833.5>)
02:49:36.821 [VehicleDeleted] ExpansionUh1h_Resistance (id=C15DB3A6E244A3517A8C86961F052898 pos=<1230.41, 168.73, 7567.16>)
02:50:04.616 [VehicleDeleted] ExpansionUh1h_Uber (id=C56E3772534AFE9B21B470B9C548902F pos=<7927.33, 169.94, 11833.2>)
02:51:14.393 [VehicleEngine] Player "Dan" (id=J3DN6WXzRjVAt4j_gUAEgL4v34hqtXpOtTWQ5nCMCS0=) stopped vehicle Mh-6 Little Bird (id=994F5F4FBF433CBFE47A75B67AE1D77F pos=<6575.87, 212.83, 8397.47>)
02:51:17.740 [VehicleLeave] Player "Dan" (id=J3DN6WXzRjVAt4j_gUAEgL4v34hqtXpOtTWQ5nCMCS0=) left vehicle Mh-6 Little Bird (id=994F5F4FBF433CBFE47A75B67AE1D77F pos=<6575.93, 212.83, 8397.34>)
02:52:18.239 [VehicleDestroyed] ExpansionUh1h_Uber (id=AB019C47FE403882649EF792C70EEA5B pos=<1228.19, 169.1, 7566.32>)
02:52:39.465 [VehicleDestroyed] ExpansionUh1h_Uber (id=28E8F158C443F0D1DBED0CB891C341C4 pos=<7925.2, 169.56, 11833.3>)
02:58:28.213 [VehicleDeleted] ExpansionUh1h_Uber (id=AB019C47FE403882649EF792C70EEA5B pos=<1230.42, 168.74, 7567.12>)
02:58:56.243 [VehicleDeleted] ExpansionUh1h_Uber (id=28E8F158C443F0D1DBED0CB891C341C4 pos=<7927.16, 169.98, 11833>)
03:01:10.368 [VehicleDestroyed] ExpansionUh1h_Medical (id=2882EF0937493DBBF101A7BDDA3C5666 pos=<1228.19, 169.1, 7566.34>)
03:01:29.484 [VehicleDestroyed] ExpansionUh1h (id=3C2BF43EC14C2B163F22E88ABFAF572A pos=<7924.92, 169.4, 11833.6>)
03:07:21.009 [VehicleDeleted] ExpansionUh1h_Medical (id=2882EF0937493DBBF101A7BDDA3C5666 pos=<1230.34, 168.72, 7567.24>)
03:07:49.114 [VehicleDeleted] ExpansionUh1h (id=3C2BF43EC14C2B163F22E88ABFAF572A pos=<7926.61, 169.66, 11834>)
03:10:03.560 [VehicleDestroyed] ExpansionUh1h (id=69E232D8CB41DC45D48835893706D50E pos=<1228.17, 169.14, 7566.18>)
03:10:22.387 [VehicleDestroyed] ExpansionUh1h (id=D2D341EB124B4F873B45B2BB6C504FBB pos=<7925.2, 169.53, 11833.4>)
03:16:12.361 [VehicleDeleted] ExpansionUh1h (id=69E232D8CB41DC45D48835893706D50E pos=<1230.54, 168.74, 7567.06>)
03:16:40.097 [VehicleDeleted] ExpansionUh1h (id=D2D341EB124B4F873B45B2BB6C504FBB pos=<7927.2, 169.95, 11833.1>)
03:18:54.246 [VehicleDestroyed] ExpansionUh1h_Uber (id=EBE47AC46B41850AAF56FC844D7E8D35 pos=<1228.16, 169.12, 7566.24>)
03:19:07.415 [VehicleDestroyed] ExpansionUh1h_Medical (id=5D71024AFB40AE14D3B30293846BE769 pos=<7925.02, 169.37, 11833.9>)
03:25:02.992 [VehicleDeleted] ExpansionUh1h_Uber (id=EBE47AC46B41850AAF56FC844D7E8D35 pos=<1230.38, 168.74, 7567.13>)
03:25:31.636 [VehicleDeleted] ExpansionUh1h_Medical (id=5D71024AFB40AE14D3B30293846BE769 pos=<7925.29, 169.01, 11835.8>)
03:27:44.527 [VehicleDestroyed] ExpansionUh1h (id=3935B0F08E4B2F4A1940F9BAE1299DF9 pos=<1228.18, 169.09, 7566.35>)
03:28:05.395 [VehicleDestroyed] ExpansionUh1h_Uber (id=1F1B5A91CE4BB97584893BA7E75D4BFB pos=<7924.99, 169.48, 11833.5>)
03:33:55.229 [VehicleDeleted] ExpansionUh1h (id=3935B0F08E4B2F4A1940F9BAE1299DF9 pos=<1230.29, 168.68, 7567.39>)
03:34:22.910 [VehicleDeleted] ExpansionUh1h_Uber (id=1F1B5A91CE4BB97584893BA7E75D4BFB pos=<7925.01, 169.48, 11833.5>)
03:36:35.863 [VehicleDestroyed] ExpansionUh1h_Resistance (id=8B670DDA584F4616C0B843B8ECD099EF pos=<1228.18, 169.1, 7566.34>)
03:36:44.994 [VehicleDestroyed] ExpansionUh1h (id=A8B71485CF439D7E2802D3A9F009E446 pos=<7924.73, 169.32, 11834>)
03:39:44.985 [Party] Player "Dan" (id=J3DN6WXzRjVAt4j_gUAEgL4v34hqtXpOtTWQ5nCMCS0=) left the party "Dragon Unyielding" (id=7 ownerUID=J3DN6WXzRjVAt4j_gUAEgL4v34hqtXpOtTWQ5nCMCS0= ownerName=Dan)
03:42:47.665 [VehicleDeleted] ExpansionUh1h_Resistance (id=8B670DDA584F4616C0B843B8ECD099EF pos=<1230.36, 168.72, 7567.2>)
03:43:16.229 [VehicleDeleted] ExpansionUh1h (id=A8B71485CF439D7E2802D3A9F009E446 pos=<7925.21, 169.39, 11834>)
03:45:31.615 [VehicleDestroyed] ExpansionUh1h_Resistance (id=154C41B00B441561E783F0BD5F25887D pos=<1228.19, 169.14, 7566.17>)
03:45:45.852 [VehicleDestroyed] ExpansionUh1h_Uber (id=A749D20EEE4A39DAA2E9B48F70C8BD2F pos=<7925.09, 169.44, 11833.7>)
04:06:47.451 [MissionAirdrop] An airdrop is heading towards "Dolnik" (pos=<11491.000000, 0.000000, 763.000000> type=Random_Dolnik) with a ExpansionAirdropContainer_Military
05:36:39.760 [MissionAirdrop] An airdrop is heading towards "Gieraltow" (pos=<10899.000000, 0.000000, 4515.000000> type=Random_Gieraltow) with a ExpansionAirdropContainer_Medical
05:46:35.245 [Party] Player "bundundan" (id=J3DN6WXzRjVAt4j_gUAEgL4v34hqtXpOtTWQ5nCMCS0=) joined the party "Dragon Unyielding" (id=7 ownerUID=J3DN6WXzRjVAt4j_gUAEgL4v34hqtXpOtTWQ5nCMCS0= ownerName=Dan)
05:47:38.509 [VehicleDeleted] ExpansionUh1h_Resistance (id=154C41B00B441561E783F0BD5F25887D pos=<1235.57, 168.42, 7566.99>)
05:48:06.205 [VehicleDeleted] ExpansionUh1h_Uber (id=A749D20EEE4A39DAA2E9B48F70C8BD2F pos=<7927.17, 169.87, 11833.5>)
05:50:20.052 [VehicleDestroyed] ExpansionUh1h_Medical (id=81FF8DC3464AA50E2B87F580F939A86A pos=<1228.12, 169.11, 7566.3>)
05:50:24.773 [VehicleDestroyed] ExpansionUh1h_Uber (id=9F033334BF4DCBFE2CEE14BE306C9652 pos=<7924.54, 169.26, 11834.1>)
05:56:31.868 [VehicleDeleted] ExpansionUh1h_Medical (id=81FF8DC3464AA50E2B87F580F939A86A pos=<1230.4, 168.72, 7567.21>)
05:56:31.881 [VehicleDeleted] ExpansionUh1h_Uber (id=9F033334BF4DCBFE2CEE14BE306C9652 pos=<7924.95, 169.31, 11834.2>)
05:59:15.628 [VehicleDestroyed] ExpansionUh1h_Medical (id=2EA071B86A45420550A1DEB1714998C4 pos=<1228.15, 169.12, 7566.25>)
05:59:35.958 [VehicleDestroyed] ExpansionUh1h (id=DC872760924F3643AD44FE850D282BB6 pos=<7925.35, 169.52, 11833.6>)
06:03:46.653 [Party] Player "bundundan" (id=J3DN6WXzRjVAt4j_gUAEgL4v34hqtXpOtTWQ5nCMCS0=) left the party "Dragon Unyielding" (id=7 ownerUID=J3DN6WXzRjVAt4j_gUAEgL4v34hqtXpOtTWQ5nCMCS0= ownerName=Dan)
