23:21:37.568 [AI Patrol 00017] Spawning 3 West bots at <7274.563477, 293.260010, 2912.314453>
23:21:46.675 [AI Patrol 00017] Global patrol count: 1
23:21:46.691 [AI Patrol 00017] Patrol category patrol count: 1
23:21:46.707 [AI Patrol 00016] Spawning 3 East bots at <7507.812500, 330.790283, 2723.674072>
23:21:46.742 [AI Patrol 00016] Global patrol count: 2
23:21:46.753 [AI Patrol 00016] Patrol category patrol count: 2
23:22:05.296 [AI Object Patrol 00021] Spawning 3 West bots at <9054.459961, 450.423859, 2016.111938>
23:22:05.418 [AI Object Patrol 00021] Global patrol count: 3
23:22:05.432 [AI Object Patrol 00021] ContaminatedArea category patrol count: 1
23:57:10.263 [BaseBuildingRaiding] BaseRaiding: ExpansionWallBase<242f3e60> at <8348.776367, 322.444946, 1654.856567> has been hit by explosive M79<274063c0>
23:57:10.285 [BaseBuildingRaiding] ------------------------- Expansion Base Raiding Damage Report -------------------------
23:57:10.298 [BaseBuildingRaiding] Player "Survivor" (id=0nsyEhm9INQy3se8y-fXlbMHVv4YsIXloUCLC2unDyo= pos=<8349.07, 335.27, 1637.54>) damaged ExpansionWall6x3 at <8348.78, 322.44, 1654.86>
23:57:10.308 [BaseBuildingRaiding] They dealt 5.28668 * 50 = 264.334 damage with Explosion_40mm_Ammo from M79
23:57:10.318 [BaseBuildingRaiding] GlobalHealth hitpoints decreased from 28988.5 to 28724.2
23:57:10.329 [BaseBuildingRaiding] ----------------------------------------------------------------------------------------
23:57:38.850 [BaseBuildingRaiding] ------------------------- Expansion Base Raiding Damage Report -------------------------
23:57:38.860 [BaseBuildingRaiding] Player "Survivor" (id=0nsyEhm9INQy3se8y-fXlbMHVv4YsIXloUCLC2unDyo= pos=<8348.9, 335.17, 1637.17>) damaged ExpansionBarbedWire at <8359.9, 328.86, 1643.82>
23:57:38.870 [BaseBuildingRaiding] They dealt 70 * 1 = 70 damage with Bullet_556x45 from Expansion_M16
23:57:38.880 [BaseBuildingRaiding] GlobalHealth hitpoints decreased from 300 to 230
23:57:38.891 [BaseBuildingRaiding] ----------------------------------------------------------------------------------------
23:57:39.840 [BaseBuildingRaiding] ------------------------- Expansion Base Raiding Damage Report -------------------------
23:57:39.850 [BaseBuildingRaiding] Player "Survivor" (id=0nsyEhm9INQy3se8y-fXlbMHVv4YsIXloUCLC2unDyo= pos=<8348.9, 335.17, 1637.17>) damaged ExpansionBarbedWire at <8359.9, 328.86, 1643.82>
23:57:39.860 [BaseBuildingRaiding] They dealt 70 * 1 = 70 damage with Bullet_556x45 from Expansion_M16
23:57:39.870 [BaseBuildingRaiding] GlobalHealth hitpoints decreased from 230 to 160
23:57:39.880 [BaseBuildingRaiding] ----------------------------------------------------------------------------------------
23:57:39.890 [BaseBuildingRaiding] ------------------------- Expansion Base Raiding Damage Report -------------------------
23:57:39.900 [BaseBuildingRaiding] Player "Survivor" (id=0nsyEhm9INQy3se8y-fXlbMHVv4YsIXloUCLC2unDyo= pos=<8348.9, 335.17, 1637.17>) damaged ExpansionBarbedWire at <8357.73, 329.43, 1646.25>
23:57:39.911 [BaseBuildingRaiding] They dealt 70 * 1 = 70 damage with Bullet_556x45 from Expansion_M16
23:57:39.929 [BaseBuildingRaiding] GlobalHealth hitpoints decreased from 230 to 160
23:57:39.947 [BaseBuildingRaiding] ----------------------------------------------------------------------------------------
23:57:40.370 [BaseBuildingRaiding] ------------------------- Expansion Base Raiding Damage Report -------------------------
23:57:40.387 [BaseBuildingRaiding] Player "Survivor" (id=0nsyEhm9INQy3se8y-fXlbMHVv4YsIXloUCLC2unDyo= pos=<8348.9, 335.17, 1637.17>) damaged ExpansionBarbedWire at <8359.9, 328.86, 1643.82>
23:57:40.405 [BaseBuildingRaiding] They dealt 70 * 1 = 70 damage with Bullet_556x45 from Expansion_M16
23:57:40.424 [BaseBuildingRaiding] GlobalHealth hitpoints decreased from 160 to 90
23:57:40.439 [BaseBuildingRaiding] ----------------------------------------------------------------------------------------
23:57:40.451 [BaseBuildingRaiding] ------------------------- Expansion Base Raiding Damage Report -------------------------
23:57:40.462 [BaseBuildingRaiding] Player "Survivor" (id=0nsyEhm9INQy3se8y-fXlbMHVv4YsIXloUCLC2unDyo= pos=<8348.9, 335.17, 1637.17>) damaged ExpansionBarbedWire at <8357.73, 329.43, 1646.25>
23:57:40.472 [BaseBuildingRaiding] They dealt 70 * 1 = 70 damage with Bullet_556x45 from Expansion_M16
23:57:40.483 [BaseBuildingRaiding] GlobalHealth hitpoints decreased from 160 to 90
23:57:40.493 [BaseBuildingRaiding] ----------------------------------------------------------------------------------------
23:57:41.048 [BaseBuildingRaiding] ------------------------- Expansion Base Raiding Damage Report -------------------------
23:57:41.058 [BaseBuildingRaiding] Player "Survivor" (id=0nsyEhm9INQy3se8y-fXlbMHVv4YsIXloUCLC2unDyo= pos=<8348.9, 335.17, 1637.17>) damaged ExpansionBarbedWire at <8357.73, 329.43, 1646.25>
23:57:41.069 [BaseBuildingRaiding] They dealt 70 * 1 = 70 damage with Bullet_556x45 from Expansion_M16
23:57:41.079 [BaseBuildingRaiding] GlobalHealth hitpoints decreased from 90 to 20
23:57:41.089 [BaseBuildingRaiding] ----------------------------------------------------------------------------------------
23:57:41.099 [BaseBuildingRaiding] ------------------------- Expansion Base Raiding Damage Report -------------------------
23:57:41.109 [BaseBuildingRaiding] Player "Survivor" (id=0nsyEhm9INQy3se8y-fXlbMHVv4YsIXloUCLC2unDyo= pos=<8348.9, 335.17, 1637.17>) damaged ExpansionBarbedWire at <8359.9, 328.86, 1643.82>
23:57:41.119 [BaseBuildingRaiding] They dealt 70 * 1 = 70 damage with Bullet_556x45 from Expansion_M16
23:57:41.130 [BaseBuildingRaiding] GlobalHealth hitpoints decreased from 90 to 20
23:57:41.141 [BaseBuildingRaiding] ----------------------------------------------------------------------------------------
23:57:41.783 [BaseBuildingRaiding] ------------------------- Expansion Base Raiding Damage Report -------------------------
23:57:41.793 [BaseBuildingRaiding] Player "Survivor" (id=0nsyEhm9INQy3se8y-fXlbMHVv4YsIXloUCLC2unDyo= pos=<8348.91, 335.26, 1637.38>) damaged ExpansionBarbedWire at <8359.9, 328.86, 1643.82>
23:57:41.803 [BaseBuildingRaiding] They dealt 70 * 1 = 70 damage with Bullet_556x45 from Expansion_M16
23:57:41.814 [BaseBuildingRaiding] GlobalHealth hitpoints decreased from 20 to 0
23:57:41.824 [BaseBuildingRaiding] ----------------------------------------------------------------------------------------
23:57:41.835 [BaseBuildingRaiding] ------------------------- Expansion Base Raiding Damage Report -------------------------
23:57:41.846 [BaseBuildingRaiding] Player "Survivor" (id=0nsyEhm9INQy3se8y-fXlbMHVv4YsIXloUCLC2unDyo= pos=<8348.91, 335.26, 1637.38>) damaged ExpansionBarbedWire at <8357.73, 329.43, 1646.25>
23:57:41.857 [BaseBuildingRaiding] They dealt 70 * 1 = 70 damage with Bullet_556x45 from Expansion_M16
23:57:41.867 [BaseBuildingRaiding] GlobalHealth hitpoints decreased from 20 to 0
23:57:41.878 [BaseBuildingRaiding] ----------------------------------------------------------------------------------------
00:00:57.852 [AI Object Patrol 00021] Despawning 3 West bots (spawn position <9054.459961, 450.423859, 2016.111938>, 0/3 deceased)
00:00:57.863 [AI Object Patrol 00021] Global patrol count: 2
00:00:57.873 [AI Object Patrol 00021] ContaminatedArea category patrol count: 0
00:01:06.675 [BaseBuildingRaiding] ------------------------- Expansion Base Raiding Damage Report -------------------------
00:01:06.685 [BaseBuildingRaiding] Player "Survivor" (id=0nsyEhm9INQy3se8y-fXlbMHVv4YsIXloUCLC2unDyo= pos=<8344.02, 323.02, 1659.21>) damaged ExpansionWall6x3 at <8348.78, 322.44, 1654.86>
00:01:06.695 [BaseBuildingRaiding] They dealt 80 * 1 = 80 damage with Bullet_762x39 from AKM
00:01:06.706 [BaseBuildingRaiding] GlobalHealth hitpoints decreased from 28724.2 to 28644.2
00:01:06.717 [BaseBuildingRaiding] ----------------------------------------------------------------------------------------
00:01:07.222 [BaseBuildingRaiding] ------------------------- Expansion Base Raiding Damage Report -------------------------
00:01:07.234 [BaseBuildingRaiding] Player "Survivor" (id=0nsyEhm9INQy3se8y-fXlbMHVv4YsIXloUCLC2unDyo= pos=<8344.36, 323.03, 1659.66>) damaged ExpansionWall6x3 at <8359.97, 322.77, 1644.51>
00:01:07.245 [BaseBuildingRaiding] They dealt 80 * 1 = 80 damage with Bullet_762x39 from AKM
00:01:07.255 [BaseBuildingRaiding] GlobalHealth hitpoints decreased from 30000 to 29920
00:01:07.266 [BaseBuildingRaiding] ----------------------------------------------------------------------------------------
00:01:07.540 [BaseBuildingRaiding] ------------------------- Expansion Base Raiding Damage Report -------------------------
00:01:07.551 [BaseBuildingRaiding] Player "Survivor" (id=0nsyEhm9INQy3se8y-fXlbMHVv4YsIXloUCLC2unDyo= pos=<8344.36, 323.03, 1659.66>) damaged ExpansionWall6x3 at <8359.97, 322.77, 1644.51>
00:01:07.561 [BaseBuildingRaiding] They dealt 80 * 1 = 80 damage with Bullet_762x39 from AKM
00:01:07.573 [BaseBuildingRaiding] GlobalHealth hitpoints decreased from 29920 to 29840
00:01:07.584 [BaseBuildingRaiding] ----------------------------------------------------------------------------------------
00:01:07.951 [BaseBuildingRaiding] ------------------------- Expansion Base Raiding Damage Report -------------------------
00:01:07.969 [BaseBuildingRaiding] Player "Survivor" (id=0nsyEhm9INQy3se8y-fXlbMHVv4YsIXloUCLC2unDyo= pos=<8344.36, 323.03, 1659.66>) damaged ExpansionWall6x3 at <8359.97, 322.77, 1644.51>
00:01:07.987 [BaseBuildingRaiding] They dealt 80 * 1 = 80 damage with Bullet_762x39 from AKM
00:01:08.008 [BaseBuildingRaiding] GlobalHealth hitpoints decreased from 29840 to 29760
00:01:08.022 [BaseBuildingRaiding] ----------------------------------------------------------------------------------------
00:01:08.308 [BaseBuildingRaiding] ------------------------- Expansion Base Raiding Damage Report -------------------------
00:01:08.319 [BaseBuildingRaiding] Player "Survivor" (id=0nsyEhm9INQy3se8y-fXlbMHVv4YsIXloUCLC2unDyo= pos=<8344.36, 323.03, 1659.66>) damaged ExpansionWall6x3 at <8359.97, 322.77, 1644.51>
00:01:08.329 [BaseBuildingRaiding] They dealt 80 * 1 = 80 damage with Bullet_762x39 from AKM
00:01:08.340 [BaseBuildingRaiding] GlobalHealth hitpoints decreased from 29760 to 29680
00:01:08.350 [BaseBuildingRaiding] ----------------------------------------------------------------------------------------
00:01:08.688 [BaseBuildingRaiding] ------------------------- Expansion Base Raiding Damage Report -------------------------
00:01:08.699 [BaseBuildingRaiding] Player "Survivor" (id=0nsyEhm9INQy3se8y-fXlbMHVv4YsIXloUCLC2unDyo= pos=<8344.36, 323.03, 1659.66>) damaged ExpansionWall6x3 at <8359.97, 322.77, 1644.51>
00:01:08.709 [BaseBuildingRaiding] They dealt 80 * 1 = 80 damage with Bullet_762x39 from AKM
00:01:08.720 [BaseBuildingRaiding] GlobalHealth hitpoints decreased from 29680 to 29600
00:01:08.731 [BaseBuildingRaiding] ----------------------------------------------------------------------------------------
00:01:09.032 [BaseBuildingRaiding] ------------------------- Expansion Base Raiding Damage Report -------------------------
00:01:09.042 [BaseBuildingRaiding] Player "Survivor" (id=0nsyEhm9INQy3se8y-fXlbMHVv4YsIXloUCLC2unDyo= pos=<8344.36, 323.03, 1659.66>) damaged ExpansionWall6x3 at <8359.97, 322.77, 1644.51>
00:01:09.053 [BaseBuildingRaiding] They dealt 80 * 1 = 80 damage with Bullet_762x39 from AKM
00:01:09.063 [BaseBuildingRaiding] GlobalHealth hitpoints decreased from 29600 to 29520
00:01:09.073 [BaseBuildingRaiding] ----------------------------------------------------------------------------------------
00:01:09.263 [BaseBuildingRaiding] ------------------------- Expansion Base Raiding Damage Report -------------------------
00:01:09.273 [BaseBuildingRaiding] Player "Survivor" (id=0nsyEhm9INQy3se8y-fXlbMHVv4YsIXloUCLC2unDyo= pos=<8344.36, 323.03, 1659.66>) damaged ExpansionWall6x3 at <8357.23, 322.74, 1646.9>
00:01:09.284 [BaseBuildingRaiding] They dealt 80 * 1 = 80 damage with Bullet_762x39 from AKM
00:01:09.294 [BaseBuildingRaiding] GlobalHealth hitpoints decreased from 29966 to 29886
00:01:09.304 [BaseBuildingRaiding] ----------------------------------------------------------------------------------------
00:01:09.715 [BaseBuildingRaiding] ------------------------- Expansion Base Raiding Damage Report -------------------------
00:01:09.726 [BaseBuildingRaiding] Player "Survivor" (id=0nsyEhm9INQy3se8y-fXlbMHVv4YsIXloUCLC2unDyo= pos=<8344.36, 323.03, 1659.66>) damaged ExpansionWall6x3 at <8357.23, 322.74, 1646.9>
00:01:09.737 [BaseBuildingRaiding] They dealt 80 * 1 = 80 damage with Bullet_762x39 from AKM
00:01:09.748 [BaseBuildingRaiding] GlobalHealth hitpoints decreased from 29886 to 29806
00:01:09.758 [BaseBuildingRaiding] ----------------------------------------------------------------------------------------
00:01:10.357 [BaseBuildingRaiding] ------------------------- Expansion Base Raiding Damage Report -------------------------
00:01:10.369 [BaseBuildingRaiding] Player "Survivor" (id=0nsyEhm9INQy3se8y-fXlbMHVv4YsIXloUCLC2unDyo= pos=<8344.85, 323.02, 1659.67>) damaged ExpansionWall6x3 at <8357.23, 322.74, 1646.9>
00:01:10.382 [BaseBuildingRaiding] They dealt 46.6295 * 1 = 46.6295 damage with Bullet_762x39 from AKM
00:01:10.395 [BaseBuildingRaiding] GlobalHealth hitpoints decreased from 29806 to 29759.4
00:01:10.408 [BaseBuildingRaiding] ----------------------------------------------------------------------------------------
00:01:10.764 [BaseBuildingRaiding] ------------------------- Expansion Base Raiding Damage Report -------------------------
00:01:10.774 [BaseBuildingRaiding] Player "Survivor" (id=0nsyEhm9INQy3se8y-fXlbMHVv4YsIXloUCLC2unDyo= pos=<8344.85, 323.02, 1659.67>) damaged ExpansionWall6x3 at <8357.23, 322.74, 1646.9>
00:01:10.784 [BaseBuildingRaiding] They dealt 80 * 1 = 80 damage with Bullet_762x39 from AKM
00:01:10.794 [BaseBuildingRaiding] GlobalHealth hitpoints decreased from 29759.4 to 29679.4
00:01:10.804 [BaseBuildingRaiding] ----------------------------------------------------------------------------------------
00:01:12.083 [BaseBuildingRaiding] ------------------------- Expansion Base Raiding Damage Report -------------------------
00:01:12.109 [BaseBuildingRaiding] Player "Survivor" (id=0nsyEhm9INQy3se8y-fXlbMHVv4YsIXloUCLC2unDyo= pos=<8345.85, 323.03, 1660.51>) damaged ExpansionWall6x3 at <8357.23, 322.74, 1646.9>
00:01:12.127 [BaseBuildingRaiding] They dealt 80 * 1 = 80 damage with Bullet_762x39 from AKM
00:01:12.197 [BaseBuildingRaiding] GlobalHealth hitpoints decreased from 29679.4 to 29599.4
00:01:12.275 [BaseBuildingRaiding] ----------------------------------------------------------------------------------------
02:38:42.848 [VehicleDestroyed] Boat_01_Black (id=CE1C6C8247497D96450D29BA424B1579 pos=<3637.7, 169.79, 9095.16>)
03:06:42.827 [VehicleDestroyed] Boat_01_Black (id=471087B7AD41551E2A8CEFB1713D0B8C pos=<8423.52, 169.83, 11870.7>)
04:09:32.798 [VehicleDestroyed] Boat_01_Blue (id=0692BA75E14FC5299F67558571F9B05D pos=<6377.87, 169.79, 10766.8>)
