07:34:26.075 [AI Patrol 00018] Spawning 2 Civilian bots at <6698.182617, 356.671051, 3519.023926>
07:34:35.137 [AI Patrol 00018] Global patrol count: 1
07:34:35.147 [AI Patrol 00018] Patrol category patrol count: 1
07:34:35.157 [AI Patrol 00016] Spawning 3 East bots at <7414.203613, 287.040009, 2612.874268>
07:34:35.189 [AI Patrol 00016] Global patrol count: 2
07:34:35.200 [AI Patrol 00016] Patrol category patrol count: 2
07:34:35.210 [AI Patrol 00017] Spawning 1 West bots at <7370.672852, 289.474609, 2821.682373>
07:34:35.237 [AI Patrol 00017] Global patrol count: 3
07:34:35.248 [AI Patrol 00017] Patrol category patrol count: 3
07:43:51.625 [AI Patrol 00017] West bots were wiped out (spawn position <7370.672852, 289.474609, 2821.682373>, 1/1 deceased)
07:43:51.641 [AI Patrol 00017] Global patrol count: 2
07:43:51.656 [AI Patrol 00017] Patrol category patrol count: 2
08:14:14.082 [AI Patrol 00018] Despawning 2 Civilian bots (spawn position <6698.182617, 356.671051, 3519.023926>, 0/2 deceased)
08:14:14.414 [AI Patrol 00018] Global patrol count: 1
08:14:14.631 [AI Patrol 00018] Patrol category patrol count: 1
08:37:01.495 [AI Object Patrol 00037] Spawning 2 East bots at <5927.965820, 377.064575, 5007.750488>
08:37:01.529 [AI Object Patrol 00037] Global patrol count: 2
08:37:01.539 [AI Object Patrol 00037] HelicopterWreck category patrol count: 1
08:51:34.616 [AI Object Patrol 00037] East bots were wiped out (spawn position <5927.965820, 377.064575, 5007.750488>, 2/2 deceased)
08:51:34.758 [AI Object Patrol 00037] Global patrol count: 1
08:51:34.916 [AI Object Patrol 00037] HelicopterWreck category patrol count: 0
09:38:48.069 [AI Object Patrol 00037] Despawning East patrol (spawn position <5913.895020, 378.040253, 5010.015137>)
