00:43:21.610 [AI Patrol 00016] Spawning 2 West bots at <7301.979980, 289.250000, 2853.854492>
00:43:29.823 [AI Patrol 00016] Global patrol count: 1
00:43:29.833 [AI Patrol 00016] Patrol category patrol count: 1
00:43:29.844 [AI Patrol 00015] Spawning 2 East bots at <7711.242676, 303.242554, 2810.733398>
00:43:29.881 [AI Patrol 00015] Global patrol count: 2
00:43:29.892 [AI Patrol 00015] Patrol category patrol count: 2
01:07:49.438 [BaseBuildingRaiding] ------------------------- Expansion Base Raiding Damage Report -------------------------
01:07:49.449 [BaseBuildingRaiding] Player "Denis" (id= pos=<8355.47, 323.17, 1665.63>) damaged ExpansionBarbedWire at <8357.73, 329.43, 1646.25>
01:07:49.459 [BaseBuildingRaiding] They dealt 70 * 1 = 70 damage with Bullet_556x45 from AK101
01:07:49.470 [BaseBuildingRaiding] GlobalHealth hitpoints decreased from 300 to 230
01:07:49.481 [BaseBuildingRaiding] ----------------------------------------------------------------------------------------
01:15:50.132 [BaseBuildingRaiding] ------------------------- Expansion Base Raiding Damage Report -------------------------
01:15:50.142 [BaseBuildingRaiding] Player "Survivor" (id=0nsyEhm9INQy3se8y-fXlbMHVv4YsIXloUCLC2unDyo= pos=<8348.95, 335.15, 1637.26>) damaged ExpansionFloor6x6 at <8346.76, 328.45, 1652.64>
01:15:50.154 [BaseBuildingRaiding] They dealt 21 * 1 = 21 damage with Bullet_380 from PP19
01:15:50.164 [BaseBuildingRaiding] GlobalHealth hitpoints decreased from 30000 to 29979
01:15:50.174 [BaseBuildingRaiding] ----------------------------------------------------------------------------------------
01:15:50.808 [BaseBuildingRaiding] ------------------------- Expansion Base Raiding Damage Report -------------------------
01:15:50.820 [BaseBuildingRaiding] Player "Survivor" (id=0nsyEhm9INQy3se8y-fXlbMHVv4YsIXloUCLC2unDyo= pos=<8348.95, 335.15, 1637.26>) damaged ExpansionWall6x3 at <8349.58, 334.46, 1637.91>
01:15:50.830 [BaseBuildingRaiding] They dealt 21 * 1 = 21 damage with Bullet_380 from PP19
01:15:50.840 [BaseBuildingRaiding] GlobalHealth hitpoints decreased from 30000 to 29979
01:15:50.850 [BaseBuildingRaiding] ----------------------------------------------------------------------------------------
01:15:51.490 [BaseBuildingRaiding] ------------------------- Expansion Base Raiding Damage Report -------------------------
01:15:51.499 [BaseBuildingRaiding] Player "Survivor" (id=0nsyEhm9INQy3se8y-fXlbMHVv4YsIXloUCLC2unDyo= pos=<8348.95, 335.15, 1637.26>) damaged ExpansionWall6x3 at <8349.58, 334.46, 1637.91>
01:15:51.509 [BaseBuildingRaiding] They dealt 21 * 1 = 21 damage with Bullet_380 from PP19
01:15:51.518 [BaseBuildingRaiding] GlobalHealth hitpoints decreased from 29979 to 29958
01:15:51.528 [BaseBuildingRaiding] ----------------------------------------------------------------------------------------
01:15:51.895 [BaseBuildingRaiding] ------------------------- Expansion Base Raiding Damage Report -------------------------
01:15:51.905 [BaseBuildingRaiding] Player "Survivor" (id=0nsyEhm9INQy3se8y-fXlbMHVv4YsIXloUCLC2unDyo= pos=<8348.95, 335.15, 1637.26>) damaged ExpansionWall6x3 at <8349.58, 334.46, 1637.91>
01:15:51.914 [BaseBuildingRaiding] They dealt 21 * 1 = 21 damage with Bullet_380 from PP19
01:15:51.924 [BaseBuildingRaiding] GlobalHealth hitpoints decreased from 29958 to 29937
01:15:51.935 [BaseBuildingRaiding] ----------------------------------------------------------------------------------------
01:16:29.108 [BaseBuildingRaiding] ------------------------- Expansion Base Raiding Damage Report -------------------------
01:16:29.117 [BaseBuildingRaiding] Player "Survivor" (id=0nsyEhm9INQy3se8y-fXlbMHVv4YsIXloUCLC2unDyo= pos=<8343.46, 331.7, 1642.41>) damaged ExpansionFloor6x6 at <8346.76, 325.45, 1652.64>
01:16:29.127 [BaseBuildingRaiding] They dealt 21 * 1 = 21 damage with Bullet_380 from PP19
01:16:29.137 [BaseBuildingRaiding] GlobalHealth hitpoints decreased from 30000 to 29979
01:16:29.146 [BaseBuildingRaiding] ----------------------------------------------------------------------------------------
01:16:29.157 [BaseBuildingRaiding] ------------------------- Expansion Base Raiding Damage Report -------------------------
01:16:29.166 [BaseBuildingRaiding] Player "Survivor" (id=0nsyEhm9INQy3se8y-fXlbMHVv4YsIXloUCLC2unDyo= pos=<8343.46, 331.7, 1642.41>) damaged ExpansionWall6x3 at <8348.78, 325.45, 1654.86>
01:16:29.176 [BaseBuildingRaiding] They dealt 21 * 1 = 21 damage with Bullet_380 from PP19
01:16:29.186 [BaseBuildingRaiding] GlobalHealth hitpoints decreased from 30000 to 29979
01:16:29.197 [BaseBuildingRaiding] ----------------------------------------------------------------------------------------
01:18:21.084 [BaseBuildingRaiding] ------------------------- Expansion Base Raiding Damage Report -------------------------
01:18:21.094 [BaseBuildingRaiding] Player "Survivor" (id=0nsyEhm9INQy3se8y-fXlbMHVv4YsIXloUCLC2unDyo= pos=<8345.05, 334.7, 1637.19>) damaged Fence at <8339.69, 342.81, 1636.01>
01:18:21.104 [BaseBuildingRaiding] They dealt 21 * 1 = 21 damage with Bullet_380 from PP19
01:18:21.113 [BaseBuildingRaiding] Wall_Metal_Up hitpoints decreased from 21000 to 20979
01:18:21.123 [BaseBuildingRaiding] ----------------------------------------------------------------------------------------
01:18:38.068 [BaseBuildingRaiding] ------------------------- Expansion Base Raiding Damage Report -------------------------
01:18:38.083 [BaseBuildingRaiding] Player "Survivor" (id=0nsyEhm9INQy3se8y-fXlbMHVv4YsIXloUCLC2unDyo= pos=<8346.04, 334.7, 1638.28>) damaged Fence at <8339.69, 342.81, 1636.01>
01:18:38.094 [BaseBuildingRaiding] They dealt 21 * 1 = 21 damage with Bullet_380 from PP19
01:18:38.105 [BaseBuildingRaiding] Wall_Metal_Up hitpoints decreased from 20979 to 20958
01:18:38.115 [BaseBuildingRaiding] ----------------------------------------------------------------------------------------
01:18:39.369 [BaseBuildingRaiding] ------------------------- Expansion Base Raiding Damage Report -------------------------
01:18:39.379 [BaseBuildingRaiding] Player "Survivor" (id=0nsyEhm9INQy3se8y-fXlbMHVv4YsIXloUCLC2unDyo= pos=<8346.04, 334.7, 1638.28>) damaged Fence at <8339.69, 342.81, 1636.01>
01:18:39.390 [BaseBuildingRaiding] They dealt 21 * 1 = 21 damage with Bullet_380 from PP19
01:18:39.400 [BaseBuildingRaiding] Wall_Metal_Up hitpoints decreased from 20958 to 20937
01:18:39.411 [BaseBuildingRaiding] ----------------------------------------------------------------------------------------
01:18:40.487 [BaseBuildingRaiding] ------------------------- Expansion Base Raiding Damage Report -------------------------
01:18:40.497 [BaseBuildingRaiding] Player "Survivor" (id=0nsyEhm9INQy3se8y-fXlbMHVv4YsIXloUCLC2unDyo= pos=<8346.04, 334.7, 1638.28>) damaged Fence at <8339.69, 342.81, 1636.01>
01:18:40.508 [BaseBuildingRaiding] They dealt 21 * 1 = 21 damage with Bullet_380 from PP19
01:18:40.518 [BaseBuildingRaiding] Wall_Metal_Up hitpoints decreased from 20937 to 20916
01:18:40.528 [BaseBuildingRaiding] ----------------------------------------------------------------------------------------
01:18:42.140 [BaseBuildingRaiding] ------------------------- Expansion Base Raiding Damage Report -------------------------
01:18:42.150 [BaseBuildingRaiding] Player "Survivor" (id=0nsyEhm9INQy3se8y-fXlbMHVv4YsIXloUCLC2unDyo= pos=<8346.04, 334.7, 1638.28>) damaged Fence at <8339.69, 342.81, 1636.01>
01:18:42.160 [BaseBuildingRaiding] They dealt 21 * 1 = 21 damage with Bullet_380 from PP19
01:18:42.169 [BaseBuildingRaiding] Wall_Metal_Up hitpoints decreased from 20916 to 20895
01:18:42.179 [BaseBuildingRaiding] ----------------------------------------------------------------------------------------
01:18:44.756 [BaseBuildingRaiding] ------------------------- Expansion Base Raiding Damage Report -------------------------
01:18:44.767 [BaseBuildingRaiding] Player "Survivor" (id=0nsyEhm9INQy3se8y-fXlbMHVv4YsIXloUCLC2unDyo= pos=<8346.84, 334.7, 1638.75>) damaged Fence at <8339.69, 342.81, 1636.01>
01:18:44.777 [BaseBuildingRaiding] They dealt 21 * 1 = 21 damage with Bullet_380 from PP19
01:18:44.786 [BaseBuildingRaiding] Wall_Metal_Up hitpoints decreased from 20895 to 20874
01:18:44.796 [BaseBuildingRaiding] ----------------------------------------------------------------------------------------
