06:12:39.483 [MissionAirdrop] An airdrop is heading towards "Zapadlisko" (pos=<8399.000000, 0.000000, 8803.000000> type=Random_Zapadlisko) with a ExpansionAirdropContainer_Basebuilding
07:38:43.755 [MissionAirdrop] An airdrop is heading towards "Muratyn" (pos=<4559.000000, 0.000000, 6852.000000> type=Random_Muratyn) with a ExpansionAirdropContainer
08:00:39.414 [VehicleDestroyed] Boat_01_Orange (id=FE2395089B494C24D73830AA7F149AB4 pos=<11791.4, 169.86, 10939.9>)
09:00:00.999 [Party] Player "Dan" (id=J3DN6WXzRjVAt4j_gUAEgL4v34hqtXpOtTWQ5nCMCS0=) joined the party "Dragon Unyielding" (id=7 ownerUID=J3DN6WXzRjVAt4j_gUAEgL4v34hqtXpOtTWQ5nCMCS0= ownerName=Dan)
09:01:10.069 [Party] Player "Dan" (id=J3DN6WXzRjVAt4j_gUAEgL4v34hqtXpOtTWQ5nCMCS0=) left the party "Dragon Unyielding" (id=7 ownerUID=J3DN6WXzRjVAt4j_gUAEgL4v34hqtXpOtTWQ5nCMCS0= ownerName=Dan)
09:03:06.691 [Party] Player "Dan" (id=J3DN6WXzRjVAt4j_gUAEgL4v34hqtXpOtTWQ5nCMCS0=) joined the party "Dragon Unyielding" (id=7 ownerUID=J3DN6WXzRjVAt4j_gUAEgL4v34hqtXpOtTWQ5nCMCS0= ownerName=Dan)
09:04:34.962 [MissionAirdrop] An airdrop is heading towards "Muratyn" (pos=<4559.000000, 0.000000, 6852.000000> type=Random_Muratyn) with a ExpansionAirdropContainer
09:05:37.470 [VehicleDeleted] Boat_01_Orange (id=FE2395089B494C24D73830AA7F149AB4 pos=<11791.5, 169.82, 10939.7>)
09:05:38.591 [VehicleEnter] Player "Dan" (id=J3DN6WXzRjVAt4j_gUAEgL4v34hqtXpOtTWQ5nCMCS0=) entered vehicle UH-1H (id=9D9DF319DF47CBFD85615DBC3E8A3191 pos=<6562.56, 206.44, 8405.48>) as pilot
09:05:40.715 [VehicleLeave] Player "Dan" (id=J3DN6WXzRjVAt4j_gUAEgL4v34hqtXpOtTWQ5nCMCS0=) left vehicle UH-1H (id=9D9DF319DF47CBFD85615DBC3E8A3191 pos=<6562.56, 206.44, 8405.49>)
09:12:29.292 [VehicleEnter] Player "Dan" (id=J3DN6WXzRjVAt4j_gUAEgL4v34hqtXpOtTWQ5nCMCS0=) entered vehicle UH-1H (id=9D9DF319DF47CBFD85615DBC3E8A3191 pos=<6562.56, 206.44, 8405.49>) as pilot
09:12:33.565 [VehicleEngine] Player "Dan" (id=J3DN6WXzRjVAt4j_gUAEgL4v34hqtXpOtTWQ5nCMCS0=) started vehicle UH-1H (id=9D9DF319DF47CBFD85615DBC3E8A3191 pos=<6562.56, 206.44, 8405.49>)
09:13:34.466 [AI Object Patrol 00005] Spawning 3 East bots at <6823.183594, 222.127655, 8599.533203>
09:13:34.502 [AI Object Patrol 00005] Global patrol count: 1
09:13:34.511 [AI Object Patrol 00005] HelicopterWreck category patrol count: 1
09:15:57.974 [AI Patrol 00018] Spawning 2 East bots at <9351.250977, 193.222031, 10978.541016>
09:15:58.017 [AI Patrol 00018] Global patrol count: 2
09:15:58.027 [AI Patrol 00018] Patrol category patrol count: 1
09:16:20.683 [AI Patrol 00019] Spawning 1 East bots at <9344.777344, 232.308380, 10565.623047>
09:16:20.798 [AI Patrol 00019] Global patrol count: 3
09:16:20.866 [AI Patrol 00019] Patrol category patrol count: 2
09:18:17.611 [AI Object Patrol 00023] Spawning 1 East bots at <9399.879883, 253.453903, 8108.833496>
09:18:17.650 [AI Object Patrol 00023] Global patrol count: 4
09:18:17.659 [AI Object Patrol 00023] HelicopterWreck category patrol count: 2
09:21:49.414 [VehicleEngine] Player "Dan" (id=J3DN6WXzRjVAt4j_gUAEgL4v34hqtXpOtTWQ5nCMCS0=) stopped vehicle UH-1H (id=9D9DF319DF47CBFD85615DBC3E8A3191 pos=<8135.58, 238.88, 8400.6>)
09:21:58.345 [VehicleLeave] Player "Dan" (id=J3DN6WXzRjVAt4j_gUAEgL4v34hqtXpOtTWQ5nCMCS0=) left vehicle UH-1H (id=9D9DF319DF47CBFD85615DBC3E8A3191 pos=<8135.6, 238.88, 8400.55>)
09:24:03.565 [AI Object Patrol 00005] Despawning 3 East bots (spawn position <6823.183594, 222.127655, 8599.533203>, 0/3 deceased)
09:24:03.574 [AI Object Patrol 00005] Global patrol count: 3
09:24:03.584 [AI Object Patrol 00005] HelicopterWreck category patrol count: 1
09:26:39.079 [AI Patrol 00019] Despawning 1 East bots (spawn position <9344.777344, 232.308380, 10565.623047>, 0/1 deceased)
09:26:39.089 [AI Patrol 00019] Global patrol count: 2
09:26:39.099 [AI Patrol 00019] Patrol category patrol count: 1
09:26:48.338 [AI Patrol 00018] Despawning 2 East bots (spawn position <9351.250977, 193.222031, 10978.541016>, 0/2 deceased)
09:26:48.347 [AI Patrol 00018] Global patrol count: 1
09:26:48.357 [AI Patrol 00018] Patrol category patrol count: 0
09:28:44.114 [VehicleEnter] Player "Dan" (id=J3DN6WXzRjVAt4j_gUAEgL4v34hqtXpOtTWQ5nCMCS0=) entered vehicle UH-1H (id=9D9DF319DF47CBFD85615DBC3E8A3191 pos=<8135.65, 238.89, 8400.37>) as pilot
09:28:47.308 [VehicleEngine] Player "Dan" (id=J3DN6WXzRjVAt4j_gUAEgL4v34hqtXpOtTWQ5nCMCS0=) started vehicle UH-1H (id=9D9DF319DF47CBFD85615DBC3E8A3191 pos=<8135.66, 238.89, 8400.35>)
09:29:09.302 [AI Object Patrol 00023] Despawning 1 East bots (spawn position <9399.879883, 253.453903, 8108.833496>, 0/1 deceased)
09:29:09.311 [AI Object Patrol 00023] Global patrol count: 0
09:29:09.320 [AI Object Patrol 00023] HelicopterWreck category patrol count: 0
09:35:40.683 [AI Object Patrol 00020] Spawning 2 East bots at <8250.544922, 283.499451, 6039.328613>
09:35:40.730 [AI Object Patrol 00020] Global patrol count: 1
09:35:40.740 [AI Object Patrol 00020] HelicopterWreck category patrol count: 1
09:35:41.644 [AI Object Patrol 00011] Spawning 1 West bots at <7792.650879, 249.833267, 6123.270996>
09:35:41.680 [AI Object Patrol 00011] Global patrol count: 2
09:35:41.689 [AI Object Patrol 00011] ContaminatedArea category patrol count: 1
09:36:19.779 [AI Object Patrol 00009] Spawning 1 West bots at <7964.253906, 252.296585, 5779.664551>
09:36:19.924 [AI Object Patrol 00009] Global patrol count: 3
09:36:19.986 [AI Object Patrol 00009] ContaminatedArea category patrol count: 2
09:36:55.086 [AI Patrol 00015] Spawning 2 East bots at <7692.660645, 304.107361, 2811.695068>
09:36:55.175 [AI Patrol 00015] Global patrol count: 4
09:36:55.220 [AI Patrol 00015] Patrol category patrol count: 1
09:36:55.337 [AI Patrol 00016] Spawning 2 West bots at <7534.188965, 324.470551, 2716.304932>
09:36:55.378 [AI Patrol 00016] Global patrol count: 5
09:36:55.388 [AI Patrol 00016] Patrol category patrol count: 2
09:37:37.935 [AI Object Patrol 00020] Despawning 2 East bots (spawn position <8250.544922, 283.499451, 6039.328613>, 0/2 deceased)
09:37:37.945 [AI Object Patrol 00020] Global patrol count: 4
09:37:37.955 [AI Object Patrol 00020] HelicopterWreck category patrol count: 0
09:38:20.157 [AI Object Patrol 00027] Spawning 3 West bots at <4285.525879, 272.578766, 6199.579590>
09:38:20.186 [AI Object Patrol 00027] Global patrol count: 5
09:38:20.195 [AI Object Patrol 00027] HelicopterWreck category patrol count: 1
09:41:42.471 [VehicleEngine] Player "Dan" (id=J3DN6WXzRjVAt4j_gUAEgL4v34hqtXpOtTWQ5nCMCS0=) stopped vehicle UH-1H (id=9D9DF319DF47CBFD85615DBC3E8A3191 pos=<2316.55, 398.62, 5667.29>)
09:41:59.086 [VehicleLeave] Player "Dan" (id=J3DN6WXzRjVAt4j_gUAEgL4v34hqtXpOtTWQ5nCMCS0=) left vehicle UH-1H (id=9D9DF319DF47CBFD85615DBC3E8A3191 pos=<2316.38, 398.63, 5667.3>)
09:42:56.048 [VehicleDestroyed] Truck_01_Covered_Orange (id=C21966D648441C46A97CB4B989475BB9 pos=<2514.85, 394.73, 5630.29>)
09:46:28.417 [VehicleEnter] Player "Dan" (id=J3DN6WXzRjVAt4j_gUAEgL4v34hqtXpOtTWQ5nCMCS0=) entered vehicle UH-1H (id=9D9DF319DF47CBFD85615DBC3E8A3191 pos=<2316.08, 398.65, 5667.34>) as pilot
09:46:36.329 [VehicleLeave] Player "Dan" (id=J3DN6WXzRjVAt4j_gUAEgL4v34hqtXpOtTWQ5nCMCS0=) left vehicle UH-1H (id=9D9DF319DF47CBFD85615DBC3E8A3191 pos=<2315.98, 398.65, 5667.35>)
09:46:40.393 [VehicleEnter] Player "Dan" (id=J3DN6WXzRjVAt4j_gUAEgL4v34hqtXpOtTWQ5nCMCS0=) entered vehicle UH-1H (id=9D9DF319DF47CBFD85615DBC3E8A3191 pos=<2315.98, 398.65, 5667.35>) as pilot
09:46:43.744 [VehicleEngine] Player "Dan" (id=J3DN6WXzRjVAt4j_gUAEgL4v34hqtXpOtTWQ5nCMCS0=) started vehicle UH-1H (id=9D9DF319DF47CBFD85615DBC3E8A3191 pos=<2315.93, 398.66, 5667.36>)
09:47:04.955 [AI Object Patrol 00011] Despawning 1 West bots (spawn position <7792.650879, 249.833267, 6123.270996>, 0/1 deceased)
09:47:04.966 [AI Object Patrol 00011] Global patrol count: 4
09:47:04.978 [AI Object Patrol 00011] ContaminatedArea category patrol count: 1
09:47:24.107 [AI Object Patrol 00025] Spawning 3 West bots at <3124.697998, 233.825317, 6793.770020>
09:47:24.152 [AI Object Patrol 00025] Global patrol count: 5
09:47:24.162 [AI Object Patrol 00025] ContaminatedArea category patrol count: 2
09:47:24.952 [AI Object Patrol 00009] Despawning 1 West bots (spawn position <7964.253906, 252.296585, 5779.664551>, 0/1 deceased)
09:47:24.962 [AI Object Patrol 00009] Global patrol count: 4
09:47:24.972 [AI Object Patrol 00009] ContaminatedArea category patrol count: 1
09:47:26.170 [AI Object Patrol 00025] Despawning 3 West bots (spawn position <3124.697998, 233.825317, 6793.770020>, 0/3 deceased)
09:47:26.180 [AI Object Patrol 00025] Global patrol count: 3
09:47:26.190 [AI Object Patrol 00025] ContaminatedArea category patrol count: 0
09:48:49.618 [VehicleDeleted] Truck_01_Covered_Orange (id=C21966D648441C46A97CB4B989475BB9 pos=<2514.85, 394.73, 5630.29>)
09:49:25.363 [AI Object Patrol 00029] Spawning 1 West bots at <6839.972656, 223.360367, 8609.940430>
09:49:25.400 [AI Object Patrol 00029] Global patrol count: 4
09:49:25.410 [AI Object Patrol 00029] HelicopterWreck category patrol count: 2
09:50:17.200 [AI Object Patrol 00027] Despawning 3 West bots (spawn position <4285.525879, 272.578766, 6199.579590>, 0/3 deceased)
09:50:17.209 [AI Object Patrol 00027] Global patrol count: 3
09:50:17.218 [AI Object Patrol 00027] HelicopterWreck category patrol count: 1
09:50:18.713 [AI Object Patrol 00013] Spawning 2 West bots at <4057.624023, 238.140457, 10161.269531>
09:50:18.749 [AI Object Patrol 00013] Global patrol count: 4
09:50:18.759 [AI Object Patrol 00013] ContaminatedArea category patrol count: 1
09:50:19.621 [AI Object Patrol 00012] Spawning 2 West bots at <4300.784668, 238.160004, 10566.093750>
09:50:19.646 [AI Object Patrol 00012] Global patrol count: 5
09:50:19.656 [AI Object Patrol 00012] ContaminatedArea category patrol count: 2
09:54:14.503 [VehicleEngine] Player "Dan" (id=J3DN6WXzRjVAt4j_gUAEgL4v34hqtXpOtTWQ5nCMCS0=) stopped vehicle UH-1H (id=9D9DF319DF47CBFD85615DBC3E8A3191 pos=<5120.28, 194.11, 10364.1>)
09:54:24.376 [VehicleLeave] Player "Dan" (id=J3DN6WXzRjVAt4j_gUAEgL4v34hqtXpOtTWQ5nCMCS0=) left vehicle UH-1H (id=9D9DF319DF47CBFD85615DBC3E8A3191 pos=<5119.42, 194.08, 10363.7>)
09:57:42.328 [VehicleEnter] Player "Dan" (id=J3DN6WXzRjVAt4j_gUAEgL4v34hqtXpOtTWQ5nCMCS0=) entered vehicle UH-1H (id=9D9DF319DF47CBFD85615DBC3E8A3191 pos=<5119.11, 194.09, 10363.7>) as pilot
09:59:03.883 [VehicleLeave] Player "Dan" (id=J3DN6WXzRjVAt4j_gUAEgL4v34hqtXpOtTWQ5nCMCS0=) left vehicle UH-1H (id=9D9DF319DF47CBFD85615DBC3E8A3191 pos=<5118.91, 194.09, 10363.6>)
09:59:38.230 [AI Object Patrol 00029] Despawning 1 West bots (spawn position <6839.972656, 223.360367, 8609.940430>, 0/1 deceased)
09:59:38.369 [AI Object Patrol 00029] Global patrol count: 4
09:59:38.508 [AI Object Patrol 00029] HelicopterWreck category patrol count: 0
10:14:39.538 [VehicleEnter] Player "Dan" (id=J3DN6WXzRjVAt4j_gUAEgL4v34hqtXpOtTWQ5nCMCS0=) entered vehicle UH-1H (id=9D9DF319DF47CBFD85615DBC3E8A3191 pos=<5118.88, 194.09, 10363.6>) as pilot
10:14:43.434 [VehicleEngine] Player "Dan" (id=J3DN6WXzRjVAt4j_gUAEgL4v34hqtXpOtTWQ5nCMCS0=) started vehicle UH-1H (id=9D9DF319DF47CBFD85615DBC3E8A3191 pos=<5118.88, 194.09, 10363.6>)
10:17:29.891 [VehicleEngine] Player "Dan" (id=J3DN6WXzRjVAt4j_gUAEgL4v34hqtXpOtTWQ5nCMCS0=) stopped vehicle UH-1H (id=9D9DF319DF47CBFD85615DBC3E8A3191 pos=<6582.12, 216.82, 8368.95>)
10:17:56.337 [VehicleLeave] Player "Dan" (id=J3DN6WXzRjVAt4j_gUAEgL4v34hqtXpOtTWQ5nCMCS0=) left vehicle UH-1H (id=9D9DF319DF47CBFD85615DBC3E8A3191 pos=<6593.03, 206.48, 8376.69>)
10:20:23.248 [AI Object Patrol 00013] Despawning 2 West bots (spawn position <4057.624023, 238.140457, 10161.269531>, 0/2 deceased)
10:20:23.258 [AI Object Patrol 00013] Global patrol count: 3
10:20:23.268 [AI Object Patrol 00013] ContaminatedArea category patrol count: 1
10:24:58.669 [AI Object Patrol 00012] Despawning 2 West bots (spawn position <4300.784668, 238.160004, 10566.093750>, 0/2 deceased)
10:24:58.679 [AI Object Patrol 00012] Global patrol count: 2
10:24:58.689 [AI Object Patrol 00012] ContaminatedArea category patrol count: 0
10:26:59.258 [VehicleDestroyed] ExpansionUh1h (id=9D9DF319DF47CBFD85615DBC3E8A3191 pos=<6593.03, 206.48, 8376.68>)
10:27:04.270 [VehicleDeleted] ExpansionUh1h (id=9D9DF319DF47CBFD85615DBC3E8A3191 pos=<0, 0, 0>)
10:28:58.758 [VehicleDestroyed] ExpansionUh1h_Resistance (id=64B7EC1A5B4F98F73CC17F923812A896 pos=<1228.14, 169.14, 7566.18>)
10:29:06.113 [VehicleDestroyed] ExpansionUh1h_Uber (id=C00755ECC7478B508A90168F57FB8F1C pos=<7924.74, 169.29, 11834>)
10:31:10.179 [MissionAirdrop] An airdrop is heading towards "Dolnik" (pos=<11491.000000, 0.000000, 763.000000> type=Random_Dolnik) with a ExpansionAirdropContainer
10:32:34.006 [Party] Player "Dan" (id=J3DN6WXzRjVAt4j_gUAEgL4v34hqtXpOtTWQ5nCMCS0=) left the party "Dragon Unyielding" (id=7 ownerUID=J3DN6WXzRjVAt4j_gUAEgL4v34hqtXpOtTWQ5nCMCS0= ownerName=Dan)
10:35:10.966 [VehicleDeleted] ExpansionUh1h_Resistance (id=64B7EC1A5B4F98F73CC17F923812A896 pos=<1230.46, 168.72, 7567.19>)
10:35:38.750 [VehicleDeleted] ExpansionUh1h_Uber (id=C00755ECC7478B508A90168F57FB8F1C pos=<7925.43, 169.2, 11835>)
10:37:54.224 [VehicleDestroyed] ExpansionUh1h_Resistance (id=13CBC2BA73437D161ACC8B9D82465417 pos=<1228.15, 169.12, 7566.27>)
10:38:07.799 [VehicleDestroyed] ExpansionUh1h (id=813C7007DB459E2DDFC95886540A6B0F pos=<7924.94, 169.43, 11833.6>)
11:25:20.621 [Killfeed] AI Niki (West) got killed by AI Elias (East) with KAS-74U from a distance of 2 m.
11:25:29.178 [Killfeed] AI Elias (East) got killed by AI Baty (West) with AUR AX from a distance of 12 m.
11:25:33.299 [AI Patrol 00015] East bots were wiped out (spawn position <7692.660645, 304.107361, 2811.695068>, 2/2 deceased)
11:25:33.309 [AI Patrol 00015] Global patrol count: 1
11:25:33.319 [AI Patrol 00015] Patrol category patrol count: 1
12:01:12.488 [MissionAirdrop] An airdrop is heading towards "Radunin" (pos=<7209.000000, 0.000000, 6073.000000> type=Random_Radunin) with a ExpansionAirdropContainer
12:36:11.609 [VehicleDeleted] ExpansionUh1h_Resistance (id=13CBC2BA73437D161ACC8B9D82465417 pos=<1235.24, 168.49, 7566.82>)
12:36:40.169 [VehicleDeleted] ExpansionUh1h (id=813C7007DB459E2DDFC95886540A6B0F pos=<7926.06, 169.71, 11833.2>)
12:38:55.345 [VehicleDestroyed] ExpansionUh1h (id=61365F5D0349E0191ABC22883A74D14F pos=<1228.15, 169.12, 7566.27>)
12:39:16.165 [VehicleDestroyed] ExpansionUh1h_Resistance (id=029D91212443EBC7C2A36E83F5ADE3F7 pos=<7925, 169.48, 11833.5>)
12:41:45.912 [VehicleEnter] Player "Bad Boy" (id=7EOOpe6Cv8QB45p22zWB29TPheQCYualmurDzSA3CR0=) entered vehicle Gyrocopter (id=1054014C164227E89D2D10901A4B543D pos=<6087.48, 179.66, 10658.9>) as pilot
12:41:49.819 [VehicleEngine] Player "Bad Boy" (id=7EOOpe6Cv8QB45p22zWB29TPheQCYualmurDzSA3CR0=) started vehicle Gyrocopter (id=1054014C164227E89D2D10901A4B543D pos=<6087.41, 179.66, 10658.7>)
12:43:35.419 [AI Object Patrol 00049] Spawning 1 West bots at <7266.315430, 215.675858, 7733.023926>
12:43:35.445 [AI Object Patrol 00049] Global patrol count: 2
12:43:35.455 [AI Object Patrol 00049] HelicopterWreck category patrol count: 1
12:44:16.525 [AI Object Patrol 00008] Spawning 3 West bots at <7302.240234, 226.148956, 6456.574707>
12:44:16.613 [AI Object Patrol 00008] Global patrol count: 3
12:44:16.683 [AI Object Patrol 00008] ContaminatedArea category patrol count: 1
12:45:02.718 [AI Object Patrol 00048] Spawning 1 West bots at <6784.391113, 344.100006, 4845.290039>
12:45:02.753 [AI Object Patrol 00048] Global patrol count: 4
12:45:02.763 [AI Object Patrol 00048] HelicopterWreck category patrol count: 2
12:45:02.998 [VehicleDeleted] ExpansionUh1h (id=61365F5D0349E0191ABC22883A74D14F pos=<1230.36, 168.73, 7567.16>)
12:45:30.919 [VehicleDeleted] ExpansionUh1h_Resistance (id=029D91212443EBC7C2A36E83F5ADE3F7 pos=<7924.99, 169.48, 11833.5>)
12:46:51.239 [VehicleEngine] Player "NULL" (id=NULL) stopped vehicle Gyrocopter (id=1054014C164227E89D2D10901A4B543D pos=<7102.24, 310.32, 4944.39>)
12:46:51.272 [VehicleLeave] Player "Bad Boy" (id=7EOOpe6Cv8QB45p22zWB29TPheQCYualmurDzSA3CR0=) left vehicle Gyrocopter (id=1054014C164227E89D2D10901A4B543D pos=<7102.24, 310.32, 4944.39>)
12:47:47.502 [Killfeed] AI Maria (Shamans) got killed by AI Hassan (West) with AUR A1 from a distance of 59 m.
12:47:48.300 [VehicleDestroyed] ExpansionUh1h_Resistance (id=28F93B3DFE4BCCA3C59C33A1CA74F4DC pos=<1228.16, 169.11, 7566.28>)
12:47:56.621 [VehicleDestroyed] ExpansionUh1h_Resistance (id=7B5389E46A43B9BD7B310F9809D62576 pos=<7924.54, 169.32, 11833.8>)
12:49:13.793 [Killfeed] AI Frida (Shamans) got killed by AI Gabi (West) with AUR AX from a distance of 10 m.
12:49:48.521 [AI Object Patrol 00045] Spawning 2 West bots at <6130.537598, 385.999268, 4148.106445>
12:49:48.567 [AI Object Patrol 00045] Global patrol count: 5
12:49:48.578 [AI Object Patrol 00045] ContaminatedArea category patrol count: 2
12:53:56.124 [VehicleDeleted] ExpansionUh1h_Resistance (id=28F93B3DFE4BCCA3C59C33A1CA74F4DC pos=<1230.38, 168.71, 7567.26>)
12:54:20.101 [Killfeed] AI Hassan (West) got killed by AI Jose (East) with KA-101 from a distance of 8 m.
12:54:20.219 [AI Object Patrol 00049] Despawning 1 West bots (spawn position <7266.315430, 215.675858, 7733.023926>, 0/1 deceased)
12:54:20.260 [AI Object Patrol 00049] Global patrol count: 4
12:54:20.270 [AI Object Patrol 00049] HelicopterWreck category patrol count: 1
12:54:22.688 [AI Object Patrol 00048] West bots were wiped out (spawn position <6784.391113, 344.100006, 4845.290039>, 1/1 deceased)
12:54:22.699 [AI Object Patrol 00048] Global patrol count: 3
12:54:22.710 [AI Object Patrol 00048] HelicopterWreck category patrol count: 0
12:54:24.844 [VehicleDeleted] ExpansionUh1h_Resistance (id=7B5389E46A43B9BD7B310F9809D62576 pos=<7925.53, 169.54, 11833.6>)
12:55:05.591 [AI Object Patrol 00008] Despawning 3 West bots (spawn position <7302.240234, 226.148956, 6456.574707>, 0/3 deceased)
12:55:05.601 [AI Object Patrol 00008] Global patrol count: 2
12:55:05.611 [AI Object Patrol 00008] ContaminatedArea category patrol count: 1
12:56:40.070 [VehicleDestroyed] ExpansionUh1h (id=D8033E726E4B0F0A714CCEAE9697A013 pos=<1228.17, 169.14, 7566.19>)
12:56:41.201 [Killfeed] AI Jose (East) got killed by AI Linda (West) with AUR A1 from a distance of 11 m.
12:56:58.654 [VehicleDestroyed] ExpansionUh1h_Medical (id=8744AD4EF441DCF8093AFE9EB2E4C4C7 pos=<7924.8, 169.4, 11833.5>)
12:57:52.816 [Killfeed] AI Judy (Shamans) got killed by Bad Boy with IA2 from a distance of 12 m.
12:58:54.567 [Killfeed] AI Irena (East) got killed by Bad Boy with IA2 from a distance of 26 m.
12:58:56.047 [Killfeed] AI Linda (West) got killed by Bad Boy with IA2 from a distance of 28 m.
12:59:26.002 [Killfeed] AI Gabi (West) got killed by Bad Boy with IA2 from a distance of 25 m.
12:59:32.630 [AI Object Patrol 00045] Despawning 2 West bots (spawn position <6130.537598, 385.999268, 4148.106445>, 0/2 deceased)
12:59:32.639 [AI Object Patrol 00045] Global patrol count: 1
12:59:32.650 [AI Object Patrol 00045] ContaminatedArea category patrol count: 0
13:00:02.152 [Killfeed] AI Linda (West) got killed by AI Frida (Shamans) with KA-M from a distance of 7 m.
13:00:34.243 [Killfeed] AI Eva (East) got killed by AI Hassan (West) with LE-MAS from a distance of 19 m.
13:01:01.651 [Killfeed] AI Francis (West) got killed by Bad Boy with IA2 from a distance of 3 m.
13:02:03.371 [Killfeed] AI Irena (Shamans) got killed by AI Manua (West) with AUR A1 from a distance of 5 m.
13:02:12.382 [Killfeed] AI Hassan (West) got killed by Bad Boy with IA2 from a distance of 18 m.
13:02:49.013 [VehicleDeleted] ExpansionUh1h (id=D8033E726E4B0F0A714CCEAE9697A013 pos=<1230.56, 168.74, 7567.06>)
13:03:06.542 [Killfeed] AI Manua (West) got killed by Bad Boy with IA2 from a distance of 13 m.
13:03:17.299 [VehicleDeleted] ExpansionUh1h_Medical (id=8744AD4EF441DCF8093AFE9EB2E4C4C7 pos=<7924.43, 169.32, 11833.6>)
13:04:43.775 [AI Patrol 00017] Spawning 2 Civilian bots at <6385.050293, 382.774384, 3727.359375>
13:04:43.803 [AI Patrol 00017] Global patrol count: 2
13:04:43.812 [AI Patrol 00017] Patrol category patrol count: 2
13:05:32.985 [VehicleDestroyed] ExpansionUh1h (id=CCAC73C4734D7C72A12C399017DAB9D6 pos=<1228.18, 169.14, 7566.17>)
13:05:49.788 [VehicleDestroyed] ExpansionUh1h (id=74459B5F304CD04E52429E95A0EEE9AA pos=<7924.83, 169.45, 11833.5>)
13:05:56.272 [AI Object Patrol 00057] Spawning 2 West bots at <6124.748047, 386.980011, 3978.976074>
13:05:56.304 [AI Object Patrol 00057] Global patrol count: 3
13:05:56.315 [AI Object Patrol 00057] ContaminatedArea category patrol count: 1
13:07:25.350 [Killfeed] AI Gabi (East) got killed by Bad Boy with IA2 from a distance of 47 m.
13:07:53.778 [Killfeed] AI Indar (West) got killed by Bad Boy with IA2 from a distance of 36 m.
13:10:46.674 [AI Object Patrol 00048] Despawning 0 West bots (spawn position <6766.162109, 342.430634, 4820.785645>, 1/1 deceased)
13:10:59.653 [Killfeed] AI Helga (East) got killed by AI Baty (West) with M4-A1 from a distance of 53 m.
13:11:52.808 [VehicleDeleted] ExpansionUh1h (id=CCAC73C4734D7C72A12C399017DAB9D6 pos=<1230.6, 168.75, 7567.02>)
13:12:21.344 [VehicleDeleted] ExpansionUh1h (id=74459B5F304CD04E52429E95A0EEE9AA pos=<7924.72, 169.45, 11833.4>)
13:14:49.083 [VehicleDestroyed] ExpansionUh1h_Resistance (id=60CEEC641440E95E27425EA0B0056C5B pos=<1228.06, 169.14, 7566.19>)
13:15:06.150 [VehicleDestroyed] ExpansionUh1h_Medical (id=B80D390140481E52D751199B78E6B272 pos=<7924.85, 169.4, 11833.6>)
13:19:02.139 [AI Patrol 00017] Despawning 2 Civilian bots (spawn position <6385.050293, 382.774384, 3727.359375>, 0/2 deceased)
13:19:02.150 [AI Patrol 00017] Global patrol count: 2
13:19:02.161 [AI Patrol 00017] Patrol category patrol count: 1
13:20:42.535 [AI Object Patrol 00057] Despawning 2 West bots (spawn position <6124.748047, 386.980011, 3978.976074>, 0/2 deceased)
13:20:42.544 [AI Object Patrol 00057] Global patrol count: 1
13:20:42.554 [AI Object Patrol 00057] ContaminatedArea category patrol count: 0
13:20:56.929 [VehicleDeleted] ExpansionUh1h_Resistance (id=60CEEC641440E95E27425EA0B0056C5B pos=<1230.28, 168.76, 7567.09>)
13:21:24.816 [VehicleDeleted] ExpansionUh1h_Medical (id=B80D390140481E52D751199B78E6B272 pos=<7924.13, 169.28, 11833.5>)
13:26:24.561 [MissionAirdrop] An airdrop is heading towards "Kolembrody" (pos=<8676.000000, 0.000000, 12114.000000> type=Random_Kolembrody) with a ExpansionAirdropContainer_Military
14:52:43.672 [MissionAirdrop] An airdrop is heading towards "Muratyn" (pos=<4559.000000, 0.000000, 6852.000000> type=Random_Muratyn) with a ExpansionAirdropContainer
16:00:36.493 [Party] Player "BoughtComic" (id=7Z0-Qd_l-RdPlxSsjREkkjX-GxvLeS4WEoUXbkvpXr8=) joined the party "Dragon Shadowed" (id=4 ownerUID=cZC_vl4onJwtCEZaOtA89yPcwyGnN7Qy01WI28TQhbU= ownerName=PoiiZoner3)
16:00:36.895 [AI Object Patrol 00055] Spawning 2 East bots at <6490.005371, 315.412201, 3161.791504>
16:00:36.926 [AI Object Patrol 00055] Global patrol count: 2
16:00:36.936 [AI Object Patrol 00055] HelicopterWreck category patrol count: 1
16:02:35.832 [VehicleDestroyed] ExpansionUh1h_Uber (id=84A2EBC10F46CCCC93EA79B23B49C817 pos=<1228.07, 169.16, 7566.12>)
16:02:49.326 [VehicleDestroyed] ExpansionUh1h_Uber (id=52E5078D0B47E7A15DEA0895901E564D pos=<7925.08, 169.45, 11833.6>)
16:07:41.366 [AI Object Patrol 00061] Spawning 1 West bots at <6769.926270, 342.853943, 4832.128418>
16:07:41.400 [AI Object Patrol 00061] Global patrol count: 3
16:07:41.411 [AI Object Patrol 00061] HelicopterWreck category patrol count: 2
16:08:43.650 [VehicleDeleted] ExpansionUh1h_Uber (id=84A2EBC10F46CCCC93EA79B23B49C817 pos=<1230.45, 168.78, 7566.93>)
16:09:11.481 [VehicleDeleted] ExpansionUh1h_Uber (id=52E5078D0B47E7A15DEA0895901E564D pos=<7925.69, 169.67, 11833.1>)
16:10:16.506 [Killfeed] AI Linda (West) got killed by AI Mirek (East) with KA-M from a distance of 2 m.
16:11:27.441 [VehicleDestroyed] ExpansionUh1h_Medical (id=0D3AA209EE4AFAF177A48C8722E34518 pos=<1228.11, 169.12, 7566.24>)
16:11:38.488 [VehicleDestroyed] ExpansionUh1h_Resistance (id=BE35B0FF2544A0DD20F7948B3DD38314 pos=<7925.2, 169.41, 11833.8>)
16:15:22.010 [Killfeed] AI Mirek (East) got killed by AI Hassan (West) with M4-A1 from a distance of 7 m.
16:17:35.577 [VehicleDeleted] ExpansionUh1h_Medical (id=0D3AA209EE4AFAF177A48C8722E34518 pos=<1230.38, 168.71, 7567.24>)
16:18:03.395 [VehicleDeleted] ExpansionUh1h_Resistance (id=BE35B0FF2544A0DD20F7948B3DD38314 pos=<7925.23, 168.96, 11836>)
16:18:35.440 [MissionAirdrop] An airdrop is heading towards "Muratyn" (pos=<4559.000000, 0.000000, 6852.000000> type=Random_Muratyn) with a ExpansionAirdropContainer
16:20:18.894 [VehicleDestroyed] ExpansionUh1h (id=BD0C6EC93A4FC781E5AEECB25CECC5FA pos=<1228.15, 169.11, 7566.28>)
16:20:35.322 [VehicleDestroyed] ExpansionUh1h_Medical (id=8285CF73C846187A50FD63A0A085B1A2 pos=<7924.75, 169.44, 11833.5>)
16:21:59.526 [Killfeed] AI Manua (East) got killed by AI Irena (West) with AUR A1 from a distance of 4 m.
16:25:43.849 [Killfeed] AI Jose (Shamans) got killed by AI Frida (East) with Bizon from a distance of 9 m.
16:26:26.934 [VehicleDeleted] ExpansionUh1h (id=BD0C6EC93A4FC781E5AEECB25CECC5FA pos=<1230.47, 168.73, 7567.15>)
16:26:55.782 [VehicleDeleted] ExpansionUh1h_Medical (id=8285CF73C846187A50FD63A0A085B1A2 pos=<7924.72, 169.44, 11833.4>)
16:28:37.297 [Killfeed] AI Frida (East) got killed by AI Irena (West) with AUR A1 from a distance of 5 m.
16:29:12.310 [VehicleDestroyed] ExpansionUh1h_Resistance (id=C7F1612FE041916363BC56B39B9CCB0B pos=<1228.17, 169.12, 7566.24>)
16:29:28.859 [VehicleDestroyed] ExpansionUh1h_Resistance (id=8AAF0B1284470DD214CEC3ABC49035D3 pos=<7924.76, 169.44, 11833.5>)
16:32:44.872 [Killfeed] AI Hassan (West) got killed by AI Judy (Shamans) with KAS-74U from a distance of 8 m.
16:32:51.836 [Killfeed] AI Manua (West) got killed by AI Lewis (Shamans) with KA-M from a distance of 6 m.
16:33:01.178 [Killfeed] AI Judy (West) got killed by AI Judy (Shamans) with KAS-74U from a distance of 3 m.
16:33:02.327 [AI Object Patrol 00061] West bots were wiped out (spawn position <6769.926270, 342.853943, 4832.128418>, 1/1 deceased)
16:33:02.406 [AI Object Patrol 00061] Global patrol count: 2
16:33:02.506 [AI Object Patrol 00061] HelicopterWreck category patrol count: 1
16:35:21.739 [VehicleDeleted] ExpansionUh1h_Resistance (id=C7F1612FE041916363BC56B39B9CCB0B pos=<1230.48, 168.74, 7567.07>)
16:35:49.547 [VehicleDeleted] ExpansionUh1h_Resistance (id=8AAF0B1284470DD214CEC3ABC49035D3 pos=<7924.7, 169.44, 11833.4>)
16:37:17.295 [Party] Player "PoiiZoner3" (id=cZC_vl4onJwtCEZaOtA89yPcwyGnN7Qy01WI28TQhbU=) joined the party "Dragon Shadowed" (id=4 ownerUID=cZC_vl4onJwtCEZaOtA89yPcwyGnN7Qy01WI28TQhbU= ownerName=PoiiZoner3)
16:38:05.816 [VehicleDestroyed] ExpansionUh1h_Uber (id=B7B8CEBE284ABF5B0B836796430A3F3C pos=<1228.12, 169.13, 7566.21>)
16:38:08.847 [Killfeed] AI Lewis (Shamans) got killed by AI Linda (West) with KA-101 from a distance of 8 m.
16:38:20.194 [VehicleDestroyed] ExpansionUh1h (id=42D3727ED04E81A0DC7EFCBFD9094302 pos=<7925.1, 169.45, 11833.6>)
16:38:29.971 [Killfeed] AI Oliver (East) got killed by AI Guo (West) with AUR AX from a distance of 9 m.
16:39:04.415 [Killfeed] AI Indar (Shamans) got killed by AI Linda (West) with KA-101 from a distance of 4 m.
16:44:14.633 [VehicleDeleted] ExpansionUh1h_Uber (id=B7B8CEBE284ABF5B0B836796430A3F3C pos=<1230.39, 168.74, 7567.12>)
16:44:43.029 [VehicleDeleted] ExpansionUh1h (id=42D3727ED04E81A0DC7EFCBFD9094302 pos=<7925.64, 169.66, 11833.1>)
16:46:59.049 [VehicleDestroyed] ExpansionUh1h_Resistance (id=0DE545A9A649FD3F50F297874F672FA7 pos=<1228.15, 169.12, 7566.25>)
16:47:14.248 [VehicleDestroyed] ExpansionUh1h_Resistance (id=28FEF09082480174FC335C8A1D93C519 pos=<7924.71, 169.39, 11833.6>)
16:47:33.785 [Killfeed] AI Boris (Shamans) got killed by AI Keiko (West) with LE-MAS from a distance of 6 m.
16:49:24.440 [AI Object Patrol 00061] Despawning 0 West bots (spawn position <6789.497559, 344.090424, 4838.771973>, 1/1 deceased)
16:53:09.051 [VehicleDeleted] ExpansionUh1h_Resistance (id=0DE545A9A649FD3F50F297874F672FA7 pos=<1230.44, 168.74, 7567.1>)
16:53:36.983 [VehicleDeleted] ExpansionUh1h_Resistance (id=28FEF09082480174FC335C8A1D93C519 pos=<7924.48, 169.33, 11833.7>)
16:55:51.903 [VehicleDestroyed] ExpansionUh1h_Medical (id=D158971A2B477F36ADC2C5BA5763D68C pos=<1228.16, 169.12, 7566.26>)
16:56:00.180 [VehicleDestroyed] ExpansionUh1h_Medical (id=EE9061188742194B4D200896527A5C2A pos=<7924.25, 169.26, 11833.8>)
17:02:01.893 [VehicleDeleted] ExpansionUh1h_Medical (id=D158971A2B477F36ADC2C5BA5763D68C pos=<1230.45, 168.73, 7567.14>)
17:02:30.661 [VehicleDeleted] ExpansionUh1h_Medical (id=EE9061188742194B4D200896527A5C2A pos=<7923.84, 169.17, 11833.8>)
17:03:04.599 [VehicleEnter] Player "PoiiZoner3" (id=cZC_vl4onJwtCEZaOtA89yPcwyGnN7Qy01WI28TQhbU=) entered vehicle UH-1H (id=81F79584E1468E326FDD019A29A500E3 pos=<5919.24, 330.56, 3161.08>) as pilot
17:03:20.171 [VehicleEngine] Player "PoiiZoner3" (id=cZC_vl4onJwtCEZaOtA89yPcwyGnN7Qy01WI28TQhbU=) started vehicle UH-1H (id=81F79584E1468E326FDD019A29A500E3 pos=<5919.41, 330.55, 3161.11>)
17:03:53.685 [VehicleEngine] Player "PoiiZoner3" (id=cZC_vl4onJwtCEZaOtA89yPcwyGnN7Qy01WI28TQhbU=) stopped vehicle UH-1H (id=81F79584E1468E326FDD019A29A500E3 pos=<5926.5, 342.83, 3149.47>)
17:04:19.259 [VehicleEngine] Player "PoiiZoner3" (id=cZC_vl4onJwtCEZaOtA89yPcwyGnN7Qy01WI28TQhbU=) started vehicle UH-1H (id=81F79584E1468E326FDD019A29A500E3 pos=<5927.32, 329.41, 3150>)
17:04:46.947 [VehicleDestroyed] ExpansionUh1h (id=7E88546E5541878CD78D178D7A3C5095 pos=<1228.07, 169.13, 7566.21>)
17:04:53.047 [VehicleDestroyed] ExpansionUh1h_Medical (id=9574D284234516EFA645A681A7CA6D1C pos=<7924.76, 169.27, 11834.1>)
17:05:20.261 [BaseRaiding] ExpansionSafeMedium (<5988.811523, 392.742676, 3976.784668>) Damaged "player "BoughtComic" (ID = "7Z0-Qd_l-RdPlxSsjREkkjX-GxvLeS4WEoUXbkvpXr8=" at <5988.796875, 392.601166, 3975.814941>)" by 10 health points. Reason: Failed to enter the correct code.
17:05:20.273 [BaseRaiding] ExpansionSafeMedium (<5988.811523, 392.742676, 3976.784668>) The correct code was 7898 and the player tried 3647
17:06:16.207 [VehicleEngine] Player "PoiiZoner3" (id=cZC_vl4onJwtCEZaOtA89yPcwyGnN7Qy01WI28TQhbU=) stopped vehicle UH-1H (id=81F79584E1468E326FDD019A29A500E3 pos=<6484.48, 433.11, 3821.17>)
17:06:41.960 [VehicleLeave] Player "PoiiZoner3" (id=cZC_vl4onJwtCEZaOtA89yPcwyGnN7Qy01WI28TQhbU=) left vehicle UH-1H (id=81F79584E1468E326FDD019A29A500E3 pos=<6481.87, 392.78, 3820.86>)
17:10:26.783 [Killfeed] AI Taiki (East) got killed by AI Keiko (West) with M4-A1 from a distance of 4 m.
17:10:55.639 [VehicleDeleted] ExpansionUh1h (id=7E88546E5541878CD78D178D7A3C5095 pos=<1230.41, 168.71, 7567.22>)
17:11:23.999 [VehicleDeleted] ExpansionUh1h_Medical (id=9574D284234516EFA645A681A7CA6D1C pos=<7923.97, 168.82, 11835.5>)
17:13:39.556 [VehicleDestroyed] ExpansionUh1h_Uber (id=EE239D091D435A451FF726927FD95461 pos=<1228.08, 169.14, 7566.2>)
17:13:58.233 [VehicleDestroyed] ExpansionUh1h (id=30ABFD3CB949362DD077C6AB6E298B08 pos=<7924.86, 169.47, 11833.4>)
17:17:41.392 [Killfeed] AI Eva (West) got killed by AI Irena (East) with KAS-74U from a distance of 18 m.
17:18:43.575 [AI Object Patrol 00081] Spawning 3 East bots at <6775.566895, 344.123627, 4831.196777>
17:18:43.608 [AI Object Patrol 00081] Global patrol count: 3
17:18:43.619 [AI Object Patrol 00081] HelicopterWreck category patrol count: 2
17:19:46.384 [VehicleDeleted] ExpansionUh1h_Uber (id=EE239D091D435A451FF726927FD95461 pos=<1230.29, 168.71, 7567.26>)
17:20:14.145 [VehicleDeleted] ExpansionUh1h (id=30ABFD3CB949362DD077C6AB6E298B08 pos=<7924.83, 169.47, 11833.4>)
17:21:17.610 [Killfeed] AI Linda (West) got killed by AI Kaito (East) with KA-M from a distance of 5 m.
17:21:41.987 [Killfeed] AI Naomi (West) got killed by AI Lewis (East) with KA-M from a distance of 29 m.
17:21:51.109 [Killfeed] AI Naomi (West) got killed by AI Lewis (East) with KA-M from a distance of 16 m.
17:22:29.993 [VehicleDestroyed] ExpansionUh1h_Resistance (id=8CB8A1A05A456D1A55CFB29132FE98AD pos=<1228.16, 169.14, 7566.17>)
17:22:38.264 [VehicleDestroyed] ExpansionUh1h_Uber (id=5733AA50D34AFAE5DC239B972FF6C731 pos=<7924.43, 169.32, 11833.7>)
17:23:50.887 [Killfeed] AI Maria (West) got killed by AI Kaito (East) with KA-M from a distance of 3 m.
17:24:38.535 [Killfeed] AI Frida (West) got killed by AI Lewis (East) with M4-A1 from a distance of 29 m.
17:27:55.957 [Killfeed] AI Rolf (East) got killed by AI Manua (West) with M16-A2 from a distance of 6 m.
17:28:25.266 [Killfeed] AI Kaito (East) got killed by AI Manua (West) with M16-A2 from a distance of 4 m.
17:28:42.318 [VehicleDeleted] ExpansionUh1h_Resistance (id=8CB8A1A05A456D1A55CFB29132FE98AD pos=<1230.44, 168.77, 7567>)
17:29:10.370 [VehicleDeleted] ExpansionUh1h_Uber (id=5733AA50D34AFAE5DC239B972FF6C731 pos=<7924.45, 169.32, 11833.7>)
17:29:16.012 [Killfeed] AI Lewis (East) got killed by AI Manua (West) with M16-A2 from a distance of 7 m.
17:31:27.018 [VehicleDestroyed] ExpansionUh1h_Uber (id=553B78DDB2406F6121DFD4962FF62DAE pos=<1228.1, 169.15, 7566.13>)
17:31:41.495 [VehicleDestroyed] ExpansionUh1h (id=7A55209465473231326157B777BBF976 pos=<7924.81, 169.37, 11833.7>)
17:33:39.564 [VehicleEnter] Player "BoughtComic" (id=7Z0-Qd_l-RdPlxSsjREkkjX-GxvLeS4WEoUXbkvpXr8=) entered vehicle UH-1H (id=81F79584E1468E326FDD019A29A500E3 pos=<6481.88, 392.78, 3821.05>) as passenger
17:33:54.262 [VehicleEnter] Player "PoiiZoner3" (id=cZC_vl4onJwtCEZaOtA89yPcwyGnN7Qy01WI28TQhbU=) entered vehicle UH-1H (id=81F79584E1468E326FDD019A29A500E3 pos=<6481.88, 392.78, 3821.07>) as pilot
17:33:58.002 [VehicleEngine] Player "PoiiZoner3" (id=cZC_vl4onJwtCEZaOtA89yPcwyGnN7Qy01WI28TQhbU=) started vehicle UH-1H (id=81F79584E1468E326FDD019A29A500E3 pos=<6481.88, 392.78, 3821.1>)
17:34:35.964 [Killfeed] AI Manua (West) got killed by AI Francis (East) with KA-101 from a distance of 18 m.
17:35:16.349 [AI Object Patrol 00055] Despawning 2 East bots (spawn position <6490.005371, 315.412201, 3161.791504>, 0/2 deceased)
17:35:16.406 [AI Object Patrol 00055] Global patrol count: 2
17:35:16.473 [AI Object Patrol 00055] HelicopterWreck category patrol count: 1
17:36:25.814 [AI Object Patrol 00080] Spawning 2 East bots at <1911.614258, 445.490234, 2389.698730>
17:36:25.847 [AI Object Patrol 00080] Global patrol count: 3
17:36:25.856 [AI Object Patrol 00080] HelicopterWreck category patrol count: 2
17:37:36.186 [VehicleDeleted] ExpansionUh1h_Uber (id=553B78DDB2406F6121DFD4962FF62DAE pos=<1230.48, 168.76, 7567.01>)
17:37:43.896 [VehicleEngine] Player "PoiiZoner3" (id=cZC_vl4onJwtCEZaOtA89yPcwyGnN7Qy01WI28TQhbU=) stopped vehicle UH-1H (id=81F79584E1468E326FDD019A29A500E3 pos=<817.76, 537.56, 1237.64>)
17:37:52.693 [VehicleLeave] Player "PoiiZoner3" (id=cZC_vl4onJwtCEZaOtA89yPcwyGnN7Qy01WI28TQhbU=) left vehicle UH-1H (id=81F79584E1468E326FDD019A29A500E3 pos=<817.44, 531.41, 1238.23>)
17:37:54.790 [VehicleLeave] Player "BoughtComic" (id=7Z0-Qd_l-RdPlxSsjREkkjX-GxvLeS4WEoUXbkvpXr8=) left vehicle UH-1H (id=81F79584E1468E326FDD019A29A500E3 pos=<817.44, 531.41, 1238.23>)
17:38:04.192 [VehicleDeleted] ExpansionUh1h (id=7A55209465473231326157B777BBF976 pos=<7927.42, 169.5, 11835.5>)
17:40:21.350 [VehicleDestroyed] ExpansionUh1h_Medical (id=8743A9BCDC4D4A0DA5DCED904E56A46B pos=<1228.12, 169.15, 7566.13>)
17:40:34.578 [VehicleDestroyed] ExpansionUh1h_Uber (id=7EB1AF7A134BACF9520C6B8E3905BD86 pos=<7924.68, 169.38, 11833.6>)
17:43:40.983 [AI Object Patrol 00080] Despawning 2 East bots (spawn position <1911.614258, 445.490234, 2389.698730>, 0/2 deceased)
17:43:40.993 [AI Object Patrol 00080] Global patrol count: 2
17:43:41.002 [AI Object Patrol 00080] HelicopterWreck category patrol count: 1
17:44:06.602 [MissionAirdrop] An airdrop is heading towards "Dolnik" (pos=<11491.000000, 0.000000, 763.000000> type=Random_Dolnik) with a ExpansionAirdropContainer
17:44:50.656 [AI Object Patrol 00081] Despawning 2 East bots (spawn position <6775.566895, 344.123627, 4831.196777>, 1/3 deceased)
17:44:50.750 [AI Object Patrol 00081] Global patrol count: 1
17:44:50.874 [AI Object Patrol 00081] HelicopterWreck category patrol count: 0
17:46:28.809 [VehicleDeleted] ExpansionUh1h_Medical (id=8743A9BCDC4D4A0DA5DCED904E56A46B pos=<1230.63, 168.76, 7566.96>)
17:46:56.535 [VehicleDeleted] ExpansionUh1h_Uber (id=7EB1AF7A134BACF9520C6B8E3905BD86 pos=<7924.72, 169.39, 11833.6>)
17:49:12.271 [VehicleDestroyed] ExpansionUh1h_Medical (id=683C6E45484B80BBC5C296AB24E52801 pos=<1228.13, 169.13, 7566.21>)
17:49:24.148 [VehicleDestroyed] ExpansionUh1h (id=44E0A81DAD483C5F96292C8D74820373 pos=<7924.82, 169.38, 11833.7>)
17:55:19.705 [VehicleDeleted] ExpansionUh1h_Medical (id=683C6E45484B80BBC5C296AB24E52801 pos=<1230.41, 168.73, 7567.17>)
17:55:47.963 [VehicleDeleted] ExpansionUh1h (id=44E0A81DAD483C5F96292C8D74820373 pos=<7927.34, 169.94, 11833.3>)
17:58:03.888 [VehicleDestroyed] ExpansionUh1h_Uber (id=8071AF797743E173D79618910B89E93F pos=<1228.17, 169.14, 7566.17>)
17:58:21.556 [VehicleDestroyed] ExpansionUh1h_Uber (id=B4CA91BABB46F1677D8826B02763B556 pos=<7925.49, 169.53, 11833.5>)
18:00:19.279 [AI Patrol 00016] West bots were wiped out (spawn position <7534.188965, 324.470551, 2716.304932>, 2/2 deceased)
18:00:19.289 [AI Patrol 00016] Global patrol count: 0
18:00:19.299 [AI Patrol 00016] Patrol category patrol count: 0
18:04:14.653 [VehicleDeleted] ExpansionUh1h_Uber (id=8071AF797743E173D79618910B89E93F pos=<1230.5, 168.79, 7566.9>)
18:04:42.474 [VehicleDeleted] ExpansionUh1h_Uber (id=B4CA91BABB46F1677D8826B02763B556 pos=<7926.33, 169.23, 11835.7>)
18:06:58.691 [VehicleDestroyed] ExpansionUh1h_Medical (id=3F506A527B4CEEDEB83EEE90E6A59B3C pos=<1228.11, 169.15, 7566.14>)
18:07:14.868 [VehicleDestroyed] ExpansionUh1h_Medical (id=0C4C4897AE4F8C11B30DCBAB193929A5 pos=<7924.87, 169.45, 11833.5>)
18:13:07.792 [VehicleDeleted] ExpansionUh1h_Medical (id=3F506A527B4CEEDEB83EEE90E6A59B3C pos=<1230.41, 168.77, 7567.01>)
18:13:35.529 [VehicleDeleted] ExpansionUh1h_Medical (id=0C4C4897AE4F8C11B30DCBAB193929A5 pos=<7924.95, 169.45, 11833.6>)
18:15:51.331 [VehicleDestroyed] ExpansionUh1h (id=5E4C1361FC458D660D2F7E97E865C583 pos=<1228.06, 169.16, 7566.12>)
18:16:01.050 [VehicleDestroyed] ExpansionUh1h_Medical (id=F5678509A546595D1D00508CE06A8A46 pos=<7924.81, 169.36, 11833.8>)
18:16:46.778 [AI Object Patrol 00092] Spawning 1 East bots at <7090.438477, 277.296875, 5606.596191>
18:16:46.811 [AI Object Patrol 00092] Global patrol count: 1
18:16:46.821 [AI Object Patrol 00092] HelicopterWreck category patrol count: 1
18:17:56.863 [AI Object Patrol 00089] Spawning 3 West bots at <7675.133789, 239.968460, 5383.968750>
18:17:56.894 [AI Object Patrol 00089] Global patrol count: 2
18:17:56.904 [AI Object Patrol 00089] ContaminatedArea category patrol count: 1
18:19:17.307 [VehicleEnter] Player "Bad Boy" (id=7EOOpe6Cv8QB45p22zWB29TPheQCYualmurDzSA3CR0=) entered vehicle Gyrocopter (id=1054014C164227E89D2D10901A4B543D pos=<7102.43, 310.29, 4944.36>) as pilot
18:19:22.727 [VehicleEngine] Player "Bad Boy" (id=7EOOpe6Cv8QB45p22zWB29TPheQCYualmurDzSA3CR0=) started vehicle Gyrocopter (id=1054014C164227E89D2D10901A4B543D pos=<7102.44, 310.29, 4944.36>)
18:20:13.980 [AI Object Patrol 00010] Spawning 2 West bots at <7544.940918, 238.456558, 5890.697266>
18:20:14.013 [AI Object Patrol 00010] Global patrol count: 3
18:20:14.023 [AI Object Patrol 00010] ContaminatedArea category patrol count: 2
18:20:39.565 [Killfeed] AI Naomi (West) got killed by AI Linda (Shamans) with KA-74 from a distance of 4 m.
18:20:43.234 [AI Object Patrol 00096] Spawning 3 East bots at <8370.756836, 276.487396, 5500.803223>
18:20:43.268 [AI Object Patrol 00096] Global patrol count: 4
18:20:43.278 [AI Object Patrol 00096] HelicopterWreck category patrol count: 2
18:22:00.165 [VehicleDeleted] ExpansionUh1h (id=5E4C1361FC458D660D2F7E97E865C583 pos=<1230.45, 168.75, 7567.06>)
18:22:28.884 [VehicleDeleted] ExpansionUh1h_Medical (id=F5678509A546595D1D00508CE06A8A46 pos=<7927.2, 169.95, 11833.1>)
18:22:29.097 [AI Object Patrol 00089] Despawning 3 West bots (spawn position <7675.133789, 239.968460, 5383.968750>, 0/3 deceased)
18:22:29.141 [AI Object Patrol 00089] Global patrol count: 3
18:22:29.204 [AI Object Patrol 00089] ContaminatedArea category patrol count: 1
18:24:45.910 [VehicleDestroyed] ExpansionUh1h_Uber (id=8BFC012F9746572AB8F9FF93704C34CE pos=<1228.16, 169.12, 7566.24>)
18:25:01.861 [VehicleDestroyed] ExpansionUh1h_Resistance (id=0FAE21BBD54CD0E65B712BACE710CD4E pos=<7924.73, 169.44, 11833.5>)
18:25:28.012 [VehicleLeave] Player "Bad Boy" (id=7EOOpe6Cv8QB45p22zWB29TPheQCYualmurDzSA3CR0=) left vehicle Gyrocopter (id=1054014C164227E89D2D10901A4B543D pos=<6125.66, 168.18, 10663.2>)
18:25:30.765 [VehicleEngine] Player "NULL" (id=NULL) stopped vehicle Gyrocopter (id=1054014C164227E89D2D10901A4B543D pos=<6124.72, 168.54, 10665.5>)
18:25:30.774 [VehicleDestroyed] ExpansionGyrocopter (id=1054014C164227E89D2D10901A4B543D pos=<6124.72, 168.54, 10665.5>)
18:27:34.216 [VehicleEnter] Player "PoiiZoner3" (id=cZC_vl4onJwtCEZaOtA89yPcwyGnN7Qy01WI28TQhbU=) entered vehicle UH-1H (id=81F79584E1468E326FDD019A29A500E3 pos=<817.44, 531.41, 1238.23>) as pilot
18:27:35.970 [VehicleEnter] Player "BoughtComic" (id=7Z0-Qd_l-RdPlxSsjREkkjX-GxvLeS4WEoUXbkvpXr8=) entered vehicle UH-1H (id=81F79584E1468E326FDD019A29A500E3 pos=<817.44, 531.41, 1238.23>) as passenger
18:27:37.617 [VehicleEngine] Player "PoiiZoner3" (id=cZC_vl4onJwtCEZaOtA89yPcwyGnN7Qy01WI28TQhbU=) started vehicle UH-1H (id=81F79584E1468E326FDD019A29A500E3 pos=<817.44, 531.41, 1238.23>)
18:28:08.163 [AI Object Patrol 00092] Despawning 1 East bots (spawn position <7090.438477, 277.296875, 5606.596191>, 0/1 deceased)
18:28:08.172 [AI Object Patrol 00092] Global patrol count: 2
18:28:08.182 [AI Object Patrol 00092] HelicopterWreck category patrol count: 1
18:28:39.081 [AI Object Patrol 00102] Spawning 2 West bots at <1911.592896, 445.626129, 2407.622559>
18:28:39.300 [AI Object Patrol 00102] Global patrol count: 3
18:28:39.470 [AI Object Patrol 00102] HelicopterWreck category patrol count: 2
18:30:36.623 [AI Object Patrol 00095] Spawning 3 West bots at <4394.003906, 307.602417, 6627.220703>
18:30:36.653 [AI Object Patrol 00095] Global patrol count: 4
18:30:36.664 [AI Object Patrol 00095] ContaminatedArea category patrol count: 2
18:31:00.092 [VehicleDeleted] ExpansionUh1h_Uber (id=8BFC012F9746572AB8F9FF93704C34CE pos=<1230.3, 168.74, 7567.17>)
18:31:28.239 [VehicleDeleted] ExpansionUh1h_Resistance (id=0FAE21BBD54CD0E65B712BACE710CD4E pos=<7924.73, 169.43, 11833.5>)
18:31:33.969 [AI Object Patrol 00096] Despawning 3 East bots (spawn position <8370.756836, 276.487396, 5500.803223>, 0/3 deceased)
18:31:33.979 [AI Object Patrol 00096] Global patrol count: 3
18:31:33.989 [AI Object Patrol 00096] HelicopterWreck category patrol count: 1
18:31:56.015 [VehicleDeleted] ExpansionGyrocopter (id=1054014C164227E89D2D10901A4B543D pos=<6123.98, 168.78, 10666.4>)
18:32:09.997 [AI Object Patrol 00010] Despawning 2 West bots (spawn position <7544.940918, 238.456558, 5890.697266>, 0/2 deceased)
18:32:10.007 [AI Object Patrol 00010] Global patrol count: 2
18:32:10.018 [AI Object Patrol 00010] ContaminatedArea category patrol count: 1
18:33:10.868 [VehicleEngine] Player "PoiiZoner3" (id=cZC_vl4onJwtCEZaOtA89yPcwyGnN7Qy01WI28TQhbU=) stopped vehicle UH-1H (id=81F79584E1468E326FDD019A29A500E3 pos=<7807.54, 364.93, 10087.6>)
18:33:19.019 [VehicleLeave] Player "BoughtComic" (id=7Z0-Qd_l-RdPlxSsjREkkjX-GxvLeS4WEoUXbkvpXr8=) left vehicle UH-1H (id=81F79584E1468E326FDD019A29A500E3 pos=<7810.04, 339.36, 10089.3>)
18:33:23.139 [VehicleLeave] Player "PoiiZoner3" (id=cZC_vl4onJwtCEZaOtA89yPcwyGnN7Qy01WI28TQhbU=) left vehicle UH-1H (id=81F79584E1468E326FDD019A29A500E3 pos=<7809.98, 339.37, 10089.3>)
18:33:35.148 [VehicleAttachments] Player "PoiiZoner3" (id=cZC_vl4onJwtCEZaOtA89yPcwyGnN7Qy01WI28TQhbU=) detached Car Battery (type=CarBattery) from vehicle Ada 4x4 (id=A9197C7E464ED9F4C95B158B0253924A pos=<7800.74, 339.16, 10079.6>)
18:33:43.940 [VehicleDestroyed] ExpansionUh1h_Uber (id=9B957E26EC483D25C2CC2DA419EB953E pos=<1228.13, 169.12, 7566.23>)
18:34:03.763 [VehicleDestroyed] ExpansionUh1h_Medical (id=1A3AF42E35445EE126DA7298D3F14D93 pos=<7925.06, 169.48, 11833.5>)
18:37:55.876 [VehicleEnter] Player "PoiiZoner3" (id=cZC_vl4onJwtCEZaOtA89yPcwyGnN7Qy01WI28TQhbU=) entered vehicle UH-1H (id=81F79584E1468E326FDD019A29A500E3 pos=<7809.18, 339.35, 10089.3>) as pilot
18:38:06.366 [VehicleEnter] Player "BoughtComic" (id=7Z0-Qd_l-RdPlxSsjREkkjX-GxvLeS4WEoUXbkvpXr8=) entered vehicle UH-1H (id=81F79584E1468E326FDD019A29A500E3 pos=<7809.09, 339.35, 10089.2>) as passenger
18:38:33.895 [VehicleEngine] Player "PoiiZoner3" (id=cZC_vl4onJwtCEZaOtA89yPcwyGnN7Qy01WI28TQhbU=) started vehicle UH-1H (id=81F79584E1468E326FDD019A29A500E3 pos=<7808.89, 339.35, 10089.2>)
18:39:23.695 [AI Object Patrol 00102] Despawning 2 West bots (spawn position <1911.592896, 445.626129, 2407.622559>, 0/2 deceased)
18:39:23.705 [AI Object Patrol 00102] Global patrol count: 1
18:39:23.714 [AI Object Patrol 00102] HelicopterWreck category patrol count: 0
18:39:52.926 [VehicleDeleted] ExpansionUh1h_Uber (id=9B957E26EC483D25C2CC2DA419EB953E pos=<1230.33, 168.76, 7567.04>)
18:40:21.265 [VehicleDeleted] ExpansionUh1h_Medical (id=1A3AF42E35445EE126DA7298D3F14D93 pos=<7925.43, 169.56, 11833.5>)
18:41:16.363 [AI Object Patrol 00095] Despawning 3 West bots (spawn position <4394.003906, 307.602417, 6627.220703>, 0/3 deceased)
18:41:16.373 [AI Object Patrol 00095] Global patrol count: 0
18:41:16.384 [AI Object Patrol 00095] ContaminatedArea category patrol count: 0
18:41:28.879 [AI Object Patrol 00098] Spawning 2 West bots at <10462.573242, 317.873718, 4575.966309>
18:41:28.920 [AI Object Patrol 00098] Global patrol count: 1
18:41:28.930 [AI Object Patrol 00098] HelicopterWreck category patrol count: 1
18:42:36.055 [VehicleDestroyed] ExpansionUh1h (id=13FAB9AEE04F352B0750AD83722E8371 pos=<1228.15, 169.12, 7566.26>)
18:42:50.590 [VehicleDestroyed] ExpansionUh1h_Resistance (id=17A41CC8F94F204B3F77049ACA77195F pos=<7924.62, 169.37, 11833.6>)
18:43:24.641 [VehicleEngine] Player "PoiiZoner3" (id=cZC_vl4onJwtCEZaOtA89yPcwyGnN7Qy01WI28TQhbU=) stopped vehicle UH-1H (id=81F79584E1468E326FDD019A29A500E3 pos=<10197.6, 251.96, 2199.98>)
18:43:30.254 [VehicleLeave] Player "PoiiZoner3" (id=cZC_vl4onJwtCEZaOtA89yPcwyGnN7Qy01WI28TQhbU=) left vehicle UH-1H (id=81F79584E1468E326FDD019A29A500E3 pos=<10197.7, 242.37, 2199.87>)
18:43:30.968 [VehicleLeave] Player "BoughtComic" (id=7Z0-Qd_l-RdPlxSsjREkkjX-GxvLeS4WEoUXbkvpXr8=) left vehicle UH-1H (id=81F79584E1468E326FDD019A29A500E3 pos=<10197.7, 242.37, 2199.88>)
18:48:13.096 [VehicleEnter] Player "BoughtComic" (id=7Z0-Qd_l-RdPlxSsjREkkjX-GxvLeS4WEoUXbkvpXr8=) entered vehicle M1025 (id=738A1539954B5D1BD1F3B6A2A3FD6850 pos=<10207, 242.34, 2225.07>) as driver
18:48:15.164 [VehicleEnter] Player "PoiiZoner3" (id=cZC_vl4onJwtCEZaOtA89yPcwyGnN7Qy01WI28TQhbU=) entered vehicle UH-1H (id=81F79584E1468E326FDD019A29A500E3 pos=<10197.7, 242.37, 2200.17>) as pilot
18:48:16.948 [VehicleEngine] Player "PoiiZoner3" (id=cZC_vl4onJwtCEZaOtA89yPcwyGnN7Qy01WI28TQhbU=) started vehicle UH-1H (id=81F79584E1468E326FDD019A29A500E3 pos=<10197.7, 242.37, 2200.19>)
18:48:18.038 [VehicleEngine] Player "BoughtComic" (id=7Z0-Qd_l-RdPlxSsjREkkjX-GxvLeS4WEoUXbkvpXr8=) started vehicle M1025 (id=738A1539954B5D1BD1F3B6A2A3FD6850 pos=<10207, 242.34, 2225.07>)
18:48:44.248 [VehicleDeleted] ExpansionUh1h (id=13FAB9AEE04F352B0750AD83722E8371 pos=<1230.27, 168.71, 7567.28>)
18:49:12.119 [VehicleDeleted] ExpansionUh1h_Resistance (id=17A41CC8F94F204B3F77049ACA77195F pos=<7924.59, 169.38, 11833.6>)
18:50:08.985 [AI Object Patrol 00100] Spawning 1 West bots at <7211.163574, 319.832855, 2742.612793>
18:50:09.028 [AI Object Patrol 00100] Global patrol count: 2
18:50:09.038 [AI Object Patrol 00100] ContaminatedArea category patrol count: 1
18:50:27.035 [AI Object Patrol 00103] Spawning 2 West bots at <6869.098633, 377.570801, 4178.221680>
18:50:27.073 [AI Object Patrol 00103] Global patrol count: 3
18:50:27.085 [AI Object Patrol 00103] HelicopterWreck category patrol count: 2
18:51:25.636 [VehicleDestroyed] ExpansionUh1h_Resistance (id=5DE185A1E447C5815216348BA44C398F pos=<1228.15, 169.1, 7566.32>)
18:51:32.011 [VehicleEngine] Player "PoiiZoner3" (id=cZC_vl4onJwtCEZaOtA89yPcwyGnN7Qy01WI28TQhbU=) stopped vehicle UH-1H (id=81F79584E1468E326FDD019A29A500E3 pos=<6492.93, 423.97, 3820.8>)
18:51:40.035 [VehicleDestroyed] ExpansionUh1h (id=6ED41F160942F3344BA86B955BF8A79C pos=<7924.64, 169.4, 11833.5>)
18:51:40.643 [VehicleLeave] Player "PoiiZoner3" (id=cZC_vl4onJwtCEZaOtA89yPcwyGnN7Qy01WI28TQhbU=) left vehicle UH-1H (id=81F79584E1468E326FDD019A29A500E3 pos=<6490.97, 392.78, 3822.54>)
18:51:51.456 [VehicleEngine] Player "BoughtComic" (id=7Z0-Qd_l-RdPlxSsjREkkjX-GxvLeS4WEoUXbkvpXr8=) stopped vehicle M1025 (id=738A1539954B5D1BD1F3B6A2A3FD6850 pos=<9044.51, 340.92, 4393.27>)
18:51:54.059 [VehicleLeave] Player "BoughtComic" (id=7Z0-Qd_l-RdPlxSsjREkkjX-GxvLeS4WEoUXbkvpXr8=) left vehicle M1025 (id=738A1539954B5D1BD1F3B6A2A3FD6850 pos=<9044.51, 340.92, 4393.27>)
18:52:00.486 [AI Object Patrol 00098] Despawning 2 West bots (spawn position <10462.573242, 317.873718, 4575.966309>, 0/2 deceased)
18:52:00.495 [AI Object Patrol 00098] Global patrol count: 2
18:52:00.506 [AI Object Patrol 00098] HelicopterWreck category patrol count: 1
18:57:37.197 [VehicleDeleted] ExpansionUh1h_Resistance (id=5DE185A1E447C5815216348BA44C398F pos=<1230.2, 168.7, 7567.36>)
18:58:05.159 [VehicleDeleted] ExpansionUh1h (id=6ED41F160942F3344BA86B955BF8A79C pos=<7924.59, 169.4, 11833.5>)
18:59:58.270 [AI Object Patrol 00100] Despawning 1 West bots (spawn position <7211.163574, 319.832855, 2742.612793>, 0/1 deceased)
18:59:58.279 [AI Object Patrol 00100] Global patrol count: 1
18:59:58.289 [AI Object Patrol 00100] ContaminatedArea category patrol count: 0
19:00:20.669 [VehicleDestroyed] ExpansionUh1h (id=269663F63E4D4BFBB06CA2BC08A09510 pos=<1228.16, 169.11, 7566.3>)
19:00:36.183 [VehicleDestroyed] ExpansionUh1h_Resistance (id=CCE958B23E476E8FB7C94F9783B2D9E9 pos=<7924.61, 169.37, 11833.6>)
19:02:25.694 [VehicleEnter] Player "BoughtComic" (id=7Z0-Qd_l-RdPlxSsjREkkjX-GxvLeS4WEoUXbkvpXr8=) entered vehicle M1025 (id=738A1539954B5D1BD1F3B6A2A3FD6850 pos=<9044.51, 340.92, 4393.27>) as driver
19:02:27.643 [VehicleEngine] Player "BoughtComic" (id=7Z0-Qd_l-RdPlxSsjREkkjX-GxvLeS4WEoUXbkvpXr8=) started vehicle M1025 (id=738A1539954B5D1BD1F3B6A2A3FD6850 pos=<9044.51, 340.92, 4393.27>)
19:06:32.065 [VehicleDeleted] ExpansionUh1h (id=269663F63E4D4BFBB06CA2BC08A09510 pos=<1230.39, 168.72, 7567.21>)
19:06:36.415 [VehicleEngine] Player "BoughtComic" (id=7Z0-Qd_l-RdPlxSsjREkkjX-GxvLeS4WEoUXbkvpXr8=) stopped vehicle M1025 (id=738A1539954B5D1BD1F3B6A2A3FD6850 pos=<6479.23, 392.81, 3763.7>)
19:06:40.070 [VehicleLeave] Player "BoughtComic" (id=7Z0-Qd_l-RdPlxSsjREkkjX-GxvLeS4WEoUXbkvpXr8=) left vehicle M1025 (id=738A1539954B5D1BD1F3B6A2A3FD6850 pos=<6479.23, 392.81, 3763.7>)
19:06:59.998 [VehicleDeleted] ExpansionUh1h_Resistance (id=CCE958B23E476E8FB7C94F9783B2D9E9 pos=<7924.61, 169.38, 11833.6>)
19:09:15.541 [VehicleDestroyed] ExpansionUh1h_Medical (id=037567D86C4B8C63640C68B18AFB7251 pos=<1228.17, 169.14, 7566.17>)
19:09:38.215 [VehicleDestroyed] ExpansionUh1h_Uber (id=7C2000CA5E4608DA4165348CB85927A2 pos=<7925.3, 169.57, 11833.3>)
19:14:02.393 [Killfeed] AI Maria (East) got killed by AI Mirek (West) with AUR A1 from a distance of 2 m.
19:14:36.775 [MissionAirdrop] An airdrop is heading towards "Muratyn" (pos=<4559.000000, 0.000000, 6852.000000> type=Random_Muratyn) with a ExpansionAirdropContainer
19:15:25.422 [VehicleDeleted] ExpansionUh1h_Medical (id=037567D86C4B8C63640C68B18AFB7251 pos=<1230.6, 168.77, 7566.95>)
19:15:53.170 [VehicleDeleted] ExpansionUh1h_Uber (id=7C2000CA5E4608DA4165348CB85927A2 pos=<7927.17, 169.97, 11833>)
19:18:09.309 [VehicleDestroyed] ExpansionUh1h_Resistance (id=D488F9D9874C82662324A0A21F862192 pos=<1228.09, 169.16, 7566.12>)
19:18:21.500 [VehicleDestroyed] ExpansionUh1h (id=D48C3172CB475A9BF03202B5768C39B5 pos=<7924.97, 169.42, 11833.7>)
19:18:53.606 [Killfeed] AI Boris (West) got killed by [Drago] PoiiZoner3 with RS-12 from a distance of 2 m.
19:18:56.708 [AI Object Patrol 00103] West bots were wiped out (spawn position <6869.098633, 377.570801, 4178.221680>, 2/2 deceased)
19:18:56.717 [AI Object Patrol 00103] Global patrol count: 0
19:18:56.727 [AI Object Patrol 00103] HelicopterWreck category patrol count: 0
19:21:43.036 [Party] Player "PoiiZoner3" (id=cZC_vl4onJwtCEZaOtA89yPcwyGnN7Qy01WI28TQhbU=) left the party "Dragon Shadowed" (id=4 ownerUID=cZC_vl4onJwtCEZaOtA89yPcwyGnN7Qy01WI28TQhbU= ownerName=PoiiZoner3)
19:24:16.138 [VehicleDeleted] ExpansionUh1h_Resistance (id=D488F9D9874C82662324A0A21F862192 pos=<1230.5, 168.75, 7567.05>)
19:24:43.793 [VehicleDeleted] ExpansionUh1h (id=D48C3172CB475A9BF03202B5768C39B5 pos=<7925.72, 169.69, 11833>)
19:26:59.316 [VehicleDestroyed] ExpansionUh1h (id=8C7014F578456EB2AA62D781963EF77D pos=<1228.09, 169.13, 7566.22>)
19:27:12.288 [VehicleDestroyed] ExpansionUh1h (id=2BC65392804AE65B695248925AA52A7D pos=<7924.62, 169.4, 11833.5>)
19:28:27.866 [Killfeed] AI Naomi (Shamans) got killed by AI Linda (West) with AUR A1 from a distance of 51 m.
19:30:14.421 [Killfeed] AI Cyril (West) got killed by AI Linda (West) with AUR A1 from a distance of 2 m.
19:33:08.191 [VehicleDeleted] ExpansionUh1h (id=8C7014F578456EB2AA62D781963EF77D pos=<1230.3, 168.7, 7567.3>)
19:33:36.382 [VehicleDeleted] ExpansionUh1h (id=2BC65392804AE65B695248925AA52A7D pos=<7924.56, 169.39, 11833.5>)
19:35:52.565 [VehicleDestroyed] ExpansionUh1h (id=44523A556C4CC4F8E51515984BC65373 pos=<1228.18, 169.14, 7566.17>)
19:36:06.816 [VehicleDestroyed] ExpansionUh1h_Uber (id=5CD4C5040D4832B43AEF52868BE4BF0B pos=<7924.64, 169.38, 11833.6>)
19:42:03.512 [VehicleDeleted] ExpansionUh1h (id=44523A556C4CC4F8E51515984BC65373 pos=<1230.44, 168.75, 7567.08>)
19:42:32.089 [VehicleDeleted] ExpansionUh1h_Uber (id=5CD4C5040D4832B43AEF52868BE4BF0B pos=<7924.65, 169.38, 11833.6>)
19:44:47.348 [VehicleDestroyed] ExpansionUh1h (id=2685EABBA54DB7B9148C4B871407D731 pos=<1228.14, 169.12, 7566.25>)
19:45:07.151 [VehicleDestroyed] ExpansionUh1h_Resistance (id=B56885E1DA4318547F4EA7B177E8A160 pos=<7925.08, 169.48, 11833.5>)
19:50:55.414 [VehicleDeleted] ExpansionUh1h (id=2685EABBA54DB7B9148C4B871407D731 pos=<1230.44, 168.75, 7567.08>)
19:51:23.166 [VehicleDeleted] ExpansionUh1h_Resistance (id=B56885E1DA4318547F4EA7B177E8A160 pos=<7925.38, 169.56, 11833.4>)
19:53:38.473 [VehicleDestroyed] ExpansionUh1h (id=68A22A20E24A57BDBD72A2A1FE0AB430 pos=<1228.13, 169.13, 7566.22>)
19:53:56.494 [VehicleDestroyed] ExpansionUh1h_Uber (id=1116F0584149983BD74E9883C62AB66A pos=<7924.76, 169.42, 11833.5>)
19:59:47.537 [VehicleDeleted] ExpansionUh1h (id=68A22A20E24A57BDBD72A2A1FE0AB430 pos=<1230.48, 168.74, 7567.09>)
20:00:15.445 [VehicleDeleted] ExpansionUh1h_Uber (id=1116F0584149983BD74E9883C62AB66A pos=<7924.24, 169.3, 11833.6>)
20:00:57.654 [Killfeed] AI Manua (Shamans) got killed by [Drago] BoughtComic with Snipex Alligator from a distance of 438 m.
20:02:31.095 [VehicleDestroyed] ExpansionUh1h_Medical (id=5FF5CA709842D25E58DF08BDAE23B4C9 pos=<1228.17, 169.12, 7566.24>)
20:02:51.487 [VehicleDestroyed] ExpansionUh1h_Medical (id=7AEC5A2716415D394F7DAC8AEF3FD106 pos=<7925, 169.48, 11833.5>)
20:02:57.921 [Killfeed] AI Taiki (East) got killed by AI Eva (West) with LE-MAS from a distance of 6 m.
20:06:06.754 [Killfeed] AI Frida (West) got killed by [Drago] BoughtComic with Snipex Alligator from a distance of 727 m.
20:06:26.079 [Killfeed] AI Eva (Shamans) got killed by AI Baty (East) with Bizon from a distance of 5 m.
20:08:41.690 [VehicleDeleted] ExpansionUh1h_Medical (id=5FF5CA709842D25E58DF08BDAE23B4C9 pos=<1230.42, 168.73, 7567.16>)
20:09:09.889 [VehicleDeleted] ExpansionUh1h_Medical (id=7AEC5A2716415D394F7DAC8AEF3FD106 pos=<7924.94, 169.49, 11833.4>)
20:11:26.213 [VehicleDestroyed] ExpansionUh1h_Resistance (id=36E8DDEBBF417304AC17E5BB5E3C0110 pos=<1228.09, 169.13, 7566.2>)
20:11:43.187 [VehicleDestroyed] ExpansionUh1h_Medical (id=064A4550FC4135C8611F739324E50F0E pos=<7924.79, 169.45, 11833.4>)
20:17:36.892 [VehicleDeleted] ExpansionUh1h_Resistance (id=36E8DDEBBF417304AC17E5BB5E3C0110 pos=<1230.5, 168.72, 7567.2>)
20:18:04.788 [VehicleDeleted] ExpansionUh1h_Medical (id=064A4550FC4135C8611F739324E50F0E pos=<7924.78, 169.46, 11833.4>)
20:20:20.011 [VehicleDestroyed] ExpansionUh1h_Uber (id=3B5C4A20ED49ED4FD7985EB2F3221065 pos=<1228.15, 169.12, 7566.24>)
20:20:35.540 [VehicleDestroyed] ExpansionUh1h_Medical (id=84B260969D4D6811DADBC688B97E9ACF pos=<7925.16, 169.46, 11833.7>)
20:25:04.230 [Party] Player "BoughtComic" (id=7Z0-Qd_l-RdPlxSsjREkkjX-GxvLeS4WEoUXbkvpXr8=) left the party "Dragon Shadowed" (id=4 ownerUID=cZC_vl4onJwtCEZaOtA89yPcwyGnN7Qy01WI28TQhbU= ownerName=PoiiZoner3)
20:25:31.950 [AI Object Patrol 00103] Despawning West patrol (spawn position <6875.429688, 377.484222, 4176.615234>)
20:26:29.199 [VehicleDeleted] ExpansionUh1h_Uber (id=3B5C4A20ED49ED4FD7985EB2F3221065 pos=<1230.49, 168.73, 7567.14>)
20:26:57.006 [VehicleDeleted] ExpansionUh1h_Medical (id=84B260969D4D6811DADBC688B97E9ACF pos=<7927.12, 169.85, 11833.5>)
20:29:10.597 [VehicleDestroyed] ExpansionUh1h (id=68FF3096A7405D69F2EC2B8DA015CD17 pos=<1228.19, 169.1, 7566.34>)
20:29:19.194 [VehicleDestroyed] ExpansionUh1h_Resistance (id=2C83D20BD243F0E8E23AD799DB56F2E6 pos=<7924.66, 169.26, 11834.1>)
20:35:20.307 [VehicleDeleted] ExpansionUh1h (id=68FF3096A7405D69F2EC2B8DA015CD17 pos=<1230.38, 168.69, 7567.34>)
20:35:48.447 [VehicleDeleted] ExpansionUh1h_Resistance (id=2C83D20BD243F0E8E23AD799DB56F2E6 pos=<7926.54, 169.29, 11835.6>)
20:40:34.230 [MissionAirdrop] An airdrop is heading towards "Gieraltow" (pos=<10899.000000, 0.000000, 4515.000000> type=Random_Gieraltow) with a ExpansionAirdropContainer
22:08:44.158 [MissionAirdrop] An airdrop is heading towards "Gieraltow" (pos=<10899.000000, 0.000000, 4515.000000> type=Random_Gieraltow) with a ExpansionAirdropContainer
22:35:35.935 [VehicleDestroyed] Boat_01_Blue (id=508077F7164EF545DB74FDB8E0F20D71 pos=<11239.4, 169.71, 11245.3>)
23:37:25.233 [MissionAirdrop] An airdrop is heading towards "Kolembrody" (pos=<8676.000000, 0.000000, 12114.000000> type=Random_Kolembrody) with a ExpansionAirdropContainer_Military
01:05:57.361 [MissionAirdrop] An airdrop is heading towards "Kolembrody" (pos=<8676.000000, 0.000000, 12114.000000> type=Random_Kolembrody) with a ExpansionAirdropContainer_Military
02:34:30.517 [MissionAirdrop] An airdrop is heading towards "Muratyn" (pos=<4559.000000, 0.000000, 6852.000000> type=Random_Muratyn) with a ExpansionAirdropContainer
03:59:42.836 [MissionAirdrop] An airdrop is heading towards "Gieraltow" (pos=<10899.000000, 0.000000, 4515.000000> type=Random_Gieraltow) with a ExpansionAirdropContainer
04:10:38.052 [VehicleDestroyed] Boat_01_Blue (id=761E81E8B445C1C03A31B097CBEA140C pos=<2561.4, 170.06, 8134.7>)
04:11:08.030 [VehicleDestroyed] Boat_01_Black (id=346E1A6694447999B900CBB035DC8802 pos=<3638.93, 169.79, 9095.19>)
04:18:28.023 [VehicleDestroyed] Boat_01_Blue (id=2A3BCB453D4AE9C870CBD18E1585A6ED pos=<5287.77, 169.75, 9485.83>)
05:27:45.843 [MissionAirdrop] An airdrop is heading towards "Karlin" (pos=<9975.000000, 0.000000, 7242.000000> type=Random_Karlin) with a ExpansionAirdropContainer_Military
