20:09:10.184 [SpawnSelection] Player "Snake" (id=0nsyEhm9INQy3se8y-fXlbMHVv4YsIXloUCLC2unDyo=) spawned at <1107.232178, 282.667786, 9262.442383>
20:20:31.062 [AI Patrol 00017] Spawning 3 West bots at <7576.524414, 320.704010, 2699.593994>
20:20:39.416 [AI Patrol 00017] Global patrol count: 1
20:20:39.426 [AI Patrol 00017] Patrol category patrol count: 1
20:20:39.437 [AI Patrol 00016] Spawning 1 East bots at <7661.518066, 312.401886, 2832.076416>
20:20:39.476 [AI Patrol 00016] Global patrol count: 2
20:20:39.486 [AI Patrol 00016] Patrol category patrol count: 2
20:20:46.023 [AI Patrol 00017] West bots were wiped out (spawn position <7576.524414, 320.704010, 2699.593994>, 3/3 deceased)
20:20:46.113 [AI Patrol 00017] Global patrol count: 1
20:20:46.204 [AI Patrol 00017] Patrol category patrol count: 1
20:43:10.912 [SpawnSelection] Player "Snake" (id=0nsyEhm9INQy3se8y-fXlbMHVv4YsIXloUCLC2unDyo=) spawned at <1291.614258, 286.404175, 9849.049805>
20:46:34.528 [AI Object Patrol 00037] Spawning 2 East bots at <2623.352539, 326.080231, 6395.791992>
20:46:34.558 [AI Object Patrol 00037] Global patrol count: 2
20:46:34.567 [AI Object Patrol 00037] HelicopterWreck category patrol count: 1
20:54:02.099 [AI Patrol 00018] Spawning 2 Civilian bots at <6802.906250, 312.884033, 3359.831299>
20:54:02.125 [AI Patrol 00018] Global patrol count: 3
20:54:02.134 [AI Patrol 00018] Patrol category patrol count: 2
20:58:14.507 [AI Patrol 00016] East bots were wiped out (spawn position <7661.518066, 312.401886, 2832.076416>, 1/1 deceased)
20:58:14.517 [AI Patrol 00016] Global patrol count: 2
20:58:14.528 [AI Patrol 00016] Patrol category patrol count: 1
20:58:22.468 [AI Object Patrol 00033] Spawning 1 East bots at <11395.211914, 296.469299, 5146.844238>
20:58:22.498 [AI Object Patrol 00033] Global patrol count: 3
20:58:22.509 [AI Object Patrol 00033] HelicopterWreck category patrol count: 2
20:59:26.190 [AI Object Patrol 00037] Despawning 2 East bots (spawn position <2623.352539, 326.080231, 6395.791992>, 0/2 deceased)
20:59:26.207 [AI Object Patrol 00037] Global patrol count: 2
20:59:26.225 [AI Object Patrol 00037] HelicopterWreck category patrol count: 1
21:05:29.130 [AI Patrol 00018] Despawning 2 Civilian bots (spawn position <6802.906250, 312.884033, 3359.831299>, 0/2 deceased)
21:05:29.141 [AI Patrol 00018] Global patrol count: 1
21:05:29.151 [AI Patrol 00018] Patrol category patrol count: 0
