01:20:26.532 [AI Patrol 00015] Spawning 2 East bots at <7715.745117, 315.722626, 2978.316162>
01:20:34.330 [AI Patrol 00015] Global patrol count: 1
01:20:34.340 [AI Patrol 00015] Patrol category patrol count: 1
01:20:51.127 [AI Patrol 00016] Spawning 1 West bots at <7467.996582, 319.841187, 2682.124023>
01:20:51.176 [AI Patrol 00016] Global patrol count: 2
01:20:51.186 [AI Patrol 00016] Patrol category patrol count: 2
01:21:29.146 [AI Patrol 00016] West bots were wiped out (spawn position <7467.996582, 319.841187, 2682.124023>, 1/1 deceased)
01:21:29.156 [AI Patrol 00016] Global patrol count: 1
01:21:29.167 [AI Patrol 00016] Patrol category patrol count: 1
01:22:23.384 [AI Object Patrol 00020] Spawning 3 West bots at <8771.739258, 438.836578, 2065.524414>
01:22:23.421 [AI Object Patrol 00020] Global patrol count: 2
01:22:23.432 [AI Object Patrol 00020] ContaminatedArea category patrol count: 1
01:31:18.802 [VehicleDestroyed] Boat_01_Orange (id=731B9F6E584B70FF5CF03FB320336BA4 pos=<7923.62, 169.97, 11881.6>)
01:33:37.573 [AI Object Patrol 00020] Despawning 3 West bots (spawn position <8771.739258, 438.836578, 2065.524414>, 0/3 deceased)
01:33:37.583 [AI Object Patrol 00020] Global patrol count: 1
01:33:37.594 [AI Object Patrol 00020] ContaminatedArea category patrol count: 0
01:43:36.223 [AI Patrol 00015] Despawning 2 East bots (spawn position <7715.745117, 315.722626, 2978.316162>, 0/2 deceased)
01:43:36.234 [AI Patrol 00015] Global patrol count: 0
01:43:36.245 [AI Patrol 00015] Patrol category patrol count: 0
01:45:50.757 [VehicleDestroyed] Boat_01_Black (id=0C9C73BA8D4A45DD04C781BB81A95CF6 pos=<11240.6, 169.67, 11245.1>)
03:12:30.790 [VehicleDestroyed] Boat_01_Black (id=2250EB13FD4116DE146FA39429788774 pos=<3636.66, 169.8, 9095.08>)
