06:12:53.576 [MissionAirdrop] An airdrop is heading towards "Muratyn" (pos=<4559.000000, 0.000000, 6852.000000> type=Random_Muratyn) with a ExpansionAirdropContainer_Basebuilding
07:39:32.672 [MissionAirdrop] An airdrop is heading towards "Nadbor" (pos=<5996.000000, 0.000000, 4513.000000> type=Random_Nadbor) with a ExpansionAirdropContainer_Basebuilding
08:37:20.736 [AI Object Patrol 00004] Spawning 3 West bots at <5538.330566, 386.510010, 4904.160645>
08:37:20.764 [AI Object Patrol 00004] Global patrol count: 1
08:37:20.775 [AI Object Patrol 00004] HelicopterWreck category patrol count: 1
08:37:20.785 [AI Patrol 00018] Spawning 1 Civilian bots at <6372.806152, 376.899170, 3697.314453>
08:37:20.818 [AI Patrol 00018] Global patrol count: 2
08:37:20.830 [AI Patrol 00018] Patrol category patrol count: 1
08:37:20.841 [AI Patrol 00016] Spawning 2 East bots at <7568.378906, 289.209991, 2569.389404>
08:37:20.877 [AI Patrol 00016] Global patrol count: 3
08:37:20.889 [AI Patrol 00016] Patrol category patrol count: 2
08:37:20.902 [AI Patrol 00017] Spawning 1 West bots at <7566.903809, 317.285614, 2722.624512>
08:37:20.931 [AI Patrol 00017] Global patrol count: 4
08:37:20.942 [AI Patrol 00017] Patrol category patrol count: 3
08:39:02.528 [VehicleDestroyed] ExpansionUh1h (id=38EDD51565488A916B74E6B1DD4C1D4F pos=<1228.14, 169.14, 7566.15>)
08:39:17.000 [VehicleDestroyed] ExpansionUh1h_Resistance (id=E36EB57E5E4187D0EAD12BB76476000D pos=<7924.74, 169.4, 11833.6>)
08:41:48.348 [BaseBuildingRaiding] ------------------------- Expansion Base Raiding Damage Report -------------------------
08:41:48.358 [BaseBuildingRaiding] Player "Survivor" (id=OKxcsvV2KsCqlVzELkqmfegOmuewD7pyeAvtZiRRMOU= pos=<5969.56, 411.71, 4206.12>) damaged ExpansionWall6x3 at <5967.03, 411.62, 4203.19>
08:41:48.368 [BaseBuildingRaiding] They dealt 160 * 1 = 160 damage with Bullet_762x54 from SkyFall_PKM
08:41:48.378 [BaseBuildingRaiding] GlobalHealth hitpoints decreased from 27735.2 to 27575.2
08:41:48.388 [BaseBuildingRaiding] ----------------------------------------------------------------------------------------
08:41:48.513 [BaseBuildingRaiding] ------------------------- Expansion Base Raiding Damage Report -------------------------
08:41:48.524 [BaseBuildingRaiding] Player "Survivor" (id=OKxcsvV2KsCqlVzELkqmfegOmuewD7pyeAvtZiRRMOU= pos=<5969.56, 411.71, 4206.12>) damaged ExpansionWall6x3 at <5967.03, 411.62, 4203.19>
08:41:48.538 [BaseBuildingRaiding] They dealt 160 * 1 = 160 damage with Bullet_762x54 from SkyFall_PKM
08:41:48.551 [BaseBuildingRaiding] GlobalHealth hitpoints decreased from 27575.2 to 27415.2
08:41:48.565 [BaseBuildingRaiding] ----------------------------------------------------------------------------------------
08:41:48.659 [BaseBuildingRaiding] ------------------------- Expansion Base Raiding Damage Report -------------------------
08:41:48.670 [BaseBuildingRaiding] Player "Survivor" (id=OKxcsvV2KsCqlVzELkqmfegOmuewD7pyeAvtZiRRMOU= pos=<5969.56, 411.71, 4206.12>) damaged ExpansionWall6x3 at <5967.03, 411.62, 4203.19>
08:41:48.681 [BaseBuildingRaiding] They dealt 160 * 1 = 160 damage with Bullet_762x54 from SkyFall_PKM
08:41:48.692 [BaseBuildingRaiding] GlobalHealth hitpoints decreased from 27415.2 to 27255.2
08:41:48.703 [BaseBuildingRaiding] ----------------------------------------------------------------------------------------
08:41:48.820 [BaseBuildingRaiding] ------------------------- Expansion Base Raiding Damage Report -------------------------
08:41:48.841 [BaseBuildingRaiding] Player "Survivor" (id=OKxcsvV2KsCqlVzELkqmfegOmuewD7pyeAvtZiRRMOU= pos=<5969.56, 411.71, 4206.12>) damaged ExpansionWall6x3 at <5967.03, 411.62, 4203.19>
08:41:48.865 [BaseBuildingRaiding] They dealt 160 * 1 = 160 damage with Bullet_762x54 from SkyFall_PKM
08:41:48.891 [BaseBuildingRaiding] GlobalHealth hitpoints decreased from 27255.2 to 27095.2
08:41:48.919 [BaseBuildingRaiding] ----------------------------------------------------------------------------------------
08:41:49.009 [BaseBuildingRaiding] ------------------------- Expansion Base Raiding Damage Report -------------------------
08:41:49.047 [BaseBuildingRaiding] Player "Survivor" (id=OKxcsvV2KsCqlVzELkqmfegOmuewD7pyeAvtZiRRMOU= pos=<5969.56, 411.71, 4206.12>) damaged ExpansionWall6x3 at <5967.03, 411.62, 4203.19>
08:41:49.090 [BaseBuildingRaiding] They dealt 160 * 1 = 160 damage with Bullet_762x54 from SkyFall_PKM
08:41:49.139 [BaseBuildingRaiding] GlobalHealth hitpoints decreased from 27095.2 to 26935.2
08:41:49.193 [BaseBuildingRaiding] ----------------------------------------------------------------------------------------
08:41:49.263 [BaseBuildingRaiding] ------------------------- Expansion Base Raiding Damage Report -------------------------
08:41:49.320 [BaseBuildingRaiding] Player "Survivor" (id=OKxcsvV2KsCqlVzELkqmfegOmuewD7pyeAvtZiRRMOU= pos=<5969.56, 411.71, 4206.12>) damaged ExpansionWall6x3 at <5967.03, 411.62, 4203.19>
08:41:49.378 [BaseBuildingRaiding] They dealt 160 * 1 = 160 damage with Bullet_762x54 from SkyFall_PKM
08:41:49.438 [BaseBuildingRaiding] GlobalHealth hitpoints decreased from 26935.2 to 26775.2
08:41:49.500 [BaseBuildingRaiding] ----------------------------------------------------------------------------------------
08:41:49.630 [BaseBuildingRaiding] ------------------------- Expansion Base Raiding Damage Report -------------------------
08:41:49.640 [BaseBuildingRaiding] Player "Survivor" (id=OKxcsvV2KsCqlVzELkqmfegOmuewD7pyeAvtZiRRMOU= pos=<5969.56, 411.71, 4206.12>) damaged ExpansionWall6x3 at <5967.03, 411.62, 4203.19>
08:41:49.650 [BaseBuildingRaiding] They dealt 160 * 1 = 160 damage with Bullet_762x54 from SkyFall_PKM
08:41:49.661 [BaseBuildingRaiding] GlobalHealth hitpoints decreased from 26775.2 to 26615.2
08:41:49.671 [BaseBuildingRaiding] ----------------------------------------------------------------------------------------
08:41:49.685 [BaseBuildingRaiding] ------------------------- Expansion Base Raiding Damage Report -------------------------
08:41:49.695 [BaseBuildingRaiding] Player "Survivor" (id=OKxcsvV2KsCqlVzELkqmfegOmuewD7pyeAvtZiRRMOU= pos=<5969.56, 411.71, 4206.12>) damaged ExpansionWall6x3 at <5967.03, 411.62, 4203.19>
08:41:49.704 [BaseBuildingRaiding] They dealt 160 * 1 = 160 damage with Bullet_762x54 from SkyFall_PKM
08:41:49.714 [BaseBuildingRaiding] GlobalHealth hitpoints decreased from 26615.2 to 26455.2
08:41:49.724 [BaseBuildingRaiding] ----------------------------------------------------------------------------------------
08:41:50.023 [BaseBuildingRaiding] ------------------------- Expansion Base Raiding Damage Report -------------------------
08:41:50.033 [BaseBuildingRaiding] Player "Survivor" (id=OKxcsvV2KsCqlVzELkqmfegOmuewD7pyeAvtZiRRMOU= pos=<5969.56, 411.71, 4206.12>) damaged ExpansionWall6x3 at <5967.03, 411.62, 4203.19>
08:41:50.043 [BaseBuildingRaiding] They dealt 160 * 1 = 160 damage with Bullet_762x54 from SkyFall_PKM
08:41:50.053 [BaseBuildingRaiding] GlobalHealth hitpoints decreased from 26455.2 to 26295.2
08:41:50.063 [BaseBuildingRaiding] ----------------------------------------------------------------------------------------
08:41:50.974 [BaseBuildingRaiding] ------------------------- Expansion Base Raiding Damage Report -------------------------
08:41:50.984 [BaseBuildingRaiding] Player "Survivor" (id=OKxcsvV2KsCqlVzELkqmfegOmuewD7pyeAvtZiRRMOU= pos=<5969.56, 411.71, 4206.12>) damaged ExpansionWall6x3 at <5967.03, 411.62, 4203.19>
08:41:50.994 [BaseBuildingRaiding] They dealt 160 * 1 = 160 damage with Bullet_762x54 from SkyFall_PKM
08:41:51.004 [BaseBuildingRaiding] GlobalHealth hitpoints decreased from 26295.2 to 26135.2
08:41:51.015 [BaseBuildingRaiding] ----------------------------------------------------------------------------------------
08:41:51.160 [BaseBuildingRaiding] ------------------------- Expansion Base Raiding Damage Report -------------------------
08:41:51.170 [BaseBuildingRaiding] Player "Survivor" (id=OKxcsvV2KsCqlVzELkqmfegOmuewD7pyeAvtZiRRMOU= pos=<5969.56, 411.71, 4206.12>) damaged ExpansionWall6x3 at <5967.03, 411.62, 4203.19>
08:41:51.180 [BaseBuildingRaiding] They dealt 160 * 1 = 160 damage with Bullet_762x54 from SkyFall_PKM
08:41:51.190 [BaseBuildingRaiding] GlobalHealth hitpoints decreased from 26135.2 to 25975.2
08:41:51.200 [BaseBuildingRaiding] ----------------------------------------------------------------------------------------
08:41:51.289 [BaseBuildingRaiding] ------------------------- Expansion Base Raiding Damage Report -------------------------
08:41:51.300 [BaseBuildingRaiding] Player "Survivor" (id=OKxcsvV2KsCqlVzELkqmfegOmuewD7pyeAvtZiRRMOU= pos=<5969.56, 411.71, 4206.12>) damaged ExpansionWall6x3 at <5967.03, 411.62, 4203.19>
08:41:51.311 [BaseBuildingRaiding] They dealt 160 * 1 = 160 damage with Bullet_762x54 from SkyFall_PKM
08:41:51.321 [BaseBuildingRaiding] GlobalHealth hitpoints decreased from 25975.2 to 25815.2
08:41:51.331 [BaseBuildingRaiding] ----------------------------------------------------------------------------------------
08:41:51.473 [BaseBuildingRaiding] ------------------------- Expansion Base Raiding Damage Report -------------------------
08:41:51.483 [BaseBuildingRaiding] Player "Survivor" (id=OKxcsvV2KsCqlVzELkqmfegOmuewD7pyeAvtZiRRMOU= pos=<5969.56, 411.71, 4206.12>) damaged ExpansionWall6x3 at <5967.03, 411.62, 4203.19>
08:41:51.493 [BaseBuildingRaiding] They dealt 160 * 1 = 160 damage with Bullet_762x54 from SkyFall_PKM
08:41:51.503 [BaseBuildingRaiding] GlobalHealth hitpoints decreased from 25815.2 to 25655.2
08:41:51.513 [BaseBuildingRaiding] ----------------------------------------------------------------------------------------
08:41:51.622 [BaseBuildingRaiding] ------------------------- Expansion Base Raiding Damage Report -------------------------
08:41:51.632 [BaseBuildingRaiding] Player "Survivor" (id=OKxcsvV2KsCqlVzELkqmfegOmuewD7pyeAvtZiRRMOU= pos=<5969.56, 411.71, 4206.12>) damaged ExpansionWall6x3 at <5967.03, 411.62, 4203.19>
08:41:51.641 [BaseBuildingRaiding] They dealt 160 * 1 = 160 damage with Bullet_762x54 from SkyFall_PKM
08:41:51.651 [BaseBuildingRaiding] GlobalHealth hitpoints decreased from 25655.2 to 25495.2
08:41:51.661 [BaseBuildingRaiding] ----------------------------------------------------------------------------------------
08:41:51.812 [BaseBuildingRaiding] ------------------------- Expansion Base Raiding Damage Report -------------------------
08:41:51.822 [BaseBuildingRaiding] Player "Survivor" (id=OKxcsvV2KsCqlVzELkqmfegOmuewD7pyeAvtZiRRMOU= pos=<5969.56, 411.71, 4206.12>) damaged ExpansionWall6x3 at <5967.03, 411.62, 4203.19>
08:41:51.832 [BaseBuildingRaiding] They dealt 160 * 1 = 160 damage with Bullet_762x54 from SkyFall_PKM
08:41:51.842 [BaseBuildingRaiding] GlobalHealth hitpoints decreased from 25495.2 to 25335.2
08:41:51.852 [BaseBuildingRaiding] ----------------------------------------------------------------------------------------
08:41:51.964 [BaseBuildingRaiding] ------------------------- Expansion Base Raiding Damage Report -------------------------
08:41:51.975 [BaseBuildingRaiding] Player "Survivor" (id=OKxcsvV2KsCqlVzELkqmfegOmuewD7pyeAvtZiRRMOU= pos=<5969.56, 411.71, 4206.12>) damaged ExpansionWall6x3 at <5967.03, 411.62, 4203.19>
08:41:51.985 [BaseBuildingRaiding] They dealt 160 * 1 = 160 damage with Bullet_762x54 from SkyFall_PKM
08:41:51.995 [BaseBuildingRaiding] GlobalHealth hitpoints decreased from 25335.2 to 25175.2
08:41:52.005 [BaseBuildingRaiding] ----------------------------------------------------------------------------------------
08:41:52.152 [BaseBuildingRaiding] ------------------------- Expansion Base Raiding Damage Report -------------------------
08:41:52.162 [BaseBuildingRaiding] Player "Survivor" (id=OKxcsvV2KsCqlVzELkqmfegOmuewD7pyeAvtZiRRMOU= pos=<5969.56, 411.71, 4206.12>) damaged ExpansionWall6x3 at <5967.03, 411.62, 4203.19>
08:41:52.172 [BaseBuildingRaiding] They dealt 160 * 1 = 160 damage with Bullet_762x54 from SkyFall_PKM
08:41:52.182 [BaseBuildingRaiding] GlobalHealth hitpoints decreased from 25175.2 to 25015.2
08:41:52.192 [BaseBuildingRaiding] ----------------------------------------------------------------------------------------
08:41:53.581 [BaseBuildingRaiding] ------------------------- Expansion Base Raiding Damage Report -------------------------
08:41:53.591 [BaseBuildingRaiding] Player "Survivor" (id=OKxcsvV2KsCqlVzELkqmfegOmuewD7pyeAvtZiRRMOU= pos=<5969.56, 411.71, 4206.12>) damaged ExpansionWall6x3 at <5967.03, 411.62, 4203.19>
08:41:53.602 [BaseBuildingRaiding] They dealt 160 * 1 = 160 damage with Bullet_762x54 from SkyFall_PKM
08:41:53.612 [BaseBuildingRaiding] GlobalHealth hitpoints decreased from 25015.2 to 24855.2
08:41:53.622 [BaseBuildingRaiding] ----------------------------------------------------------------------------------------
08:41:53.761 [BaseBuildingRaiding] ------------------------- Expansion Base Raiding Damage Report -------------------------
08:41:53.772 [BaseBuildingRaiding] Player "Survivor" (id=OKxcsvV2KsCqlVzELkqmfegOmuewD7pyeAvtZiRRMOU= pos=<5969.56, 411.71, 4206.12>) damaged ExpansionWall6x3 at <5967.03, 411.62, 4203.19>
08:41:53.781 [BaseBuildingRaiding] They dealt 160 * 1 = 160 damage with Bullet_762x54 from SkyFall_PKM
08:41:53.791 [BaseBuildingRaiding] GlobalHealth hitpoints decreased from 24855.2 to 24695.2
08:41:53.801 [BaseBuildingRaiding] ----------------------------------------------------------------------------------------
08:41:53.921 [BaseBuildingRaiding] ------------------------- Expansion Base Raiding Damage Report -------------------------
08:41:53.939 [BaseBuildingRaiding] Player "Survivor" (id=OKxcsvV2KsCqlVzELkqmfegOmuewD7pyeAvtZiRRMOU= pos=<5969.56, 411.71, 4206.12>) damaged ExpansionWall6x3 at <5967.03, 411.62, 4203.19>
08:41:53.957 [BaseBuildingRaiding] They dealt 160 * 1 = 160 damage with Bullet_762x54 from SkyFall_PKM
08:41:53.974 [BaseBuildingRaiding] GlobalHealth hitpoints decreased from 24695.2 to 24535.2
08:41:53.990 [BaseBuildingRaiding] ----------------------------------------------------------------------------------------
08:41:54.093 [BaseBuildingRaiding] ------------------------- Expansion Base Raiding Damage Report -------------------------
08:41:54.104 [BaseBuildingRaiding] Player "Survivor" (id=OKxcsvV2KsCqlVzELkqmfegOmuewD7pyeAvtZiRRMOU= pos=<5969.56, 411.71, 4206.12>) damaged ExpansionWall6x3 at <5967.03, 411.62, 4203.19>
08:41:54.114 [BaseBuildingRaiding] They dealt 160 * 1 = 160 damage with Bullet_762x54 from SkyFall_PKM
08:41:54.124 [BaseBuildingRaiding] GlobalHealth hitpoints decreased from 24535.2 to 24375.2
08:41:54.134 [BaseBuildingRaiding] ----------------------------------------------------------------------------------------
08:41:54.279 [BaseBuildingRaiding] ------------------------- Expansion Base Raiding Damage Report -------------------------
08:41:54.289 [BaseBuildingRaiding] Player "Survivor" (id=OKxcsvV2KsCqlVzELkqmfegOmuewD7pyeAvtZiRRMOU= pos=<5969.56, 411.71, 4206.12>) damaged ExpansionWall6x3 at <5967.03, 411.62, 4203.19>
08:41:54.300 [BaseBuildingRaiding] They dealt 160 * 1 = 160 damage with Bullet_762x54 from SkyFall_PKM
08:41:54.309 [BaseBuildingRaiding] GlobalHealth hitpoints decreased from 24375.2 to 24215.2
08:41:54.319 [BaseBuildingRaiding] ----------------------------------------------------------------------------------------
08:41:54.429 [BaseBuildingRaiding] ------------------------- Expansion Base Raiding Damage Report -------------------------
08:41:54.440 [BaseBuildingRaiding] Player "Survivor" (id=OKxcsvV2KsCqlVzELkqmfegOmuewD7pyeAvtZiRRMOU= pos=<5969.56, 411.71, 4206.12>) damaged ExpansionWall6x3 at <5967.03, 411.62, 4203.19>
08:41:54.450 [BaseBuildingRaiding] They dealt 160 * 1 = 160 damage with Bullet_762x54 from SkyFall_PKM
08:41:54.460 [BaseBuildingRaiding] GlobalHealth hitpoints decreased from 24215.2 to 24055.2
08:41:54.470 [BaseBuildingRaiding] ----------------------------------------------------------------------------------------
08:41:54.590 [BaseBuildingRaiding] ------------------------- Expansion Base Raiding Damage Report -------------------------
08:41:54.602 [BaseBuildingRaiding] Player "Survivor" (id=OKxcsvV2KsCqlVzELkqmfegOmuewD7pyeAvtZiRRMOU= pos=<5969.56, 411.71, 4206.12>) damaged ExpansionWall6x3 at <5967.03, 411.62, 4203.19>
08:41:54.617 [BaseBuildingRaiding] They dealt 160 * 1 = 160 damage with Bullet_762x54 from SkyFall_PKM
08:41:54.627 [BaseBuildingRaiding] GlobalHealth hitpoints decreased from 24055.2 to 23895.2
08:41:54.637 [BaseBuildingRaiding] ----------------------------------------------------------------------------------------
08:41:55.122 [BaseBuildingRaiding] ------------------------- Expansion Base Raiding Damage Report -------------------------
08:41:55.133 [BaseBuildingRaiding] Player "Survivor" (id=OKxcsvV2KsCqlVzELkqmfegOmuewD7pyeAvtZiRRMOU= pos=<5969.56, 411.71, 4206.12>) damaged ExpansionWall6x3 at <5967.03, 411.62, 4203.19>
08:41:55.143 [BaseBuildingRaiding] They dealt 160 * 1 = 160 damage with Bullet_762x54 from SkyFall_PKM
08:41:55.154 [BaseBuildingRaiding] GlobalHealth hitpoints decreased from 23895.2 to 23735.2
08:41:55.164 [BaseBuildingRaiding] ----------------------------------------------------------------------------------------
08:41:55.271 [BaseBuildingRaiding] ------------------------- Expansion Base Raiding Damage Report -------------------------
08:41:55.281 [BaseBuildingRaiding] Player "Survivor" (id=OKxcsvV2KsCqlVzELkqmfegOmuewD7pyeAvtZiRRMOU= pos=<5969.56, 411.71, 4206.12>) damaged ExpansionWall6x3 at <5967.03, 411.62, 4203.19>
08:41:55.292 [BaseBuildingRaiding] They dealt 160 * 1 = 160 damage with Bullet_762x54 from SkyFall_PKM
08:41:55.303 [BaseBuildingRaiding] GlobalHealth hitpoints decreased from 23735.2 to 23575.2
08:41:55.313 [BaseBuildingRaiding] ----------------------------------------------------------------------------------------
08:41:55.420 [BaseBuildingRaiding] ------------------------- Expansion Base Raiding Damage Report -------------------------
08:41:55.431 [BaseBuildingRaiding] Player "Survivor" (id=OKxcsvV2KsCqlVzELkqmfegOmuewD7pyeAvtZiRRMOU= pos=<5969.56, 411.71, 4206.12>) damaged ExpansionWall6x3 at <5967.03, 411.62, 4203.19>
08:41:55.441 [BaseBuildingRaiding] They dealt 160 * 1 = 160 damage with Bullet_762x54 from SkyFall_PKM
08:41:55.451 [BaseBuildingRaiding] GlobalHealth hitpoints decreased from 23575.2 to 23415.2
08:41:55.461 [BaseBuildingRaiding] ----------------------------------------------------------------------------------------
08:41:55.608 [BaseBuildingRaiding] ------------------------- Expansion Base Raiding Damage Report -------------------------
08:41:55.618 [BaseBuildingRaiding] Player "Survivor" (id=OKxcsvV2KsCqlVzELkqmfegOmuewD7pyeAvtZiRRMOU= pos=<5969.56, 411.71, 4206.12>) damaged ExpansionWall6x3 at <5967.03, 411.62, 4203.19>
08:41:55.628 [BaseBuildingRaiding] They dealt 160 * 1 = 160 damage with Bullet_762x54 from SkyFall_PKM
08:41:55.638 [BaseBuildingRaiding] GlobalHealth hitpoints decreased from 23415.2 to 23255.2
08:41:55.647 [BaseBuildingRaiding] ----------------------------------------------------------------------------------------
08:41:55.766 [BaseBuildingRaiding] ------------------------- Expansion Base Raiding Damage Report -------------------------
08:41:55.776 [BaseBuildingRaiding] Player "Survivor" (id=OKxcsvV2KsCqlVzELkqmfegOmuewD7pyeAvtZiRRMOU= pos=<5969.56, 411.71, 4206.12>) damaged ExpansionWall6x3 at <5967.03, 411.62, 4203.19>
08:41:55.787 [BaseBuildingRaiding] They dealt 160 * 1 = 160 damage with Bullet_762x54 from SkyFall_PKM
08:41:55.796 [BaseBuildingRaiding] GlobalHealth hitpoints decreased from 23255.2 to 23095.2
08:41:55.806 [BaseBuildingRaiding] ----------------------------------------------------------------------------------------
08:41:55.944 [BaseBuildingRaiding] ------------------------- Expansion Base Raiding Damage Report -------------------------
08:41:55.958 [BaseBuildingRaiding] Player "Survivor" (id=OKxcsvV2KsCqlVzELkqmfegOmuewD7pyeAvtZiRRMOU= pos=<5969.56, 411.71, 4206.12>) damaged ExpansionWall6x3 at <5967.03, 411.62, 4203.19>
08:41:55.969 [BaseBuildingRaiding] They dealt 160 * 1 = 160 damage with Bullet_762x54 from SkyFall_PKM
08:41:55.979 [BaseBuildingRaiding] GlobalHealth hitpoints decreased from 23095.2 to 22935.2
08:41:55.989 [BaseBuildingRaiding] ----------------------------------------------------------------------------------------
08:41:56.107 [BaseBuildingRaiding] ------------------------- Expansion Base Raiding Damage Report -------------------------
08:41:56.117 [BaseBuildingRaiding] Player "Survivor" (id=OKxcsvV2KsCqlVzELkqmfegOmuewD7pyeAvtZiRRMOU= pos=<5969.56, 411.71, 4206.12>) damaged ExpansionWall6x3 at <5967.03, 411.62, 4203.19>
08:41:56.126 [BaseBuildingRaiding] They dealt 160 * 1 = 160 damage with Bullet_762x54 from SkyFall_PKM
08:41:56.137 [BaseBuildingRaiding] GlobalHealth hitpoints decreased from 22935.2 to 22775.2
08:41:56.147 [BaseBuildingRaiding] ----------------------------------------------------------------------------------------
08:41:56.254 [BaseBuildingRaiding] ------------------------- Expansion Base Raiding Damage Report -------------------------
08:41:56.265 [BaseBuildingRaiding] Player "Survivor" (id=OKxcsvV2KsCqlVzELkqmfegOmuewD7pyeAvtZiRRMOU= pos=<5969.56, 411.71, 4206.12>) damaged ExpansionWall6x3 at <5967.03, 411.62, 4203.19>
08:41:56.275 [BaseBuildingRaiding] They dealt 160 * 1 = 160 damage with Bullet_762x54 from SkyFall_PKM
08:41:56.286 [BaseBuildingRaiding] GlobalHealth hitpoints decreased from 22775.2 to 22615.2
08:41:56.296 [BaseBuildingRaiding] ----------------------------------------------------------------------------------------
08:41:56.446 [BaseBuildingRaiding] ------------------------- Expansion Base Raiding Damage Report -------------------------
08:41:56.456 [BaseBuildingRaiding] Player "Survivor" (id=OKxcsvV2KsCqlVzELkqmfegOmuewD7pyeAvtZiRRMOU= pos=<5969.56, 411.71, 4206.12>) damaged ExpansionWall6x3 at <5967.03, 411.62, 4203.19>
08:41:56.466 [BaseBuildingRaiding] They dealt 160 * 1 = 160 damage with Bullet_762x54 from SkyFall_PKM
08:41:56.475 [BaseBuildingRaiding] GlobalHealth hitpoints decreased from 22615.2 to 22455.2
08:41:56.484 [BaseBuildingRaiding] ----------------------------------------------------------------------------------------
08:41:56.586 [BaseBuildingRaiding] ------------------------- Expansion Base Raiding Damage Report -------------------------
08:41:56.596 [BaseBuildingRaiding] Player "Survivor" (id=OKxcsvV2KsCqlVzELkqmfegOmuewD7pyeAvtZiRRMOU= pos=<5969.56, 411.71, 4206.12>) damaged ExpansionWall6x3 at <5967.03, 411.62, 4203.19>
08:41:56.606 [BaseBuildingRaiding] They dealt 160 * 1 = 160 damage with Bullet_762x54 from SkyFall_PKM
08:41:56.616 [BaseBuildingRaiding] GlobalHealth hitpoints decreased from 22455.2 to 22295.2
08:41:56.627 [BaseBuildingRaiding] ----------------------------------------------------------------------------------------
08:41:56.788 [BaseBuildingRaiding] ------------------------- Expansion Base Raiding Damage Report -------------------------
08:41:56.798 [BaseBuildingRaiding] Player "Survivor" (id=OKxcsvV2KsCqlVzELkqmfegOmuewD7pyeAvtZiRRMOU= pos=<5969.56, 411.71, 4206.12>) damaged ExpansionWall6x3 at <5967.03, 411.62, 4203.19>
08:41:56.808 [BaseBuildingRaiding] They dealt 160 * 1 = 160 damage with Bullet_762x54 from SkyFall_PKM
08:41:56.818 [BaseBuildingRaiding] GlobalHealth hitpoints decreased from 22295.2 to 22135.2
08:41:56.828 [BaseBuildingRaiding] ----------------------------------------------------------------------------------------
08:42:59.806 [Killfeed] AI Kaito (Shamans) got killed by Survivor with Barret M82A1 from a distance of 779 m.
08:43:14.768 [Killfeed] AI Manua (West) got killed by Survivor with Barret M82A1 from a distance of 747 m.
08:43:36.785 [Killfeed] AI Guo (Shamans) got killed by Survivor with Barret M82A1 from a distance of 735 m.
08:44:43.860 [Killfeed] AI Lewis (West) got killed by AI Seth (East) with Bizon from a distance of 4 m.
08:45:12.791 [VehicleDeleted] ExpansionUh1h (id=38EDD51565488A916B74E6B1DD4C1D4F pos=<1230.51, 168.75, 7567.04>)
08:45:41.394 [VehicleDeleted] ExpansionUh1h_Resistance (id=E36EB57E5E4187D0EAD12BB76476000D pos=<7924.75, 169.4, 11833.6>)
08:47:48.045 [Killfeed] AI Irena (West) got killed by AI Judy (East) with Bizon from a distance of 22 m.
08:47:51.030 [AI Patrol 00017] West bots were wiped out (spawn position <7566.903809, 317.285614, 2722.624512>, 1/1 deceased)
08:47:51.040 [AI Patrol 00017] Global patrol count: 3
08:47:51.050 [AI Patrol 00017] Patrol category patrol count: 2
08:47:57.920 [VehicleDestroyed] ExpansionUh1h_Medical (id=FAB25748CB4993B6A35E2CA573873BEE pos=<1228.06, 169.13, 7566.23>)
08:48:09.647 [VehicleDestroyed] ExpansionUh1h (id=3BEEAF2CED428A3BE3B368A472310799 pos=<7924.9, 169.41, 11833.7>)
08:50:19.651 [Killfeed] AI Hassan (West) got killed by Survivor with LAR from a distance of 87 m.
08:51:29.532 [Killfeed] AI Eva (West) got killed by Survivor with LAR from a distance of 5 m.
08:54:07.406 [VehicleDeleted] ExpansionUh1h_Medical (id=FAB25748CB4993B6A35E2CA573873BEE pos=<1230.44, 168.74, 7567.11>)
08:54:35.291 [VehicleDeleted] ExpansionUh1h (id=3BEEAF2CED428A3BE3B368A472310799 pos=<7925.56, 169.55, 11833.6>)
08:56:20.996 [Killfeed] AI Francis (East) got killed by AI Peter (West) with LE-MAS from a distance of 3 m.
08:56:40.712 [BaseBuildingRaiding] ------------------------- Expansion Base Raiding Damage Report -------------------------
08:56:40.723 [BaseBuildingRaiding] Player "Survivor" (id=OKxcsvV2KsCqlVzELkqmfegOmuewD7pyeAvtZiRRMOU= pos=<5951.68, 396.35, 4205.64>) damaged ExpansionWall6x3 at <5928.89, 396.22, 4185.43>
08:56:40.733 [BaseBuildingRaiding] They dealt 90 * 1 = 90 damage with SkyFall_Bullet_46x30 from SkyFall_MP7A1
08:56:40.743 [BaseBuildingRaiding] GlobalHealth hitpoints decreased from 29908.3 to 29818.3
08:56:40.752 [BaseBuildingRaiding] ----------------------------------------------------------------------------------------
08:56:51.415 [VehicleDestroyed] ExpansionUh1h_Medical (id=277BBC8C5A4D1F617BBE65B78D0BE3AF pos=<1228.06, 169.16, 7566.12>)
08:57:07.523 [VehicleDestroyed] ExpansionUh1h_Uber (id=55A7224EF94B4E4B467E31882C8BA07B pos=<7924.8, 169.45, 11833.5>)
08:59:45.650 [AI Object Patrol 00004] Despawning 3 West bots (spawn position <5538.330566, 386.510010, 4904.160645>, 0/3 deceased)
08:59:45.661 [AI Object Patrol 00004] Global patrol count: 2
08:59:45.671 [AI Object Patrol 00004] HelicopterWreck category patrol count: 0
09:03:01.040 [VehicleDeleted] ExpansionUh1h_Medical (id=277BBC8C5A4D1F617BBE65B78D0BE3AF pos=<1230.58, 168.75, 7567>)
09:03:29.082 [VehicleDeleted] ExpansionUh1h_Uber (id=55A7224EF94B4E4B467E31882C8BA07B pos=<7924.87, 169.45, 11833.5>)
09:05:44.116 [VehicleDestroyed] ExpansionUh1h (id=E37BCB9DE34D800F55CA508FAB4178B3 pos=<1228.14, 169.12, 7566.25>)
09:05:52.851 [MissionAirdrop] An airdrop is heading towards "Kolembrody" (pos=<8676.000000, 0.000000, 12114.000000> type=Random_Kolembrody) with a ExpansionAirdropContainer_Military
09:05:53.894 [VehicleDestroyed] ExpansionUh1h_Resistance (id=BAFC9AA287405A74C63ACD89B7FC89C3 pos=<7924.78, 169.35, 11833.8>)
09:09:07.230 [AI Patrol 00018] Despawning 1 Civilian bots (spawn position <6372.806152, 376.899170, 3697.314453>, 0/1 deceased)
09:09:07.239 [AI Patrol 00018] Global patrol count: 1
09:09:07.249 [AI Patrol 00018] Patrol category patrol count: 1
09:39:03.632 [VehicleDeleted] ExpansionUh1h (id=E37BCB9DE34D800F55CA508FAB4178B3 pos=<1232.39, 168.38, 7567.91>)
09:39:31.537 [VehicleDeleted] ExpansionUh1h_Resistance (id=BAFC9AA287405A74C63ACD89B7FC89C3 pos=<7927.17, 169.95, 11833.1>)
09:41:46.097 [VehicleDestroyed] ExpansionUh1h_Uber (id=992011E7834E1BFFB3BA1F9CE7648D5A pos=<1228.17, 169.14, 7566.19>)
09:42:04.269 [VehicleDestroyed] ExpansionUh1h_Medical (id=B8FBF0D7B14AA9ED4F069B9804CFE67C pos=<7924.77, 169.44, 11833.5>)
09:47:55.587 [VehicleDeleted] ExpansionUh1h_Uber (id=992011E7834E1BFFB3BA1F9CE7648D5A pos=<1230.55, 168.75, 7567.05>)
09:48:23.384 [VehicleDeleted] ExpansionUh1h_Medical (id=B8FBF0D7B14AA9ED4F069B9804CFE67C pos=<7924.49, 169.37, 11833.5>)
09:50:38.477 [VehicleDestroyed] ExpansionUh1h_Uber (id=9162F29AEB460F87D2FB3197CDFABF87 pos=<1228.17, 169.14, 7566.17>)
09:50:54.424 [VehicleDestroyed] ExpansionUh1h (id=1EE822DD774D4CBA1EC82781125D15FF pos=<7924.93, 169.41, 11833.6>)
09:56:48.655 [VehicleDeleted] ExpansionUh1h_Uber (id=9162F29AEB460F87D2FB3197CDFABF87 pos=<1230.6, 168.74, 7567.05>)
09:57:16.605 [VehicleDeleted] ExpansionUh1h (id=1EE822DD774D4CBA1EC82781125D15FF pos=<7927.19, 169.43, 11835.6>)
09:59:30.785 [VehicleDestroyed] ExpansionUh1h (id=24A8742D1A47E7F8FE726A9BADF6CC4B pos=<1228.18, 169.14, 7566.17>)
09:59:42.870 [VehicleDestroyed] ExpansionUh1h_Medical (id=1C71E8D6394F9589D28635A31CC0D99E pos=<7924.82, 169.39, 11833.7>)
10:05:41.037 [VehicleDeleted] ExpansionUh1h (id=24A8742D1A47E7F8FE726A9BADF6CC4B pos=<1230.54, 168.76, 7567>)
10:06:09.421 [VehicleDeleted] ExpansionUh1h_Medical (id=1C71E8D6394F9589D28635A31CC0D99E pos=<7927.26, 169.99, 11833>)
10:08:24.071 [VehicleDestroyed] ExpansionUh1h_Medical (id=6B3F7C59F342D8F2D22BE999B4906FC9 pos=<1228.09, 169.13, 7566.2>)
10:08:44.763 [VehicleDestroyed] ExpansionUh1h_Medical (id=0F561A9103423815D2C282ABB96179C7 pos=<7925.29, 169.55, 11833.4>)
10:14:31.644 [VehicleDeleted] ExpansionUh1h_Medical (id=6B3F7C59F342D8F2D22BE999B4906FC9 pos=<1230.52, 168.74, 7567.1>)
10:14:59.398 [VehicleDeleted] ExpansionUh1h_Medical (id=0F561A9103423815D2C282ABB96179C7 pos=<7927.3, 169.94, 11833.2>)
10:17:14.821 [VehicleDestroyed] ExpansionUh1h (id=D805CD319A4E03C924BED6AB3D05CCA8 pos=<1228.13, 169.13, 7566.22>)
10:17:23.493 [VehicleDestroyed] ExpansionUh1h_Uber (id=11978D2D6A4BE09D49ED73ADA6BD443A pos=<7924.53, 169.31, 11833.8>)
