08:28:02.890 [AI Patrol 00016] Spawning 2 East bots at <7365.417480, 287.630615, 2619.229248>
08:28:10.922 [AI Patrol 00016] Global patrol count: 1
08:28:10.932 [AI Patrol 00016] Patrol category patrol count: 1
08:28:10.943 [AI Patrol 00017] Spawning 1 West bots at <7534.265625, 336.916351, 2745.372559>
08:28:10.969 [AI Patrol 00017] Global patrol count: 2
08:28:10.981 [AI Patrol 00017] Patrol category patrol count: 2
08:33:07.108 [AI Patrol 00017] West bots were wiped out (spawn position <7534.265625, 336.916351, 2745.372559>, 1/1 deceased)
08:33:07.119 [AI Patrol 00017] Global patrol count: 1
08:33:07.130 [AI Patrol 00017] Patrol category patrol count: 1
08:36:36.205 [Chat - Global]("Lozergod"(id=f6o5reGZK1apFSzOwnbzYEHfAXAMOXbXZqu1fYDG5tE=)): anyone got nails for trade?
08:43:02.244 [AI Patrol 00016] Despawning 2 East bots (spawn position <7365.417480, 287.630615, 2619.229248>, 0/2 deceased)
08:43:02.254 [AI Patrol 00016] Global patrol count: 0
08:43:02.263 [AI Patrol 00016] Patrol category patrol count: 0
08:44:25.885 [VehicleEnter] Player "Dan" (id=J3DN6WXzRjVAt4j_gUAEgL4v34hqtXpOtTWQ5nCMCS0=) entered vehicle Ada 4x4 (id=C2FEED58884F445CCE2F5896F8FDA632 pos=<9124.98, 256.14, 389.53>) as driver
08:44:35.239 [VehicleEnter] Player "Lozergod" (id=f6o5reGZK1apFSzOwnbzYEHfAXAMOXbXZqu1fYDG5tE=) entered vehicle Gyrocopter (id=F62CBCDDE9419F75EE65C396752884D1 pos=<11621.4, 265.63, 1962.82>) as pilot
08:44:35.396 [VehicleLeave] Player "Dan" (id=J3DN6WXzRjVAt4j_gUAEgL4v34hqtXpOtTWQ5nCMCS0=) left vehicle Ada 4x4 (id=C2FEED58884F445CCE2F5896F8FDA632 pos=<9124.98, 256.14, 389.52>)
08:44:37.703 [VehicleEngine] Player "Lozergod" (id=f6o5reGZK1apFSzOwnbzYEHfAXAMOXbXZqu1fYDG5tE=) started vehicle Gyrocopter (id=F62CBCDDE9419F75EE65C396752884D1 pos=<11621.4, 265.63, 1962.85>)
08:45:22.496 [AI Object Patrol 00049] Spawning 2 East bots at <11581.654297, 334.947693, 3205.805176>
08:45:22.537 [AI Object Patrol 00049] Global patrol count: 1
08:45:22.547 [AI Object Patrol 00049] HelicopterWreck category patrol count: 1
08:46:37.940 [VehicleEngine] Player "NULL" (id=NULL) stopped vehicle Gyrocopter (id=F62CBCDDE9419F75EE65C396752884D1 pos=<9914.78, 351.73, 3801.35>)
08:46:37.975 [VehicleLeave] Player "Lozergod" (id=f6o5reGZK1apFSzOwnbzYEHfAXAMOXbXZqu1fYDG5tE=) left vehicle Gyrocopter (id=F62CBCDDE9419F75EE65C396752884D1 pos=<9914.78, 351.73, 3801.35>)
08:50:08.508 [VehicleEnter] Player "Lozergod" (id=f6o5reGZK1apFSzOwnbzYEHfAXAMOXbXZqu1fYDG5tE=) entered vehicle Gyrocopter (id=F62CBCDDE9419F75EE65C396752884D1 pos=<9914.79, 351.73, 3800.97>) as pilot
08:50:10.993 [VehicleEngine] Player "Lozergod" (id=f6o5reGZK1apFSzOwnbzYEHfAXAMOXbXZqu1fYDG5tE=) started vehicle Gyrocopter (id=F62CBCDDE9419F75EE65C396752884D1 pos=<9914.79, 351.73, 3800.97>)
08:52:08.122 [AI Object Patrol 00049] Despawning 2 East bots (spawn position <11581.654297, 334.947693, 3205.805176>, 0/2 deceased)
08:52:08.132 [AI Object Patrol 00049] Global patrol count: 0
08:52:08.141 [AI Object Patrol 00049] HelicopterWreck category patrol count: 0
08:53:59.361 [Chat - Global]("Survivor"(id=0nsyEhm9INQy3se8y-fXlbMHVv4YsIXloUCLC2unDyo=)): gmgm
08:54:08.039 [Chat - Global]("Lozergod"(id=f6o5reGZK1apFSzOwnbzYEHfAXAMOXbXZqu1fYDG5tE=)): sup brother, hows it going
08:55:07.290 [Chat - Global]("Survivor"(id=0nsyEhm9INQy3se8y-fXlbMHVv4YsIXloUCLC2unDyo=)): going well man, came in to see whats up, heli crash nearby
08:55:22.732 [Chat - Global]("Lozergod"(id=f6o5reGZK1apFSzOwnbzYEHfAXAMOXbXZqu1fYDG5tE=)): just chillin - looking for nails
08:56:01.221 [Chat - Global]("Survivor"(id=0nsyEhm9INQy3se8y-fXlbMHVv4YsIXloUCLC2unDyo=)): those are somewhat hard finds lol best of luck
08:56:16.217 [VehicleEngine] Player "NULL" (id=NULL) stopped vehicle Gyrocopter (id=F62CBCDDE9419F75EE65C396752884D1 pos=<11583.1, 212.54, 395.65>)
08:56:16.251 [VehicleLeave] Player "Lozergod" (id=f6o5reGZK1apFSzOwnbzYEHfAXAMOXbXZqu1fYDG5tE=) left vehicle Gyrocopter (id=F62CBCDDE9419F75EE65C396752884D1 pos=<11583.1, 212.54, 395.65>)
08:56:26.555 [Chat - Global]("Lozergod"(id=f6o5reGZK1apFSzOwnbzYEHfAXAMOXbXZqu1fYDG5tE=)): how often does the server reboot?
08:57:14.420 [Chat - Global]("Survivor"(id=0nsyEhm9INQy3se8y-fXlbMHVv4YsIXloUCLC2unDyo=)): 6am every day, might make it more often
08:57:18.880 [Chat - Global]("Dan"(id=J3DN6WXzRjVAt4j_gUAEgL4v34hqtXpOtTWQ5nCMCS0=)): i can give you 2 boxes but i am near rodzanica down south
08:57:30.590 [Chat - Global]("Lozergod"(id=f6o5reGZK1apFSzOwnbzYEHfAXAMOXbXZqu1fYDG5tE=)): no worries bro, thanks
08:57:35.784 [Chat - Global]("Survivor"(id=0nsyEhm9INQy3se8y-fXlbMHVv4YsIXloUCLC2unDyo=)): sothbof sitnik is good for materials
08:57:47.167 [Chat - Global]("Saint"(id=f-_TR5GiRJHALUs-Bpx5ZJmLko5lr6ptvdfijtGV8Dw=)): hi guys
08:57:53.867 [Chat - Global]("Lozergod"(id=f6o5reGZK1apFSzOwnbzYEHfAXAMOXbXZqu1fYDG5tE=)): hello saint
08:57:58.978 [Chat - Global]("Survivor"(id=0nsyEhm9INQy3se8y-fXlbMHVv4YsIXloUCLC2unDyo=)): sup saint
08:58:30.190 [VehicleEnter] Player "Survivor" (id=0nsyEhm9INQy3se8y-fXlbMHVv4YsIXloUCLC2unDyo=) entered vehicle Gyrocopter (id=961DFC0DD54BCF458A74E6A5EF960114 pos=<8342.06, 334.75, 1641.42>) as pilot
08:58:31.754 [VehicleEngine] Player "Survivor" (id=0nsyEhm9INQy3se8y-fXlbMHVv4YsIXloUCLC2unDyo=) started vehicle Gyrocopter (id=961DFC0DD54BCF458A74E6A5EF960114 pos=<8342.06, 334.75, 1641.41>)
08:59:00.981 [VehicleEngine] Player "NULL" (id=NULL) stopped vehicle Gyrocopter (id=961DFC0DD54BCF458A74E6A5EF960114 pos=<8059.13, 300, 1463.32>)
08:59:01.024 [VehicleLeave] Player "Survivor" (id=0nsyEhm9INQy3se8y-fXlbMHVv4YsIXloUCLC2unDyo=) left vehicle Gyrocopter (id=961DFC0DD54BCF458A74E6A5EF960114 pos=<8059.13, 300, 1463.32>)
08:59:01.913 [Chat - Global]("Saint"(id=f-_TR5GiRJHALUs-Bpx5ZJmLko5lr6ptvdfijtGV8Dw=)): whats the red smoke
08:59:46.051 [Chat - Global]("Survivor"(id=0nsyEhm9INQy3se8y-fXlbMHVv4YsIXloUCLC2unDyo=)): red smoke is usually warzone lol'
08:59:55.407 [Chat - Global]("Saint"(id=f-_TR5GiRJHALUs-Bpx5ZJmLko5lr6ptvdfijtGV8Dw=)): ah good to know
09:01:13.660 [VehicleEnter] Player "Survivor" (id=0nsyEhm9INQy3se8y-fXlbMHVv4YsIXloUCLC2unDyo=) entered vehicle Gyrocopter (id=961DFC0DD54BCF458A74E6A5EF960114 pos=<8059.13, 300, 1463.32>) as pilot
09:02:36.584 [Chat - Global]("Saint"(id=f-_TR5GiRJHALUs-Bpx5ZJmLko5lr6ptvdfijtGV8Dw=)): ai killing each other? thats neat
09:04:21.907 [BaseBuildingRaiding] ------------------------- Expansion Base Raiding Damage Report -------------------------
09:04:21.924 [BaseBuildingRaiding] Player "Dan" (id=J3DN6WXzRjVAt4j_gUAEgL4v34hqtXpOtTWQ5nCMCS0= pos=<8910.2, 474.33, 2012.94>) damaged ExpansionWall6x3 at <8345.14, 334.46, 1641.94>
09:04:21.935 [BaseBuildingRaiding] They dealt 14.0261 * 1 = 14.0261 damage with Bullet_545x39 from AK74
09:04:21.947 [BaseBuildingRaiding] GlobalHealth hitpoints decreased from 30000 to 29986
09:04:21.960 [BaseBuildingRaiding] ----------------------------------------------------------------------------------------
09:10:08.374 [VehicleEnter] Player "Lozergod" (id=f6o5reGZK1apFSzOwnbzYEHfAXAMOXbXZqu1fYDG5tE=) entered vehicle Gyrocopter (id=F62CBCDDE9419F75EE65C396752884D1 pos=<11583.1, 212.54, 395.66>) as pilot
09:10:10.151 [VehicleEngine] Player "Lozergod" (id=f6o5reGZK1apFSzOwnbzYEHfAXAMOXbXZqu1fYDG5tE=) started vehicle Gyrocopter (id=F62CBCDDE9419F75EE65C396752884D1 pos=<11583.1, 212.54, 395.66>)
09:12:11.967 [SpawnSelection] Player "Saint" (id=f-_TR5GiRJHALUs-Bpx5ZJmLko5lr6ptvdfijtGV8Dw=) spawned at <1841.880005, 199.766998, 7392.009766>
09:12:21.173 [VehicleEngine] Player "NULL" (id=NULL) stopped vehicle Gyrocopter (id=F62CBCDDE9419F75EE65C396752884D1 pos=<11616.7, 265.61, 1964.32>)
09:12:21.185 [VehicleLeave] Player "Lozergod" (id=f6o5reGZK1apFSzOwnbzYEHfAXAMOXbXZqu1fYDG5tE=) left vehicle Gyrocopter (id=F62CBCDDE9419F75EE65C396752884D1 pos=<11616.7, 265.61, 1964.32>)
09:14:44.056 [AI Object Patrol 00056] Spawning 2 West bots at <7413.451660, 292.217346, 2741.328369>
09:14:44.196 [AI Object Patrol 00056] Global patrol count: 1
09:14:44.288 [AI Object Patrol 00056] ContaminatedArea category patrol count: 1
09:16:53.314 [AI Object Patrol 00056] Despawning 2 West bots (spawn position <7413.451660, 292.217346, 2741.328369>, 0/2 deceased)
09:16:53.324 [AI Object Patrol 00056] Global patrol count: 0
09:16:53.335 [AI Object Patrol 00056] ContaminatedArea category patrol count: 0
09:18:22.362 [SpawnSelection] Player "Saint" (id=f-_TR5GiRJHALUs-Bpx5ZJmLko5lr6ptvdfijtGV8Dw=) spawned at <1913.430054, 194.949005, 7445.359863>
09:20:53.673 [SpawnSelection] Player "Saint" (id=f-_TR5GiRJHALUs-Bpx5ZJmLko5lr6ptvdfijtGV8Dw=) spawned at <2035.589966, 208.117996, 7440.870117>
09:21:28.465 [Chat - Global]("Saint"(id=f-_TR5GiRJHALUs-Bpx5ZJmLko5lr6ptvdfijtGV8Dw=)): i respawned stuck to a wall
09:25:13.365 [VehicleEnter] Player "Survivor" (id=0nsyEhm9INQy3se8y-fXlbMHVv4YsIXloUCLC2unDyo=) entered vehicle Gyrocopter (id=961DFC0DD54BCF458A74E6A5EF960114 pos=<8059.1, 299.89, 1463.34>) as pilot
09:25:15.460 [VehicleEngine] Player "Survivor" (id=0nsyEhm9INQy3se8y-fXlbMHVv4YsIXloUCLC2unDyo=) started vehicle Gyrocopter (id=961DFC0DD54BCF458A74E6A5EF960114 pos=<8059.08, 299.9, 1463.34>)
09:27:05.358 [VehicleEngine] Player "NULL" (id=NULL) stopped vehicle Gyrocopter (id=961DFC0DD54BCF458A74E6A5EF960114 pos=<8340.6, 334.75, 1641.36>)
09:27:05.391 [VehicleLeave] Player "Survivor" (id=0nsyEhm9INQy3se8y-fXlbMHVv4YsIXloUCLC2unDyo=) left vehicle Gyrocopter (id=961DFC0DD54BCF458A74E6A5EF960114 pos=<8340.6, 334.75, 1641.35>)
09:27:10.496 [VehicleEnter] Player "Survivor" (id=0nsyEhm9INQy3se8y-fXlbMHVv4YsIXloUCLC2unDyo=) entered vehicle Gyrocopter (id=961DFC0DD54BCF458A74E6A5EF960114 pos=<8340.6, 334.75, 1641.33>) as pilot
09:27:14.477 [VehicleLeave] Player "Survivor" (id=0nsyEhm9INQy3se8y-fXlbMHVv4YsIXloUCLC2unDyo=) left vehicle Gyrocopter (id=961DFC0DD54BCF458A74E6A5EF960114 pos=<8340.6, 334.75, 1641.31>)
09:28:40.673 [AI Object Patrol 00010] Spawning 1 West bots at <7954.948730, 246.838272, 5728.849609>
09:28:40.697 [AI Object Patrol 00010] Global patrol count: 1
09:28:40.707 [AI Object Patrol 00010] ContaminatedArea category patrol count: 1
09:31:07.835 [SpawnSelection] Player "Saint (2)" (id=f-_TR5GiRJHALUs-Bpx5ZJmLko5lr6ptvdfijtGV8Dw=) spawned at <1841.880005, 199.766998, 7392.009766>
09:31:34.005 [AI Object Patrol 00011] Spawning 1 West bots at <7679.664551, 233.163528, 5964.704590>
09:31:34.030 [AI Object Patrol 00011] Global patrol count: 2
09:31:34.039 [AI Object Patrol 00011] ContaminatedArea category patrol count: 2
09:33:17.808 [SpawnSelection] Player "Saint" (id=f-_TR5GiRJHALUs-Bpx5ZJmLko5lr6ptvdfijtGV8Dw=) spawned at <3295.580078, 487.644012, 2043.339966>
09:39:04.050 [SpawnSelection] Player "Saint" (id=f-_TR5GiRJHALUs-Bpx5ZJmLko5lr6ptvdfijtGV8Dw=) spawned at <3322.000000, 487.311005, 2027.300049>
09:40:27.150 [AI Patrol 00018] Spawning 1 Civilian bots at <6416.427246, 387.069885, 3759.761719>
09:40:27.175 [AI Patrol 00018] Global patrol count: 3
09:40:27.192 [AI Patrol 00018] Patrol category patrol count: 1
09:45:49.907 [AI Object Patrol 00010] Despawning 1 West bots (spawn position <7954.948730, 246.838272, 5728.849609>, 0/1 deceased)
09:45:49.917 [AI Object Patrol 00010] Global patrol count: 2
09:45:49.927 [AI Object Patrol 00010] ContaminatedArea category patrol count: 1
09:45:50.483 [AI Object Patrol 00066] Spawning 3 West bots at <5769.483398, 418.263733, 3736.135742>
09:45:50.509 [AI Object Patrol 00066] Global patrol count: 3
09:45:50.523 [AI Object Patrol 00066] ContaminatedArea category patrol count: 2
09:46:04.359 [AI Object Patrol 00011] Despawning 1 West bots (spawn position <7679.664551, 233.163528, 5964.704590>, 0/1 deceased)
09:46:04.369 [AI Object Patrol 00011] Global patrol count: 2
09:46:04.380 [AI Object Patrol 00011] ContaminatedArea category patrol count: 1
09:49:43.384 [SpawnSelection] Player "Dan" (id=J3DN6WXzRjVAt4j_gUAEgL4v34hqtXpOtTWQ5nCMCS0=) spawned at <6517.890137, 308.565002, 4777.350098>
09:54:13.218 [AI Object Patrol 00066] Despawning 3 West bots (spawn position <5769.483398, 418.263733, 3736.135742>, 0/3 deceased)
09:54:13.355 [AI Object Patrol 00066] Global patrol count: 1
09:54:13.365 [AI Object Patrol 00066] ContaminatedArea category patrol count: 0
10:01:24.224 [AI Patrol 00018] Despawning 1 Civilian bots (spawn position <6416.427246, 387.069885, 3759.761719>, 0/1 deceased)
10:01:24.267 [AI Patrol 00018] Global patrol count: 0
10:01:24.324 [AI Patrol 00018] Patrol category patrol count: 0
10:20:02.493 [SpawnSelection] Player "Bad Boy" (id=7EOOpe6Cv8QB45p22zWB29TPheQCYualmurDzSA3CR0=) spawned at <1291.614258, 286.404175, 9849.049805>
10:32:34.724 [AI Object Patrol 00085] Spawning 3 East bots at <5894.642578, 406.722900, 3570.804932>
10:32:34.751 [AI Object Patrol 00085] Global patrol count: 1
10:32:34.761 [AI Object Patrol 00085] HelicopterWreck category patrol count: 1
10:49:04.014 [AI Object Patrol 00085] Despawning 3 East bots (spawn position <5894.642578, 406.722900, 3570.804932>, 0/3 deceased)
10:49:04.024 [AI Object Patrol 00085] Global patrol count: 0
10:49:04.033 [AI Object Patrol 00085] HelicopterWreck category patrol count: 0
10:58:14.028 [Chat - Global]("Saint"(id=f-_TR5GiRJHALUs-Bpx5ZJmLko5lr6ptvdfijtGV8Dw=)): is the human trader not longer in 8340?
11:22:28.014 [Territory] Player "Saint" (id=f-_TR5GiRJHALUs-Bpx5ZJmLko5lr6ptvdfijtGV8Dw=) created territory "Rouge" at <9129.701172, 339.829926, 4435.827637>
11:23:54.293 [VehicleAttachments] Player "Bad Boy" (id=7EOOpe6Cv8QB45p22zWB29TPheQCYualmurDzSA3CR0=) detached Car Radiator (type=CarRadiator) from vehicle Transit Bus (id=8F874DDF534A8196F973149C96DA4425 pos=<1653.85, 181.17, 7471.19>)
11:33:34.699 [SpawnSelection] Player "Bad Boy" (id=7EOOpe6Cv8QB45p22zWB29TPheQCYualmurDzSA3CR0=) spawned at <1913.430054, 194.949005, 7445.359863>
11:36:53.081 [VehicleEnter] Player "Lozergod" (id=f6o5reGZK1apFSzOwnbzYEHfAXAMOXbXZqu1fYDG5tE=) entered vehicle Land Rover Defender (id=EDDCB1131A4294A2EEBBEBA565DE46CC pos=<11622.4, 265.48, 1969.84>) as driver
11:36:54.833 [VehicleLeave] Player "Lozergod" (id=f6o5reGZK1apFSzOwnbzYEHfAXAMOXbXZqu1fYDG5tE=) left vehicle Land Rover Defender (id=EDDCB1131A4294A2EEBBEBA565DE46CC pos=<11622.4, 265.48, 1969.84>)
11:37:04.359 [VehicleEnter] Player "Lozergod" (id=f6o5reGZK1apFSzOwnbzYEHfAXAMOXbXZqu1fYDG5tE=) entered vehicle Land Rover Defender (id=EDDCB1131A4294A2EEBBEBA565DE46CC pos=<11622.4, 265.48, 1969.84>) as driver
11:37:06.993 [VehicleEngine] Player "Lozergod" (id=f6o5reGZK1apFSzOwnbzYEHfAXAMOXbXZqu1fYDG5tE=) started vehicle Land Rover Defender (id=EDDCB1131A4294A2EEBBEBA565DE46CC pos=<11622.4, 265.48, 1969.84>)
11:37:17.176 [VehicleEngine] Player "NULL" (id=NULL) stopped vehicle Land Rover Defender (id=EDDCB1131A4294A2EEBBEBA565DE46CC pos=<11641.5, 265.52, 1983.37>)
11:37:17.191 [VehicleLeave] Player "Lozergod" (id=f6o5reGZK1apFSzOwnbzYEHfAXAMOXbXZqu1fYDG5tE=) left vehicle Land Rover Defender (id=EDDCB1131A4294A2EEBBEBA565DE46CC pos=<11641.5, 265.52, 1983.37>)
11:37:24.154 [VehicleEnter] Player "Lozergod" (id=f6o5reGZK1apFSzOwnbzYEHfAXAMOXbXZqu1fYDG5tE=) entered vehicle Land Rover Defender (id=EDDCB1131A4294A2EEBBEBA565DE46CC pos=<11641.5, 265.52, 1983.37>) as driver
11:39:29.225 [VehicleEngine] Player "Lozergod" (id=f6o5reGZK1apFSzOwnbzYEHfAXAMOXbXZqu1fYDG5tE=) started vehicle Land Rover Defender (id=EDDCB1131A4294A2EEBBEBA565DE46CC pos=<11641.5, 265.52, 1983.37>)
11:41:17.068 [AI Object Patrol 00105] Spawning 3 East bots at <11075.065430, 346.517731, 2120.406006>
11:41:17.143 [AI Object Patrol 00105] Global patrol count: 1
11:41:17.154 [AI Object Patrol 00105] HelicopterWreck category patrol count: 1
11:43:05.271 [VehicleEngine] Player "NULL" (id=NULL) stopped vehicle Land Rover Defender (id=EDDCB1131A4294A2EEBBEBA565DE46CC pos=<11065.7, 346.23, 4225.6>)
11:43:05.307 [VehicleLeave] Player "Lozergod" (id=f6o5reGZK1apFSzOwnbzYEHfAXAMOXbXZqu1fYDG5tE=) left vehicle Land Rover Defender (id=EDDCB1131A4294A2EEBBEBA565DE46CC pos=<11065.7, 346.23, 4225.6>)
11:43:52.013 [VehicleEnter] Player "Lozergod" (id=f6o5reGZK1apFSzOwnbzYEHfAXAMOXbXZqu1fYDG5tE=) entered vehicle Land Rover Defender (id=EDDCB1131A4294A2EEBBEBA565DE46CC pos=<11065.7, 346.23, 4225.6>) as driver
11:43:54.937 [VehicleEnter] Player "Saint" (id=f-_TR5GiRJHALUs-Bpx5ZJmLko5lr6ptvdfijtGV8Dw=) entered vehicle Land Rover Defender (id=EDDCB1131A4294A2EEBBEBA565DE46CC pos=<11065.7, 346.23, 4225.6>) as passenger
11:43:57.694 [VehicleEngine] Player "Lozergod" (id=f6o5reGZK1apFSzOwnbzYEHfAXAMOXbXZqu1fYDG5tE=) started vehicle Land Rover Defender (id=EDDCB1131A4294A2EEBBEBA565DE46CC pos=<11065.7, 346.23, 4225.6>)
11:46:55.784 [VehicleEngine] Player "NULL" (id=NULL) stopped vehicle Land Rover Defender (id=EDDCB1131A4294A2EEBBEBA565DE46CC pos=<11639, 265.52, 1981.31>)
11:46:55.830 [VehicleLeave] Player "Lozergod" (id=f6o5reGZK1apFSzOwnbzYEHfAXAMOXbXZqu1fYDG5tE=) left vehicle Land Rover Defender (id=EDDCB1131A4294A2EEBBEBA565DE46CC pos=<11639, 265.52, 1981.31>)
11:46:57.495 [VehicleLeave] Player "Saint" (id=f-_TR5GiRJHALUs-Bpx5ZJmLko5lr6ptvdfijtGV8Dw=) left vehicle Land Rover Defender (id=EDDCB1131A4294A2EEBBEBA565DE46CC pos=<11639, 265.52, 1981.31>)
11:50:28.960 [VehicleEnter] Player "Saint" (id=f-_TR5GiRJHALUs-Bpx5ZJmLko5lr6ptvdfijtGV8Dw=) entered vehicle UH-1H (id=C0204722F14B36C8DF97E187A316AC9F pos=<11654.5, 265.67, 1989.54>) as pilot
11:50:32.223 [VehicleLeave] Player "Saint" (id=f-_TR5GiRJHALUs-Bpx5ZJmLko5lr6ptvdfijtGV8Dw=) left vehicle UH-1H (id=C0204722F14B36C8DF97E187A316AC9F pos=<11654.5, 265.67, 1989.53>)
11:50:55.975 [VehicleEnter] Player "Saint" (id=f-_TR5GiRJHALUs-Bpx5ZJmLko5lr6ptvdfijtGV8Dw=) entered vehicle UH-1H (id=C0204722F14B36C8DF97E187A316AC9F pos=<11654.5, 265.67, 1989.51>) as pilot
11:50:56.468 [VehicleEnter] Player "Lozergod" (id=f6o5reGZK1apFSzOwnbzYEHfAXAMOXbXZqu1fYDG5tE=) entered vehicle Land Rover Defender (id=EDDCB1131A4294A2EEBBEBA565DE46CC pos=<11639, 265.52, 1981.31>) as driver
11:50:59.123 [VehicleEngine] Player "Lozergod" (id=f6o5reGZK1apFSzOwnbzYEHfAXAMOXbXZqu1fYDG5tE=) started vehicle Land Rover Defender (id=EDDCB1131A4294A2EEBBEBA565DE46CC pos=<11639, 265.52, 1981.31>)
11:50:59.280 [VehicleEngine] Player "Saint" (id=f-_TR5GiRJHALUs-Bpx5ZJmLko5lr6ptvdfijtGV8Dw=) started vehicle UH-1H (id=C0204722F14B36C8DF97E187A316AC9F pos=<11654.5, 265.67, 1989.49>)
11:52:59.345 [Chat - Global]("Lozergod"(id=f6o5reGZK1apFSzOwnbzYEHfAXAMOXbXZqu1fYDG5tE=)): watch out for AI they will shoot you down
11:56:02.771 [SpawnSelection] Player "Saint" (id=f-_TR5GiRJHALUs-Bpx5ZJmLko5lr6ptvdfijtGV8Dw=) spawned at <2035.589966, 208.117996, 7440.870117>
11:56:15.948 [VehicleEngine] Player "NULL" (id=NULL) stopped vehicle Land Rover Defender (id=EDDCB1131A4294A2EEBBEBA565DE46CC pos=<11479.5, 259.45, 5403.46>)
11:56:15.965 [VehicleLeave] Player "Lozergod" (id=f6o5reGZK1apFSzOwnbzYEHfAXAMOXbXZqu1fYDG5tE=) left vehicle Land Rover Defender (id=EDDCB1131A4294A2EEBBEBA565DE46CC pos=<11479.5, 259.45, 5403.46>)
11:56:57.892 [VehicleEngine] Player "NULL" (id=NULL) stopped vehicle UH-1H (id=C0204722F14B36C8DF97E187A316AC9F pos=<11480.1, 257.74, 5432.5>)
11:57:13.575 [Chat - Global]("Lozergod"(id=f6o5reGZK1apFSzOwnbzYEHfAXAMOXbXZqu1fYDG5tE=)): dude, you died
11:57:26.039 [Chat - Global]("Lozergod"(id=f6o5reGZK1apFSzOwnbzYEHfAXAMOXbXZqu1fYDG5tE=)): lol.. i saw you go down
11:58:07.940 [SpawnSelection] Player "Saint" (id=f-_TR5GiRJHALUs-Bpx5ZJmLko5lr6ptvdfijtGV8Dw=) spawned at <1841.880005, 199.766998, 7392.009766>
11:58:21.438 [Chat - Global]("Saint"(id=f-_TR5GiRJHALUs-Bpx5ZJmLko5lr6ptvdfijtGV8Dw=)): Yep forgot dmg was activated
11:58:55.151 [Chat - Global]("Lozergod"(id=f6o5reGZK1apFSzOwnbzYEHfAXAMOXbXZqu1fYDG5tE=)): im here at your body
11:59:15.528 [AI Object Patrol 00105] Despawning 3 East bots (spawn position <11075.065430, 346.517731, 2120.406006>, 0/3 deceased)
11:59:15.540 [AI Object Patrol 00105] Global patrol count: 0
11:59:15.553 [AI Object Patrol 00105] HelicopterWreck category patrol count: 0
11:59:15.967 [Chat - Global]("Lozergod"(id=f6o5reGZK1apFSzOwnbzYEHfAXAMOXbXZqu1fYDG5tE=)): let me see if i can get the heli out
11:59:24.516 [VehicleEnter] Player "Lozergod" (id=f6o5reGZK1apFSzOwnbzYEHfAXAMOXbXZqu1fYDG5tE=) entered vehicle UH-1H (id=C0204722F14B36C8DF97E187A316AC9F pos=<11480, 257.17, 5432.95>) as pilot
11:59:26.010 [VehicleEngine] Player "Lozergod" (id=f6o5reGZK1apFSzOwnbzYEHfAXAMOXbXZqu1fYDG5tE=) started vehicle UH-1H (id=C0204722F14B36C8DF97E187A316AC9F pos=<11480, 257.13, 5432.96>)
11:59:51.388 [VehicleEngine] Player "Lozergod" (id=f6o5reGZK1apFSzOwnbzYEHfAXAMOXbXZqu1fYDG5tE=) stopped vehicle UH-1H (id=C0204722F14B36C8DF97E187A316AC9F pos=<11493.6, 278.11, 5436.53>)
12:00:02.780 [VehicleLeave] Player "Lozergod" (id=f6o5reGZK1apFSzOwnbzYEHfAXAMOXbXZqu1fYDG5tE=) left vehicle UH-1H (id=C0204722F14B36C8DF97E187A316AC9F pos=<11491.9, 256.01, 5443.09>)
12:00:21.995 [Chat - Global]("Lozergod"(id=f6o5reGZK1apFSzOwnbzYEHfAXAMOXbXZqu1fYDG5tE=)): heli is fucked
12:00:39.031 [SpawnSelection] Player "Saint (2)" (id=f-_TR5GiRJHALUs-Bpx5ZJmLko5lr6ptvdfijtGV8Dw=) spawned at <3092.719971, 234.136002, 6779.060059>
12:00:43.836 [Chat - Global]("Saint (2)"(id=f-_TR5GiRJHALUs-Bpx5ZJmLko5lr6ptvdfijtGV8Dw=)): fuck me
12:00:57.256 [Chat - Global]("Lozergod"(id=f6o5reGZK1apFSzOwnbzYEHfAXAMOXbXZqu1fYDG5tE=)): did you grab the red wrench i gave you to repair it
12:01:12.011 [Chat - Global]("Saint (2)"(id=f-_TR5GiRJHALUs-Bpx5ZJmLko5lr6ptvdfijtGV8Dw=)): i did my corpse would be there somewhere
12:01:21.917 [Chat - Global]("Saint (2)"(id=f-_TR5GiRJHALUs-Bpx5ZJmLko5lr6ptvdfijtGV8Dw=)): cant find it now tho
12:01:28.803 [Chat - Global]("Bad Boy"(id=7EOOpe6Cv8QB45p22zWB29TPheQCYualmurDzSA3CR0=)): What all do wrenches repair?
12:01:42.151 [Chat - Global]("Lozergod"(id=f6o5reGZK1apFSzOwnbzYEHfAXAMOXbXZqu1fYDG5tE=)): im at your body
12:01:48.576 [Chat - Global]("Lozergod"(id=f6o5reGZK1apFSzOwnbzYEHfAXAMOXbXZqu1fYDG5tE=)): i don't see the red wrench
12:02:02.961 [Chat - Global]("Saint (2)"(id=f-_TR5GiRJHALUs-Bpx5ZJmLko5lr6ptvdfijtGV8Dw=)): it was in the backpack
12:02:06.054 [Chat - Global]("Saint (2)"(id=f-_TR5GiRJHALUs-Bpx5ZJmLko5lr6ptvdfijtGV8Dw=)): space for tools
12:02:12.974 [Chat - Global]("Lozergod"(id=f6o5reGZK1apFSzOwnbzYEHfAXAMOXbXZqu1fYDG5tE=)): yep, got it
12:03:35.746 [Chat - Global]("Saint (2)"(id=f-_TR5GiRJHALUs-Bpx5ZJmLko5lr6ptvdfijtGV8Dw=)): im at adamow
12:04:13.387 [Chat - Global]("Lozergod"(id=f6o5reGZK1apFSzOwnbzYEHfAXAMOXbXZqu1fYDG5tE=)): ok, it's good to go
12:04:25.892 [Chat - Global]("Saint (2)"(id=f-_TR5GiRJHALUs-Bpx5ZJmLko5lr6ptvdfijtGV8Dw=)): where is it at?
12:04:27.700 [Chat - Global]("Lozergod"(id=f6o5reGZK1apFSzOwnbzYEHfAXAMOXbXZqu1fYDG5tE=)): let me put your stuff in it
12:04:36.910 [Chat - Global]("Lozergod"(id=f6o5reGZK1apFSzOwnbzYEHfAXAMOXbXZqu1fYDG5tE=)): it's right outside of Geraltow
12:04:42.249 [Chat - Global]("Lozergod"(id=f6o5reGZK1apFSzOwnbzYEHfAXAMOXbXZqu1fYDG5tE=)): north side
12:05:44.137 [SpawnSelection] Player "Saint (2)" (id=f-_TR5GiRJHALUs-Bpx5ZJmLko5lr6ptvdfijtGV8Dw=) spawned at <11319.500000, 346.924988, 4229.870117>
12:06:01.388 [Chat - Global]("Lozergod"(id=f6o5reGZK1apFSzOwnbzYEHfAXAMOXbXZqu1fYDG5tE=)): head to Muratyn i'll pick you up there
12:06:36.397 [Chat - Global]("Saint (2)"(id=f-_TR5GiRJHALUs-Bpx5ZJmLko5lr6ptvdfijtGV8Dw=)): im at geraltow
12:08:19.919 [VehicleEnter] Player "Lozergod" (id=f6o5reGZK1apFSzOwnbzYEHfAXAMOXbXZqu1fYDG5tE=) entered vehicle Land Rover Defender (id=EDDCB1131A4294A2EEBBEBA565DE46CC pos=<11479.5, 259.45, 5403.46>) as driver
12:08:23.555 [VehicleEngine] Player "Lozergod" (id=f6o5reGZK1apFSzOwnbzYEHfAXAMOXbXZqu1fYDG5tE=) started vehicle Land Rover Defender (id=EDDCB1131A4294A2EEBBEBA565DE46CC pos=<11479.5, 259.45, 5403.46>)
12:08:44.452 [VehicleEngine] Player "NULL" (id=NULL) stopped vehicle Land Rover Defender (id=EDDCB1131A4294A2EEBBEBA565DE46CC pos=<11501.8, 259.03, 5390.82>)
12:08:44.469 [VehicleLeave] Player "Lozergod" (id=f6o5reGZK1apFSzOwnbzYEHfAXAMOXbXZqu1fYDG5tE=) left vehicle Land Rover Defender (id=EDDCB1131A4294A2EEBBEBA565DE46CC pos=<11501.8, 259.03, 5390.82>)
12:09:07.818 [VehicleEnter] Player "Lozergod" (id=f6o5reGZK1apFSzOwnbzYEHfAXAMOXbXZqu1fYDG5tE=) entered vehicle UH-1H (id=C0204722F14B36C8DF97E187A316AC9F pos=<11499.8, 253.1, 5445.79>) as pilot
12:09:15.523 [VehicleEngine] Player "Lozergod" (id=f6o5reGZK1apFSzOwnbzYEHfAXAMOXbXZqu1fYDG5tE=) started vehicle UH-1H (id=C0204722F14B36C8DF97E187A316AC9F pos=<11499.8, 253.1, 5445.79>)
12:10:03.112 [Chat - Global]("Saint (2)"(id=f-_TR5GiRJHALUs-Bpx5ZJmLko5lr6ptvdfijtGV8Dw=)): x1.08y0.43
12:10:05.942 [Chat - Global]("Lozergod"(id=f6o5reGZK1apFSzOwnbzYEHfAXAMOXbXZqu1fYDG5tE=)): do you hear me?
12:10:28.561 [Chat - Global]("Saint (2)"(id=f-_TR5GiRJHALUs-Bpx5ZJmLko5lr6ptvdfijtGV8Dw=)): nope
12:10:42.616 [Chat - Global]("Lozergod"(id=f6o5reGZK1apFSzOwnbzYEHfAXAMOXbXZqu1fYDG5tE=)): then you are not in geraltow
12:10:50.925 [Chat - Global]("Saint (2)"(id=f-_TR5GiRJHALUs-Bpx5ZJmLko5lr6ptvdfijtGV8Dw=)): i do now
12:11:06.256 [Chat - Global]("Lozergod"(id=f6o5reGZK1apFSzOwnbzYEHfAXAMOXbXZqu1fYDG5tE=)): im right by the road outside of town
12:11:28.340 [Chat - Global]("Lozergod"(id=f6o5reGZK1apFSzOwnbzYEHfAXAMOXbXZqu1fYDG5tE=)): going to go get my car, your stuff is in the heli
12:11:31.706 [VehicleEngine] Player "NULL" (id=NULL) stopped vehicle UH-1H (id=C0204722F14B36C8DF97E187A316AC9F pos=<11714.5, 304.84, 5183.61>)
12:11:31.719 [VehicleLeave] Player "Lozergod" (id=f6o5reGZK1apFSzOwnbzYEHfAXAMOXbXZqu1fYDG5tE=) left vehicle UH-1H (id=C0204722F14B36C8DF97E187A316AC9F pos=<11714.5, 304.84, 5183.61>)
12:11:47.980 [Chat - Global]("Lozergod"(id=f6o5reGZK1apFSzOwnbzYEHfAXAMOXbXZqu1fYDG5tE=)): packpack is just ouside the door
12:11:49.204 [VehicleEnter] Player "Snake" (id=0nsyEhm9INQy3se8y-fXlbMHVv4YsIXloUCLC2unDyo=) entered vehicle Gyrocopter (id=961DFC0DD54BCF458A74E6A5EF960114 pos=<8340.61, 334.75, 1641.14>) as pilot
12:11:50.844 [VehicleEngine] Player "Snake" (id=0nsyEhm9INQy3se8y-fXlbMHVv4YsIXloUCLC2unDyo=) started vehicle Gyrocopter (id=961DFC0DD54BCF458A74E6A5EF960114 pos=<8340.61, 334.75, 1641.14>)
12:12:28.572 [AI Object Patrol 00114] Spawning 1 East bots at <12305.074219, 287.107758, 4304.831543>
12:12:28.607 [AI Object Patrol 00114] Global patrol count: 1
12:12:28.618 [AI Object Patrol 00114] HelicopterWreck category patrol count: 1
12:13:02.145 [VehicleEnter] Player "Lozergod" (id=f6o5reGZK1apFSzOwnbzYEHfAXAMOXbXZqu1fYDG5tE=) entered vehicle Land Rover Defender (id=EDDCB1131A4294A2EEBBEBA565DE46CC pos=<11501.8, 259.03, 5390.82>) as driver
12:13:05.538 [VehicleEngine] Player "Lozergod" (id=f6o5reGZK1apFSzOwnbzYEHfAXAMOXbXZqu1fYDG5tE=) started vehicle Land Rover Defender (id=EDDCB1131A4294A2EEBBEBA565DE46CC pos=<11501.8, 259.03, 5390.82>)
12:13:57.745 [Chat - Global]("Lozergod"(id=f6o5reGZK1apFSzOwnbzYEHfAXAMOXbXZqu1fYDG5tE=)): where you at?
12:14:10.057 [Chat - Global]("Saint (2)"(id=f-_TR5GiRJHALUs-Bpx5ZJmLko5lr6ptvdfijtGV8Dw=)): by road where i heard the heli
12:14:30.901 [AI Object Patrol 00107] Spawning 3 East bots at <5685.966309, 340.849304, 5781.188477>
12:14:30.939 [AI Object Patrol 00107] Global patrol count: 2
12:14:30.949 [AI Object Patrol 00107] HelicopterWreck category patrol count: 2
12:14:39.363 [Chat - Global]("Lozergod"(id=f6o5reGZK1apFSzOwnbzYEHfAXAMOXbXZqu1fYDG5tE=)): honking
12:15:13.346 [Chat - Global]("Saint (2)"(id=f-_TR5GiRJHALUs-Bpx5ZJmLko5lr6ptvdfijtGV8Dw=)): dont hear it now
12:15:27.425 [VehicleEngine] Player "NULL" (id=NULL) stopped vehicle Land Rover Defender (id=EDDCB1131A4294A2EEBBEBA565DE46CC pos=<11722, 304.61, 5187.8>)
12:15:27.455 [VehicleLeave] Player "Lozergod" (id=f6o5reGZK1apFSzOwnbzYEHfAXAMOXbXZqu1fYDG5tE=) left vehicle Land Rover Defender (id=EDDCB1131A4294A2EEBBEBA565DE46CC pos=<11722, 304.61, 5187.8>)
12:15:36.193 [Chat - Global]("Saint (2)"(id=f-_TR5GiRJHALUs-Bpx5ZJmLko5lr6ptvdfijtGV8Dw=)): im by the health clinic
12:15:36.212 [VehicleEnter] Player "Lozergod" (id=f6o5reGZK1apFSzOwnbzYEHfAXAMOXbXZqu1fYDG5tE=) entered vehicle UH-1H (id=C0204722F14B36C8DF97E187A316AC9F pos=<11714.5, 304.84, 5183.62>) as pilot
12:15:39.230 [VehicleEngine] Player "Lozergod" (id=f6o5reGZK1apFSzOwnbzYEHfAXAMOXbXZqu1fYDG5tE=) started vehicle UH-1H (id=C0204722F14B36C8DF97E187A316AC9F pos=<11714.5, 304.84, 5183.62>)
12:15:43.759 [VehicleEngine] Player "Lozergod" (id=f6o5reGZK1apFSzOwnbzYEHfAXAMOXbXZqu1fYDG5tE=) stopped vehicle UH-1H (id=C0204722F14B36C8DF97E187A316AC9F pos=<11714.5, 304.84, 5183.62>)
12:15:46.618 [VehicleLeave] Player "Lozergod" (id=f6o5reGZK1apFSzOwnbzYEHfAXAMOXbXZqu1fYDG5tE=) left vehicle UH-1H (id=C0204722F14B36C8DF97E187A316AC9F pos=<11714.5, 304.84, 5183.62>)
12:15:52.875 [VehicleEnter] Player "Lozergod" (id=f6o5reGZK1apFSzOwnbzYEHfAXAMOXbXZqu1fYDG5tE=) entered vehicle Land Rover Defender (id=EDDCB1131A4294A2EEBBEBA565DE46CC pos=<11722, 304.61, 5187.8>) as driver
12:15:57.170 [VehicleEngine] Player "Lozergod" (id=f6o5reGZK1apFSzOwnbzYEHfAXAMOXbXZqu1fYDG5tE=) started vehicle Land Rover Defender (id=EDDCB1131A4294A2EEBBEBA565DE46CC pos=<11722, 304.61, 5187.8>)
12:16:01.803 [Chat - Global]("Lozergod"(id=f6o5reGZK1apFSzOwnbzYEHfAXAMOXbXZqu1fYDG5tE=)): coming
12:16:34.638 [VehicleEnter] Player "Saint (2)" (id=f-_TR5GiRJHALUs-Bpx5ZJmLko5lr6ptvdfijtGV8Dw=) entered vehicle Land Rover Defender (id=EDDCB1131A4294A2EEBBEBA565DE46CC pos=<11568.1, 329.78, 4690.95>) as passenger
12:17:25.258 [VehicleEngine] Player "NULL" (id=NULL) stopped vehicle Land Rover Defender (id=EDDCB1131A4294A2EEBBEBA565DE46CC pos=<11722.4, 305.13, 5178.75>)
12:17:25.340 [VehicleLeave] Player "Lozergod" (id=f6o5reGZK1apFSzOwnbzYEHfAXAMOXbXZqu1fYDG5tE=) left vehicle Land Rover Defender (id=EDDCB1131A4294A2EEBBEBA565DE46CC pos=<11722.4, 305.13, 5178.75>)
12:17:25.726 [VehicleLeave] Player "Saint (2)" (id=f-_TR5GiRJHALUs-Bpx5ZJmLko5lr6ptvdfijtGV8Dw=) left vehicle Land Rover Defender (id=EDDCB1131A4294A2EEBBEBA565DE46CC pos=<11722.4, 305.13, 5178.75>)
12:17:46.465 [VehicleEnter] Player "Saint (2)" (id=f-_TR5GiRJHALUs-Bpx5ZJmLko5lr6ptvdfijtGV8Dw=) entered vehicle UH-1H (id=C0204722F14B36C8DF97E187A316AC9F pos=<11714.5, 304.84, 5183.62>) as pilot
12:17:50.277 [VehicleEngine] Player "Saint (2)" (id=f-_TR5GiRJHALUs-Bpx5ZJmLko5lr6ptvdfijtGV8Dw=) started vehicle UH-1H (id=C0204722F14B36C8DF97E187A316AC9F pos=<11714.5, 304.84, 5183.62>)
12:17:55.503 [VehicleEnter] Player "Lozergod" (id=f6o5reGZK1apFSzOwnbzYEHfAXAMOXbXZqu1fYDG5tE=) entered vehicle Land Rover Defender (id=EDDCB1131A4294A2EEBBEBA565DE46CC pos=<11722.4, 305.13, 5178.75>) as driver
12:17:56.160 [VehicleEngine] Player "NULL" (id=NULL) stopped vehicle Gyrocopter (id=961DFC0DD54BCF458A74E6A5EF960114 pos=<9119.56, 308.95, 6660.14>)
12:17:56.213 [VehicleLeave] Player "Snake" (id=0nsyEhm9INQy3se8y-fXlbMHVv4YsIXloUCLC2unDyo=) left vehicle Gyrocopter (id=961DFC0DD54BCF458A74E6A5EF960114 pos=<9119.56, 308.95, 6660.14>)
12:18:10.874 [VehicleEngine] Player "Lozergod" (id=f6o5reGZK1apFSzOwnbzYEHfAXAMOXbXZqu1fYDG5tE=) started vehicle Land Rover Defender (id=EDDCB1131A4294A2EEBBEBA565DE46CC pos=<11722.4, 305.13, 5178.75>)
12:18:12.380 [VehicleEngine] Player "Saint (2)" (id=f-_TR5GiRJHALUs-Bpx5ZJmLko5lr6ptvdfijtGV8Dw=) stopped vehicle UH-1H (id=C0204722F14B36C8DF97E187A316AC9F pos=<11711.5, 342.64, 5187.97>)
12:18:24.118 [Chat - Global]("Lozergod"(id=f6o5reGZK1apFSzOwnbzYEHfAXAMOXbXZqu1fYDG5tE=)): lolllll
12:18:39.959 [Chat - Global]("Lozergod"(id=f6o5reGZK1apFSzOwnbzYEHfAXAMOXbXZqu1fYDG5tE=)): you might have damaged it....
12:18:42.340 [VehicleLeave] Player "Saint (2)" (id=f-_TR5GiRJHALUs-Bpx5ZJmLko5lr6ptvdfijtGV8Dw=) left vehicle UH-1H (id=C0204722F14B36C8DF97E187A316AC9F pos=<11711, 304.43, 5189.33>)
12:18:50.423 [VehicleEngine] Player "NULL" (id=NULL) stopped vehicle Land Rover Defender (id=EDDCB1131A4294A2EEBBEBA565DE46CC pos=<11722.7, 304.24, 5194.76>)
12:18:50.461 [VehicleLeave] Player "Lozergod" (id=f6o5reGZK1apFSzOwnbzYEHfAXAMOXbXZqu1fYDG5tE=) left vehicle Land Rover Defender (id=EDDCB1131A4294A2EEBBEBA565DE46CC pos=<11722.7, 304.24, 5194.76>)
12:19:06.539 [VehicleEnter] Player "Saint (2)" (id=f-_TR5GiRJHALUs-Bpx5ZJmLko5lr6ptvdfijtGV8Dw=) entered vehicle UH-1H (id=C0204722F14B36C8DF97E187A316AC9F pos=<11711, 304.43, 5189.38>) as pilot
12:19:28.228 [VehicleLeave] Player "Saint (2)" (id=f-_TR5GiRJHALUs-Bpx5ZJmLko5lr6ptvdfijtGV8Dw=) left vehicle UH-1H (id=C0204722F14B36C8DF97E187A316AC9F pos=<11711.1, 304.43, 5189.42>)
12:19:54.572 [VehicleEnter] Player "Saint (2)" (id=f-_TR5GiRJHALUs-Bpx5ZJmLko5lr6ptvdfijtGV8Dw=) entered vehicle UH-1H (id=C0204722F14B36C8DF97E187A316AC9F pos=<11711.1, 304.43, 5189.46>) as pilot
12:19:59.005 [VehicleLeave] Player "Saint (2)" (id=f-_TR5GiRJHALUs-Bpx5ZJmLko5lr6ptvdfijtGV8Dw=) left vehicle UH-1H (id=C0204722F14B36C8DF97E187A316AC9F pos=<11711.1, 304.43, 5189.46>)
12:20:08.956 [VehicleEnter] Player "Saint (2)" (id=f-_TR5GiRJHALUs-Bpx5ZJmLko5lr6ptvdfijtGV8Dw=) entered vehicle UH-1H (id=C0204722F14B36C8DF97E187A316AC9F pos=<11711.1, 304.43, 5189.47>) as pilot
12:20:17.703 [VehicleLeave] Player "Saint (2)" (id=f-_TR5GiRJHALUs-Bpx5ZJmLko5lr6ptvdfijtGV8Dw=) left vehicle UH-1H (id=C0204722F14B36C8DF97E187A316AC9F pos=<11711.1, 304.43, 5189.48>)
12:20:45.219 [VehicleEnter] Player "Lozergod" (id=f6o5reGZK1apFSzOwnbzYEHfAXAMOXbXZqu1fYDG5tE=) entered vehicle UH-1H (id=C0204722F14B36C8DF97E187A316AC9F pos=<11711.1, 304.43, 5189.49>) as pilot
12:20:55.846 [VehicleLeave] Player "Lozergod" (id=f6o5reGZK1apFSzOwnbzYEHfAXAMOXbXZqu1fYDG5tE=) left vehicle UH-1H (id=C0204722F14B36C8DF97E187A316AC9F pos=<11711.1, 304.43, 5189.5>)
12:21:27.073 [VehicleEnter] Player "Lozergod" (id=f6o5reGZK1apFSzOwnbzYEHfAXAMOXbXZqu1fYDG5tE=) entered vehicle UH-1H (id=C0204722F14B36C8DF97E187A316AC9F pos=<11711.1, 304.42, 5189.57>) as pilot
12:21:31.152 [AI Object Patrol 00107] Despawning 3 East bots (spawn position <5685.966309, 340.849304, 5781.188477>, 0/3 deceased)
12:21:31.162 [AI Object Patrol 00107] Global patrol count: 1
12:21:31.172 [AI Object Patrol 00107] HelicopterWreck category patrol count: 1
12:21:32.883 [VehicleLeave] Player "Lozergod" (id=f6o5reGZK1apFSzOwnbzYEHfAXAMOXbXZqu1fYDG5tE=) left vehicle UH-1H (id=C0204722F14B36C8DF97E187A316AC9F pos=<11711.1, 304.42, 5189.58>)
12:22:15.946 [VehicleEnter] Player "Lozergod" (id=f6o5reGZK1apFSzOwnbzYEHfAXAMOXbXZqu1fYDG5tE=) entered vehicle Land Rover Defender (id=EDDCB1131A4294A2EEBBEBA565DE46CC pos=<11722.7, 304.24, 5194.76>) as driver
12:22:18.542 [VehicleEngine] Player "Lozergod" (id=f6o5reGZK1apFSzOwnbzYEHfAXAMOXbXZqu1fYDG5tE=) started vehicle Land Rover Defender (id=EDDCB1131A4294A2EEBBEBA565DE46CC pos=<11722.7, 304.24, 5194.76>)
12:22:58.067 [VehicleEnter] Player "Saint (2)" (id=f-_TR5GiRJHALUs-Bpx5ZJmLko5lr6ptvdfijtGV8Dw=) entered vehicle UH-1H (id=C0204722F14B36C8DF97E187A316AC9F pos=<11711.1, 304.42, 5189.6>) as passenger
12:23:02.736 [VehicleLeave] Player "Saint (2)" (id=f-_TR5GiRJHALUs-Bpx5ZJmLko5lr6ptvdfijtGV8Dw=) left vehicle UH-1H (id=C0204722F14B36C8DF97E187A316AC9F pos=<11711.1, 304.42, 5189.6>)
12:23:17.382 [VehicleEnter] Player "Saint (2)" (id=f-_TR5GiRJHALUs-Bpx5ZJmLko5lr6ptvdfijtGV8Dw=) entered vehicle UH-1H (id=C0204722F14B36C8DF97E187A316AC9F pos=<11711.1, 304.43, 5189.6>) as pilot
12:23:21.528 [VehicleLeave] Player "Saint (2)" (id=f-_TR5GiRJHALUs-Bpx5ZJmLko5lr6ptvdfijtGV8Dw=) left vehicle UH-1H (id=C0204722F14B36C8DF97E187A316AC9F pos=<11711.1, 304.42, 5189.61>)
12:23:46.839 [AI Object Patrol 00109] Spawning 2 West bots at <2008.890137, 293.300964, 11242.397461>
12:23:46.869 [AI Object Patrol 00109] Global patrol count: 2
12:23:46.879 [AI Object Patrol 00109] ContaminatedArea category patrol count: 1
12:24:40.175 [VehicleEnter] Player "Saint (2)" (id=f-_TR5GiRJHALUs-Bpx5ZJmLko5lr6ptvdfijtGV8Dw=) entered vehicle UH-1H (id=C0204722F14B36C8DF97E187A316AC9F pos=<11711.1, 304.42, 5189.61>) as pilot
12:25:10.974 [VehicleLeave] Player "Saint (2)" (id=f-_TR5GiRJHALUs-Bpx5ZJmLko5lr6ptvdfijtGV8Dw=) left vehicle UH-1H (id=C0204722F14B36C8DF97E187A316AC9F pos=<11711.2, 304.42, 5189.63>)
12:25:14.403 [VehicleEnter] Player "Saint (2)" (id=f-_TR5GiRJHALUs-Bpx5ZJmLko5lr6ptvdfijtGV8Dw=) entered vehicle UH-1H (id=C0204722F14B36C8DF97E187A316AC9F pos=<11711.2, 304.42, 5189.64>) as pilot
12:25:39.538 [VehicleLeave] Player "Saint (2)" (id=f-_TR5GiRJHALUs-Bpx5ZJmLko5lr6ptvdfijtGV8Dw=) left vehicle UH-1H (id=C0204722F14B36C8DF97E187A316AC9F pos=<11711.2, 304.42, 5189.64>)
12:26:10.916 [VehicleEngine] Player "NULL" (id=NULL) stopped vehicle Land Rover Defender (id=EDDCB1131A4294A2EEBBEBA565DE46CC pos=<11522.5, 181.16, 9443.29>)
12:26:10.953 [VehicleLeave] Player "Lozergod" (id=f6o5reGZK1apFSzOwnbzYEHfAXAMOXbXZqu1fYDG5tE=) left vehicle Land Rover Defender (id=EDDCB1131A4294A2EEBBEBA565DE46CC pos=<11522.5, 181.16, 9443.29>)
12:26:49.643 [VehicleEnter] Player "Snake" (id=0nsyEhm9INQy3se8y-fXlbMHVv4YsIXloUCLC2unDyo=) entered vehicle Gyrocopter (id=961DFC0DD54BCF458A74E6A5EF960114 pos=<9119.57, 308.95, 6660.14>) as pilot
12:26:51.060 [VehicleEngine] Player "Snake" (id=0nsyEhm9INQy3se8y-fXlbMHVv4YsIXloUCLC2unDyo=) started vehicle Gyrocopter (id=961DFC0DD54BCF458A74E6A5EF960114 pos=<9119.57, 308.95, 6660.14>)
12:26:58.066 [VehicleEnter] Player "Lozergod" (id=f6o5reGZK1apFSzOwnbzYEHfAXAMOXbXZqu1fYDG5tE=) entered vehicle Land Rover Defender (id=EDDCB1131A4294A2EEBBEBA565DE46CC pos=<11522.5, 181.16, 9443.29>) as driver
12:27:01.184 [Chat - Global]("Lozergod"(id=f6o5reGZK1apFSzOwnbzYEHfAXAMOXbXZqu1fYDG5tE=)): on my way back
12:27:03.517 [VehicleEngine] Player "Lozergod" (id=f6o5reGZK1apFSzOwnbzYEHfAXAMOXbXZqu1fYDG5tE=) started vehicle Land Rover Defender (id=EDDCB1131A4294A2EEBBEBA565DE46CC pos=<11522.5, 181.16, 9443.28>)
12:27:18.526 [AI Object Patrol 00012] Spawning 1 West bots at <7890.865723, 259.806671, 6164.220703>
12:27:18.558 [AI Object Patrol 00012] Global patrol count: 3
12:27:18.568 [AI Object Patrol 00012] ContaminatedArea category patrol count: 2
12:27:25.374 [AI Object Patrol 00113] Spawning 3 East bots at <8935.824219, 319.072327, 5409.894531>
12:27:25.546 [AI Object Patrol 00113] Global patrol count: 4
12:27:25.682 [AI Object Patrol 00113] HelicopterWreck category patrol count: 2
12:27:58.752 [VehicleEnter] Player "Saint (2)" (id=f-_TR5GiRJHALUs-Bpx5ZJmLko5lr6ptvdfijtGV8Dw=) entered vehicle UH-1H (id=C0204722F14B36C8DF97E187A316AC9F pos=<11711.2, 304.42, 5189.64>) as pilot
12:28:11.366 [VehicleLeave] Player "Saint (2)" (id=f-_TR5GiRJHALUs-Bpx5ZJmLko5lr6ptvdfijtGV8Dw=) left vehicle UH-1H (id=C0204722F14B36C8DF97E187A316AC9F pos=<11711.2, 304.43, 5189.65>)
12:29:16.964 [Chat - Global]("Snake"(id=0nsyEhm9INQy3se8y-fXlbMHVv4YsIXloUCLC2unDyo=)): if anyone hears me lmk lol
12:29:17.114 [AI Object Patrol 00117] Spawning 3 East bots at <7887.011230, 231.639999, 8248.284180>
12:29:17.165 [AI Object Patrol 00117] Global patrol count: 5
12:29:17.190 [AI Object Patrol 00117] HelicopterWreck category patrol count: 3
12:29:54.432 [Chat - Global]("Lozergod"(id=f6o5reGZK1apFSzOwnbzYEHfAXAMOXbXZqu1fYDG5tE=)): i don't year anything?
12:30:01.926 [Chat - Global]("Snake"(id=0nsyEhm9INQy3se8y-fXlbMHVv4YsIXloUCLC2unDyo=)): im on the gyro
12:30:24.523 [VehicleEngine] Player "NULL" (id=NULL) stopped vehicle Gyrocopter (id=961DFC0DD54BCF458A74E6A5EF960114 pos=<7001.72, 236.19, 8589.42>)
12:30:24.559 [VehicleLeave] Player "Snake" (id=0nsyEhm9INQy3se8y-fXlbMHVv4YsIXloUCLC2unDyo=) left vehicle Gyrocopter (id=961DFC0DD54BCF458A74E6A5EF960114 pos=<7001.72, 236.19, 8589.42>)
12:30:48.309 [VehicleEngine] Player "NULL" (id=NULL) stopped vehicle Land Rover Defender (id=EDDCB1131A4294A2EEBBEBA565DE46CC pos=<11718.8, 304.45, 5190.15>)
12:30:48.328 [VehicleLeave] Player "Lozergod" (id=f6o5reGZK1apFSzOwnbzYEHfAXAMOXbXZqu1fYDG5tE=) left vehicle Land Rover Defender (id=EDDCB1131A4294A2EEBBEBA565DE46CC pos=<11718.8, 304.45, 5190.15>)
12:31:28.743 [VehicleAttachments] Player "Saint (2)" (id=f-_TR5GiRJHALUs-Bpx5ZJmLko5lr6ptvdfijtGV8Dw=) detached Jerrycan (type=CanisterGasoline) from vehicle Land Rover Defender (id=EDDCB1131A4294A2EEBBEBA565DE46CC pos=<11718.8, 304.45, 5190.15>)
12:31:51.351 [AI Object Patrol 00109] Despawning 2 West bots (spawn position <2008.890137, 293.300964, 11242.397461>, 0/2 deceased)
12:31:51.361 [AI Object Patrol 00109] Global patrol count: 4
12:31:51.371 [AI Object Patrol 00109] ContaminatedArea category patrol count: 1
12:32:13.403 [VehicleEnter] Player "Lozergod" (id=f6o5reGZK1apFSzOwnbzYEHfAXAMOXbXZqu1fYDG5tE=) entered vehicle Land Rover Defender (id=EDDCB1131A4294A2EEBBEBA565DE46CC pos=<11718.8, 304.45, 5190.15>) as driver
12:32:16.201 [VehicleEngine] Player "Lozergod" (id=f6o5reGZK1apFSzOwnbzYEHfAXAMOXbXZqu1fYDG5tE=) started vehicle Land Rover Defender (id=EDDCB1131A4294A2EEBBEBA565DE46CC pos=<11718.8, 304.45, 5190.15>)
12:32:50.366 [VehicleEnter] Player "Saint (2)" (id=f-_TR5GiRJHALUs-Bpx5ZJmLko5lr6ptvdfijtGV8Dw=) entered vehicle UH-1H (id=C0204722F14B36C8DF97E187A316AC9F pos=<11711.3, 304.43, 5189.65>) as pilot
12:32:54.509 [VehicleEngine] Player "Saint (2)" (id=f-_TR5GiRJHALUs-Bpx5ZJmLko5lr6ptvdfijtGV8Dw=) started vehicle UH-1H (id=C0204722F14B36C8DF97E187A316AC9F pos=<11711.3, 304.43, 5189.65>)
12:33:44.050 [VehicleEnter] Player "Snake" (id=0nsyEhm9INQy3se8y-fXlbMHVv4YsIXloUCLC2unDyo=) entered vehicle Gyrocopter (id=961DFC0DD54BCF458A74E6A5EF960114 pos=<7001.52, 236.18, 8589.43>) as pilot
12:33:48.902 [VehicleEngine] Player "Snake" (id=0nsyEhm9INQy3se8y-fXlbMHVv4YsIXloUCLC2unDyo=) started vehicle Gyrocopter (id=961DFC0DD54BCF458A74E6A5EF960114 pos=<7001.52, 236.18, 8589.43>)
12:35:21.163 [VehicleEngine] Player "NULL" (id=NULL) stopped vehicle Gyrocopter (id=961DFC0DD54BCF458A74E6A5EF960114 pos=<7873.43, 231.72, 8257.54>)
12:35:21.207 [VehicleLeave] Player "Snake" (id=0nsyEhm9INQy3se8y-fXlbMHVv4YsIXloUCLC2unDyo=) left vehicle Gyrocopter (id=961DFC0DD54BCF458A74E6A5EF960114 pos=<7873.43, 231.72, 8257.54>)
12:35:29.266 [AI Object Patrol 00117] East bots were wiped out (spawn position <7887.011230, 231.639999, 8248.284180>, 3/3 deceased)
12:35:29.277 [AI Object Patrol 00117] Global patrol count: 3
12:35:29.311 [AI Object Patrol 00117] HelicopterWreck category patrol count: 2
12:35:44.297 [AI Object Patrol 00008] Spawning 2 West bots at <7446.988281, 227.321091, 6172.320313>
12:35:44.380 [AI Object Patrol 00008] Global patrol count: 4
12:35:44.390 [AI Object Patrol 00008] ContaminatedArea category patrol count: 2
12:36:13.050 [VehicleEngine] Player "NULL" (id=NULL) stopped vehicle Land Rover Defender (id=EDDCB1131A4294A2EEBBEBA565DE46CC pos=<11112.7, 185.46, 9015.88>)
12:36:13.087 [VehicleLeave] Player "Lozergod" (id=f6o5reGZK1apFSzOwnbzYEHfAXAMOXbXZqu1fYDG5tE=) left vehicle Land Rover Defender (id=EDDCB1131A4294A2EEBBEBA565DE46CC pos=<11112.7, 185.46, 9015.88>)
12:38:03.975 [VehicleEnter] Player "Snake" (id=0nsyEhm9INQy3se8y-fXlbMHVv4YsIXloUCLC2unDyo=) entered vehicle Gyrocopter (id=961DFC0DD54BCF458A74E6A5EF960114 pos=<7872.68, 231.72, 8257.57>) as pilot
12:38:06.051 [VehicleEngine] Player "Snake" (id=0nsyEhm9INQy3se8y-fXlbMHVv4YsIXloUCLC2unDyo=) started vehicle Gyrocopter (id=961DFC0DD54BCF458A74E6A5EF960114 pos=<7872.64, 231.72, 8257.57>)
12:38:45.740 [AI Object Patrol 00115] Spawning 2 East bots at <6838.254883, 224.059769, 8590.069336>
12:38:45.769 [AI Object Patrol 00115] Global patrol count: 5
12:38:45.779 [AI Object Patrol 00115] HelicopterWreck category patrol count: 3
12:38:55.886 [AI Object Patrol 00113] Despawning 3 East bots (spawn position <8935.824219, 319.072327, 5409.894531>, 0/3 deceased)
12:38:55.898 [AI Object Patrol 00113] Global patrol count: 4
12:38:55.911 [AI Object Patrol 00113] HelicopterWreck category patrol count: 2
12:39:02.990 [VehicleEngine] Player "Saint (2)" (id=f-_TR5GiRJHALUs-Bpx5ZJmLko5lr6ptvdfijtGV8Dw=) stopped vehicle UH-1H (id=C0204722F14B36C8DF97E187A316AC9F pos=<9650.14, 231.79, 8046.46>)
12:39:13.816 [VehicleLeave] Player "Saint (2)" (id=f-_TR5GiRJHALUs-Bpx5ZJmLko5lr6ptvdfijtGV8Dw=) left vehicle UH-1H (id=C0204722F14B36C8DF97E187A316AC9F pos=<9653.92, 231.18, 8048.15>)
12:39:35.294 [Chat - Global]("Saint (2)"(id=f-_TR5GiRJHALUs-Bpx5ZJmLko5lr6ptvdfijtGV8Dw=)): made it
12:39:40.828 [VehicleEnter] Player "Saint (2)" (id=f-_TR5GiRJHALUs-Bpx5ZJmLko5lr6ptvdfijtGV8Dw=) entered vehicle UH-1H (id=C0204722F14B36C8DF97E187A316AC9F pos=<9653.92, 231.17, 8048.16>) as pilot
12:39:44.277 [VehicleEngine] Player "Saint (2)" (id=f-_TR5GiRJHALUs-Bpx5ZJmLko5lr6ptvdfijtGV8Dw=) started vehicle UH-1H (id=C0204722F14B36C8DF97E187A316AC9F pos=<9653.92, 231.17, 8048.16>)
12:41:11.931 [AI Object Patrol 00012] Despawning 1 West bots (spawn position <7890.865723, 259.806671, 6164.220703>, 0/1 deceased)
12:41:11.941 [AI Object Patrol 00012] Global patrol count: 3
12:41:11.951 [AI Object Patrol 00012] ContaminatedArea category patrol count: 1
12:41:40.025 [AI Object Patrol 00123] Spawning 2 West bots at <11023.891602, 346.516663, 4276.523926>
12:41:40.057 [AI Object Patrol 00123] Global patrol count: 4
12:41:40.068 [AI Object Patrol 00123] ContaminatedArea category patrol count: 2
12:42:36.664 [AI Patrol 00020] Spawning 3 East bots at <9412.760742, 241.289978, 10473.138672>
12:42:36.693 [AI Patrol 00020] Global patrol count: 5
12:42:36.703 [AI Patrol 00020] Patrol category patrol count: 1
12:43:14.096 [VehicleEngine] Player "Snake" (id=0nsyEhm9INQy3se8y-fXlbMHVv4YsIXloUCLC2unDyo=) stopped vehicle Gyrocopter (id=961DFC0DD54BCF458A74E6A5EF960114 pos=<9444.27, 231.86, 9713.54>)
12:44:04.367 [AI Object Patrol 00114] Despawning 1 East bots (spawn position <12305.074219, 287.107758, 4304.831543>, 0/1 deceased)
12:44:04.377 [AI Object Patrol 00114] Global patrol count: 4
12:44:04.386 [AI Object Patrol 00114] HelicopterWreck category patrol count: 1
12:44:37.054 [SpawnSelection] Player "Saint (2)" (id=f-_TR5GiRJHALUs-Bpx5ZJmLko5lr6ptvdfijtGV8Dw=) spawned at <7638.410156, 245.850006, 5157.709961>
12:49:01.446 [AI Object Patrol 00008] Despawning 2 West bots (spawn position <7446.988281, 227.321091, 6172.320313>, 0/2 deceased)
12:49:01.517 [AI Object Patrol 00008] Global patrol count: 3
12:49:01.605 [AI Object Patrol 00008] ContaminatedArea category patrol count: 1
12:49:38.003 [AI Object Patrol 00115] Despawning 2 East bots (spawn position <6838.254883, 224.059769, 8590.069336>, 0/2 deceased)
12:49:38.082 [AI Object Patrol 00115] Global patrol count: 2
12:49:38.192 [AI Object Patrol 00115] HelicopterWreck category patrol count: 0
12:50:24.971 [VehicleEnter] Player "Lozergod" (id=f6o5reGZK1apFSzOwnbzYEHfAXAMOXbXZqu1fYDG5tE=) entered vehicle Land Rover Defender (id=EDDCB1131A4294A2EEBBEBA565DE46CC pos=<11112.7, 185.46, 9015.88>) as driver
12:50:27.597 [VehicleEngine] Player "Lozergod" (id=f6o5reGZK1apFSzOwnbzYEHfAXAMOXbXZqu1fYDG5tE=) started vehicle Land Rover Defender (id=EDDCB1131A4294A2EEBBEBA565DE46CC pos=<11112.7, 185.46, 9015.88>)
12:51:59.229 [VehicleEngine] Player "NULL" (id=NULL) stopped vehicle Land Rover Defender (id=EDDCB1131A4294A2EEBBEBA565DE46CC pos=<11251.8, 183.02, 9393.23>)
12:51:59.386 [VehicleLeave] Player "Lozergod" (id=f6o5reGZK1apFSzOwnbzYEHfAXAMOXbXZqu1fYDG5tE=) left vehicle Land Rover Defender (id=EDDCB1131A4294A2EEBBEBA565DE46CC pos=<11251.8, 183.02, 9393.23>)
12:52:08.144 [VehicleEnter] Player "Lozergod" (id=f6o5reGZK1apFSzOwnbzYEHfAXAMOXbXZqu1fYDG5tE=) entered vehicle Land Rover Defender (id=EDDCB1131A4294A2EEBBEBA565DE46CC pos=<11251.8, 183.02, 9393.23>) as driver
12:52:09.545 [VehicleEngine] Player "Lozergod" (id=f6o5reGZK1apFSzOwnbzYEHfAXAMOXbXZqu1fYDG5tE=) started vehicle Land Rover Defender (id=EDDCB1131A4294A2EEBBEBA565DE46CC pos=<11251.8, 183.02, 9393.23>)
12:52:24.076 [VehicleEngine] Player "NULL" (id=NULL) stopped vehicle Land Rover Defender (id=EDDCB1131A4294A2EEBBEBA565DE46CC pos=<11316, 182.64, 9422.54>)
12:52:24.113 [VehicleLeave] Player "Lozergod" (id=f6o5reGZK1apFSzOwnbzYEHfAXAMOXbXZqu1fYDG5tE=) left vehicle Land Rover Defender (id=EDDCB1131A4294A2EEBBEBA565DE46CC pos=<11316, 182.64, 9422.54>)
12:52:41.047 [AI Object Patrol 00123] Despawning 2 West bots (spawn position <11023.891602, 346.516663, 4276.523926>, 0/2 deceased)
12:52:41.058 [AI Object Patrol 00123] Global patrol count: 1
12:52:41.068 [AI Object Patrol 00123] ContaminatedArea category patrol count: 0
12:55:01.449 [VehicleEnter] Player "Suss-Bus" (id=_AiYSOqBTsXk7V79zSlYdl-x8y50J1nzzpoqKcKH0v8=) entered vehicle Ada 4x4 (id=272D6012424598C0B0BC72B557C9263C pos=<10772, 177.79, 11023.4>) as passenger
12:55:08.943 [VehicleLeave] Player "Suss-Bus" (id=_AiYSOqBTsXk7V79zSlYdl-x8y50J1nzzpoqKcKH0v8=) left vehicle Ada 4x4 (id=272D6012424598C0B0BC72B557C9263C pos=<10772, 177.79, 11023.4>)
12:55:22.553 [VehicleEnter] Player "Suss-Bus" (id=_AiYSOqBTsXk7V79zSlYdl-x8y50J1nzzpoqKcKH0v8=) entered vehicle Ada 4x4 (id=272D6012424598C0B0BC72B557C9263C pos=<10769.3, 177.79, 11022.8>) as driver
12:55:24.029 [VehicleLeave] Player "Suss-Bus" (id=_AiYSOqBTsXk7V79zSlYdl-x8y50J1nzzpoqKcKH0v8=) left vehicle Ada 4x4 (id=272D6012424598C0B0BC72B557C9263C pos=<10769.3, 177.79, 11022.8>)
12:55:39.319 [VehicleEnter] Player "Suss-Bus" (id=_AiYSOqBTsXk7V79zSlYdl-x8y50J1nzzpoqKcKH0v8=) entered vehicle Ada 4x4 (id=272D6012424598C0B0BC72B557C9263C pos=<10769.3, 177.79, 11022.8>) as driver
12:55:42.949 [VehicleEngine] Player "Suss-Bus" (id=_AiYSOqBTsXk7V79zSlYdl-x8y50J1nzzpoqKcKH0v8=) started vehicle Ada 4x4 (id=272D6012424598C0B0BC72B557C9263C pos=<10769.3, 177.79, 11022.8>)
12:55:49.466 [VehicleEnter] Player "Lozergod" (id=f6o5reGZK1apFSzOwnbzYEHfAXAMOXbXZqu1fYDG5tE=) entered vehicle Land Rover Defender (id=EDDCB1131A4294A2EEBBEBA565DE46CC pos=<11316, 182.64, 9422.54>) as driver
12:55:53.185 [VehicleEngine] Player "Lozergod" (id=f6o5reGZK1apFSzOwnbzYEHfAXAMOXbXZqu1fYDG5tE=) started vehicle Land Rover Defender (id=EDDCB1131A4294A2EEBBEBA565DE46CC pos=<11316, 182.64, 9422.54>)
12:56:23.707 [VehicleEngine] Player "NULL" (id=NULL) stopped vehicle Land Rover Defender (id=EDDCB1131A4294A2EEBBEBA565DE46CC pos=<11443.8, 181.04, 9488.93>)
12:56:23.733 [VehicleLeave] Player "Lozergod" (id=f6o5reGZK1apFSzOwnbzYEHfAXAMOXbXZqu1fYDG5tE=) left vehicle Land Rover Defender (id=EDDCB1131A4294A2EEBBEBA565DE46CC pos=<11443.8, 181.04, 9488.93>)
12:56:34.709 [VehicleEnter] Player "Lozergod" (id=f6o5reGZK1apFSzOwnbzYEHfAXAMOXbXZqu1fYDG5tE=) entered vehicle Land Rover Defender (id=EDDCB1131A4294A2EEBBEBA565DE46CC pos=<11443.8, 181.04, 9488.93>) as driver
12:56:37.221 [VehicleEngine] Player "Lozergod" (id=f6o5reGZK1apFSzOwnbzYEHfAXAMOXbXZqu1fYDG5tE=) started vehicle Land Rover Defender (id=EDDCB1131A4294A2EEBBEBA565DE46CC pos=<11443.8, 181.04, 9488.93>)
12:57:01.865 [VehicleEngine] Player "Snake" (id=0nsyEhm9INQy3se8y-fXlbMHVv4YsIXloUCLC2unDyo=) started vehicle Gyrocopter (id=961DFC0DD54BCF458A74E6A5EF960114 pos=<9444.28, 231.87, 9713.6>)
12:57:03.486 [AI Object Patrol 00117] Despawning 0 East bots (spawn position <7895.484863, 231.623352, 8257.680664>, 3/3 deceased)
12:57:49.818 [VehicleEngine] Player "Saint (2)" (id=f-_TR5GiRJHALUs-Bpx5ZJmLko5lr6ptvdfijtGV8Dw=) stopped vehicle UH-1H (id=C0204722F14B36C8DF97E187A316AC9F pos=<9181.82, 328.2, 4197.62>)
12:58:18.617 [AI Object Patrol 00122] Spawning 3 East bots at <12279.053711, 297.156830, 6525.760254>
12:58:18.644 [AI Object Patrol 00122] Global patrol count: 2
12:58:18.655 [AI Object Patrol 00122] HelicopterWreck category patrol count: 1
12:59:31.414 [VehicleEngine] Player "NULL" (id=NULL) stopped vehicle Land Rover Defender (id=EDDCB1131A4294A2EEBBEBA565DE46CC pos=<12101.2, 292.22, 6029.15>)
12:59:31.452 [VehicleLeave] Player "Lozergod" (id=f6o5reGZK1apFSzOwnbzYEHfAXAMOXbXZqu1fYDG5tE=) left vehicle Land Rover Defender (id=EDDCB1131A4294A2EEBBEBA565DE46CC pos=<12101.2, 292.22, 6029.15>)
13:01:20.158 [VehicleEnter] Player "Lozergod" (id=f6o5reGZK1apFSzOwnbzYEHfAXAMOXbXZqu1fYDG5tE=) entered vehicle Land Rover Defender (id=EDDCB1131A4294A2EEBBEBA565DE46CC pos=<12101.2, 292.22, 6029.15>) as driver
13:01:22.922 [VehicleEngine] Player "Lozergod" (id=f6o5reGZK1apFSzOwnbzYEHfAXAMOXbXZqu1fYDG5tE=) started vehicle Land Rover Defender (id=EDDCB1131A4294A2EEBBEBA565DE46CC pos=<12101.2, 292.22, 6029.15>)
13:01:32.762 [AI Object Patrol 00124] Spawning 3 East bots at <10066.845703, 299.379517, 7040.844727>
13:01:32.792 [AI Object Patrol 00124] Global patrol count: 3
13:01:32.803 [AI Object Patrol 00124] HelicopterWreck category patrol count: 2
13:01:40.118 [VehicleLeave] Player "Suss-Bus" (id=_AiYSOqBTsXk7V79zSlYdl-x8y50J1nzzpoqKcKH0v8=) left vehicle Ada 4x4 (id=272D6012424598C0B0BC72B557C9263C pos=<11106.1, 174.14, 11404.8>)
13:01:48.644 [VehicleEngine] Player "Snake" (id=0nsyEhm9INQy3se8y-fXlbMHVv4YsIXloUCLC2unDyo=) stopped vehicle Gyrocopter (id=961DFC0DD54BCF458A74E6A5EF960114 pos=<9690.18, 576.28, 7642.56>)
13:02:13.398 [VehicleLeave] Player "Snake" (id=0nsyEhm9INQy3se8y-fXlbMHVv4YsIXloUCLC2unDyo=) left vehicle Gyrocopter (id=961DFC0DD54BCF458A74E6A5EF960114 pos=<10090.2, 296.12, 7636.62>)
13:02:21.197 [Chat - Global]("Snake"(id=0nsyEhm9INQy3se8y-fXlbMHVv4YsIXloUCLC2unDyo=)): ah shit
13:02:23.560 [Chat - Global]("Snake"(id=0nsyEhm9INQy3se8y-fXlbMHVv4YsIXloUCLC2unDyo=)): ran out of gas
13:02:55.747 [VehicleEngine] Player "NULL" (id=NULL) stopped vehicle Land Rover Defender (id=EDDCB1131A4294A2EEBBEBA565DE46CC pos=<12296.4, 298.06, 6526.15>)
13:02:55.781 [VehicleLeave] Player "Lozergod" (id=f6o5reGZK1apFSzOwnbzYEHfAXAMOXbXZqu1fYDG5tE=) left vehicle Land Rover Defender (id=EDDCB1131A4294A2EEBBEBA565DE46CC pos=<12296.4, 298.06, 6526.15>)
13:03:32.258 [Chat - Global]("Snake"(id=0nsyEhm9INQy3se8y-fXlbMHVv4YsIXloUCLC2unDyo=)): anyone with a heli?
13:03:33.181 [VehicleEnter] Player "Lozergod" (id=f6o5reGZK1apFSzOwnbzYEHfAXAMOXbXZqu1fYDG5tE=) entered vehicle Land Rover Defender (id=EDDCB1131A4294A2EEBBEBA565DE46CC pos=<12296.4, 298.06, 6526.15>) as driver
13:03:35.717 [VehicleEngine] Player "Lozergod" (id=f6o5reGZK1apFSzOwnbzYEHfAXAMOXbXZqu1fYDG5tE=) started vehicle Land Rover Defender (id=EDDCB1131A4294A2EEBBEBA565DE46CC pos=<12296.4, 298.06, 6526.15>)
13:03:52.659 [Chat - Global]("Lozergod"(id=f6o5reGZK1apFSzOwnbzYEHfAXAMOXbXZqu1fYDG5tE=)): Saint has one, i gave him one
13:03:52.886 [VehicleEnter] Player "Suss-Bus" (id=_AiYSOqBTsXk7V79zSlYdl-x8y50J1nzzpoqKcKH0v8=) entered vehicle Ada 4x4 (id=272D6012424598C0B0BC72B557C9263C pos=<11105.8, 174.14, 11404.4>) as driver
13:03:58.714 [Chat - Global]("Lozergod"(id=f6o5reGZK1apFSzOwnbzYEHfAXAMOXbXZqu1fYDG5tE=)): i have one back at my base
13:04:23.629 [Chat - Global]("Lozergod"(id=f6o5reGZK1apFSzOwnbzYEHfAXAMOXbXZqu1fYDG5tE=)): where you at?  i have a full gas can on me
13:05:09.285 [Chat - Global]("Snake"(id=0nsyEhm9INQy3se8y-fXlbMHVv4YsIXloUCLC2unDyo=)): im south of...
13:05:20.955 [Chat - Global]("Snake"(id=0nsyEhm9INQy3se8y-fXlbMHVv4YsIXloUCLC2unDyo=)): sitnik
13:05:36.282 [Chat - Global]("Lozergod"(id=f6o5reGZK1apFSzOwnbzYEHfAXAMOXbXZqu1fYDG5tE=)): i was just in sitnik
13:05:44.302 [Chat - Global]("Snake"(id=0nsyEhm9INQy3se8y-fXlbMHVv4YsIXloUCLC2unDyo=)): south of the factory
13:05:48.358 [Chat - Global]("Snake"(id=0nsyEhm9INQy3se8y-fXlbMHVv4YsIXloUCLC2unDyo=)): i can see the big castle too
13:06:03.822 [Chat - Global]("Lozergod"(id=f6o5reGZK1apFSzOwnbzYEHfAXAMOXbXZqu1fYDG5tE=)): ok, let me drive over there
13:06:18.080 [Chat - Global]("Snake"(id=0nsyEhm9INQy3se8y-fXlbMHVv4YsIXloUCLC2unDyo=)): i see it in the distance, like 3 miles away
13:06:18.239 [Chat - Global]("Lozergod"(id=f6o5reGZK1apFSzOwnbzYEHfAXAMOXbXZqu1fYDG5tE=)): im by that castle
13:06:42.161 [Chat - Global]("Snake"(id=0nsyEhm9INQy3se8y-fXlbMHVv4YsIXloUCLC2unDyo=)): if you look around youll see big electric grid heading south east
13:07:03.031 [Chat - Global]("Snake"(id=0nsyEhm9INQy3se8y-fXlbMHVv4YsIXloUCLC2unDyo=)): maybe hard to see. but yeah i have both in front of me
13:07:08.186 [Chat - Global]("Snake"(id=0nsyEhm9INQy3se8y-fXlbMHVv4YsIXloUCLC2unDyo=)): factory to my left, castle to my right
13:07:18.929 [Chat - Global]("Snake"(id=0nsyEhm9INQy3se8y-fXlbMHVv4YsIXloUCLC2unDyo=)): facing north
13:07:23.322 [Chat - Global]("Lozergod"(id=f6o5reGZK1apFSzOwnbzYEHfAXAMOXbXZqu1fYDG5tE=)): coming
13:08:09.725 [VehicleEngine] Player "NULL" (id=NULL) stopped vehicle Ada 4x4 (id=272D6012424598C0B0BC72B557C9263C pos=<11107, 174.14, 11403.8>)
13:08:09.846 [VehicleLeave] Player "Suss-Bus" (id=_AiYSOqBTsXk7V79zSlYdl-x8y50J1nzzpoqKcKH0v8=) left vehicle Ada 4x4 (id=272D6012424598C0B0BC72B557C9263C pos=<11107, 174.14, 11403.8>)
13:08:26.378 [Chat - Global]("Lozergod"(id=f6o5reGZK1apFSzOwnbzYEHfAXAMOXbXZqu1fYDG5tE=)): im passing the industrial by the castle
13:08:33.193 [Chat - Global]("Lozergod"(id=f6o5reGZK1apFSzOwnbzYEHfAXAMOXbXZqu1fYDG5tE=)): heading towards sitnik
13:08:42.714 [Chat - Global]("Snake"(id=0nsyEhm9INQy3se8y-fXlbMHVv4YsIXloUCLC2unDyo=)): go south
13:08:46.377 [Chat - Global]("Snake"(id=0nsyEhm9INQy3se8y-fXlbMHVv4YsIXloUCLC2unDyo=)): sitnik is north
13:08:58.537 [Chat - Global]("Lozergod"(id=f6o5reGZK1apFSzOwnbzYEHfAXAMOXbXZqu1fYDG5tE=)): im still way south of sitnik
13:09:06.022 [Chat - Global]("Lozergod"(id=f6o5reGZK1apFSzOwnbzYEHfAXAMOXbXZqu1fYDG5tE=)): folling the electrical
13:09:08.953 [Chat - Global]("Snake"(id=0nsyEhm9INQy3se8y-fXlbMHVv4YsIXloUCLC2unDyo=)): thats where i am i think haha
13:09:16.482 [Chat - Global]("Snake"(id=0nsyEhm9INQy3se8y-fXlbMHVv4YsIXloUCLC2unDyo=)): did you hear the shot
13:09:30.277 [Chat - Global]("Lozergod"(id=f6o5reGZK1apFSzOwnbzYEHfAXAMOXbXZqu1fYDG5tE=)): im honking
13:09:39.313 [Chat - Global]("Snake"(id=0nsyEhm9INQy3se8y-fXlbMHVv4YsIXloUCLC2unDyo=)): nothing
13:09:39.720 [Chat - Global]("Lozergod"(id=f6o5reGZK1apFSzOwnbzYEHfAXAMOXbXZqu1fYDG5tE=)): no didn't hear anything
13:09:48.750 [VehicleEnter] Player "Suss-Bus" (id=_AiYSOqBTsXk7V79zSlYdl-x8y50J1nzzpoqKcKH0v8=) entered vehicle Ada 4x4 (id=272D6012424598C0B0BC72B557C9263C pos=<11107, 174.14, 11403.8>) as driver
13:09:52.546 [Chat - Global]("Snake"(id=0nsyEhm9INQy3se8y-fXlbMHVv4YsIXloUCLC2unDyo=)): oh dude
13:09:52.942 [VehicleEngine] Player "Suss-Bus" (id=_AiYSOqBTsXk7V79zSlYdl-x8y50J1nzzpoqKcKH0v8=) started vehicle Ada 4x4 (id=272D6012424598C0B0BC72B557C9263C pos=<11107, 174.14, 11403.8>)
13:09:55.897 [Chat - Global]("Snake"(id=0nsyEhm9INQy3se8y-fXlbMHVv4YsIXloUCLC2unDyo=)): its not sitnik
13:10:05.807 [Chat - Global]("Snake"(id=0nsyEhm9INQy3se8y-fXlbMHVv4YsIXloUCLC2unDyo=)): its polkabriec castle
13:10:11.720 [AI Patrol 00020] Despawning 3 East bots (spawn position <9412.760742, 241.289978, 10473.138672>, 0/3 deceased)
13:10:11.730 [AI Patrol 00020] Global patrol count: 2
13:10:11.740 [AI Patrol 00020] Patrol category patrol count: 0
13:10:34.086 [Chat - Global]("Lozergod"(id=f6o5reGZK1apFSzOwnbzYEHfAXAMOXbXZqu1fYDG5tE=)): ok
13:10:36.971 [Chat - Global]("Lozergod"(id=f6o5reGZK1apFSzOwnbzYEHfAXAMOXbXZqu1fYDG5tE=)): i see it
13:10:48.820 [Chat - Global]("Lozergod"(id=f6o5reGZK1apFSzOwnbzYEHfAXAMOXbXZqu1fYDG5tE=)): im by the industral by there
13:10:53.947 [Chat - Global]("Snake"(id=0nsyEhm9INQy3se8y-fXlbMHVv4YsIXloUCLC2unDyo=)): im scanning horizon
13:11:10.017 [Chat - Global]("Lozergod"(id=f6o5reGZK1apFSzOwnbzYEHfAXAMOXbXZqu1fYDG5tE=)): head to the industrial
13:11:14.403 [Chat - Global]("Lozergod"(id=f6o5reGZK1apFSzOwnbzYEHfAXAMOXbXZqu1fYDG5tE=)): by that castle
13:11:15.246 [Chat - Global]("Snake"(id=0nsyEhm9INQy3se8y-fXlbMHVv4YsIXloUCLC2unDyo=)): walking
13:11:33.162 [AI Patrol 00019] Spawning 2 East bots at <9232.650391, 200.446640, 10946.425781>
13:11:33.193 [AI Patrol 00019] Global patrol count: 3
13:11:33.203 [AI Patrol 00019] Patrol category patrol count: 1
13:12:18.333 [VehicleLeave] Player "Suss-Bus" (id=_AiYSOqBTsXk7V79zSlYdl-x8y50J1nzzpoqKcKH0v8=) left vehicle Ada 4x4 (id=272D6012424598C0B0BC72B557C9263C pos=<9467.84, 174.13, 11622.9>)
13:12:22.392 [Chat - Global]("Lozergod"(id=f6o5reGZK1apFSzOwnbzYEHfAXAMOXbXZqu1fYDG5tE=)): im at the industrial
13:12:26.497 [Chat - Global]("Lozergod"(id=f6o5reGZK1apFSzOwnbzYEHfAXAMOXbXZqu1fYDG5tE=)): at the entrance
13:12:27.980 [Chat - Global]("Snake"(id=0nsyEhm9INQy3se8y-fXlbMHVv4YsIXloUCLC2unDyo=)): im walking there
13:12:29.341 [Chat - Global]("Snake"(id=0nsyEhm9INQy3se8y-fXlbMHVv4YsIXloUCLC2unDyo=)): from south
13:12:38.163 [Chat - Global]("Lozergod"(id=f6o5reGZK1apFSzOwnbzYEHfAXAMOXbXZqu1fYDG5tE=)): from which direction?
13:12:38.913 [Chat - Global]("Snake"(id=0nsyEhm9INQy3se8y-fXlbMHVv4YsIXloUCLC2unDyo=)): do you see the lines
13:12:46.971 [Chat - Global]("Snake"(id=0nsyEhm9INQy3se8y-fXlbMHVv4YsIXloUCLC2unDyo=)): the big electric grid towers
13:12:49.362 [Chat - Global]("Lozergod"(id=f6o5reGZK1apFSzOwnbzYEHfAXAMOXbXZqu1fYDG5tE=)): yes
13:12:55.768 [Chat - Global]("Snake"(id=0nsyEhm9INQy3se8y-fXlbMHVv4YsIXloUCLC2unDyo=)): im following that, from the south
13:13:04.069 [Chat - Global]("Snake"(id=0nsyEhm9INQy3se8y-fXlbMHVv4YsIXloUCLC2unDyo=)): i see your car
13:13:05.652 [Chat - Global]("Snake"(id=0nsyEhm9INQy3se8y-fXlbMHVv4YsIXloUCLC2unDyo=)): far away
13:13:17.297 [Chat - Global]("Snake"(id=0nsyEhm9INQy3se8y-fXlbMHVv4YsIXloUCLC2unDyo=)): head down that road
13:13:20.082 [Chat - Global]("Lozergod"(id=f6o5reGZK1apFSzOwnbzYEHfAXAMOXbXZqu1fYDG5tE=)): im i going the right way?
13:13:22.301 [Chat - Global]("Snake"(id=0nsyEhm9INQy3se8y-fXlbMHVv4YsIXloUCLC2unDyo=)): yes
13:13:24.904 [Chat - Global]("Snake"(id=0nsyEhm9INQy3se8y-fXlbMHVv4YsIXloUCLC2unDyo=)): keep coming that way
13:13:37.626 [Chat - Global]("Snake"(id=0nsyEhm9INQy3se8y-fXlbMHVv4YsIXloUCLC2unDyo=)): YES
13:13:46.031 [Chat - Global]("Snake"(id=0nsyEhm9INQy3se8y-fXlbMHVv4YsIXloUCLC2unDyo=)): exactly this direction
13:13:49.631 [Chat - Global]("Snake"(id=0nsyEhm9INQy3se8y-fXlbMHVv4YsIXloUCLC2unDyo=)): straight line
13:14:10.272 [VehicleEnter] Player "Snake" (id=0nsyEhm9INQy3se8y-fXlbMHVv4YsIXloUCLC2unDyo=) entered vehicle Land Rover Defender (id=EDDCB1131A4294A2EEBBEBA565DE46CC pos=<10639.3, 243.95, 7368.37>) as passenger
13:14:19.958 [VehicleEnter] Player "Suss-Bus" (id=_AiYSOqBTsXk7V79zSlYdl-x8y50J1nzzpoqKcKH0v8=) entered vehicle Ada 4x4 (id=272D6012424598C0B0BC72B557C9263C pos=<9467.84, 174.13, 11622.9>) as driver
13:14:47.454 [AI Object Patrol 00122] Despawning 3 East bots (spawn position <12279.053711, 297.156830, 6525.760254>, 0/3 deceased)
13:14:47.465 [AI Object Patrol 00122] Global patrol count: 2
13:14:47.475 [AI Object Patrol 00122] HelicopterWreck category patrol count: 1
13:14:57.665 [VehicleLeave] Player "Snake" (id=0nsyEhm9INQy3se8y-fXlbMHVv4YsIXloUCLC2unDyo=) left vehicle Land Rover Defender (id=EDDCB1131A4294A2EEBBEBA565DE46CC pos=<10304.6, 293.08, 7571.61>)
13:15:18.108 [VehicleEngine] Player "NULL" (id=NULL) stopped vehicle Land Rover Defender (id=EDDCB1131A4294A2EEBBEBA565DE46CC pos=<10312.9, 288.91, 7622.98>)
13:15:18.153 [VehicleLeave] Player "Lozergod" (id=f6o5reGZK1apFSzOwnbzYEHfAXAMOXbXZqu1fYDG5tE=) left vehicle Land Rover Defender (id=EDDCB1131A4294A2EEBBEBA565DE46CC pos=<10312.9, 288.91, 7622.98>)
13:15:24.693 [VehicleLeave] Player "Suss-Bus" (id=_AiYSOqBTsXk7V79zSlYdl-x8y50J1nzzpoqKcKH0v8=) left vehicle Ada 4x4 (id=272D6012424598C0B0BC72B557C9263C pos=<8476.31, 174.44, 11795.5>)
13:17:04.158 [Chat - Global]("Lozergod"(id=f6o5reGZK1apFSzOwnbzYEHfAXAMOXbXZqu1fYDG5tE=)): anything?
13:17:08.265 [Chat - Global]("Snake"(id=0nsyEhm9INQy3se8y-fXlbMHVv4YsIXloUCLC2unDyo=)): NOT YET
13:17:17.417 [Chat - Global]("Snake"(id=0nsyEhm9INQy3se8y-fXlbMHVv4YsIXloUCLC2unDyo=)): ill do a shot when i find it
13:17:18.023 [VehicleEnter] Player "Lozergod" (id=f6o5reGZK1apFSzOwnbzYEHfAXAMOXbXZqu1fYDG5tE=) entered vehicle Land Rover Defender (id=EDDCB1131A4294A2EEBBEBA565DE46CC pos=<10312.9, 288.91, 7622.98>) as driver
13:17:23.502 [VehicleEngine] Player "Lozergod" (id=f6o5reGZK1apFSzOwnbzYEHfAXAMOXbXZqu1fYDG5tE=) started vehicle Land Rover Defender (id=EDDCB1131A4294A2EEBBEBA565DE46CC pos=<10312.9, 288.91, 7622.98>)
13:17:41.390 [VehicleEnter] Player "Suss-Bus" (id=_AiYSOqBTsXk7V79zSlYdl-x8y50J1nzzpoqKcKH0v8=) entered vehicle Ada 4x4 (id=272D6012424598C0B0BC72B557C9263C pos=<8476.31, 174.44, 11795.5>) as driver
13:17:56.076 [VehicleEngine] Player "Lozergod" (id=f6o5reGZK1apFSzOwnbzYEHfAXAMOXbXZqu1fYDG5tE=) stopped vehicle Land Rover Defender (id=EDDCB1131A4294A2EEBBEBA565DE46CC pos=<10342.6, 287.2, 7573.64>)
13:18:09.402 [VehicleLeave] Player "Lozergod" (id=f6o5reGZK1apFSzOwnbzYEHfAXAMOXbXZqu1fYDG5tE=) left vehicle Land Rover Defender (id=EDDCB1131A4294A2EEBBEBA565DE46CC pos=<10342.6, 287.2, 7573.64>)
13:18:15.462 [VehicleEnter] Player "Lozergod" (id=f6o5reGZK1apFSzOwnbzYEHfAXAMOXbXZqu1fYDG5tE=) entered vehicle Land Rover Defender (id=EDDCB1131A4294A2EEBBEBA565DE46CC pos=<10342.6, 287.2, 7573.64>) as passenger
13:18:20.833 [VehicleEnter] Player "Snake" (id=0nsyEhm9INQy3se8y-fXlbMHVv4YsIXloUCLC2unDyo=) entered vehicle Land Rover Defender (id=EDDCB1131A4294A2EEBBEBA565DE46CC pos=<10342.6, 287.2, 7573.64>) as driver
13:18:22.876 [VehicleEngine] Player "Snake" (id=0nsyEhm9INQy3se8y-fXlbMHVv4YsIXloUCLC2unDyo=) started vehicle Land Rover Defender (id=EDDCB1131A4294A2EEBBEBA565DE46CC pos=<10342.6, 287.2, 7573.64>)
13:19:25.965 [VehicleEngine] Player "NULL" (id=NULL) stopped vehicle Ada 4x4 (id=272D6012424598C0B0BC72B557C9263C pos=<8299.46, 205.58, 11210.8>)
13:19:26.104 [VehicleLeave] Player "Suss-Bus" (id=_AiYSOqBTsXk7V79zSlYdl-x8y50J1nzzpoqKcKH0v8=) left vehicle Ada 4x4 (id=272D6012424598C0B0BC72B557C9263C pos=<8299.46, 205.58, 11210.8>)
13:21:16.661 [VehicleLeave] Player "Lozergod" (id=f6o5reGZK1apFSzOwnbzYEHfAXAMOXbXZqu1fYDG5tE=) left vehicle Land Rover Defender (id=EDDCB1131A4294A2EEBBEBA565DE46CC pos=<10472.5, 270.37, 7539.12>)
13:21:19.703 [VehicleEngine] Player "NULL" (id=NULL) stopped vehicle Land Rover Defender (id=EDDCB1131A4294A2EEBBEBA565DE46CC pos=<10472.5, 270.37, 7539.12>)
13:21:19.779 [VehicleLeave] Player "Snake" (id=0nsyEhm9INQy3se8y-fXlbMHVv4YsIXloUCLC2unDyo=) left vehicle Land Rover Defender (id=EDDCB1131A4294A2EEBBEBA565DE46CC pos=<10472.5, 270.37, 7539.12>)
13:23:09.488 [Chat - Global]("Lozergod"(id=f6o5reGZK1apFSzOwnbzYEHfAXAMOXbXZqu1fYDG5tE=)): i don't see anything
13:23:24.071 [Chat - Global]("Snake"(id=0nsyEhm9INQy3se8y-fXlbMHVv4YsIXloUCLC2unDyo=)): lets try thge tree line back there and then if not fuck it lmao
13:23:33.669 [Chat - Global]("Lozergod"(id=f6o5reGZK1apFSzOwnbzYEHfAXAMOXbXZqu1fYDG5tE=)): ok
13:23:34.291 [Chat - Global]("Snake"(id=0nsyEhm9INQy3se8y-fXlbMHVv4YsIXloUCLC2unDyo=)): leave me some gas in ym canteen
13:23:39.019 [VehicleEnter] Player "Lozergod" (id=f6o5reGZK1apFSzOwnbzYEHfAXAMOXbXZqu1fYDG5tE=) entered vehicle Land Rover Defender (id=EDDCB1131A4294A2EEBBEBA565DE46CC pos=<10472.5, 270.37, 7539.12>) as driver
13:23:45.586 [Chat - Global]("Lozergod"(id=f6o5reGZK1apFSzOwnbzYEHfAXAMOXbXZqu1fYDG5tE=)): im gonna drive back a bit
13:23:48.090 [VehicleEngine] Player "Lozergod" (id=f6o5reGZK1apFSzOwnbzYEHfAXAMOXbXZqu1fYDG5tE=) started vehicle Land Rover Defender (id=EDDCB1131A4294A2EEBBEBA565DE46CC pos=<10472.5, 270.37, 7539.12>)
13:23:50.122 [Chat - Global]("Snake"(id=0nsyEhm9INQy3se8y-fXlbMHVv4YsIXloUCLC2unDyo=)): sg
13:23:56.427 [Chat - Global]("Snake"(id=0nsyEhm9INQy3se8y-fXlbMHVv4YsIXloUCLC2unDyo=)): all on the tree line, on a tiny slope
13:24:31.873 [AI Object Patrol 00131] Spawning 1 East bots at <9406.846680, 252.115082, 8117.254395>
13:24:31.902 [AI Object Patrol 00131] Global patrol count: 3
13:24:31.914 [AI Object Patrol 00131] HelicopterWreck category patrol count: 2
13:24:43.001 [Chat - Global]("Lozergod"(id=f6o5reGZK1apFSzOwnbzYEHfAXAMOXbXZqu1fYDG5tE=)): theres a fence back here
13:25:15.387 [Chat - Global]("Snake"(id=0nsyEhm9INQy3se8y-fXlbMHVv4YsIXloUCLC2unDyo=)): i hard shots
13:25:20.547 [Chat - Global]("Lozergod"(id=f6o5reGZK1apFSzOwnbzYEHfAXAMOXbXZqu1fYDG5tE=)): ai
13:26:52.926 [VehicleEnter] Player "Suss-Bus" (id=_AiYSOqBTsXk7V79zSlYdl-x8y50J1nzzpoqKcKH0v8=) entered vehicle Ada 4x4 (id=272D6012424598C0B0BC72B557C9263C pos=<8299.46, 205.58, 11210.8>) as driver
13:26:54.756 [Chat - Global]("Snake"(id=0nsyEhm9INQy3se8y-fXlbMHVv4YsIXloUCLC2unDyo=)): going back
13:26:56.664 [VehicleEngine] Player "Suss-Bus" (id=_AiYSOqBTsXk7V79zSlYdl-x8y50J1nzzpoqKcKH0v8=) started vehicle Ada 4x4 (id=272D6012424598C0B0BC72B557C9263C pos=<8299.46, 205.58, 11210.8>)
13:27:01.559 [Chat - Global]("Snake"(id=0nsyEhm9INQy3se8y-fXlbMHVv4YsIXloUCLC2unDyo=)): ill het some gas and ill keep lookign for it!
13:27:28.300 [Chat - Global]("Lozergod"(id=f6o5reGZK1apFSzOwnbzYEHfAXAMOXbXZqu1fYDG5tE=)): this weather don't help any
13:27:32.775 [Chat - Global]("Snake"(id=0nsyEhm9INQy3se8y-fXlbMHVv4YsIXloUCLC2unDyo=)): yeah lol,
13:27:46.104 [Chat - Global]("Lozergod"(id=f6o5reGZK1apFSzOwnbzYEHfAXAMOXbXZqu1fYDG5tE=)): let me go get my gyro and look from above
13:27:54.087 [Chat - Global]("Snake"(id=0nsyEhm9INQy3se8y-fXlbMHVv4YsIXloUCLC2unDyo=)): sg man thanks!
13:28:16.954 [Chat - Global]("Lozergod"(id=f6o5reGZK1apFSzOwnbzYEHfAXAMOXbXZqu1fYDG5tE=)): come get this gas in case you find it before i get back
13:28:22.134 [Chat - Global]("Snake"(id=0nsyEhm9INQy3se8y-fXlbMHVv4YsIXloUCLC2unDyo=)): going
13:28:50.830 [VehicleEngine] Player "NULL" (id=NULL) stopped vehicle Ada 4x4 (id=272D6012424598C0B0BC72B557C9263C pos=<9219.22, 198.29, 11003.1>)
13:28:50.966 [VehicleLeave] Player "Suss-Bus" (id=_AiYSOqBTsXk7V79zSlYdl-x8y50J1nzzpoqKcKH0v8=) left vehicle Ada 4x4 (id=272D6012424598C0B0BC72B557C9263C pos=<9219.22, 198.29, 11003.1>)
13:29:03.688 [Chat - Global]("Lozergod"(id=f6o5reGZK1apFSzOwnbzYEHfAXAMOXbXZqu1fYDG5tE=)): i heard your shot
13:29:13.399 [Chat - Global]("Snake"(id=0nsyEhm9INQy3se8y-fXlbMHVv4YsIXloUCLC2unDyo=)): i ehar it
13:29:15.102 [Chat - Global]("Snake"(id=0nsyEhm9INQy3se8y-fXlbMHVv4YsIXloUCLC2unDyo=)): again
13:29:24.291 [Chat - Global]("Snake"(id=0nsyEhm9INQy3se8y-fXlbMHVv4YsIXloUCLC2unDyo=)): closer
13:29:42.031 [VehicleEngine] Player "Lozergod" (id=f6o5reGZK1apFSzOwnbzYEHfAXAMOXbXZqu1fYDG5tE=) stopped vehicle Land Rover Defender (id=EDDCB1131A4294A2EEBBEBA565DE46CC pos=<10308.5, 289.43, 7623.98>)
13:30:32.288 [VehicleEngine] Player "Lozergod" (id=f6o5reGZK1apFSzOwnbzYEHfAXAMOXbXZqu1fYDG5tE=) started vehicle Land Rover Defender (id=EDDCB1131A4294A2EEBBEBA565DE46CC pos=<10308.5, 289.43, 7623.98>)
13:34:27.786 [AI Object Patrol 00135] Spawning 1 West bots at <9895.334961, 350.929993, 3900.349609>
13:34:27.819 [AI Object Patrol 00135] Global patrol count: 4
13:34:27.828 [AI Object Patrol 00135] ContaminatedArea category patrol count: 1
13:37:09.653 [VehicleEngine] Player "NULL" (id=NULL) stopped vehicle Land Rover Defender (id=EDDCB1131A4294A2EEBBEBA565DE46CC pos=<11640, 265.52, 1980.7>)
13:37:09.704 [VehicleLeave] Player "Lozergod" (id=f6o5reGZK1apFSzOwnbzYEHfAXAMOXbXZqu1fYDG5tE=) left vehicle Land Rover Defender (id=EDDCB1131A4294A2EEBBEBA565DE46CC pos=<11640, 265.52, 1980.7>)
13:37:19.100 [VehicleEnter] Player "Lozergod" (id=f6o5reGZK1apFSzOwnbzYEHfAXAMOXbXZqu1fYDG5tE=) entered vehicle Land Rover Defender (id=EDDCB1131A4294A2EEBBEBA565DE46CC pos=<11640, 265.52, 1980.7>) as driver
13:37:20.557 [VehicleEngine] Player "Lozergod" (id=f6o5reGZK1apFSzOwnbzYEHfAXAMOXbXZqu1fYDG5tE=) started vehicle Land Rover Defender (id=EDDCB1131A4294A2EEBBEBA565DE46CC pos=<11640, 265.52, 1980.7>)
13:37:28.529 [VehicleEngine] Player "NULL" (id=NULL) stopped vehicle Land Rover Defender (id=EDDCB1131A4294A2EEBBEBA565DE46CC pos=<11623, 265.48, 1970.86>)
13:37:28.564 [VehicleLeave] Player "Lozergod" (id=f6o5reGZK1apFSzOwnbzYEHfAXAMOXbXZqu1fYDG5tE=) left vehicle Land Rover Defender (id=EDDCB1131A4294A2EEBBEBA565DE46CC pos=<11623, 265.48, 1970.86>)
13:37:51.861 [AI Patrol 00019] East bots were wiped out (spawn position <9232.650391, 200.446640, 10946.425781>, 2/2 deceased)
13:37:51.870 [AI Patrol 00019] Global patrol count: 3
13:37:51.880 [AI Patrol 00019] Patrol category patrol count: 0
13:38:26.213 [VehicleEnter] Player "Lozergod" (id=f6o5reGZK1apFSzOwnbzYEHfAXAMOXbXZqu1fYDG5tE=) entered vehicle Gyrocopter (id=F62CBCDDE9419F75EE65C396752884D1 pos=<11616.7, 265.61, 1964.27>) as pilot
13:38:29.301 [VehicleEngine] Player "Lozergod" (id=f6o5reGZK1apFSzOwnbzYEHfAXAMOXbXZqu1fYDG5tE=) started vehicle Gyrocopter (id=F62CBCDDE9419F75EE65C396752884D1 pos=<11616.7, 265.61, 1964.27>)
13:38:54.812 [AI Object Patrol 00138] Spawning 1 East bots at <11563.493164, 336.941193, 3193.143066>
13:38:54.840 [AI Object Patrol 00138] Global patrol count: 4
13:38:54.851 [AI Object Patrol 00138] HelicopterWreck category patrol count: 3
13:40:37.846 [VehicleEnter] Player "Suss-Bus" (id=_AiYSOqBTsXk7V79zSlYdl-x8y50J1nzzpoqKcKH0v8=) entered vehicle Ada 4x4 (id=272D6012424598C0B0BC72B557C9263C pos=<9219.22, 198.29, 11003.1>) as driver
13:40:43.195 [VehicleLeave] Player "Suss-Bus" (id=_AiYSOqBTsXk7V79zSlYdl-x8y50J1nzzpoqKcKH0v8=) left vehicle Ada 4x4 (id=272D6012424598C0B0BC72B557C9263C pos=<9219.22, 198.29, 11003.1>)
13:41:19.580 [VehicleEnter] Player "Suss-Bus" (id=_AiYSOqBTsXk7V79zSlYdl-x8y50J1nzzpoqKcKH0v8=) entered vehicle Ada 4x4 (id=272D6012424598C0B0BC72B557C9263C pos=<9219.22, 198.29, 11003.1>) as driver
13:41:21.041 [VehicleLeave] Player "Suss-Bus" (id=_AiYSOqBTsXk7V79zSlYdl-x8y50J1nzzpoqKcKH0v8=) left vehicle Ada 4x4 (id=272D6012424598C0B0BC72B557C9263C pos=<9219.22, 198.29, 11003.1>)
13:41:26.730 [Chat - Global]("Snake"(id=0nsyEhm9INQy3se8y-fXlbMHVv4YsIXloUCLC2unDyo=)): omgg
13:41:29.696 [Chat - Global]("Snake"(id=0nsyEhm9INQy3se8y-fXlbMHVv4YsIXloUCLC2unDyo=)): i found
13:41:35.736 [Chat - Global]("Lozergod"(id=f6o5reGZK1apFSzOwnbzYEHfAXAMOXbXZqu1fYDG5tE=)): sweet
13:41:39.786 [Chat - Global]("Lozergod"(id=f6o5reGZK1apFSzOwnbzYEHfAXAMOXbXZqu1fYDG5tE=)): where is it?
13:41:46.437 [Chat - Global]("Snake"(id=0nsyEhm9INQy3se8y-fXlbMHVv4YsIXloUCLC2unDyo=)): treeline up ahead
13:42:27.938 [VehicleEngine] Player "NULL" (id=NULL) stopped vehicle Gyrocopter (id=F62CBCDDE9419F75EE65C396752884D1 pos=<10145.4, 305.48, 7607.54>)
13:42:27.971 [VehicleLeave] Player "Lozergod" (id=f6o5reGZK1apFSzOwnbzYEHfAXAMOXbXZqu1fYDG5tE=) left vehicle Gyrocopter (id=F62CBCDDE9419F75EE65C396752884D1 pos=<10145.4, 305.48, 7607.54>)
13:42:43.371 [VehicleEnter] Player "Suss-Bus" (id=_AiYSOqBTsXk7V79zSlYdl-x8y50J1nzzpoqKcKH0v8=) entered vehicle Ada 4x4 (id=272D6012424598C0B0BC72B557C9263C pos=<9219.22, 198.29, 11003.1>) as driver
13:42:48.238 [VehicleEngine] Player "Suss-Bus" (id=_AiYSOqBTsXk7V79zSlYdl-x8y50J1nzzpoqKcKH0v8=) started vehicle Ada 4x4 (id=272D6012424598C0B0BC72B557C9263C pos=<9219.22, 198.29, 11003.1>)
13:43:11.734 [VehicleEnter] Player "Snake" (id=0nsyEhm9INQy3se8y-fXlbMHVv4YsIXloUCLC2unDyo=) entered vehicle Gyrocopter (id=961DFC0DD54BCF458A74E6A5EF960114 pos=<10090.2, 296.08, 7636.89>) as pilot
13:43:15.068 [VehicleEngine] Player "Snake" (id=0nsyEhm9INQy3se8y-fXlbMHVv4YsIXloUCLC2unDyo=) started vehicle Gyrocopter (id=961DFC0DD54BCF458A74E6A5EF960114 pos=<10090.2, 296.08, 7636.89>)
13:43:17.555 [VehicleEngine] Player "NULL" (id=NULL) stopped vehicle Ada 4x4 (id=272D6012424598C0B0BC72B557C9263C pos=<9240.97, 192.49, 11080.8>)
13:43:17.702 [VehicleLeave] Player "Suss-Bus" (id=_AiYSOqBTsXk7V79zSlYdl-x8y50J1nzzpoqKcKH0v8=) left vehicle Ada 4x4 (id=272D6012424598C0B0BC72B557C9263C pos=<9240.97, 192.49, 11080.8>)
13:43:29.728 [VehicleEnter] Player "Lozergod" (id=f6o5reGZK1apFSzOwnbzYEHfAXAMOXbXZqu1fYDG5tE=) entered vehicle Gyrocopter (id=F62CBCDDE9419F75EE65C396752884D1 pos=<10145.4, 305.48, 7607.54>) as pilot
13:43:31.902 [VehicleEngine] Player "Lozergod" (id=f6o5reGZK1apFSzOwnbzYEHfAXAMOXbXZqu1fYDG5tE=) started vehicle Gyrocopter (id=F62CBCDDE9419F75EE65C396752884D1 pos=<10145.4, 305.48, 7607.54>)
13:44:13.655 [Chat - Global]("Snake"(id=0nsyEhm9INQy3se8y-fXlbMHVv4YsIXloUCLC2unDyo=)): THANKS AGAIN!
13:44:20.811 [Chat - Global]("Lozergod"(id=f6o5reGZK1apFSzOwnbzYEHfAXAMOXbXZqu1fYDG5tE=)): no worries!
13:44:39.421 [AI Object Patrol 00135] Despawning 1 West bots (spawn position <9895.334961, 350.929993, 3900.349609>, 0/1 deceased)
13:44:39.548 [AI Object Patrol 00135] Global patrol count: 3
13:44:39.665 [AI Object Patrol 00135] ContaminatedArea category patrol count: 0
13:45:04.509 [AI Object Patrol 00124] Despawning 3 East bots (spawn position <10066.845703, 299.379517, 7040.844727>, 0/3 deceased)
13:45:04.519 [AI Object Patrol 00124] Global patrol count: 2
13:45:04.528 [AI Object Patrol 00124] HelicopterWreck category patrol count: 2
13:45:05.184 [AI Object Patrol 00134] Spawning 3 East bots at <8936.631836, 319.354523, 5405.380859>
13:45:05.218 [AI Object Patrol 00134] Global patrol count: 3
13:45:05.228 [AI Object Patrol 00134] HelicopterWreck category patrol count: 3
13:46:25.987 [AI Object Patrol 00131] Despawning 1 East bots (spawn position <9406.846680, 252.115082, 8117.254395>, 0/1 deceased)
13:46:25.997 [AI Object Patrol 00131] Global patrol count: 2
13:46:26.007 [AI Object Patrol 00131] HelicopterWreck category patrol count: 2
13:47:38.654 [VehicleEngine] Player "NULL" (id=NULL) stopped vehicle Gyrocopter (id=F62CBCDDE9419F75EE65C396752884D1 pos=<11617.8, 265.63, 1963.41>)
13:47:38.694 [VehicleLeave] Player "Lozergod" (id=f6o5reGZK1apFSzOwnbzYEHfAXAMOXbXZqu1fYDG5tE=) left vehicle Gyrocopter (id=F62CBCDDE9419F75EE65C396752884D1 pos=<11617.8, 265.63, 1963.41>)
13:49:52.558 [VehicleEngine] Player "NULL" (id=NULL) stopped vehicle Gyrocopter (id=961DFC0DD54BCF458A74E6A5EF960114 pos=<8342.3, 334.75, 1639.24>)
13:49:52.593 [VehicleLeave] Player "Snake" (id=0nsyEhm9INQy3se8y-fXlbMHVv4YsIXloUCLC2unDyo=) left vehicle Gyrocopter (id=961DFC0DD54BCF458A74E6A5EF960114 pos=<8342.3, 334.75, 1639.24>)
13:50:05.344 [VehicleEnter] Player "Snake" (id=0nsyEhm9INQy3se8y-fXlbMHVv4YsIXloUCLC2unDyo=) entered vehicle Gyrocopter (id=961DFC0DD54BCF458A74E6A5EF960114 pos=<8342.27, 334.75, 1639.38>) as pilot
13:50:09.622 [VehicleLeave] Player "Snake" (id=0nsyEhm9INQy3se8y-fXlbMHVv4YsIXloUCLC2unDyo=) left vehicle Gyrocopter (id=961DFC0DD54BCF458A74E6A5EF960114 pos=<8342.27, 334.75, 1639.4>)
13:50:33.647 [VehicleEnter] Player "Suss-Bus" (id=_AiYSOqBTsXk7V79zSlYdl-x8y50J1nzzpoqKcKH0v8=) entered vehicle Ada 4x4 (id=272D6012424598C0B0BC72B557C9263C pos=<9240.97, 192.49, 11080.8>) as driver
13:50:35.388 [VehicleEngine] Player "Suss-Bus" (id=_AiYSOqBTsXk7V79zSlYdl-x8y50J1nzzpoqKcKH0v8=) started vehicle Ada 4x4 (id=272D6012424598C0B0BC72B557C9263C pos=<9240.97, 192.48, 11080.8>)
13:51:05.269 [AI Object Patrol 00138] Despawning 1 East bots (spawn position <11563.493164, 336.941193, 3193.143066>, 0/1 deceased)
13:51:05.279 [AI Object Patrol 00138] Global patrol count: 1
13:51:05.302 [AI Object Patrol 00138] HelicopterWreck category patrol count: 1
13:52:11.185 [VehicleEngine] Player "NULL" (id=NULL) stopped vehicle Ada 4x4 (id=272D6012424598C0B0BC72B557C9263C pos=<8469.15, 174.43, 11798>)
13:52:11.317 [VehicleLeave] Player "Suss-Bus" (id=_AiYSOqBTsXk7V79zSlYdl-x8y50J1nzzpoqKcKH0v8=) left vehicle Ada 4x4 (id=272D6012424598C0B0BC72B557C9263C pos=<8469.15, 174.43, 11798>)
13:53:21.688 [VehicleEnter] Player "Suss-Bus" (id=_AiYSOqBTsXk7V79zSlYdl-x8y50J1nzzpoqKcKH0v8=) entered vehicle Ada 4x4 (id=272D6012424598C0B0BC72B557C9263C pos=<8469.15, 174.43, 11798>) as driver
13:53:23.314 [VehicleEngine] Player "Suss-Bus" (id=_AiYSOqBTsXk7V79zSlYdl-x8y50J1nzzpoqKcKH0v8=) started vehicle Ada 4x4 (id=272D6012424598C0B0BC72B557C9263C pos=<8469.15, 174.43, 11798>)
13:55:54.555 [VehicleEngine] Player "NULL" (id=NULL) stopped vehicle Ada 4x4 (id=272D6012424598C0B0BC72B557C9263C pos=<10782.4, 177.93, 11027.2>)
13:55:54.702 [VehicleLeave] Player "Suss-Bus" (id=_AiYSOqBTsXk7V79zSlYdl-x8y50J1nzzpoqKcKH0v8=) left vehicle Ada 4x4 (id=272D6012424598C0B0BC72B557C9263C pos=<10782.4, 177.93, 11027.2>)
13:55:56.424 [AI Object Patrol 00134] Despawning 3 East bots (spawn position <8936.631836, 319.354523, 5405.380859>, 0/3 deceased)
13:55:56.439 [AI Object Patrol 00134] Global patrol count: 0
13:55:56.450 [AI Object Patrol 00134] HelicopterWreck category patrol count: 0
14:09:02.022 [BaseBuildingRaiding] ------------------------- Expansion Base Raiding Damage Report -------------------------
14:09:02.032 [BaseBuildingRaiding] Player "Suss-Bus" (id=_AiYSOqBTsXk7V79zSlYdl-x8y50J1nzzpoqKcKH0v8= pos=<10784.4, 197.45, 10988.1>) damaged ExpansionFloor6x6 at <10783.9, 197.2, 10988.6>
14:09:02.041 [BaseBuildingRaiding] They dealt 70 * 1 = 70 damage with Bullet_556x45 from SNAFU_M4556_Modular14_GUN
14:09:02.051 [BaseBuildingRaiding] GlobalHealth hitpoints decreased from 30000 to 29930
14:09:02.060 [BaseBuildingRaiding] ----------------------------------------------------------------------------------------
14:09:02.750 [BaseBuildingRaiding] ------------------------- Expansion Base Raiding Damage Report -------------------------
14:09:02.760 [BaseBuildingRaiding] Player "Suss-Bus" (id=_AiYSOqBTsXk7V79zSlYdl-x8y50J1nzzpoqKcKH0v8= pos=<10784.4, 197.45, 10988.1>) damaged ExpansionFloor6x6 at <10783.9, 197.2, 10988.6>
14:09:02.770 [BaseBuildingRaiding] They dealt 70 * 1 = 70 damage with Bullet_556x45 from SNAFU_M4556_Modular14_GUN
14:09:02.779 [BaseBuildingRaiding] GlobalHealth hitpoints decreased from 29930 to 29860
14:09:02.789 [BaseBuildingRaiding] ----------------------------------------------------------------------------------------
14:15:24.698 [Chat - Global]("Suss-Bus"(id=_AiYSOqBTsXk7V79zSlYdl-x8y50J1nzzpoqKcKH0v8=)): is it the same to get lumber as planks?
14:22:02.404 [SpawnSelection] Player "Shojx" (id=7pKQ78uEepBQg_qX46bM6JDrDFzv9P5qHmuISQDhQHQ=) spawned at <8590.466797, 172.585556, 11946.450195>
14:24:50.922 [Chat - Global]("Snake"(id=0nsyEhm9INQy3se8y-fXlbMHVv4YsIXloUCLC2unDyo=)): nope theyre diff!
14:46:49.792 [Chat - Global]("Suss-Bus"(id=_AiYSOqBTsXk7V79zSlYdl-x8y50J1nzzpoqKcKH0v8=)): someone in grabin?
14:48:43.412 [VehicleEnter] Player "Suss-Bus" (id=_AiYSOqBTsXk7V79zSlYdl-x8y50J1nzzpoqKcKH0v8=) entered vehicle Ada 4x4 (id=272D6012424598C0B0BC72B557C9263C pos=<10782.4, 177.93, 11027.2>) as driver
14:48:45.996 [VehicleEngine] Player "Suss-Bus" (id=_AiYSOqBTsXk7V79zSlYdl-x8y50J1nzzpoqKcKH0v8=) started vehicle Ada 4x4 (id=272D6012424598C0B0BC72B557C9263C pos=<10782.4, 177.93, 11027.2>)
14:48:53.084 [VehicleEngine] Player "NULL" (id=NULL) stopped vehicle Ada 4x4 (id=272D6012424598C0B0BC72B557C9263C pos=<10789.8, 177.93, 11019.2>)
14:48:53.220 [VehicleLeave] Player "Suss-Bus" (id=_AiYSOqBTsXk7V79zSlYdl-x8y50J1nzzpoqKcKH0v8=) left vehicle Ada 4x4 (id=272D6012424598C0B0BC72B557C9263C pos=<10789.9, 177.93, 11019.2>)
14:49:22.484 [VehicleEnter] Player "Suss-Bus" (id=_AiYSOqBTsXk7V79zSlYdl-x8y50J1nzzpoqKcKH0v8=) entered vehicle Ada 4x4 (id=272D6012424598C0B0BC72B557C9263C pos=<10789.8, 177.93, 11019.2>) as driver
14:49:24.253 [VehicleEngine] Player "Suss-Bus" (id=_AiYSOqBTsXk7V79zSlYdl-x8y50J1nzzpoqKcKH0v8=) started vehicle Ada 4x4 (id=272D6012424598C0B0BC72B557C9263C pos=<10789.8, 177.93, 11019.2>)
14:52:56.571 [AI Object Patrol 00156] Spawning 2 West bots at <7862.601074, 318.526337, 10197.948242>
14:52:56.598 [AI Object Patrol 00156] Global patrol count: 1
14:52:56.608 [AI Object Patrol 00156] ContaminatedArea category patrol count: 1
14:55:19.260 [VehicleEngine] Player "Suss-Bus" (id=_AiYSOqBTsXk7V79zSlYdl-x8y50J1nzzpoqKcKH0v8=) stopped vehicle Ada 4x4 (id=272D6012424598C0B0BC72B557C9263C pos=<8092.35, 305.66, 9726.87>)
14:55:22.975 [VehicleLeave] Player "Suss-Bus" (id=_AiYSOqBTsXk7V79zSlYdl-x8y50J1nzzpoqKcKH0v8=) left vehicle Ada 4x4 (id=272D6012424598C0B0BC72B557C9263C pos=<8092.35, 305.66, 9726.87>)
14:59:23.729 [VehicleEnter] Player "Snake" (id=0nsyEhm9INQy3se8y-fXlbMHVv4YsIXloUCLC2unDyo=) entered vehicle Gyrocopter (id=961DFC0DD54BCF458A74E6A5EF960114 pos=<8342.26, 334.75, 1639.53>) as pilot
14:59:25.718 [VehicleEngine] Player "Snake" (id=0nsyEhm9INQy3se8y-fXlbMHVv4YsIXloUCLC2unDyo=) started vehicle Gyrocopter (id=961DFC0DD54BCF458A74E6A5EF960114 pos=<8342.26, 334.75, 1639.54>)
15:06:32.168 [VehicleEngine] Player "Snake" (id=0nsyEhm9INQy3se8y-fXlbMHVv4YsIXloUCLC2unDyo=) stopped vehicle Gyrocopter (id=961DFC0DD54BCF458A74E6A5EF960114 pos=<8895.46, 516.92, 2047.69>)
15:16:00.962 [VehicleEnter] Player "Snake" (id=0nsyEhm9INQy3se8y-fXlbMHVv4YsIXloUCLC2unDyo=) entered vehicle Gyrocopter (id=961DFC0DD54BCF458A74E6A5EF960114 pos=<8895.46, 516.92, 2047.68>) as pilot
15:22:27.294 [VehicleEngine] Player "Snake" (id=0nsyEhm9INQy3se8y-fXlbMHVv4YsIXloUCLC2unDyo=) started vehicle Gyrocopter (id=961DFC0DD54BCF458A74E6A5EF960114 pos=<8329.21, 318.49, 1618.38>)
15:23:24.546 [VehicleEngine] Player "NULL" (id=NULL) stopped vehicle Gyrocopter (id=961DFC0DD54BCF458A74E6A5EF960114 pos=<8343.06, 334.75, 1638.36>)
15:23:24.565 [VehicleLeave] Player "Snake" (id=0nsyEhm9INQy3se8y-fXlbMHVv4YsIXloUCLC2unDyo=) left vehicle Gyrocopter (id=961DFC0DD54BCF458A74E6A5EF960114 pos=<8343.06, 334.75, 1638.36>)
15:27:00.015 [AI Object Patrol 00156] Despawning 2 West bots (spawn position <7862.601074, 318.526337, 10197.948242>, 0/2 deceased)
15:27:00.026 [AI Object Patrol 00156] Global patrol count: 0
15:27:00.035 [AI Object Patrol 00156] ContaminatedArea category patrol count: 0
15:28:24.130 [VehicleEnter] Player "Suss-Bus" (id=_AiYSOqBTsXk7V79zSlYdl-x8y50J1nzzpoqKcKH0v8=) entered vehicle Ada 4x4 (id=272D6012424598C0B0BC72B557C9263C pos=<8092.35, 305.66, 9726.87>) as driver
15:28:27.884 [VehicleEngine] Player "Suss-Bus" (id=_AiYSOqBTsXk7V79zSlYdl-x8y50J1nzzpoqKcKH0v8=) started vehicle Ada 4x4 (id=272D6012424598C0B0BC72B557C9263C pos=<8092.35, 305.66, 9726.87>)
15:31:42.153 [VehicleEngine] Player "NULL" (id=NULL) stopped vehicle Ada 4x4 (id=272D6012424598C0B0BC72B557C9263C pos=<9546.15, 245.16, 10289.6>)
15:31:42.315 [VehicleLeave] Player "Suss-Bus" (id=_AiYSOqBTsXk7V79zSlYdl-x8y50J1nzzpoqKcKH0v8=) left vehicle Ada 4x4 (id=272D6012424598C0B0BC72B557C9263C pos=<9546.15, 245.16, 10289.6>)
15:32:39.217 [VehicleEnter] Player "Suss-Bus" (id=_AiYSOqBTsXk7V79zSlYdl-x8y50J1nzzpoqKcKH0v8=) entered vehicle Ada 4x4 (id=272D6012424598C0B0BC72B557C9263C pos=<9546.15, 245.16, 10289.6>) as driver
15:32:40.887 [VehicleEngine] Player "Suss-Bus" (id=_AiYSOqBTsXk7V79zSlYdl-x8y50J1nzzpoqKcKH0v8=) started vehicle Ada 4x4 (id=272D6012424598C0B0BC72B557C9263C pos=<9546.15, 245.16, 10289.6>)
15:34:33.491 [VehicleEngine] Player "NULL" (id=NULL) stopped vehicle Ada 4x4 (id=272D6012424598C0B0BC72B557C9263C pos=<10711.9, 179.33, 11013.9>)
15:34:33.660 [VehicleLeave] Player "Suss-Bus" (id=_AiYSOqBTsXk7V79zSlYdl-x8y50J1nzzpoqKcKH0v8=) left vehicle Ada 4x4 (id=272D6012424598C0B0BC72B557C9263C pos=<10711.9, 179.33, 11013.9>)
15:39:13.793 [VehicleEnter] Player "Suss-Bus" (id=_AiYSOqBTsXk7V79zSlYdl-x8y50J1nzzpoqKcKH0v8=) entered vehicle Ada 4x4 (id=272D6012424598C0B0BC72B557C9263C pos=<10711.9, 179.33, 11013.9>) as driver
15:39:17.827 [VehicleEngine] Player "Suss-Bus" (id=_AiYSOqBTsXk7V79zSlYdl-x8y50J1nzzpoqKcKH0v8=) started vehicle Ada 4x4 (id=272D6012424598C0B0BC72B557C9263C pos=<10711.9, 179.33, 11013.9>)
15:40:07.310 [VehicleEngine] Player "Suss-Bus" (id=_AiYSOqBTsXk7V79zSlYdl-x8y50J1nzzpoqKcKH0v8=) stopped vehicle Ada 4x4 (id=272D6012424598C0B0BC72B557C9263C pos=<10770.8, 177.81, 11023.4>)
15:40:10.425 [VehicleLeave] Player "Suss-Bus" (id=_AiYSOqBTsXk7V79zSlYdl-x8y50J1nzzpoqKcKH0v8=) left vehicle Ada 4x4 (id=272D6012424598C0B0BC72B557C9263C pos=<10770.8, 177.81, 11023.4>)
15:47:06.487 [Chat - Global]("Snake"(id=0nsyEhm9INQy3se8y-fXlbMHVv4YsIXloUCLC2unDyo=)): hey buddy online, are you okay with a quick server restart?
15:49:31.021 [Chat - Global]("Snake"(id=0nsyEhm9INQy3se8y-fXlbMHVv4YsIXloUCLC2unDyo=)): yo blue, adding maps to game. gonna do a server restart in like 5-10 mins
15:49:45.769 [Chat - Global]("Mr. Blue"(id=Lw52hZyZO7pZP21eLhjYCVUz5rrRVAodhUgchUxGS8A=)): Roger that!
