18:03:40.258 [AI Patrol 00015] Spawning 3 East bots at <7393.455566, 287.154602, 2585.489990>
18:03:48.328 [AI Patrol 00015] Global patrol count: 1
18:03:48.342 [AI Patrol 00015] Patrol category patrol count: 1
18:03:48.353 [AI Patrol 00016] Spawning 1 West bots at <7472.584473, 321.184784, 2681.070801>
18:03:48.384 [AI Patrol 00016] Global patrol count: 2
18:03:48.394 [AI Patrol 00016] Patrol category patrol count: 2
18:06:48.802 [AI Patrol 00016] West bots were wiped out (spawn position <7472.584473, 321.184784, 2681.070801>, 1/1 deceased)
18:06:48.814 [AI Patrol 00016] Global patrol count: 1
18:06:48.824 [AI Patrol 00016] Patrol category patrol count: 1
18:07:48.147 [VehicleEnter] Player "snake" (id=0nsyEhm9INQy3se8y-fXlbMHVv4YsIXloUCLC2unDyo=) entered vehicle Gyrocopter (id=961DFC0DD54BCF458A74E6A5EF960114 pos=<8341.7, 334.75, 1641.65>) as pilot
18:07:49.477 [VehicleEngine] Player "snake" (id=0nsyEhm9INQy3se8y-fXlbMHVv4YsIXloUCLC2unDyo=) started vehicle Gyrocopter (id=961DFC0DD54BCF458A74E6A5EF960114 pos=<8341.7, 334.75, 1641.66>)
18:12:24.360 [VehicleEngine] Player "NULL" (id=NULL) stopped vehicle Gyrocopter (id=961DFC0DD54BCF458A74E6A5EF960114 pos=<5091.05, 510.39, 2099.02>)
18:12:24.393 [VehicleLeave] Player "snake" (id=0nsyEhm9INQy3se8y-fXlbMHVv4YsIXloUCLC2unDyo=) left vehicle Gyrocopter (id=961DFC0DD54BCF458A74E6A5EF960114 pos=<5091.05, 510.39, 2099.02>)
18:14:57.182 [VehicleEnter] Player "snake" (id=0nsyEhm9INQy3se8y-fXlbMHVv4YsIXloUCLC2unDyo=) entered vehicle Gyrocopter (id=961DFC0DD54BCF458A74E6A5EF960114 pos=<5091.47, 510.4, 2098.57>) as pilot
18:14:58.708 [VehicleEngine] Player "snake" (id=0nsyEhm9INQy3se8y-fXlbMHVv4YsIXloUCLC2unDyo=) started vehicle Gyrocopter (id=961DFC0DD54BCF458A74E6A5EF960114 pos=<5091.48, 510.4, 2098.56>)
18:16:17.309 [VehicleEngine] Player "NULL" (id=NULL) stopped vehicle Gyrocopter (id=961DFC0DD54BCF458A74E6A5EF960114 pos=<5028.3, 518.05, 2115.17>)
18:16:17.321 [VehicleLeave] Player "snake" (id=0nsyEhm9INQy3se8y-fXlbMHVv4YsIXloUCLC2unDyo=) left vehicle Gyrocopter (id=961DFC0DD54BCF458A74E6A5EF960114 pos=<5028.3, 518.05, 2115.17>)
18:22:19.090 [AI Patrol 00015] Despawning 2 East bots (spawn position <7393.455566, 287.154602, 2585.489990>, 1/3 deceased)
18:22:19.102 [AI Patrol 00015] Global patrol count: 0
18:22:19.113 [AI Patrol 00015] Patrol category patrol count: 0
18:23:06.612 [VehicleEnter] Player "snake" (id=0nsyEhm9INQy3se8y-fXlbMHVv4YsIXloUCLC2unDyo=) entered vehicle Gyrocopter (id=961DFC0DD54BCF458A74E6A5EF960114 pos=<5028.3, 518.05, 2115.17>) as pilot
18:23:07.969 [VehicleEngine] Player "snake" (id=0nsyEhm9INQy3se8y-fXlbMHVv4YsIXloUCLC2unDyo=) started vehicle Gyrocopter (id=961DFC0DD54BCF458A74E6A5EF960114 pos=<5028.3, 518.05, 2115.17>)
18:24:28.941 [AI Object Patrol 00023] Spawning 2 West bots at <7264.365723, 300.062317, 2701.854004>
18:24:28.980 [AI Object Patrol 00023] Global patrol count: 1
18:24:28.990 [AI Object Patrol 00023] ContaminatedArea category patrol count: 1
18:27:24.614 [VehicleEngine] Player "snake" (id=0nsyEhm9INQy3se8y-fXlbMHVv4YsIXloUCLC2unDyo=) stopped vehicle Gyrocopter (id=961DFC0DD54BCF458A74E6A5EF960114 pos=<8337.8, 334.75, 1642.7>)
18:27:27.603 [VehicleLeave] Player "snake" (id=0nsyEhm9INQy3se8y-fXlbMHVv4YsIXloUCLC2unDyo=) left vehicle Gyrocopter (id=961DFC0DD54BCF458A74E6A5EF960114 pos=<8337.8, 334.75, 1642.72>)
18:34:45.691 [AI Object Patrol 00023] Despawning 2 West bots (spawn position <7264.365723, 300.062317, 2701.854004>, 0/2 deceased)
18:34:45.701 [AI Object Patrol 00023] Global patrol count: 0
18:34:45.711 [AI Object Patrol 00023] ContaminatedArea category patrol count: 0
18:55:49.911 [VehicleEnter] Player "snake" (id=0nsyEhm9INQy3se8y-fXlbMHVv4YsIXloUCLC2unDyo=) entered vehicle Gyrocopter (id=961DFC0DD54BCF458A74E6A5EF960114 pos=<8337.79, 334.75, 1643>) as pilot
18:55:52.327 [VehicleEngine] Player "snake" (id=0nsyEhm9INQy3se8y-fXlbMHVv4YsIXloUCLC2unDyo=) started vehicle Gyrocopter (id=961DFC0DD54BCF458A74E6A5EF960114 pos=<8337.79, 334.75, 1643.03>)
18:57:22.171 [VehicleEngine] Player "NULL" (id=NULL) stopped vehicle Gyrocopter (id=961DFC0DD54BCF458A74E6A5EF960114 pos=<8343.12, 335.42, 1642.01>)
18:57:22.203 [VehicleLeave] Player "snake" (id=0nsyEhm9INQy3se8y-fXlbMHVv4YsIXloUCLC2unDyo=) left vehicle Gyrocopter (id=961DFC0DD54BCF458A74E6A5EF960114 pos=<8343.12, 335.42, 1642.01>)
18:57:27.731 [VehicleEnter] Player "snake" (id=0nsyEhm9INQy3se8y-fXlbMHVv4YsIXloUCLC2unDyo=) entered vehicle Gyrocopter (id=961DFC0DD54BCF458A74E6A5EF960114 pos=<8343.12, 335.42, 1642>) as pilot
18:57:47.644 [VehicleLeave] Player "snake" (id=0nsyEhm9INQy3se8y-fXlbMHVv4YsIXloUCLC2unDyo=) left vehicle Gyrocopter (id=961DFC0DD54BCF458A74E6A5EF960114 pos=<8343.48, 334.76, 1641.97>)
19:32:18.897 [AI Object Patrol 00045] Spawning 2 West bots at <11098.811523, 346.209991, 4258.560059>
19:32:18.935 [AI Object Patrol 00045] Global patrol count: 1
19:32:18.945 [AI Object Patrol 00045] ContaminatedArea category patrol count: 1
19:38:55.028 [AI Object Patrol 00042] Spawning 2 East bots at <8502.552734, 386.632050, 2829.886230>
19:38:55.186 [AI Object Patrol 00042] Global patrol count: 2
19:38:55.254 [AI Object Patrol 00042] HelicopterWreck category patrol count: 1
19:44:09.362 [AI Object Patrol 00045] Despawning 2 West bots (spawn position <11098.811523, 346.209991, 4258.560059>, 0/2 deceased)
19:44:09.374 [AI Object Patrol 00045] Global patrol count: 1
19:44:09.385 [AI Object Patrol 00045] ContaminatedArea category patrol count: 0
