06:07:30.919 [VehicleDestroyed] ExpansionUh1h_Resistance (id=E4D949889544F44EA9964BA68F1DE06B pos=<1235.16, 168.51, 7566.8>)
06:07:30.943 [VehicleDestroyed] ExpansionUh1h (id=8EE49DC4C742B68923E8B2B2D27291F5 pos=<7924.73, 169.4, 11833.6>)
06:07:35.054 [VehicleDeleted] ExpansionUh1h_Resistance (id=32E7CEB1664D4F249C563D932E24C591 pos=<1235.16, 168.51, 7566.8>)
06:07:35.064 [VehicleDeleted] ExpansionUh1h (id=05F1156423425C24067D1D9CEA291F21 pos=<7924.73, 169.4, 11833.6>)
06:10:05.499 [Party] Player "bundundan" (id=J3DN6WXzRjVAt4j_gUAEgL4v34hqtXpOtTWQ5nCMCS0=) joined the party "Dragon Unyielding" (id=7 ownerUID=J3DN6WXzRjVAt4j_gUAEgL4v34hqtXpOtTWQ5nCMCS0= ownerName=Dan)
06:11:37.150 [VehicleDestroyed] ExpansionUh1h (id=19286EDF144722C054F41EB830B03087 pos=<1228.18, 169.13, 7566.18>)
06:11:51.328 [VehicleDestroyed] ExpansionUh1h_Medical (id=FA4EE1BB684D690570024480F4D0104C pos=<7925.21, 169.43, 11833.7>)
06:13:01.919 [MissionAirdrop] An airdrop is heading towards "Radunin" (pos=<7209.000000, 0.000000, 6073.000000> type=Random_Radunin) with a ExpansionAirdropContainer_Basebuilding
06:17:48.788 [VehicleDeleted] ExpansionUh1h (id=19286EDF144722C054F41EB830B03087 pos=<1230.53, 168.74, 7567.06>)
06:18:16.560 [VehicleDeleted] ExpansionUh1h_Medical (id=FA4EE1BB684D690570024480F4D0104C pos=<7924.77, 169.09, 11835>)
06:20:31.097 [VehicleDestroyed] ExpansionUh1h_Uber (id=A057D6FA344B854187F1228A1AF24FA8 pos=<1228.12, 169.13, 7566.23>)
06:20:46.761 [Party] Player "bundundan" (id=J3DN6WXzRjVAt4j_gUAEgL4v34hqtXpOtTWQ5nCMCS0=) left the party "Dragon Unyielding" (id=7 ownerUID=J3DN6WXzRjVAt4j_gUAEgL4v34hqtXpOtTWQ5nCMCS0= ownerName=Dan)
06:20:53.325 [VehicleDestroyed] ExpansionUh1h (id=2A08443AB74B77A6114DEFA1845CFAA2 pos=<7925.48, 169.55, 11833.4>)
06:26:46.003 [VehicleDeleted] ExpansionUh1h_Uber (id=A057D6FA344B854187F1228A1AF24FA8 pos=<1230.45, 168.72, 7567.2>)
06:27:14.056 [VehicleDeleted] ExpansionUh1h (id=2A08443AB74B77A6114DEFA1845CFAA2 pos=<7925.3, 169.03, 11835.7>)
06:29:30.933 [VehicleDestroyed] ExpansionUh1h_Resistance (id=6AE3FE430B492C4BC91340B2757F239B pos=<1228.18, 169.14, 7566.17>)
06:29:40.856 [VehicleDestroyed] ExpansionUh1h (id=755C4664EF4D31DE25941381AA9A331F pos=<7924.99, 169.34, 11834>)
07:39:30.082 [MissionAirdrop] An airdrop is heading towards "Siła Factory" (pos=<7345.830078, 0.000000, 2692.620117> type=Random_Sila) with a ExpansionAirdropContainer_Basebuilding
09:47:18.264 [MissionAirdrop] An airdrop is heading towards "Muratyn" (pos=<4559.000000, 0.000000, 6852.000000> type=Random_Muratyn) with a ExpansionAirdropContainer_Medical
11:14:09.851 [MissionAirdrop] An airdrop is heading towards "Nadbor" (pos=<5996.000000, 0.000000, 4513.000000> type=Random_Nadbor) with a ExpansionAirdropContainer_Military
12:41:05.309 [MissionAirdrop] An airdrop is heading towards "Kolembrody" (pos=<8676.000000, 0.000000, 12114.000000> type=Random_Kolembrody) with a ExpansionAirdropContainer_Basebuilding
14:08:00.858 [MissionAirdrop] An airdrop is heading towards "Siła Factory" (pos=<7345.830078, 0.000000, 2692.620117> type=Random_Sila) with a ExpansionAirdropContainer_Basebuilding
14:25:51.162 [AI Patrol 00016] Spawning 2 East bots at <7708.068848, 296.707458, 2749.191162>
14:25:51.199 [AI Patrol 00016] Global patrol count: 1
14:25:51.208 [AI Patrol 00016] Patrol category patrol count: 1
14:25:51.218 [AI Patrol 00017] Spawning 3 West bots at <7312.775391, 287.316315, 2670.907227>
14:25:51.256 [AI Patrol 00017] Global patrol count: 2
14:25:51.266 [AI Patrol 00017] Patrol category patrol count: 2
14:25:51.276 [AI Patrol 00018] Spawning 2 Civilian bots at <6495.260742, 385.069885, 3694.765381>
14:25:51.307 [AI Patrol 00018] Global patrol count: 3
14:25:51.322 [AI Patrol 00018] Patrol category patrol count: 3
14:29:47.108 [VehicleDeleted] ExpansionUh1h_Resistance (id=6AE3FE430B492C4BC91340B2757F239B pos=<1238.22, 168.48, 7566.28>)
14:30:15.182 [VehicleDeleted] ExpansionUh1h (id=755C4664EF4D31DE25941381AA9A331F pos=<7924.96, 168.6, 11837.5>)
14:32:30.969 [VehicleDestroyed] ExpansionUh1h_Resistance (id=2F9BEB5B0749CFAB7E7F7DBBDA73955C pos=<1228.15, 169.12, 7566.26>)
14:32:46.619 [VehicleDestroyed] ExpansionUh1h (id=E0C3FFE7A840DF78A19AA680D0AD6158 pos=<7924.51, 169.36, 11833.5>)
14:38:43.295 [VehicleDeleted] ExpansionUh1h_Resistance (id=2F9BEB5B0749CFAB7E7F7DBBDA73955C pos=<1230.45, 168.75, 7567.08>)
14:39:11.766 [VehicleDeleted] ExpansionUh1h (id=E0C3FFE7A840DF78A19AA680D0AD6158 pos=<7924.19, 169.31, 11833.4>)
14:41:27.105 [VehicleDestroyed] ExpansionUh1h_Medical (id=EB8517600C4FC8E0FC03F3B969F231F2 pos=<1228.12, 169.13, 7566.23>)
14:41:34.931 [VehicleDestroyed] ExpansionUh1h_Medical (id=F2C9BD41E54212E3EC21889AA2AA2B47 pos=<7924.76, 169.31, 11834>)
14:45:02.611 [AI Patrol 00016] East bots were wiped out (spawn position <7708.068848, 296.707458, 2749.191162>, 2/2 deceased)
14:45:02.621 [AI Patrol 00016] Global patrol count: 2
14:45:02.631 [AI Patrol 00016] Patrol category patrol count: 2
14:47:36.118 [VehicleDeleted] ExpansionUh1h_Medical (id=EB8517600C4FC8E0FC03F3B969F231F2 pos=<1230.29, 168.74, 7567.15>)
14:48:04.022 [VehicleDeleted] ExpansionUh1h_Medical (id=F2C9BD41E54212E3EC21889AA2AA2B47 pos=<7925.39, 169.38, 11834.2>)
14:50:19.236 [VehicleDestroyed] ExpansionUh1h (id=011EE705AE4A6D09735855AC42866FAF pos=<1228.15, 169.12, 7566.25>)
14:50:33.009 [VehicleDestroyed] ExpansionUh1h (id=7B1A40E99E485117E477F98BA70983CB pos=<7925.03, 169.38, 11833.8>)
14:56:29.117 [VehicleDeleted] ExpansionUh1h (id=011EE705AE4A6D09735855AC42866FAF pos=<1230.44, 168.7, 7567.27>)
14:56:57.402 [VehicleDeleted] ExpansionUh1h (id=7B1A40E99E485117E477F98BA70983CB pos=<7927.23, 169.4, 11835.8>)
14:59:13.293 [VehicleDestroyed] ExpansionUh1h_Uber (id=C05E80EED349861CAC2A11B6BF1279A9 pos=<1228.12, 169.12, 7566.25>)
14:59:32.246 [VehicleDestroyed] ExpansionUh1h_Medical (id=D5E693A3AA4C746E44C644938DF980A4 pos=<7924.85, 169.42, 11833.5>)
15:05:22.210 [VehicleDeleted] ExpansionUh1h_Uber (id=C05E80EED349861CAC2A11B6BF1279A9 pos=<1230.26, 168.74, 7567.17>)
15:05:50.043 [VehicleDeleted] ExpansionUh1h_Medical (id=D5E693A3AA4C746E44C644938DF980A4 pos=<7924.85, 169.42, 11833.5>)
15:08:04.864 [VehicleDestroyed] ExpansionUh1h (id=20C9D52C35480A1336129F8D324DD828 pos=<1228.18, 169.14, 7566.17>)
15:08:17.053 [VehicleDestroyed] ExpansionUh1h (id=0D911382CC413EF9FE46F683549BFB42 pos=<7924.49, 169.34, 11833.7>)
15:08:38.627 [AI Patrol 00018] Despawning 1 Civilian bots (spawn position <6495.260742, 385.069885, 3694.765381>, 1/2 deceased)
15:08:38.637 [AI Patrol 00018] Global patrol count: 1
15:08:38.647 [AI Patrol 00018] Patrol category patrol count: 1
16:16:09.024 [MissionAirdrop] An airdrop is heading towards "Muratyn" (pos=<4559.000000, 0.000000, 6852.000000> type=Random_Muratyn) with a ExpansionAirdropContainer_Medical
16:36:15.451 [VehicleDeleted] ExpansionUh1h (id=20C9D52C35480A1336129F8D324DD828 pos=<1232.89, 168.4, 7567.74>)
16:36:43.282 [VehicleDeleted] ExpansionUh1h (id=0D911382CC413EF9FE46F683549BFB42 pos=<7924.45, 169.33, 11833.7>)
16:38:58.542 [VehicleDestroyed] ExpansionUh1h_Medical (id=6CF8A17D874D1F00F92025A26180EE6C pos=<1228.07, 169.16, 7566.11>)
16:39:10.118 [VehicleDestroyed] ExpansionUh1h_Uber (id=77D664660B4944AC4024FF893F6C7705 pos=<7924.76, 169.38, 11833.7>)
16:40:26.024 [VehicleEnter] Player "snake" (id=0nsyEhm9INQy3se8y-fXlbMHVv4YsIXloUCLC2unDyo=) entered vehicle Gyrocopter (id=961DFC0DD54BCF458A74E6A5EF960114 pos=<8333.94, 336.13, 1638.53>) as pilot
16:40:27.501 [VehicleEngine] Player "snake" (id=0nsyEhm9INQy3se8y-fXlbMHVv4YsIXloUCLC2unDyo=) started vehicle Gyrocopter (id=961DFC0DD54BCF458A74E6A5EF960114 pos=<8333.94, 336.13, 1638.53>)
16:41:20.634 [VehicleEngine] Player "NULL" (id=NULL) stopped vehicle Gyrocopter (id=961DFC0DD54BCF458A74E6A5EF960114 pos=<8905.09, 476.21, 2035.65>)
16:41:20.668 [VehicleLeave] Player "snake" (id=0nsyEhm9INQy3se8y-fXlbMHVv4YsIXloUCLC2unDyo=) left vehicle Gyrocopter (id=961DFC0DD54BCF458A74E6A5EF960114 pos=<8905.09, 476.21, 2035.65>)
16:45:08.928 [VehicleEnter] Player "snake" (id=0nsyEhm9INQy3se8y-fXlbMHVv4YsIXloUCLC2unDyo=) entered vehicle Gyrocopter (id=961DFC0DD54BCF458A74E6A5EF960114 pos=<8905.09, 476.21, 2035.85>) as pilot
16:45:09.240 [VehicleDeleted] ExpansionUh1h_Medical (id=6CF8A17D874D1F00F92025A26180EE6C pos=<1230.56, 168.76, 7566.98>)
16:45:10.720 [VehicleEngine] Player "snake" (id=0nsyEhm9INQy3se8y-fXlbMHVv4YsIXloUCLC2unDyo=) started vehicle Gyrocopter (id=961DFC0DD54BCF458A74E6A5EF960114 pos=<8905.09, 476.21, 2035.86>)
16:45:36.975 [VehicleDeleted] ExpansionUh1h_Uber (id=77D664660B4944AC4024FF893F6C7705 pos=<7924.26, 169.23, 11833.9>)
16:46:04.939 [AI Object Patrol 00040] Spawning 1 West bots at <9666.659180, 419.181793, 1026.736084>
16:46:04.971 [AI Object Patrol 00040] Global patrol count: 2
16:46:04.985 [AI Object Patrol 00040] HelicopterWreck category patrol count: 1
16:47:52.344 [VehicleDestroyed] ExpansionUh1h_Resistance (id=359D2B8CF544EF4B63ABFF912A4417E3 pos=<1228.17, 169.14, 7566.18>)
16:48:09.892 [VehicleDestroyed] ExpansionUh1h (id=8192F6D06A45B0C19302949D14BD331E pos=<7924.8, 169.46, 11833.4>)
16:48:25.640 [VehicleEngine] Player "NULL" (id=NULL) stopped vehicle Gyrocopter (id=961DFC0DD54BCF458A74E6A5EF960114 pos=<11471.8, 356.7, 2827.01>)
16:48:25.705 [VehicleLeave] Player "snake" (id=0nsyEhm9INQy3se8y-fXlbMHVv4YsIXloUCLC2unDyo=) left vehicle Gyrocopter (id=961DFC0DD54BCF458A74E6A5EF960114 pos=<11471.8, 356.7, 2827.01>)
16:48:52.738 [AI Object Patrol 00040] Despawning 1 West bots (spawn position <9666.659180, 419.181793, 1026.736084>, 0/1 deceased)
16:48:52.748 [AI Object Patrol 00040] Global patrol count: 1
16:48:52.757 [AI Object Patrol 00040] HelicopterWreck category patrol count: 0
16:54:05.070 [VehicleDeleted] ExpansionUh1h_Resistance (id=359D2B8CF544EF4B63ABFF912A4417E3 pos=<1230.49, 168.73, 7567.13>)
16:54:32.930 [VehicleDeleted] ExpansionUh1h (id=8192F6D06A45B0C19302949D14BD331E pos=<7924.73, 169.45, 11833.4>)
16:56:47.837 [VehicleDestroyed] ExpansionUh1h_Uber (id=D14C1C18274C1A656D68BAB8EDF766A1 pos=<1228.13, 169.15, 7566.14>)
16:57:04.385 [VehicleDestroyed] ExpansionUh1h (id=5EB806620B497234B6A14593BBA5E6A3 pos=<7924.46, 169.34, 11833.5>)
17:02:55.711 [VehicleDeleted] ExpansionUh1h_Uber (id=D14C1C18274C1A656D68BAB8EDF766A1 pos=<1230.45, 168.75, 7567.05>)
17:03:23.892 [VehicleDeleted] ExpansionUh1h (id=5EB806620B497234B6A14593BBA5E6A3 pos=<7924.06, 169.26, 11833.5>)
17:05:42.176 [VehicleDestroyed] ExpansionUh1h_Uber (id=FFC94DE34848B31CFF699B8E87DAF362 pos=<1228.06, 169.16, 7566.12>)
17:05:58.625 [VehicleDestroyed] ExpansionUh1h (id=119BB003034D3C934D67F7B92E25DABF pos=<7925.33, 169.51, 11833.5>)
17:11:52.674 [VehicleDeleted] ExpansionUh1h_Uber (id=FFC94DE34848B31CFF699B8E87DAF362 pos=<1230.43, 168.78, 7566.94>)
17:12:20.752 [VehicleDeleted] ExpansionUh1h (id=119BB003034D3C934D67F7B92E25DABF pos=<7926.62, 169.27, 11835.8>)
17:14:37.133 [VehicleDestroyed] ExpansionUh1h (id=91151C2A894E2CC23E8AEEA19426B564 pos=<1228.18, 169.14, 7566.18>)
17:14:51.662 [VehicleDestroyed] ExpansionUh1h_Resistance (id=7815E54C384C70974AD25D82A9873ABB pos=<7925.23, 169.46, 11833.7>)
17:42:07.215 [MissionAirdrop] An airdrop is heading towards "Zapadlisko" (pos=<8399.000000, 0.000000, 8803.000000> type=Random_Zapadlisko) with a ExpansionAirdropContainer_Military
19:06:22.815 [MissionAirdrop] An airdrop is heading towards "Siła Factory" (pos=<7345.830078, 0.000000, 2692.620117> type=Random_Sila) with a ExpansionAirdropContainer_Basebuilding
19:12:53.692 [VehicleDestroyed] Boat_01_Black (id=B2253DD91B4AA28DD841A8B67E637429 pos=<3636.94, 169.81, 9095.57>)
19:12:53.703 [VehicleDestroyed] Boat_01_Blue (id=638DEF45994511170DCFC193C6A0FDDC pos=<11791.3, 169.9, 10940>)
19:12:53.713 [VehicleDestroyed] Boat_01_Black (id=029D2A9A7A43426BBFBB41884A97E257 pos=<7926.08, 169.89, 11879.3>)
19:12:53.723 [VehicleDestroyed] Boat_01_Orange (id=2E7A95CA5145CEBEA00561A50899DA53 pos=<9517.02, 169.85, 11721.1>)
21:09:42.424 [VehicleDeleted] ExpansionUh1h (id=91151C2A894E2CC23E8AEEA19426B564 pos=<1235.17, 168.51, 7566.78>)
21:10:10.224 [VehicleDeleted] ExpansionUh1h_Resistance (id=7815E54C384C70974AD25D82A9873ABB pos=<7927.44, 169.87, 11833.7>)
21:11:06.238 [VehicleDeleted] Boat_01_Orange (id=2E7A95CA5145CEBEA00561A50899DA53 pos=<9516.68, 169.59, 11721.2>)
21:11:06.249 [VehicleDeleted] Boat_01_Blue (id=638DEF45994511170DCFC193C6A0FDDC pos=<11791.3, 169.81, 10939.8>)
21:11:06.259 [VehicleDeleted] Boat_01_Black (id=B2253DD91B4AA28DD841A8B67E637429 pos=<3636.92, 169.24, 9095.55>)
21:11:06.269 [VehicleDeleted] Boat_01_Black (id=029D2A9A7A43426BBFBB41884A97E257 pos=<7925.8, 168.98, 11879.5>)
21:12:23.637 [VehicleDestroyed] ExpansionUh1h_Uber (id=756EB3FACD4A2B65086A9F8D4520F967 pos=<1228.16, 169.1, 7566.33>)
21:12:33.459 [VehicleDestroyed] ExpansionUh1h_Resistance (id=97AD712B1344514B5D996FAF3F7D0B67 pos=<7924.17, 169.32, 11833.5>)
21:12:34.361 [VehicleEnter] Player "snake" (id=0nsyEhm9INQy3se8y-fXlbMHVv4YsIXloUCLC2unDyo=) entered vehicle Gyrocopter (id=961DFC0DD54BCF458A74E6A5EF960114 pos=<11471.8, 356.7, 2827.01>) as pilot
21:12:35.689 [VehicleEngine] Player "snake" (id=0nsyEhm9INQy3se8y-fXlbMHVv4YsIXloUCLC2unDyo=) started vehicle Gyrocopter (id=961DFC0DD54BCF458A74E6A5EF960114 pos=<11471.8, 356.7, 2827.01>)
21:13:25.844 [AI Object Patrol 00052] Spawning 2 West bots at <10212.853516, 246.311478, 2278.791260>
21:13:25.876 [AI Object Patrol 00052] Global patrol count: 2
21:13:25.885 [AI Object Patrol 00052] ContaminatedArea category patrol count: 1
21:13:28.093 [MissionAirdrop] An airdrop is heading towards "Muratyn" (pos=<4559.000000, 0.000000, 6852.000000> type=Random_Muratyn) with a ExpansionAirdropContainer_Medical
21:14:12.248 [VehicleEngine] Player "NULL" (id=NULL) stopped vehicle Gyrocopter (id=961DFC0DD54BCF458A74E6A5EF960114 pos=<11623.8, 268.77, 1973.56>)
21:14:12.282 [VehicleLeave] Player "snake" (id=0nsyEhm9INQy3se8y-fXlbMHVv4YsIXloUCLC2unDyo=) left vehicle Gyrocopter (id=961DFC0DD54BCF458A74E6A5EF960114 pos=<11623.8, 268.77, 1973.56>)
21:15:23.730 [VehicleEnter] Player "snake" (id=0nsyEhm9INQy3se8y-fXlbMHVv4YsIXloUCLC2unDyo=) entered vehicle Gyrocopter (id=961DFC0DD54BCF458A74E6A5EF960114 pos=<11623.8, 268.77, 1973.95>) as pilot
21:15:26.061 [VehicleEngine] Player "snake" (id=0nsyEhm9INQy3se8y-fXlbMHVv4YsIXloUCLC2unDyo=) started vehicle Gyrocopter (id=961DFC0DD54BCF458A74E6A5EF960114 pos=<11623.8, 268.77, 1973.98>)
21:15:40.395 [VehicleEngine] Player "NULL" (id=NULL) stopped vehicle Gyrocopter (id=961DFC0DD54BCF458A74E6A5EF960114 pos=<11609.1, 265.76, 1953.38>)
21:15:40.593 [VehicleLeave] Player "snake" (id=0nsyEhm9INQy3se8y-fXlbMHVv4YsIXloUCLC2unDyo=) left vehicle Gyrocopter (id=961DFC0DD54BCF458A74E6A5EF960114 pos=<11609.1, 265.76, 1953.38>)
21:18:39.059 [VehicleDeleted] ExpansionUh1h_Uber (id=756EB3FACD4A2B65086A9F8D4520F967 pos=<1230.35, 168.7, 7567.31>)
21:19:06.854 [VehicleDeleted] ExpansionUh1h_Resistance (id=97AD712B1344514B5D996FAF3F7D0B67 pos=<7924.22, 169.33, 11833.5>)
21:21:22.187 [VehicleDestroyed] ExpansionUh1h_Medical (id=ACE5C5FCF043A7776AA104942A234FC7 pos=<1228.18, 169.14, 7566.17>)
21:21:46.512 [VehicleDestroyed] ExpansionUh1h_Resistance (id=8410E5E0A340F08C0A1F4DAB5B6E2681 pos=<7925.61, 169.6, 11833.3>)
21:21:50.439 [VehicleEnter] Player "snake" (id=0nsyEhm9INQy3se8y-fXlbMHVv4YsIXloUCLC2unDyo=) entered vehicle Gyrocopter (id=961DFC0DD54BCF458A74E6A5EF960114 pos=<11609.1, 265.76, 1953.47>) as pilot
21:21:52.468 [VehicleEngine] Player "snake" (id=0nsyEhm9INQy3se8y-fXlbMHVv4YsIXloUCLC2unDyo=) started vehicle Gyrocopter (id=961DFC0DD54BCF458A74E6A5EF960114 pos=<11609.1, 265.76, 1953.48>)
21:23:48.804 [AI Object Patrol 00052] Despawning 2 West bots (spawn position <10212.853516, 246.311478, 2278.791260>, 0/2 deceased)
21:23:48.814 [AI Object Patrol 00052] Global patrol count: 1
21:23:48.824 [AI Object Patrol 00052] ContaminatedArea category patrol count: 0
21:24:31.748 [AI Object Patrol 00060] Spawning 1 West bots at <8496.547852, 384.729126, 2851.326172>
21:24:31.786 [AI Object Patrol 00060] Global patrol count: 2
21:24:31.797 [AI Object Patrol 00060] HelicopterWreck category patrol count: 1
21:25:33.319 [AI Object Patrol 00062] Spawning 3 East bots at <8275.590820, 313.377167, 1174.669678>
21:25:33.350 [AI Object Patrol 00062] Global patrol count: 3
21:25:33.360 [AI Object Patrol 00062] HelicopterWreck category patrol count: 2
21:27:32.205 [VehicleDeleted] ExpansionUh1h_Medical (id=ACE5C5FCF043A7776AA104942A234FC7 pos=<1230.56, 168.76, 7566.98>)
21:27:47.487 [VehicleEngine] Player "NULL" (id=NULL) stopped vehicle Gyrocopter (id=961DFC0DD54BCF458A74E6A5EF960114 pos=<8338.5, 335.1, 1645.04>)
21:27:47.581 [VehicleLeave] Player "snake" (id=0nsyEhm9INQy3se8y-fXlbMHVv4YsIXloUCLC2unDyo=) left vehicle Gyrocopter (id=961DFC0DD54BCF458A74E6A5EF960114 pos=<8338.5, 335.1, 1645.04>)
21:28:00.010 [VehicleDeleted] ExpansionUh1h_Resistance (id=8410E5E0A340F08C0A1F4DAB5B6E2681 pos=<7926.83, 169.35, 11835.6>)
21:30:15.054 [VehicleDestroyed] ExpansionUh1h_Uber (id=AC30646F2F4C9953EA95129E59FDC0EC pos=<1228.07, 169.14, 7566.2>)
21:30:27.832 [VehicleDestroyed] ExpansionUh1h (id=08F71D5942411C3E7A2CA2912A1C588D pos=<7924.98, 169.42, 11833.7>)
21:36:14.284 [AI Object Patrol 00060] Despawning 1 West bots (spawn position <8496.547852, 384.729126, 2851.326172>, 0/1 deceased)
21:36:14.294 [AI Object Patrol 00060] Global patrol count: 2
21:36:14.304 [AI Object Patrol 00060] HelicopterWreck category patrol count: 1
21:36:24.657 [VehicleDeleted] ExpansionUh1h_Uber (id=AC30646F2F4C9953EA95129E59FDC0EC pos=<1230.29, 168.77, 7567.02>)
21:36:52.623 [VehicleDeleted] ExpansionUh1h (id=08F71D5942411C3E7A2CA2912A1C588D pos=<7925.76, 169.71, 11833>)
21:39:07.600 [VehicleDestroyed] ExpansionUh1h (id=D184091F754759FBAD32E4AE162AF338 pos=<1228.17, 169.13, 7566.18>)
21:39:22.178 [VehicleDestroyed] ExpansionUh1h_Resistance (id=B6DCA085F344FAB2A34F08AA1BA91E7C pos=<7924.69, 169.39, 11833.6>)
21:45:17.892 [VehicleDeleted] ExpansionUh1h (id=D184091F754759FBAD32E4AE162AF338 pos=<1230.53, 168.78, 7566.92>)
21:45:45.840 [VehicleDeleted] ExpansionUh1h_Resistance (id=B6DCA085F344FAB2A34F08AA1BA91E7C pos=<7924.73, 169.4, 11833.6>)
21:48:01.751 [VehicleDestroyed] ExpansionUh1h_Resistance (id=EF5DBC182340C11FFEEEB6B23E6E9438 pos=<1228.06, 169.16, 7566.12>)
21:48:18.464 [VehicleDestroyed] ExpansionUh1h_Uber (id=CFDED0EE0149BB033ACCA196B789AABB pos=<7925.33, 169.49, 11833.6>)
21:54:13.080 [VehicleDeleted] ExpansionUh1h_Resistance (id=EF5DBC182340C11FFEEEB6B23E6E9438 pos=<1230.45, 168.76, 7567.01>)
21:54:41.106 [VehicleDeleted] ExpansionUh1h_Uber (id=CFDED0EE0149BB033ACCA196B789AABB pos=<7925.42, 169.06, 11835.7>)
21:56:56.963 [VehicleDestroyed] ExpansionUh1h_Uber (id=CEA5A9C7E842F0C800C6259CA0839C41 pos=<1228.18, 169.14, 7566.17>)
21:57:26.304 [VehicleDestroyed] ExpansionUh1h (id=A9B0A4A6FF419E90F466BA81F308FC4E pos=<7925.62, 169.61, 11833.3>)
21:57:29.999 [AI Object Patrol 00062] Despawning 2 East bots (spawn position <8275.590820, 313.377167, 1174.669678>, 1/3 deceased)
21:57:30.009 [AI Object Patrol 00062] Global patrol count: 1
21:57:30.019 [AI Object Patrol 00062] HelicopterWreck category patrol count: 0
22:03:04.110 [VehicleDeleted] ExpansionUh1h_Uber (id=CEA5A9C7E842F0C800C6259CA0839C41 pos=<1230.6, 168.75, 7567>)
22:03:31.901 [VehicleDeleted] ExpansionUh1h (id=A9B0A4A6FF419E90F466BA81F308FC4E pos=<7927.48, 169.48, 11835.6>)
22:05:46.912 [VehicleDestroyed] ExpansionUh1h_Medical (id=9421E5129044CD404D0D7291D64ED193 pos=<1228.17, 169.14, 7566.18>)
22:05:53.327 [VehicleDestroyed] ExpansionUh1h_Medical (id=567183BCEF4471635E6A2CA3233827BA pos=<7924.77, 169.27, 11834.2>)
22:32:43.020 [Party] Player "Dan" (id=J3DN6WXzRjVAt4j_gUAEgL4v34hqtXpOtTWQ5nCMCS0=) joined the party "Dragon Unyielding" (id=7 ownerUID=J3DN6WXzRjVAt4j_gUAEgL4v34hqtXpOtTWQ5nCMCS0= ownerName=Dan)
22:35:25.117 [VehicleEnter] Player "Dan" (id=J3DN6WXzRjVAt4j_gUAEgL4v34hqtXpOtTWQ5nCMCS0=) entered vehicle M3S Covered (id=0D44F3EAD74729205EA7B39F1C07D79D pos=<6112.73, 263.04, 6959.3>) as driver
22:35:57.561 [VehicleDeleted] ExpansionUh1h_Medical (id=9421E5129044CD404D0D7291D64ED193 pos=<1232.8, 168.4, 7567.73>)
22:36:25.554 [VehicleDeleted] ExpansionUh1h_Medical (id=567183BCEF4471635E6A2CA3233827BA pos=<7922.72, 168.58, 11835.6>)
22:38:19.162 [VehicleLeave] Player "Dan" (id=J3DN6WXzRjVAt4j_gUAEgL4v34hqtXpOtTWQ5nCMCS0=) left vehicle M3S Covered (id=0D44F3EAD74729205EA7B39F1C07D79D pos=<6112.73, 263, 6959.93>)
22:38:40.463 [VehicleDestroyed] ExpansionUh1h_Resistance (id=3EB8E465BF428C3272C1D0B05F4F8311 pos=<1228.16, 169.14, 7566.16>)
22:38:51.056 [BaseRaiding] ExpansionWall6x3 (<6106.725586, 263.691315, 6949.112305>) Damaged "player "Dan" (ID = "J3DN6WXzRjVAt4j_gUAEgL4v34hqtXpOtTWQ5nCMCS0=" at <6107.856934, 263.539612, 6951.698730>)" by 10 health points. Reason: Failed to enter the correct code.
22:38:51.067 [BaseRaiding] ExpansionWall6x3 (<6106.725586, 263.691315, 6949.112305>) The correct code was 1670 and the player tried 0808
22:38:54.784 [VehicleDestroyed] ExpansionUh1h_Medical (id=388D9A55E9413971433D2B8853617BA0 pos=<7924.73, 169.39, 11833.6>)
22:38:55.347 [MissionAirdrop] An airdrop is heading towards "Karlin" (pos=<9975.000000, 0.000000, 7242.000000> type=Random_Karlin) with a ExpansionAirdropContainer
22:39:30.272 [BaseBuildingRaiding] ------------------------- Expansion Base Raiding Damage Report -------------------------
22:39:30.281 [BaseBuildingRaiding] Player "Dan" (id=J3DN6WXzRjVAt4j_gUAEgL4v34hqtXpOtTWQ5nCMCS0= pos=<6105.81, 262.91, 6963.45>) damaged ExpansionFloor6x6 at <6102.94, 263.69, 6960.89>
22:39:30.291 [BaseBuildingRaiding] They dealt 160 * 1 = 160 damage with Bullet_308Win from Snafu_ScarH_Snow_GUN
22:39:30.300 [BaseBuildingRaiding] GlobalHealth hitpoints decreased from 30000 to 29840
22:39:30.310 [BaseBuildingRaiding] ----------------------------------------------------------------------------------------
22:39:31.318 [BaseBuildingRaiding] ------------------------- Expansion Base Raiding Damage Report -------------------------
22:39:31.328 [BaseBuildingRaiding] Player "Dan" (id=J3DN6WXzRjVAt4j_gUAEgL4v34hqtXpOtTWQ5nCMCS0= pos=<6105.81, 262.91, 6963.45>) damaged ExpansionWall6x3 at <6093.96, 266.7, 6960.29>
22:39:31.338 [BaseBuildingRaiding] They dealt 160 * 1 = 160 damage with Bullet_308Win from Snafu_ScarH_Snow_GUN
22:39:31.349 [BaseBuildingRaiding] GlobalHealth hitpoints decreased from 29992.3 to 29832.3
22:39:31.358 [BaseBuildingRaiding] ----------------------------------------------------------------------------------------
22:39:32.069 [BaseBuildingRaiding] ------------------------- Expansion Base Raiding Damage Report -------------------------
22:39:32.079 [BaseBuildingRaiding] Player "Dan" (id=J3DN6WXzRjVAt4j_gUAEgL4v34hqtXpOtTWQ5nCMCS0= pos=<6105.81, 262.91, 6963.45>) damaged ExpansionWall6x3 at <6093.96, 266.7, 6960.29>
22:39:32.089 [BaseBuildingRaiding] They dealt 160 * 1 = 160 damage with Bullet_308Win from Snafu_ScarH_Snow_GUN
22:39:32.099 [BaseBuildingRaiding] GlobalHealth hitpoints decreased from 29832.3 to 29672.3
22:39:32.109 [BaseBuildingRaiding] ----------------------------------------------------------------------------------------
22:40:31.106 [VehicleEnter] Player "Dan" (id=J3DN6WXzRjVAt4j_gUAEgL4v34hqtXpOtTWQ5nCMCS0=) entered vehicle M3S Covered (id=0D44F3EAD74729205EA7B39F1C07D79D pos=<6112.73, 263, 6959.93>) as driver
22:40:33.183 [VehicleEngine] Player "Dan" (id=J3DN6WXzRjVAt4j_gUAEgL4v34hqtXpOtTWQ5nCMCS0=) started vehicle M3S Covered (id=0D44F3EAD74729205EA7B39F1C07D79D pos=<6112.73, 263, 6959.94>)
22:41:31.585 [VehicleEngine] Player "NULL" (id=NULL) stopped vehicle M3S Covered (id=0D44F3EAD74729205EA7B39F1C07D79D pos=<6282.28, 271.92, 6852.93>)
22:41:32.030 [VehicleLeave] Player "Dan" (id=J3DN6WXzRjVAt4j_gUAEgL4v34hqtXpOtTWQ5nCMCS0=) left vehicle M3S Covered (id=0D44F3EAD74729205EA7B39F1C07D79D pos=<6282.28, 271.92, 6852.93>)
22:44:51.022 [VehicleDeleted] ExpansionUh1h_Resistance (id=3EB8E465BF428C3272C1D0B05F4F8311 pos=<1230.51, 168.78, 7566.91>)
22:45:19.405 [VehicleDeleted] ExpansionUh1h_Medical (id=388D9A55E9413971433D2B8853617BA0 pos=<7924.68, 169.38, 11833.6>)
22:47:35.209 [VehicleDestroyed] ExpansionUh1h_Resistance (id=9CFFE4E4BB43559BBFCD298DC394AD69 pos=<1228.18, 169.14, 7566.17>)
22:47:43.860 [VehicleDestroyed] ExpansionUh1h_Medical (id=EA2EA47DE845ADC5D6D19BBD3922C1CF pos=<7924.57, 169.31, 11833.8>)
22:53:45.234 [VehicleDeleted] ExpansionUh1h_Resistance (id=9CFFE4E4BB43559BBFCD298DC394AD69 pos=<1230.54, 168.75, 7567.05>)
22:54:13.359 [VehicleDeleted] ExpansionUh1h_Medical (id=EA2EA47DE845ADC5D6D19BBD3922C1CF pos=<7924.36, 169.25, 11833.9>)
22:56:27.882 [VehicleDestroyed] ExpansionUh1h_Medical (id=F1554317374AF43A389DF191E0DC4689 pos=<1228.17, 169.12, 7566.26>)
22:56:42.931 [VehicleDestroyed] ExpansionUh1h (id=876EBE2CE94319E989E58B9784C771FC pos=<7924.65, 169.42, 11833.5>)
23:01:01.414 [VehicleEnter] Player "Dan" (id=J3DN6WXzRjVAt4j_gUAEgL4v34hqtXpOtTWQ5nCMCS0=) entered vehicle Sarka 120 (id=631C0F54174F75BE90E27BB109D04367 pos=<6288.18, 272.2, 6841.87>) as driver
23:01:06.910 [VehicleEngine] Player "Dan" (id=J3DN6WXzRjVAt4j_gUAEgL4v34hqtXpOtTWQ5nCMCS0=) started vehicle Sarka 120 (id=631C0F54174F75BE90E27BB109D04367 pos=<6288.18, 272.2, 6841.87>)
23:01:14.338 [VehicleEngine] Player "NULL" (id=NULL) stopped vehicle Sarka 120 (id=631C0F54174F75BE90E27BB109D04367 pos=<6288.52, 272.2, 6843.76>)
23:01:14.373 [VehicleLeave] Player "Dan" (id=J3DN6WXzRjVAt4j_gUAEgL4v34hqtXpOtTWQ5nCMCS0=) left vehicle Sarka 120 (id=631C0F54174F75BE90E27BB109D04367 pos=<6288.52, 272.2, 6843.76>)
23:01:22.802 [VehicleEnter] Player "Dan" (id=J3DN6WXzRjVAt4j_gUAEgL4v34hqtXpOtTWQ5nCMCS0=) entered vehicle M3S Covered (id=0D44F3EAD74729205EA7B39F1C07D79D pos=<6282.28, 271.92, 6852.93>) as driver
23:01:30.685 [VehicleEngine] Player "Dan" (id=J3DN6WXzRjVAt4j_gUAEgL4v34hqtXpOtTWQ5nCMCS0=) started vehicle M3S Covered (id=0D44F3EAD74729205EA7B39F1C07D79D pos=<6282.28, 271.92, 6852.92>)
23:02:37.315 [VehicleDeleted] ExpansionUh1h_Medical (id=F1554317374AF43A389DF191E0DC4689 pos=<1230.42, 168.75, 7567.05>)
23:03:05.780 [VehicleDeleted] ExpansionUh1h (id=876EBE2CE94319E989E58B9784C771FC pos=<7924.75, 169.42, 11833.5>)
23:03:13.286 [AI Object Patrol 00076] Spawning 2 West bots at <5501.111816, 278.692413, 7920.630371>
23:03:13.316 [AI Object Patrol 00076] Global patrol count: 2
23:03:13.326 [AI Object Patrol 00076] HelicopterWreck category patrol count: 1
23:04:40.786 [VehicleEngine] Player "NULL" (id=NULL) stopped vehicle M3S Covered (id=0D44F3EAD74729205EA7B39F1C07D79D pos=<6597.96, 205.99, 8389.5>)
23:04:41.182 [VehicleLeave] Player "Dan" (id=J3DN6WXzRjVAt4j_gUAEgL4v34hqtXpOtTWQ5nCMCS0=) left vehicle M3S Covered (id=0D44F3EAD74729205EA7B39F1C07D79D pos=<6597.96, 205.99, 8389.5>)
23:04:55.831 [VehicleEnter] Player "Dan" (id=J3DN6WXzRjVAt4j_gUAEgL4v34hqtXpOtTWQ5nCMCS0=) entered vehicle M3S Covered (id=0D44F3EAD74729205EA7B39F1C07D79D pos=<6597.96, 205.99, 8389.5>) as driver
23:05:01.159 [VehicleEngine] Player "Dan" (id=J3DN6WXzRjVAt4j_gUAEgL4v34hqtXpOtTWQ5nCMCS0=) started vehicle M3S Covered (id=0D44F3EAD74729205EA7B39F1C07D79D pos=<6597.96, 205.99, 8389.5>)
23:05:20.706 [VehicleDestroyed] ExpansionUh1h (id=ED4C91F38C4C164947280280E13ACB31 pos=<1228.13, 169.14, 7566.18>)
23:05:35.642 [VehicleEngine] Player "NULL" (id=NULL) stopped vehicle M3S Covered (id=0D44F3EAD74729205EA7B39F1C07D79D pos=<6590.84, 206.31, 8377.92>)
23:05:36.083 [VehicleLeave] Player "Dan" (id=J3DN6WXzRjVAt4j_gUAEgL4v34hqtXpOtTWQ5nCMCS0=) left vehicle M3S Covered (id=0D44F3EAD74729205EA7B39F1C07D79D pos=<6590.84, 206.31, 8377.92>)
23:05:38.352 [VehicleDestroyed] ExpansionUh1h_Uber (id=695284F8704D1525EA63F29A0473B001 pos=<7924.86, 169.41, 11833.5>)
23:05:51.154 [VehicleEnter] Player "Dan" (id=J3DN6WXzRjVAt4j_gUAEgL4v34hqtXpOtTWQ5nCMCS0=) entered vehicle M3S Covered (id=46D2340A724FF0C80A0AAD8270535D2C pos=<6576.78, 206.53, 8386.77>) as driver
23:05:53.567 [VehicleLeave] Player "Dan" (id=J3DN6WXzRjVAt4j_gUAEgL4v34hqtXpOtTWQ5nCMCS0=) left vehicle M3S Covered (id=46D2340A724FF0C80A0AAD8270535D2C pos=<6576.82, 206.53, 8386.74>)
23:06:06.958 [VehicleEnter] Player "Dan" (id=J3DN6WXzRjVAt4j_gUAEgL4v34hqtXpOtTWQ5nCMCS0=) entered vehicle M3S Covered (id=46D2340A724FF0C80A0AAD8270535D2C pos=<6576.87, 206.52, 8386.72>) as driver
23:06:10.448 [VehicleEngine] Player "Dan" (id=J3DN6WXzRjVAt4j_gUAEgL4v34hqtXpOtTWQ5nCMCS0=) started vehicle M3S Covered (id=46D2340A724FF0C80A0AAD8270535D2C pos=<6576.95, 206.52, 8386.7>)
23:09:05.495 [VehicleEngine] Player "NULL" (id=NULL) stopped vehicle M3S Covered (id=46D2340A724FF0C80A0AAD8270535D2C pos=<6591.6, 206.15, 8381.17>)
23:09:05.954 [VehicleLeave] Player "Dan" (id=J3DN6WXzRjVAt4j_gUAEgL4v34hqtXpOtTWQ5nCMCS0=) left vehicle M3S Covered (id=46D2340A724FF0C80A0AAD8270535D2C pos=<6591.6, 206.15, 8381.17>)
23:11:30.441 [VehicleDeleted] ExpansionUh1h (id=ED4C91F38C4C164947280280E13ACB31 pos=<1230.46, 168.74, 7567.12>)
23:11:58.678 [VehicleDeleted] ExpansionUh1h_Uber (id=695284F8704D1525EA63F29A0473B001 pos=<7928.51, 169.83, 11835>)
23:12:48.949 [VehicleEnter] Player "Dan" (id=J3DN6WXzRjVAt4j_gUAEgL4v34hqtXpOtTWQ5nCMCS0=) entered vehicle M3S Covered (id=46D2340A724FF0C80A0AAD8270535D2C pos=<6591.6, 206.15, 8381.17>) as driver
23:12:54.963 [VehicleEngine] Player "Dan" (id=J3DN6WXzRjVAt4j_gUAEgL4v34hqtXpOtTWQ5nCMCS0=) started vehicle M3S Covered (id=46D2340A724FF0C80A0AAD8270535D2C pos=<6591.6, 206.15, 8381.17>)
23:13:24.701 [VehicleEngine] Player "NULL" (id=NULL) stopped vehicle M3S Covered (id=46D2340A724FF0C80A0AAD8270535D2C pos=<6580.65, 206.22, 8389.98>)
23:13:25.176 [VehicleLeave] Player "Dan" (id=J3DN6WXzRjVAt4j_gUAEgL4v34hqtXpOtTWQ5nCMCS0=) left vehicle M3S Covered (id=46D2340A724FF0C80A0AAD8270535D2C pos=<6580.65, 206.22, 8389.98>)
23:13:42.917 [VehicleEnter] Player "Dan" (id=J3DN6WXzRjVAt4j_gUAEgL4v34hqtXpOtTWQ5nCMCS0=) entered vehicle M3S Covered (id=46D2340A724FF0C80A0AAD8270535D2C pos=<6580.64, 206.22, 8389.97>) as driver
23:13:47.585 [VehicleEngine] Player "Dan" (id=J3DN6WXzRjVAt4j_gUAEgL4v34hqtXpOtTWQ5nCMCS0=) started vehicle M3S Covered (id=46D2340A724FF0C80A0AAD8270535D2C pos=<6580.65, 206.22, 8389.97>)
23:14:13.959 [VehicleDestroyed] ExpansionUh1h_Uber (id=3DAB3A5B954C7C6782DDB2B5A71DEB93 pos=<1228.13, 169.11, 7566.27>)
23:14:20.726 [AI Object Patrol 00076] Despawning 2 West bots (spawn position <5501.111816, 278.692413, 7920.630371>, 0/2 deceased)
23:14:20.736 [AI Object Patrol 00076] Global patrol count: 1
23:14:20.745 [AI Object Patrol 00076] HelicopterWreck category patrol count: 0
23:14:25.601 [VehicleDestroyed] ExpansionUh1h_Uber (id=4ED1DDD96140F553E59B398B47A775E2 pos=<7924.87, 169.39, 11833.8>)
23:15:48.380 [VehicleEngine] Player "Dan" (id=J3DN6WXzRjVAt4j_gUAEgL4v34hqtXpOtTWQ5nCMCS0=) stopped vehicle M3S Covered (id=46D2340A724FF0C80A0AAD8270535D2C pos=<6580.83, 206.2, 8387.76>)
23:16:05.455 [VehicleEngine] Player "Dan" (id=J3DN6WXzRjVAt4j_gUAEgL4v34hqtXpOtTWQ5nCMCS0=) started vehicle M3S Covered (id=46D2340A724FF0C80A0AAD8270535D2C pos=<6580.83, 206.2, 8387.76>)
23:17:45.760 [VehicleEngine] Player "NULL" (id=NULL) stopped vehicle M3S Covered (id=46D2340A724FF0C80A0AAD8270535D2C pos=<6578.07, 206.47, 8388.02>)
23:17:46.269 [VehicleLeave] Player "Dan" (id=J3DN6WXzRjVAt4j_gUAEgL4v34hqtXpOtTWQ5nCMCS0=) left vehicle M3S Covered (id=46D2340A724FF0C80A0AAD8270535D2C pos=<6578.07, 206.47, 8388.02>)
23:19:49.970 [VehicleEnter] Player "Dan" (id=J3DN6WXzRjVAt4j_gUAEgL4v34hqtXpOtTWQ5nCMCS0=) entered vehicle M3S Covered (id=0D44F3EAD74729205EA7B39F1C07D79D pos=<6590.87, 206.31, 8377.92>) as driver
23:19:53.098 [VehicleEngine] Player "Dan" (id=J3DN6WXzRjVAt4j_gUAEgL4v34hqtXpOtTWQ5nCMCS0=) started vehicle M3S Covered (id=0D44F3EAD74729205EA7B39F1C07D79D pos=<6590.87, 206.31, 8377.92>)
23:20:22.876 [VehicleEngine] Player "NULL" (id=NULL) stopped vehicle M3S Covered (id=0D44F3EAD74729205EA7B39F1C07D79D pos=<6591.05, 206.47, 8375.21>)
23:20:23.335 [VehicleLeave] Player "Dan" (id=J3DN6WXzRjVAt4j_gUAEgL4v34hqtXpOtTWQ5nCMCS0=) left vehicle M3S Covered (id=0D44F3EAD74729205EA7B39F1C07D79D pos=<6591.05, 206.47, 8375.21>)
23:20:25.360 [VehicleDeleted] ExpansionUh1h_Uber (id=3DAB3A5B954C7C6782DDB2B5A71DEB93 pos=<1230.4, 168.74, 7567.14>)
23:20:53.425 [VehicleDeleted] ExpansionUh1h_Uber (id=4ED1DDD96140F553E59B398B47A775E2 pos=<7927.16, 170, 11832.9>)
23:23:08.047 [VehicleDestroyed] ExpansionUh1h_Medical (id=4FFD0A91C44B3B088FC81ABB591C9880 pos=<1228.14, 169.12, 7566.26>)
23:23:26.643 [VehicleDestroyed] ExpansionUh1h (id=5EDBF7BC2C4BEE47165D9FB4F6CAABF3 pos=<7925.45, 169.52, 11833.5>)
23:29:19.318 [VehicleDeleted] ExpansionUh1h_Medical (id=4FFD0A91C44B3B088FC81ABB591C9880 pos=<1230.39, 168.74, 7567.13>)
23:29:47.585 [VehicleDeleted] ExpansionUh1h (id=5EDBF7BC2C4BEE47165D9FB4F6CAABF3 pos=<7926.55, 169.27, 11835.8>)
23:32:02.453 [VehicleDestroyed] ExpansionUh1h_Uber (id=67DA0F1064426601E44E29B66D4F77C3 pos=<1228.12, 169.13, 7566.21>)
23:32:05.200 [VehicleDestroyed] ExpansionUh1h (id=DFFCB170104D09C6D055BBA00D53997D pos=<7924.4, 169.24, 11834.1>)
23:36:59.393 [VehicleEnter] Player "Dan" (id=J3DN6WXzRjVAt4j_gUAEgL4v34hqtXpOtTWQ5nCMCS0=) entered vehicle Sarka 120 (id=631C0F54174F75BE90E27BB109D04367 pos=<6288.52, 272.2, 6843.76>) as driver
23:37:02.551 [VehicleEngine] Player "Dan" (id=J3DN6WXzRjVAt4j_gUAEgL4v34hqtXpOtTWQ5nCMCS0=) started vehicle Sarka 120 (id=631C0F54174F75BE90E27BB109D04367 pos=<6288.52, 272.2, 6843.76>)
23:37:38.801 [VehicleEngine] Player "Dan" (id=J3DN6WXzRjVAt4j_gUAEgL4v34hqtXpOtTWQ5nCMCS0=) stopped vehicle Sarka 120 (id=631C0F54174F75BE90E27BB109D04367 pos=<6061.15, 264.34, 6993.49>)
23:38:10.468 [VehicleDeleted] ExpansionUh1h_Uber (id=67DA0F1064426601E44E29B66D4F77C3 pos=<1230.37, 168.71, 7567.25>)
23:38:10.488 [VehicleDeleted] ExpansionUh1h (id=DFFCB170104D09C6D055BBA00D53997D pos=<7924.58, 169.26, 11834.1>)
23:38:13.212 [VehicleLeave] Player "Dan" (id=J3DN6WXzRjVAt4j_gUAEgL4v34hqtXpOtTWQ5nCMCS0=) left vehicle Sarka 120 (id=631C0F54174F75BE90E27BB109D04367 pos=<6061.23, 264.32, 6993.35>)
23:40:53.393 [VehicleDestroyed] ExpansionUh1h (id=AA277D371E4BB26AD8647A81DDEA369D pos=<1228.13, 169.13, 7566.22>)
23:41:11.016 [VehicleDestroyed] ExpansionUh1h_Uber (id=3CEE2DD2324EEC5399FB8387534217CB pos=<7925, 169.46, 11833.6>)
23:41:59.619 [VehicleDestroyed] Sedan_02_Red (id=631C0F54174F75BE90E27BB109D04367 pos=<6061.22, 264.28, 6993.35>)
23:47:05.102 [VehicleDeleted] ExpansionUh1h (id=AA277D371E4BB26AD8647A81DDEA369D pos=<1230.4, 168.73, 7567.15>)
23:47:33.339 [VehicleDeleted] ExpansionUh1h_Uber (id=3CEE2DD2324EEC5399FB8387534217CB pos=<7925.46, 169.53, 11833.6>)
23:49:25.244 [VehicleDeleted] Sedan_02_Red (id=631C0F54174F75BE90E27BB109D04367 pos=<6061.22, 264.28, 6993.34>)
23:49:48.298 [VehicleDestroyed] ExpansionUh1h (id=4A19B06B6F498287F0F2129B9E0B8D36 pos=<1228.17, 169.14, 7566.16>)
23:49:55.724 [VehicleDestroyed] ExpansionUh1h_Uber (id=968203B8104CC05DF67EA9B42D1691F1 pos=<7924.79, 169.29, 11834>)
23:55:59.512 [VehicleDeleted] ExpansionUh1h (id=4A19B06B6F498287F0F2129B9E0B8D36 pos=<1230.58, 168.76, 7567>)
23:56:27.314 [VehicleDeleted] ExpansionUh1h_Uber (id=968203B8104CC05DF67EA9B42D1691F1 pos=<7925.88, 169.11, 11835.8>)
23:58:41.780 [VehicleDestroyed] ExpansionUh1h (id=1AD00EAE24413D843843EC8C56E3B7BA pos=<1228.12, 169.13, 7566.21>)
23:58:57.782 [VehicleDestroyed] ExpansionUh1h_Uber (id=247D5EECEB4A6DD2D164E7A73CD1165D pos=<7925.1, 169.49, 11833.5>)
00:02:48.789 [Party] Player "Dan" (id=J3DN6WXzRjVAt4j_gUAEgL4v34hqtXpOtTWQ5nCMCS0=) left the party "Dragon Unyielding" (id=7 ownerUID=J3DN6WXzRjVAt4j_gUAEgL4v34hqtXpOtTWQ5nCMCS0= ownerName=Dan)
00:04:53.731 [VehicleDeleted] ExpansionUh1h (id=1AD00EAE24413D843843EC8C56E3B7BA pos=<1230.42, 168.71, 7567.21>)
00:05:10.868 [MissionAirdrop] An airdrop is heading towards "Siła Factory" (pos=<7345.830078, 0.000000, 2692.620117> type=Random_Sila) with a ExpansionAirdropContainer_Basebuilding
00:05:22.029 [VehicleDeleted] ExpansionUh1h_Uber (id=247D5EECEB4A6DD2D164E7A73CD1165D pos=<7927.16, 169.95, 11833.1>)
00:07:37.637 [VehicleDestroyed] ExpansionUh1h (id=25F9B5ACFF491791C35413975ADE0109 pos=<1228.14, 169.15, 7566.15>)
00:07:46.913 [VehicleDestroyed] ExpansionUh1h_Uber (id=84C88818914196B22D7B4F963CC3EF1A pos=<7924.49, 169.35, 11833.7>)
02:13:42.825 [MissionAirdrop] An airdrop is heading towards "Nadbor" (pos=<5996.000000, 0.000000, 4513.000000> type=Random_Nadbor) with a ExpansionAirdropContainer_Military
03:39:58.919 [MissionAirdrop] An airdrop is heading towards "Kolembrody" (pos=<8676.000000, 0.000000, 12114.000000> type=Random_Kolembrody) with a ExpansionAirdropContainer_Basebuilding
05:08:41.911 [MissionAirdrop] An airdrop is heading towards "Siła Factory" (pos=<7345.830078, 0.000000, 2692.620117> type=Random_Sila) with a ExpansionAirdropContainer_Basebuilding
