01:23:05.883 [VehicleDestroyed] ExpansionUh1h_Uber (id=9FEACEE77F4F2D9C633FB3B11B0E6D15 pos=<1228.15, 169.11, 7566.26>)
01:23:14.514 [VehicleDestroyed] ExpansionUh1h_Medical (id=2A6E9B498341F9185BE26886AB27D4D1 pos=<7924.71, 169.31, 11833.9>)
01:23:42.022 [AI Patrol 00017] Spawning 3 West bots at <7547.522461, 327.394623, 2732.717285>
01:23:42.051 [AI Patrol 00017] Global patrol count: 1
01:23:42.061 [AI Patrol 00017] Patrol category patrol count: 1
01:23:42.072 [AI Patrol 00016] Spawning 2 East bots at <7695.402832, 304.259644, 2813.446533>
01:23:42.108 [AI Patrol 00016] Global patrol count: 2
01:23:42.118 [AI Patrol 00016] Patrol category patrol count: 2
01:24:11.478 [MissionAirdrop] An airdrop is heading towards "Zapadlisko" (pos=<8399.000000, 0.000000, 8803.000000> type=Random_Zapadlisko) with a ExpansionAirdropContainer_Basebuilding
01:29:17.193 [VehicleDeleted] ExpansionUh1h_Uber (id=9FEACEE77F4F2D9C633FB3B11B0E6D15 pos=<1230.45, 168.71, 7567.23>)
01:29:45.732 [VehicleDeleted] ExpansionUh1h_Medical (id=2A6E9B498341F9185BE26886AB27D4D1 pos=<7923.88, 168.98, 11834.8>)
01:32:01.670 [VehicleDestroyed] ExpansionUh1h (id=06C942EB2D4C8A4F511319852E8D32B9 pos=<1228.14, 169.14, 7566.16>)
01:32:19.566 [VehicleDestroyed] ExpansionUh1h (id=738192AD304BAB855D11D9950913C108 pos=<7925.17, 169.5, 11833.5>)
01:33:56.770 [Killfeed] AI Rolf (West) got killed by AI Jose (East) with KAS-74U from a distance of 32 m.
01:34:43.875 [Killfeed] AI Jose (East) got killed by AI Kaito (West) with M16-A2 from a distance of 5 m.
01:34:57.260 [Killfeed] AI Kaito (West) got killed by AI Taiki (East) with KA-M from a distance of 2 m.
01:36:58.272 [BaseBuildingRaiding] ------------------------- Expansion Base Raiding Damage Report -------------------------
01:36:58.283 [BaseBuildingRaiding] Player "Denis" (id= pos=<8310.29, 412.53, 1630.72>) damaged Watchtower at <8338.41, 335.71, 1634.5>
01:36:58.294 [BaseBuildingRaiding] They dealt 80 * 1 = 80 damage with Bullet_762x39 from AKM
01:36:58.305 [BaseBuildingRaiding] Level_2_Wall_3_Metal_Down hitpoints decreased from 20970.6 to 20890.6
01:36:58.318 [BaseBuildingRaiding] ----------------------------------------------------------------------------------------
01:36:58.607 [BaseBuildingRaiding] ------------------------- Expansion Base Raiding Damage Report -------------------------
01:36:58.618 [BaseBuildingRaiding] Player "Denis" (id= pos=<8310.18, 407.84, 1630.69>) damaged Watchtower at <8338.41, 335.71, 1634.5>
01:36:58.628 [BaseBuildingRaiding] They dealt 80 * 1 = 80 damage with Bullet_762x39 from AKM
01:36:58.638 [BaseBuildingRaiding] Level_3_Roof hitpoints decreased from 18720 to 18640
01:36:58.648 [BaseBuildingRaiding] ----------------------------------------------------------------------------------------
01:36:59.534 [BaseBuildingRaiding] ------------------------- Expansion Base Raiding Damage Report -------------------------
01:36:59.545 [BaseBuildingRaiding] Player "Denis" (id= pos=<8309.93, 394.1, 1630.66>) damaged Watchtower at <8338.41, 335.71, 1634.5>
01:36:59.556 [BaseBuildingRaiding] They dealt 80 * 1 = 80 damage with Bullet_762x39 from AKM
01:36:59.566 [BaseBuildingRaiding] Level_3_Roof hitpoints decreased from 18640 to 18560
01:36:59.576 [BaseBuildingRaiding] ----------------------------------------------------------------------------------------
01:37:37.471 [Killfeed] AI Taiki (East) got killed by AI Frida (West) with AUR AX from a distance of 84 m.
01:37:38.183 [BaseBuildingRaiding] ------------------------- Expansion Base Raiding Damage Report -------------------------
01:37:38.265 [BaseBuildingRaiding] Player "Snake" (id=0nsyEhm9INQy3se8y-fXlbMHVv4YsIXloUCLC2unDyo= pos=<8342.84, 334.71, 1628.6>) damaged ExpansionWall6x3 at <8342.11, 334.36, 1628.45>
01:37:38.373 [BaseBuildingRaiding] They dealt 160 * 1 = 160 damage with Bullet_762x54 from SkyFall_PKP
01:37:38.520 [BaseBuildingRaiding] GlobalHealth hitpoints decreased from 30000 to 29840
01:37:38.674 [BaseBuildingRaiding] ----------------------------------------------------------------------------------------
01:37:39.768 [Killfeed] AI Denis (East) got killed by Snake with PKP - Pecheneg from a distance of 30 m.
01:37:40.310 [AI Patrol 00016] East bots were wiped out (spawn position <7695.402832, 304.259644, 2813.446533>, 2/2 deceased)
01:37:40.320 [AI Patrol 00016] Global patrol count: 1
01:37:40.331 [AI Patrol 00016] Patrol category patrol count: 1
01:37:56.429 [VehicleDeleted] ExpansionUh1h (id=06C942EB2D4C8A4F511319852E8D32B9 pos=<1230.47, 168.76, 7567.01>)
01:38:24.317 [VehicleDeleted] ExpansionUh1h (id=738192AD304BAB855D11D9950913C108 pos=<7925.62, 169.65, 11833.1>)
01:41:08.178 [VehicleDestroyed] ExpansionUh1h_Uber (id=1D26355FA24E390B033000BBE5025903 pos=<1228.14, 169.12, 7566.25>)
01:41:26.016 [VehicleDestroyed] ExpansionUh1h_Medical (id=0C13E3CF8A4B1BFF7ECBDFA5EB0AB5AF pos=<7925.21, 169.5, 11833.5>)
01:47:01.783 [Killfeed] AI Naomi (East) got killed by Snake with PKP - Pecheneg from a distance of 54 m.
01:47:17.361 [VehicleDeleted] ExpansionUh1h_Uber (id=1D26355FA24E390B033000BBE5025903 pos=<1230.47, 168.73, 7567.15>)
01:47:45.146 [VehicleDeleted] ExpansionUh1h_Medical (id=0C13E3CF8A4B1BFF7ECBDFA5EB0AB5AF pos=<7925.48, 169.61, 11833.2>)
01:50:00.137 [VehicleDestroyed] ExpansionUh1h (id=76C67F1B324F053EA020838C160BC36F pos=<1228.16, 169.1, 7566.33>)
01:50:10.178 [VehicleDestroyed] ExpansionUh1h_Resistance (id=407B76DE894A9BB205D26B9CCEE8C3A0 pos=<7924.64, 169.34, 11833.8>)
01:56:07.416 [VehicleDeleted] ExpansionUh1h (id=76C67F1B324F053EA020838C160BC36F pos=<1230.4, 168.69, 7567.3>)
01:56:35.239 [VehicleDeleted] ExpansionUh1h_Resistance (id=407B76DE894A9BB205D26B9CCEE8C3A0 pos=<7925.54, 169.54, 11833.6>)
01:58:50.709 [VehicleDestroyed] ExpansionUh1h_Uber (id=DC9D1DE1264CB65B7824C59ED57E807C pos=<1228.18, 169.14, 7566.17>)
01:59:01.720 [VehicleDestroyed] ExpansionUh1h_Resistance (id=9C1EEB7A6249DC4AE6D37B8761E084FB pos=<7924.58, 169.34, 11833.7>)
02:05:02.103 [VehicleDeleted] ExpansionUh1h_Uber (id=DC9D1DE1264CB65B7824C59ED57E807C pos=<1230.53, 168.77, 7566.96>)
02:05:29.831 [VehicleDeleted] ExpansionUh1h_Resistance (id=9C1EEB7A6249DC4AE6D37B8761E084FB pos=<7924.51, 169.32, 11833.8>)
02:07:46.388 [VehicleDestroyed] ExpansionUh1h_Uber (id=443166A5AA4D9767C8D548B939369C52 pos=<1228.07, 169.16, 7566.12>)
02:07:58.760 [VehicleDestroyed] ExpansionUh1h (id=15999374704AD8C736AC5DB3945A7FB6 pos=<7924.98, 169.42, 11833.7>)
02:13:55.206 [VehicleDeleted] ExpansionUh1h_Uber (id=443166A5AA4D9767C8D548B939369C52 pos=<1230.48, 168.75, 7567.05>)
02:14:23.075 [VehicleDeleted] ExpansionUh1h (id=15999374704AD8C736AC5DB3945A7FB6 pos=<7925.7, 169.68, 11833.1>)
02:16:38.036 [VehicleDestroyed] ExpansionUh1h_Resistance (id=3866DCBAA44CC76DE2F7CE96CA920801 pos=<1228.18, 169.13, 7566.19>)
02:16:47.056 [VehicleDestroyed] ExpansionUh1h_Resistance (id=E350D3439E43179F4175BEBC35074259 pos=<7924.67, 169.35, 11833.8>)
02:18:47.884 [AI Patrol 00017] Despawning 1 West bots (spawn position <7547.522461, 327.394623, 2732.717285>, 2/3 deceased)
02:18:47.912 [AI Patrol 00017] Global patrol count: 0
02:18:47.922 [AI Patrol 00017] Patrol category patrol count: 0
02:47:16.417 [MissionAirdrop] An airdrop is heading towards "Muratyn" (pos=<4559.000000, 0.000000, 6852.000000> type=Random_Muratyn) with a ExpansionAirdropContainer
02:51:39.931 [Party] Player "Dan" (id=J3DN6WXzRjVAt4j_gUAEgL4v34hqtXpOtTWQ5nCMCS0=) joined the party "Dragon Unyielding" (id=7 ownerUID=J3DN6WXzRjVAt4j_gUAEgL4v34hqtXpOtTWQ5nCMCS0= ownerName=Dan)
02:54:27.115 [VehicleDeleted] ExpansionUh1h_Resistance (id=3866DCBAA44CC76DE2F7CE96CA920801 pos=<1232.8, 168.58, 7567.16>)
02:54:54.978 [VehicleDeleted] ExpansionUh1h_Resistance (id=E350D3439E43179F4175BEBC35074259 pos=<7925.06, 169.64, 11832.8>)
02:57:09.010 [VehicleDestroyed] ExpansionUh1h_Uber (id=544A9679C7448369308746AF4627EB9B pos=<1228.16, 169.12, 7566.26>)
02:57:26.758 [VehicleDestroyed] ExpansionUh1h (id=1CA36610DF43C81304ACFA9CA7CAA451 pos=<7924.77, 169.45, 11833.4>)
03:03:19.337 [VehicleDeleted] ExpansionUh1h_Uber (id=544A9679C7448369308746AF4627EB9B pos=<1230.46, 168.73, 7567.14>)
03:03:47.060 [VehicleDeleted] ExpansionUh1h (id=1CA36610DF43C81304ACFA9CA7CAA451 pos=<7924.75, 169.45, 11833.4>)
03:05:18.793 [Killfeed] AI Niki (Shamans) got killed by AI Peter (West) with AUR AX from a distance of 3 m.
03:06:02.754 [VehicleDestroyed] ExpansionUh1h_Uber (id=FC4CEB74844AE7FF66AF24A63EBDCB41 pos=<1228.07, 169.16, 7566.12>)
03:06:15.680 [VehicleDestroyed] ExpansionUh1h_Medical (id=3651AFBD69423F5BF84394930EF037EE pos=<7924.68, 169.38, 11833.6>)
03:08:41.801 [Killfeed] AI Judy (West) got killed by AI Cyril (Shamans) with VSD from a distance of 35 m.
03:09:19.361 [Killfeed] AI Irena (East) got killed by AI Cyril (Shamans) with VSD from a distance of 17 m.
03:11:07.718 [Killfeed] AI Peter (West) got killed by AI Cyril (Shamans) with VSD from a distance of 28 m.
03:12:12.585 [VehicleDeleted] ExpansionUh1h_Uber (id=FC4CEB74844AE7FF66AF24A63EBDCB41 pos=<1230.51, 168.77, 7566.99>)
03:12:40.455 [VehicleDeleted] ExpansionUh1h_Medical (id=3651AFBD69423F5BF84394930EF037EE pos=<7924.67, 169.38, 11833.6>)
03:13:10.187 [Killfeed] AI Mirek (Shamans) got killed by AI Naomi (West) with AUR AX from a distance of 15 m.
03:14:54.373 [VehicleDestroyed] ExpansionUh1h (id=37DD879AB143666BAC1834A5D6205ECA pos=<1228.18, 169.12, 7566.23>)
03:15:10.109 [VehicleDestroyed] ExpansionUh1h_Resistance (id=181173E7AD445F8B8C463FAB4C0A3594 pos=<7924.73, 169.43, 11833.5>)
03:21:03.218 [VehicleDeleted] ExpansionUh1h (id=37DD879AB143666BAC1834A5D6205ECA pos=<1230.54, 168.72, 7567.15>)
03:21:13.785 [Killfeed] AI Eva (West) got killed by AI Maria (East) with KA-M from a distance of 11 m.
03:21:31.469 [VehicleDeleted] ExpansionUh1h_Resistance (id=181173E7AD445F8B8C463FAB4C0A3594 pos=<7924.86, 169.44, 11833.5>)
03:22:19.203 [AI Object Patrol 00046] Spawning 1 West bots at <5514.184570, 420.242401, 3833.284668>
03:22:19.267 [AI Object Patrol 00046] Global patrol count: 1
03:22:19.308 [AI Object Patrol 00046] ContaminatedArea category patrol count: 1
03:23:46.307 [VehicleDestroyed] ExpansionUh1h_Medical (id=B5275853D34E5634643D628BA0834218 pos=<1228.17, 169.14, 7566.18>)
03:23:53.432 [AI Object Patrol 00045] Spawning 1 West bots at <6510.103027, 314.177429, 3175.115967>
03:23:53.465 [AI Object Patrol 00045] Global patrol count: 2
03:23:53.475 [AI Object Patrol 00045] HelicopterWreck category patrol count: 1
03:24:08.188 [VehicleDestroyed] ExpansionUh1h_Medical (id=EAAC2D3FD548CC0C369B5790E2CBF2BA pos=<7925.31, 169.56, 11833.4>)
03:24:27.523 [AI Patrol 00018] Spawning 2 Civilian bots at <6722.627930, 313.112244, 3273.992432>
03:24:27.561 [AI Patrol 00018] Global patrol count: 3
03:24:27.580 [AI Patrol 00018] Patrol category patrol count: 1
03:29:06.980 [Killfeed] AI Denis (Shamans) got killed by AI Gabi (West) with M4-A1 from a distance of 15 m.
03:29:56.260 [VehicleDeleted] ExpansionUh1h_Medical (id=B5275853D34E5634643D628BA0834218 pos=<1230.65, 168.77, 7566.94>)
03:30:24.760 [VehicleDeleted] ExpansionUh1h_Medical (id=EAAC2D3FD548CC0C369B5790E2CBF2BA pos=<7927.16, 169.95, 11833.1>)
03:32:41.208 [VehicleDestroyed] ExpansionUh1h_Medical (id=2A69231CAA4DCA3AECD77D8FBDC2BAAC pos=<1228.06, 169.16, 7566.11>)
03:32:47.958 [VehicleDestroyed] ExpansionUh1h (id=45DF6A51154E7A29FA62EE91AE117A1D pos=<7924.75, 169.31, 11834>)
03:38:50.412 [VehicleDeleted] ExpansionUh1h_Medical (id=2A69231CAA4DCA3AECD77D8FBDC2BAAC pos=<1230.43, 168.73, 7567.14>)
03:39:18.575 [VehicleDeleted] ExpansionUh1h (id=45DF6A51154E7A29FA62EE91AE117A1D pos=<7927.35, 169.94, 11833.3>)
03:41:35.351 [VehicleDestroyed] ExpansionUh1h_Uber (id=BE456888FA4FDF1120D84B88EAC1F564 pos=<1228.11, 169.13, 7566.22>)
03:41:45.578 [VehicleDestroyed] ExpansionUh1h_Resistance (id=1202CD6E7046FB0BB0390ABB534C60E4 pos=<7924.6, 169.35, 11833.7>)
03:42:07.958 [AI Patrol 00018] Despawning 2 Civilian bots (spawn position <6722.627930, 313.112244, 3273.992432>, 0/2 deceased)
03:42:07.969 [AI Patrol 00018] Global patrol count: 2
03:42:07.979 [AI Patrol 00018] Patrol category patrol count: 0
03:43:50.292 [Killfeed] AI Naomi (Shamans) got killed by AI Hassan (West) with M16-A2 from a distance of 3 m.
03:47:43.325 [VehicleDeleted] ExpansionUh1h_Uber (id=BE456888FA4FDF1120D84B88EAC1F564 pos=<1230.5, 168.74, 7567.11>)
03:48:11.480 [VehicleDeleted] ExpansionUh1h_Resistance (id=1202CD6E7046FB0BB0390ABB534C60E4 pos=<7924.56, 169.35, 11833.7>)
03:50:26.116 [VehicleDestroyed] ExpansionUh1h (id=5AA193091548D4428A3B048225ABDA45 pos=<1228.17, 169.14, 7566.18>)
03:50:40.777 [VehicleDestroyed] ExpansionUh1h (id=1FD59CF714490A5771F753AA6BC65CF7 pos=<7925.22, 169.46, 11833.8>)
03:52:06.760 [VehicleEnter] Player "Dan" (id=J3DN6WXzRjVAt4j_gUAEgL4v34hqtXpOtTWQ5nCMCS0=) entered vehicle Merlin (id=3075883EEE45400D5F5870914C61C1BA pos=<5991.75, 380.06, 3842.12>) as pilot
03:52:15.665 [VehicleLeave] Player "Dan" (id=J3DN6WXzRjVAt4j_gUAEgL4v34hqtXpOtTWQ5nCMCS0=) left vehicle Merlin (id=3075883EEE45400D5F5870914C61C1BA pos=<5992.11, 379.91, 3842.02>)
03:52:46.565 [VehicleDestroyed] ExpansionMerlin_Wave (id=3075883EEE45400D5F5870914C61C1BA pos=<5993.26, 379.36, 3841.87>)
03:54:43.901 [AI Object Patrol 00045] Despawning 1 West bots (spawn position <6510.103027, 314.177429, 3175.115967>, 0/1 deceased)
03:54:43.965 [AI Object Patrol 00045] Global patrol count: 1
03:54:44.032 [AI Object Patrol 00045] HelicopterWreck category patrol count: 0
03:56:35.482 [VehicleDeleted] ExpansionUh1h (id=5AA193091548D4428A3B048225ABDA45 pos=<1230.54, 168.75, 7567.04>)
03:57:03.239 [VehicleDeleted] ExpansionUh1h (id=1FD59CF714490A5771F753AA6BC65CF7 pos=<7927.19, 169.82, 11833.7>)
03:58:55.867 [VehicleDeleted] ExpansionMerlin_Wave (id=3075883EEE45400D5F5870914C61C1BA pos=<5993.31, 379.36, 3841.83>)
03:59:18.802 [VehicleDestroyed] ExpansionUh1h_Uber (id=A0BF71CA0047E89C961824A07B27F335 pos=<1228.13, 169.12, 7566.24>)
03:59:24.277 [AI Object Patrol 00046] Despawning 1 West bots (spawn position <5514.184570, 420.242401, 3833.284668>, 0/1 deceased)
03:59:24.288 [AI Object Patrol 00046] Global patrol count: 0
03:59:24.299 [AI Object Patrol 00046] ContaminatedArea category patrol count: 0
03:59:40.280 [VehicleDestroyed] ExpansionUh1h (id=E6A9CCBC7A47DDB693BC7FA05F45FB64 pos=<7925.33, 169.55, 11833.4>)
04:05:27.803 [VehicleDeleted] ExpansionUh1h_Uber (id=A0BF71CA0047E89C961824A07B27F335 pos=<1230.31, 168.73, 7567.2>)
04:05:31.177 [Killfeed] AI Lewis (West) got killed by [Drago] Dan with SNAFU Scar-H Snow from a distance of 312 m.
04:05:55.699 [VehicleDeleted] ExpansionUh1h (id=E6A9CCBC7A47DDB693BC7FA05F45FB64 pos=<7927.16, 169.95, 11833.1>)
04:08:11.610 [VehicleDestroyed] ExpansionUh1h (id=0BD990A3574BE6E2B31B26A24CE5E032 pos=<1228.05, 169.13, 7566.21>)
04:08:19.022 [VehicleDestroyed] ExpansionUh1h_Medical (id=FC795BA0C7492EBD2FAC6BB5FD73DA1C pos=<7924.73, 169.28, 11834>)
04:09:37.831 [Killfeed] AI Helga (Shamans) got killed by [Drago] Dan with SNAFU Scar-H Snow from a distance of 156 m.
04:13:37.227 [MissionAirdrop] An airdrop is heading towards "Kolembrody" (pos=<8676.000000, 0.000000, 12114.000000> type=Random_Kolembrody) with a ExpansionAirdropContainer_Medical
04:14:24.109 [VehicleDeleted] ExpansionUh1h (id=0BD990A3574BE6E2B31B26A24CE5E032 pos=<1230.43, 168.73, 7567.14>)
04:14:52.052 [VehicleDeleted] ExpansionUh1h_Medical (id=FC795BA0C7492EBD2FAC6BB5FD73DA1C pos=<7923.63, 168.77, 11835.5>)
04:17:07.217 [VehicleDestroyed] ExpansionUh1h_Uber (id=99F0DA421D4D1825057FF38212E432E1 pos=<1228.05, 169.14, 7566.2>)
04:17:26.468 [VehicleDestroyed] ExpansionUh1h_Medical (id=0EDF8A137D46DF5F900CAEAB9CB29EE7 pos=<7925.16, 169.5, 11833.5>)
04:17:43.435 [Killfeed] AI Elias (West) got killed by [Drago] Dan with SNAFU Scar-H Snow from a distance of 302 m.
04:18:22.799 [Killfeed] AI Judy (West) got killed by [Drago] Dan with SNAFU Scar-H Snow from a distance of 362 m.
04:18:37.753 [Killfeed] AI Kaito (West) got killed by [Drago] Dan with SNAFU Scar-H Snow from a distance of 424 m.
04:23:15.069 [VehicleDeleted] ExpansionUh1h_Uber (id=99F0DA421D4D1825057FF38212E432E1 pos=<1230.36, 168.74, 7567.14>)
04:23:43.413 [VehicleDeleted] ExpansionUh1h_Medical (id=0EDF8A137D46DF5F900CAEAB9CB29EE7 pos=<7926.68, 169.84, 11833.2>)
04:25:22.622 [Party] Player "Dan" (id=J3DN6WXzRjVAt4j_gUAEgL4v34hqtXpOtTWQ5nCMCS0=) left the party "Dragon Unyielding" (id=7 ownerUID=J3DN6WXzRjVAt4j_gUAEgL4v34hqtXpOtTWQ5nCMCS0= ownerName=Dan)
04:25:57.630 [VehicleDestroyed] ExpansionUh1h_Uber (id=7F4CDDEFE144359329D0D4BA8C3D9C22 pos=<1228.14, 169.11, 7566.27>)
04:26:32.505 [VehicleDestroyed] ExpansionUh1h_Resistance (id=06EF332E654BF47E853A35925AD88FB4 pos=<7925.67, 169.58, 11833.4>)
04:32:08.818 [VehicleDeleted] ExpansionUh1h_Uber (id=7F4CDDEFE144359329D0D4BA8C3D9C22 pos=<1230.49, 168.75, 7567.04>)
04:33:04.708 [VehicleDeleted] ExpansionUh1h_Resistance (id=06EF332E654BF47E853A35925AD88FB4 pos=<7928.08, 169.6, 11835.7>)
04:34:51.751 [VehicleDestroyed] ExpansionUh1h_Uber (id=47F96BA41F4365C17EF37797C206F35B pos=<1228.15, 169.12, 7566.26>)
04:35:04.343 [VehicleDestroyed] ExpansionUh1h (id=42461BC2984D2B08D26683B1A6A28618 pos=<7924.95, 169.41, 11833.7>)
04:46:39.739 [Party] Player "Dan" (id=J3DN6WXzRjVAt4j_gUAEgL4v34hqtXpOtTWQ5nCMCS0=) joined the party "Dragon Unyielding" (id=7 ownerUID=J3DN6WXzRjVAt4j_gUAEgL4v34hqtXpOtTWQ5nCMCS0= ownerName=Dan)
04:51:24.618 [VehicleDeleted] ExpansionUh1h_Uber (id=47F96BA41F4365C17EF37797C206F35B pos=<1231.1, 168.6, 7567.46>)
04:51:52.935 [VehicleDeleted] ExpansionUh1h (id=42461BC2984D2B08D26683B1A6A28618 pos=<7925.67, 169.7, 11833>)
04:54:05.799 [VehicleDestroyed] ExpansionUh1h_Medical (id=5E1FEEEC75459326146E678338612672 pos=<1228.17, 169.1, 7566.35>)
04:54:27.764 [VehicleDestroyed] ExpansionUh1h_Resistance (id=7D55ABFFFE4D8F5F9DCF98825DB6B711 pos=<7925.32, 169.54, 11833.4>)
05:00:17.598 [VehicleDeleted] ExpansionUh1h_Medical (id=5E1FEEEC75459326146E678338612672 pos=<1230.36, 168.69, 7567.32>)
05:00:45.334 [VehicleDeleted] ExpansionUh1h_Resistance (id=7D55ABFFFE4D8F5F9DCF98825DB6B711 pos=<7927.41, 169.94, 11833.3>)
05:02:36.691 [Killfeed] AI Boris (East) got killed by AI Mirek (West) with M4-A1 from a distance of 7 m.
05:03:00.214 [VehicleDestroyed] ExpansionUh1h_Uber (id=1950D186EA4A01B0FF5AA49444CBDF91 pos=<1228.16, 169.12, 7566.25>)
05:03:10.962 [VehicleDestroyed] ExpansionUh1h_Resistance (id=A083EDF14644D852FB4B50B04923DF7F pos=<7925.02, 169.36, 11833.9>)
05:05:05.606 [VehicleEnter] Player "Dan" (id=J3DN6WXzRjVAt4j_gUAEgL4v34hqtXpOtTWQ5nCMCS0=) entered vehicle M3S Covered (id=0D44F3EAD74729205EA7B39F1C07D79D pos=<6112.73, 263.04, 6959.24>) as driver
05:05:19.538 [VehicleLeave] Player "Dan" (id=J3DN6WXzRjVAt4j_gUAEgL4v34hqtXpOtTWQ5nCMCS0=) left vehicle M3S Covered (id=0D44F3EAD74729205EA7B39F1C07D79D pos=<6112.73, 263.04, 6959.29>)
05:08:21.743 [AI Object Patrol 00071] Spawning 1 West bots at <7274.067383, 215.680496, 7708.607910>
05:08:21.876 [AI Object Patrol 00071] Global patrol count: 1
05:08:21.885 [AI Object Patrol 00071] HelicopterWreck category patrol count: 1
05:09:19.462 [VehicleDeleted] ExpansionUh1h_Uber (id=1950D186EA4A01B0FF5AA49444CBDF91 pos=<1230.38, 168.74, 7567.15>)
05:09:47.252 [VehicleDeleted] ExpansionUh1h_Resistance (id=A083EDF14644D852FB4B50B04923DF7F pos=<7925.24, 169.01, 11835.8>)
05:12:02.672 [VehicleDestroyed] ExpansionUh1h_Medical (id=1B69455BA94C3C8CE11155B720550C54 pos=<1228.17, 169.11, 7566.31>)
05:12:18.517 [VehicleDestroyed] ExpansionUh1h_Resistance (id=25D2DBBC0F4C5EFF16F070978970978A pos=<7924.63, 169.37, 11833.6>)
05:18:11.075 [VehicleDeleted] ExpansionUh1h_Medical (id=1B69455BA94C3C8CE11155B720550C54 pos=<1230.43, 168.72, 7567.21>)
05:18:38.787 [VehicleDeleted] ExpansionUh1h_Resistance (id=25D2DBBC0F4C5EFF16F070978970978A pos=<7924.63, 169.39, 11833.5>)
05:20:53.254 [VehicleDestroyed] ExpansionUh1h_Resistance (id=D71B44389C4A26E075F6D285E4833D89 pos=<1228.17, 169.14, 7566.17>)
05:21:10.958 [VehicleDestroyed] ExpansionUh1h_Medical (id=8E9DE7C6334446C93010A8AC95CCEBFC pos=<7925, 169.46, 11833.6>)
05:25:19.411 [VehicleEnter] Player "Dan" (id=J3DN6WXzRjVAt4j_gUAEgL4v34hqtXpOtTWQ5nCMCS0=) entered vehicle Mh-6 Little Bird (id=994F5F4FBF433CBFE47A75B67AE1D77F pos=<6563.14, 212.8, 8390.71>) as pilot
05:25:23.325 [VehicleLeave] Player "Dan" (id=J3DN6WXzRjVAt4j_gUAEgL4v34hqtXpOtTWQ5nCMCS0=) left vehicle Mh-6 Little Bird (id=994F5F4FBF433CBFE47A75B67AE1D77F pos=<6563.06, 212.8, 8390.71>)
05:25:45.606 [VehicleEnter] Player "Dan" (id=J3DN6WXzRjVAt4j_gUAEgL4v34hqtXpOtTWQ5nCMCS0=) entered vehicle Mh-6 Little Bird (id=994F5F4FBF433CBFE47A75B67AE1D77F pos=<6563.02, 212.8, 8390.71>) as pilot
05:25:47.294 [VehicleEngine] Player "Dan" (id=J3DN6WXzRjVAt4j_gUAEgL4v34hqtXpOtTWQ5nCMCS0=) started vehicle Mh-6 Little Bird (id=994F5F4FBF433CBFE47A75B67AE1D77F pos=<6562.98, 212.8, 8390.71>)
05:27:03.859 [VehicleDeleted] ExpansionUh1h_Resistance (id=D71B44389C4A26E075F6D285E4833D89 pos=<1230.6, 168.75, 7567.03>)
05:27:31.649 [VehicleDeleted] ExpansionUh1h_Medical (id=8E9DE7C6334446C93010A8AC95CCEBFC pos=<7925.64, 169.56, 11833.6>)
05:28:15.135 [VehicleEngine] Player "Dan" (id=J3DN6WXzRjVAt4j_gUAEgL4v34hqtXpOtTWQ5nCMCS0=) stopped vehicle Mh-6 Little Bird (id=994F5F4FBF433CBFE47A75B67AE1D77F pos=<6265.08, 271.54, 6822.1>)
05:28:24.706 [VehicleLeave] Player "Dan" (id=J3DN6WXzRjVAt4j_gUAEgL4v34hqtXpOtTWQ5nCMCS0=) left vehicle Mh-6 Little Bird (id=994F5F4FBF433CBFE47A75B67AE1D77F pos=<6264.92, 271.53, 6822.1>)
05:29:24.719 [AI Object Patrol 00071] Despawning 1 West bots (spawn position <7274.067383, 215.680496, 7708.607910>, 0/1 deceased)
05:29:24.732 [AI Object Patrol 00071] Global patrol count: 0
05:29:24.745 [AI Object Patrol 00071] HelicopterWreck category patrol count: 0
05:29:46.496 [VehicleDestroyed] ExpansionUh1h (id=A347E0DFA8473F64985A5DA15696E03A pos=<1228.17, 169.1, 7566.31>)
05:30:02.145 [VehicleDestroyed] ExpansionUh1h (id=17DCA5B8C943A577B504FE95F621FBCA pos=<7924.67, 169.41, 11833.5>)
05:30:02.260 [BaseBuildingRaiding] ------------------------- Expansion Base Raiding Damage Report -------------------------
05:30:02.300 [BaseBuildingRaiding] Player "Dan" (id=J3DN6WXzRjVAt4j_gUAEgL4v34hqtXpOtTWQ5nCMCS0= pos=<6271.17, 271.76, 6831.79>) damaged ExpansionWall6x3 at <6273.59, 271.93, 6833.76>
05:30:02.369 [BaseBuildingRaiding] They dealt 160 * 1 = 160 damage with Bullet_762x54 from Snafu_PKP_Black_GUN
05:30:02.451 [BaseBuildingRaiding] GlobalHealth hitpoints decreased from 30000 to 29840
05:30:02.539 [BaseBuildingRaiding] ----------------------------------------------------------------------------------------
05:30:02.656 [BaseBuildingRaiding] ------------------------- Expansion Base Raiding Damage Report -------------------------
05:30:02.784 [BaseBuildingRaiding] Player "Dan" (id=J3DN6WXzRjVAt4j_gUAEgL4v34hqtXpOtTWQ5nCMCS0= pos=<6271.17, 271.76, 6831.79>) damaged ExpansionWall6x3 at <6273.59, 271.93, 6833.76>
05:30:02.898 [BaseBuildingRaiding] They dealt 160 * 1 = 160 damage with Bullet_762x54 from Snafu_PKP_Black_GUN
05:30:02.909 [BaseBuildingRaiding] GlobalHealth hitpoints decreased from 29840 to 29680
05:30:02.920 [BaseBuildingRaiding] ----------------------------------------------------------------------------------------
05:30:02.933 [BaseBuildingRaiding] ------------------------- Expansion Base Raiding Damage Report -------------------------
05:30:02.945 [BaseBuildingRaiding] Player "Dan" (id=J3DN6WXzRjVAt4j_gUAEgL4v34hqtXpOtTWQ5nCMCS0= pos=<6271.17, 271.76, 6831.79>) damaged ExpansionWall6x3 at <6273.59, 271.93, 6833.76>
05:30:02.955 [BaseBuildingRaiding] They dealt 160 * 1 = 160 damage with Bullet_762x54 from Snafu_PKP_Black_GUN
05:30:02.965 [BaseBuildingRaiding] GlobalHealth hitpoints decreased from 29680 to 29520
05:30:02.975 [BaseBuildingRaiding] ----------------------------------------------------------------------------------------
05:30:02.986 [BaseBuildingRaiding] ------------------------- Expansion Base Raiding Damage Report -------------------------
05:30:02.996 [BaseBuildingRaiding] Player "Dan" (id=J3DN6WXzRjVAt4j_gUAEgL4v34hqtXpOtTWQ5nCMCS0= pos=<6271.17, 271.76, 6831.79>) damaged ExpansionWall6x3 at <6273.59, 271.93, 6833.76>
05:30:03.006 [BaseBuildingRaiding] They dealt 160 * 1 = 160 damage with Bullet_762x54 from Snafu_PKP_Black_GUN
05:30:03.015 [BaseBuildingRaiding] GlobalHealth hitpoints decreased from 29520 to 29360
05:30:03.025 [BaseBuildingRaiding] ----------------------------------------------------------------------------------------
05:30:03.085 [BaseBuildingRaiding] ------------------------- Expansion Base Raiding Damage Report -------------------------
05:30:03.095 [BaseBuildingRaiding] Player "Dan" (id=J3DN6WXzRjVAt4j_gUAEgL4v34hqtXpOtTWQ5nCMCS0= pos=<6271.17, 271.76, 6831.79>) damaged ExpansionWall6x3 at <6273.59, 271.93, 6833.76>
05:30:03.105 [BaseBuildingRaiding] They dealt 160 * 1 = 160 damage with Bullet_762x54 from Snafu_PKP_Black_GUN
05:30:03.114 [BaseBuildingRaiding] GlobalHealth hitpoints decreased from 29360 to 29200
05:30:03.124 [BaseBuildingRaiding] ----------------------------------------------------------------------------------------
05:30:03.150 [BaseBuildingRaiding] ------------------------- Expansion Base Raiding Damage Report -------------------------
05:30:03.159 [BaseBuildingRaiding] Player "Dan" (id=J3DN6WXzRjVAt4j_gUAEgL4v34hqtXpOtTWQ5nCMCS0= pos=<6271.17, 271.76, 6831.79>) damaged ExpansionWall6x3 at <6273.59, 271.93, 6833.76>
05:30:03.169 [BaseBuildingRaiding] They dealt 160 * 1 = 160 damage with Bullet_762x54 from Snafu_PKP_Black_GUN
05:30:03.178 [BaseBuildingRaiding] GlobalHealth hitpoints decreased from 29200 to 29040
05:30:03.188 [BaseBuildingRaiding] ----------------------------------------------------------------------------------------
05:30:03.255 [BaseBuildingRaiding] ------------------------- Expansion Base Raiding Damage Report -------------------------
05:30:03.264 [BaseBuildingRaiding] Player "Dan" (id=J3DN6WXzRjVAt4j_gUAEgL4v34hqtXpOtTWQ5nCMCS0= pos=<6271.17, 271.76, 6831.79>) damaged ExpansionWall6x3 at <6273.59, 271.93, 6833.76>
05:30:03.274 [BaseBuildingRaiding] They dealt 160 * 1 = 160 damage with Bullet_762x54 from Snafu_PKP_Black_GUN
05:30:03.291 [BaseBuildingRaiding] GlobalHealth hitpoints decreased from 29040 to 28880
05:30:03.339 [BaseBuildingRaiding] ----------------------------------------------------------------------------------------
05:30:03.428 [BaseBuildingRaiding] ------------------------- Expansion Base Raiding Damage Report -------------------------
05:30:03.549 [BaseBuildingRaiding] Player "Dan" (id=J3DN6WXzRjVAt4j_gUAEgL4v34hqtXpOtTWQ5nCMCS0= pos=<6271.17, 271.76, 6831.79>) damaged ExpansionWall6x3 at <6273.59, 271.93, 6833.76>
05:30:03.691 [BaseBuildingRaiding] They dealt 160 * 1 = 160 damage with Bullet_762x54 from Snafu_PKP_Black_GUN
05:30:03.853 [BaseBuildingRaiding] GlobalHealth hitpoints decreased from 28880 to 28720
05:30:03.868 [BaseBuildingRaiding] ----------------------------------------------------------------------------------------
05:30:03.920 [BaseBuildingRaiding] ------------------------- Expansion Base Raiding Damage Report -------------------------
05:30:03.929 [BaseBuildingRaiding] Player "Dan" (id=J3DN6WXzRjVAt4j_gUAEgL4v34hqtXpOtTWQ5nCMCS0= pos=<6271.17, 271.76, 6831.79>) damaged ExpansionWall6x3 at <6273.59, 271.93, 6833.76>
05:30:03.939 [BaseBuildingRaiding] They dealt 160 * 1 = 160 damage with Bullet_762x54 from Snafu_PKP_Black_GUN
05:30:03.949 [BaseBuildingRaiding] GlobalHealth hitpoints decreased from 28720 to 28560
05:30:03.971 [BaseBuildingRaiding] ----------------------------------------------------------------------------------------
05:30:04.022 [BaseBuildingRaiding] ------------------------- Expansion Base Raiding Damage Report -------------------------
05:30:04.113 [BaseBuildingRaiding] Player "Dan" (id=J3DN6WXzRjVAt4j_gUAEgL4v34hqtXpOtTWQ5nCMCS0= pos=<6271.17, 271.76, 6831.79>) damaged ExpansionWall6x3 at <6273.59, 271.93, 6833.76>
05:30:04.252 [BaseBuildingRaiding] They dealt 160 * 1 = 160 damage with Bullet_762x54 from Snafu_PKP_Black_GUN
05:30:04.436 [BaseBuildingRaiding] GlobalHealth hitpoints decreased from 28560 to 28400
05:30:04.506 [BaseBuildingRaiding] ----------------------------------------------------------------------------------------
05:30:04.527 [BaseBuildingRaiding] ------------------------- Expansion Base Raiding Damage Report -------------------------
05:30:04.545 [BaseBuildingRaiding] Player "Dan" (id=J3DN6WXzRjVAt4j_gUAEgL4v34hqtXpOtTWQ5nCMCS0= pos=<6271.17, 271.76, 6831.79>) damaged ExpansionWall6x3 at <6273.59, 271.93, 6833.76>
05:30:04.555 [BaseBuildingRaiding] They dealt 160 * 1 = 160 damage with Bullet_762x54 from Snafu_PKP_Black_GUN
05:30:04.564 [BaseBuildingRaiding] GlobalHealth hitpoints decreased from 28400 to 28240
05:30:04.574 [BaseBuildingRaiding] ----------------------------------------------------------------------------------------
05:30:04.585 [BaseBuildingRaiding] ------------------------- Expansion Base Raiding Damage Report -------------------------
05:30:04.594 [BaseBuildingRaiding] Player "Dan" (id=J3DN6WXzRjVAt4j_gUAEgL4v34hqtXpOtTWQ5nCMCS0= pos=<6271.17, 271.76, 6831.79>) damaged ExpansionWall6x3 at <6273.59, 271.93, 6833.76>
05:30:04.604 [BaseBuildingRaiding] They dealt 160 * 1 = 160 damage with Bullet_762x54 from Snafu_PKP_Black_GUN
05:30:04.614 [BaseBuildingRaiding] GlobalHealth hitpoints decreased from 28240 to 28080
05:30:04.624 [BaseBuildingRaiding] ----------------------------------------------------------------------------------------
05:30:04.635 [BaseBuildingRaiding] ------------------------- Expansion Base Raiding Damage Report -------------------------
05:30:04.645 [BaseBuildingRaiding] Player "Dan" (id=J3DN6WXzRjVAt4j_gUAEgL4v34hqtXpOtTWQ5nCMCS0= pos=<6271.17, 271.76, 6831.79>) damaged ExpansionWall6x3 at <6273.59, 271.93, 6833.76>
05:30:04.654 [BaseBuildingRaiding] They dealt 160 * 1 = 160 damage with Bullet_762x54 from Snafu_PKP_Black_GUN
05:30:04.664 [BaseBuildingRaiding] GlobalHealth hitpoints decreased from 28080 to 27920
05:30:04.673 [BaseBuildingRaiding] ----------------------------------------------------------------------------------------
05:30:04.700 [BaseBuildingRaiding] ------------------------- Expansion Base Raiding Damage Report -------------------------
05:30:04.710 [BaseBuildingRaiding] Player "Dan" (id=J3DN6WXzRjVAt4j_gUAEgL4v34hqtXpOtTWQ5nCMCS0= pos=<6271.17, 271.76, 6831.79>) damaged ExpansionWall6x3 at <6273.59, 271.93, 6833.76>
05:30:04.720 [BaseBuildingRaiding] They dealt 160 * 1 = 160 damage with Bullet_762x54 from Snafu_PKP_Black_GUN
05:30:04.730 [BaseBuildingRaiding] GlobalHealth hitpoints decreased from 27920 to 27760
05:30:04.739 [BaseBuildingRaiding] ----------------------------------------------------------------------------------------
05:30:04.751 [BaseBuildingRaiding] ------------------------- Expansion Base Raiding Damage Report -------------------------
05:30:04.761 [BaseBuildingRaiding] Player "Dan" (id=J3DN6WXzRjVAt4j_gUAEgL4v34hqtXpOtTWQ5nCMCS0= pos=<6271.17, 271.76, 6831.79>) damaged ExpansionWall6x3 at <6273.59, 271.93, 6833.76>
05:30:04.771 [BaseBuildingRaiding] They dealt 160 * 1 = 160 damage with Bullet_762x54 from Snafu_PKP_Black_GUN
05:30:04.781 [BaseBuildingRaiding] GlobalHealth hitpoints decreased from 27760 to 27600
05:30:04.790 [BaseBuildingRaiding] ----------------------------------------------------------------------------------------
05:30:04.801 [BaseBuildingRaiding] ------------------------- Expansion Base Raiding Damage Report -------------------------
05:30:04.811 [BaseBuildingRaiding] Player "Dan" (id=J3DN6WXzRjVAt4j_gUAEgL4v34hqtXpOtTWQ5nCMCS0= pos=<6271.17, 271.76, 6831.79>) damaged ExpansionWall6x3 at <6273.59, 271.93, 6833.76>
05:30:04.820 [BaseBuildingRaiding] They dealt 160 * 1 = 160 damage with Bullet_762x54 from Snafu_PKP_Black_GUN
05:30:04.830 [BaseBuildingRaiding] GlobalHealth hitpoints decreased from 27600 to 27440
05:30:04.839 [BaseBuildingRaiding] ----------------------------------------------------------------------------------------
05:30:04.849 [BaseBuildingRaiding] ------------------------- Expansion Base Raiding Damage Report -------------------------
05:30:04.859 [BaseBuildingRaiding] Player "Dan" (id=J3DN6WXzRjVAt4j_gUAEgL4v34hqtXpOtTWQ5nCMCS0= pos=<6271.17, 271.76, 6831.79>) damaged ExpansionWall6x3 at <6273.59, 271.93, 6833.76>
05:30:04.868 [BaseBuildingRaiding] They dealt 160 * 1 = 160 damage with Bullet_762x54 from Snafu_PKP_Black_GUN
05:30:04.877 [BaseBuildingRaiding] GlobalHealth hitpoints decreased from 27440 to 27280
05:30:04.886 [BaseBuildingRaiding] ----------------------------------------------------------------------------------------
05:30:04.896 [BaseBuildingRaiding] ------------------------- Expansion Base Raiding Damage Report -------------------------
05:30:04.905 [BaseBuildingRaiding] Player "Dan" (id=J3DN6WXzRjVAt4j_gUAEgL4v34hqtXpOtTWQ5nCMCS0= pos=<6271.17, 271.76, 6831.79>) damaged ExpansionWall6x3 at <6273.59, 271.93, 6833.76>
05:30:04.915 [BaseBuildingRaiding] They dealt 160 * 1 = 160 damage with Bullet_762x54 from Snafu_PKP_Black_GUN
05:30:04.924 [BaseBuildingRaiding] GlobalHealth hitpoints decreased from 27280 to 27120
05:30:04.933 [BaseBuildingRaiding] ----------------------------------------------------------------------------------------
05:30:04.944 [BaseBuildingRaiding] ------------------------- Expansion Base Raiding Damage Report -------------------------
05:30:04.954 [BaseBuildingRaiding] Player "Dan" (id=J3DN6WXzRjVAt4j_gUAEgL4v34hqtXpOtTWQ5nCMCS0= pos=<6271.17, 271.76, 6831.79>) damaged ExpansionWall6x3 at <6273.59, 271.93, 6833.76>
05:30:04.963 [BaseBuildingRaiding] They dealt 160 * 1 = 160 damage with Bullet_762x54 from Snafu_PKP_Black_GUN
05:30:04.973 [BaseBuildingRaiding] GlobalHealth hitpoints decreased from 27120 to 26960
05:30:04.982 [BaseBuildingRaiding] ----------------------------------------------------------------------------------------
05:30:04.993 [BaseBuildingRaiding] ------------------------- Expansion Base Raiding Damage Report -------------------------
05:30:05.003 [BaseBuildingRaiding] Player "Dan" (id=J3DN6WXzRjVAt4j_gUAEgL4v34hqtXpOtTWQ5nCMCS0= pos=<6271.17, 271.76, 6831.79>) damaged ExpansionWall6x3 at <6273.59, 271.93, 6833.76>
05:30:05.012 [BaseBuildingRaiding] They dealt 160 * 1 = 160 damage with Bullet_762x54 from Snafu_PKP_Black_GUN
05:30:05.021 [BaseBuildingRaiding] GlobalHealth hitpoints decreased from 26960 to 26800
05:30:05.030 [BaseBuildingRaiding] ----------------------------------------------------------------------------------------
05:30:05.041 [BaseBuildingRaiding] ------------------------- Expansion Base Raiding Damage Report -------------------------
05:30:05.050 [BaseBuildingRaiding] Player "Dan" (id=J3DN6WXzRjVAt4j_gUAEgL4v34hqtXpOtTWQ5nCMCS0= pos=<6271.17, 271.76, 6831.79>) damaged ExpansionWall6x3 at <6273.59, 271.93, 6833.76>
05:30:05.058 [BaseBuildingRaiding] They dealt 160 * 1 = 160 damage with Bullet_762x54 from Snafu_PKP_Black_GUN
05:30:05.067 [BaseBuildingRaiding] GlobalHealth hitpoints decreased from 26800 to 26640
05:30:05.076 [BaseBuildingRaiding] ----------------------------------------------------------------------------------------
05:30:05.101 [BaseBuildingRaiding] ------------------------- Expansion Base Raiding Damage Report -------------------------
05:30:05.110 [BaseBuildingRaiding] Player "Dan" (id=J3DN6WXzRjVAt4j_gUAEgL4v34hqtXpOtTWQ5nCMCS0= pos=<6271.17, 271.76, 6831.79>) damaged ExpansionWall6x3 at <6273.59, 271.93, 6833.76>
05:30:05.119 [BaseBuildingRaiding] They dealt 160 * 1 = 160 damage with Bullet_762x54 from Snafu_PKP_Black_GUN
05:30:05.129 [BaseBuildingRaiding] GlobalHealth hitpoints decreased from 26640 to 26480
05:30:05.138 [BaseBuildingRaiding] ----------------------------------------------------------------------------------------
05:30:05.150 [BaseBuildingRaiding] ------------------------- Expansion Base Raiding Damage Report -------------------------
05:30:05.159 [BaseBuildingRaiding] Player "Dan" (id=J3DN6WXzRjVAt4j_gUAEgL4v34hqtXpOtTWQ5nCMCS0= pos=<6271.17, 271.76, 6831.79>) damaged ExpansionWall6x3 at <6273.59, 271.93, 6833.76>
05:30:05.169 [BaseBuildingRaiding] They dealt 160 * 1 = 160 damage with Bullet_762x54 from Snafu_PKP_Black_GUN
05:30:05.178 [BaseBuildingRaiding] GlobalHealth hitpoints decreased from 26480 to 26320
05:30:05.188 [BaseBuildingRaiding] ----------------------------------------------------------------------------------------
05:30:05.199 [BaseBuildingRaiding] ------------------------- Expansion Base Raiding Damage Report -------------------------
05:30:05.210 [BaseBuildingRaiding] Player "Dan" (id=J3DN6WXzRjVAt4j_gUAEgL4v34hqtXpOtTWQ5nCMCS0= pos=<6271.17, 271.76, 6831.79>) damaged ExpansionWall6x3 at <6273.59, 271.93, 6833.76>
05:30:05.219 [BaseBuildingRaiding] They dealt 160 * 1 = 160 damage with Bullet_762x54 from Snafu_PKP_Black_GUN
05:30:05.229 [BaseBuildingRaiding] GlobalHealth hitpoints decreased from 26320 to 26160
05:30:05.238 [BaseBuildingRaiding] ----------------------------------------------------------------------------------------
05:30:05.250 [BaseBuildingRaiding] ------------------------- Expansion Base Raiding Damage Report -------------------------
05:30:05.260 [BaseBuildingRaiding] Player "Dan" (id=J3DN6WXzRjVAt4j_gUAEgL4v34hqtXpOtTWQ5nCMCS0= pos=<6271.17, 271.76, 6831.79>) damaged ExpansionWall6x3 at <6273.59, 271.93, 6833.76>
05:30:05.269 [BaseBuildingRaiding] They dealt 160 * 1 = 160 damage with Bullet_762x54 from Snafu_PKP_Black_GUN
05:30:05.279 [BaseBuildingRaiding] GlobalHealth hitpoints decreased from 26160 to 26000
05:30:05.288 [BaseBuildingRaiding] ----------------------------------------------------------------------------------------
05:30:33.311 [VehicleDestroyed] ExpansionUAZCargo (id=20B2CC4973467257E986109D9C4D2DB8 pos=<6273.64, 271.73, 6842.08>)
05:30:57.816 [BaseBuildingRaiding] ------------------------- Expansion Base Raiding Damage Report -------------------------
05:30:57.826 [BaseBuildingRaiding] Player "Dan" (id=J3DN6WXzRjVAt4j_gUAEgL4v34hqtXpOtTWQ5nCMCS0= pos=<6271.05, 271.95, 6844.18>) damaged ExpansionWall6x3 at <6279.57, 271.93, 6841.12>
05:30:57.835 [BaseBuildingRaiding] They dealt 17.4659 * 1 = 17.4659 damage with Bullet_308Win from Snafu_ScarH_Snow_GUN
05:30:57.844 [BaseBuildingRaiding] GlobalHealth hitpoints decreased from 30000 to 29982.5
05:30:57.854 [BaseBuildingRaiding] ----------------------------------------------------------------------------------------
05:31:01.795 [BaseBuildingRaiding] ------------------------- Expansion Base Raiding Damage Report -------------------------
05:31:01.804 [BaseBuildingRaiding] Player "Dan" (id=J3DN6WXzRjVAt4j_gUAEgL4v34hqtXpOtTWQ5nCMCS0= pos=<6274.04, 271.95, 6845.34>) damaged ExpansionWall6x3 at <6274.51, 271.93, 6837.9>
05:31:01.814 [BaseBuildingRaiding] They dealt 99.8522 * 1 = 99.8522 damage with Bullet_308Win from Snafu_ScarH_Snow_GUN
05:31:01.824 [BaseBuildingRaiding] GlobalHealth hitpoints decreased from 30000 to 29900.1
05:31:01.833 [BaseBuildingRaiding] ----------------------------------------------------------------------------------------
05:31:04.230 [BaseBuildingRaiding] ------------------------- Expansion Base Raiding Damage Report -------------------------
05:31:04.240 [BaseBuildingRaiding] Player "Dan" (id=J3DN6WXzRjVAt4j_gUAEgL4v34hqtXpOtTWQ5nCMCS0= pos=<6274.62, 271.95, 6845.83>) damaged ExpansionWall6x3 at <6274.51, 271.93, 6837.9>
05:31:04.250 [BaseBuildingRaiding] They dealt 12.7794 * 1 = 12.7794 damage with Bullet_308Win from Snafu_ScarH_Snow_GUN
05:31:04.260 [BaseBuildingRaiding] GlobalHealth hitpoints decreased from 29900.1 to 29887.4
05:31:04.270 [BaseBuildingRaiding] ----------------------------------------------------------------------------------------
05:31:04.666 [BaseBuildingRaiding] ------------------------- Expansion Base Raiding Damage Report -------------------------
05:31:04.676 [BaseBuildingRaiding] Player "Dan" (id=J3DN6WXzRjVAt4j_gUAEgL4v34hqtXpOtTWQ5nCMCS0= pos=<6274.62, 271.95, 6845.83>) damaged ExpansionWall6x3 at <6274.51, 271.93, 6837.9>
05:31:04.686 [BaseBuildingRaiding] They dealt 157.176 * 1 = 157.176 damage with Bullet_308Win from Snafu_ScarH_Snow_GUN
05:31:04.696 [BaseBuildingRaiding] GlobalHealth hitpoints decreased from 29887.4 to 29730.2
05:31:04.706 [BaseBuildingRaiding] ----------------------------------------------------------------------------------------
05:31:15.741 [VehicleEnter] Player "Dan" (id=J3DN6WXzRjVAt4j_gUAEgL4v34hqtXpOtTWQ5nCMCS0=) entered vehicle Mh-6 Little Bird (id=994F5F4FBF433CBFE47A75B67AE1D77F pos=<6264.45, 271.49, 6822.1>) as pilot
05:31:17.837 [VehicleEngine] Player "Dan" (id=J3DN6WXzRjVAt4j_gUAEgL4v34hqtXpOtTWQ5nCMCS0=) started vehicle Mh-6 Little Bird (id=994F5F4FBF433CBFE47A75B67AE1D77F pos=<6264.42, 271.49, 6822.1>)
05:31:56.291 [AI Object Patrol 00009] Spawning 2 West bots at <7467.041016, 227.967834, 6482.800293>
05:31:56.323 [AI Object Patrol 00009] Global patrol count: 1
05:31:56.333 [AI Object Patrol 00009] ContaminatedArea category patrol count: 1
05:32:04.431 [AI Object Patrol 00008] Spawning 1 West bots at <7469.289551, 228.160019, 6127.497559>
05:32:04.589 [AI Object Patrol 00008] Global patrol count: 2
05:32:04.714 [AI Object Patrol 00008] ContaminatedArea category patrol count: 2
05:32:08.238 [AI Object Patrol 00079] Spawning 3 East bots at <7948.256348, 281.784546, 6594.806641>
05:32:08.269 [AI Object Patrol 00079] Global patrol count: 3
05:32:08.279 [AI Object Patrol 00079] HelicopterWreck category patrol count: 1
05:33:30.921 [AI Object Patrol 00081] Spawning 1 West bots at <7131.762207, 307.130951, 5100.068848>
05:33:30.950 [AI Object Patrol 00081] Global patrol count: 4
05:33:30.960 [AI Object Patrol 00081] HelicopterWreck category patrol count: 2
05:36:00.889 [VehicleDeleted] ExpansionUh1h (id=A347E0DFA8473F64985A5DA15696E03A pos=<1230.44, 168.71, 7567.23>)
05:36:29.015 [VehicleDeleted] ExpansionUh1h (id=17DCA5B8C943A577B504FE95F621FBCA pos=<7924.67, 169.41, 11833.5>)
05:36:56.883 [VehicleDeleted] ExpansionUAZCargo (id=20B2CC4973467257E986109D9C4D2DB8 pos=<6273.64, 271.73, 6842.08>)
05:38:43.618 [VehicleDestroyed] ExpansionUh1h (id=361D684BD74875C0928C3DA9BF1A1EA9 pos=<1228.18, 169.13, 7566.18>)
05:39:02.485 [VehicleDestroyed] ExpansionUh1h (id=D4E34C5BBC42E45EEAE5A9B01649CDF1 pos=<7925.46, 169.53, 11833.5>)
05:39:20.194 [VehicleEngine] Player "Dan" (id=J3DN6WXzRjVAt4j_gUAEgL4v34hqtXpOtTWQ5nCMCS0=) stopped vehicle Mh-6 Little Bird (id=994F5F4FBF433CBFE47A75B67AE1D77F pos=<4891.08, 311.82, 7279.6>)
05:39:26.917 [VehicleLeave] Player "Dan" (id=J3DN6WXzRjVAt4j_gUAEgL4v34hqtXpOtTWQ5nCMCS0=) left vehicle Mh-6 Little Bird (id=994F5F4FBF433CBFE47A75B67AE1D77F pos=<4893.36, 311.5, 7279>)
05:39:55.422 [BaseRaiding] ExpansionWall6x3 (<4876.198730, 311.679169, 7316.454102>) Damaged "player "Dan" (ID = "J3DN6WXzRjVAt4j_gUAEgL4v34hqtXpOtTWQ5nCMCS0=" at <4876.863770, 311.615997, 7316.481445>)" by 10 health points. Reason: Failed to enter the correct code.
05:39:55.580 [BaseRaiding] ExpansionWall6x3 (<4876.198730, 311.679169, 7316.454102>) The correct code was 5524 and the player tried 0000
05:40:55.897 [BaseRaiding] ExpansionWall6x3 (<4876.198730, 311.679169, 7316.454102>) Damaged "player "Dan" (ID = "J3DN6WXzRjVAt4j_gUAEgL4v34hqtXpOtTWQ5nCMCS0=" at <4877.261230, 311.614136, 7316.561035>)" by 10 health points. Reason: Failed to enter the correct code.
05:40:56.008 [BaseRaiding] ExpansionWall6x3 (<4876.198730, 311.679169, 7316.454102>) The correct code was 5524 and the player tried 1234
05:41:06.559 [BaseRaiding] ExpansionWall6x3 (<4876.198730, 311.679169, 7316.454102>) Damaged "player "Dan" (ID = "J3DN6WXzRjVAt4j_gUAEgL4v34hqtXpOtTWQ5nCMCS0=" at <4877.261230, 311.614136, 7316.561035>)" by 10 health points. Reason: Failed to enter the correct code.
05:41:06.570 [BaseRaiding] ExpansionWall6x3 (<4876.198730, 311.679169, 7316.454102>) The correct code was 5524 and the player tried 0000
05:41:15.955 [BaseRaiding] ExpansionWall6x3 (<4876.198730, 311.679169, 7316.454102>) Damaged "player "Dan" (ID = "J3DN6WXzRjVAt4j_gUAEgL4v34hqtXpOtTWQ5nCMCS0=" at <4877.261230, 311.614136, 7316.561035>)" by 10 health points. Reason: Failed to enter the correct code.
05:41:15.967 [BaseRaiding] ExpansionWall6x3 (<4876.198730, 311.679169, 7316.454102>) The correct code was 5524 and the player tried 1254
05:42:20.251 [MissionAirdrop] An airdrop is heading towards "Zapadlisko" (pos=<8399.000000, 0.000000, 8803.000000> type=Random_Zapadlisko) with a ExpansionAirdropContainer_Basebuilding
05:42:58.116 [AI Object Patrol 00009] Despawning 2 West bots (spawn position <7467.041016, 227.967834, 6482.800293>, 0/2 deceased)
05:42:58.126 [AI Object Patrol 00009] Global patrol count: 3
05:42:58.136 [AI Object Patrol 00009] ContaminatedArea category patrol count: 1
05:43:05.225 [AI Object Patrol 00079] Despawning 3 East bots (spawn position <7948.256348, 281.784546, 6594.806641>, 0/3 deceased)
05:43:05.235 [AI Object Patrol 00079] Global patrol count: 2
05:43:05.245 [AI Object Patrol 00079] HelicopterWreck category patrol count: 1
05:43:13.114 [AI Object Patrol 00008] Despawning 1 West bots (spawn position <7469.289551, 228.160019, 6127.497559>, 0/1 deceased)
05:43:13.124 [AI Object Patrol 00008] Global patrol count: 1
05:43:13.134 [AI Object Patrol 00008] ContaminatedArea category patrol count: 0
05:44:16.656 [AI Object Patrol 00081] Despawning 1 West bots (spawn position <7131.762207, 307.130951, 5100.068848>, 0/1 deceased)
05:44:16.675 [AI Object Patrol 00081] Global patrol count: 0
05:44:16.694 [AI Object Patrol 00081] HelicopterWreck category patrol count: 0
05:44:55.393 [VehicleDeleted] ExpansionUh1h (id=361D684BD74875C0928C3DA9BF1A1EA9 pos=<1230.47, 168.75, 7567.04>)
05:44:58.154 [BaseRaiding] ExpansionWall6x3 (<4876.198730, 311.679169, 7316.454102>) Damaged "player "Dan" (ID = "J3DN6WXzRjVAt4j_gUAEgL4v34hqtXpOtTWQ5nCMCS0=" at <4877.345703, 311.613647, 7316.601074>)" by 10 health points. Reason: Failed to enter the correct code.
05:44:58.165 [BaseRaiding] ExpansionWall6x3 (<4876.198730, 311.679169, 7316.454102>) The correct code was 5524 and the player tried 050
05:45:23.360 [VehicleDeleted] ExpansionUh1h (id=D4E34C5BBC42E45EEAE5A9B01649CDF1 pos=<7926.63, 169.3, 11835.7>)
05:47:39.116 [VehicleDestroyed] ExpansionUh1h (id=0053FB196C4916D2455A359A1815B51E pos=<1228.1, 169.13, 7566.22>)
05:47:54.565 [VehicleDestroyed] ExpansionUh1h_Uber (id=6AE18671C342EDF6A80981AADEFACDAD pos=<7924.74, 169.43, 11833.5>)
05:51:13.199 [BaseRaiding] ExpansionWall6x3 (<4876.198730, 311.679169, 7316.454102>) Damaged "player "Dan" (ID = "J3DN6WXzRjVAt4j_gUAEgL4v34hqtXpOtTWQ5nCMCS0=" at <4876.976074, 311.615448, 7316.785156>)" by 10 health points. Reason: Failed to enter the correct code.
05:51:13.211 [BaseRaiding] ExpansionWall6x3 (<4876.198730, 311.679169, 7316.454102>) The correct code was 5524 and the player tried 0852
05:51:19.272 [BaseRaiding] ExpansionWall6x3 (<4876.198730, 311.679169, 7316.454102>) Damaged "player "Dan" (ID = "J3DN6WXzRjVAt4j_gUAEgL4v34hqtXpOtTWQ5nCMCS0=" at <4876.976074, 311.615448, 7316.785156>)" by 10 health points. Reason: Failed to enter the correct code.
05:51:19.285 [BaseRaiding] ExpansionWall6x3 (<4876.198730, 311.679169, 7316.454102>) The correct code was 5524 and the player tried 2580
05:51:27.843 [BaseRaiding] ExpansionWall6x3 (<4876.198730, 311.679169, 7316.454102>) Damaged "player "Dan" (ID = "J3DN6WXzRjVAt4j_gUAEgL4v34hqtXpOtTWQ5nCMCS0=" at <4876.976074, 311.615448, 7316.785156>)" by 10 health points. Reason: Failed to enter the correct code.
05:51:27.855 [BaseRaiding] ExpansionWall6x3 (<4876.198730, 311.679169, 7316.454102>) The correct code was 5524 and the player tried 1111
05:51:31.959 [BaseRaiding] ExpansionWall6x3 (<4876.198730, 311.679169, 7316.454102>) Damaged "player "Dan" (ID = "J3DN6WXzRjVAt4j_gUAEgL4v34hqtXpOtTWQ5nCMCS0=" at <4876.976074, 311.615448, 7316.785156>)" by 10 health points. Reason: Failed to enter the correct code.
05:51:31.970 [BaseRaiding] ExpansionWall6x3 (<4876.198730, 311.679169, 7316.454102>) The correct code was 5524 and the player tried 1199
05:52:09.185 [VehicleEnter] Player "Dan" (id=J3DN6WXzRjVAt4j_gUAEgL4v34hqtXpOtTWQ5nCMCS0=) entered vehicle Mh-6 Little Bird (id=994F5F4FBF433CBFE47A75B67AE1D77F pos=<4894.31, 311.43, 7278.68>) as pilot
05:52:10.767 [VehicleEngine] Player "Dan" (id=J3DN6WXzRjVAt4j_gUAEgL4v34hqtXpOtTWQ5nCMCS0=) started vehicle Mh-6 Little Bird (id=994F5F4FBF433CBFE47A75B67AE1D77F pos=<4894.34, 311.42, 7278.64>)
05:53:49.215 [VehicleDeleted] ExpansionUh1h (id=0053FB196C4916D2455A359A1815B51E pos=<1230.38, 168.73, 7567.15>)
05:54:17.295 [VehicleDeleted] ExpansionUh1h_Uber (id=6AE18671C342EDF6A80981AADEFACDAD pos=<7924.78, 169.44, 11833.5>)
05:56:33.842 [VehicleDestroyed] ExpansionUh1h_Resistance (id=85CE4CEDE847F9E544F6249E46A33746 pos=<1228.12, 169.13, 7566.22>)
05:56:50.218 [VehicleDestroyed] ExpansionUh1h_Medical (id=FDC3DB7F824DD8C07FA6BAA7185BDB80 pos=<7924.88, 169.45, 11833.5>)
06:02:30.170 [VehicleEngine] Player "Dan" (id=J3DN6WXzRjVAt4j_gUAEgL4v34hqtXpOtTWQ5nCMCS0=) stopped vehicle Mh-6 Little Bird (id=994F5F4FBF433CBFE47A75B67AE1D77F pos=<6573.2, 212.8, 8397.5>)
06:02:33.921 [VehicleLeave] Player "Dan" (id=J3DN6WXzRjVAt4j_gUAEgL4v34hqtXpOtTWQ5nCMCS0=) left vehicle Mh-6 Little Bird (id=994F5F4FBF433CBFE47A75B67AE1D77F pos=<6573.26, 212.8, 8397.5>)
06:02:44.017 [VehicleDeleted] ExpansionUh1h_Resistance (id=85CE4CEDE847F9E544F6249E46A33746 pos=<1230.45, 168.73, 7567.15>)
06:03:11.941 [VehicleDeleted] ExpansionUh1h_Medical (id=FDC3DB7F824DD8C07FA6BAA7185BDB80 pos=<7924.95, 169.45, 11833.6>)
06:03:41.853 [Party] Player "Dan" (id=J3DN6WXzRjVAt4j_gUAEgL4v34hqtXpOtTWQ5nCMCS0=) left the party "Dragon Unyielding" (id=7 ownerUID=J3DN6WXzRjVAt4j_gUAEgL4v34hqtXpOtTWQ5nCMCS0= ownerName=Dan)
