22:23:17.608 [VehicleDestroyed] ExpansionUh1h_Medical (id=9A403B4FC54307F21CDDCC844EF01F6A pos=<7924.07, 169.22, 11833.8>)
22:23:17.629 [VehicleDestroyed] ExpansionUh1h_Uber (id=37C8CC7244428A38E154DF991B46BFE0 pos=<1229.72, 168.93, 7566.54>)
22:23:21.105 [VehicleDeleted] ExpansionUh1h_Medical (id=7D77474B2C4123C9771CD682FB6D60FB pos=<7924.07, 169.22, 11833.8>)
22:23:21.116 [VehicleDeleted] ExpansionUh1h_Uber (id=60FC1E6E3641FC86D5743291C925E510 pos=<1229.72, 168.93, 7566.54>)
22:24:00.665 [AI Object Patrol 00004] Spawning 1 West bots at <5430.868652, 437.594971, 1454.958740>
22:24:07.930 [AI Object Patrol 00004] Global patrol count: 1
22:24:07.940 [AI Object Patrol 00004] HelicopterWreck category patrol count: 1
22:24:07.978 [AI Patrol 00017] Spawning 3 West bots at <7517.992188, 326.916779, 2720.317139>
22:24:08.016 [AI Patrol 00017] Global patrol count: 2
22:24:08.046 [AI Patrol 00017] Patrol category patrol count: 1
22:24:08.236 [AI Patrol 00016] Spawning 3 East bots at <7707.317871, 307.212524, 2851.991211>
22:24:08.384 [AI Patrol 00016] Global patrol count: 3
22:24:08.534 [AI Patrol 00016] Patrol category patrol count: 2
22:26:04.167 [VehicleDestroyed] ExpansionUh1h_Resistance (id=6CF03AD2094C5F51DAB7A98912BD11F3 pos=<1228.14, 169.11, 7566.28>)
22:26:23.271 [VehicleDestroyed] ExpansionUh1h_Uber (id=9B79A215F74ADCFCAFA045B2517178EF pos=<7924.96, 169.47, 11833.5>)
22:29:17.466 [AI Object Patrol 00022] Spawning 1 West bots at <7473.810059, 295.659393, 2445.461182>
22:29:17.507 [AI Object Patrol 00022] Global patrol count: 4
22:29:17.517 [AI Object Patrol 00022] ContaminatedArea category patrol count: 1
22:29:24.370 [AI Object Patrol 00004] Despawning 1 West bots (spawn position <5430.868652, 437.594971, 1454.958740>, 0/1 deceased)
22:29:24.537 [AI Object Patrol 00004] Global patrol count: 3
22:29:24.625 [AI Object Patrol 00004] HelicopterWreck category patrol count: 0
22:30:23.194 [Chat - Global]("vERKE"(id=yvJkN5qXM69k4xYaDnfdkc8E-_KSFkOOk2WBLvNcg54=)): a fox scared the shit out of me
22:30:33.437 [Chat - Global]("snake"(id=0nsyEhm9INQy3se8y-fXlbMHVv4YsIXloUCLC2unDyo=)): xD
22:32:07.169 [VehicleEnter] Player "snake" (id=0nsyEhm9INQy3se8y-fXlbMHVv4YsIXloUCLC2unDyo=) entered vehicle Gyrocopter (id=961DFC0DD54BCF458A74E6A5EF960114 pos=<8338.54, 334.75, 1641.75>) as pilot
22:32:08.611 [VehicleEngine] Player "snake" (id=0nsyEhm9INQy3se8y-fXlbMHVv4YsIXloUCLC2unDyo=) started vehicle Gyrocopter (id=961DFC0DD54BCF458A74E6A5EF960114 pos=<8338.54, 334.75, 1641.77>)
22:32:11.577 [VehicleDeleted] ExpansionUh1h_Resistance (id=6CF03AD2094C5F51DAB7A98912BD11F3 pos=<1230.31, 168.72, 7567.21>)
22:32:39.685 [VehicleDeleted] ExpansionUh1h_Uber (id=9B79A215F74ADCFCAFA045B2517178EF pos=<7924.86, 169.47, 11833.4>)
22:32:42.042 [AI Object Patrol 00024] Spawning 3 West bots at <9659.762695, 419.295654, 1031.764526>
22:32:42.087 [AI Object Patrol 00024] Global patrol count: 4
22:32:42.103 [AI Object Patrol 00024] HelicopterWreck category patrol count: 1
22:33:06.885 [AI Object Patrol 00022] West bots were wiped out (spawn position <7473.810059, 295.659393, 2445.461182>, 1/1 deceased)
22:33:06.901 [AI Object Patrol 00022] Global patrol count: 3
22:33:06.916 [AI Object Patrol 00022] ContaminatedArea category patrol count: 0
22:34:53.714 [VehicleDestroyed] ExpansionUh1h_Uber (id=2296914B1847705034349C935157FE9A pos=<1228.2, 169.09, 7566.34>)
22:35:13.870 [VehicleDestroyed] ExpansionUh1h_Medical (id=52723F1B8E477F3B75C2CCA9F1594051 pos=<7925.2, 169.54, 11833.4>)
22:36:15.673 [Chat - Global]("vERKE"(id=yvJkN5qXM69k4xYaDnfdkc8E-_KSFkOOk2WBLvNcg54=)): I came to the free loot stuff
22:36:20.140 [Chat - Global]("vERKE"(id=yvJkN5qXM69k4xYaDnfdkc8E-_KSFkOOk2WBLvNcg54=)): but there are wolves
22:36:31.017 [Chat - Global]("snake"(id=0nsyEhm9INQy3se8y-fXlbMHVv4YsIXloUCLC2unDyo=)): gping
22:36:59.298 [Chat - Global]("snake"(id=0nsyEhm9INQy3se8y-fXlbMHVv4YsIXloUCLC2unDyo=)): stay live
22:37:05.898 [Chat - Global]("vERKE"(id=yvJkN5qXM69k4xYaDnfdkc8E-_KSFkOOk2WBLvNcg54=)): haha I am trying
22:38:17.159 [SpawnSelection] Player "vERKE" (id=yvJkN5qXM69k4xYaDnfdkc8E-_KSFkOOk2WBLvNcg54=) spawned at <10221.799805, 242.677994, 2168.860107>
22:38:21.524 [Chat - Global]("snake"(id=0nsyEhm9INQy3se8y-fXlbMHVv4YsIXloUCLC2unDyo=)): still here?
22:38:28.142 [VehicleEngine] Player "NULL" (id=NULL) stopped vehicle Gyrocopter (id=961DFC0DD54BCF458A74E6A5EF960114 pos=<8330.2, 320.62, 1624.57>)
22:38:28.156 [VehicleLeave] Player "snake" (id=0nsyEhm9INQy3se8y-fXlbMHVv4YsIXloUCLC2unDyo=) left vehicle Gyrocopter (id=961DFC0DD54BCF458A74E6A5EF960114 pos=<8330.2, 320.62, 1624.57>)
22:38:31.238 [Chat - Global]("vERKE"(id=yvJkN5qXM69k4xYaDnfdkc8E-_KSFkOOk2WBLvNcg54=)): nope haha
22:38:53.375 [Chat - Global]("vERKE"(id=yvJkN5qXM69k4xYaDnfdkc8E-_KSFkOOk2WBLvNcg54=)): You can put the stuff from my body into the lockers for free loot, I will be back later 
22:39:06.096 [Chat - Global]("vERKE"(id=yvJkN5qXM69k4xYaDnfdkc8E-_KSFkOOk2WBLvNcg54=)): I gtg now I need to make some food and get to work c:
22:39:21.933 [BaseBuildingRaiding] ------------------------- Expansion Base Raiding Damage Report -------------------------
22:39:21.946 [BaseBuildingRaiding] Player "snake" (id=0nsyEhm9INQy3se8y-fXlbMHVv4YsIXloUCLC2unDyo= pos=<8337.74, 322.64, 1644.09>) damaged ExpansionWall6x3 at <8365.54, 322.59, 1627.34>
22:39:21.957 [BaseBuildingRaiding] They dealt 28.5685 * 1 = 28.5685 damage with Bullet_308WinTracer from SkyFall_Evolys
22:39:21.966 [BaseBuildingRaiding] GlobalHealth hitpoints decreased from 29840 to 29811.4
22:39:21.976 [BaseBuildingRaiding] ----------------------------------------------------------------------------------------
22:39:35.840 [Chat - Global]("vERKE"(id=yvJkN5qXM69k4xYaDnfdkc8E-_KSFkOOk2WBLvNcg54=)): One more thing, I just wanted to ask about vehicles
22:39:37.545 [Chat - Global]("snake"(id=0nsyEhm9INQy3se8y-fXlbMHVv4YsIXloUCLC2unDyo=)): sg!
22:39:50.420 [Chat - Global]("vERKE"(id=yvJkN5qXM69k4xYaDnfdkc8E-_KSFkOOk2WBLvNcg54=)): Do you have a virtual garage system or something or just park them where nobody else can steal it?
22:39:58.946 [AI Patrol 00016] East bots were wiped out (spawn position <7707.317871, 307.212524, 2851.991211>, 3/3 deceased)
22:39:58.958 [AI Patrol 00016] Global patrol count: 2
22:39:58.969 [AI Patrol 00016] Patrol category patrol count: 1
22:40:10.928 [Chat - Global]("snake"(id=0nsyEhm9INQy3se8y-fXlbMHVv4YsIXloUCLC2unDyo=)): not yet but looking into one for a few days
22:40:19.523 [VehicleEnter] Player "vERKE" (id=yvJkN5qXM69k4xYaDnfdkc8E-_KSFkOOk2WBLvNcg54=) entered vehicle M1025 (id=738A1539954B5D1BD1F3B6A2A3FD6850 pos=<10207, 242.27, 2225.07>) as driver
22:40:28.159 [VehicleLeave] Player "vERKE" (id=yvJkN5qXM69k4xYaDnfdkc8E-_KSFkOOk2WBLvNcg54=) left vehicle M1025 (id=738A1539954B5D1BD1F3B6A2A3FD6850 pos=<10207, 242.27, 2225.07>)
22:40:33.589 [Chat - Global]("snake"(id=0nsyEhm9INQy3se8y-fXlbMHVv4YsIXloUCLC2unDyo=)): o u rmbr where u died?
22:41:03.802 [VehicleDeleted] ExpansionUh1h_Uber (id=2296914B1847705034349C935157FE9A pos=<1230.24, 168.7, 7567.34>)
22:41:06.306 [Chat - Global]("snake"(id=0nsyEhm9INQy3se8y-fXlbMHVv4YsIXloUCLC2unDyo=)): ound u
22:41:16.878 [Chat - Global]("snake"(id=0nsyEhm9INQy3se8y-fXlbMHVv4YsIXloUCLC2unDyo=)): ill save ur styff
22:41:17.749 [Chat - Global]("vERKE"(id=yvJkN5qXM69k4xYaDnfdkc8E-_KSFkOOk2WBLvNcg54=)): I will send you the screenshot on discord
22:41:24.543 [Chat - Global]("snake"(id=0nsyEhm9INQy3se8y-fXlbMHVv4YsIXloUCLC2unDyo=)): i und u
22:41:31.702 [VehicleDeleted] ExpansionUh1h_Medical (id=52723F1B8E477F3B75C2CCA9F1594051 pos=<7927.47, 169.94, 11833.3>)
22:41:32.768 [Chat - Global]("snake"(id=0nsyEhm9INQy3se8y-fXlbMHVv4YsIXloUCLC2unDyo=)): found*
22:41:40.778 [Chat - Global]("vERKE"(id=yvJkN5qXM69k4xYaDnfdkc8E-_KSFkOOk2WBLvNcg54=)): great, thanks
22:41:58.250 [Chat - Global]("vERKE"(id=yvJkN5qXM69k4xYaDnfdkc8E-_KSFkOOk2WBLvNcg54=)): One more thing, are you planning on adding more helies like from dayz expansion? Littlebird, Chinook, stuff like that?
22:42:31.055 [Chat - Global]("snake"(id=0nsyEhm9INQy3se8y-fXlbMHVv4YsIXloUCLC2unDyo=)): theyre  added, and at airport
22:42:52.110 [Chat - Global]("snake"(id=0nsyEhm9INQy3se8y-fXlbMHVv4YsIXloUCLC2unDyo=)): but basic ones like gyro, merlin, huey
22:42:52.855 [Chat - Global]("vERKE"(id=yvJkN5qXM69k4xYaDnfdkc8E-_KSFkOOk2WBLvNcg54=)): ojhhhhhh niceee I will need to make a trip there too then haha
22:43:22.942 [Chat - Global]("snake"(id=0nsyEhm9INQy3se8y-fXlbMHVv4YsIXloUCLC2unDyo=)): saved ur stuff in a barrel
22:43:37.547 [Chat - Global]("vERKE"(id=yvJkN5qXM69k4xYaDnfdkc8E-_KSFkOOk2WBLvNcg54=)): Thanks, I will be back later, its early morning here in europe c:
22:43:43.868 [Chat - Global]("vERKE"(id=yvJkN5qXM69k4xYaDnfdkc8E-_KSFkOOk2WBLvNcg54=)): see you later
22:43:46.944 [VehicleDestroyed] ExpansionUh1h (id=3CB50C70044B61EC3564408EE92065A7 pos=<1228.18, 169.14, 7566.17>)
22:43:48.619 [Chat - Global]("snake"(id=0nsyEhm9INQy3se8y-fXlbMHVv4YsIXloUCLC2unDyo=)): later!
22:43:56.768 [VehicleDestroyed] ExpansionUh1h_Uber (id=9380BEBC1D498A0EEB6941B927334532 pos=<7924.31, 169.3, 11833.7>)
22:47:06.331 [AI Object Patrol 00024] Despawning 3 West bots (spawn position <9659.762695, 419.295654, 1031.764526>, 0/3 deceased)
22:47:06.341 [AI Object Patrol 00024] Global patrol count: 1
22:47:06.351 [AI Object Patrol 00024] HelicopterWreck category patrol count: 0
22:49:54.648 [VehicleDeleted] ExpansionUh1h (id=3CB50C70044B61EC3564408EE92065A7 pos=<1230.54, 168.76, 7567.01>)
22:50:09.402 [VehicleEnter] Player "snake" (id=0nsyEhm9INQy3se8y-fXlbMHVv4YsIXloUCLC2unDyo=) entered vehicle Gyrocopter (id=961DFC0DD54BCF458A74E6A5EF960114 pos=<8330.21, 320.39, 1623.88>) as pilot
22:50:10.765 [VehicleEngine] Player "snake" (id=0nsyEhm9INQy3se8y-fXlbMHVv4YsIXloUCLC2unDyo=) started vehicle Gyrocopter (id=961DFC0DD54BCF458A74E6A5EF960114 pos=<8330.21, 320.38, 1623.86>)
22:50:23.174 [VehicleDeleted] ExpansionUh1h_Uber (id=9380BEBC1D498A0EEB6941B927334532 pos=<7924.24, 169.28, 11833.7>)
22:52:07.975 [VehicleEngine] Player "NULL" (id=NULL) stopped vehicle Gyrocopter (id=961DFC0DD54BCF458A74E6A5EF960114 pos=<10650.6, 232.02, 1299.24>)
22:52:07.987 [VehicleLeave] Player "snake" (id=0nsyEhm9INQy3se8y-fXlbMHVv4YsIXloUCLC2unDyo=) left vehicle Gyrocopter (id=961DFC0DD54BCF458A74E6A5EF960114 pos=<10650.6, 232.02, 1299.24>)
22:52:35.283 [VehicleEnter] Player "snake" (id=0nsyEhm9INQy3se8y-fXlbMHVv4YsIXloUCLC2unDyo=) entered vehicle Gyrocopter (id=961DFC0DD54BCF458A74E6A5EF960114 pos=<10650.6, 232.02, 1299.25>) as pilot
22:52:37.823 [VehicleLeave] Player "snake" (id=0nsyEhm9INQy3se8y-fXlbMHVv4YsIXloUCLC2unDyo=) left vehicle Gyrocopter (id=961DFC0DD54BCF458A74E6A5EF960114 pos=<10650.6, 232.02, 1299.25>)
22:52:38.546 [VehicleDestroyed] ExpansionUh1h_Uber (id=D5CA626320430153BFC105BF25E34C11 pos=<1228.12, 169.13, 7566.22>)
22:52:55.995 [VehicleDestroyed] ExpansionUh1h_Uber (id=9E985432404A4365C2E62684BEE34091 pos=<7925.03, 169.44, 11833.6>)
22:53:18.588 [VehicleEnter] Player "snake" (id=0nsyEhm9INQy3se8y-fXlbMHVv4YsIXloUCLC2unDyo=) entered vehicle Gyrocopter (id=961DFC0DD54BCF458A74E6A5EF960114 pos=<10650.5, 232.02, 1299.28>) as pilot
22:53:19.854 [VehicleEngine] Player "snake" (id=0nsyEhm9INQy3se8y-fXlbMHVv4YsIXloUCLC2unDyo=) started vehicle Gyrocopter (id=961DFC0DD54BCF458A74E6A5EF960114 pos=<10650.5, 232.02, 1299.28>)
22:54:00.223 [VehicleEngine] Player "NULL" (id=NULL) stopped vehicle Gyrocopter (id=961DFC0DD54BCF458A74E6A5EF960114 pos=<10878.2, 233.19, 897.93>)
22:54:00.266 [VehicleLeave] Player "snake" (id=0nsyEhm9INQy3se8y-fXlbMHVv4YsIXloUCLC2unDyo=) left vehicle Gyrocopter (id=961DFC0DD54BCF458A74E6A5EF960114 pos=<10878.2, 233.19, 897.93>)
22:58:46.099 [VehicleDeleted] ExpansionUh1h_Uber (id=D5CA626320430153BFC105BF25E34C11 pos=<1230.33, 168.72, 7567.24>)
22:59:13.990 [VehicleDeleted] ExpansionUh1h_Uber (id=9E985432404A4365C2E62684BEE34091 pos=<7925.19, 169.5, 11833.5>)
22:59:23.431 [VehicleEnter] Player "snake" (id=0nsyEhm9INQy3se8y-fXlbMHVv4YsIXloUCLC2unDyo=) entered vehicle Gyrocopter (id=961DFC0DD54BCF458A74E6A5EF960114 pos=<10877.9, 233.2, 897.88>) as pilot
22:59:28.892 [VehicleEngine] Player "snake" (id=0nsyEhm9INQy3se8y-fXlbMHVv4YsIXloUCLC2unDyo=) started vehicle Gyrocopter (id=961DFC0DD54BCF458A74E6A5EF960114 pos=<10877.9, 233.2, 897.88>)
23:00:00.572 [VehicleEngine] Player "snake" (id=0nsyEhm9INQy3se8y-fXlbMHVv4YsIXloUCLC2unDyo=) stopped vehicle Gyrocopter (id=961DFC0DD54BCF458A74E6A5EF960114 pos=<11072.7, 231.13, 812.29>)
23:00:04.305 [VehicleLeave] Player "snake" (id=0nsyEhm9INQy3se8y-fXlbMHVv4YsIXloUCLC2unDyo=) left vehicle Gyrocopter (id=961DFC0DD54BCF458A74E6A5EF960114 pos=<11074.7, 231.19, 812.82>)
23:00:40.905 [VehicleEnter] Player "snake" (id=0nsyEhm9INQy3se8y-fXlbMHVv4YsIXloUCLC2unDyo=) entered vehicle Gyrocopter (id=961DFC0DD54BCF458A74E6A5EF960114 pos=<11074.7, 230.27, 812.72>) as pilot
23:00:42.183 [VehicleEngine] Player "snake" (id=0nsyEhm9INQy3se8y-fXlbMHVv4YsIXloUCLC2unDyo=) started vehicle Gyrocopter (id=961DFC0DD54BCF458A74E6A5EF960114 pos=<11074.7, 230.27, 812.72>)
23:00:49.523 [VehicleEngine] Player "snake" (id=0nsyEhm9INQy3se8y-fXlbMHVv4YsIXloUCLC2unDyo=) stopped vehicle Gyrocopter (id=961DFC0DD54BCF458A74E6A5EF960114 pos=<11074.7, 230.27, 812.65>)
23:00:56.581 [VehicleEngine] Player "snake" (id=0nsyEhm9INQy3se8y-fXlbMHVv4YsIXloUCLC2unDyo=) started vehicle Gyrocopter (id=961DFC0DD54BCF458A74E6A5EF960114 pos=<11074.7, 230.27, 812.59>)
23:01:05.658 [AI Object Patrol 00022] Despawning 0 West bots (spawn position <7442.489258, 303.390564, 2653.184082>, 1/1 deceased)
23:01:11.278 [VehicleEngine] Player "snake" (id=0nsyEhm9INQy3se8y-fXlbMHVv4YsIXloUCLC2unDyo=) stopped vehicle Gyrocopter (id=961DFC0DD54BCF458A74E6A5EF960114 pos=<11122, 228.03, 808.18>)
23:01:14.266 [VehicleLeave] Player "snake" (id=0nsyEhm9INQy3se8y-fXlbMHVv4YsIXloUCLC2unDyo=) left vehicle Gyrocopter (id=961DFC0DD54BCF458A74E6A5EF960114 pos=<11122, 228.02, 808.15>)
23:01:28.759 [VehicleDestroyed] ExpansionUh1h_Uber (id=6ECBDB554440402238B137962D03DC47 pos=<1228.08, 169.13, 7566.2>)
23:01:40.854 [VehicleDestroyed] ExpansionUh1h_Resistance (id=299D561BB344AA2D4E29BBA97941ECF9 pos=<7924.9, 169.39, 11833.7>)
23:04:38.649 [VehicleEnter] Player "snake" (id=0nsyEhm9INQy3se8y-fXlbMHVv4YsIXloUCLC2unDyo=) entered vehicle Gyrocopter (id=961DFC0DD54BCF458A74E6A5EF960114 pos=<11122, 228.02, 808.16>) as pilot
23:04:40.124 [VehicleEngine] Player "snake" (id=0nsyEhm9INQy3se8y-fXlbMHVv4YsIXloUCLC2unDyo=) started vehicle Gyrocopter (id=961DFC0DD54BCF458A74E6A5EF960114 pos=<11122, 228.02, 808.17>)
23:05:04.789 [VehicleEngine] Player "NULL" (id=NULL) stopped vehicle Gyrocopter (id=961DFC0DD54BCF458A74E6A5EF960114 pos=<11287.5, 215.99, 706.06>)
23:05:04.844 [VehicleLeave] Player "snake" (id=0nsyEhm9INQy3se8y-fXlbMHVv4YsIXloUCLC2unDyo=) left vehicle Gyrocopter (id=961DFC0DD54BCF458A74E6A5EF960114 pos=<11287.5, 215.99, 706.06>)
23:07:36.037 [VehicleDeleted] ExpansionUh1h_Uber (id=6ECBDB554440402238B137962D03DC47 pos=<1230.5, 168.73, 7567.11>)
23:08:03.820 [VehicleDeleted] ExpansionUh1h_Resistance (id=299D561BB344AA2D4E29BBA97941ECF9 pos=<7924.76, 169.42, 11833.5>)
23:10:18.659 [VehicleDestroyed] ExpansionUh1h_Resistance (id=621287B645463F771D6D0888424C58C3 pos=<1228.16, 169.11, 7566.29>)
23:10:29.429 [VehicleDestroyed] ExpansionUh1h_Uber (id=23298656B94A6BAF783426A115C58228 pos=<7924.33, 169.29, 11833.7>)
23:16:26.965 [VehicleDeleted] ExpansionUh1h_Resistance (id=621287B645463F771D6D0888424C58C3 pos=<1230.45, 168.73, 7567.14>)
23:16:54.664 [VehicleDeleted] ExpansionUh1h_Uber (id=23298656B94A6BAF783426A115C58228 pos=<7924.51, 169.34, 11833.7>)
23:19:09.112 [VehicleDestroyed] ExpansionUh1h_Uber (id=361C82761242C3E1B487B4853DDEA1F6 pos=<1228.13, 169.15, 7566.14>)
23:19:24.879 [VehicleDestroyed] ExpansionUh1h_Resistance (id=CDB388D2204A48F9E22F49B0280F3C54 pos=<7924.84, 169.38, 11833.6>)
23:25:00.402 [VehicleDeleted] ExpansionUh1h_Uber (id=361C82761242C3E1B487B4853DDEA1F6 pos=<1230.47, 168.78, 7566.96>)
23:25:12.019 [AI Patrol 00017] Despawning 1 West bots (spawn position <7517.992188, 326.916779, 2720.317139>, 2/3 deceased)
23:25:12.030 [AI Patrol 00017] Global patrol count: 0
23:25:12.039 [AI Patrol 00017] Patrol category patrol count: 0
23:25:28.215 [VehicleDeleted] ExpansionUh1h_Resistance (id=CDB388D2204A48F9E22F49B0280F3C54 pos=<7927.04, 169.65, 11834.5>)
23:28:09.689 [VehicleDestroyed] ExpansionUh1h_Medical (id=71823B1D204E9C1E341911B6081B8D6D pos=<1228.14, 169.12, 7566.25>)
23:28:30.285 [VehicleDestroyed] ExpansionUh1h (id=E314D5AC1A413C7715EA8582F3DD74AF pos=<7924.9, 169.45, 11833.5>)
23:34:16.454 [VehicleDeleted] ExpansionUh1h_Medical (id=71823B1D204E9C1E341911B6081B8D6D pos=<1230.45, 168.74, 7567.11>)
23:34:44.233 [VehicleDeleted] ExpansionUh1h (id=E314D5AC1A413C7715EA8582F3DD74AF pos=<7924.53, 169.37, 11833.5>)
23:35:40.311 [VehicleEnter] Player "snake" (id=0nsyEhm9INQy3se8y-fXlbMHVv4YsIXloUCLC2unDyo=) entered vehicle Gyrocopter (id=961DFC0DD54BCF458A74E6A5EF960114 pos=<11287.5, 215.99, 707.36>) as pilot
23:35:41.672 [VehicleEngine] Player "snake" (id=0nsyEhm9INQy3se8y-fXlbMHVv4YsIXloUCLC2unDyo=) started vehicle Gyrocopter (id=961DFC0DD54BCF458A74E6A5EF960114 pos=<11287.5, 215.99, 707.38>)
23:36:58.355 [VehicleDestroyed] ExpansionUh1h_Resistance (id=E19516102B482304218B4EA62CBBC6CD pos=<1228.14, 169.11, 7566.27>)
23:37:12.628 [VehicleDestroyed] ExpansionUh1h (id=1D83F941504D745B49A4D7A7D767AD78 pos=<7925, 169.43, 11833.7>)
23:37:37.473 [AI Object Patrol 00036] Spawning 2 West bots at <8954.086914, 430.166199, 1910.560425>
23:37:37.513 [AI Object Patrol 00036] Global patrol count: 1
23:37:37.522 [AI Object Patrol 00036] ContaminatedArea category patrol count: 1
23:40:01.278 [VehicleEngine] Player "snake" (id=0nsyEhm9INQy3se8y-fXlbMHVv4YsIXloUCLC2unDyo=) stopped vehicle Gyrocopter (id=961DFC0DD54BCF458A74E6A5EF960114 pos=<8335.72, 335.78, 1637.47>)
23:40:04.686 [VehicleLeave] Player "snake" (id=0nsyEhm9INQy3se8y-fXlbMHVv4YsIXloUCLC2unDyo=) left vehicle Gyrocopter (id=961DFC0DD54BCF458A74E6A5EF960114 pos=<8335.72, 335.77, 1637.47>)
23:43:05.154 [VehicleDeleted] ExpansionUh1h_Resistance (id=E19516102B482304218B4EA62CBBC6CD pos=<1230.33, 168.77, 7567.04>)
23:43:32.878 [VehicleDeleted] ExpansionUh1h (id=1D83F941504D745B49A4D7A7D767AD78 pos=<7926.86, 169.77, 11833.7>)
23:45:45.952 [VehicleDestroyed] ExpansionUh1h_Resistance (id=DCDAD0FE4F4CEC9D0DC9329D72ACD1DB pos=<1228.18, 169.1, 7566.34>)
23:46:06.123 [VehicleDestroyed] ExpansionUh1h_Resistance (id=F3ED9515D549F1AD081A0BB8DEEED90B pos=<7924.85, 169.41, 11833.5>)
23:50:02.707 [AI Object Patrol 00036] Despawning 2 West bots (spawn position <8954.086914, 430.166199, 1910.560425>, 0/2 deceased)
23:50:02.717 [AI Object Patrol 00036] Global patrol count: 0
23:50:02.728 [AI Object Patrol 00036] ContaminatedArea category patrol count: 0
23:51:54.652 [VehicleDeleted] ExpansionUh1h_Resistance (id=DCDAD0FE4F4CEC9D0DC9329D72ACD1DB pos=<1230.32, 168.71, 7567.28>)
23:52:22.937 [VehicleDeleted] ExpansionUh1h_Resistance (id=F3ED9515D549F1AD081A0BB8DEEED90B pos=<7924.82, 169.42, 11833.5>)
23:54:36.988 [VehicleDestroyed] ExpansionUh1h (id=B90234B6B441791960779398AB3BE825 pos=<1228.15, 169.12, 7566.26>)
23:54:50.189 [VehicleDestroyed] ExpansionUh1h (id=5F7B89580D4DFCC2AF561C9CF5209299 pos=<7924.95, 169.42, 11833.7>)
00:00:46.267 [VehicleDeleted] ExpansionUh1h (id=B90234B6B441791960779398AB3BE825 pos=<1230.47, 168.74, 7567.12>)
00:01:14.086 [VehicleDeleted] ExpansionUh1h (id=5F7B89580D4DFCC2AF561C9CF5209299 pos=<7927.28, 170.01, 11832.9>)
04:39:48.708 [VehicleDestroyed] ExpansionUh1h (id=10D800BB3D4611BF4A30A1B1A1E018F7 pos=<1228.07, 169.16, 7566.12>)
04:39:54.483 [VehicleDestroyed] ExpansionUh1h_Uber (id=CEF8B00EDF422883D03558BD1FA432C7 pos=<7924.76, 169.27, 11834.1>)
04:43:03.950 [VehicleEnter] Player "Bad Boy" (id=7EOOpe6Cv8QB45p22zWB29TPheQCYualmurDzSA3CR0=) entered vehicle Land Rover Defender (id=F14DA84150452B93C83C85BA2443F68D pos=<705.22, 191.19, 7313.75>) as driver
04:43:06.340 [VehicleEngine] Player "Bad Boy" (id=7EOOpe6Cv8QB45p22zWB29TPheQCYualmurDzSA3CR0=) started vehicle Land Rover Defender (id=F14DA84150452B93C83C85BA2443F68D pos=<705.22, 191.19, 7313.75>)
04:44:20.008 [VehicleEngine] Player "NULL" (id=NULL) stopped vehicle Land Rover Defender (id=F14DA84150452B93C83C85BA2443F68D pos=<526.79, 192.9, 7082.68>)
04:44:20.062 [VehicleLeave] Player "Bad Boy" (id=7EOOpe6Cv8QB45p22zWB29TPheQCYualmurDzSA3CR0=) left vehicle Land Rover Defender (id=F14DA84150452B93C83C85BA2443F68D pos=<526.79, 192.9, 7082.68>)
04:45:17.628 [VehicleEnter] Player "Bad Boy" (id=7EOOpe6Cv8QB45p22zWB29TPheQCYualmurDzSA3CR0=) entered vehicle Land Rover Defender (id=F14DA84150452B93C83C85BA2443F68D pos=<526.79, 192.9, 7082.68>) as driver
04:45:19.945 [VehicleEngine] Player "Bad Boy" (id=7EOOpe6Cv8QB45p22zWB29TPheQCYualmurDzSA3CR0=) started vehicle Land Rover Defender (id=F14DA84150452B93C83C85BA2443F68D pos=<526.79, 192.9, 7082.68>)
04:45:55.092 [VehicleDeleted] ExpansionUh1h (id=10D800BB3D4611BF4A30A1B1A1E018F7 pos=<1230.52, 168.77, 7566.96>)
04:46:22.798 [VehicleDeleted] ExpansionUh1h_Uber (id=CEF8B00EDF422883D03558BD1FA432C7 pos=<7924.19, 168.93, 11835.3>)
04:48:04.554 [AI Object Patrol 00044] Spawning 1 East bots at <2428.502930, 353.402893, 4891.216309>
04:48:04.582 [AI Object Patrol 00044] Global patrol count: 1
04:48:04.592 [AI Object Patrol 00044] HelicopterWreck category patrol count: 1
04:48:31.548 [VehicleEngine] Player "NULL" (id=NULL) stopped vehicle Land Rover Defender (id=F14DA84150452B93C83C85BA2443F68D pos=<2565.1, 396.3, 5570.68>)
04:48:31.579 [VehicleLeave] Player "Bad Boy" (id=7EOOpe6Cv8QB45p22zWB29TPheQCYualmurDzSA3CR0=) left vehicle Land Rover Defender (id=F14DA84150452B93C83C85BA2443F68D pos=<2565.1, 396.3, 5570.68>)
04:48:37.010 [VehicleDestroyed] ExpansionUh1h_Uber (id=2B3BF6B6EB4652030DC08E8C2CB88FCC pos=<1228.15, 169.12, 7566.26>)
04:49:00.265 [VehicleDestroyed] ExpansionUh1h (id=A80F771BA443A9EC5942A491FE9B84F2 pos=<7925.5, 169.56, 11833.4>)
04:49:58.785 [VehicleEnter] Player "Bad Boy" (id=7EOOpe6Cv8QB45p22zWB29TPheQCYualmurDzSA3CR0=) entered vehicle Land Rover Defender (id=F14DA84150452B93C83C85BA2443F68D pos=<2565.1, 396.3, 5570.68>) as driver
04:50:06.269 [VehicleEngine] Player "Bad Boy" (id=7EOOpe6Cv8QB45p22zWB29TPheQCYualmurDzSA3CR0=) started vehicle Land Rover Defender (id=F14DA84150452B93C83C85BA2443F68D pos=<2565.1, 396.3, 5570.68>)
04:50:30.304 [VehicleEngine] Player "NULL" (id=NULL) stopped vehicle Land Rover Defender (id=F14DA84150452B93C83C85BA2443F68D pos=<2509.15, 395.73, 5554.3>)
04:50:30.350 [VehicleLeave] Player "Bad Boy" (id=7EOOpe6Cv8QB45p22zWB29TPheQCYualmurDzSA3CR0=) left vehicle Land Rover Defender (id=F14DA84150452B93C83C85BA2443F68D pos=<2509.15, 395.73, 5554.3>)
04:50:40.105 [VehicleEnter] Player "Bad Boy" (id=7EOOpe6Cv8QB45p22zWB29TPheQCYualmurDzSA3CR0=) entered vehicle Land Rover Defender (id=F14DA84150452B93C83C85BA2443F68D pos=<2509.15, 395.73, 5554.3>) as driver
04:54:47.163 [VehicleDeleted] ExpansionUh1h_Uber (id=2B3BF6B6EB4652030DC08E8C2CB88FCC pos=<1230.45, 168.73, 7567.13>)
04:55:15.155 [VehicleDeleted] ExpansionUh1h (id=A80F771BA443A9EC5942A491FE9B84F2 pos=<7925.3, 168.98, 11836>)
04:56:39.892 [AI Object Patrol 00044] Despawning 1 East bots (spawn position <2428.502930, 353.402893, 4891.216309>, 0/1 deceased)
04:56:39.902 [AI Object Patrol 00044] Global patrol count: 0
04:56:39.913 [AI Object Patrol 00044] HelicopterWreck category patrol count: 0
04:57:30.896 [VehicleDestroyed] ExpansionUh1h_Uber (id=4E09F061B548AD07D3B958BE7B64F6AD pos=<1228.18, 169.14, 7566.15>)
04:57:43.919 [VehicleDestroyed] ExpansionUh1h (id=D8BE7D54D7488EF3F236729ACF95928D pos=<7924.72, 169.37, 11833.7>)
06:35:44.250 [VehicleEnter] Player "Bad Boy" (id=7EOOpe6Cv8QB45p22zWB29TPheQCYualmurDzSA3CR0=) entered vehicle Land Rover Defender (id=F14DA84150452B93C83C85BA2443F68D pos=<2509.15, 395.73, 5554.3>) as driver
06:35:45.897 [VehicleEngine] Player "Bad Boy" (id=7EOOpe6Cv8QB45p22zWB29TPheQCYualmurDzSA3CR0=) started vehicle Land Rover Defender (id=F14DA84150452B93C83C85BA2443F68D pos=<2509.15, 395.73, 5554.3>)
06:36:15.335 [VehicleEngine] Player "NULL" (id=NULL) stopped vehicle Land Rover Defender (id=F14DA84150452B93C83C85BA2443F68D pos=<2571.84, 396.54, 5563.96>)
06:36:15.378 [VehicleLeave] Player "Bad Boy" (id=7EOOpe6Cv8QB45p22zWB29TPheQCYualmurDzSA3CR0=) left vehicle Land Rover Defender (id=F14DA84150452B93C83C85BA2443F68D pos=<2571.84, 396.54, 5563.96>)
06:36:25.054 [VehicleDeleted] ExpansionUh1h_Uber (id=4E09F061B548AD07D3B958BE7B64F6AD pos=<1235.23, 168.49, 7566.82>)
06:36:53.105 [VehicleDeleted] ExpansionUh1h (id=D8BE7D54D7488EF3F236729ACF95928D pos=<7924.19, 169.26, 11833.7>)
06:39:06.769 [VehicleDestroyed] ExpansionUh1h_Uber (id=A9A8CD1387430FDEFD376EBEDFF05616 pos=<1228.12, 169.11, 7566.3>)
06:39:20.168 [VehicleDestroyed] ExpansionUh1h_Medical (id=C3F82B5E4144A19EDF835481BF24C88A pos=<7924.85, 169.39, 11833.7>)
06:42:20.743 [VehicleEnter] Player "Bad Boy" (id=7EOOpe6Cv8QB45p22zWB29TPheQCYualmurDzSA3CR0=) entered vehicle Land Rover Defender (id=F14DA84150452B93C83C85BA2443F68D pos=<2571.84, 396.54, 5563.96>) as driver
06:42:22.440 [VehicleEngine] Player "Bad Boy" (id=7EOOpe6Cv8QB45p22zWB29TPheQCYualmurDzSA3CR0=) started vehicle Land Rover Defender (id=F14DA84150452B93C83C85BA2443F68D pos=<2571.84, 396.54, 5563.96>)
06:42:50.470 [AI Object Patrol 00059] Spawning 2 West bots at <2543.851563, 395.880310, 5621.531738>
06:42:50.509 [AI Object Patrol 00059] Global patrol count: 1
06:42:50.519 [AI Object Patrol 00059] ContaminatedArea category patrol count: 1
06:43:19.880 [AI Object Patrol 00055] Spawning 2 East bots at <3518.334229, 390.979706, 4189.451660>
06:43:19.910 [AI Object Patrol 00055] Global patrol count: 2
06:43:19.920 [AI Object Patrol 00055] HelicopterWreck category patrol count: 1
06:43:33.468 [VehicleEngine] Player "NULL" (id=NULL) stopped vehicle Land Rover Defender (id=F14DA84150452B93C83C85BA2443F68D pos=<3160.63, 404.9, 4942.97>)
06:43:33.482 [VehicleLeave] Player "Bad Boy" (id=7EOOpe6Cv8QB45p22zWB29TPheQCYualmurDzSA3CR0=) left vehicle Land Rover Defender (id=F14DA84150452B93C83C85BA2443F68D pos=<3160.63, 404.9, 4942.97>)
06:45:14.681 [VehicleDeleted] ExpansionUh1h_Uber (id=A9A8CD1387430FDEFD376EBEDFF05616 pos=<1230.29, 168.7, 7567.32>)
06:45:42.600 [VehicleDeleted] ExpansionUh1h_Medical (id=C3F82B5E4144A19EDF835481BF24C88A pos=<7924.79, 169.33, 11833.9>)
06:47:57.392 [VehicleDestroyed] ExpansionUh1h (id=C0E03A13AE498B9DE433569C8CEDABF6 pos=<1228.17, 169.14, 7566.18>)
06:48:18.302 [VehicleDestroyed] ExpansionUh1h_Uber (id=6D4FD5808E4B22D3760A1DB960E7D5CC pos=<7925.29, 169.55, 11833.4>)
06:54:06.129 [VehicleDeleted] ExpansionUh1h (id=C0E03A13AE498B9DE433569C8CEDABF6 pos=<1230.5, 168.76, 7567.02>)
06:54:33.873 [VehicleDeleted] ExpansionUh1h_Uber (id=6D4FD5808E4B22D3760A1DB960E7D5CC pos=<7927.26, 169.94, 11833.2>)
06:56:49.430 [VehicleDestroyed] ExpansionUh1h_Resistance (id=F7EF873AAF4B945D2D9F0991CB8E4242 pos=<1228.16, 169.11, 7566.26>)
06:56:55.302 [VehicleEnter] Player "Bad Boy" (id=7EOOpe6Cv8QB45p22zWB29TPheQCYualmurDzSA3CR0=) entered vehicle Land Rover Defender (id=F14DA84150452B93C83C85BA2443F68D pos=<3160.63, 404.9, 4942.97>) as driver
06:56:57.125 [VehicleEngine] Player "Bad Boy" (id=7EOOpe6Cv8QB45p22zWB29TPheQCYualmurDzSA3CR0=) started vehicle Land Rover Defender (id=F14DA84150452B93C83C85BA2443F68D pos=<3160.63, 404.9, 4942.97>)
06:57:05.806 [VehicleDestroyed] ExpansionUh1h_Uber (id=8B2E6A7B94447F3A5D4764B41B520707 pos=<7924.65, 169.39, 11833.5>)
06:58:35.651 [VehicleEngine] Player "NULL" (id=NULL) stopped vehicle Land Rover Defender (id=F14DA84150452B93C83C85BA2443F68D pos=<3317.88, 406.09, 3667.65>)
06:58:35.677 [VehicleLeave] Player "Bad Boy" (id=7EOOpe6Cv8QB45p22zWB29TPheQCYualmurDzSA3CR0=) left vehicle Land Rover Defender (id=F14DA84150452B93C83C85BA2443F68D pos=<3317.88, 406.09, 3667.65>)
06:59:45.670 [VehicleEnter] Player "Bad Boy" (id=7EOOpe6Cv8QB45p22zWB29TPheQCYualmurDzSA3CR0=) entered vehicle Land Rover Defender (id=F14DA84150452B93C83C85BA2443F68D pos=<3317.88, 406.09, 3667.65>) as driver
06:59:47.257 [VehicleEngine] Player "Bad Boy" (id=7EOOpe6Cv8QB45p22zWB29TPheQCYualmurDzSA3CR0=) started vehicle Land Rover Defender (id=F14DA84150452B93C83C85BA2443F68D pos=<3317.88, 406.09, 3667.65>)
07:02:02.795 [VehicleEngine] Player "NULL" (id=NULL) stopped vehicle Land Rover Defender (id=F14DA84150452B93C83C85BA2443F68D pos=<3839.68, 319.44, 3845.24>)
07:02:02.912 [VehicleLeave] Player "Bad Boy" (id=7EOOpe6Cv8QB45p22zWB29TPheQCYualmurDzSA3CR0=) left vehicle Land Rover Defender (id=F14DA84150452B93C83C85BA2443F68D pos=<3839.69, 319.44, 3845.25>)
07:02:58.806 [VehicleDeleted] ExpansionUh1h_Resistance (id=F7EF873AAF4B945D2D9F0991CB8E4242 pos=<1230.44, 168.74, 7567.11>)
07:03:26.590 [VehicleDeleted] ExpansionUh1h_Uber (id=8B2E6A7B94447F3A5D4764B41B520707 pos=<7924.63, 169.39, 11833.5>)
07:04:38.782 [VehicleEnter] Player "Bad Boy" (id=7EOOpe6Cv8QB45p22zWB29TPheQCYualmurDzSA3CR0=) entered vehicle Land Rover Defender (id=F14DA84150452B93C83C85BA2443F68D pos=<3839.76, 319.44, 3845.39>) as passenger
07:05:38.250 [VehicleLeave] Player "Bad Boy" (id=7EOOpe6Cv8QB45p22zWB29TPheQCYualmurDzSA3CR0=) left vehicle Land Rover Defender (id=F14DA84150452B93C83C85BA2443F68D pos=<3839.76, 319.44, 3845.39>)
07:05:40.215 [VehicleDestroyed] ExpansionUh1h_Uber (id=82679E43214D12C032D17996190407FE pos=<1228.2, 169.1, 7566.33>)
07:05:43.353 [VehicleEnter] Player "Bad Boy" (id=7EOOpe6Cv8QB45p22zWB29TPheQCYualmurDzSA3CR0=) entered vehicle Land Rover Defender (id=F14DA84150452B93C83C85BA2443F68D pos=<3839.76, 319.44, 3845.39>) as driver
07:05:44.813 [VehicleEngine] Player "Bad Boy" (id=7EOOpe6Cv8QB45p22zWB29TPheQCYualmurDzSA3CR0=) started vehicle Land Rover Defender (id=F14DA84150452B93C83C85BA2443F68D pos=<3839.76, 319.44, 3845.39>)
07:05:56.476 [AI Object Patrol 00061] Spawning 3 West bots at <4446.501465, 283.031738, 4806.408203>
07:05:56.521 [AI Object Patrol 00061] Global patrol count: 3
07:05:56.532 [AI Object Patrol 00061] ContaminatedArea category patrol count: 2
07:05:56.664 [VehicleDestroyed] ExpansionUh1h (id=F1478269C744F32E287A08ADB4B089AD pos=<7924.54, 169.35, 11833.6>)
07:06:49.322 [VehicleEngine] Player "Bad Boy" (id=7EOOpe6Cv8QB45p22zWB29TPheQCYualmurDzSA3CR0=) stopped vehicle Land Rover Defender (id=F14DA84150452B93C83C85BA2443F68D pos=<4518.5, 284.68, 4742.14>)
07:06:58.920 [AI Object Patrol 00059] Despawning 2 West bots (spawn position <2543.851563, 395.880310, 5621.531738>, 0/2 deceased)
07:06:58.930 [AI Object Patrol 00059] Global patrol count: 2
07:06:58.940 [AI Object Patrol 00059] ContaminatedArea category patrol count: 1
07:07:07.406 [VehicleLeave] Player "Bad Boy" (id=7EOOpe6Cv8QB45p22zWB29TPheQCYualmurDzSA3CR0=) left vehicle Land Rover Defender (id=F14DA84150452B93C83C85BA2443F68D pos=<4518.53, 284.69, 4742.21>)
07:08:34.407 [AI Object Patrol 00055] Despawning 2 East bots (spawn position <3518.334229, 390.979706, 4189.451660>, 0/2 deceased)
07:08:34.418 [AI Object Patrol 00055] Global patrol count: 1
07:08:34.429 [AI Object Patrol 00055] HelicopterWreck category patrol count: 0
07:11:23.220 [SpawnSelection] Player "Blunt" (id=S9FxahpxQsM_bYwoYFUDb9kaNsVMhm2bPzFpOg9byq4=) spawned at <7653.620117, 239.895004, 5421.660156>
07:11:23.233 [AI Object Patrol 00008] Spawning 2 West bots at <7560.755859, 235.589935, 6246.632324>
07:11:23.264 [AI Object Patrol 00008] Global patrol count: 2
07:11:23.274 [AI Object Patrol 00008] ContaminatedArea category patrol count: 2
07:11:23.284 [AI Object Patrol 00056] Spawning 2 East bots at <7100.978516, 276.781708, 5615.360352>
07:11:23.319 [AI Object Patrol 00056] Global patrol count: 3
07:11:23.328 [AI Object Patrol 00056] HelicopterWreck category patrol count: 1
07:11:53.654 [VehicleDeleted] ExpansionUh1h_Uber (id=82679E43214D12C032D17996190407FE pos=<1230.42, 168.71, 7567.23>)
07:11:58.432 [AI Object Patrol 00061] West bots were wiped out (spawn position <4446.501465, 283.031738, 4806.408203>, 3/3 deceased)
07:11:58.442 [AI Object Patrol 00061] Global patrol count: 2
07:11:58.451 [AI Object Patrol 00061] ContaminatedArea category patrol count: 1
07:11:58.546 [AI Object Patrol 00012] Spawning 1 West bots at <7678.297852, 241.195282, 6116.313965>
07:11:58.582 [AI Object Patrol 00012] Global patrol count: 3
07:11:58.593 [AI Object Patrol 00012] ContaminatedArea category patrol count: 2
07:12:21.845 [VehicleDeleted] ExpansionUh1h (id=F1478269C744F32E287A08ADB4B089AD pos=<7924.27, 169.32, 11833.5>)
07:12:32.146 [VehicleEnter] Player "Bad Boy" (id=7EOOpe6Cv8QB45p22zWB29TPheQCYualmurDzSA3CR0=) entered vehicle Land Rover Defender (id=F14DA84150452B93C83C85BA2443F68D pos=<4518.53, 284.69, 4742.21>) as driver
07:12:36.538 [VehicleEngine] Player "Bad Boy" (id=7EOOpe6Cv8QB45p22zWB29TPheQCYualmurDzSA3CR0=) started vehicle Land Rover Defender (id=F14DA84150452B93C83C85BA2443F68D pos=<4518.53, 284.69, 4742.21>)
07:13:00.181 [VehicleEngine] Player "NULL" (id=NULL) stopped vehicle Land Rover Defender (id=F14DA84150452B93C83C85BA2443F68D pos=<4460.53, 296.51, 4498.97>)
07:13:00.670 [VehicleLeave] Player "Bad Boy" (id=7EOOpe6Cv8QB45p22zWB29TPheQCYualmurDzSA3CR0=) left vehicle Land Rover Defender (id=F14DA84150452B93C83C85BA2443F68D pos=<4460.49, 296.52, 4498.21>)
07:14:05.801 [SpawnSelection] Player "Bad Boy" (id=7EOOpe6Cv8QB45p22zWB29TPheQCYualmurDzSA3CR0=) spawned at <902.000000, 245.000000, 5520.000000>
07:14:37.103 [VehicleDestroyed] ExpansionUh1h_Uber (id=DC0D212E424F38B562B3DDAF3736DCA0 pos=<1228.08, 169.16, 7566.11>)
07:14:54.245 [VehicleDestroyed] ExpansionUh1h (id=BB8A4F555C43B766DCB604978350C1A5 pos=<7925.16, 169.52, 11833.4>)
07:20:46.087 [VehicleDeleted] ExpansionUh1h_Uber (id=DC0D212E424F38B562B3DDAF3736DCA0 pos=<1230.31, 168.78, 7566.98>)
07:21:13.897 [VehicleDeleted] ExpansionUh1h (id=BB8A4F555C43B766DCB604978350C1A5 pos=<7927.2, 169.95, 11833.1>)
07:21:13.917 [AI Object Patrol 00061] Despawning 0 West bots (spawn position <4456.768066, 290.026489, 4742.249023>, 3/3 deceased)
07:21:42.031 [AI Object Patrol 00056] Despawning 2 East bots (spawn position <7100.978516, 276.781708, 5615.360352>, 0/2 deceased)
07:21:42.042 [AI Object Patrol 00056] Global patrol count: 2
07:21:42.051 [AI Object Patrol 00056] HelicopterWreck category patrol count: 0
07:23:28.218 [VehicleDestroyed] ExpansionUh1h_Uber (id=2C8485DB0F4049B295166181DD13B4A9 pos=<1228.16, 169.11, 7566.28>)
07:23:38.956 [VehicleDestroyed] ExpansionUh1h_Medical (id=CB5D11E8734735F9690D1AA0736C8E35 pos=<7924.86, 169.38, 11833.8>)
07:29:39.867 [VehicleDeleted] ExpansionUh1h_Uber (id=2C8485DB0F4049B295166181DD13B4A9 pos=<1230.33, 168.72, 7567.21>)
07:30:07.720 [VehicleDeleted] ExpansionUh1h_Medical (id=CB5D11E8734735F9690D1AA0736C8E35 pos=<7927.19, 169.97, 11833>)
07:31:16.085 [AI Object Patrol 00008] Despawning 2 West bots (spawn position <7560.755859, 235.589935, 6246.632324>, 0/2 deceased)
07:31:16.096 [AI Object Patrol 00008] Global patrol count: 1
07:31:16.106 [AI Object Patrol 00008] ContaminatedArea category patrol count: 1
07:31:36.397 [AI Object Patrol 00012] Despawning 1 West bots (spawn position <7678.297852, 241.195282, 6116.313965>, 0/1 deceased)
07:31:36.413 [AI Object Patrol 00012] Global patrol count: 0
07:31:36.425 [AI Object Patrol 00012] ContaminatedArea category patrol count: 0
07:31:52.339 [SpawnSelection] Player "Monday Madness95" (id=0QtOgqxcMUxFvlUfqU2kW1c0GTRTo7h6jhyziagbIrk=) spawned at <7634.819824, 240.513000, 5282.410156>
07:31:52.353 [AI Object Patrol 00010] Spawning 2 West bots at <7858.252930, 242.768509, 5737.923828>
07:31:52.389 [AI Object Patrol 00010] Global patrol count: 1
07:31:52.405 [AI Object Patrol 00010] ContaminatedArea category patrol count: 1
07:31:52.421 [AI Object Patrol 00011] Spawning 1 West bots at <7756.138672, 246.193237, 5904.751465>
07:31:52.448 [AI Object Patrol 00011] Global patrol count: 2
07:31:52.458 [AI Object Patrol 00011] ContaminatedArea category patrol count: 2
07:31:52.469 [AI Object Patrol 00071] Spawning 3 West bots at <7111.762207, 304.394043, 5119.097656>
07:31:52.493 [AI Object Patrol 00071] Global patrol count: 3
07:31:52.503 [AI Object Patrol 00071] HelicopterWreck category patrol count: 1
07:32:23.453 [VehicleDestroyed] ExpansionUh1h_Resistance (id=F55A3914D248173C457AE0BE38946A9C pos=<1228.11, 169.15, 7566.13>)
07:32:31.894 [VehicleDestroyed] ExpansionUh1h (id=9236B261D34D0F83A3CC7AA67EE6321D pos=<7924.7, 169.35, 11833.8>)
07:33:19.971 [VehicleEnter] Player "Bad Boy" (id=7EOOpe6Cv8QB45p22zWB29TPheQCYualmurDzSA3CR0=) entered vehicle Land Rover Defender (id=F14DA84150452B93C83C85BA2443F68D pos=<4460.48, 296.52, 4498.07>) as driver
07:33:22.536 [VehicleEngine] Player "Bad Boy" (id=7EOOpe6Cv8QB45p22zWB29TPheQCYualmurDzSA3CR0=) started vehicle Land Rover Defender (id=F14DA84150452B93C83C85BA2443F68D pos=<4460.48, 296.52, 4498.07>)
07:35:54.182 [VehicleEngine] Player "NULL" (id=NULL) stopped vehicle Land Rover Defender (id=F14DA84150452B93C83C85BA2443F68D pos=<5389.43, 406.69, 3925.92>)
07:35:54.226 [VehicleLeave] Player "Bad Boy" (id=7EOOpe6Cv8QB45p22zWB29TPheQCYualmurDzSA3CR0=) left vehicle Land Rover Defender (id=F14DA84150452B93C83C85BA2443F68D pos=<5389.43, 406.69, 3925.92>)
07:37:20.283 [VehicleEnter] Player "Bad Boy" (id=7EOOpe6Cv8QB45p22zWB29TPheQCYualmurDzSA3CR0=) entered vehicle Land Rover Defender (id=F14DA84150452B93C83C85BA2443F68D pos=<5389.43, 406.69, 3925.92>) as driver
07:37:22.379 [VehicleEngine] Player "Bad Boy" (id=7EOOpe6Cv8QB45p22zWB29TPheQCYualmurDzSA3CR0=) started vehicle Land Rover Defender (id=F14DA84150452B93C83C85BA2443F68D pos=<5389.43, 406.69, 3925.92>)
07:38:30.094 [VehicleEngine] Player "NULL" (id=NULL) stopped vehicle Land Rover Defender (id=F14DA84150452B93C83C85BA2443F68D pos=<5412.35, 410.55, 3909.06>)
07:38:30.128 [VehicleLeave] Player "Bad Boy" (id=7EOOpe6Cv8QB45p22zWB29TPheQCYualmurDzSA3CR0=) left vehicle Land Rover Defender (id=F14DA84150452B93C83C85BA2443F68D pos=<5412.35, 410.55, 3909.06>)
07:38:31.582 [VehicleDeleted] ExpansionUh1h_Resistance (id=F55A3914D248173C457AE0BE38946A9C pos=<1230.47, 168.76, 7567.03>)
07:39:00.510 [VehicleDeleted] ExpansionUh1h (id=9236B261D34D0F83A3CC7AA67EE6321D pos=<7925.53, 169.56, 11833.5>)
07:41:13.208 [VehicleDestroyed] ExpansionUh1h_Resistance (id=FFBA8AC4D94BA09F09D350BA91F9353B pos=<1228.18, 169.09, 7566.34>)
07:41:25.900 [VehicleDestroyed] ExpansionUh1h_Resistance (id=46522FFD6E43D58215A322B9E9B293C1 pos=<7924.84, 169.33, 11833.9>)
07:47:22.360 [VehicleDeleted] ExpansionUh1h_Resistance (id=FFBA8AC4D94BA09F09D350BA91F9353B pos=<1230.39, 168.72, 7567.2>)
07:47:50.642 [VehicleDeleted] ExpansionUh1h_Resistance (id=46522FFD6E43D58215A322B9E9B293C1 pos=<7923.98, 168.96, 11835>)
07:49:22.858 [AI Object Patrol 00011] Despawning 1 West bots (spawn position <7756.138672, 246.193237, 5904.751465>, 0/1 deceased)
07:49:22.869 [AI Object Patrol 00011] Global patrol count: 2
07:49:22.878 [AI Object Patrol 00011] ContaminatedArea category patrol count: 1
07:50:02.562 [AI Object Patrol 00010] Despawning 2 West bots (spawn position <7858.252930, 242.768509, 5737.923828>, 0/2 deceased)
07:50:02.573 [AI Object Patrol 00010] Global patrol count: 1
07:50:02.584 [AI Object Patrol 00010] ContaminatedArea category patrol count: 0
07:50:04.259 [VehicleDestroyed] ExpansionUh1h_Medical (id=59F3426DB8456B795FF2AFBCE0E453A8 pos=<1228.18, 169.1, 7566.33>)
07:50:15.529 [VehicleDestroyed] ExpansionUh1h_Resistance (id=5B89E0DB954D8250229D1185BA47D8F6 pos=<7924.62, 169.33, 11833.8>)
07:51:45.839 [AI Object Patrol 00071] Despawning 3 West bots (spawn position <7111.762207, 304.394043, 5119.097656>, 0/3 deceased)
07:51:45.849 [AI Object Patrol 00071] Global patrol count: 0
07:51:45.859 [AI Object Patrol 00071] HelicopterWreck category patrol count: 0
07:56:15.315 [VehicleDeleted] ExpansionUh1h_Medical (id=59F3426DB8456B795FF2AFBCE0E453A8 pos=<1230.38, 168.7, 7567.3>)
07:56:43.321 [VehicleDeleted] ExpansionUh1h_Resistance (id=5B89E0DB954D8250229D1185BA47D8F6 pos=<7924.85, 169.38, 11833.8>)
07:58:57.750 [VehicleDestroyed] ExpansionUh1h_Resistance (id=36AFF178064C663D0BAAA497F241184C pos=<1228.14, 169.11, 7566.27>)
07:59:10.153 [VehicleDestroyed] ExpansionUh1h_Resistance (id=1CE8F3F34044B4AD8569C2AB0749F04F pos=<7925.08, 169.39, 11833.8>)
08:05:07.048 [VehicleDeleted] ExpansionUh1h_Resistance (id=36AFF178064C663D0BAAA497F241184C pos=<1230.35, 168.72, 7567.23>)
08:05:34.929 [VehicleDeleted] ExpansionUh1h_Resistance (id=1CE8F3F34044B4AD8569C2AB0749F04F pos=<7925.92, 169.11, 11835.9>)
08:07:48.272 [VehicleDestroyed] ExpansionUh1h (id=15689CD7CF4A3EAB418EB4BDFC1350B6 pos=<1228.18, 169.1, 7566.35>)
08:08:10.720 [VehicleDestroyed] ExpansionUh1h_Medical (id=CB98266AEB40EFEC0BA7459F4FCAD2CE pos=<7925.19, 169.57, 11833.2>)
09:38:06.284 [AI Patrol 00020] Spawning 2 East bots at <9435.514648, 242.000000, 10364.716797>
09:38:06.318 [AI Patrol 00020] Global patrol count: 1
09:38:06.329 [AI Patrol 00020] Patrol category patrol count: 1
09:39:14.126 [VehicleDeleted] ExpansionUh1h (id=15689CD7CF4A3EAB418EB4BDFC1350B6 pos=<1235.21, 168.49, 7566.83>)
09:39:41.877 [VehicleDeleted] ExpansionUh1h_Medical (id=CB98266AEB40EFEC0BA7459F4FCAD2CE pos=<7927.12, 170, 11832.9>)
09:40:21.657 [AI Patrol 00019] Spawning 3 East bots at <9242.137695, 194.799484, 11065.030273>
09:40:21.693 [AI Patrol 00019] Global patrol count: 2
09:40:21.703 [AI Patrol 00019] Patrol category patrol count: 2
09:41:56.661 [VehicleDestroyed] ExpansionUh1h (id=8EAFB0874E4950A192FEF3B1A4F737E9 pos=<1228.18, 169.14, 7566.17>)
09:42:13.980 [VehicleDestroyed] ExpansionUh1h (id=ABA7161A20493932A1B4CFB719C64D67 pos=<7924.57, 169.36, 11833.5>)
09:48:02.920 [VehicleDeleted] ExpansionUh1h (id=8EAFB0874E4950A192FEF3B1A4F737E9 pos=<1230.51, 168.76, 7567.02>)
09:48:30.692 [VehicleDeleted] ExpansionUh1h (id=ABA7161A20493932A1B4CFB719C64D67 pos=<7924.17, 169.28, 11833.6>)
09:50:44.779 [VehicleDestroyed] ExpansionUh1h_Medical (id=D5ADE0F59D4552BC04370D9953040F37 pos=<1228.15, 169.11, 7566.26>)
09:51:05.785 [VehicleDestroyed] ExpansionUh1h_Medical (id=97E68D205D4241A6144F5D910B443419 pos=<7925.47, 169.55, 11833.5>)
09:54:44.704 [AI Patrol 00019] Despawning 3 East bots (spawn position <9242.137695, 194.799484, 11065.030273>, 0/3 deceased)
09:54:44.785 [AI Patrol 00019] Global patrol count: 1
09:54:44.826 [AI Patrol 00019] Patrol category patrol count: 1
09:55:05.127 [AI Patrol 00020] Despawning 2 East bots (spawn position <9435.514648, 242.000000, 10364.716797>, 0/2 deceased)
09:55:05.138 [AI Patrol 00020] Global patrol count: 0
09:55:05.148 [AI Patrol 00020] Patrol category patrol count: 0
09:56:51.984 [VehicleDeleted] ExpansionUh1h_Medical (id=D5ADE0F59D4552BC04370D9953040F37 pos=<1230.38, 168.77, 7567.01>)
09:57:19.852 [VehicleDeleted] ExpansionUh1h_Medical (id=97E68D205D4241A6144F5D910B443419 pos=<7927.49, 169.91, 11833.6>)
09:58:02.062 [VehicleEnter] Player "Bad Boy" (id=7EOOpe6Cv8QB45p22zWB29TPheQCYualmurDzSA3CR0=) entered vehicle Land Rover Defender (id=F14DA84150452B93C83C85BA2443F68D pos=<5412.35, 410.55, 3909.06>) as driver
09:59:35.491 [VehicleDestroyed] ExpansionUh1h (id=A1AF9490174D3F097FB64EA3D2B392CC pos=<1228.18, 169.14, 7566.18>)
09:59:47.614 [VehicleDestroyed] ExpansionUh1h_Medical (id=5B8B957E4C40C7767656F9884EA66DE1 pos=<7925.28, 169.44, 11833.7>)
10:01:20.423 [VehicleEngine] Player "Bad Boy" (id=7EOOpe6Cv8QB45p22zWB29TPheQCYualmurDzSA3CR0=) started vehicle Land Rover Defender (id=F14DA84150452B93C83C85BA2443F68D pos=<5412.35, 410.55, 3909.06>)
10:03:39.394 [VehicleEngine] Player "NULL" (id=NULL) stopped vehicle Land Rover Defender (id=F14DA84150452B93C83C85BA2443F68D pos=<5623.39, 419.52, 3728.85>)
10:03:39.422 [VehicleLeave] Player "Bad Boy" (id=7EOOpe6Cv8QB45p22zWB29TPheQCYualmurDzSA3CR0=) left vehicle Land Rover Defender (id=F14DA84150452B93C83C85BA2443F68D pos=<5623.39, 419.52, 3728.85>)
10:05:45.035 [VehicleDeleted] ExpansionUh1h (id=A1AF9490174D3F097FB64EA3D2B392CC pos=<1230.5, 168.77, 7566.98>)
10:06:12.790 [VehicleDeleted] ExpansionUh1h_Medical (id=5B8B957E4C40C7767656F9884EA66DE1 pos=<7926.63, 169.27, 11835.8>)
10:08:27.001 [VehicleDestroyed] ExpansionUh1h_Resistance (id=368DDE1A6F46B6482904B282197AE633 pos=<1228.08, 169.13, 7566.2>)
10:08:40.503 [VehicleDestroyed] ExpansionUh1h_Medical (id=1632C73F4743C90EF4D6B8A205E7DD1A pos=<7924.99, 169.44, 11833.6>)
10:09:25.707 [AI Object Patrol 00084] Spawning 2 East bots at <8270.855469, 309.837708, 1197.868652>
10:09:25.739 [AI Object Patrol 00084] Global patrol count: 1
10:09:25.751 [AI Object Patrol 00084] HelicopterWreck category patrol count: 1
10:14:33.030 [VehicleDeleted] ExpansionUh1h_Resistance (id=368DDE1A6F46B6482904B282197AE633 pos=<1230.51, 168.75, 7567.05>)
10:15:00.748 [VehicleDeleted] ExpansionUh1h_Medical (id=1632C73F4743C90EF4D6B8A205E7DD1A pos=<7927.34, 169.94, 11833.3>)
10:17:14.701 [VehicleDestroyed] ExpansionUh1h (id=9439342F2D42CBFE3BE36FAFB784F4C5 pos=<1228.17, 169.11, 7566.28>)
10:17:38.978 [VehicleDestroyed] ExpansionUh1h_Medical (id=050B3A1AF34B029988F72B9FF005B2F1 pos=<7925.51, 169.56, 11833.4>)
10:19:19.257 [SpawnSelection] Player "Bad Boy" (id=7EOOpe6Cv8QB45p22zWB29TPheQCYualmurDzSA3CR0=) spawned at <6494.669922, 308.559998, 4704.560059>
10:20:11.036 [AI Object Patrol 00092] Spawning 1 West bots at <5508.258301, 386.257263, 4912.889160>
10:20:11.059 [AI Object Patrol 00092] Global patrol count: 2
10:20:11.068 [AI Object Patrol 00092] HelicopterWreck category patrol count: 2
10:22:24.776 [AI Object Patrol 00094] Spawning 2 West bots at <5624.870605, 419.464508, 3728.673096>
10:22:24.798 [AI Object Patrol 00094] Global patrol count: 3
10:22:24.808 [AI Object Patrol 00094] ContaminatedArea category patrol count: 1
10:23:24.115 [VehicleDeleted] ExpansionUh1h (id=9439342F2D42CBFE3BE36FAFB784F4C5 pos=<1230.51, 168.74, 7567.11>)
10:23:51.970 [VehicleDeleted] ExpansionUh1h_Medical (id=050B3A1AF34B029988F72B9FF005B2F1 pos=<7927.28, 169.43, 11835.7>)
10:25:18.787 [AI Patrol 00018] Spawning 2 Civilian bots at <6697.216797, 323.985687, 3307.362793>
10:25:18.812 [AI Patrol 00018] Global patrol count: 4
10:25:18.822 [AI Patrol 00018] Patrol category patrol count: 1
10:26:06.346 [VehicleDestroyed] ExpansionUh1h_Resistance (id=F382CF03A14D05EEA741AC8A24C308AC pos=<1228.17, 169.14, 7566.17>)
10:26:21.292 [VehicleDestroyed] ExpansionUh1h (id=4AECDBA54B45CFDE5CBB8A8EB20008C8 pos=<7924.71, 169.38, 11833.6>)
10:32:16.692 [VehicleDeleted] ExpansionUh1h_Resistance (id=F382CF03A14D05EEA741AC8A24C308AC pos=<1230.55, 168.75, 7567.06>)
10:32:44.767 [VehicleDeleted] ExpansionUh1h (id=4AECDBA54B45CFDE5CBB8A8EB20008C8 pos=<7924.26, 169.31, 11833.5>)
10:34:46.052 [SpawnSelection] Player "Bad Boy" (id=7EOOpe6Cv8QB45p22zWB29TPheQCYualmurDzSA3CR0=) spawned at <6517.890137, 308.565002, 4777.350098>
10:34:58.253 [VehicleDestroyed] ExpansionUh1h_Medical (id=A3705BED984842CA7B243F8EAFFFC8F6 pos=<1228.12, 169.11, 7566.3>)
10:35:19.806 [VehicleDestroyed] ExpansionUh1h_Medical (id=D567A9490B4C04548EDD0AB860913D1D pos=<7925.34, 169.54, 11833.4>)
10:37:53.044 [SpawnSelection] Player "Bad Boy" (id=7EOOpe6Cv8QB45p22zWB29TPheQCYualmurDzSA3CR0=) spawned at <3092.719971, 234.136002, 6779.060059>
10:39:01.461 [AI Patrol 00018] Despawning 2 Civilian bots (spawn position <6697.216797, 323.985687, 3307.362793>, 0/2 deceased)
10:39:01.471 [AI Patrol 00018] Global patrol count: 3
10:39:01.481 [AI Patrol 00018] Patrol category patrol count: 0
10:39:25.420 [AI Object Patrol 00093] Spawning 1 West bots at <4289.288086, 271.713684, 6228.410645>
10:39:25.449 [AI Object Patrol 00093] Global patrol count: 4
10:39:25.459 [AI Object Patrol 00093] HelicopterWreck category patrol count: 3
10:40:32.820 [AI Object Patrol 00100] Spawning 3 West bots at <8906.406250, 476.130493, 2035.206787>
10:40:32.849 [AI Object Patrol 00100] Global patrol count: 5
10:40:32.860 [AI Object Patrol 00100] ContaminatedArea category patrol count: 2
10:41:07.959 [VehicleDeleted] ExpansionUh1h_Medical (id=A3705BED984842CA7B243F8EAFFFC8F6 pos=<1230.34, 168.68, 7567.37>)
10:41:36.002 [VehicleDeleted] ExpansionUh1h_Medical (id=D567A9490B4C04548EDD0AB860913D1D pos=<7927.2, 169.94, 11833.2>)
10:42:31.936 [Chat - Global]("Akira"(id=_AiYSOqBTsXk7V79zSlYdl-x8y50J1nzzpoqKcKH0v8=)): hows everyone doing
10:42:42.713 [AI Object Patrol 00094] Despawning 2 West bots (spawn position <5624.870605, 419.464508, 3728.673096>, 0/2 deceased)
10:42:42.774 [AI Object Patrol 00094] Global patrol count: 4
10:42:42.848 [AI Object Patrol 00094] ContaminatedArea category patrol count: 1
10:42:49.856 [Chat - Global]("snake"(id=0nsyEhm9INQy3se8y-fXlbMHVv4YsIXloUCLC2unDyo=)): yoo, doing good man. hbu?
10:42:53.946 [Chat - Global]("Bad Boy"(id=7EOOpe6Cv8QB45p22zWB29TPheQCYualmurDzSA3CR0=)): got gased when i was afk and now trying to get my shit back lol
10:43:27.653 [AI Object Patrol 00092] Despawning 1 West bots (spawn position <5508.258301, 386.257263, 4912.889160>, 0/1 deceased)
10:43:27.671 [AI Object Patrol 00092] Global patrol count: 3
10:43:27.686 [AI Object Patrol 00092] HelicopterWreck category patrol count: 2
10:43:29.134 [Chat - Global]("Akira"(id=_AiYSOqBTsXk7V79zSlYdl-x8y50J1nzzpoqKcKH0v8=)): farming collectibles atm while looking for a car to move
10:43:49.190 [VehicleDestroyed] ExpansionUh1h_Medical (id=3A70620BC04FB7F3665D049B768B4021 pos=<1228.17, 169.1, 7566.34>)
10:44:03.322 [VehicleDestroyed] ExpansionUh1h_Uber (id=EFF89515FD450BD4227CA691E05DB91E pos=<7924.74, 169.34, 11833.8>)
10:46:35.255 [Chat - Global]("Bad Boy"(id=7EOOpe6Cv8QB45p22zWB29TPheQCYualmurDzSA3CR0=)): there are a ton in tomolin
10:48:05.953 [AI Object Patrol 00093] Despawning 1 West bots (spawn position <4289.288086, 271.713684, 6228.410645>, 0/1 deceased)
10:48:05.962 [AI Object Patrol 00093] Global patrol count: 2
10:48:05.971 [AI Object Patrol 00093] HelicopterWreck category patrol count: 1
10:48:29.325 [Chat - Global]("Akira"(id=_AiYSOqBTsXk7V79zSlYdl-x8y50J1nzzpoqKcKH0v8=)): tomolin or topolin?
10:49:57.422 [VehicleDeleted] ExpansionUh1h_Medical (id=3A70620BC04FB7F3665D049B768B4021 pos=<1230.44, 168.71, 7567.23>)
10:50:25.209 [VehicleDeleted] ExpansionUh1h_Uber (id=EFF89515FD450BD4227CA691E05DB91E pos=<7926.53, 169.26, 11835.8>)
10:50:50.118 [SpawnSelection] Player "Bad Boy" (id=7EOOpe6Cv8QB45p22zWB29TPheQCYualmurDzSA3CR0=) spawned at <6517.890137, 308.565002, 4777.350098>
10:52:26.446 [Chat - Global]("snake"(id=0nsyEhm9INQy3se8y-fXlbMHVv4YsIXloUCLC2unDyo=)): topolin
10:52:39.490 [VehicleDestroyed] ExpansionUh1h_Medical (id=F34E9C4B6F447C45FD8781A4809C3ED9 pos=<1228.08, 169.13, 7566.2>)
10:52:53.242 [VehicleDestroyed] ExpansionUh1h_Medical (id=330C6654E049576ADF352DB5BA4948CC pos=<7924.71, 169.41, 11833.5>)
10:53:03.086 [AI Object Patrol 00104] Spawning 3 West bots at <5562.303711, 420.510010, 3780.500732>
10:53:03.176 [AI Object Patrol 00104] Global patrol count: 3
10:53:03.244 [AI Object Patrol 00104] ContaminatedArea category patrol count: 2
10:54:29.661 [SpawnSelection] Player "Bad Boy" (id=7EOOpe6Cv8QB45p22zWB29TPheQCYualmurDzSA3CR0=) spawned at <6517.890137, 308.565002, 4777.350098>
10:57:59.616 [SpawnSelection] Player "Akira" (id=_AiYSOqBTsXk7V79zSlYdl-x8y50J1nzzpoqKcKH0v8=) spawned at <1913.430054, 194.949005, 7445.359863>
10:58:49.036 [VehicleDeleted] ExpansionUh1h_Medical (id=F34E9C4B6F447C45FD8781A4809C3ED9 pos=<1230.38, 168.75, 7567.1>)
10:59:16.936 [VehicleDeleted] ExpansionUh1h_Medical (id=330C6654E049576ADF352DB5BA4948CC pos=<7924.84, 169.45, 11833.5>)
11:01:48.630 [VehicleDestroyed] ExpansionUh1h (id=488E6B0E4C4DBFF44198CA82518AE8FB pos=<7925.16, 169.48, 11833.5>)
11:03:33.328 [SpawnSelection] Player "Bad Boy" (id=7EOOpe6Cv8QB45p22zWB29TPheQCYualmurDzSA3CR0=) spawned at <6494.669922, 308.559998, 4704.560059>
11:08:12.137 [VehicleDeleted] ExpansionUh1h (id=488E6B0E4C4DBFF44198CA82518AE8FB pos=<7925.72, 169.69, 11833>)
11:10:42.341 [VehicleDestroyed] ExpansionUh1h_Medical (id=37750B3BDD4CE6FEB535FC98AE10BA79 pos=<7925.29, 169.47, 11833.8>)
11:15:02.523 [Chat - Global]("Bad Boy"(id=7EOOpe6Cv8QB45p22zWB29TPheQCYualmurDzSA3CR0=)): How long does the gas last?
11:17:04.758 [VehicleDeleted] ExpansionUh1h_Medical (id=37750B3BDD4CE6FEB535FC98AE10BA79 pos=<7927.19, 169.83, 11833.7>)
11:17:04.783 [AI Object Patrol 00100] Despawning 3 West bots (spawn position <8906.406250, 476.130493, 2035.206787>, 0/3 deceased)
11:17:04.793 [AI Object Patrol 00100] Global patrol count: 2
11:17:04.803 [AI Object Patrol 00100] ContaminatedArea category patrol count: 1
11:19:19.888 [VehicleDestroyed] ExpansionUh1h_Uber (id=690F5121F749176C24B058939CBA9C9F pos=<1228.13, 169.11, 7566.28>)
11:19:36.287 [VehicleDestroyed] ExpansionUh1h_Uber (id=4652BFC2354710406D58CE9078DBBF7C pos=<7924.91, 169.45, 11833.5>)
11:21:31.473 [SpawnSelection] Player "Akira" (id=_AiYSOqBTsXk7V79zSlYdl-x8y50J1nzzpoqKcKH0v8=) spawned at <1913.430054, 194.949005, 7445.359863>
11:25:28.960 [VehicleDeleted] ExpansionUh1h_Uber (id=690F5121F749176C24B058939CBA9C9F pos=<1230.29, 168.72, 7567.23>)
11:25:56.755 [VehicleDeleted] ExpansionUh1h_Uber (id=4652BFC2354710406D58CE9078DBBF7C pos=<7924.97, 169.45, 11833.6>)
11:26:31.442 [SpawnSelection] Player "Akira" (id=_AiYSOqBTsXk7V79zSlYdl-x8y50J1nzzpoqKcKH0v8=) spawned at <1913.430054, 194.949005, 7445.359863>
11:28:12.487 [VehicleDestroyed] ExpansionUh1h (id=02C497E2D04A5D4978AA5782A4A9BCF1 pos=<1228.07, 169.16, 7566.12>)
11:28:25.465 [VehicleDestroyed] ExpansionUh1h_Uber (id=44D0DD041546FF25829493B809AA8D6D pos=<7924.66, 169.41, 11833.5>)
11:29:41.476 [AI Object Patrol 00104] Despawning 3 West bots (spawn position <5562.303711, 420.510010, 3780.500732>, 0/3 deceased)
11:29:41.486 [AI Object Patrol 00104] Global patrol count: 1
11:29:41.496 [AI Object Patrol 00104] ContaminatedArea category patrol count: 0
11:34:24.557 [VehicleDeleted] ExpansionUh1h (id=02C497E2D04A5D4978AA5782A4A9BCF1 pos=<1230.43, 168.74, 7567.11>)
11:34:51.751 [VehicleEnter] Player "Bad Boy" (id=7EOOpe6Cv8QB45p22zWB29TPheQCYualmurDzSA3CR0=) entered vehicle Land Rover Defender (id=F14DA84150452B93C83C85BA2443F68D pos=<5623.39, 419.52, 3728.85>) as driver
11:34:53.014 [VehicleDeleted] ExpansionUh1h_Uber (id=44D0DD041546FF25829493B809AA8D6D pos=<7924.66, 169.41, 11833.5>)
11:34:54.086 [VehicleEngine] Player "Bad Boy" (id=7EOOpe6Cv8QB45p22zWB29TPheQCYualmurDzSA3CR0=) started vehicle Land Rover Defender (id=F14DA84150452B93C83C85BA2443F68D pos=<5623.39, 419.52, 3728.85>)
11:35:16.584 [VehicleEngine] Player "NULL" (id=NULL) stopped vehicle Land Rover Defender (id=F14DA84150452B93C83C85BA2443F68D pos=<5590.01, 421.43, 3804.82>)
11:35:16.620 [VehicleLeave] Player "Bad Boy" (id=7EOOpe6Cv8QB45p22zWB29TPheQCYualmurDzSA3CR0=) left vehicle Land Rover Defender (id=F14DA84150452B93C83C85BA2443F68D pos=<5590.01, 421.43, 3804.82>)
11:37:07.803 [VehicleDestroyed] ExpansionUh1h_Uber (id=524FE1228544BE112CDEBB9803E505C2 pos=<1228.18, 169.14, 7566.17>)
11:37:16.553 [VehicleDestroyed] ExpansionUh1h_Resistance (id=C71172F6614DAD035948FC9F0E003828 pos=<7924.54, 169.3, 11833.9>)
11:39:19.253 [AI Object Patrol 00107] Spawning 2 West bots at <4734.615234, 427.668152, 3209.335938>
11:39:19.281 [AI Object Patrol 00107] Global patrol count: 2
11:39:19.292 [AI Object Patrol 00107] HelicopterWreck category patrol count: 2
11:43:19.708 [VehicleDeleted] ExpansionUh1h_Uber (id=524FE1228544BE112CDEBB9803E505C2 pos=<1230.52, 168.78, 7566.94>)
11:43:47.695 [VehicleDeleted] ExpansionUh1h_Resistance (id=C71172F6614DAD035948FC9F0E003828 pos=<7923.93, 169.15, 11834>)
11:43:47.711 [AI Object Patrol 00107] Despawning 2 West bots (spawn position <4734.615234, 427.668152, 3209.335938>, 0/2 deceased)
11:43:47.721 [AI Object Patrol 00107] Global patrol count: 1
11:43:47.731 [AI Object Patrol 00107] HelicopterWreck category patrol count: 1
11:46:02.256 [VehicleDestroyed] ExpansionUh1h_Resistance (id=213DB071D34B9316EDC57C877BD2DE64 pos=<1228.17, 169.13, 7566.19>)
11:46:21.375 [VehicleDestroyed] ExpansionUh1h_Resistance (id=1D1584C6AD4A651515D3DA85C803391B pos=<7925.01, 169.48, 11833.5>)
11:48:55.607 [AI Object Patrol 00084] Despawning 2 East bots (spawn position <8270.855469, 309.837708, 1197.868652>, 0/2 deceased)
11:48:55.618 [AI Object Patrol 00084] Global patrol count: 0
11:48:55.628 [AI Object Patrol 00084] HelicopterWreck category patrol count: 0
11:51:32.441 [AI Object Patrol 00119] Spawning 2 East bots at <6498.502930, 314.878021, 3164.140137>
11:51:32.465 [AI Object Patrol 00119] Global patrol count: 1
11:51:32.474 [AI Object Patrol 00119] HelicopterWreck category patrol count: 1
11:52:11.660 [VehicleDeleted] ExpansionUh1h_Resistance (id=213DB071D34B9316EDC57C877BD2DE64 pos=<1230.48, 168.75, 7567.08>)
11:52:12.761 [VehicleEnter] Player "Bad Boy" (id=7EOOpe6Cv8QB45p22zWB29TPheQCYualmurDzSA3CR0=) entered vehicle Land Rover Defender (id=F14DA84150452B93C83C85BA2443F68D pos=<5590.01, 421.43, 3804.82>) as driver
11:52:21.697 [VehicleLeave] Player "Bad Boy" (id=7EOOpe6Cv8QB45p22zWB29TPheQCYualmurDzSA3CR0=) left vehicle Land Rover Defender (id=F14DA84150452B93C83C85BA2443F68D pos=<5590.01, 421.43, 3804.82>)
11:52:39.579 [VehicleDeleted] ExpansionUh1h_Resistance (id=1D1584C6AD4A651515D3DA85C803391B pos=<7925.12, 169.52, 11833.4>)
11:52:53.767 [VehicleAttachments] Player "Bad Boy" (id=7EOOpe6Cv8QB45p22zWB29TPheQCYualmurDzSA3CR0=) detached Car Battery (type=CarBattery) from vehicle Land Rover Defender (id=F14DA84150452B93C83C85BA2443F68D pos=<5590.01, 421.43, 3804.82>)
11:53:13.525 [VehicleEnter] Player "Bad Boy" (id=7EOOpe6Cv8QB45p22zWB29TPheQCYualmurDzSA3CR0=) entered vehicle Land Rover Defender (id=F14DA84150452B93C83C85BA2443F68D pos=<5590.01, 421.43, 3804.82>) as driver
11:53:26.994 [VehicleEngine] Player "Bad Boy" (id=7EOOpe6Cv8QB45p22zWB29TPheQCYualmurDzSA3CR0=) started vehicle Land Rover Defender (id=F14DA84150452B93C83C85BA2443F68D pos=<5590.01, 421.43, 3804.82>)
11:54:53.796 [VehicleDestroyed] ExpansionUh1h_Resistance (id=C8838780E746E4D1C08603A3E4B7A343 pos=<1228.09, 169.13, 7566.24>)
11:55:15.174 [VehicleDestroyed] ExpansionUh1h_Medical (id=72998F7F9E4ACAD26E44ECBDAFBFCA85 pos=<7924.98, 169.49, 11833.4>)
11:56:44.170 [VehicleEngine] Player "NULL" (id=NULL) stopped vehicle Land Rover Defender (id=F14DA84150452B93C83C85BA2443F68D pos=<4166.38, 256.99, 5715.86>)
11:56:44.664 [VehicleLeave] Player "Bad Boy" (id=7EOOpe6Cv8QB45p22zWB29TPheQCYualmurDzSA3CR0=) left vehicle Land Rover Defender (id=F14DA84150452B93C83C85BA2443F68D pos=<4166.15, 256.94, 5716.78>)
11:57:22.646 [VehicleAttachments] Player "Bad Boy" (id=7EOOpe6Cv8QB45p22zWB29TPheQCYualmurDzSA3CR0=) detached Car Battery (type=CarBattery) from vehicle UAZ 469 Cargo (id=5C6E26993C4802774BE2258927E0100F pos=<4198.55, 258.33, 5726.42>)
11:58:25.351 [VehicleEnter] Player "Bad Boy" (id=7EOOpe6Cv8QB45p22zWB29TPheQCYualmurDzSA3CR0=) entered vehicle Land Rover Defender (id=F14DA84150452B93C83C85BA2443F68D pos=<4166.06, 256.92, 5717.1>) as driver
11:58:27.958 [VehicleEngine] Player "Bad Boy" (id=7EOOpe6Cv8QB45p22zWB29TPheQCYualmurDzSA3CR0=) started vehicle Land Rover Defender (id=F14DA84150452B93C83C85BA2443F68D pos=<4166.06, 256.92, 5717.1>)
11:58:49.798 [AI Object Patrol 00120] Spawning 2 West bots at <4450.274902, 322.585480, 6837.216797>
11:58:49.829 [AI Object Patrol 00120] Global patrol count: 2
11:58:49.839 [AI Object Patrol 00120] ContaminatedArea category patrol count: 1
12:00:23.292 [VehicleEngine] Player "NULL" (id=NULL) stopped vehicle Land Rover Defender (id=F14DA84150452B93C83C85BA2443F68D pos=<3179.45, 233.75, 6794.02>)
12:00:23.321 [VehicleLeave] Player "Bad Boy" (id=7EOOpe6Cv8QB45p22zWB29TPheQCYualmurDzSA3CR0=) left vehicle Land Rover Defender (id=F14DA84150452B93C83C85BA2443F68D pos=<3179.45, 233.75, 6794.02>)
12:01:02.506 [VehicleDeleted] ExpansionUh1h_Resistance (id=C8838780E746E4D1C08603A3E4B7A343 pos=<1230.36, 168.72, 7567.21>)
12:01:30.525 [VehicleDeleted] ExpansionUh1h_Medical (id=72998F7F9E4ACAD26E44ECBDAFBFCA85 pos=<7925.03, 169.5, 11833.4>)
12:01:57.817 [VehicleEnter] Player "Bad Boy" (id=7EOOpe6Cv8QB45p22zWB29TPheQCYualmurDzSA3CR0=) entered vehicle Land Rover Defender (id=F14DA84150452B93C83C85BA2443F68D pos=<3179.45, 233.75, 6794.02>) as driver
12:02:02.949 [VehicleEngine] Player "Bad Boy" (id=7EOOpe6Cv8QB45p22zWB29TPheQCYualmurDzSA3CR0=) started vehicle Land Rover Defender (id=F14DA84150452B93C83C85BA2443F68D pos=<3179.45, 233.75, 6794.02>)
12:02:05.269 [AI Object Patrol 00119] Despawning 2 East bots (spawn position <6498.502930, 314.878021, 3164.140137>, 0/2 deceased)
12:02:05.279 [AI Object Patrol 00119] Global patrol count: 1
12:02:05.289 [AI Object Patrol 00119] HelicopterWreck category patrol count: 0
12:03:13.683 [VehicleEngine] Player "NULL" (id=NULL) stopped vehicle Land Rover Defender (id=F14DA84150452B93C83C85BA2443F68D pos=<2712.63, 273.07, 6829.53>)
12:03:13.718 [VehicleLeave] Player "Bad Boy" (id=7EOOpe6Cv8QB45p22zWB29TPheQCYualmurDzSA3CR0=) left vehicle Land Rover Defender (id=F14DA84150452B93C83C85BA2443F68D pos=<2712.63, 273.07, 6829.53>)
12:03:46.889 [VehicleDestroyed] ExpansionUh1h_Medical (id=DF467F0BE4419C2912BDED8940B29931 pos=<1228.07, 169.16, 7566.12>)
12:04:00.524 [VehicleDestroyed] ExpansionUh1h (id=2E22206C0E455A814531D891844B0EA9 pos=<7925.1, 169.45, 11833.6>)
12:04:29.191 [VehicleEnter] Player "Bad Boy" (id=7EOOpe6Cv8QB45p22zWB29TPheQCYualmurDzSA3CR0=) entered vehicle Land Rover Defender (id=F14DA84150452B93C83C85BA2443F68D pos=<2712.63, 273.07, 6829.53>) as driver
12:04:33.848 [VehicleEngine] Player "Bad Boy" (id=7EOOpe6Cv8QB45p22zWB29TPheQCYualmurDzSA3CR0=) started vehicle Land Rover Defender (id=F14DA84150452B93C83C85BA2443F68D pos=<2712.63, 273.07, 6829.53>)
12:08:11.520 [VehicleEngine] Player "NULL" (id=NULL) stopped vehicle Land Rover Defender (id=F14DA84150452B93C83C85BA2443F68D pos=<1457.96, 183.78, 7383.93>)
12:08:11.548 [VehicleLeave] Player "Bad Boy" (id=7EOOpe6Cv8QB45p22zWB29TPheQCYualmurDzSA3CR0=) left vehicle Land Rover Defender (id=F14DA84150452B93C83C85BA2443F68D pos=<1457.96, 183.78, 7383.93>)
12:08:20.196 [VehicleEnter] Player "Bad Boy" (id=7EOOpe6Cv8QB45p22zWB29TPheQCYualmurDzSA3CR0=) entered vehicle Land Rover Defender (id=F14DA84150452B93C83C85BA2443F68D pos=<1457.96, 183.78, 7383.93>) as driver
12:08:22.992 [VehicleEngine] Player "Bad Boy" (id=7EOOpe6Cv8QB45p22zWB29TPheQCYualmurDzSA3CR0=) started vehicle Land Rover Defender (id=F14DA84150452B93C83C85BA2443F68D pos=<1457.96, 183.78, 7383.93>)
12:09:55.354 [VehicleDeleted] ExpansionUh1h_Medical (id=DF467F0BE4419C2912BDED8940B29931 pos=<1230.4, 168.76, 7567.02>)
12:09:58.614 [AI Object Patrol 00120] Despawning 2 West bots (spawn position <4450.274902, 322.585480, 6837.216797>, 0/2 deceased)
12:09:58.655 [AI Object Patrol 00120] Global patrol count: 0
12:09:58.727 [AI Object Patrol 00120] ContaminatedArea category patrol count: 0
12:10:07.132 [AI Object Patrol 00116] Spawning 3 West bots at <1542.704712, 265.319794, 9661.564453>
12:10:07.161 [AI Object Patrol 00116] Global patrol count: 1
12:10:07.171 [AI Object Patrol 00116] ContaminatedArea category patrol count: 1
12:10:23.731 [VehicleDeleted] ExpansionUh1h (id=2E22206C0E455A814531D891844B0EA9 pos=<7925.57, 169.63, 11833.2>)
12:11:36.149 [VehicleEngine] Player "NULL" (id=NULL) stopped vehicle Land Rover Defender (id=F14DA84150452B93C83C85BA2443F68D pos=<1645.24, 273.89, 10337.5>)
12:11:36.615 [VehicleLeave] Player "Bad Boy" (id=7EOOpe6Cv8QB45p22zWB29TPheQCYualmurDzSA3CR0=) left vehicle Land Rover Defender (id=F14DA84150452B93C83C85BA2443F68D pos=<1645.05, 273.9, 10337.7>)
12:12:02.257 [VehicleEnter] Player "Bad Boy" (id=7EOOpe6Cv8QB45p22zWB29TPheQCYualmurDzSA3CR0=) entered vehicle Land Rover Defender (id=F14DA84150452B93C83C85BA2443F68D pos=<1645.05, 273.9, 10337.7>) as driver
12:12:04.858 [VehicleEngine] Player "Bad Boy" (id=7EOOpe6Cv8QB45p22zWB29TPheQCYualmurDzSA3CR0=) started vehicle Land Rover Defender (id=F14DA84150452B93C83C85BA2443F68D pos=<1645.05, 273.9, 10337.7>)
12:12:15.353 [AI Object Patrol 00116] Despawning 3 West bots (spawn position <1542.704712, 265.319794, 9661.564453>, 0/3 deceased)
12:12:15.514 [AI Object Patrol 00116] Global patrol count: 0
12:12:15.677 [AI Object Patrol 00116] ContaminatedArea category patrol count: 0
12:12:39.235 [VehicleDestroyed] ExpansionUh1h_Uber (id=9F320B7A2842DF1B81DF9B912C46BF61 pos=<1228.12, 169.15, 7566.14>)
12:12:52.696 [VehicleDestroyed] ExpansionUh1h_Medical (id=BAEF86B9E8472EAC0BC97CBE4A8C9457 pos=<7924.67, 169.38, 11833.6>)
12:14:59.047 [VehicleEngine] Player "NULL" (id=NULL) stopped vehicle Land Rover Defender (id=F14DA84150452B93C83C85BA2443F68D pos=<1318.85, 369.05, 11475.1>)
12:14:59.086 [VehicleLeave] Player "Bad Boy" (id=7EOOpe6Cv8QB45p22zWB29TPheQCYualmurDzSA3CR0=) left vehicle Land Rover Defender (id=F14DA84150452B93C83C85BA2443F68D pos=<1318.85, 369.05, 11475.1>)
12:15:07.999 [VehicleEnter] Player "Bad Boy" (id=7EOOpe6Cv8QB45p22zWB29TPheQCYualmurDzSA3CR0=) entered vehicle Land Rover Defender (id=F14DA84150452B93C83C85BA2443F68D pos=<1318.85, 369.05, 11475.1>) as driver
12:15:09.771 [VehicleEngine] Player "Bad Boy" (id=7EOOpe6Cv8QB45p22zWB29TPheQCYualmurDzSA3CR0=) started vehicle Land Rover Defender (id=F14DA84150452B93C83C85BA2443F68D pos=<1318.85, 369.05, 11475.1>)
12:15:11.443 [VehicleEnter] Player "Akira" (id=_AiYSOqBTsXk7V79zSlYdl-x8y50J1nzzpoqKcKH0v8=) entered vehicle Mh-6 Little Bird (id=1EFD3792854B0385FD8A969ACDB5AA69 pos=<1937.73, 229.41, 7275.32>) as pilot
12:15:13.909 [VehicleEngine] Player "Akira" (id=_AiYSOqBTsXk7V79zSlYdl-x8y50J1nzzpoqKcKH0v8=) started vehicle Mh-6 Little Bird (id=1EFD3792854B0385FD8A969ACDB5AA69 pos=<1937.76, 229.42, 7275.32>)
12:15:33.848 [VehicleEngine] Player "NULL" (id=NULL) stopped vehicle Land Rover Defender (id=F14DA84150452B93C83C85BA2443F68D pos=<1326.32, 370.48, 11468.5>)
12:15:33.877 [VehicleLeave] Player "Bad Boy" (id=7EOOpe6Cv8QB45p22zWB29TPheQCYualmurDzSA3CR0=) left vehicle Land Rover Defender (id=F14DA84150452B93C83C85BA2443F68D pos=<1326.32, 370.48, 11468.5>)
12:17:39.806 [Chat - Global]("Akira"(id=_AiYSOqBTsXk7V79zSlYdl-x8y50J1nzzpoqKcKH0v8=)): yeah got a little bird
12:18:45.893 [VehicleDeleted] ExpansionUh1h_Uber (id=9F320B7A2842DF1B81DF9B912C46BF61 pos=<1230.37, 168.78, 7566.96>)
12:19:13.647 [VehicleDeleted] ExpansionUh1h_Medical (id=BAEF86B9E8472EAC0BC97CBE4A8C9457 pos=<7924.47, 169.33, 11833.7>)
12:21:28.339 [VehicleDestroyed] ExpansionUh1h_Medical (id=7B0931CE0B4445826F376F9952D1090E pos=<1228.17, 169.14, 7566.18>)
12:21:47.846 [VehicleDestroyed] ExpansionUh1h_Uber (id=0B162878414995C4F37FE9A2B669FD71 pos=<7925.1, 169.49, 11833.5>)
12:22:04.659 [VehicleEngine] Player "Akira" (id=_AiYSOqBTsXk7V79zSlYdl-x8y50J1nzzpoqKcKH0v8=) stopped vehicle Mh-6 Little Bird (id=1EFD3792854B0385FD8A969ACDB5AA69 pos=<10784, 200.62, 10988.2>)
12:22:14.541 [VehicleLeave] Player "Akira" (id=_AiYSOqBTsXk7V79zSlYdl-x8y50J1nzzpoqKcKH0v8=) left vehicle Mh-6 Little Bird (id=1EFD3792854B0385FD8A969ACDB5AA69 pos=<10784, 200.63, 10988.2>)
12:22:48.059 [AI Object Patrol 00121] Spawning 3 West bots at <5577.483398, 420.242737, 3902.238037>
12:22:48.085 [AI Object Patrol 00121] Global patrol count: 1
12:22:48.095 [AI Object Patrol 00121] ContaminatedArea category patrol count: 1
12:24:41.141 [VehicleEnter] Player "PoiiZoner3" (id=cZC_vl4onJwtCEZaOtA89yPcwyGnN7Qy01WI28TQhbU=) entered vehicle Mh-6 Little Bird (id=994F5F4FBF433CBFE47A75B67AE1D77F pos=<6447.48, 392.97, 3831.27>) as pilot
12:24:45.024 [VehicleEngine] Player "PoiiZoner3" (id=cZC_vl4onJwtCEZaOtA89yPcwyGnN7Qy01WI28TQhbU=) started vehicle Mh-6 Little Bird (id=994F5F4FBF433CBFE47A75B67AE1D77F pos=<6447.55, 392.96, 3831.31>)
12:25:57.495 [AI Object Patrol 00009] Spawning 2 West bots at <7321.619141, 224.584000, 6473.917480>
12:25:57.527 [AI Object Patrol 00009] Global patrol count: 2
12:25:57.539 [AI Object Patrol 00009] ContaminatedArea category patrol count: 2
12:26:28.423 [AI Object Patrol 00125] Spawning 1 East bots at <7786.326172, 254.326996, 7877.473633>
12:26:28.458 [AI Object Patrol 00125] Global patrol count: 3
12:26:28.470 [AI Object Patrol 00125] HelicopterWreck category patrol count: 1
12:27:37.514 [VehicleDeleted] ExpansionUh1h_Medical (id=7B0931CE0B4445826F376F9952D1090E pos=<1230.45, 168.76, 7567.05>)
12:28:05.431 [VehicleDeleted] ExpansionUh1h_Uber (id=0B162878414995C4F37FE9A2B669FD71 pos=<7926.41, 169.75, 11833.4>)
12:28:38.987 [VehicleEngine] Player "PoiiZoner3" (id=cZC_vl4onJwtCEZaOtA89yPcwyGnN7Qy01WI28TQhbU=) stopped vehicle Mh-6 Little Bird (id=994F5F4FBF433CBFE47A75B67AE1D77F pos=<7887.95, 321.22, 9808.78>)
12:28:44.595 [VehicleLeave] Player "PoiiZoner3" (id=cZC_vl4onJwtCEZaOtA89yPcwyGnN7Qy01WI28TQhbU=) left vehicle Mh-6 Little Bird (id=994F5F4FBF433CBFE47A75B67AE1D77F pos=<7887.8, 320.56, 9809.29>)
12:30:20.313 [VehicleDestroyed] ExpansionUh1h_Uber (id=314C2FD6CA425AFB6E24D0B726692623 pos=<1228.13, 169.13, 7566.22>)
12:30:32.064 [VehicleDestroyed] ExpansionUh1h (id=171956D08D45C2715DF0B7BDA9ABC1D9 pos=<7924.86, 169.4, 11833.7>)
12:33:14.426 [AI Object Patrol 00121] Despawning 3 West bots (spawn position <5577.483398, 420.242737, 3902.238037>, 0/3 deceased)
12:33:14.436 [AI Object Patrol 00121] Global patrol count: 2
12:33:14.447 [AI Object Patrol 00121] ContaminatedArea category patrol count: 1
12:34:32.853 [VehicleEnter] Player "Akira" (id=_AiYSOqBTsXk7V79zSlYdl-x8y50J1nzzpoqKcKH0v8=) entered vehicle Mh-6 Little Bird (id=1EFD3792854B0385FD8A969ACDB5AA69 pos=<10784, 200.63, 10988.2>) as pilot
12:34:35.022 [VehicleEngine] Player "Akira" (id=_AiYSOqBTsXk7V79zSlYdl-x8y50J1nzzpoqKcKH0v8=) started vehicle Mh-6 Little Bird (id=1EFD3792854B0385FD8A969ACDB5AA69 pos=<10784, 200.63, 10988.2>)
12:36:32.238 [VehicleDeleted] ExpansionUh1h_Uber (id=314C2FD6CA425AFB6E24D0B726692623 pos=<1230.4, 168.75, 7567.08>)
12:36:39.241 [AI Object Patrol 00009] Despawning 2 West bots (spawn position <7321.619141, 224.584000, 6473.917480>, 0/2 deceased)
12:36:39.250 [AI Object Patrol 00009] Global patrol count: 1
12:36:39.260 [AI Object Patrol 00009] ContaminatedArea category patrol count: 0
12:37:01.196 [VehicleDeleted] ExpansionUh1h (id=171956D08D45C2715DF0B7BDA9ABC1D9 pos=<7925.57, 169.6, 11833.3>)
12:37:11.303 [AI Object Patrol 00125] Despawning 1 East bots (spawn position <7786.326172, 254.326996, 7877.473633>, 0/1 deceased)
12:37:11.314 [AI Object Patrol 00125] Global patrol count: 0
12:37:11.324 [AI Object Patrol 00125] HelicopterWreck category patrol count: 0
12:38:39.551 [VehicleEngine] Player "Akira" (id=_AiYSOqBTsXk7V79zSlYdl-x8y50J1nzzpoqKcKH0v8=) stopped vehicle Mh-6 Little Bird (id=1EFD3792854B0385FD8A969ACDB5AA69 pos=<10787.8, 200.51, 10993.5>)
12:38:57.857 [VehicleEngine] Player "Akira" (id=_AiYSOqBTsXk7V79zSlYdl-x8y50J1nzzpoqKcKH0v8=) started vehicle Mh-6 Little Bird (id=1EFD3792854B0385FD8A969ACDB5AA69 pos=<10787.8, 200.51, 10993.5>)
12:39:16.902 [VehicleDestroyed] ExpansionUh1h (id=45E3A98A44407F994E2BD28D63CDDD6E pos=<1228.11, 169.13, 7566.21>)
12:39:30.377 [VehicleDestroyed] ExpansionUh1h (id=23FECFD58E4D6F4ABC7F8ABCB3A054A8 pos=<7925.03, 169.42, 11833.6>)
12:39:57.788 [VehicleEngine] Player "Akira" (id=_AiYSOqBTsXk7V79zSlYdl-x8y50J1nzzpoqKcKH0v8=) stopped vehicle Mh-6 Little Bird (id=1EFD3792854B0385FD8A969ACDB5AA69 pos=<10789.2, 202.9, 10993.6>)
12:40:04.956 [VehicleLeave] Player "Akira" (id=_AiYSOqBTsXk7V79zSlYdl-x8y50J1nzzpoqKcKH0v8=) left vehicle Mh-6 Little Bird (id=1EFD3792854B0385FD8A969ACDB5AA69 pos=<10790.5, 201.87, 10994.1>)
12:43:43.711 [VehicleEnter] Player "PoiiZoner3" (id=cZC_vl4onJwtCEZaOtA89yPcwyGnN7Qy01WI28TQhbU=) entered vehicle UH-1H (id=81F79584E1468E326FDD019A29A500E3 pos=<7883.02, 320.54, 9799.94>) as pilot
12:44:09.602 [VehicleEngine] Player "PoiiZoner3" (id=cZC_vl4onJwtCEZaOtA89yPcwyGnN7Qy01WI28TQhbU=) started vehicle UH-1H (id=81F79584E1468E326FDD019A29A500E3 pos=<7883.02, 320.54, 9799.94>)
12:45:24.241 [VehicleDeleted] ExpansionUh1h (id=45E3A98A44407F994E2BD28D63CDDD6E pos=<1230.51, 168.74, 7567.1>)
12:45:52.205 [VehicleDeleted] ExpansionUh1h (id=23FECFD58E4D6F4ABC7F8ABCB3A054A8 pos=<7926.37, 169.21, 11835.9>)
12:46:46.338 [VehicleDeleted] ExpansionMh6_Resistance (id=1EFD3792854B0385FD8A969ACDB5AA69 pos=<10790.5, 200.52, 10994.1>)
12:46:46.348 [VehicleCover] Player "Akira" (id=_AiYSOqBTsXk7V79zSlYdl-x8y50J1nzzpoqKcKH0v8= pos=<10788.4, 200.45, 10994.1>) covered vehicle "ExpansionMh6_Resistance" (GlobalID=8000000080000000800000008000C451 pos=<10790.5, 200.52, 10994.1>)!
12:46:58.329 [VehicleCover] Player "Akira" (id=_AiYSOqBTsXk7V79zSlYdl-x8y50J1nzzpoqKcKH0v8= pos=<10789.4, 200.45, 10995>) uncovered vehicle "ExpansionMh6_Resistance" (GlobalID=8000000080000000800000008000C451 pos=<10790.5, 200.52, 10994.1>)!
12:47:11.478 [VehicleDeleted] ExpansionMh6_Resistance (id=86012242414FEEC34EABA59667739475 pos=<10790.4, 200.52, 10994.1>)
12:47:11.488 [VehicleCover] Player "Akira" (id=_AiYSOqBTsXk7V79zSlYdl-x8y50J1nzzpoqKcKH0v8= pos=<10787.8, 200.45, 10991.3>) covered vehicle "ExpansionMh6_Resistance" (GlobalID=8000000080000000800000008000C451 pos=<10790.4, 200.52, 10994.1>)!
12:47:31.943 [VehicleCover] Player "Akira" (id=_AiYSOqBTsXk7V79zSlYdl-x8y50J1nzzpoqKcKH0v8= pos=<10787, 200.45, 10991>) uncovered vehicle "ExpansionMh6_Resistance" (GlobalID=8000000080000000800000008000C451 pos=<10790.4, 200.52, 10994.1>)!
12:47:54.733 [VehicleEngine] Player "PoiiZoner3" (id=cZC_vl4onJwtCEZaOtA89yPcwyGnN7Qy01WI28TQhbU=) stopped vehicle UH-1H (id=81F79584E1468E326FDD019A29A500E3 pos=<9049.89, 298.57, 6585.33>)
12:47:59.936 [VehicleLeave] Player "PoiiZoner3" (id=cZC_vl4onJwtCEZaOtA89yPcwyGnN7Qy01WI28TQhbU=) left vehicle UH-1H (id=81F79584E1468E326FDD019A29A500E3 pos=<9049.96, 298.45, 6585.29>)
12:48:07.609 [VehicleDestroyed] ExpansionUh1h_Uber (id=BF39A342A84D12E0586336AC1925F7BD pos=<1228.08, 169.13, 7566.21>)
12:48:15.378 [VehicleDestroyed] ExpansionUh1h_Medical (id=40772AC9E048C9F68C1CD39FA7B6A175 pos=<7924.78, 169.29, 11834>)
12:50:30.017 [VehicleEnter] Player "Lozergod" (id=f6o5reGZK1apFSzOwnbzYEHfAXAMOXbXZqu1fYDG5tE=) entered vehicle Gyrocopter (id=F62CBCDDE9419F75EE65C396752884D1 pos=<359.24, 207.92, 7887.99>) as pilot
12:50:31.756 [VehicleEngine] Player "Lozergod" (id=f6o5reGZK1apFSzOwnbzYEHfAXAMOXbXZqu1fYDG5tE=) started vehicle Gyrocopter (id=F62CBCDDE9419F75EE65C396752884D1 pos=<359.25, 207.92, 7887.99>)
12:50:54.645 [Chat - Global]("Lozergod"(id=f6o5reGZK1apFSzOwnbzYEHfAXAMOXbXZqu1fYDG5tE=)): hows it going
12:51:23.596 [Chat - Global]("PoiiZoner3"(id=cZC_vl4onJwtCEZaOtA89yPcwyGnN7Qy01WI28TQhbU=)): Helicopters suck to refuel
12:52:04.004 [VehicleEngine] Player "NULL" (id=NULL) stopped vehicle Gyrocopter (id=F62CBCDDE9419F75EE65C396752884D1 pos=<1234.61, 228.48, 8187.29>)
12:52:04.093 [VehicleLeave] Player "Lozergod" (id=f6o5reGZK1apFSzOwnbzYEHfAXAMOXbXZqu1fYDG5tE=) left vehicle Gyrocopter (id=F62CBCDDE9419F75EE65C396752884D1 pos=<1234.61, 228.48, 8187.29>)
12:52:37.248 [VehicleEnter] Player "Lozergod" (id=f6o5reGZK1apFSzOwnbzYEHfAXAMOXbXZqu1fYDG5tE=) entered vehicle Gyrocopter (id=F62CBCDDE9419F75EE65C396752884D1 pos=<1236.02, 226.89, 8187.73>) as pilot
12:52:39.614 [VehicleEngine] Player "Lozergod" (id=f6o5reGZK1apFSzOwnbzYEHfAXAMOXbXZqu1fYDG5tE=) started vehicle Gyrocopter (id=F62CBCDDE9419F75EE65C396752884D1 pos=<1236.03, 226.89, 8187.73>)
12:53:51.339 [Chat - Global]("Lozergod"(id=f6o5reGZK1apFSzOwnbzYEHfAXAMOXbXZqu1fYDG5tE=)): they take a while
12:54:15.444 [VehicleDeleted] ExpansionUh1h_Uber (id=BF39A342A84D12E0586336AC1925F7BD pos=<1230.46, 168.74, 7567.12>)
12:54:43.594 [VehicleDeleted] ExpansionUh1h_Medical (id=40772AC9E048C9F68C1CD39FA7B6A175 pos=<7926.76, 169.28, 11835.9>)
12:55:49.297 [AI Object Patrol 00137] Spawning 1 West bots at <7515.448730, 256.897949, 7028.689453>
12:55:49.322 [AI Object Patrol 00137] Global patrol count: 1
12:55:49.332 [AI Object Patrol 00137] HelicopterWreck category patrol count: 1
12:56:59.048 [VehicleDestroyed] ExpansionUh1h_Medical (id=58C041150E4809948BD1C6BAF6AC53FA pos=<1228.07, 169.16, 7566.11>)
12:57:09.849 [AI Object Patrol 00134] Spawning 1 East bots at <8943.837891, 317.962189, 5425.075684>
12:57:09.881 [AI Object Patrol 00134] Global patrol count: 2
12:57:09.891 [AI Object Patrol 00134] HelicopterWreck category patrol count: 2
12:57:12.898 [VehicleDestroyed] ExpansionUh1h (id=640BBCB4FF4744456A1ED69D7F908FB8 pos=<7925.07, 169.44, 11833.7>)
12:57:26.069 [AI Object Patrol 00131] Spawning 2 West bots at <8914.605469, 340.230438, 4355.464355>
12:57:26.102 [AI Object Patrol 00131] Global patrol count: 3
12:57:26.112 [AI Object Patrol 00131] ContaminatedArea category patrol count: 1
13:00:09.005 [VehicleLeave] Player "Lozergod" (id=f6o5reGZK1apFSzOwnbzYEHfAXAMOXbXZqu1fYDG5tE=) left vehicle Gyrocopter (id=F62CBCDDE9419F75EE65C396752884D1 pos=<11616.5, 265.63, 1960.43>)
13:00:26.820 [VehicleEnter] Player "Lozergod" (id=f6o5reGZK1apFSzOwnbzYEHfAXAMOXbXZqu1fYDG5tE=) entered vehicle Gyrocopter (id=F62CBCDDE9419F75EE65C396752884D1 pos=<11616.5, 265.63, 1960.6>) as pilot
13:00:27.997 [VehicleEngine] Player "Lozergod" (id=f6o5reGZK1apFSzOwnbzYEHfAXAMOXbXZqu1fYDG5tE=) stopped vehicle Gyrocopter (id=F62CBCDDE9419F75EE65C396752884D1 pos=<11616.5, 265.63, 1960.61>)
13:00:31.699 [VehicleLeave] Player "Lozergod" (id=f6o5reGZK1apFSzOwnbzYEHfAXAMOXbXZqu1fYDG5tE=) left vehicle Gyrocopter (id=F62CBCDDE9419F75EE65C396752884D1 pos=<11616.5, 265.63, 1960.65>)
13:03:08.736 [VehicleDeleted] ExpansionUh1h_Medical (id=58C041150E4809948BD1C6BAF6AC53FA pos=<1230.39, 168.78, 7566.98>)
13:03:36.845 [VehicleDeleted] ExpansionUh1h (id=640BBCB4FF4744456A1ED69D7F908FB8 pos=<7926.64, 169.77, 11833.5>)
13:05:51.818 [VehicleDestroyed] ExpansionUh1h_Medical (id=877436CDCC4EDFD45B426393819082FD pos=<1228.16, 169.11, 7566.28>)
13:06:06.700 [VehicleDestroyed] ExpansionUh1h_Medical (id=DFC4608945439A7DAC11F7862E526ACB pos=<7924.66, 169.42, 11833.5>)
13:06:48.896 [AI Object Patrol 00137] Despawning 1 West bots (spawn position <7515.448730, 256.897949, 7028.689453>, 0/1 deceased)
13:06:48.911 [AI Object Patrol 00137] Global patrol count: 2
13:06:48.926 [AI Object Patrol 00137] HelicopterWreck category patrol count: 1
13:07:53.697 [AI Object Patrol 00134] Despawning 1 East bots (spawn position <8943.837891, 317.962189, 5425.075684>, 0/1 deceased)
13:07:53.750 [AI Object Patrol 00134] Global patrol count: 1
13:07:53.809 [AI Object Patrol 00134] HelicopterWreck category patrol count: 0
13:08:28.957 [AI Object Patrol 00131] Despawning 2 West bots (spawn position <8914.605469, 340.230438, 4355.464355>, 0/2 deceased)
13:08:28.966 [AI Object Patrol 00131] Global patrol count: 0
13:08:28.976 [AI Object Patrol 00131] ContaminatedArea category patrol count: 0
13:09:56.523 [VehicleEnter] Player "PoiiZoner3" (id=cZC_vl4onJwtCEZaOtA89yPcwyGnN7Qy01WI28TQhbU=) entered vehicle UH-1H (id=81F79584E1468E326FDD019A29A500E3 pos=<9049.95, 298.42, 6584.61>) as pilot
13:10:13.701 [VehicleLeave] Player "PoiiZoner3" (id=cZC_vl4onJwtCEZaOtA89yPcwyGnN7Qy01WI28TQhbU=) left vehicle UH-1H (id=81F79584E1468E326FDD019A29A500E3 pos=<9049.95, 298.4, 6584.28>)
13:10:29.086 [VehicleEnter] Player "PoiiZoner3" (id=cZC_vl4onJwtCEZaOtA89yPcwyGnN7Qy01WI28TQhbU=) entered vehicle UH-1H (id=81F79584E1468E326FDD019A29A500E3 pos=<9049.95, 298.4, 6584.25>) as pilot
13:10:33.695 [VehicleEngine] Player "PoiiZoner3" (id=cZC_vl4onJwtCEZaOtA89yPcwyGnN7Qy01WI28TQhbU=) started vehicle UH-1H (id=81F79584E1468E326FDD019A29A500E3 pos=<9049.95, 298.39, 6584.16>)
13:12:00.930 [VehicleDeleted] ExpansionUh1h_Medical (id=877436CDCC4EDFD45B426393819082FD pos=<1230.44, 168.72, 7567.17>)
13:12:28.668 [VehicleDeleted] ExpansionUh1h_Medical (id=DFC4608945439A7DAC11F7862E526ACB pos=<7924.71, 169.43, 11833.5>)
13:13:06.899 [VehicleEngine] Player "PoiiZoner3" (id=cZC_vl4onJwtCEZaOtA89yPcwyGnN7Qy01WI28TQhbU=) stopped vehicle UH-1H (id=81F79584E1468E326FDD019A29A500E3 pos=<6482.84, 392.99, 3829.21>)
13:13:13.212 [VehicleLeave] Player "PoiiZoner3" (id=cZC_vl4onJwtCEZaOtA89yPcwyGnN7Qy01WI28TQhbU=) left vehicle UH-1H (id=81F79584E1468E326FDD019A29A500E3 pos=<6482.41, 392.79, 3829.06>)
13:14:43.921 [VehicleDestroyed] ExpansionUh1h_Medical (id=9BB0863BFF48AAC0A88F3A8B781895DF pos=<1228.16, 169.11, 7566.27>)
13:15:00.438 [VehicleDestroyed] ExpansionUh1h (id=11023D09114E08B15BC205B1D37F0FA5 pos=<7925.1, 169.49, 11833.5>)
13:20:51.817 [VehicleDeleted] ExpansionUh1h_Medical (id=9BB0863BFF48AAC0A88F3A8B781895DF pos=<1230.48, 168.75, 7567.04>)
13:21:19.572 [VehicleDeleted] ExpansionUh1h (id=11023D09114E08B15BC205B1D37F0FA5 pos=<7927.2, 169.95, 11833.1>)
