17:26:05.652 [AI Patrol 00016] Spawning 3 East bots at <7417.366699, 293.517883, 2759.623047>
17:26:05.685 [AI Patrol 00016] Global patrol count: 1
17:26:05.695 [AI Patrol 00016] Patrol category patrol count: 1
17:26:05.705 [AI Patrol 00017] Spawning 1 West bots at <7424.410645, 324.264008, 2674.100586>
17:26:05.741 [AI Patrol 00017] Global patrol count: 2
17:26:05.750 [AI Patrol 00017] Patrol category patrol count: 2
17:26:07.696 [Killfeed] AI Judy (West) fell to their death.
17:26:11.144 [AI Patrol 00017] West bots were wiped out (spawn position <7424.410645, 324.264008, 2674.100586>, 1/1 deceased)
17:26:11.155 [AI Patrol 00017] Global patrol count: 1
17:26:11.165 [AI Patrol 00017] Patrol category patrol count: 1
17:27:22.027 [Party] Player "Saint" (id=f-_TR5GiRJHALUs-Bpx5ZJmLko5lr6ptvdfijtGV8Dw=) joined the party "Leviathan Magnificent" (id=3 ownerUID=f-_TR5GiRJHALUs-Bpx5ZJmLko5lr6ptvdfijtGV8Dw= ownerName=Saint (2))
17:27:22.413 [AI Object Patrol 00000] Spawning 2 East bots at <11280.485352, 322.656097, 3885.436035>
17:27:22.450 [AI Object Patrol 00000] Global patrol count: 2
17:27:22.460 [AI Object Patrol 00000] HelicopterWreck category patrol count: 1
17:28:44.131 [Party] Player "Saint" (id=f-_TR5GiRJHALUs-Bpx5ZJmLko5lr6ptvdfijtGV8Dw=) left the party "Leviathan Magnificent" (id=3 ownerUID=f-_TR5GiRJHALUs-Bpx5ZJmLko5lr6ptvdfijtGV8Dw= ownerName=Saint (2))
17:29:10.888 [MissionAirdrop] An airdrop is heading towards "Zapadlisko" (pos=<8399.000000, 0.000000, 8803.000000> type=Random_Zapadlisko) with a ExpansionAirdropContainer
17:29:20.635 [AI Object Patrol 00001] Spawning 2 West bots at <3822.383301, 458.858948, 713.570251>
17:29:20.668 [AI Object Patrol 00001] Global patrol count: 3
17:29:20.678 [AI Object Patrol 00001] HelicopterWreck category patrol count: 2
17:29:30.697 [Chat - Global]("Saint"(id=f-_TR5GiRJHALUs-Bpx5ZJmLko5lr6ptvdfijtGV8Dw=)): brooo we have airdrops now?
17:29:44.853 [Chat - Global]("MeltingHolster"(id=wvhHOzdrtpIguVWymckDHtFfQcLi1rp3tRjwamgpvBQ=)): hotkey works now, sweet
17:30:17.749 [VehicleEnter] Player "MeltingHolster" (id=wvhHOzdrtpIguVWymckDHtFfQcLi1rp3tRjwamgpvBQ=) entered vehicle Merlin (id=489EF7186D4DFC2EECDE47AFE6649F9E pos=<4441.57, 471.86, 479.7>) as pilot
17:30:27.151 [VehicleLeave] Player "MeltingHolster" (id=wvhHOzdrtpIguVWymckDHtFfQcLi1rp3tRjwamgpvBQ=) left vehicle Merlin (id=489EF7186D4DFC2EECDE47AFE6649F9E pos=<4441.62, 471.85, 479.73>)
17:30:45.217 [VehicleEnter] Player "MeltingHolster" (id=wvhHOzdrtpIguVWymckDHtFfQcLi1rp3tRjwamgpvBQ=) entered vehicle Merlin (id=489EF7186D4DFC2EECDE47AFE6649F9E pos=<4441.63, 471.85, 479.73>) as pilot
17:30:47.162 [VehicleEngine] Player "MeltingHolster" (id=wvhHOzdrtpIguVWymckDHtFfQcLi1rp3tRjwamgpvBQ=) started vehicle Merlin (id=489EF7186D4DFC2EECDE47AFE6649F9E pos=<4441.65, 471.85, 479.74>)
17:32:28.925 [VehicleEngine] Player "MeltingHolster" (id=wvhHOzdrtpIguVWymckDHtFfQcLi1rp3tRjwamgpvBQ=) stopped vehicle Merlin (id=489EF7186D4DFC2EECDE47AFE6649F9E pos=<4002.53, 474.26, 763.63>)
17:32:32.041 [VehicleLeave] Player "MeltingHolster" (id=wvhHOzdrtpIguVWymckDHtFfQcLi1rp3tRjwamgpvBQ=) left vehicle Merlin (id=489EF7186D4DFC2EECDE47AFE6649F9E pos=<4002.54, 474.29, 763.62>)
17:35:11.549 [Chat - Global]("Saint"(id=f-_TR5GiRJHALUs-Bpx5ZJmLko5lr6ptvdfijtGV8Dw=)): good new is
17:35:14.382 [Chat - Global]("Saint"(id=f-_TR5GiRJHALUs-Bpx5ZJmLko5lr6ptvdfijtGV8Dw=)): heli still here
17:35:38.212 [VehicleEnter] Player "Saint" (id=f-_TR5GiRJHALUs-Bpx5ZJmLko5lr6ptvdfijtGV8Dw=) entered vehicle Mh-6 Little Bird (id=88AD25DCD34BD892271C24BE4203600D pos=<12575.1, 255.33, 4760.8>) as passenger
17:35:42.284 [VehicleLeave] Player "Saint" (id=f-_TR5GiRJHALUs-Bpx5ZJmLko5lr6ptvdfijtGV8Dw=) left vehicle Mh-6 Little Bird (id=88AD25DCD34BD892271C24BE4203600D pos=<12575.1, 255.33, 4760.8>)
17:35:55.147 [VehicleEnter] Player "Saint" (id=f-_TR5GiRJHALUs-Bpx5ZJmLko5lr6ptvdfijtGV8Dw=) entered vehicle Mh-6 Little Bird (id=88AD25DCD34BD892271C24BE4203600D pos=<12575.1, 255.33, 4760.8>) as passenger
17:35:58.545 [VehicleLeave] Player "Saint" (id=f-_TR5GiRJHALUs-Bpx5ZJmLko5lr6ptvdfijtGV8Dw=) left vehicle Mh-6 Little Bird (id=88AD25DCD34BD892271C24BE4203600D pos=<12575.1, 255.33, 4760.8>)
17:36:07.583 [VehicleEnter] Player "Saint" (id=f-_TR5GiRJHALUs-Bpx5ZJmLko5lr6ptvdfijtGV8Dw=) entered vehicle Mh-6 Little Bird (id=88AD25DCD34BD892271C24BE4203600D pos=<12575.1, 255.33, 4760.8>) as passenger
17:36:21.317 [VehicleLeave] Player "Saint" (id=f-_TR5GiRJHALUs-Bpx5ZJmLko5lr6ptvdfijtGV8Dw=) left vehicle Mh-6 Little Bird (id=88AD25DCD34BD892271C24BE4203600D pos=<12575.1, 255.33, 4760.8>)
17:36:22.148 [Chat - Global]("Saint"(id=f-_TR5GiRJHALUs-Bpx5ZJmLko5lr6ptvdfijtGV8Dw=)): snake'
17:36:37.350 [Chat - Global]("Saint"(id=f-_TR5GiRJHALUs-Bpx5ZJmLko5lr6ptvdfijtGV8Dw=)): im still trying to find a wrench
17:37:09.119 [Chat - Global]("Saint"(id=f-_TR5GiRJHALUs-Bpx5ZJmLko5lr6ptvdfijtGV8Dw=)): omg nvm i just found one
17:37:21.379 [VehicleEnter] Player "Saint" (id=f-_TR5GiRJHALUs-Bpx5ZJmLko5lr6ptvdfijtGV8Dw=) entered vehicle Mh-6 Little Bird (id=88AD25DCD34BD892271C24BE4203600D pos=<12575.2, 253.96, 4760.71>) as pilot
17:37:24.636 [VehicleEngine] Player "Saint" (id=f-_TR5GiRJHALUs-Bpx5ZJmLko5lr6ptvdfijtGV8Dw=) started vehicle Mh-6 Little Bird (id=88AD25DCD34BD892271C24BE4203600D pos=<12575.2, 253.96, 4760.69>)
17:37:38.098 [Chat - Global]("MeltingHolster"(id=wvhHOzdrtpIguVWymckDHtFfQcLi1rp3tRjwamgpvBQ=)): sick
17:38:07.930 [VehicleEngine] Player "Saint" (id=f-_TR5GiRJHALUs-Bpx5ZJmLko5lr6ptvdfijtGV8Dw=) stopped vehicle Mh-6 Little Bird (id=88AD25DCD34BD892271C24BE4203600D pos=<12314.2, 499.53, 4854.38>)
17:38:37.676 [VehicleEnter] Player "MeltingHolster" (id=wvhHOzdrtpIguVWymckDHtFfQcLi1rp3tRjwamgpvBQ=) entered vehicle Merlin (id=489EF7186D4DFC2EECDE47AFE6649F9E pos=<4002.52, 474.29, 763.56>) as pilot
17:38:39.568 [VehicleEngine] Player "MeltingHolster" (id=wvhHOzdrtpIguVWymckDHtFfQcLi1rp3tRjwamgpvBQ=) started vehicle Merlin (id=489EF7186D4DFC2EECDE47AFE6649F9E pos=<4002.52, 474.29, 763.55>)
17:38:46.912 [Chat - Global]("Saint"(id=f-_TR5GiRJHALUs-Bpx5ZJmLko5lr6ptvdfijtGV8Dw=)): yea you will not believe this
17:38:56.538 [VehicleLeave] Player "Saint" (id=f-_TR5GiRJHALUs-Bpx5ZJmLko5lr6ptvdfijtGV8Dw=) left vehicle Mh-6 Little Bird (id=88AD25DCD34BD892271C24BE4203600D pos=<11891.3, 286.12, 4905.44>)
17:39:06.998 [Chat - Global]("Saint"(id=f-_TR5GiRJHALUs-Bpx5ZJmLko5lr6ptvdfijtGV8Dw=)): ran out of gas
17:39:11.902 [Chat - Global]("Saint"(id=f-_TR5GiRJHALUs-Bpx5ZJmLko5lr6ptvdfijtGV8Dw=)): flipped me again at landing
17:40:01.787 [AI Object Patrol 00001] Despawning 2 West bots (spawn position <3822.383301, 458.858948, 713.570251>, 0/2 deceased)
17:40:01.797 [AI Object Patrol 00001] Global patrol count: 2
17:40:01.807 [AI Object Patrol 00001] HelicopterWreck category patrol count: 1
17:40:02.148 [AI Object Patrol 00022] Spawning 3 West bots at <11021.451172, 346.370605, 4365.945801>
17:40:02.179 [AI Object Patrol 00022] Global patrol count: 3
17:40:02.189 [AI Object Patrol 00022] ContaminatedArea category patrol count: 1
17:40:03.830 [Chat - Global]("snake"(id=0nsyEhm9INQy3se8y-fXlbMHVv4YsIXloUCLC2unDyo=)): howd the body react
17:40:23.085 [AI Object Patrol 00024] Spawning 3 East bots at <3507.630615, 392.042236, 4170.787109>
17:40:23.123 [AI Object Patrol 00024] Global patrol count: 4
17:40:23.136 [AI Object Patrol 00024] HelicopterWreck category patrol count: 2
17:40:30.941 [Chat - Global]("Saint"(id=f-_TR5GiRJHALUs-Bpx5ZJmLko5lr6ptvdfijtGV8Dw=)): good didnt die
17:40:46.848 [Chat - Global]("Saint"(id=f-_TR5GiRJHALUs-Bpx5ZJmLko5lr6ptvdfijtGV8Dw=)): back to my wrench search
17:40:50.387 [Chat - Global]("Saint"(id=f-_TR5GiRJHALUs-Bpx5ZJmLko5lr6ptvdfijtGV8Dw=)): and now gas search
17:40:56.268 [Chat - Global]("snake"(id=0nsyEhm9INQy3se8y-fXlbMHVv4YsIXloUCLC2unDyo=)): oh great, imwomder if it wouldve spawned a cross
17:41:00.463 [Chat - Global]("MeltingHolster"(id=wvhHOzdrtpIguVWymckDHtFfQcLi1rp3tRjwamgpvBQ=)): where are you?
17:41:11.455 [Chat - Global]("Saint"(id=f-_TR5GiRJHALUs-Bpx5ZJmLko5lr6ptvdfijtGV8Dw=)): gieraltow
17:41:15.918 [Chat - Global]("Saint"(id=f-_TR5GiRJHALUs-Bpx5ZJmLko5lr6ptvdfijtGV8Dw=)): like east
17:41:16.226 [Chat - Global]("snake"(id=0nsyEhm9INQy3se8y-fXlbMHVv4YsIXloUCLC2unDyo=)): get me a 20 dmr mag beo
17:43:22.428 [VehicleEngine] Player "MeltingHolster" (id=wvhHOzdrtpIguVWymckDHtFfQcLi1rp3tRjwamgpvBQ=) stopped vehicle Merlin (id=489EF7186D4DFC2EECDE47AFE6649F9E pos=<5743.35, 288.26, 8855.78>)
17:43:28.516 [VehicleLeave] Player "MeltingHolster" (id=wvhHOzdrtpIguVWymckDHtFfQcLi1rp3tRjwamgpvBQ=) left vehicle Merlin (id=489EF7186D4DFC2EECDE47AFE6649F9E pos=<5744.76, 288.02, 8855.37>)
17:45:52.730 [Killfeed] AI Frida (East) got killed by AI Naomi (West) with VSD from a distance of 20 m.
17:46:08.989 [Killfeed] AI Baty (East) got killed by AI Naomi (West) with VSD from a distance of 2 m.
17:46:12.910 [AI Object Patrol 00000] East bots were wiped out (spawn position <11280.485352, 322.656097, 3885.436035>, 2/2 deceased)
17:46:12.919 [AI Object Patrol 00000] Global patrol count: 3
17:46:12.930 [AI Object Patrol 00000] HelicopterWreck category patrol count: 1
17:46:25.414 [Chat - Global]("MeltingHolster"(id=wvhHOzdrtpIguVWymckDHtFfQcLi1rp3tRjwamgpvBQ=)): hey snake, any way you could help me with this tent? its bugged and wont let me pack it up
17:47:38.148 [Chat - Global]("Saint"(id=f-_TR5GiRJHALUs-Bpx5ZJmLko5lr6ptvdfijtGV8Dw=)): i just found a medium tent
17:47:40.421 [Chat - Global]("Saint"(id=f-_TR5GiRJHALUs-Bpx5ZJmLko5lr6ptvdfijtGV8Dw=)): and canopy tent
17:47:57.616 [AI Patrol 00016] Despawning 3 East bots (spawn position <7417.366699, 293.517883, 2759.623047>, 0/3 deceased)
17:47:57.811 [AI Patrol 00016] Global patrol count: 2
17:47:57.842 [AI Patrol 00016] Patrol category patrol count: 0
17:50:19.352 [Chat - Global]("MeltingHolster"(id=wvhHOzdrtpIguVWymckDHtFfQcLi1rp3tRjwamgpvBQ=)): snake fixed it, got the tent
17:50:59.981 [AI Object Patrol 00024] Despawning 3 East bots (spawn position <3507.630615, 392.042236, 4170.787109>, 0/3 deceased)
17:50:59.992 [AI Object Patrol 00024] Global patrol count: 1
17:51:00.003 [AI Object Patrol 00024] HelicopterWreck category patrol count: 0
17:51:45.231 [AI Object Patrol 00023] Spawning 1 West bots at <6494.460449, 223.438950, 8196.872070>
17:51:45.270 [AI Object Patrol 00023] Global patrol count: 2
17:51:45.280 [AI Object Patrol 00023] ContaminatedArea category patrol count: 2
17:53:21.245 [Chat - Global]("Saint"(id=f-_TR5GiRJHALUs-Bpx5ZJmLko5lr6ptvdfijtGV8Dw=)): well i guess ill head to base
17:53:23.498 [Chat - Global]("Saint"(id=f-_TR5GiRJHALUs-Bpx5ZJmLko5lr6ptvdfijtGV8Dw=)): because lmao
17:53:43.786 [Chat - Global]("Saint"(id=f-_TR5GiRJHALUs-Bpx5ZJmLko5lr6ptvdfijtGV8Dw=)): not going to spend another hour looking for a stupid wrench
17:58:13.622 [Chat - Global]("snake"(id=0nsyEhm9INQy3se8y-fXlbMHVv4YsIXloUCLC2unDyo=)): theres a wrench in outside loot
17:58:39.440 [Chat - Global]("snake"(id=0nsyEhm9INQy3se8y-fXlbMHVv4YsIXloUCLC2unDyo=)): i think some1 wanted ot but never came
17:58:48.262 [Chat - Global]("Saint"(id=f-_TR5GiRJHALUs-Bpx5ZJmLko5lr6ptvdfijtGV8Dw=)): it was me
17:59:12.237 [Chat - Global]("snake"(id=0nsyEhm9INQy3se8y-fXlbMHVv4YsIXloUCLC2unDyo=)): oh lol
18:00:33.391 [Chat - Global]("MeltingHolster"(id=wvhHOzdrtpIguVWymckDHtFfQcLi1rp3tRjwamgpvBQ=)): dangg i found a m249
18:01:33.549 [Killfeed] Saint got killed by AI Boris (West) with AUR AX from a distance of 18 m.
18:01:42.576 [Chat - Global]("MeltingHolster"(id=wvhHOzdrtpIguVWymckDHtFfQcLi1rp3tRjwamgpvBQ=)): dannngggg
18:01:58.433 [AI Object Patrol 00000] Despawning 0 East bots (spawn position <11298.443359, 324.913330, 3894.722412>, 2/2 deceased)
18:02:01.052 [SpawnSelection] Player "Saint" (id=f-_TR5GiRJHALUs-Bpx5ZJmLko5lr6ptvdfijtGV8Dw=) spawned at <9130.701172, 339.829926, 4436.827637>
18:02:14.128 [Chat - Global]("Saint"(id=f-_TR5GiRJHALUs-Bpx5ZJmLko5lr6ptvdfijtGV8Dw=)): Cool now theres ai in dynamic
18:04:33.704 [GraveStone] Spawned GraveStone for Survivor at position 0x000000003602d664 {<11028.1,347.1,4283.37>}
18:04:46.470 [AI Object Patrol 00022] Despawning 3 West bots (spawn position <11021.451172, 346.370605, 4365.945801>, 0/3 deceased)
18:04:46.486 [AI Object Patrol 00022] Global patrol count: 1
18:04:46.498 [AI Object Patrol 00022] ContaminatedArea category patrol count: 1
18:05:44.481 [BaseBuildingRaiding] ------------------------- Expansion Base Raiding Damage Report -------------------------
18:05:44.491 [BaseBuildingRaiding] Player "snake" (id=0nsyEhm9INQy3se8y-fXlbMHVv4YsIXloUCLC2unDyo= pos=<8385.3, 332.45, 1615.78>) damaged ExpansionWall6x3 at <8389.54, 331.6, 1627.41>
18:05:44.500 [BaseBuildingRaiding] They dealt 80 * 1 = 80 damage with Bullet_762x39 from AKM
18:05:44.510 [BaseBuildingRaiding] GlobalHealth hitpoints decreased from 30000 to 29920
18:05:44.521 [BaseBuildingRaiding] ----------------------------------------------------------------------------------------
18:05:44.566 [BaseBuildingRaiding] ------------------------- Expansion Base Raiding Damage Report -------------------------
18:05:44.578 [BaseBuildingRaiding] Player "snake" (id=0nsyEhm9INQy3se8y-fXlbMHVv4YsIXloUCLC2unDyo= pos=<8385.34, 332.47, 1615.67>) damaged ExpansionWall6x3 at <8389.54, 331.6, 1627.41>
18:05:44.592 [BaseBuildingRaiding] They dealt 80 * 1 = 80 damage with Bullet_762x39 from AKM
18:05:44.607 [BaseBuildingRaiding] GlobalHealth hitpoints decreased from 29920 to 29840
18:05:44.623 [BaseBuildingRaiding] ----------------------------------------------------------------------------------------
18:05:45.215 [BaseBuildingRaiding] ------------------------- Expansion Base Raiding Damage Report -------------------------
18:05:45.227 [BaseBuildingRaiding] Player "snake" (id=0nsyEhm9INQy3se8y-fXlbMHVv4YsIXloUCLC2unDyo= pos=<8385.85, 332.65, 1614.63>) damaged ExpansionWall6x3 at <8389.54, 331.6, 1627.41>
18:05:45.237 [BaseBuildingRaiding] They dealt 80 * 1 = 80 damage with Bullet_762x39 from AKM
18:05:45.247 [BaseBuildingRaiding] GlobalHealth hitpoints decreased from 29840 to 29760
18:05:45.257 [BaseBuildingRaiding] ----------------------------------------------------------------------------------------
18:05:46.241 [BaseBuildingRaiding] ------------------------- Expansion Base Raiding Damage Report -------------------------
18:05:46.259 [BaseBuildingRaiding] Player "snake" (id=0nsyEhm9INQy3se8y-fXlbMHVv4YsIXloUCLC2unDyo= pos=<8386.32, 332.81, 1614.78>) damaged ExpansionWall6x3 at <8389.54, 331.6, 1627.41>
18:05:46.275 [BaseBuildingRaiding] They dealt 80 * 1 = 80 damage with Bullet_762x39 from AKM
18:05:46.287 [BaseBuildingRaiding] GlobalHealth hitpoints decreased from 29760 to 29680
18:05:46.298 [BaseBuildingRaiding] ----------------------------------------------------------------------------------------
18:06:10.952 [Chat - Global]("MeltingHolster"(id=wvhHOzdrtpIguVWymckDHtFfQcLi1rp3tRjwamgpvBQ=)): can you get back to your body?
18:06:31.471 [Chat - Global]("Saint"(id=f-_TR5GiRJHALUs-Bpx5ZJmLko5lr6ptvdfijtGV8Dw=)): im going to try
18:08:01.961 [AI Object Patrol 00023] Despawning 1 West bots (spawn position <6494.460449, 223.438950, 8196.872070>, 0/1 deceased)
18:08:01.971 [AI Object Patrol 00023] Global patrol count: 0
18:08:01.981 [AI Object Patrol 00023] ContaminatedArea category patrol count: 0
18:10:11.830 [VehicleEnter] Player "Saint" (id=f-_TR5GiRJHALUs-Bpx5ZJmLko5lr6ptvdfijtGV8Dw=) entered vehicle Sarka 120 (id=54BA4E7524475BB27DA139AD534844E7 pos=<9124.54, 339.81, 4443.75>) as driver
18:10:13.527 [VehicleEngine] Player "Saint" (id=f-_TR5GiRJHALUs-Bpx5ZJmLko5lr6ptvdfijtGV8Dw=) started vehicle Sarka 120 (id=54BA4E7524475BB27DA139AD534844E7 pos=<9124.54, 339.81, 4443.75>)
18:10:45.002 [VehicleEngine] Player "NULL" (id=NULL) stopped vehicle Sarka 120 (id=54BA4E7524475BB27DA139AD534844E7 pos=<9111.97, 340.4, 4440.93>)
18:10:45.047 [VehicleLeave] Player "Saint" (id=f-_TR5GiRJHALUs-Bpx5ZJmLko5lr6ptvdfijtGV8Dw=) left vehicle Sarka 120 (id=54BA4E7524475BB27DA139AD534844E7 pos=<9111.97, 340.4, 4440.93>)
18:10:49.728 [VehicleEnter] Player "Saint" (id=f-_TR5GiRJHALUs-Bpx5ZJmLko5lr6ptvdfijtGV8Dw=) entered vehicle Sarka 120 (id=54BA4E7524475BB27DA139AD534844E7 pos=<9111.73, 340.42, 4441.02>) as driver
18:10:51.209 [VehicleEngine] Player "Saint" (id=f-_TR5GiRJHALUs-Bpx5ZJmLko5lr6ptvdfijtGV8Dw=) started vehicle Sarka 120 (id=54BA4E7524475BB27DA139AD534844E7 pos=<9111.73, 340.42, 4441.02>)
18:13:00.533 [VehicleEngine] Player "NULL" (id=NULL) stopped vehicle Sarka 120 (id=54BA4E7524475BB27DA139AD534844E7 pos=<11056.2, 346.29, 4249.09>)
18:13:00.568 [VehicleLeave] Player "Saint" (id=f-_TR5GiRJHALUs-Bpx5ZJmLko5lr6ptvdfijtGV8Dw=) left vehicle Sarka 120 (id=54BA4E7524475BB27DA139AD534844E7 pos=<11056.2, 346.29, 4249.09>)
18:13:17.361 [AI Object Patrol 00034] Spawning 1 West bots at <6306.118164, 225.671906, 8134.896484>
18:13:17.400 [AI Object Patrol 00034] Global patrol count: 1
18:13:17.410 [AI Object Patrol 00034] ContaminatedArea category patrol count: 1
18:17:18.773 [VehicleEnter] Player "MeltingHolster" (id=wvhHOzdrtpIguVWymckDHtFfQcLi1rp3tRjwamgpvBQ=) entered vehicle Merlin (id=489EF7186D4DFC2EECDE47AFE6649F9E pos=<5744.93, 287.98, 8855.4>) as pilot
18:17:20.848 [VehicleEngine] Player "MeltingHolster" (id=wvhHOzdrtpIguVWymckDHtFfQcLi1rp3tRjwamgpvBQ=) started vehicle Merlin (id=489EF7186D4DFC2EECDE47AFE6649F9E pos=<5744.94, 287.98, 8855.4>)
18:18:33.420 [VehicleEnter] Player "Saint" (id=f-_TR5GiRJHALUs-Bpx5ZJmLko5lr6ptvdfijtGV8Dw=) entered vehicle Sarka 120 (id=54BA4E7524475BB27DA139AD534844E7 pos=<11056.2, 346.29, 4249.09>) as driver
18:18:38.678 [VehicleEngine] Player "Saint" (id=f-_TR5GiRJHALUs-Bpx5ZJmLko5lr6ptvdfijtGV8Dw=) started vehicle Sarka 120 (id=54BA4E7524475BB27DA139AD534844E7 pos=<11056.2, 346.29, 4249.09>)
18:19:32.737 [AI Patrol 00018] Spawning 2 Civilian bots at <6304.052734, 373.903656, 3780.934082>
18:19:32.768 [AI Patrol 00018] Global patrol count: 2
18:19:32.778 [AI Patrol 00018] Patrol category patrol count: 1
18:19:37.560 [AI Object Patrol 00031] Spawning 2 West bots at <5930.499023, 403.910187, 3583.614014>
18:19:37.582 [AI Object Patrol 00031] Global patrol count: 3
18:19:37.592 [AI Object Patrol 00031] HelicopterWreck category patrol count: 1
18:19:39.269 [AI Object Patrol 00032] Spawning 3 West bots at <5492.661621, 420.451019, 3780.765381>
18:19:39.304 [AI Object Patrol 00032] Global patrol count: 4
18:19:39.315 [AI Object Patrol 00032] ContaminatedArea category patrol count: 2
18:21:08.526 [VehicleEngine] Player "NULL" (id=NULL) stopped vehicle Sarka 120 (id=54BA4E7524475BB27DA139AD534844E7 pos=<9108.54, 340.55, 4440.19>)
18:21:08.550 [VehicleLeave] Player "Saint" (id=f-_TR5GiRJHALUs-Bpx5ZJmLko5lr6ptvdfijtGV8Dw=) left vehicle Sarka 120 (id=54BA4E7524475BB27DA139AD534844E7 pos=<9108.56, 340.55, 4440.18>)
18:21:29.247 [VehicleEnter] Player "Saint" (id=f-_TR5GiRJHALUs-Bpx5ZJmLko5lr6ptvdfijtGV8Dw=) entered vehicle Sarka 120 (id=54BA4E7524475BB27DA139AD534844E7 pos=<9108.8, 340.53, 4440.17>) as driver
18:21:31.000 [VehicleEngine] Player "Saint" (id=f-_TR5GiRJHALUs-Bpx5ZJmLko5lr6ptvdfijtGV8Dw=) started vehicle Sarka 120 (id=54BA4E7524475BB27DA139AD534844E7 pos=<9108.8, 340.53, 4440.17>)
18:21:43.857 [VehicleEngine] Player "NULL" (id=NULL) stopped vehicle Sarka 120 (id=54BA4E7524475BB27DA139AD534844E7 pos=<9126.32, 339.81, 4430.7>)
18:21:43.884 [VehicleLeave] Player "Saint" (id=f-_TR5GiRJHALUs-Bpx5ZJmLko5lr6ptvdfijtGV8Dw=) left vehicle Sarka 120 (id=54BA4E7524475BB27DA139AD534844E7 pos=<9126.32, 339.81, 4430.7>)
18:22:56.361 [VehicleEngine] Player "MeltingHolster" (id=wvhHOzdrtpIguVWymckDHtFfQcLi1rp3tRjwamgpvBQ=) stopped vehicle Merlin (id=489EF7186D4DFC2EECDE47AFE6649F9E pos=<6256.29, 382.33, 3946.81>)
18:23:00.187 [VehicleLeave] Player "MeltingHolster" (id=wvhHOzdrtpIguVWymckDHtFfQcLi1rp3tRjwamgpvBQ=) left vehicle Merlin (id=489EF7186D4DFC2EECDE47AFE6649F9E pos=<6256.29, 382.35, 3946.77>)
18:26:26.982 [VehicleEnter] Player "MeltingHolster" (id=wvhHOzdrtpIguVWymckDHtFfQcLi1rp3tRjwamgpvBQ=) entered vehicle Merlin (id=489EF7186D4DFC2EECDE47AFE6649F9E pos=<6256.39, 382.35, 3946.68>) as pilot
18:26:33.431 [VehicleLeave] Player "MeltingHolster" (id=wvhHOzdrtpIguVWymckDHtFfQcLi1rp3tRjwamgpvBQ=) left vehicle Merlin (id=489EF7186D4DFC2EECDE47AFE6649F9E pos=<6256.4, 382.35, 3946.67>)
18:27:55.704 [VehicleEnter] Player "MeltingHolster" (id=wvhHOzdrtpIguVWymckDHtFfQcLi1rp3tRjwamgpvBQ=) entered vehicle Merlin (id=489EF7186D4DFC2EECDE47AFE6649F9E pos=<6256.4, 382.35, 3946.67>) as pilot
18:27:57.968 [VehicleEngine] Player "MeltingHolster" (id=wvhHOzdrtpIguVWymckDHtFfQcLi1rp3tRjwamgpvBQ=) started vehicle Merlin (id=489EF7186D4DFC2EECDE47AFE6649F9E pos=<6256.41, 382.35, 3946.67>)
18:28:43.373 [AI Object Patrol 00034] Despawning 1 West bots (spawn position <6306.118164, 225.671906, 8134.896484>, 0/1 deceased)
18:28:43.383 [AI Object Patrol 00034] Global patrol count: 3
18:28:43.393 [AI Object Patrol 00034] ContaminatedArea category patrol count: 1
18:29:01.311 [AI Object Patrol 00033] Spawning 1 East bots at <4706.798828, 426.385040, 3219.041992>
18:29:01.338 [AI Object Patrol 00033] Global patrol count: 4
18:29:01.348 [AI Object Patrol 00033] HelicopterWreck category patrol count: 2
18:30:02.733 [Killfeed] AI Baty (West) got killed by AI Maria (Shamans) with LAR from a distance of 11 m.
18:32:18.844 [VehicleEngine] Player "MeltingHolster" (id=wvhHOzdrtpIguVWymckDHtFfQcLi1rp3tRjwamgpvBQ=) stopped vehicle Merlin (id=489EF7186D4DFC2EECDE47AFE6649F9E pos=<5911.78, 401.56, 3854.38>)
18:32:22.226 [VehicleLeave] Player "MeltingHolster" (id=wvhHOzdrtpIguVWymckDHtFfQcLi1rp3tRjwamgpvBQ=) left vehicle Merlin (id=489EF7186D4DFC2EECDE47AFE6649F9E pos=<5911.76, 401.52, 3854.38>)
18:32:55.200 [Killfeed] AI Gabi (West) got killed by MeltingHolster with Snow M98B from a distance of 177 m.
18:33:16.015 [Killfeed] AI Linda (West) got killed by MeltingHolster with Snow M98B from a distance of 131 m.
18:33:20.837 [AI Object Patrol 00031] West bots were wiped out (spawn position <5930.499023, 403.910187, 3583.614014>, 2/2 deceased)
18:33:20.847 [AI Object Patrol 00031] Global patrol count: 3
18:33:20.857 [AI Object Patrol 00031] HelicopterWreck category patrol count: 1
18:34:20.371 [VehicleDestroyed] Boat_01_Orange (id=675F6971894DB0503F447FB5668F1861 pos=<11791.6, 169.85, 10939.9>)
18:34:31.415 [Killfeed] AI Denis (West) got killed by MeltingHolster with M16A4 from a distance of 41 m.
18:34:43.305 [Killfeed] AI Taiki (West) got killed by MeltingHolster with M16A4 from a distance of 72 m.
18:40:13.005 [VehicleEnter] Player "MeltingHolster" (id=wvhHOzdrtpIguVWymckDHtFfQcLi1rp3tRjwamgpvBQ=) entered vehicle Merlin (id=489EF7186D4DFC2EECDE47AFE6649F9E pos=<5911.76, 401.4, 3854.52>) as pilot
18:40:15.213 [VehicleEngine] Player "MeltingHolster" (id=wvhHOzdrtpIguVWymckDHtFfQcLi1rp3tRjwamgpvBQ=) started vehicle Merlin (id=489EF7186D4DFC2EECDE47AFE6649F9E pos=<5911.76, 401.4, 3854.52>)
18:40:34.682 [AI Object Patrol 00033] Despawning 1 East bots (spawn position <4706.798828, 426.385040, 3219.041992>, 0/1 deceased)
18:40:34.693 [AI Object Patrol 00033] Global patrol count: 2
18:40:34.703 [AI Object Patrol 00033] HelicopterWreck category patrol count: 0
18:40:50.153 [VehicleDeleted] Boat_01_Orange (id=675F6971894DB0503F447FB5668F1861 pos=<11791.6, 169.78, 10939.8>)
18:41:42.689 [VehicleEngine] Player "NULL" (id=NULL) stopped vehicle Merlin (id=489EF7186D4DFC2EECDE47AFE6649F9E pos=<5885.72, 408.1, 3663.16>)
18:41:42.723 [VehicleLeave] Player "MeltingHolster" (id=wvhHOzdrtpIguVWymckDHtFfQcLi1rp3tRjwamgpvBQ=) left vehicle Merlin (id=489EF7186D4DFC2EECDE47AFE6649F9E pos=<5885.72, 408.1, 3663.16>)
18:42:35.564 [VehicleEnter] Player "MeltingHolster" (id=wvhHOzdrtpIguVWymckDHtFfQcLi1rp3tRjwamgpvBQ=) entered vehicle Merlin (id=489EF7186D4DFC2EECDE47AFE6649F9E pos=<5885.71, 408.3, 3663.24>) as pilot
18:42:37.478 [VehicleEngine] Player "MeltingHolster" (id=wvhHOzdrtpIguVWymckDHtFfQcLi1rp3tRjwamgpvBQ=) started vehicle Merlin (id=489EF7186D4DFC2EECDE47AFE6649F9E pos=<5885.71, 408.3, 3663.24>)
18:42:58.677 [Chat - Global]("MeltingHolster"(id=wvhHOzdrtpIguVWymckDHtFfQcLi1rp3tRjwamgpvBQ=)): howd you make out saint
18:43:32.734 [Chat - Global]("snake"(id=0nsyEhm9INQy3se8y-fXlbMHVv4YsIXloUCLC2unDyo=)): hlw i mke what? haa orey wym
18:43:37.900 [AI Object Patrol 00031] Despawning 0 West bots (spawn position <5912.906738, 405.830109, 3598.641113>, 2/2 deceased)
18:43:43.677 [Chat - Global]("snake"(id=0nsyEhm9INQy3se8y-fXlbMHVv4YsIXloUCLC2unDyo=)): lol so nad typing on deck
18:45:04.339 [Chat - Global]("MeltingHolster"(id=wvhHOzdrtpIguVWymckDHtFfQcLi1rp3tRjwamgpvBQ=)): oh saint mustve logged he died and was trying to recover his body
18:45:26.146 [Chat - Global]("snake"(id=0nsyEhm9INQy3se8y-fXlbMHVv4YsIXloUCLC2unDyo=)): ohh yeah
18:45:57.525 [VehicleEngine] Player "MeltingHolster" (id=wvhHOzdrtpIguVWymckDHtFfQcLi1rp3tRjwamgpvBQ=) stopped vehicle Merlin (id=489EF7186D4DFC2EECDE47AFE6649F9E pos=<4433.79, 472.53, 479.2>)
18:46:03.960 [VehicleLeave] Player "MeltingHolster" (id=wvhHOzdrtpIguVWymckDHtFfQcLi1rp3tRjwamgpvBQ=) left vehicle Merlin (id=489EF7186D4DFC2EECDE47AFE6649F9E pos=<4433.79, 472.62, 479.19>)
18:47:21.259 [AI Object Patrol 00032] Despawning 1 West bots (spawn position <5492.661621, 420.451019, 3780.765381>, 2/3 deceased)
18:47:21.269 [AI Object Patrol 00032] Global patrol count: 1
18:47:21.279 [AI Object Patrol 00032] ContaminatedArea category patrol count: 0
18:48:31.952 [Chat - Global]("MeltingHolster"(id=wvhHOzdrtpIguVWymckDHtFfQcLi1rp3tRjwamgpvBQ=)): what are you up to
18:48:50.896 [Chat - Global]("snake"(id=0nsyEhm9INQy3se8y-fXlbMHVv4YsIXloUCLC2unDyo=)): chillk
18:49:09.216 [Chat - Global]("snake"(id=0nsyEhm9INQy3se8y-fXlbMHVv4YsIXloUCLC2unDyo=)): hun
18:49:28.824 [Chat - Global]("snake"(id=0nsyEhm9INQy3se8y-fXlbMHVv4YsIXloUCLC2unDyo=)): ting
18:49:58.596 [Chat - Global]("snake"(id=0nsyEhm9INQy3se8y-fXlbMHVv4YsIXloUCLC2unDyo=)): nust connected my deck to a monitor, impossible to type lol
18:50:12.353 [Chat - Global]("MeltingHolster"(id=wvhHOzdrtpIguVWymckDHtFfQcLi1rp3tRjwamgpvBQ=)): how does the steam deck handle dayz?
18:50:15.299 [Chat - Global]("snake"(id=0nsyEhm9INQy3se8y-fXlbMHVv4YsIXloUCLC2unDyo=)): ive been moving all day, trying new monitor jow
18:50:20.753 [Chat - Global]("snake"(id=0nsyEhm9INQy3se8y-fXlbMHVv4YsIXloUCLC2unDyo=)): man ts amaing
18:50:28.640 [Chat - Global]("snake"(id=0nsyEhm9INQy3se8y-fXlbMHVv4YsIXloUCLC2unDyo=)): brb
18:53:29.875 [MissionAirdrop] An airdrop is heading towards "Kolembrody" (pos=<8676.000000, 0.000000, 12114.000000> type=Random_Kolembrody) with a ExpansionAirdropContainer_Military
18:53:41.781 [AI Patrol 00018] Despawning 2 Civilian bots (spawn position <6304.052734, 373.903656, 3780.934082>, 0/2 deceased)
18:53:41.791 [AI Patrol 00018] Global patrol count: 0
18:53:41.801 [AI Patrol 00018] Patrol category patrol count: 0
19:02:28.379 [VehicleEnter] Player "MeltingHolster" (id=wvhHOzdrtpIguVWymckDHtFfQcLi1rp3tRjwamgpvBQ=) entered vehicle Merlin (id=489EF7186D4DFC2EECDE47AFE6649F9E pos=<4433.83, 472.64, 479.02>) as pilot
19:02:30.429 [VehicleEngine] Player "MeltingHolster" (id=wvhHOzdrtpIguVWymckDHtFfQcLi1rp3tRjwamgpvBQ=) started vehicle Merlin (id=489EF7186D4DFC2EECDE47AFE6649F9E pos=<4433.83, 472.64, 479.01>)
19:04:20.723 [AI Object Patrol 00043] Spawning 1 West bots at <5035.787598, 516.007385, 2101.046631>
19:04:20.756 [AI Object Patrol 00043] Global patrol count: 1
19:04:20.765 [AI Object Patrol 00043] ContaminatedArea category patrol count: 1
19:12:44.133 [AI Object Patrol 00009] Spawning 3 West bots at <7402.178711, 226.860397, 6305.945313>
19:12:44.162 [AI Object Patrol 00009] Global patrol count: 2
19:12:44.172 [AI Object Patrol 00009] ContaminatedArea category patrol count: 2
19:13:20.945 [AI Object Patrol 00047] Spawning 3 West bots at <7807.773438, 254.956680, 7886.447266>
19:13:20.980 [AI Object Patrol 00047] Global patrol count: 3
19:13:20.998 [AI Object Patrol 00047] HelicopterWreck category patrol count: 1
19:16:03.898 [VehicleEngine] Player "NULL" (id=NULL) stopped vehicle Merlin (id=489EF7186D4DFC2EECDE47AFE6649F9E pos=<3756.07, 237.84, 10077.5>)
19:16:03.931 [VehicleLeave] Player "MeltingHolster" (id=wvhHOzdrtpIguVWymckDHtFfQcLi1rp3tRjwamgpvBQ=) left vehicle Merlin (id=489EF7186D4DFC2EECDE47AFE6649F9E pos=<3756.07, 237.84, 10077.5>)
19:17:19.938 [VehicleEnter] Player "MeltingHolster" (id=wvhHOzdrtpIguVWymckDHtFfQcLi1rp3tRjwamgpvBQ=) entered vehicle Merlin (id=9A6C248BCB4C356845FC999CBD1BFF19 pos=<3734.74, 237.8, 10093.3>) as pilot
19:17:22.324 [VehicleLeave] Player "MeltingHolster" (id=wvhHOzdrtpIguVWymckDHtFfQcLi1rp3tRjwamgpvBQ=) left vehicle Merlin (id=9A6C248BCB4C356845FC999CBD1BFF19 pos=<3734.74, 237.8, 10093.3>)
19:17:37.282 [VehicleEnter] Player "MeltingHolster" (id=wvhHOzdrtpIguVWymckDHtFfQcLi1rp3tRjwamgpvBQ=) entered vehicle Gyrocopter (id=75062AAD854555CC700179A53B2A5D6D pos=<3736.95, 238.1, 10075.4>) as pilot
19:17:43.215 [VehicleEngine] Player "MeltingHolster" (id=wvhHOzdrtpIguVWymckDHtFfQcLi1rp3tRjwamgpvBQ=) started vehicle Gyrocopter (id=75062AAD854555CC700179A53B2A5D6D pos=<3736.9, 238.1, 10075.4>)
19:17:47.959 [VehicleEngine] Player "MeltingHolster" (id=wvhHOzdrtpIguVWymckDHtFfQcLi1rp3tRjwamgpvBQ=) stopped vehicle Gyrocopter (id=75062AAD854555CC700179A53B2A5D6D pos=<3736.85, 238.1, 10075.4>)
19:17:52.096 [VehicleLeave] Player "MeltingHolster" (id=wvhHOzdrtpIguVWymckDHtFfQcLi1rp3tRjwamgpvBQ=) left vehicle Gyrocopter (id=75062AAD854555CC700179A53B2A5D6D pos=<3736.81, 238.1, 10075.4>)
19:18:35.930 [VehicleEnter] Player "MeltingHolster" (id=wvhHOzdrtpIguVWymckDHtFfQcLi1rp3tRjwamgpvBQ=) entered vehicle Merlin (id=489EF7186D4DFC2EECDE47AFE6649F9E pos=<3756.13, 237.84, 10077.5>) as pilot
19:18:37.744 [VehicleEngine] Player "MeltingHolster" (id=wvhHOzdrtpIguVWymckDHtFfQcLi1rp3tRjwamgpvBQ=) started vehicle Merlin (id=489EF7186D4DFC2EECDE47AFE6649F9E pos=<3756.13, 237.84, 10077.5>)
19:19:34.403 [VehicleEngine] Player "MeltingHolster" (id=wvhHOzdrtpIguVWymckDHtFfQcLi1rp3tRjwamgpvBQ=) stopped vehicle Merlin (id=489EF7186D4DFC2EECDE47AFE6649F9E pos=<4225.88, 237.86, 10448.3>)
19:19:37.479 [VehicleLeave] Player "MeltingHolster" (id=wvhHOzdrtpIguVWymckDHtFfQcLi1rp3tRjwamgpvBQ=) left vehicle Merlin (id=489EF7186D4DFC2EECDE47AFE6649F9E pos=<4225.79, 237.83, 10448.1>)
19:20:41.856 [AI Object Patrol 00043] Despawning 1 West bots (spawn position <5035.787598, 516.007385, 2101.046631>, 0/1 deceased)
19:20:41.921 [AI Object Patrol 00043] Global patrol count: 2
19:20:41.988 [AI Object Patrol 00043] ContaminatedArea category patrol count: 1
19:23:18.838 [AI Object Patrol 00009] Despawning 3 West bots (spawn position <7402.178711, 226.860397, 6305.945313>, 0/3 deceased)
19:23:18.848 [AI Object Patrol 00009] Global patrol count: 1
19:23:18.858 [AI Object Patrol 00009] ContaminatedArea category patrol count: 0
19:23:54.536 [AI Object Patrol 00047] Despawning 3 West bots (spawn position <7807.773438, 254.956680, 7886.447266>, 0/3 deceased)
19:23:54.546 [AI Object Patrol 00047] Global patrol count: 0
19:23:54.556 [AI Object Patrol 00047] HelicopterWreck category patrol count: 0
19:28:33.992 [AI Object Patrol 00013] Spawning 2 West bots at <4245.259766, 238.177231, 10456.151367>
19:28:34.025 [AI Object Patrol 00013] Global patrol count: 1
19:28:34.035 [AI Object Patrol 00013] ContaminatedArea category patrol count: 1
19:30:04.053 [VehicleEnter] Player "MeltingHolster" (id=wvhHOzdrtpIguVWymckDHtFfQcLi1rp3tRjwamgpvBQ=) entered vehicle UAZ 469 Cargo (id=26E5559D50493EF98CE69DB47921B331 pos=<4051.79, 238.04, 10210.2>) as driver
19:30:06.950 [VehicleEngine] Player "MeltingHolster" (id=wvhHOzdrtpIguVWymckDHtFfQcLi1rp3tRjwamgpvBQ=) started vehicle UAZ 469 Cargo (id=26E5559D50493EF98CE69DB47921B331 pos=<4051.79, 238.04, 10210.2>)
19:30:10.200 [VehicleEngine] Player "MeltingHolster" (id=wvhHOzdrtpIguVWymckDHtFfQcLi1rp3tRjwamgpvBQ=) stopped vehicle UAZ 469 Cargo (id=26E5559D50493EF98CE69DB47921B331 pos=<4051.79, 238.04, 10210.2>)
19:30:14.083 [VehicleLeave] Player "MeltingHolster" (id=wvhHOzdrtpIguVWymckDHtFfQcLi1rp3tRjwamgpvBQ=) left vehicle UAZ 469 Cargo (id=26E5559D50493EF98CE69DB47921B331 pos=<4051.79, 238.04, 10210.2>)
19:34:53.297 [Killfeed] AI Judy (West) got killed by MeltingHolster with M16A4 from a distance of 53 m.
19:35:19.257 [VehicleEnter] Player "MeltingHolster" (id=wvhHOzdrtpIguVWymckDHtFfQcLi1rp3tRjwamgpvBQ=) entered vehicle Merlin (id=489EF7186D4DFC2EECDE47AFE6649F9E pos=<4225.64, 238.02, 10448.1>) as pilot
19:35:20.986 [VehicleEngine] Player "MeltingHolster" (id=wvhHOzdrtpIguVWymckDHtFfQcLi1rp3tRjwamgpvBQ=) started vehicle Merlin (id=489EF7186D4DFC2EECDE47AFE6649F9E pos=<4225.64, 238.02, 10448.1>)
19:35:49.362 [AI Object Patrol 00015] Spawning 2 West bots at <3929.451904, 238.744553, 10328.424805>
19:35:49.400 [AI Object Patrol 00015] Global patrol count: 2
19:35:49.410 [AI Object Patrol 00015] ContaminatedArea category patrol count: 2
19:36:26.737 [VehicleLeave] Player "MeltingHolster" (id=wvhHOzdrtpIguVWymckDHtFfQcLi1rp3tRjwamgpvBQ=) left vehicle Merlin (id=489EF7186D4DFC2EECDE47AFE6649F9E pos=<4998.03, 200.98, 11092.7>)
19:36:45.752 [VehicleEnter] Player "MeltingHolster" (id=wvhHOzdrtpIguVWymckDHtFfQcLi1rp3tRjwamgpvBQ=) entered vehicle Merlin (id=489EF7186D4DFC2EECDE47AFE6649F9E pos=<4997.94, 200.39, 11084.3>) as pilot
19:41:05.979 [Chat - Global]("MeltingHolster"(id=wvhHOzdrtpIguVWymckDHtFfQcLi1rp3tRjwamgpvBQ=)): ayyy
19:42:22.363 [VehicleEngine] Player "MeltingHolster" (id=wvhHOzdrtpIguVWymckDHtFfQcLi1rp3tRjwamgpvBQ=) stopped vehicle Merlin (id=489EF7186D4DFC2EECDE47AFE6649F9E pos=<4429.77, 472.47, 482.08>)
19:42:25.942 [VehicleLeave] Player "MeltingHolster" (id=wvhHOzdrtpIguVWymckDHtFfQcLi1rp3tRjwamgpvBQ=) left vehicle Merlin (id=489EF7186D4DFC2EECDE47AFE6649F9E pos=<4429.85, 472.51, 482.17>)
19:44:39.632 [Chat - Global]("MeltingHolster"(id=wvhHOzdrtpIguVWymckDHtFfQcLi1rp3tRjwamgpvBQ=)): how do i use the bipod on a gun?
19:45:03.143 [Chat - Global]("snake"(id=0nsyEhm9INQy3se8y-fXlbMHVv4YsIXloUCLC2unDyo=)): it has to be a snafu gun
19:45:12.691 [Chat - Global]("snake"(id=0nsyEhm9INQy3se8y-fXlbMHVv4YsIXloUCLC2unDyo=)): depending on tripod
19:45:21.356 [Chat - Global]("MeltingHolster"(id=wvhHOzdrtpIguVWymckDHtFfQcLi1rp3tRjwamgpvBQ=)): yeah i put a snafu bipod on my scar
19:45:25.053 [Chat - Global]("snake"(id=0nsyEhm9INQy3se8y-fXlbMHVv4YsIXloUCLC2unDyo=)): u can attack to the m429
19:45:34.877 [Chat - Global]("snake"(id=0nsyEhm9INQy3se8y-fXlbMHVv4YsIXloUCLC2unDyo=)): nice
19:45:38.859 [Chat - Global]("MeltingHolster"(id=wvhHOzdrtpIguVWymckDHtFfQcLi1rp3tRjwamgpvBQ=)): but idk how to deploy it
19:45:49.703 [Chat - Global]("snake"(id=0nsyEhm9INQy3se8y-fXlbMHVv4YsIXloUCLC2unDyo=)): oh jdk either
19:46:05.359 [Chat - Global]("snake"(id=0nsyEhm9INQy3se8y-fXlbMHVv4YsIXloUCLC2unDyo=)): gotta afk again c u around
19:46:43.893 [AI Object Patrol 00015] Despawning 2 West bots (spawn position <3929.451904, 238.744553, 10328.424805>, 0/2 deceased)
19:46:43.902 [AI Object Patrol 00015] Global patrol count: 1
19:46:43.912 [AI Object Patrol 00015] ContaminatedArea category patrol count: 1
19:48:08.127 [AI Object Patrol 00013] Despawning 1 West bots (spawn position <4245.259766, 238.177231, 10456.151367>, 1/2 deceased)
19:48:08.137 [AI Object Patrol 00013] Global patrol count: 0
19:48:08.147 [AI Object Patrol 00013] ContaminatedArea category patrol count: 0
19:48:27.733 [Chat - Global]("MeltingHolster"(id=wvhHOzdrtpIguVWymckDHtFfQcLi1rp3tRjwamgpvBQ=)): same brb
20:23:26.404 [MissionAirdrop] An airdrop is heading towards "Gieraltow" (pos=<10899.000000, 0.000000, 4515.000000> type=Random_Gieraltow) with a ExpansionAirdropContainer_Basebuilding
20:39:38.800 [Killfeed] AI Frida (East) got killed by AI Indar (West) with AUR AX from a distance of 10 m.
20:41:22.497 [Killfeed] AI Irena (West) got killed by AI Judy (Shamans) with LAR from a distance of 10 m.
20:42:47.540 [Killfeed] AI Judy (Shamans) got killed by AI Judy (West) with M16-A2 from a distance of 6 m.
20:50:08.272 [Chat - Global]("MeltingHolster"(id=wvhHOzdrtpIguVWymckDHtFfQcLi1rp3tRjwamgpvBQ=)): hola!
20:50:12.974 [Chat - Global]("Aubrayy"(id=3nfLfaH0DP7C-C6P6ySaTc_mOV4jYcS69GUgLeQrNAc=)): Heya!!
20:50:20.284 [Chat - Global]("snake"(id=0nsyEhm9INQy3se8y-fXlbMHVv4YsIXloUCLC2unDyo=)): yooo
20:50:23.682 [Chat - Global]("Aubrayy"(id=3nfLfaH0DP7C-C6P6ySaTc_mOV4jYcS69GUgLeQrNAc=)): Getting my wife in on the fun soon :)
20:50:40.894 [Chat - Global]("snake"(id=0nsyEhm9INQy3se8y-fXlbMHVv4YsIXloUCLC2unDyo=)): sweet!11
20:50:50.721 [Chat - Global]("snake"(id=0nsyEhm9INQy3se8y-fXlbMHVv4YsIXloUCLC2unDyo=)): same with my gf aha
20:50:55.366 [Chat - Global]("Aubrayy"(id=3nfLfaH0DP7C-C6P6ySaTc_mOV4jYcS69GUgLeQrNAc=)): Hell yeah
20:51:01.333 [Chat - Global]("snake"(id=0nsyEhm9INQy3se8y-fXlbMHVv4YsIXloUCLC2unDyo=)): shell help me collect she loves one piece
20:51:09.235 [Chat - Global]("Aubrayy"(id=3nfLfaH0DP7C-C6P6ySaTc_mOV4jYcS69GUgLeQrNAc=)): Oh great!!
20:51:09.856 [Chat - Global]("MeltingHolster"(id=wvhHOzdrtpIguVWymckDHtFfQcLi1rp3tRjwamgpvBQ=)): my gf wouldnt be able to play dayz xD
20:51:15.911 [Chat - Global]("Aubrayy"(id=3nfLfaH0DP7C-C6P6ySaTc_mOV4jYcS69GUgLeQrNAc=)): Mine loves pokemon lol
20:51:33.974 [Chat - Global]("snake"(id=0nsyEhm9INQy3se8y-fXlbMHVv4YsIXloUCLC2unDyo=)): why canr she ;?
20:51:44.323 [Chat - Global]("MeltingHolster"(id=wvhHOzdrtpIguVWymckDHtFfQcLi1rp3tRjwamgpvBQ=)): shes not a gamer... literally has never played a video game
20:51:47.151 [Chat - Global]("snake"(id=0nsyEhm9INQy3se8y-fXlbMHVv4YsIXloUCLC2unDyo=)): does she get dizzy?
20:51:52.952 [Chat - Global]("snake"(id=0nsyEhm9INQy3se8y-fXlbMHVv4YsIXloUCLC2unDyo=)): ohh lool
20:51:58.059 [Chat - Global]("MeltingHolster"(id=wvhHOzdrtpIguVWymckDHtFfQcLi1rp3tRjwamgpvBQ=)): it would take a long time to teach her dayz and shed probably get frustrated
20:52:26.502 [Chat - Global]("snake"(id=0nsyEhm9INQy3se8y-fXlbMHVv4YsIXloUCLC2unDyo=)): that makes sense, faor
20:52:37.544 [Chat - Global]("snake"(id=0nsyEhm9INQy3se8y-fXlbMHVv4YsIXloUCLC2unDyo=)): fair*
20:52:46.502 [Chat - Global]("Aubrayy"(id=3nfLfaH0DP7C-C6P6ySaTc_mOV4jYcS69GUgLeQrNAc=)): Right
20:54:47.723 [Chat - Global]("MeltingHolster"(id=wvhHOzdrtpIguVWymckDHtFfQcLi1rp3tRjwamgpvBQ=)): anyone doing anything interesting?
20:54:59.439 [Chat - Global]("snake"(id=0nsyEhm9INQy3se8y-fXlbMHVv4YsIXloUCLC2unDyo=)): nights are darker now
20:55:03.201 [Chat - Global]("MeltingHolster"(id=wvhHOzdrtpIguVWymckDHtFfQcLi1rp3tRjwamgpvBQ=)): yeah i like it
20:55:11.297 [Chat - Global]("Aubrayy"(id=3nfLfaH0DP7C-C6P6ySaTc_mOV4jYcS69GUgLeQrNAc=)): Im sneaking around Topolin trying not to get my head blown off by ai?
20:55:11.547 [Chat - Global]("snake"(id=0nsyEhm9INQy3se8y-fXlbMHVv4YsIXloUCLC2unDyo=)): im just walking around my base organizing lol
20:55:26.476 [Chat - Global]("Aubrayy"(id=3nfLfaH0DP7C-C6P6ySaTc_mOV4jYcS69GUgLeQrNAc=)): About to go find and join up w my wife
20:55:43.049 [Chat - Global]("snake"(id=0nsyEhm9INQy3se8y-fXlbMHVv4YsIXloUCLC2unDyo=)): habr fun!!!
20:55:47.908 [Chat - Global]("Aubrayy"(id=3nfLfaH0DP7C-C6P6ySaTc_mOV4jYcS69GUgLeQrNAc=)): Ty :)
20:55:52.441 [Chat - Global]("Aubrayy"(id=3nfLfaH0DP7C-C6P6ySaTc_mOV4jYcS69GUgLeQrNAc=)): Thanks for making this possible
20:55:59.959 [SpawnSelection] Player "Sharkadactyl" (id=vgDrgFY9jTl3KWxsS61NgaZN00TkusdG2bsVbToNaAM=) spawned at <2035.589966, 208.117996, 7440.870117>
20:56:00.561 [Chat - Global]("snake"(id=0nsyEhm9INQy3se8y-fXlbMHVv4YsIXloUCLC2unDyo=)): my pleasure!
20:57:26.219 [Chat - Global]("Aubrayy"(id=3nfLfaH0DP7C-C6P6ySaTc_mOV4jYcS69GUgLeQrNAc=)): also yes, night IS really dark haha
20:57:45.151 [Chat - Global]("Aubrayy"(id=3nfLfaH0DP7C-C6P6ySaTc_mOV4jYcS69GUgLeQrNAc=)): all the more terrifying hearing gunshots somewhere around
20:59:29.694 [Killfeed] AI Judy (West) got killed by AI Cyril (East) with KA-M from a distance of 10 m.
20:59:38.000 [Killfeed] AI Manua (East) got killed by AI Keiko (West) with KA-101 from a distance of 7 m.
20:59:47.375 [Killfeed] AI Cyril (East) got killed by AI Boris (Shamans) with Bizon from a distance of 5 m.
20:59:59.051 [Chat - Global]("Aubrayy"(id=3nfLfaH0DP7C-C6P6ySaTc_mOV4jYcS69GUgLeQrNAc=)): Fire fight over here, its pretty cool
21:00:16.088 [Killfeed] AI Boris (Shamans) got killed by AI Taiki (West) with M4-A1 from a distance of 7 m.
21:03:14.413 [Killfeed] AI Gabi (Shamans) got killed by AI Taiki (West) with M4-A1 from a distance of 11 m.
21:03:59.533 [Killfeed] AI Indar (West) got killed by AI Oliver (Shamans) with KAS-74U from a distance of 9 m.
21:04:12.564 [Killfeed] AI Taiki (West) got killed by AI Oliver (Shamans) with KAS-74U from a distance of 9 m.
21:04:18.995 [Chat - Global]("Aubrayy"(id=3nfLfaH0DP7C-C6P6ySaTc_mOV4jYcS69GUgLeQrNAc=)): Do ygs know how long night lasts?
21:05:11.847 [Killfeed] AI Oliver (Shamans) got killed by AI Niki (West) with M16-A2 from a distance of 8 m.
21:07:05.819 [VehicleEnter] Player "MeltingHolster" (id=wvhHOzdrtpIguVWymckDHtFfQcLi1rp3tRjwamgpvBQ=) entered vehicle Merlin (id=489EF7186D4DFC2EECDE47AFE6649F9E pos=<4430.15, 472.55, 482.49>) as pilot
21:07:08.116 [VehicleEngine] Player "MeltingHolster" (id=wvhHOzdrtpIguVWymckDHtFfQcLi1rp3tRjwamgpvBQ=) started vehicle Merlin (id=489EF7186D4DFC2EECDE47AFE6649F9E pos=<4430.16, 472.55, 482.51>)
21:08:53.769 [Killfeed] AI Keiko (West) got killed by AI Irena (East) with KA-101 from a distance of 9 m.
21:09:37.755 [Chat - Global]("snake"(id=0nsyEhm9INQy3se8y-fXlbMHVv4YsIXloUCLC2unDyo=)): 3 hours 
21:09:50.255 [Killfeed] AI Eva (West) got killed by AI Irena (East) with KA-101 from a distance of 7 m.
21:10:09.563 [AI Object Patrol 00074] Spawning 3 West bots at <6083.994629, 389.179993, 4029.063965>
21:10:09.589 [AI Object Patrol 00074] Global patrol count: 1
21:10:09.599 [AI Object Patrol 00074] ContaminatedArea category patrol count: 1
21:10:11.600 [Killfeed] AI Niki (West) got killed by AI Irena (East) with KA-101 from a distance of 2 m.
21:10:32.526 [Killfeed] AI Irena (East) got killed by AI Eva (West) with M16-A2 from a distance of 5 m.
21:10:41.306 [Chat - Global]("MeltingHolster"(id=wvhHOzdrtpIguVWymckDHtFfQcLi1rp3tRjwamgpvBQ=)): hey snake, got a fishing rod i could have?
21:11:01.754 [Killfeed] AI Peter (East) got killed by AI Helga (West) with M4-A1 from a distance of 8 m.
21:11:05.480 [Chat - Global]("snake"(id=0nsyEhm9INQy3se8y-fXlbMHVv4YsIXloUCLC2unDyo=)): sorry homienthat, imdomt have. notnevem ir me
21:11:33.704 [Chat - Global]("snake"(id=0nsyEhm9INQy3se8y-fXlbMHVv4YsIXloUCLC2unDyo=)): i gotta  find one lol
21:11:44.280 [Killfeed] AI Judy (West) got killed by AI Maria (East) with LAR from a distance of 8 m.
21:12:13.762 [Killfeed] AI Maria (East) got killed by AI Keiko (West) with KA-101 from a distance of 4 m.
21:12:39.576 [VehicleEngine] Player "MeltingHolster" (id=wvhHOzdrtpIguVWymckDHtFfQcLi1rp3tRjwamgpvBQ=) stopped vehicle Merlin (id=489EF7186D4DFC2EECDE47AFE6649F9E pos=<6267.94, 379.96, 3913.74>)
21:13:06.528 [Killfeed] AI Keiko (East) got killed by AI Keiko (West) with KA-101 from a distance of 8 m.
21:13:26.111 [VehicleLeave] Player "MeltingHolster" (id=wvhHOzdrtpIguVWymckDHtFfQcLi1rp3tRjwamgpvBQ=) left vehicle Merlin (id=489EF7186D4DFC2EECDE47AFE6649F9E pos=<6268.06, 379.95, 3913.38>)
21:13:51.114 [Killfeed] AI Naomi (East) got killed by AI Indar (West) with M4-A1 from a distance of 11 m.
21:14:16.989 [Killfeed] AI Frida (West) got killed by AI Linda (East) with LAR from a distance of 6 m.
21:14:46.510 [Killfeed] AI Keiko (West) got killed by AI Niki (East) with KAS-74U from a distance of 11 m.
21:15:16.607 [Killfeed] AI Taiki (West) got killed by AI Linda (East) with LAR from a distance of 8 m.
21:16:57.419 [Killfeed] AI Linda (East) got killed by AI Guo (West) with LE-MAS from a distance of 5 m.
21:18:31.262 [Killfeed] AI Lewis (East) got killed by AI Gabi (West) with M4-A1 from a distance of 9 m.
21:18:36.600 [AI Object Patrol 00082] Spawning 1 East bots at <5910.114746, 378.122803, 5006.936035>
21:18:36.640 [AI Object Patrol 00082] Global patrol count: 2
21:18:36.650 [AI Object Patrol 00082] HelicopterWreck category patrol count: 1
21:19:00.836 [Killfeed] AI Linda (Shamans) got killed by AI Eva (West) with M16-A2 from a distance of 7 m.
21:19:09.335 [Chat - Global]("MeltingHolster"(id=wvhHOzdrtpIguVWymckDHtFfQcLi1rp3tRjwamgpvBQ=)): since when does nadbor get gassed?
21:22:05.482 [Chat - Global]("MeltingHolster"(id=wvhHOzdrtpIguVWymckDHtFfQcLi1rp3tRjwamgpvBQ=)): wtf i cant tell why my character is coughing
21:22:12.657 [Chat - Global]("Aubrayy"(id=3nfLfaH0DP7C-C6P6ySaTc_mOV4jYcS69GUgLeQrNAc=)): :0
21:22:24.747 [Chat - Global]("Aubrayy"(id=3nfLfaH0DP7C-C6P6ySaTc_mOV4jYcS69GUgLeQrNAc=)): No sickness icon?
21:22:27.600 [Chat - Global]("MeltingHolster"(id=wvhHOzdrtpIguVWymckDHtFfQcLi1rp3tRjwamgpvBQ=)): no
21:23:09.247 [Chat - Global]("Aubrayy"(id=3nfLfaH0DP7C-C6P6ySaTc_mOV4jYcS69GUgLeQrNAc=)): hmm...
21:23:39.988 [AI Object Patrol 00074] Despawning 3 West bots (spawn position <6083.994629, 389.179993, 4029.063965>, 0/3 deceased)
21:23:39.997 [AI Object Patrol 00074] Global patrol count: 1
21:23:40.007 [AI Object Patrol 00074] ContaminatedArea category patrol count: 0
21:23:45.386 [Chat - Global]("MeltingHolster"(id=wvhHOzdrtpIguVWymckDHtFfQcLi1rp3tRjwamgpvBQ=)): hmm seems to have stopped
21:23:52.620 [Chat - Global]("Aubrayy"(id=3nfLfaH0DP7C-C6P6ySaTc_mOV4jYcS69GUgLeQrNAc=)): Look it up in the wiki? no clue
21:23:53.408 [Chat - Global]("Aubrayy"(id=3nfLfaH0DP7C-C6P6ySaTc_mOV4jYcS69GUgLeQrNAc=)): oh
21:24:29.751 [Chat - Global]("Aubrayy"(id=3nfLfaH0DP7C-C6P6ySaTc_mOV4jYcS69GUgLeQrNAc=)): btw, do you guys know how to form a party?
21:24:43.851 [Chat - Global]("snake"(id=0nsyEhm9INQy3se8y-fXlbMHVv4YsIXloUCLC2unDyo=)): i think you go up to the perzon
21:24:52.423 [Chat - Global]("Aubrayy"(id=3nfLfaH0DP7C-C6P6ySaTc_mOV4jYcS69GUgLeQrNAc=)): ohhh okay, ty
21:24:59.056 [Chat - Global]("Aubrayy"(id=3nfLfaH0DP7C-C6P6ySaTc_mOV4jYcS69GUgLeQrNAc=)): that rings a bell
21:25:09.334 [Chat - Global]("snake"(id=0nsyEhm9INQy3se8y-fXlbMHVv4YsIXloUCLC2unDyo=)): then ith a book you accept
21:25:25.208 [Chat - Global]("snake"(id=0nsyEhm9INQy3se8y-fXlbMHVv4YsIXloUCLC2unDyo=)): havemt figured that last part yet
21:26:13.732 [Chat - Global]("Aubrayy"(id=3nfLfaH0DP7C-C6P6ySaTc_mOV4jYcS69GUgLeQrNAc=)): Yeah I go up to someone and press F, "invite to group"
21:26:15.266 [Party] Player "Aubrayy" (id=3nfLfaH0DP7C-C6P6ySaTc_mOV4jYcS69GUgLeQrNAc=) joined the party "Cipher Thunderous" (id=5 ownerUID= ownerName=)
21:26:15.305 [Party] Player "Aubrayy" (id=3nfLfaH0DP7C-C6P6ySaTc_mOV4jYcS69GUgLeQrNAc=) created a party named Cipher Thunderous (Ciphe)
21:26:15.385 [Party] Player "Aubrayy" (id=3nfLfaH0DP7C-C6P6ySaTc_mOV4jYcS69GUgLeQrNAc=) invited the player "Sharkadactyl" (id=vgDrgFY9jTl3KWxsS61NgaZN00TkusdG2bsVbToNaAM=)to the party named Cipher Thunderous
21:26:26.296 [Killfeed] AI Quinn (East) got killed by AI Denis (West) with AUR A1 from a distance of 5 m.
21:26:26.672 [AI Object Patrol 00082] East bots were wiped out (spawn position <5910.114746, 378.122803, 5006.936035>, 1/1 deceased)
21:26:26.690 [AI Object Patrol 00082] Global patrol count: 0
21:26:26.708 [AI Object Patrol 00082] HelicopterWreck category patrol count: 0
21:26:45.094 [Party] Player "Aubrayy" (id=3nfLfaH0DP7C-C6P6ySaTc_mOV4jYcS69GUgLeQrNAc=) left the party "Cipher Thunderous" (id=5 ownerUID=3nfLfaH0DP7C-C6P6ySaTc_mOV4jYcS69GUgLeQrNAc= ownerName=Aubrayy)
21:26:56.426 [Party] Player "Aubrayy" (id=3nfLfaH0DP7C-C6P6ySaTc_mOV4jYcS69GUgLeQrNAc=) joined the party "SwordWives" (id=6 ownerUID= ownerName=)
21:26:56.560 [Party] Player "Aubrayy" (id=3nfLfaH0DP7C-C6P6ySaTc_mOV4jYcS69GUgLeQrNAc=) created a party named SwordWives ()
21:27:04.025 [Party] Player "Aubrayy" (id=3nfLfaH0DP7C-C6P6ySaTc_mOV4jYcS69GUgLeQrNAc=) invited the player "Sharkadactyl" (id=vgDrgFY9jTl3KWxsS61NgaZN00TkusdG2bsVbToNaAM=)to the party named SwordWives
21:27:10.385 [Chat - Global]("Aubrayy"(id=3nfLfaH0DP7C-C6P6ySaTc_mOV4jYcS69GUgLeQrNAc=)): oh press b for the book
21:27:12.263 [Party] Player "Sharkadactyl" (id=vgDrgFY9jTl3KWxsS61NgaZN00TkusdG2bsVbToNaAM=) joined the party "SwordWives" (id=6 ownerUID=3nfLfaH0DP7C-C6P6ySaTc_mOV4jYcS69GUgLeQrNAc= ownerName=Aubrayy)
21:29:46.471 [Killfeed] AI Keiko (West) got killed by AI Rolf (Shamans) with KA-101 from a distance of 9 m.
21:30:18.091 [Killfeed] AI Denis (West) got killed by AI Rolf (Shamans) with KA-101 from a distance of 9 m.
21:35:21.212 [Killfeed] AI Frida (Shamans) got killed by AI Peter (West) with AUR AX from a distance of 5 m.
21:36:41.255 [Killfeed] AI Gabi (Shamans) got killed by AI Keiko (East) with VSD from a distance of 1 m.
21:37:07.555 [Killfeed] AI Helga (Shamans) got killed by AI Indar (West) with M16-A2 from a distance of 8 m.
21:39:37.644 [Killfeed] AI Judy (West) got killed by AI Jose (Shamans) with KA-101 from a distance of 9 m.
21:40:41.621 [Killfeed] AI Hassan (West) got killed by AI Keiko (East) with VSD from a distance of 5 m.
21:41:10.564 [VehicleEnter] Player "snake" (id=0nsyEhm9INQy3se8y-fXlbMHVv4YsIXloUCLC2unDyo=) entered vehicle Land Rover Defender (id=10731D9519478C8C2A53A38FDA7740D3 pos=<8353.46, 322.55, 1637.45>) as driver
21:41:19.869 [Killfeed] AI Keiko (East) got killed by AI Jose (Shamans) with KA-101 from a distance of 10 m.
21:41:48.591 [Killfeed] AI Jose (Shamans) got killed by AI Elias (West) with AUR A1 from a distance of 6 m.
21:42:56.045 [VehicleLeave] Player "snake" (id=0nsyEhm9INQy3se8y-fXlbMHVv4YsIXloUCLC2unDyo=) left vehicle Land Rover Defender (id=10731D9519478C8C2A53A38FDA7740D3 pos=<2423.06, 174.82, 8137.09>)
21:44:00.714 [VehicleEnter] Player "snake" (id=0nsyEhm9INQy3se8y-fXlbMHVv4YsIXloUCLC2unDyo=) entered vehicle Gyrocopter (id=961DFC0DD54BCF458A74E6A5EF960114 pos=<8344.1, 334.75, 1638.85>) as pilot
21:44:02.686 [VehicleEngine] Player "snake" (id=0nsyEhm9INQy3se8y-fXlbMHVv4YsIXloUCLC2unDyo=) started vehicle Gyrocopter (id=961DFC0DD54BCF458A74E6A5EF960114 pos=<8344.1, 334.75, 1638.84>)
21:46:34.988 [VehicleEngine] Player "NULL" (id=NULL) stopped vehicle Gyrocopter (id=961DFC0DD54BCF458A74E6A5EF960114 pos=<11298.6, 215.99, 701.73>)
21:46:35.025 [VehicleLeave] Player "snake" (id=0nsyEhm9INQy3se8y-fXlbMHVv4YsIXloUCLC2unDyo=) left vehicle Gyrocopter (id=961DFC0DD54BCF458A74E6A5EF960114 pos=<11298.6, 215.99, 701.73>)
21:46:54.416 [Killfeed] AI Eva (Shamans) got killed by AI Francis (West) with M16-A2 from a distance of 9 m.
21:52:35.388 [MissionAirdrop] An airdrop is heading towards "Radunin" (pos=<7209.000000, 0.000000, 6073.000000> type=Random_Radunin) with a ExpansionAirdropContainer_Medical
21:54:13.362 [AI Object Patrol 00082] Despawning 0 East bots (spawn position <5930.618652, 376.818481, 5006.307129>, 1/1 deceased)
21:55:09.447 [Killfeed] AI Baty (Shamans) got killed by AI Francis (West) with M16-A2 from a distance of 11 m.
21:55:26.780 [VehicleEnter] Player "snake" (id=0nsyEhm9INQy3se8y-fXlbMHVv4YsIXloUCLC2unDyo=) entered vehicle Gyrocopter (id=961DFC0DD54BCF458A74E6A5EF960114 pos=<11298.5, 215.99, 702.25>) as pilot
21:55:28.107 [VehicleEngine] Player "snake" (id=0nsyEhm9INQy3se8y-fXlbMHVv4YsIXloUCLC2unDyo=) started vehicle Gyrocopter (id=961DFC0DD54BCF458A74E6A5EF960114 pos=<11298.5, 215.99, 702.26>)
21:55:45.085 [Party] Player "Aubrayy" (id=3nfLfaH0DP7C-C6P6ySaTc_mOV4jYcS69GUgLeQrNAc=) left the party "SwordWives" (id=6 ownerUID=3nfLfaH0DP7C-C6P6ySaTc_mOV4jYcS69GUgLeQrNAc= ownerName=Aubrayy)
21:55:48.480 [Party] Player "Sharkadactyl" (id=vgDrgFY9jTl3KWxsS61NgaZN00TkusdG2bsVbToNaAM=) left the party "SwordWives" (id=6 ownerUID=3nfLfaH0DP7C-C6P6ySaTc_mOV4jYcS69GUgLeQrNAc= ownerName=Aubrayy)
21:59:03.312 [VehicleEngine] Player "NULL" (id=NULL) stopped vehicle Gyrocopter (id=961DFC0DD54BCF458A74E6A5EF960114 pos=<8340.66, 334.77, 1642.81>)
21:59:03.337 [VehicleLeave] Player "snake" (id=0nsyEhm9INQy3se8y-fXlbMHVv4YsIXloUCLC2unDyo=) left vehicle Gyrocopter (id=961DFC0DD54BCF458A74E6A5EF960114 pos=<8340.66, 334.77, 1642.81>)
22:06:44.782 [AI Object Patrol 00091] Spawning 1 West bots at <7196.054199, 383.186584, 3728.054443>
22:06:44.812 [AI Object Patrol 00091] Global patrol count: 1
22:06:44.821 [AI Object Patrol 00091] HelicopterWreck category patrol count: 1
22:11:04.842 [Killfeed] AI Francis (Shamans) got killed by AI Denis (West) with LE-MAS from a distance of 9 m.
22:15:42.013 [VehicleEnter] Player "MeltingHolster" (id=wvhHOzdrtpIguVWymckDHtFfQcLi1rp3tRjwamgpvBQ=) entered vehicle Merlin (id=489EF7186D4DFC2EECDE47AFE6649F9E pos=<6268.06, 379.95, 3913.37>) as pilot
22:16:24.293 [VehicleEngine] Player "MeltingHolster" (id=wvhHOzdrtpIguVWymckDHtFfQcLi1rp3tRjwamgpvBQ=) started vehicle Merlin (id=489EF7186D4DFC2EECDE47AFE6649F9E pos=<6268.1, 379.93, 3913.16>)
22:20:02.768 [VehicleEngine] Player "MeltingHolster" (id=wvhHOzdrtpIguVWymckDHtFfQcLi1rp3tRjwamgpvBQ=) stopped vehicle Merlin (id=489EF7186D4DFC2EECDE47AFE6649F9E pos=<4427.35, 472.67, 482.75>)
22:20:06.706 [VehicleLeave] Player "MeltingHolster" (id=wvhHOzdrtpIguVWymckDHtFfQcLi1rp3tRjwamgpvBQ=) left vehicle Merlin (id=489EF7186D4DFC2EECDE47AFE6649F9E pos=<4427.17, 472.74, 482.81>)
22:27:43.219 [AI Object Patrol 00091] Despawning 1 West bots (spawn position <7196.054199, 383.186584, 3728.054443>, 0/1 deceased)
22:27:43.229 [AI Object Patrol 00091] Global patrol count: 0
22:27:43.240 [AI Object Patrol 00091] HelicopterWreck category patrol count: 0
22:30:25.738 [AI Object Patrol 00092] Spawning 2 East bots at <7270.068848, 215.582565, 7711.560547>
22:30:25.769 [AI Object Patrol 00092] Global patrol count: 1
22:30:25.779 [AI Object Patrol 00092] HelicopterWreck category patrol count: 1
22:30:25.789 [AI Object Patrol 00096] Spawning 2 West bots at <5862.296387, 227.271683, 8064.749023>
22:30:25.819 [AI Object Patrol 00096] Global patrol count: 2
22:30:25.829 [AI Object Patrol 00096] ContaminatedArea category patrol count: 1
22:32:52.869 [Party] Player "Aubrayy" (id=3nfLfaH0DP7C-C6P6ySaTc_mOV4jYcS69GUgLeQrNAc=) joined the party "SwordWives" (id=6 ownerUID=3nfLfaH0DP7C-C6P6ySaTc_mOV4jYcS69GUgLeQrNAc= ownerName=Aubrayy)
22:34:21.081 [VehicleEnter] Player "Dan" (id=J3DN6WXzRjVAt4j_gUAEgL4v34hqtXpOtTWQ5nCMCS0=) entered vehicle Gunter 2 (id=509ACCA49543877D1C43A68CFCA4AB25 pos=<6559.97, 205.56, 8371.76>) as driver
22:34:23.093 [VehicleEngine] Player "Dan" (id=J3DN6WXzRjVAt4j_gUAEgL4v34hqtXpOtTWQ5nCMCS0=) started vehicle Gunter 2 (id=509ACCA49543877D1C43A68CFCA4AB25 pos=<6559.97, 205.56, 8371.76>)
22:34:27.958 [VehicleLeave] Player "Dan" (id=J3DN6WXzRjVAt4j_gUAEgL4v34hqtXpOtTWQ5nCMCS0=) left vehicle Gunter 2 (id=509ACCA49543877D1C43A68CFCA4AB25 pos=<6559.97, 205.56, 8371.76>)
22:42:21.354 [VehicleEnter] Player "Dan" (id=J3DN6WXzRjVAt4j_gUAEgL4v34hqtXpOtTWQ5nCMCS0=) entered vehicle Gunter 2 (id=509ACCA49543877D1C43A68CFCA4AB25 pos=<6559.97, 205.56, 8371.76>) as driver
22:42:37.717 [VehicleLeave] Player "Dan" (id=J3DN6WXzRjVAt4j_gUAEgL4v34hqtXpOtTWQ5nCMCS0=) left vehicle Gunter 2 (id=509ACCA49543877D1C43A68CFCA4AB25 pos=<6568.89, 206.51, 8376.37>)
22:43:21.595 [VehicleEnter] Player "Dan" (id=J3DN6WXzRjVAt4j_gUAEgL4v34hqtXpOtTWQ5nCMCS0=) entered vehicle Gunter 2 (id=509ACCA49543877D1C43A68CFCA4AB25 pos=<6568.86, 206.5, 8376.31>) as driver
22:43:57.778 [AI Object Patrol 00092] Despawning 2 East bots (spawn position <7270.068848, 215.582565, 7711.560547>, 0/2 deceased)
22:43:57.800 [AI Object Patrol 00092] Global patrol count: 1
22:43:57.817 [AI Object Patrol 00092] HelicopterWreck category patrol count: 0
22:45:14.940 [VehicleEngine] Player "Dan" (id=J3DN6WXzRjVAt4j_gUAEgL4v34hqtXpOtTWQ5nCMCS0=) stopped vehicle Gunter 2 (id=509ACCA49543877D1C43A68CFCA4AB25 pos=<6306.24, 192.38, 10179.7>)
22:45:19.863 [VehicleLeave] Player "Dan" (id=J3DN6WXzRjVAt4j_gUAEgL4v34hqtXpOtTWQ5nCMCS0=) left vehicle Gunter 2 (id=509ACCA49543877D1C43A68CFCA4AB25 pos=<6306.24, 192.38, 10179.7>)
22:45:21.637 [AI Object Patrol 00096] Despawning 2 West bots (spawn position <5862.296387, 227.271683, 8064.749023>, 0/2 deceased)
22:45:21.647 [AI Object Patrol 00096] Global patrol count: 0
22:45:21.657 [AI Object Patrol 00096] ContaminatedArea category patrol count: 0
22:45:40.269 [VehicleEnter] Player "Dan" (id=J3DN6WXzRjVAt4j_gUAEgL4v34hqtXpOtTWQ5nCMCS0=) entered vehicle Gunter 2 (id=509ACCA49543877D1C43A68CFCA4AB25 pos=<6306.24, 192.38, 10179.7>) as driver
22:45:46.857 [VehicleLeave] Player "Dan" (id=J3DN6WXzRjVAt4j_gUAEgL4v34hqtXpOtTWQ5nCMCS0=) left vehicle Gunter 2 (id=509ACCA49543877D1C43A68CFCA4AB25 pos=<6306.24, 192.38, 10179.7>)
22:46:21.725 [VehicleEnter] Player "Dan" (id=J3DN6WXzRjVAt4j_gUAEgL4v34hqtXpOtTWQ5nCMCS0=) entered vehicle Gunter 2 (id=509ACCA49543877D1C43A68CFCA4AB25 pos=<6306.24, 192.38, 10179.7>) as driver
22:46:28.187 [VehicleEngine] Player "Dan" (id=J3DN6WXzRjVAt4j_gUAEgL4v34hqtXpOtTWQ5nCMCS0=) started vehicle Gunter 2 (id=509ACCA49543877D1C43A68CFCA4AB25 pos=<6306.24, 192.38, 10179.7>)
22:48:15.143 [VehicleEngine] Player "Dan" (id=J3DN6WXzRjVAt4j_gUAEgL4v34hqtXpOtTWQ5nCMCS0=) stopped vehicle Gunter 2 (id=509ACCA49543877D1C43A68CFCA4AB25 pos=<6398.44, 178.72, 10554.3>)
22:48:19.353 [VehicleLeave] Player "Dan" (id=J3DN6WXzRjVAt4j_gUAEgL4v34hqtXpOtTWQ5nCMCS0=) left vehicle Gunter 2 (id=509ACCA49543877D1C43A68CFCA4AB25 pos=<6398.42, 178.72, 10554.3>)
22:51:27.291 [VehicleEnter] Player "Dan" (id=J3DN6WXzRjVAt4j_gUAEgL4v34hqtXpOtTWQ5nCMCS0=) entered vehicle Gunter 2 (id=509ACCA49543877D1C43A68CFCA4AB25 pos=<6398.42, 178.72, 10554.3>) as driver
22:51:30.886 [VehicleEngine] Player "Dan" (id=J3DN6WXzRjVAt4j_gUAEgL4v34hqtXpOtTWQ5nCMCS0=) started vehicle Gunter 2 (id=509ACCA49543877D1C43A68CFCA4AB25 pos=<6398.39, 178.72, 10554.3>)
22:52:00.756 [VehicleEngine] Player "NULL" (id=NULL) stopped vehicle Gunter 2 (id=509ACCA49543877D1C43A68CFCA4AB25 pos=<6375.3, 178.95, 10541>)
22:52:01.063 [VehicleLeave] Player "Dan" (id=J3DN6WXzRjVAt4j_gUAEgL4v34hqtXpOtTWQ5nCMCS0=) left vehicle Gunter 2 (id=509ACCA49543877D1C43A68CFCA4AB25 pos=<6375.3, 178.95, 10541>)
23:17:46.999 [MissionAirdrop] An airdrop is heading towards "Gieraltow" (pos=<10899.000000, 0.000000, 4515.000000> type=Random_Gieraltow) with a ExpansionAirdropContainer_Basebuilding
23:38:00.266 [VehicleEnter] Player "Dan" (id=J3DN6WXzRjVAt4j_gUAEgL4v34hqtXpOtTWQ5nCMCS0=) entered vehicle Gunter 2 (id=509ACCA49543877D1C43A68CFCA4AB25 pos=<6375.29, 178.95, 10541>) as driver
23:38:03.389 [VehicleEngine] Player "Dan" (id=J3DN6WXzRjVAt4j_gUAEgL4v34hqtXpOtTWQ5nCMCS0=) started vehicle Gunter 2 (id=509ACCA49543877D1C43A68CFCA4AB25 pos=<6375.28, 178.95, 10541>)
23:38:42.702 [VehicleEngine] Player "NULL" (id=NULL) stopped vehicle Gunter 2 (id=509ACCA49543877D1C43A68CFCA4AB25 pos=<6408.07, 175.85, 10749.8>)
23:38:42.994 [VehicleLeave] Player "Dan" (id=J3DN6WXzRjVAt4j_gUAEgL4v34hqtXpOtTWQ5nCMCS0=) left vehicle Gunter 2 (id=509ACCA49543877D1C43A68CFCA4AB25 pos=<6408.07, 175.85, 10749.8>)
23:40:11.398 [VehicleEnter] Player "Dan" (id=J3DN6WXzRjVAt4j_gUAEgL4v34hqtXpOtTWQ5nCMCS0=) entered vehicle RHIB (id=AB7EA2013D495608162DDAB7169EBF77 pos=<6262.38, 169.68, 10810.8>) as driver
23:40:12.935 [VehicleEngine] Player "Dan" (id=J3DN6WXzRjVAt4j_gUAEgL4v34hqtXpOtTWQ5nCMCS0=) started vehicle RHIB (id=AB7EA2013D495608162DDAB7169EBF77 pos=<6262.38, 169.75, 10810.8>)
23:42:16.802 [VehicleLeave] Player "Dan" (id=J3DN6WXzRjVAt4j_gUAEgL4v34hqtXpOtTWQ5nCMCS0=) left vehicle RHIB (id=AB7EA2013D495608162DDAB7169EBF77 pos=<6365.37, 169.97, 10765>)
23:42:22.422 [VehicleEngine] Player "NULL" (id=NULL) stopped vehicle RHIB (id=AB7EA2013D495608162DDAB7169EBF77 pos=<6365.37, 169.97, 10765>)
23:42:38.740 [VehicleEnter] Player "Dan" (id=J3DN6WXzRjVAt4j_gUAEgL4v34hqtXpOtTWQ5nCMCS0=) entered vehicle Gunter 2 (id=509ACCA49543877D1C43A68CFCA4AB25 pos=<6408.07, 175.85, 10749.8>) as driver
23:42:41.889 [VehicleEngine] Player "Dan" (id=J3DN6WXzRjVAt4j_gUAEgL4v34hqtXpOtTWQ5nCMCS0=) started vehicle Gunter 2 (id=509ACCA49543877D1C43A68CFCA4AB25 pos=<6408.07, 175.85, 10749.8>)
23:43:41.789 [VehicleEngine] Player "NULL" (id=NULL) stopped vehicle Gunter 2 (id=509ACCA49543877D1C43A68CFCA4AB25 pos=<6292.56, 192.38, 10179.5>)
23:43:42.094 [VehicleLeave] Player "Dan" (id=J3DN6WXzRjVAt4j_gUAEgL4v34hqtXpOtTWQ5nCMCS0=) left vehicle Gunter 2 (id=509ACCA49543877D1C43A68CFCA4AB25 pos=<6292.56, 192.38, 10179.5>)
23:44:30.156 [VehicleEnter] Player "Dan" (id=J3DN6WXzRjVAt4j_gUAEgL4v34hqtXpOtTWQ5nCMCS0=) entered vehicle Transit Bus (id=B49A53DA6E4CE9452FBF56B5AFE30445 pos=<6298.93, 192.35, 10180.2>) as driver
23:44:32.395 [VehicleEngine] Player "Dan" (id=J3DN6WXzRjVAt4j_gUAEgL4v34hqtXpOtTWQ5nCMCS0=) started vehicle Transit Bus (id=B49A53DA6E4CE9452FBF56B5AFE30445 pos=<6298.93, 192.35, 10180.2>)
23:44:39.230 [VehicleLeave] Player "Dan" (id=J3DN6WXzRjVAt4j_gUAEgL4v34hqtXpOtTWQ5nCMCS0=) left vehicle Transit Bus (id=B49A53DA6E4CE9452FBF56B5AFE30445 pos=<6298.93, 192.35, 10180.2>)
23:45:59.255 [VehicleEnter] Player "Dan" (id=J3DN6WXzRjVAt4j_gUAEgL4v34hqtXpOtTWQ5nCMCS0=) entered vehicle Transit Bus (id=B49A53DA6E4CE9452FBF56B5AFE30445 pos=<6298.93, 192.35, 10180.2>) as driver
23:46:18.252 [VehicleEngine] Player "Dan" (id=J3DN6WXzRjVAt4j_gUAEgL4v34hqtXpOtTWQ5nCMCS0=) stopped vehicle Transit Bus (id=B49A53DA6E4CE9452FBF56B5AFE30445 pos=<6298.42, 192.35, 10180.2>)
23:46:24.575 [VehicleLeave] Player "Dan" (id=J3DN6WXzRjVAt4j_gUAEgL4v34hqtXpOtTWQ5nCMCS0=) left vehicle Transit Bus (id=B49A53DA6E4CE9452FBF56B5AFE30445 pos=<6298.42, 192.35, 10180.2>)
23:48:01.302 [VehicleEnter] Player "Dan" (id=J3DN6WXzRjVAt4j_gUAEgL4v34hqtXpOtTWQ5nCMCS0=) entered vehicle Transit Bus (id=B49A53DA6E4CE9452FBF56B5AFE30445 pos=<6298.42, 192.35, 10180.2>) as driver
23:48:05.180 [VehicleEngine] Player "Dan" (id=J3DN6WXzRjVAt4j_gUAEgL4v34hqtXpOtTWQ5nCMCS0=) started vehicle Transit Bus (id=B49A53DA6E4CE9452FBF56B5AFE30445 pos=<6298.42, 192.35, 10180.2>)
23:48:11.467 [VehicleLeave] Player "Dan" (id=J3DN6WXzRjVAt4j_gUAEgL4v34hqtXpOtTWQ5nCMCS0=) left vehicle Transit Bus (id=B49A53DA6E4CE9452FBF56B5AFE30445 pos=<6298.42, 192.35, 10180.2>)
23:48:38.207 [VehicleEnter] Player "Dan" (id=J3DN6WXzRjVAt4j_gUAEgL4v34hqtXpOtTWQ5nCMCS0=) entered vehicle Transit Bus (id=B49A53DA6E4CE9452FBF56B5AFE30445 pos=<6298.42, 192.35, 10180.2>) as driver
23:49:29.401 [VehicleEngine] Player "Dan" (id=J3DN6WXzRjVAt4j_gUAEgL4v34hqtXpOtTWQ5nCMCS0=) stopped vehicle Transit Bus (id=B49A53DA6E4CE9452FBF56B5AFE30445 pos=<6280.26, 192.37, 10194.6>)
23:49:34.758 [VehicleLeave] Player "Dan" (id=J3DN6WXzRjVAt4j_gUAEgL4v34hqtXpOtTWQ5nCMCS0=) left vehicle Transit Bus (id=B49A53DA6E4CE9452FBF56B5AFE30445 pos=<6280.26, 192.37, 10194.6>)
23:49:44.895 [VehicleEnter] Player "Dan" (id=J3DN6WXzRjVAt4j_gUAEgL4v34hqtXpOtTWQ5nCMCS0=) entered vehicle Gunter 2 (id=509ACCA49543877D1C43A68CFCA4AB25 pos=<6292.54, 192.38, 10179.5>) as driver
23:49:48.382 [VehicleEngine] Player "Dan" (id=J3DN6WXzRjVAt4j_gUAEgL4v34hqtXpOtTWQ5nCMCS0=) started vehicle Gunter 2 (id=509ACCA49543877D1C43A68CFCA4AB25 pos=<6292.55, 192.38, 10179.5>)
23:50:09.929 [VehicleEngine] Player "Dan" (id=J3DN6WXzRjVAt4j_gUAEgL4v34hqtXpOtTWQ5nCMCS0=) stopped vehicle Gunter 2 (id=509ACCA49543877D1C43A68CFCA4AB25 pos=<6276.44, 192.43, 10193.7>)
23:50:12.429 [VehicleLeave] Player "Dan" (id=J3DN6WXzRjVAt4j_gUAEgL4v34hqtXpOtTWQ5nCMCS0=) left vehicle Gunter 2 (id=509ACCA49543877D1C43A68CFCA4AB25 pos=<6276.45, 192.43, 10193.7>)
23:52:06.459 [VehicleEnter] Player "Dan" (id=J3DN6WXzRjVAt4j_gUAEgL4v34hqtXpOtTWQ5nCMCS0=) entered vehicle Gunter 2 (id=509ACCA49543877D1C43A68CFCA4AB25 pos=<6276.47, 192.42, 10193.7>) as driver
23:52:10.113 [VehicleEngine] Player "Dan" (id=J3DN6WXzRjVAt4j_gUAEgL4v34hqtXpOtTWQ5nCMCS0=) started vehicle Gunter 2 (id=509ACCA49543877D1C43A68CFCA4AB25 pos=<6276.5, 192.42, 10193.7>)
23:53:21.665 [VehicleEngine] Player "NULL" (id=NULL) stopped vehicle Gunter 2 (id=509ACCA49543877D1C43A68CFCA4AB25 pos=<6262.43, 192.51, 10206.3>)
23:53:21.967 [VehicleLeave] Player "Dan" (id=J3DN6WXzRjVAt4j_gUAEgL4v34hqtXpOtTWQ5nCMCS0=) left vehicle Gunter 2 (id=509ACCA49543877D1C43A68CFCA4AB25 pos=<6262.43, 192.51, 10206.3>)
23:56:56.712 [VehicleEnter] Player "Dan" (id=J3DN6WXzRjVAt4j_gUAEgL4v34hqtXpOtTWQ5nCMCS0=) entered vehicle Transit Bus (id=B49A53DA6E4CE9452FBF56B5AFE30445 pos=<6280.32, 192.37, 10194.7>) as driver
23:57:01.589 [VehicleEngine] Player "Dan" (id=J3DN6WXzRjVAt4j_gUAEgL4v34hqtXpOtTWQ5nCMCS0=) started vehicle Transit Bus (id=B49A53DA6E4CE9452FBF56B5AFE30445 pos=<6280.32, 192.37, 10194.7>)
23:58:43.555 [AI Object Patrol 00124] Spawning 2 East bots at <7284.507324, 261.561554, 8474.630859>
23:58:43.595 [AI Object Patrol 00124] Global patrol count: 1
23:58:43.613 [AI Object Patrol 00124] HelicopterWreck category patrol count: 1
00:00:00.005 [VehicleEngine] Player "Dan" (id=J3DN6WXzRjVAt4j_gUAEgL4v34hqtXpOtTWQ5nCMCS0=) stopped vehicle Transit Bus (id=B49A53DA6E4CE9452FBF56B5AFE30445 pos=<6563.61, 205.85, 8372>)
00:00:03.896 [VehicleLeave] Player "Dan" (id=J3DN6WXzRjVAt4j_gUAEgL4v34hqtXpOtTWQ5nCMCS0=) left vehicle Transit Bus (id=B49A53DA6E4CE9452FBF56B5AFE30445 pos=<6563.61, 205.85, 8372>)
00:05:17.467 [AI Object Patrol 00129] Spawning 2 West bots at <6375.379883, 212.005173, 8303.213867>
00:05:17.504 [AI Object Patrol 00129] Global patrol count: 2
00:05:17.514 [AI Object Patrol 00129] ContaminatedArea category patrol count: 1
00:17:48.811 [BaseRaiding] ExpansionWall6x3 (<4260.714355, 179.386536, 8951.903320>) Damaged "player "Aubrayy" (ID = "3nfLfaH0DP7C-C6P6ySaTc_mOV4jYcS69GUgLeQrNAc=" at <4260.604980, 179.428452, 8953.171875>)" by 10 health points. Reason: Failed to enter the correct code.
00:17:48.823 [BaseRaiding] ExpansionWall6x3 (<4260.714355, 179.386536, 8951.903320>) The correct code was 8630 and the player tried 2145
00:17:50.341 [BaseRaiding] ExpansionWall6x3 (<4260.714355, 179.386536, 8951.903320>) Damaged "player "Aubrayy" (ID = "3nfLfaH0DP7C-C6P6ySaTc_mOV4jYcS69GUgLeQrNAc=" at <4260.604980, 179.428452, 8953.171875>)" by 10 health points. Reason: Failed to enter the correct code.
00:17:50.353 [BaseRaiding] ExpansionWall6x3 (<4260.714355, 179.386536, 8951.903320>) The correct code was 8630 and the player tried 2145
00:19:34.291 [AI Object Patrol 00124] Despawning 2 East bots (spawn position <7284.507324, 261.561554, 8474.630859>, 0/2 deceased)
00:19:34.303 [AI Object Patrol 00124] Global patrol count: 1
00:19:34.313 [AI Object Patrol 00124] HelicopterWreck category patrol count: 0
00:21:45.802 [VehicleEnter] Player "Aubrayy" (id=3nfLfaH0DP7C-C6P6ySaTc_mOV4jYcS69GUgLeQrNAc=) entered vehicle Olga 24 (id=EA37AA1E974FCF84D9172BAFAEB9599D pos=<4324.1, 183.77, 8980.57>) as driver
00:21:50.509 [VehicleLeave] Player "Aubrayy" (id=3nfLfaH0DP7C-C6P6ySaTc_mOV4jYcS69GUgLeQrNAc=) left vehicle Olga 24 (id=EA37AA1E974FCF84D9172BAFAEB9599D pos=<4324.1, 183.77, 8980.57>)
00:21:57.260 [AI Object Patrol 00129] Despawning 2 West bots (spawn position <6375.379883, 212.005173, 8303.213867>, 0/2 deceased)
00:21:57.355 [AI Object Patrol 00129] Global patrol count: 0
00:21:57.398 [AI Object Patrol 00129] ContaminatedArea category patrol count: 0
00:26:14.199 [AI Object Patrol 00014] Spawning 1 West bots at <4109.566406, 238.160004, 10201.802734>
00:26:14.236 [AI Object Patrol 00014] Global patrol count: 1
00:26:14.247 [AI Object Patrol 00014] ContaminatedArea category patrol count: 1
00:39:51.668 [AI Object Patrol 00014] Despawning 1 West bots (spawn position <4109.566406, 238.160004, 10201.802734>, 0/1 deceased)
00:39:51.786 [AI Object Patrol 00014] Global patrol count: 0
00:39:51.797 [AI Object Patrol 00014] ContaminatedArea category patrol count: 0
00:44:10.805 [VehicleEnter] Player "Dan" (id=J3DN6WXzRjVAt4j_gUAEgL4v34hqtXpOtTWQ5nCMCS0=) entered vehicle Gunter 2 (id=509ACCA49543877D1C43A68CFCA4AB25 pos=<6262.43, 192.51, 10206.3>) as driver
00:44:14.953 [VehicleEngine] Player "Dan" (id=J3DN6WXzRjVAt4j_gUAEgL4v34hqtXpOtTWQ5nCMCS0=) started vehicle Gunter 2 (id=509ACCA49543877D1C43A68CFCA4AB25 pos=<6262.45, 192.51, 10206.3>)
00:45:33.306 [MissionAirdrop] An airdrop is heading towards "Muratyn" (pos=<4559.000000, 0.000000, 6852.000000> type=Random_Muratyn) with a ExpansionAirdropContainer
00:51:26.283 [VehicleEngine] Player "NULL" (id=NULL) stopped vehicle Gunter 2 (id=509ACCA49543877D1C43A68CFCA4AB25 pos=<4378.43, 316.31, 6723.55>)
00:51:26.589 [VehicleLeave] Player "Dan" (id=J3DN6WXzRjVAt4j_gUAEgL4v34hqtXpOtTWQ5nCMCS0=) left vehicle Gunter 2 (id=509ACCA49543877D1C43A68CFCA4AB25 pos=<4378.43, 316.31, 6723.55>)
00:53:00.708 [VehicleEnter] Player "Dan" (id=J3DN6WXzRjVAt4j_gUAEgL4v34hqtXpOtTWQ5nCMCS0=) entered vehicle Gunter 2 (id=509ACCA49543877D1C43A68CFCA4AB25 pos=<4378.43, 316.31, 6723.55>) as driver
00:53:06.781 [VehicleEngine] Player "Dan" (id=J3DN6WXzRjVAt4j_gUAEgL4v34hqtXpOtTWQ5nCMCS0=) started vehicle Gunter 2 (id=509ACCA49543877D1C43A68CFCA4AB25 pos=<4378.43, 316.31, 6723.57>)
00:54:19.280 [VehicleEngine] Player "NULL" (id=NULL) stopped vehicle Gunter 2 (id=509ACCA49543877D1C43A68CFCA4AB25 pos=<4537.96, 333.56, 6947.67>)
00:54:19.583 [VehicleLeave] Player "Dan" (id=J3DN6WXzRjVAt4j_gUAEgL4v34hqtXpOtTWQ5nCMCS0=) left vehicle Gunter 2 (id=509ACCA49543877D1C43A68CFCA4AB25 pos=<4537.96, 333.56, 6947.67>)
00:55:37.142 [VehicleEnter] Player "Dan" (id=J3DN6WXzRjVAt4j_gUAEgL4v34hqtXpOtTWQ5nCMCS0=) entered vehicle Gunter 2 (id=509ACCA49543877D1C43A68CFCA4AB25 pos=<4537.95, 333.56, 6947.66>) as driver
00:55:41.306 [VehicleEngine] Player "Dan" (id=J3DN6WXzRjVAt4j_gUAEgL4v34hqtXpOtTWQ5nCMCS0=) started vehicle Gunter 2 (id=509ACCA49543877D1C43A68CFCA4AB25 pos=<4537.93, 333.56, 6947.62>)
00:56:05.639 [VehicleLeave] Player "Dan" (id=J3DN6WXzRjVAt4j_gUAEgL4v34hqtXpOtTWQ5nCMCS0=) left vehicle Gunter 2 (id=509ACCA49543877D1C43A68CFCA4AB25 pos=<4539.41, 331.34, 6897.61>)
00:58:50.180 [VehicleEnter] Player "Dan" (id=J3DN6WXzRjVAt4j_gUAEgL4v34hqtXpOtTWQ5nCMCS0=) entered vehicle Gunter 2 (id=509ACCA49543877D1C43A68CFCA4AB25 pos=<4539.36, 331.33, 6897.56>) as driver
01:00:51.991 [VehicleEngine] Player "NULL" (id=NULL) stopped vehicle Gunter 2 (id=509ACCA49543877D1C43A68CFCA4AB25 pos=<5032.11, 300.41, 7713.28>)
01:00:52.307 [VehicleLeave] Player "Dan" (id=J3DN6WXzRjVAt4j_gUAEgL4v34hqtXpOtTWQ5nCMCS0=) left vehicle Gunter 2 (id=509ACCA49543877D1C43A68CFCA4AB25 pos=<5032.11, 300.41, 7713.28>)
01:02:16.348 [VehicleEnter] Player "Dan" (id=J3DN6WXzRjVAt4j_gUAEgL4v34hqtXpOtTWQ5nCMCS0=) entered vehicle Gunter 2 (id=509ACCA49543877D1C43A68CFCA4AB25 pos=<5032.11, 300.41, 7713.27>) as driver
01:02:21.279 [VehicleEngine] Player "Dan" (id=J3DN6WXzRjVAt4j_gUAEgL4v34hqtXpOtTWQ5nCMCS0=) started vehicle Gunter 2 (id=509ACCA49543877D1C43A68CFCA4AB25 pos=<5032.11, 300.41, 7713.26>)
01:07:52.564 [AI Object Patrol 00139] Spawning 2 East bots at <7254.344727, 215.418808, 7734.530762>
01:07:52.597 [AI Object Patrol 00139] Global patrol count: 1
01:07:52.607 [AI Object Patrol 00139] HelicopterWreck category patrol count: 1
01:08:05.055 [VehicleEngine] Player "Dan" (id=J3DN6WXzRjVAt4j_gUAEgL4v34hqtXpOtTWQ5nCMCS0=) stopped vehicle Gunter 2 (id=509ACCA49543877D1C43A68CFCA4AB25 pos=<6555.61, 205.31, 8375.16>)
01:08:09.696 [VehicleLeave] Player "Dan" (id=J3DN6WXzRjVAt4j_gUAEgL4v34hqtXpOtTWQ5nCMCS0=) left vehicle Gunter 2 (id=509ACCA49543877D1C43A68CFCA4AB25 pos=<6555.61, 205.31, 8375.16>)
01:08:29.727 [VehicleEnter] Player "Dan" (id=J3DN6WXzRjVAt4j_gUAEgL4v34hqtXpOtTWQ5nCMCS0=) entered vehicle Gunter 2 (id=509ACCA49543877D1C43A68CFCA4AB25 pos=<6555.61, 205.31, 8375.17>) as driver
01:08:32.481 [VehicleLeave] Player "Dan" (id=J3DN6WXzRjVAt4j_gUAEgL4v34hqtXpOtTWQ5nCMCS0=) left vehicle Gunter 2 (id=509ACCA49543877D1C43A68CFCA4AB25 pos=<6555.61, 205.31, 8375.17>)
01:16:08.357 [Party] Player "Aubrayy" (id=3nfLfaH0DP7C-C6P6ySaTc_mOV4jYcS69GUgLeQrNAc=) left the party "SwordWives" (id=6 ownerUID=3nfLfaH0DP7C-C6P6ySaTc_mOV4jYcS69GUgLeQrNAc= ownerName=Aubrayy)
01:18:55.253 [AI Object Patrol 00139] Despawning 2 East bots (spawn position <7254.344727, 215.418808, 7734.530762>, 0/2 deceased)
01:18:55.263 [AI Object Patrol 00139] Global patrol count: 0
01:18:55.273 [AI Object Patrol 00139] HelicopterWreck category patrol count: 0
02:11:23.910 [MissionAirdrop] An airdrop is heading towards "Dolnik" (pos=<11491.000000, 0.000000, 763.000000> type=Random_Dolnik) with a ExpansionAirdropContainer_Military
02:35:52.846 [Party] Player "PoiiZoner3" (id=cZC_vl4onJwtCEZaOtA89yPcwyGnN7Qy01WI28TQhbU=) joined the party "Dragon Shadowed" (id=4 ownerUID=cZC_vl4onJwtCEZaOtA89yPcwyGnN7Qy01WI28TQhbU= ownerName=PoiiZoner3)
02:36:30.708 [VehicleEnter] Player "PoiiZoner3" (id=cZC_vl4onJwtCEZaOtA89yPcwyGnN7Qy01WI28TQhbU=) entered vehicle UH-1H (id=81F79584E1468E326FDD019A29A500E3 pos=<6495.09, 392.78, 3802.3>) as pilot
02:36:32.664 [VehicleEngine] Player "PoiiZoner3" (id=cZC_vl4onJwtCEZaOtA89yPcwyGnN7Qy01WI28TQhbU=) started vehicle UH-1H (id=81F79584E1468E326FDD019A29A500E3 pos=<6495.09, 392.78, 3802.32>)
02:37:24.105 [AI Object Patrol 00144] Spawning 1 West bots at <7506.932129, 287.127319, 2544.063721>
02:37:24.139 [AI Object Patrol 00144] Global patrol count: 1
02:37:24.149 [AI Object Patrol 00144] ContaminatedArea category patrol count: 1
02:37:52.970 [AI Object Patrol 00150] Spawning 2 West bots at <8884.996094, 470.312164, 2085.369385>
02:37:52.999 [AI Object Patrol 00150] Global patrol count: 2
02:37:53.009 [AI Object Patrol 00150] ContaminatedArea category patrol count: 2
02:40:10.313 [VehicleEngine] Player "PoiiZoner3" (id=cZC_vl4onJwtCEZaOtA89yPcwyGnN7Qy01WI28TQhbU=) stopped vehicle UH-1H (id=81F79584E1468E326FDD019A29A500E3 pos=<11508.3, 265.06, 761.6>)
02:40:17.690 [VehicleLeave] Player "PoiiZoner3" (id=cZC_vl4onJwtCEZaOtA89yPcwyGnN7Qy01WI28TQhbU=) left vehicle UH-1H (id=81F79584E1468E326FDD019A29A500E3 pos=<11507.1, 260.75, 760.42>)
02:41:14.407 [AI Object Patrol 00144] Despawning 1 West bots (spawn position <7506.932129, 287.127319, 2544.063721>, 0/1 deceased)
02:41:14.421 [AI Object Patrol 00144] Global patrol count: 1
02:41:14.432 [AI Object Patrol 00144] ContaminatedArea category patrol count: 1
02:46:35.716 [VehicleEnter] Player "PoiiZoner3" (id=cZC_vl4onJwtCEZaOtA89yPcwyGnN7Qy01WI28TQhbU=) entered vehicle UH-1H (id=81F79584E1468E326FDD019A29A500E3 pos=<11507.2, 260.69, 760.28>) as pilot
02:46:41.824 [VehicleEngine] Player "PoiiZoner3" (id=cZC_vl4onJwtCEZaOtA89yPcwyGnN7Qy01WI28TQhbU=) started vehicle UH-1H (id=81F79584E1468E326FDD019A29A500E3 pos=<11507.2, 260.69, 760.23>)
02:49:15.009 [AI Object Patrol 00150] Despawning 2 West bots (spawn position <8884.996094, 470.312164, 2085.369385>, 0/2 deceased)
02:49:15.019 [AI Object Patrol 00150] Global patrol count: 0
02:49:15.028 [AI Object Patrol 00150] ContaminatedArea category patrol count: 0
02:49:28.034 [AI Object Patrol 00153] Spawning 3 West bots at <5129.379883, 508.604645, 2078.265381>
02:49:28.077 [AI Object Patrol 00153] Global patrol count: 1
02:49:28.088 [AI Object Patrol 00153] ContaminatedArea category patrol count: 1
02:50:58.466 [VehicleEngine] Player "PoiiZoner3" (id=cZC_vl4onJwtCEZaOtA89yPcwyGnN7Qy01WI28TQhbU=) stopped vehicle UH-1H (id=81F79584E1468E326FDD019A29A500E3 pos=<4934.97, 524.38, 2145.87>)
02:51:08.010 [VehicleLeave] Player "PoiiZoner3" (id=cZC_vl4onJwtCEZaOtA89yPcwyGnN7Qy01WI28TQhbU=) left vehicle UH-1H (id=81F79584E1468E326FDD019A29A500E3 pos=<4934.59, 524.33, 2145.71>)
02:58:02.437 [Killfeed] AI Cyril (West) got killed by [Drago] PoiiZoner3 with SNAFU Scar-H BK from a distance of 46 m.
03:07:15.721 [VehicleEnter] Player "PoiiZoner3" (id=cZC_vl4onJwtCEZaOtA89yPcwyGnN7Qy01WI28TQhbU=) entered vehicle UH-1H (id=81F79584E1468E326FDD019A29A500E3 pos=<4934.59, 524.33, 2145.9>) as pilot
03:07:30.999 [VehicleEngine] Player "PoiiZoner3" (id=cZC_vl4onJwtCEZaOtA89yPcwyGnN7Qy01WI28TQhbU=) started vehicle UH-1H (id=81F79584E1468E326FDD019A29A500E3 pos=<4934.6, 524.34, 2146.05>)
03:08:50.085 [AI Object Patrol 00156] Spawning 1 West bots at <6879.863281, 377.683594, 4173.199707>
03:08:50.118 [AI Object Patrol 00156] Global patrol count: 2
03:08:50.128 [AI Object Patrol 00156] HelicopterWreck category patrol count: 1
03:09:34.283 [VehicleEngine] Player "PoiiZoner3" (id=cZC_vl4onJwtCEZaOtA89yPcwyGnN7Qy01WI28TQhbU=) stopped vehicle UH-1H (id=81F79584E1468E326FDD019A29A500E3 pos=<6494.97, 398.9, 3798.2>)
03:09:40.911 [VehicleLeave] Player "PoiiZoner3" (id=cZC_vl4onJwtCEZaOtA89yPcwyGnN7Qy01WI28TQhbU=) left vehicle UH-1H (id=81F79584E1468E326FDD019A29A500E3 pos=<6495.08, 392.78, 3798.47>)
03:12:45.211 [Party] Player "PoiiZoner3" (id=cZC_vl4onJwtCEZaOtA89yPcwyGnN7Qy01WI28TQhbU=) left the party "Dragon Shadowed" (id=4 ownerUID=cZC_vl4onJwtCEZaOtA89yPcwyGnN7Qy01WI28TQhbU= ownerName=PoiiZoner3)
03:13:19.410 [AI Object Patrol 00153] Despawning 2 West bots (spawn position <5129.379883, 508.604645, 2078.265381>, 1/3 deceased)
03:13:19.421 [AI Object Patrol 00153] Global patrol count: 1
03:13:19.431 [AI Object Patrol 00153] ContaminatedArea category patrol count: 0
03:22:40.817 [AI Object Patrol 00156] Despawning 1 West bots (spawn position <6879.863281, 377.683594, 4173.199707>, 0/1 deceased)
03:22:40.828 [AI Object Patrol 00156] Global patrol count: 0
03:22:40.839 [AI Object Patrol 00156] HelicopterWreck category patrol count: 0
03:28:20.957 [Party] Player "PoiiZoner3" (id=cZC_vl4onJwtCEZaOtA89yPcwyGnN7Qy01WI28TQhbU=) joined the party "Dragon Shadowed" (id=4 ownerUID=cZC_vl4onJwtCEZaOtA89yPcwyGnN7Qy01WI28TQhbU= ownerName=PoiiZoner3)
03:47:56.850 [MissionAirdrop] An airdrop is heading towards "Nadbor" (pos=<5996.000000, 0.000000, 4513.000000> type=Random_Nadbor) with a ExpansionAirdropContainer_Medical
03:59:42.039 [Party] Player "PoiiZoner3" (id=cZC_vl4onJwtCEZaOtA89yPcwyGnN7Qy01WI28TQhbU=) left the party "Dragon Shadowed" (id=4 ownerUID=cZC_vl4onJwtCEZaOtA89yPcwyGnN7Qy01WI28TQhbU= ownerName=PoiiZoner3)
05:14:52.347 [MissionAirdrop] An airdrop is heading towards "Nadbor" (pos=<5996.000000, 0.000000, 4513.000000> type=Random_Nadbor) with a ExpansionAirdropContainer_Medical
