00:27:41.026 [AI Patrol 00017] Spawning 2 West bots at <7466.974609, 324.264008, 2661.364014>
00:27:48.592 [AI Patrol 00017] Global patrol count: 1
00:27:48.602 [AI Patrol 00017] Patrol category patrol count: 1
00:27:48.612 [AI Patrol 00016] Spawning 1 East bots at <7369.699219, 287.040009, 2608.118896>
00:27:48.645 [AI Patrol 00016] Global patrol count: 2
00:27:48.655 [AI Patrol 00016] Patrol category patrol count: 2
00:31:20.244 [AI Patrol 00016] East bots were wiped out (spawn position <7369.699219, 287.040009, 2608.118896>, 1/1 deceased)
00:31:20.254 [AI Patrol 00016] Global patrol count: 1
00:31:20.267 [AI Patrol 00016] Patrol category patrol count: 1
00:49:11.792 [BaseBuildingRaiding] ------------------------- Expansion Base Raiding Damage Report -------------------------
00:49:11.803 [BaseBuildingRaiding] Player "Survivor" (id=0nsyEhm9INQy3se8y-fXlbMHVv4YsIXloUCLC2unDyo= pos=<8336.4, 334.71, 1644.22>) damaged ExpansionWall6x3 at <8336.47, 334.46, 1645.77>
00:49:11.813 [BaseBuildingRaiding] They dealt 70 * 1 = 70 damage with Bullet_556x45 from AK101
00:49:11.822 [BaseBuildingRaiding] GlobalHealth hitpoints decreased from 29937 to 29867
00:49:11.833 [BaseBuildingRaiding] ----------------------------------------------------------------------------------------
00:49:14.943 [BaseBuildingRaiding] ------------------------- Expansion Base Raiding Damage Report -------------------------
00:49:14.953 [BaseBuildingRaiding] Player "Guo" (id= pos=<8350.32, 320.35, 1680.73>) damaged Fence at <8337.49, 334.75, 1640.99>
00:49:14.963 [BaseBuildingRaiding] They dealt 160 * 1 = 160 damage with Bullet_762x54 from SVD
00:49:14.973 [BaseBuildingRaiding] Wall_Metal_Down hitpoints decreased from 21000 to 20840
00:49:14.984 [BaseBuildingRaiding] ----------------------------------------------------------------------------------------
01:05:32.980 [AI Patrol 00017] Despawning 2 West bots (spawn position <7466.974609, 324.264008, 2661.364014>, 0/2 deceased)
01:05:32.990 [AI Patrol 00017] Global patrol count: 0
01:05:33.000 [AI Patrol 00017] Patrol category patrol count: 0
10:53:31.228 [AI Patrol 00018] Spawning 1 Civilian bots at <6695.126953, 317.720703, 3283.000732>
10:53:31.259 [AI Patrol 00018] Global patrol count: 1
10:53:31.269 [AI Patrol 00018] Patrol category patrol count: 1
11:04:29.759 [Chat - Global]("mastershake8202"(id=S7Mep41EuywioaSmPU2U44geAPYz4HQq2piBvNNnI2U=)): thank you
11:09:34.751 [AI Patrol 00018] Despawning 1 Civilian bots (spawn position <6695.126953, 317.720703, 3283.000732>, 0/1 deceased)
11:09:34.761 [AI Patrol 00018] Global patrol count: 0
11:09:34.771 [AI Patrol 00018] Patrol category patrol count: 0
13:54:03.608 [VehicleDestroyed] Boat_01_Orange (id=42E04DB0AA4B98982035208105A26064 pos=<7925.85, 169.8, 11879>)
14:00:31.602 [VehicleDeleted] Boat_01_Orange (id=42E04DB0AA4B98982035208105A26064 pos=<7925.76, 168.87, 11879.1>)
14:46:01.695 [SpawnSelection] Player "PoiiZoner3" (id=cZC_vl4onJwtCEZaOtA89yPcwyGnN7Qy01WI28TQhbU=) spawned at <1913.430054, 194.949005, 7445.359863>
14:47:44.100 [Chat - Global]("PoiiZoner3"(id=cZC_vl4onJwtCEZaOtA89yPcwyGnN7Qy01WI28TQhbU=)): /ping
14:49:58.760 [SpawnSelection] Player "PoiiZoner3" (id=cZC_vl4onJwtCEZaOtA89yPcwyGnN7Qy01WI28TQhbU=) spawned at <6426.084473, 201.526901, 11602.169922>
15:56:09.740 [Chat - Global]("Mr. Blue"(id=Lw52hZyZO7pZP21eLhjYCVUz5rrRVAodhUgchUxGS8A=)): Yo yo
15:56:20.145 [Chat - Global]("PoiiZoner3"(id=cZC_vl4onJwtCEZaOtA89yPcwyGnN7Qy01WI28TQhbU=)): Hey
15:56:39.711 [Chat - Global]("Mr. Blue"(id=Lw52hZyZO7pZP21eLhjYCVUz5rrRVAodhUgchUxGS8A=)): Do you know what mod is on here for being hurt? I can't figure this out
15:57:04.665 [Chat - Global]("PoiiZoner3"(id=cZC_vl4onJwtCEZaOtA89yPcwyGnN7Qy01WI28TQhbU=)): No idea, I'm new to PC DayZ in general and don't know exactly what mods do what
15:57:34.830 [Chat - Global]("Mr. Blue"(id=Lw52hZyZO7pZP21eLhjYCVUz5rrRVAodhUgchUxGS8A=)): Gotcha. Mods add all sorts of things. He has AI on here that will try to kill you which is a mod. 
15:57:47.784 [Chat - Global]("Mr. Blue"(id=Lw52hZyZO7pZP21eLhjYCVUz5rrRVAodhUgchUxGS8A=)): Several gun mods
15:58:20.701 [Chat - Global]("PoiiZoner3"(id=cZC_vl4onJwtCEZaOtA89yPcwyGnN7Qy01WI28TQhbU=)): Way ahead of you, I spawned in Topolin to see what the danger meant and was stuck in the shed I spawned in and an AI walked in and fixed my problem lmao
15:58:43.231 [Chat - Global]("PoiiZoner3"(id=cZC_vl4onJwtCEZaOtA89yPcwyGnN7Qy01WI28TQhbU=)): But I mainly meant I didn't even read the mod list
15:59:18.132 [Chat - Global]("Mr. Blue"(id=Lw52hZyZO7pZP21eLhjYCVUz5rrRVAodhUgchUxGS8A=)): Gotcha.  I might have him remove this mod that changes the default damage being sick etc.  
15:59:38.111 [Chat - Global]("Mr. Blue"(id=Lw52hZyZO7pZP21eLhjYCVUz5rrRVAodhUgchUxGS8A=)): Not sure how it works. I have a broken arm and got shot fighting AI at a heli last night
15:59:47.692 [Chat - Global]("PoiiZoner3"(id=cZC_vl4onJwtCEZaOtA89yPcwyGnN7Qy01WI28TQhbU=)): I saved the guy's reddit post where he said the server name a while back for when I did finally get DayZ on PC
16:00:11.783 [Chat - Global]("Mr. Blue"(id=Lw52hZyZO7pZP21eLhjYCVUz5rrRVAodhUgchUxGS8A=)): Yea him and I have played some together. We talk quite a bit on Reddit
16:01:18.630 [Chat - Global]("Mr. Blue"(id=Lw52hZyZO7pZP21eLhjYCVUz5rrRVAodhUgchUxGS8A=)): One thing to note. If you hear a plane flying around he has Airborne AI on here. They are looking for you
16:01:31.089 [Chat - Global]("Mr. Blue"(id=Lw52hZyZO7pZP21eLhjYCVUz5rrRVAodhUgchUxGS8A=)): If you get spotted like 6 AI parachute down and try to kill you
16:01:36.656 [Chat - Global]("PoiiZoner3"(id=cZC_vl4onJwtCEZaOtA89yPcwyGnN7Qy01WI28TQhbU=)): That's fucked lol
16:02:00.529 [Chat - Global]("Mr. Blue"(id=Lw52hZyZO7pZP21eLhjYCVUz5rrRVAodhUgchUxGS8A=)): Happened to me. It was fun. But I was really geared
16:02:10.074 [Chat - Global]("Mr. Blue"(id=Lw52hZyZO7pZP21eLhjYCVUz5rrRVAodhUgchUxGS8A=)): Ungeared and your screwed
16:02:38.010 [Chat - Global]("PoiiZoner3"(id=cZC_vl4onJwtCEZaOtA89yPcwyGnN7Qy01WI28TQhbU=)): At least I got lucky at the Brena Mili tent, got a MK12 with a scope and a mag
16:02:59.526 [Chat - Global]("Mr. Blue"(id=Lw52hZyZO7pZP21eLhjYCVUz5rrRVAodhUgchUxGS8A=)): If you hear a heli it is me. I got to find a hospital. Nice find!
16:03:48.307 [Chat - Global]("PoiiZoner3"(id=cZC_vl4onJwtCEZaOtA89yPcwyGnN7Qy01WI28TQhbU=)): Also had a stockless M200, an AX50, and another gun I forgot the name of that was .338
16:04:07.694 [Chat - Global]("PoiiZoner3"(id=cZC_vl4onJwtCEZaOtA89yPcwyGnN7Qy01WI28TQhbU=)): ALL of them had suppressors
16:05:29.339 [VehicleEnter] Player "Mr. Blue" (id=Lw52hZyZO7pZP21eLhjYCVUz5rrRVAodhUgchUxGS8A=) entered vehicle Gyrocopter (id=6E84FF65E84850C42793EBBBEF7D8F7C pos=<10343.6, 223.98, 5904.4>) as pilot
16:05:30.976 [VehicleEngine] Player "Mr. Blue" (id=Lw52hZyZO7pZP21eLhjYCVUz5rrRVAodhUgchUxGS8A=) started vehicle Gyrocopter (id=6E84FF65E84850C42793EBBBEF7D8F7C pos=<10343.6, 223.98, 5904.4>)
16:08:21.942 [VehicleEngine] Player "Mr. Blue" (id=Lw52hZyZO7pZP21eLhjYCVUz5rrRVAodhUgchUxGS8A=) stopped vehicle Gyrocopter (id=6E84FF65E84850C42793EBBBEF7D8F7C pos=<11284.2, 185.63, 9551.4>)
16:08:26.769 [VehicleLeave] Player "Mr. Blue" (id=Lw52hZyZO7pZP21eLhjYCVUz5rrRVAodhUgchUxGS8A=) left vehicle Gyrocopter (id=6E84FF65E84850C42793EBBBEF7D8F7C pos=<11284.3, 185.18, 9551.29>)
16:11:25.538 [VehicleEnter] Player "Mr. Blue" (id=Lw52hZyZO7pZP21eLhjYCVUz5rrRVAodhUgchUxGS8A=) entered vehicle Gyrocopter (id=6E84FF65E84850C42793EBBBEF7D8F7C pos=<11284.3, 185.18, 9551.29>) as pilot
16:11:27.284 [VehicleEngine] Player "Mr. Blue" (id=Lw52hZyZO7pZP21eLhjYCVUz5rrRVAodhUgchUxGS8A=) started vehicle Gyrocopter (id=6E84FF65E84850C42793EBBBEF7D8F7C pos=<11284.3, 185.18, 9551.29>)
16:13:03.632 [AI Patrol 00019] Spawning 2 East bots at <9225.772461, 201.109406, 10881.727539>
16:13:03.667 [AI Patrol 00019] Global patrol count: 1
16:13:03.685 [AI Patrol 00019] Patrol category patrol count: 1
16:14:00.956 [AI Object Patrol 00079] Spawning 1 West bots at <8168.785156, 212.128021, 10825.801758>
16:14:00.986 [AI Object Patrol 00079] Global patrol count: 2
16:14:00.996 [AI Object Patrol 00079] ContaminatedArea category patrol count: 1
16:14:11.952 [Chat - Global]("Mr. Blue"(id=Lw52hZyZO7pZP21eLhjYCVUz5rrRVAodhUgchUxGS8A=)): AI was just shooting at me lol
16:15:14.986 [VehicleEngine] Player "NULL" (id=NULL) stopped vehicle Gyrocopter (id=6E84FF65E84850C42793EBBBEF7D8F7C pos=<6743.98, 175.61, 11179.1>)
16:15:15.005 [VehicleLeave] Player "Mr. Blue" (id=Lw52hZyZO7pZP21eLhjYCVUz5rrRVAodhUgchUxGS8A=) left vehicle Gyrocopter (id=6E84FF65E84850C42793EBBBEF7D8F7C pos=<6743.98, 175.61, 11179.1>)
16:18:53.393 [VehicleEnter] Player "Mr. Blue" (id=Lw52hZyZO7pZP21eLhjYCVUz5rrRVAodhUgchUxGS8A=) entered vehicle Gyrocopter (id=6E84FF65E84850C42793EBBBEF7D8F7C pos=<6744, 175.61, 11179>) as pilot
16:19:10.417 [VehicleEngine] Player "Mr. Blue" (id=Lw52hZyZO7pZP21eLhjYCVUz5rrRVAodhUgchUxGS8A=) started vehicle Gyrocopter (id=6E84FF65E84850C42793EBBBEF7D8F7C pos=<6744.01, 175.61, 11179>)
16:20:23.010 [Chat - Global]("PoiiZoner3"(id=cZC_vl4onJwtCEZaOtA89yPcwyGnN7Qy01WI28TQhbU=)): You find a hospital?
16:20:24.224 [AI Object Patrol 00013] Spawning 1 West bots at <4281.506836, 240.192230, 10378.983398>
16:20:24.261 [AI Object Patrol 00013] Global patrol count: 3
16:20:24.270 [AI Object Patrol 00013] ContaminatedArea category patrol count: 2
16:23:53.064 [AI Patrol 00019] Despawning 2 East bots (spawn position <9225.772461, 201.109406, 10881.727539>, 0/2 deceased)
16:23:53.073 [AI Patrol 00019] Global patrol count: 2
16:23:53.083 [AI Patrol 00019] Patrol category patrol count: 0
16:24:38.398 [AI Object Patrol 00079] Despawning 1 West bots (spawn position <8168.785156, 212.128021, 10825.801758>, 0/1 deceased)
16:24:38.409 [AI Object Patrol 00079] Global patrol count: 1
16:24:38.419 [AI Object Patrol 00079] ContaminatedArea category patrol count: 1
16:25:17.245 [Chat - Global]("Mr. Blue"(id=Lw52hZyZO7pZP21eLhjYCVUz5rrRVAodhUgchUxGS8A=)): Yea, not able to heal
16:25:40.949 [Chat - Global]("Mr. Blue"(id=Lw52hZyZO7pZP21eLhjYCVUz5rrRVAodhUgchUxGS8A=)): I have to find Morphine. I am going to get him to remove the Inidea pain mod
16:25:50.958 [AI Object Patrol 00087] Spawning 3 West bots at <4391.857910, 318.212921, 6817.750488>
16:25:50.995 [AI Object Patrol 00087] Global patrol count: 2
16:25:51.005 [AI Object Patrol 00087] ContaminatedArea category patrol count: 2
16:25:51.230 [Chat - Global]("Mr. Blue"(id=Lw52hZyZO7pZP21eLhjYCVUz5rrRVAodhUgchUxGS8A=)): No way to heal without it
16:25:53.525 [AI Object Patrol 00082] Spawning 2 East bots at <4617.854492, 333.782379, 6971.244141>
16:25:53.550 [AI Object Patrol 00082] Global patrol count: 3
16:25:53.593 [AI Object Patrol 00082] HelicopterWreck category patrol count: 1
16:26:10.252 [Chat - Global]("Mr. Blue"(id=Lw52hZyZO7pZP21eLhjYCVUz5rrRVAodhUgchUxGS8A=)): I got a bullet stuck in me with no way to get it out
16:26:48.565 [Chat - Global]("PoiiZoner3"(id=cZC_vl4onJwtCEZaOtA89yPcwyGnN7Qy01WI28TQhbU=)): Eh, haven't had to deal with much besides temporary pain from zombie smacks but at least it gives morphine a good use instead of "Oh yeah we still have that in game, huh?"
16:26:58.485 [Chat - Global]("Survivor"(id=0nsyEhm9INQy3se8y-fXlbMHVv4YsIXloUCLC2unDyo=)): ayooo
16:27:05.373 [AI Object Patrol 00082] East bots were wiped out (spawn position <4617.854492, 333.782379, 6971.244141>, 2/2 deceased)
16:27:05.384 [AI Object Patrol 00082] Global patrol count: 2
16:27:05.397 [AI Object Patrol 00082] HelicopterWreck category patrol count: 0
16:27:08.334 [Chat - Global]("Mr. Blue"(id=Lw52hZyZO7pZP21eLhjYCVUz5rrRVAodhUgchUxGS8A=)): Yo, is that you Snake?
16:27:26.784 [Chat - Global]("Survivor"(id=0nsyEhm9INQy3se8y-fXlbMHVv4YsIXloUCLC2unDyo=)): yessir! hello fellas
16:27:40.532 [AI Object Patrol 00082] Despawning 0 East bots (spawn position <4624.077637, 333.673584, 6962.675293>, 2/2 deceased)
16:27:54.354 [Chat - Global]("Mr. Blue"(id=Lw52hZyZO7pZP21eLhjYCVUz5rrRVAodhUgchUxGS8A=)): Indiea pain mod is a pain in the ass.  I'm currently not able to heal a bullet wound man. Any way we can remove that mod?
16:28:33.601 [Chat - Global]("Survivor"(id=0nsyEhm9INQy3se8y-fXlbMHVv4YsIXloUCLC2unDyo=)): yeah
16:29:38.606 [Chat - Global]("Mr. Blue"(id=Lw52hZyZO7pZP21eLhjYCVUz5rrRVAodhUgchUxGS8A=)): I just hit up two hospitals 
16:29:54.235 [Chat - Global]("Mr. Blue"(id=Lw52hZyZO7pZP21eLhjYCVUz5rrRVAodhUgchUxGS8A=)): Nothing.The third has AI surrounding it
16:29:57.345 [Chat - Global]("Survivor"(id=0nsyEhm9INQy3se8y-fXlbMHVv4YsIXloUCLC2unDyo=)): you cool with a restart?
16:30:01.651 [Chat - Global]("Mr. Blue"(id=Lw52hZyZO7pZP21eLhjYCVUz5rrRVAodhUgchUxGS8A=)): let me land
16:30:10.322 [Chat - Global]("Survivor"(id=0nsyEhm9INQy3se8y-fXlbMHVv4YsIXloUCLC2unDyo=)): no rush
16:31:30.546 [AI Object Patrol 00013] Despawning 1 West bots (spawn position <4281.506836, 240.192230, 10378.983398>, 0/1 deceased)
16:31:30.556 [AI Object Patrol 00013] Global patrol count: 1
16:31:30.566 [AI Object Patrol 00013] ContaminatedArea category patrol count: 1
16:32:14.675 [Chat - Global]("Survivor"(id=0nsyEhm9INQy3se8y-fXlbMHVv4YsIXloUCLC2unDyo=)): y
16:32:17.410 [VehicleEngine] Player "Mr. Blue" (id=Lw52hZyZO7pZP21eLhjYCVUz5rrRVAodhUgchUxGS8A=) stopped vehicle Gyrocopter (id=6E84FF65E84850C42793EBBBEF7D8F7C pos=<10340.8, 224.23, 5905.57>)
16:32:22.002 [VehicleLeave] Player "Mr. Blue" (id=Lw52hZyZO7pZP21eLhjYCVUz5rrRVAodhUgchUxGS8A=) left vehicle Gyrocopter (id=6E84FF65E84850C42793EBBBEF7D8F7C pos=<10341, 224.02, 5905.51>)
16:32:39.679 [Chat - Global]("Mr. Blue"(id=Lw52hZyZO7pZP21eLhjYCVUz5rrRVAodhUgchUxGS8A=)): I'm good for a restart. Other guy on here is a new player learning
16:33:01.330 [Chat - Global]("Survivor"(id=0nsyEhm9INQy3se8y-fXlbMHVv4YsIXloUCLC2unDyo=)): welcome
16:33:25.076 [Chat - Global]("PoiiZoner3"(id=cZC_vl4onJwtCEZaOtA89yPcwyGnN7Qy01WI28TQhbU=)): Just running around trying to get some military gear, I'm not new to DayZ overall, just PC and mods
16:35:08.036 [Chat - Global]("Survivor"(id=0nsyEhm9INQy3se8y-fXlbMHVv4YsIXloUCLC2unDyo=)): awesome yeah mods are cool
16:35:12.259 [Chat - Global]("Mr. Blue"(id=Lw52hZyZO7pZP21eLhjYCVUz5rrRVAodhUgchUxGS8A=)): This indiea pain mod. Basically if you get shot you get a bullet stuck in you. You have to find morphine to potentially remove it. You might as well die and run back 
16:35:33.199 [Chat - Global]("Survivor"(id=0nsyEhm9INQy3se8y-fXlbMHVv4YsIXloUCLC2unDyo=)): yeah its harsh
16:35:33.659 [Chat - Global]("Mr. Blue"(id=Lw52hZyZO7pZP21eLhjYCVUz5rrRVAodhUgchUxGS8A=)): It makes Dayz which is already hard somewhat unplayable
16:36:06.753 [Chat - Global]("PoiiZoner3"(id=cZC_vl4onJwtCEZaOtA89yPcwyGnN7Qy01WI28TQhbU=)): I assume then you'll need like pliers or something to actually get it out?
16:36:21.263 [Chat - Global]("Survivor"(id=0nsyEhm9INQy3se8y-fXlbMHVv4YsIXloUCLC2unDyo=)): its a whole system
16:36:36.046 [AI Object Patrol 00087] Despawning 3 West bots (spawn position <4391.857910, 318.212921, 6817.750488>, 0/3 deceased)
16:36:36.056 [AI Object Patrol 00087] Global patrol count: 0
16:36:36.066 [AI Object Patrol 00087] ContaminatedArea category patrol count: 0
16:36:42.576 [Chat - Global]("Survivor"(id=0nsyEhm9INQy3se8y-fXlbMHVv4YsIXloUCLC2unDyo=)): pain killers then surgery kit 
16:36:51.099 [Chat - Global]("Survivor"(id=0nsyEhm9INQy3se8y-fXlbMHVv4YsIXloUCLC2unDyo=)): hqrd to find
16:37:10.910 [Chat - Global]("PoiiZoner3"(id=cZC_vl4onJwtCEZaOtA89yPcwyGnN7Qy01WI28TQhbU=)): No makeshift alternative like a knife and a sewing kit?
16:37:24.869 [Chat - Global]("Survivor"(id=0nsyEhm9INQy3se8y-fXlbMHVv4YsIXloUCLC2unDyo=)): i think there might be but not sure
16:37:48.806 [Chat - Global]("Survivor"(id=0nsyEhm9INQy3se8y-fXlbMHVv4YsIXloUCLC2unDyo=)): gor nlw lets take off
16:38:03.502 [Chat - Global]("Survivor"(id=0nsyEhm9INQy3se8y-fXlbMHVv4YsIXloUCLC2unDyo=)): for now*
16:38:19.156 [Chat - Global]("Survivor"(id=0nsyEhm9INQy3se8y-fXlbMHVv4YsIXloUCLC2unDyo=)): wll remkve next resgart
16:38:38.416 [Chat - Global]("Mr. Blue"(id=Lw52hZyZO7pZP21eLhjYCVUz5rrRVAodhUgchUxGS8A=)): You mind force restarting it?
16:42:51.691 [Chat - Global]("Survivor"(id=0nsyEhm9INQy3se8y-fXlbMHVv4YsIXloUCLC2unDyo=)): sure i will now, i left  ecicine
