02:29:33.356 [SpawnSelection] Player "Survivor" (id=0nsyEhm9INQy3se8y-fXlbMHVv4YsIXloUCLC2unDyo=) spawned at <10292.000000, 242.520004, 2128.919922>
02:29:33.376 [AI Object Patrol 00001] Spawning 3 East bots at <11084.916016, 345.388977, 2123.666504>
02:29:42.425 [AI Object Patrol 00001] Global patrol count: 1
02:29:42.435 [AI Object Patrol 00001] HelicopterWreck category patrol count: 1
02:31:00.166 [AI Patrol 00016] Spawning 2 West bots at <7522.560547, 288.779968, 2592.066895>
02:31:00.248 [AI Patrol 00016] Global patrol count: 2
02:31:00.258 [AI Patrol 00016] Patrol category patrol count: 1
02:31:00.269 [AI Patrol 00015] Spawning 3 East bots at <7546.016602, 289.170013, 2582.592529>
02:31:00.309 [AI Patrol 00015] Global patrol count: 3
02:31:00.319 [AI Patrol 00015] Patrol category patrol count: 2
02:31:47.469 [AI Patrol 00016] West bots were wiped out (spawn position <7522.560547, 288.779968, 2592.066895>, 2/2 deceased)
02:31:47.479 [AI Patrol 00016] Global patrol count: 2
02:31:47.488 [AI Patrol 00016] Patrol category patrol count: 1
02:40:57.380 [AI Object Patrol 00001] Despawning 3 East bots (spawn position <11084.916016, 345.388977, 2123.666504>, 0/3 deceased)
02:40:57.390 [AI Object Patrol 00001] Global patrol count: 1
02:40:57.400 [AI Object Patrol 00001] HelicopterWreck category patrol count: 0
03:01:17.568 [AI Patrol 00015] Despawning 2 East bots (spawn position <7546.016602, 289.170013, 2582.592529>, 1/3 deceased)
03:01:17.580 [AI Patrol 00015] Global patrol count: 0
03:01:17.590 [AI Patrol 00015] Patrol category patrol count: 0
04:19:09.932 [SpawnSelection] Player "Bad Boy" (id=7EOOpe6Cv8QB45p22zWB29TPheQCYualmurDzSA3CR0=) spawned at <3092.719971, 234.136002, 6779.060059>
05:24:25.289 [AI Object Patrol 00041] Spawning 2 East bots at <10760.928711, 313.899994, 5040.975586>
05:24:25.326 [AI Object Patrol 00041] Global patrol count: 1
05:24:25.337 [AI Object Patrol 00041] HelicopterWreck category patrol count: 1
05:43:21.401 [AI Object Patrol 00041] Despawning 2 East bots (spawn position <10760.928711, 313.899994, 5040.975586>, 0/2 deceased)
05:43:21.411 [AI Object Patrol 00041] Global patrol count: 0
05:43:21.421 [AI Object Patrol 00041] HelicopterWreck category patrol count: 0
05:58:55.655 [VehicleEnter] Player "Dan" (id=J3DN6WXzRjVAt4j_gUAEgL4v34hqtXpOtTWQ5nCMCS0=) entered vehicle M3S Covered (id=E5D5C649EF4B8542E52332840E8CE58A pos=<3045.41, 250.53, 7052.82>) as driver
05:58:57.463 [VehicleEngine] Player "Dan" (id=J3DN6WXzRjVAt4j_gUAEgL4v34hqtXpOtTWQ5nCMCS0=) started vehicle M3S Covered (id=E5D5C649EF4B8542E52332840E8CE58A pos=<3045.41, 250.53, 7052.81>)
06:05:07.699 [VehicleLeave] Player "Dan" (id=J3DN6WXzRjVAt4j_gUAEgL4v34hqtXpOtTWQ5nCMCS0=) left vehicle M3S Covered (id=E5D5C649EF4B8542E52332840E8CE58A pos=<3914.67, 199.19, 8287.22>)
06:06:16.537 [VehicleEnter] Player "Dan" (id=J3DN6WXzRjVAt4j_gUAEgL4v34hqtXpOtTWQ5nCMCS0=) entered vehicle M3S Covered (id=E5D5C649EF4B8542E52332840E8CE58A pos=<3914.67, 199.19, 8287.22>) as driver
06:15:26.207 [VehicleEngine] Player "NULL" (id=NULL) stopped vehicle M3S Covered (id=E5D5C649EF4B8542E52332840E8CE58A pos=<4420.12, 316.14, 6698.59>)
06:15:26.701 [VehicleLeave] Player "Dan" (id=J3DN6WXzRjVAt4j_gUAEgL4v34hqtXpOtTWQ5nCMCS0=) left vehicle M3S Covered (id=E5D5C649EF4B8542E52332840E8CE58A pos=<4420.12, 316.14, 6698.59>)
06:17:23.211 [VehicleEnter] Player "Dan" (id=J3DN6WXzRjVAt4j_gUAEgL4v34hqtXpOtTWQ5nCMCS0=) entered vehicle M3S Covered (id=E5D5C649EF4B8542E52332840E8CE58A pos=<4420.12, 316.14, 6698.59>) as driver
06:17:29.407 [VehicleEngine] Player "Dan" (id=J3DN6WXzRjVAt4j_gUAEgL4v34hqtXpOtTWQ5nCMCS0=) started vehicle M3S Covered (id=E5D5C649EF4B8542E52332840E8CE58A pos=<4420.11, 316.14, 6698.6>)
06:19:26.642 [VehicleEngine] Player "Dan" (id=J3DN6WXzRjVAt4j_gUAEgL4v34hqtXpOtTWQ5nCMCS0=) stopped vehicle M3S Covered (id=E5D5C649EF4B8542E52332840E8CE58A pos=<4396.78, 316.39, 6702.94>)
06:19:34.041 [VehicleLeave] Player "Dan" (id=J3DN6WXzRjVAt4j_gUAEgL4v34hqtXpOtTWQ5nCMCS0=) left vehicle M3S Covered (id=E5D5C649EF4B8542E52332840E8CE58A pos=<4396.77, 316.39, 6702.95>)
06:32:36.907 [SpawnSelection] Player "Dan" (id=J3DN6WXzRjVAt4j_gUAEgL4v34hqtXpOtTWQ5nCMCS0=) spawned at <3096.280029, 234.132996, 6778.950195>
06:36:42.304 [AI Object Patrol 00057] Spawning 2 West bots at <2986.206055, 239.731918, 6840.982910>
06:36:42.347 [AI Object Patrol 00057] Global patrol count: 1
06:36:42.357 [AI Object Patrol 00057] ContaminatedArea category patrol count: 1
06:44:23.500 [AI Object Patrol 00057] Despawning 2 West bots (spawn position <2986.206055, 239.731918, 6840.982910>, 0/2 deceased)
06:44:23.510 [AI Object Patrol 00057] Global patrol count: 0
06:44:23.520 [AI Object Patrol 00057] ContaminatedArea category patrol count: 0
06:54:08.672 [SpawnSelection] Player "Dan" (id=J3DN6WXzRjVAt4j_gUAEgL4v34hqtXpOtTWQ5nCMCS0=) spawned at <3092.719971, 234.136002, 6779.060059>
06:56:41.528 [AI Object Patrol 00063] Spawning 2 West bots at <4371.124023, 316.641357, 6793.493164>
06:56:41.582 [AI Object Patrol 00063] Global patrol count: 1
06:56:41.591 [AI Object Patrol 00063] ContaminatedArea category patrol count: 1
07:00:39.192 [AI Object Patrol 00063] Despawning 2 West bots (spawn position <4371.124023, 316.641357, 6793.493164>, 0/2 deceased)
07:00:39.260 [AI Object Patrol 00063] Global patrol count: 0
07:00:39.324 [AI Object Patrol 00063] ContaminatedArea category patrol count: 0
07:15:59.226 [Chat - Global]("Dan"(id=J3DN6WXzRjVAt4j_gUAEgL4v34hqtXpOtTWQ5nCMCS0=)): HELLO
07:16:19.945 [Chat - Global]("Dan"(id=J3DN6WXzRjVAt4j_gUAEgL4v34hqtXpOtTWQ5nCMCS0=)): YES, I GOT GASED
07:16:28.088 [Chat - Global]("Dan"(id=J3DN6WXzRjVAt4j_gUAEgL4v34hqtXpOtTWQ5nCMCS0=)): sorry fot caps
07:16:34.377 [Chat - Global]("Dan"(id=J3DN6WXzRjVAt4j_gUAEgL4v34hqtXpOtTWQ5nCMCS0=)): check the truck
07:16:50.327 [Chat - Global]("Dan"(id=J3DN6WXzRjVAt4j_gUAEgL4v34hqtXpOtTWQ5nCMCS0=)): yes you can take
07:17:00.984 [Chat - Global]("Dan"(id=J3DN6WXzRjVAt4j_gUAEgL4v34hqtXpOtTWQ5nCMCS0=)): i am searching for a spot
07:17:15.736 [Chat - Global]("Dan"(id=J3DN6WXzRjVAt4j_gUAEgL4v34hqtXpOtTWQ5nCMCS0=)): i am Dan, what is your name?
07:17:50.514 [Chat - Global]("Dan"(id=J3DN6WXzRjVAt4j_gUAEgL4v34hqtXpOtTWQ5nCMCS0=)): yep
07:18:09.168 [Chat - Global]("Dan"(id=J3DN6WXzRjVAt4j_gUAEgL4v34hqtXpOtTWQ5nCMCS0=)): ido you want to take you somewhere?
07:19:00.820 [Chat - Global]("Dan"(id=J3DN6WXzRjVAt4j_gUAEgL4v34hqtXpOtTWQ5nCMCS0=)): no, i am new to that too
07:21:08.885 [Chat - Global]("Dan"(id=J3DN6WXzRjVAt4j_gUAEgL4v34hqtXpOtTWQ5nCMCS0=)): ok, see you arond
07:21:18.958 [Chat - Global]("Dan"(id=J3DN6WXzRjVAt4j_gUAEgL4v34hqtXpOtTWQ5nCMCS0=)): if i found a car will let you know
07:21:26.600 [VehicleEnter] Player "Dan" (id=J3DN6WXzRjVAt4j_gUAEgL4v34hqtXpOtTWQ5nCMCS0=) entered vehicle M3S Covered (id=E5D5C649EF4B8542E52332840E8CE58A pos=<4396.77, 316.39, 6702.96>) as driver
07:21:29.195 [VehicleEngine] Player "Dan" (id=J3DN6WXzRjVAt4j_gUAEgL4v34hqtXpOtTWQ5nCMCS0=) started vehicle M3S Covered (id=E5D5C649EF4B8542E52332840E8CE58A pos=<4396.77, 316.39, 6702.96>)
07:22:10.193 [VehicleEngine] Player "NULL" (id=NULL) stopped vehicle M3S Covered (id=E5D5C649EF4B8542E52332840E8CE58A pos=<4422.01, 316.14, 6698.96>)
07:22:10.653 [VehicleLeave] Player "Dan" (id=J3DN6WXzRjVAt4j_gUAEgL4v34hqtXpOtTWQ5nCMCS0=) left vehicle M3S Covered (id=E5D5C649EF4B8542E52332840E8CE58A pos=<4422.01, 316.14, 6698.96>)
07:22:11.863 [VehicleEnter] Player "Bad Boy" (id=7EOOpe6Cv8QB45p22zWB29TPheQCYualmurDzSA3CR0=) entered vehicle Gyrocopter (id=3ED00DAD7D4F183ED43B758A59CD7D03 pos=<4426.58, 317.25, 6684.39>) as pilot
07:22:14.552 [VehicleLeave] Player "Bad Boy" (id=7EOOpe6Cv8QB45p22zWB29TPheQCYualmurDzSA3CR0=) left vehicle Gyrocopter (id=3ED00DAD7D4F183ED43B758A59CD7D03 pos=<4426.58, 317.25, 6684.39>)
07:22:32.260 [VehicleEnter] Player "Dan" (id=J3DN6WXzRjVAt4j_gUAEgL4v34hqtXpOtTWQ5nCMCS0=) entered vehicle Gyrocopter (id=3ED00DAD7D4F183ED43B758A59CD7D03 pos=<4426.58, 317.25, 6684.39>) as pilot
07:22:37.962 [VehicleLeave] Player "Dan" (id=J3DN6WXzRjVAt4j_gUAEgL4v34hqtXpOtTWQ5nCMCS0=) left vehicle Gyrocopter (id=3ED00DAD7D4F183ED43B758A59CD7D03 pos=<4425.04, 317.14, 6684.24>)
07:23:25.497 [VehicleEnter] Player "Dan" (id=J3DN6WXzRjVAt4j_gUAEgL4v34hqtXpOtTWQ5nCMCS0=) entered vehicle Gyrocopter (id=3ED00DAD7D4F183ED43B758A59CD7D03 pos=<4423.92, 317.13, 6684.5>) as pilot
07:23:27.141 [VehicleEngine] Player "Dan" (id=J3DN6WXzRjVAt4j_gUAEgL4v34hqtXpOtTWQ5nCMCS0=) started vehicle Gyrocopter (id=3ED00DAD7D4F183ED43B758A59CD7D03 pos=<4423.92, 317.13, 6684.5>)
07:23:32.595 [VehicleEngine] Player "Dan" (id=J3DN6WXzRjVAt4j_gUAEgL4v34hqtXpOtTWQ5nCMCS0=) stopped vehicle Gyrocopter (id=3ED00DAD7D4F183ED43B758A59CD7D03 pos=<4423.93, 317.13, 6684.5>)
07:23:43.262 [VehicleLeave] Player "Dan" (id=J3DN6WXzRjVAt4j_gUAEgL4v34hqtXpOtTWQ5nCMCS0=) left vehicle Gyrocopter (id=3ED00DAD7D4F183ED43B758A59CD7D03 pos=<4423.93, 317.13, 6684.5>)
07:25:14.982 [VehicleEnter] Player "Dan" (id=J3DN6WXzRjVAt4j_gUAEgL4v34hqtXpOtTWQ5nCMCS0=) entered vehicle Gyrocopter (id=3ED00DAD7D4F183ED43B758A59CD7D03 pos=<4423.93, 317.13, 6684.49>) as pilot
07:25:22.003 [VehicleEngine] Player "Dan" (id=J3DN6WXzRjVAt4j_gUAEgL4v34hqtXpOtTWQ5nCMCS0=) started vehicle Gyrocopter (id=3ED00DAD7D4F183ED43B758A59CD7D03 pos=<4423.93, 317.13, 6684.49>)
07:26:37.042 [VehicleEngine] Player "Dan" (id=J3DN6WXzRjVAt4j_gUAEgL4v34hqtXpOtTWQ5nCMCS0=) stopped vehicle Gyrocopter (id=3ED00DAD7D4F183ED43B758A59CD7D03 pos=<4424.41, 317.14, 6682.68>)
07:26:41.686 [VehicleLeave] Player "Dan" (id=J3DN6WXzRjVAt4j_gUAEgL4v34hqtXpOtTWQ5nCMCS0=) left vehicle Gyrocopter (id=3ED00DAD7D4F183ED43B758A59CD7D03 pos=<4424.42, 317.14, 6682.68>)
07:27:02.527 [VehicleEnter] Player "Dan" (id=J3DN6WXzRjVAt4j_gUAEgL4v34hqtXpOtTWQ5nCMCS0=) entered vehicle M3S Covered (id=E5D5C649EF4B8542E52332840E8CE58A pos=<4422.01, 316.14, 6698.96>) as driver
07:27:04.224 [VehicleEngine] Player "Dan" (id=J3DN6WXzRjVAt4j_gUAEgL4v34hqtXpOtTWQ5nCMCS0=) started vehicle M3S Covered (id=E5D5C649EF4B8542E52332840E8CE58A pos=<4422.01, 316.14, 6698.95>)
07:28:08.752 [VehicleEngine] Player "NULL" (id=NULL) stopped vehicle M3S Covered (id=E5D5C649EF4B8542E52332840E8CE58A pos=<4425.35, 316.12, 6694.66>)
07:28:09.194 [VehicleLeave] Player "Dan" (id=J3DN6WXzRjVAt4j_gUAEgL4v34hqtXpOtTWQ5nCMCS0=) left vehicle M3S Covered (id=E5D5C649EF4B8542E52332840E8CE58A pos=<4425.35, 316.12, 6694.66>)
07:29:17.078 [VehicleEnter] Player "Dan" (id=J3DN6WXzRjVAt4j_gUAEgL4v34hqtXpOtTWQ5nCMCS0=) entered vehicle M3S Covered (id=E5D5C649EF4B8542E52332840E8CE58A pos=<4425.35, 316.12, 6694.66>) as driver
07:29:19.256 [VehicleEngine] Player "Dan" (id=J3DN6WXzRjVAt4j_gUAEgL4v34hqtXpOtTWQ5nCMCS0=) started vehicle M3S Covered (id=E5D5C649EF4B8542E52332840E8CE58A pos=<4425.35, 316.12, 6694.66>)
07:30:34.050 [VehicleEngine] Player "NULL" (id=NULL) stopped vehicle M3S Covered (id=E5D5C649EF4B8542E52332840E8CE58A pos=<4683.83, 327.56, 6869.61>)
07:30:34.453 [VehicleLeave] Player "Dan" (id=J3DN6WXzRjVAt4j_gUAEgL4v34hqtXpOtTWQ5nCMCS0=) left vehicle M3S Covered (id=E5D5C649EF4B8542E52332840E8CE58A pos=<4683.83, 327.56, 6869.61>)
07:31:49.779 [VehicleEnter] Player "Dan" (id=J3DN6WXzRjVAt4j_gUAEgL4v34hqtXpOtTWQ5nCMCS0=) entered vehicle M3S Covered (id=E5D5C649EF4B8542E52332840E8CE58A pos=<4683.84, 327.56, 6869.61>) as driver
07:32:06.883 [VehicleEngine] Player "Dan" (id=J3DN6WXzRjVAt4j_gUAEgL4v34hqtXpOtTWQ5nCMCS0=) started vehicle M3S Covered (id=E5D5C649EF4B8542E52332840E8CE58A pos=<4683.94, 327.55, 6869.61>)
07:32:55.165 [AI Object Patrol 00080] Spawning 3 West bots at <4572.710938, 320.704590, 6678.216797>
07:32:55.204 [AI Object Patrol 00080] Global patrol count: 1
07:32:55.214 [AI Object Patrol 00080] ContaminatedArea category patrol count: 1
07:35:13.991 [VehicleLeave] Player "Dan" (id=J3DN6WXzRjVAt4j_gUAEgL4v34hqtXpOtTWQ5nCMCS0=) left vehicle M3S Covered (id=E5D5C649EF4B8542E52332840E8CE58A pos=<5217.63, 308.95, 7773.1>)
07:35:40.579 [VehicleEnter] Player "Dan" (id=J3DN6WXzRjVAt4j_gUAEgL4v34hqtXpOtTWQ5nCMCS0=) entered vehicle M3S Covered (id=E5D5C649EF4B8542E52332840E8CE58A pos=<5217.63, 308.95, 7773.1>) as driver
