22:10:39.100 [AI Object Patrol 00003] Spawning 1 East bots at <744.054932, 303.759583, 5055.062012>
22:10:47.661 [AI Object Patrol 00003] Global patrol count: 1
22:10:47.671 [AI Object Patrol 00003] HelicopterWreck category patrol count: 1
22:11:26.889 [AI Patrol 00017] Spawning 1 West bots at <7356.662109, 289.489990, 2842.712646>
22:11:26.918 [AI Patrol 00017] Global patrol count: 2
22:11:26.928 [AI Patrol 00017] Patrol category patrol count: 1
22:11:26.938 [AI Patrol 00016] Spawning 3 East bots at <7392.060059, 300.510010, 2736.377686>
22:11:26.982 [AI Patrol 00016] Global patrol count: 3
22:11:26.992 [AI Patrol 00016] Patrol category patrol count: 2
22:17:46.746 [AI Object Patrol 00005] Spawning 2 East bots at <2425.287598, 353.947144, 4905.020508>
22:17:46.788 [AI Object Patrol 00005] Global patrol count: 4
22:17:46.798 [AI Object Patrol 00005] HelicopterWreck category patrol count: 2
22:20:50.806 [AI Object Patrol 00003] Despawning 1 East bots (spawn position <744.054932, 303.759583, 5055.062012>, 0/1 deceased)
22:20:50.815 [AI Object Patrol 00003] Global patrol count: 3
22:20:50.825 [AI Object Patrol 00003] HelicopterWreck category patrol count: 1
22:26:51.239 [Chat - Global]("Survivor"(id=0nsyEhm9INQy3se8y-fXlbMHVv4YsIXloUCLC2unDyo=)): yo
22:27:24.242 [AI Object Patrol 00026] Spawning 2 East bots at <2657.737061, 326.153564, 6408.104004>
22:27:24.280 [AI Object Patrol 00026] Global patrol count: 4
22:27:24.290 [AI Object Patrol 00026] HelicopterWreck category patrol count: 2
22:36:07.932 [BaseBuildingRaiding] ------------------------- Expansion Base Raiding Damage Report -------------------------
22:36:07.981 [BaseBuildingRaiding] Player "Survivor" (id=0nsyEhm9INQy3se8y-fXlbMHVv4YsIXloUCLC2unDyo= pos=<8349.19, 335.27, 1637.45>) damaged ExpansionBarbedWire at <8360.27, 328.81, 1640.99>
22:36:08.033 [BaseBuildingRaiding] They dealt 70 * 1 = 70 damage with Bullet_545x39 from AKS74U
22:36:08.085 [BaseBuildingRaiding] GlobalHealth hitpoints decreased from 300 to 230
22:36:08.140 [BaseBuildingRaiding] ----------------------------------------------------------------------------------------
22:36:08.204 [BaseBuildingRaiding] ------------------------- Expansion Base Raiding Damage Report -------------------------
22:36:08.247 [BaseBuildingRaiding] Player "Naomi" (id= pos=<8366.17, 325.48, 1644.77>) damaged ExpansionBarbedWire at <8360.27, 328.81, 1640.99>
22:36:08.278 [BaseBuildingRaiding] They dealt 21 * 1 = 21 damage with Bullet_380 from PP19
22:36:08.288 [BaseBuildingRaiding] GlobalHealth hitpoints decreased from 230 to 209
22:36:08.298 [BaseBuildingRaiding] ----------------------------------------------------------------------------------------
22:39:20.248 [SpawnSelection] Player "Survivor" (id=0nsyEhm9INQy3se8y-fXlbMHVv4YsIXloUCLC2unDyo=) spawned at <11410.500000, 214.945999, 594.585022>
22:43:26.903 [AI Object Patrol 00026] Despawning 2 East bots (spawn position <2657.737061, 326.153564, 6408.104004>, 0/2 deceased)
22:43:26.914 [AI Object Patrol 00026] Global patrol count: 3
22:43:26.924 [AI Object Patrol 00026] HelicopterWreck category patrol count: 1
22:46:52.338 [AI Object Patrol 00005] Despawning 2 East bots (spawn position <2425.287598, 353.947144, 4905.020508>, 0/2 deceased)
22:46:52.349 [AI Object Patrol 00005] Global patrol count: 2
22:46:52.360 [AI Object Patrol 00005] HelicopterWreck category patrol count: 0
00:15:47.521 [VehicleEnter] Player "Survivor" (id=0nsyEhm9INQy3se8y-fXlbMHVv4YsIXloUCLC2unDyo=) entered vehicle Gyrocopter (id=961DFC0DD54BCF458A74E6A5EF960114 pos=<8223.59, 283.21, 1678.71>) as pilot
00:17:05.166 [VehicleLeave] Player "Survivor" (id=0nsyEhm9INQy3se8y-fXlbMHVv4YsIXloUCLC2unDyo=) left vehicle Gyrocopter (id=961DFC0DD54BCF458A74E6A5EF960114 pos=<8347.98, 322.7, 1645.77>)
00:18:59.586 [AI Object Patrol 00036] Spawning 3 East bots at <5424.347168, 434.379150, 1420.073853>
00:18:59.626 [AI Object Patrol 00036] Global patrol count: 3
00:18:59.637 [AI Object Patrol 00036] HelicopterWreck category patrol count: 1
00:26:29.427 [SpawnSelection] Player "Survivor" (id=0nsyEhm9INQy3se8y-fXlbMHVv4YsIXloUCLC2unDyo=) spawned at <7341.450195, 318.128998, 2470.919922>
00:31:39.518 [AI Object Patrol 00036] Despawning 3 East bots (spawn position <5424.347168, 434.379150, 1420.073853>, 0/3 deceased)
00:31:39.529 [AI Object Patrol 00036] Global patrol count: 2
00:31:39.538 [AI Object Patrol 00036] HelicopterWreck category patrol count: 0
00:44:04.622 [AI Object Patrol 00045] Spawning 3 East bots at <3508.017822, 392.294617, 4164.815430>
00:44:04.757 [AI Object Patrol 00045] Global patrol count: 3
00:44:04.851 [AI Object Patrol 00045] HelicopterWreck category patrol count: 1
00:52:33.637 [BaseBuildingRaiding] ------------------------- Expansion Base Raiding Damage Report -------------------------
00:52:33.681 [BaseBuildingRaiding] Player "Survivor" (id=0nsyEhm9INQy3se8y-fXlbMHVv4YsIXloUCLC2unDyo= pos=<8337.74, 332.27, 1646.13>) damaged Fence at <8337.15, 331.7, 1646.27>
00:52:33.742 [BaseBuildingRaiding] They dealt 70 * 1 = 70 damage with Bullet_545x39 from AKS74U
00:52:33.774 [BaseBuildingRaiding] Wall_Metal_Down hitpoints decreased from 21000 to 20930
00:52:33.812 [BaseBuildingRaiding] ----------------------------------------------------------------------------------------
01:06:10.406 [AI Object Patrol 00045] Despawning 3 East bots (spawn position <3508.017822, 392.294617, 4164.815430>, 0/3 deceased)
01:06:10.506 [AI Object Patrol 00045] Global patrol count: 2
01:06:10.607 [AI Object Patrol 00045] HelicopterWreck category patrol count: 0
01:12:47.832 [AI Patrol 00017] West bots were wiped out (spawn position <7356.662109, 289.489990, 2842.712646>, 1/1 deceased)
01:12:47.845 [AI Patrol 00017] Global patrol count: 1
01:12:47.858 [AI Patrol 00017] Patrol category patrol count: 1
01:38:24.722 [AI Patrol 00016] Despawning 1 East bots (spawn position <7392.060059, 300.510010, 2736.377686>, 2/3 deceased)
01:38:24.733 [AI Patrol 00016] Global patrol count: 0
01:38:24.745 [AI Patrol 00016] Patrol category patrol count: 0
07:16:58.026 [AI Object Patrol 00056] Spawning 3 East bots at <9925.738281, 230.661591, 5469.245605>
07:16:58.064 [AI Object Patrol 00056] Global patrol count: 1
07:16:58.082 [AI Object Patrol 00056] HelicopterWreck category patrol count: 1
07:29:58.516 [AI Object Patrol 00056] Despawning 3 East bots (spawn position <9925.738281, 230.661591, 5469.245605>, 0/3 deceased)
07:29:58.526 [AI Object Patrol 00056] Global patrol count: 0
07:29:58.537 [AI Object Patrol 00056] HelicopterWreck category patrol count: 0
08:01:15.802 [AI Object Patrol 00059] Spawning 2 East bots at <3503.981201, 391.220795, 4192.044922>
08:01:15.838 [AI Object Patrol 00059] Global patrol count: 1
08:01:15.848 [AI Object Patrol 00059] HelicopterWreck category patrol count: 1
08:05:32.249 [AI Object Patrol 00062] Spawning 3 East bots at <4876.645020, 373.961060, 5694.521973>
08:05:32.314 [AI Object Patrol 00062] Global patrol count: 2
08:05:32.325 [AI Object Patrol 00062] HelicopterWreck category patrol count: 2
08:18:23.378 [AI Object Patrol 00059] Despawning 2 East bots (spawn position <3503.981201, 391.220795, 4192.044922>, 0/2 deceased)
08:18:23.388 [AI Object Patrol 00059] Global patrol count: 1
08:18:23.397 [AI Object Patrol 00059] HelicopterWreck category patrol count: 1
08:20:24.749 [AI Object Patrol 00061] Spawning 1 East bots at <5908.640137, 406.001312, 3585.917725>
08:20:24.788 [AI Object Patrol 00061] Global patrol count: 2
08:20:24.798 [AI Object Patrol 00061] HelicopterWreck category patrol count: 2
08:24:25.257 [AI Object Patrol 00062] Despawning 3 East bots (spawn position <4876.645020, 373.961060, 5694.521973>, 0/3 deceased)
08:24:25.267 [AI Object Patrol 00062] Global patrol count: 1
08:24:25.278 [AI Object Patrol 00062] HelicopterWreck category patrol count: 1
08:24:40.278 [AI Object Patrol 00061] Despawning 1 East bots (spawn position <5908.640137, 406.001312, 3585.917725>, 0/1 deceased)
08:24:40.288 [AI Object Patrol 00061] Global patrol count: 0
08:24:40.299 [AI Object Patrol 00061] HelicopterWreck category patrol count: 0
09:14:39.383 [VehicleAttachments] Player "Survivor" (id=0nsyEhm9INQy3se8y-fXlbMHVv4YsIXloUCLC2unDyo=) detached Jerrycan (type=CanisterGasoline) from vehicle Land Rover Defender (id=CBB2CDFD12489855DC685EBA5C9B2FF7 pos=<8344.97, 322.59, 1647.55>)
09:16:42.372 [VehicleEnter] Player "Survivor" (id=0nsyEhm9INQy3se8y-fXlbMHVv4YsIXloUCLC2unDyo=) entered vehicle Gyrocopter (id=961DFC0DD54BCF458A74E6A5EF960114 pos=<8348.03, 322.7, 1645.79>) as pilot
09:16:43.860 [VehicleEngine] Player "Survivor" (id=0nsyEhm9INQy3se8y-fXlbMHVv4YsIXloUCLC2unDyo=) started vehicle Gyrocopter (id=961DFC0DD54BCF458A74E6A5EF960114 pos=<8348.03, 322.7, 1645.79>)
09:18:21.593 [VehicleEngine] Player "Survivor" (id=0nsyEhm9INQy3se8y-fXlbMHVv4YsIXloUCLC2unDyo=) stopped vehicle Gyrocopter (id=961DFC0DD54BCF458A74E6A5EF960114 pos=<6792.72, 419.36, 1603.8>)
09:19:08.684 [VehicleEngine] Player "Survivor" (id=0nsyEhm9INQy3se8y-fXlbMHVv4YsIXloUCLC2unDyo=) started vehicle Gyrocopter (id=961DFC0DD54BCF458A74E6A5EF960114 pos=<6792.72, 419.36, 1603.8>)
09:20:38.714 [VehicleEngine] Player "NULL" (id=NULL) stopped vehicle Gyrocopter (id=961DFC0DD54BCF458A74E6A5EF960114 pos=<5100.3, 510.4, 2100.39>)
09:20:38.746 [VehicleLeave] Player "Survivor" (id=0nsyEhm9INQy3se8y-fXlbMHVv4YsIXloUCLC2unDyo=) left vehicle Gyrocopter (id=961DFC0DD54BCF458A74E6A5EF960114 pos=<5100.31, 510.4, 2100.39>)
09:23:00.905 [VehicleEnter] Player "Survivor" (id=0nsyEhm9INQy3se8y-fXlbMHVv4YsIXloUCLC2unDyo=) entered vehicle Gyrocopter (id=961DFC0DD54BCF458A74E6A5EF960114 pos=<5101.13, 510.4, 2100.04>) as pilot
09:23:02.281 [VehicleEngine] Player "Survivor" (id=0nsyEhm9INQy3se8y-fXlbMHVv4YsIXloUCLC2unDyo=) started vehicle Gyrocopter (id=961DFC0DD54BCF458A74E6A5EF960114 pos=<5101.16, 510.4, 2100.03>)
09:23:55.630 [AI Patrol 00018] Spawning 1 Civilian bots at <6700.472656, 342.040863, 3387.416992>
09:23:55.658 [AI Patrol 00018] Global patrol count: 1
09:23:55.676 [AI Patrol 00018] Patrol category patrol count: 1
09:24:35.319 [AI Object Patrol 00072] Spawning 3 East bots at <5513.417480, 386.099426, 4922.941895>
09:24:35.350 [AI Object Patrol 00072] Global patrol count: 2
09:24:35.361 [AI Object Patrol 00072] HelicopterWreck category patrol count: 1
09:24:53.075 [VehicleEngine] Player "NULL" (id=NULL) stopped vehicle Gyrocopter (id=961DFC0DD54BCF458A74E6A5EF960114 pos=<5959.05, 415.29, 4226.64>)
09:24:53.107 [VehicleLeave] Player "Survivor" (id=0nsyEhm9INQy3se8y-fXlbMHVv4YsIXloUCLC2unDyo=) left vehicle Gyrocopter (id=961DFC0DD54BCF458A74E6A5EF960114 pos=<5959.05, 415.29, 4226.64>)
09:34:39.192 [AI Patrol 00018] Despawning 1 Civilian bots (spawn position <6700.472656, 342.040863, 3387.416992>, 0/1 deceased)
09:34:39.202 [AI Patrol 00018] Global patrol count: 1
09:34:39.212 [AI Patrol 00018] Patrol category patrol count: 0
09:35:10.362 [AI Object Patrol 00072] Despawning 3 East bots (spawn position <5513.417480, 386.099426, 4922.941895>, 0/3 deceased)
09:35:10.372 [AI Object Patrol 00072] Global patrol count: 0
09:35:10.383 [AI Object Patrol 00072] HelicopterWreck category patrol count: 0
09:49:49.019 [VehicleEnter] Player "Survivor" (id=0nsyEhm9INQy3se8y-fXlbMHVv4YsIXloUCLC2unDyo=) entered vehicle Gyrocopter (id=961DFC0DD54BCF458A74E6A5EF960114 pos=<5959.06, 415.29, 4226.65>) as pilot
09:49:51.321 [VehicleEngine] Player "Survivor" (id=0nsyEhm9INQy3se8y-fXlbMHVv4YsIXloUCLC2unDyo=) started vehicle Gyrocopter (id=961DFC0DD54BCF458A74E6A5EF960114 pos=<5959.06, 415.29, 4226.65>)
09:50:25.037 [VehicleEngine] Player "NULL" (id=NULL) stopped vehicle Gyrocopter (id=961DFC0DD54BCF458A74E6A5EF960114 pos=<6068.27, 386.36, 4169.78>)
09:50:25.088 [VehicleLeave] Player "Survivor" (id=0nsyEhm9INQy3se8y-fXlbMHVv4YsIXloUCLC2unDyo=) left vehicle Gyrocopter (id=961DFC0DD54BCF458A74E6A5EF960114 pos=<6068.27, 386.36, 4169.78>)
09:52:04.868 [VehicleEnter] Player "Survivor" (id=0nsyEhm9INQy3se8y-fXlbMHVv4YsIXloUCLC2unDyo=) entered vehicle Gyrocopter (id=961DFC0DD54BCF458A74E6A5EF960114 pos=<6068.35, 386.36, 4170.82>) as pilot
09:52:06.292 [VehicleEngine] Player "Survivor" (id=0nsyEhm9INQy3se8y-fXlbMHVv4YsIXloUCLC2unDyo=) started vehicle Gyrocopter (id=961DFC0DD54BCF458A74E6A5EF960114 pos=<6068.35, 386.36, 4170.85>)
09:54:29.759 [VehicleLeave] Player "Survivor" (id=0nsyEhm9INQy3se8y-fXlbMHVv4YsIXloUCLC2unDyo=) left vehicle Gyrocopter (id=961DFC0DD54BCF458A74E6A5EF960114 pos=<8341.76, 334.75, 1641.64>)
09:55:19.666 [VehicleEnter] Player "Survivor" (id=0nsyEhm9INQy3se8y-fXlbMHVv4YsIXloUCLC2unDyo=) entered vehicle Gyrocopter (id=961DFC0DD54BCF458A74E6A5EF960114 pos=<8341.75, 334.75, 1641.86>) as pilot
09:55:20.861 [VehicleEngine] Player "Survivor" (id=0nsyEhm9INQy3se8y-fXlbMHVv4YsIXloUCLC2unDyo=) stopped vehicle Gyrocopter (id=961DFC0DD54BCF458A74E6A5EF960114 pos=<8341.75, 334.75, 1641.87>)
09:55:23.564 [VehicleLeave] Player "Survivor" (id=0nsyEhm9INQy3se8y-fXlbMHVv4YsIXloUCLC2unDyo=) left vehicle Gyrocopter (id=961DFC0DD54BCF458A74E6A5EF960114 pos=<8341.75, 334.75, 1641.88>)
11:20:55.876 [AI Object Patrol 00085] Spawning 3 East bots at <9923.549805, 350.792023, 3877.717773>
11:20:55.909 [AI Object Patrol 00085] Global patrol count: 1
11:20:55.920 [AI Object Patrol 00085] HelicopterWreck category patrol count: 1
11:50:28.116 [AI Object Patrol 00085] Despawning 3 East bots (spawn position <9923.549805, 350.792023, 3877.717773>, 0/3 deceased)
11:50:28.126 [AI Object Patrol 00085] Global patrol count: 0
11:50:28.137 [AI Object Patrol 00085] HelicopterWreck category patrol count: 0
11:51:46.033 [SpawnSelection] Player "MStan346" (id=AgcamHl-a7yN1AOoF-8esXdFtm_BCaLf8qOVCJmiMJM=) spawned at <11059.400391, 346.178009, 4342.359863>
12:56:40.096 [Chat - Global]("Survivor"(id=0nsyEhm9INQy3se8y-fXlbMHVv4YsIXloUCLC2unDyo=)): yo
13:42:52.003 [AI Object Patrol 00125] Spawning 1 West bots at <7697.447266, 323.343781, 10047.849609>
13:42:52.034 [AI Object Patrol 00125] Global patrol count: 1
13:42:52.044 [AI Object Patrol 00125] ContaminatedArea category patrol count: 1
13:49:23.379 [AI Object Patrol 00125] Despawning 1 West bots (spawn position <7697.447266, 323.343781, 10047.849609>, 0/1 deceased)
13:49:23.453 [AI Object Patrol 00125] Global patrol count: 0
13:49:23.540 [AI Object Patrol 00125] ContaminatedArea category patrol count: 0
14:38:03.823 [AI Object Patrol 00148] Spawning 3 West bots at <8884.552734, 442.261719, 1937.386475>
14:38:03.852 [AI Object Patrol 00148] Global patrol count: 1
14:38:03.862 [AI Object Patrol 00148] ContaminatedArea category patrol count: 1
15:11:08.248 [AI Object Patrol 00149] Spawning 2 West bots at <7449.870605, 318.629242, 2700.684814>
15:11:08.286 [AI Object Patrol 00149] Global patrol count: 2
15:11:08.296 [AI Object Patrol 00149] ContaminatedArea category patrol count: 2
15:14:37.702 [AI Object Patrol 00148] Despawning 3 West bots (spawn position <8884.552734, 442.261719, 1937.386475>, 0/3 deceased)
15:14:37.712 [AI Object Patrol 00148] Global patrol count: 1
15:14:37.722 [AI Object Patrol 00148] ContaminatedArea category patrol count: 1
15:18:26.717 [AI Object Patrol 00149] Despawning 2 West bots (spawn position <7449.870605, 318.629242, 2700.684814>, 0/2 deceased)
15:18:26.727 [AI Object Patrol 00149] Global patrol count: 0
15:18:26.737 [AI Object Patrol 00149] ContaminatedArea category patrol count: 0
15:26:14.089 [AI Object Patrol 00160] Spawning 1 West bots at <8974.484375, 447.516876, 2116.834961>
15:26:14.212 [AI Object Patrol 00160] Global patrol count: 1
15:26:14.323 [AI Object Patrol 00160] ContaminatedArea category patrol count: 1
15:54:13.325 [Chat - Global]("Survivor"(id=0nsyEhm9INQy3se8y-fXlbMHVv4YsIXloUCLC2unDyo=)): Y:O
16:06:13.294 [AI Object Patrol 00160] Despawning 1 West bots (spawn position <8974.484375, 447.516876, 2116.834961>, 0/1 deceased)
16:06:13.305 [AI Object Patrol 00160] Global patrol count: 0
16:06:13.315 [AI Object Patrol 00160] ContaminatedArea category patrol count: 0
19:59:39.746 [VehicleEnter] Player "Survivor" (id=0nsyEhm9INQy3se8y-fXlbMHVv4YsIXloUCLC2unDyo=) entered vehicle Gyrocopter (id=961DFC0DD54BCF458A74E6A5EF960114 pos=<8341.75, 334.75, 1642.08>) as pilot
19:59:53.560 [VehicleLeave] Player "Survivor" (id=0nsyEhm9INQy3se8y-fXlbMHVv4YsIXloUCLC2unDyo=) left vehicle Gyrocopter (id=961DFC0DD54BCF458A74E6A5EF960114 pos=<8341.74, 334.75, 1642.15>)
20:01:21.139 [VehicleEnter] Player "Survivor" (id=0nsyEhm9INQy3se8y-fXlbMHVv4YsIXloUCLC2unDyo=) entered vehicle Gyrocopter (id=961DFC0DD54BCF458A74E6A5EF960114 pos=<8341.74, 334.75, 1642.16>) as pilot
20:01:22.809 [VehicleEngine] Player "Survivor" (id=0nsyEhm9INQy3se8y-fXlbMHVv4YsIXloUCLC2unDyo=) started vehicle Gyrocopter (id=961DFC0DD54BCF458A74E6A5EF960114 pos=<8341.74, 334.75, 1642.16>)
20:02:46.418 [VehicleEngine] Player "NULL" (id=NULL) stopped vehicle Gyrocopter (id=961DFC0DD54BCF458A74E6A5EF960114 pos=<8326.4, 322.35, 1628.19>)
20:02:46.436 [VehicleLeave] Player "Survivor" (id=0nsyEhm9INQy3se8y-fXlbMHVv4YsIXloUCLC2unDyo=) left vehicle Gyrocopter (id=961DFC0DD54BCF458A74E6A5EF960114 pos=<8326.4, 322.35, 1628.19>)
20:05:24.679 [VehicleEnter] Player "Survivor" (id=0nsyEhm9INQy3se8y-fXlbMHVv4YsIXloUCLC2unDyo=) entered vehicle UAZ 469 Cargo Roofless (id=878B4C6AEE4146F4FCBF22A711F98754 pos=<8333.6, 322.47, 1640.21>) as driver
20:05:26.500 [VehicleEngine] Player "Survivor" (id=0nsyEhm9INQy3se8y-fXlbMHVv4YsIXloUCLC2unDyo=) started vehicle UAZ 469 Cargo Roofless (id=878B4C6AEE4146F4FCBF22A711F98754 pos=<8333.6, 322.47, 1640.21>)
20:05:36.820 [VehicleEngine] Player "NULL" (id=NULL) stopped vehicle UAZ 469 Cargo Roofless (id=878B4C6AEE4146F4FCBF22A711F98754 pos=<8331.46, 322, 1630.22>)
20:05:36.854 [VehicleLeave] Player "Survivor" (id=0nsyEhm9INQy3se8y-fXlbMHVv4YsIXloUCLC2unDyo=) left vehicle UAZ 469 Cargo Roofless (id=878B4C6AEE4146F4FCBF22A711F98754 pos=<8331.46, 322, 1630.22>)
20:05:43.620 [VehicleEnter] Player "Survivor" (id=0nsyEhm9INQy3se8y-fXlbMHVv4YsIXloUCLC2unDyo=) entered vehicle UAZ 469 Cargo Roofless (id=878B4C6AEE4146F4FCBF22A711F98754 pos=<8331.46, 322, 1630.22>) as driver
20:05:45.505 [VehicleEngine] Player "Survivor" (id=0nsyEhm9INQy3se8y-fXlbMHVv4YsIXloUCLC2unDyo=) started vehicle UAZ 469 Cargo Roofless (id=878B4C6AEE4146F4FCBF22A711F98754 pos=<8331.46, 322, 1630.22>)
20:06:39.288 [VehicleEngine] Player "NULL" (id=NULL) stopped vehicle UAZ 469 Cargo Roofless (id=878B4C6AEE4146F4FCBF22A711F98754 pos=<8210.52, 264.74, 1500.08>)
20:06:39.328 [VehicleLeave] Player "Survivor" (id=0nsyEhm9INQy3se8y-fXlbMHVv4YsIXloUCLC2unDyo=) left vehicle UAZ 469 Cargo Roofless (id=878B4C6AEE4146F4FCBF22A711F98754 pos=<8210.52, 264.74, 1500.08>)
20:07:33.881 [VehicleEnter] Player "Survivor" (id=0nsyEhm9INQy3se8y-fXlbMHVv4YsIXloUCLC2unDyo=) entered vehicle UAZ 469 Cargo Roofless (id=878B4C6AEE4146F4FCBF22A711F98754 pos=<8210.52, 264.74, 1500.08>) as driver
20:07:36.062 [VehicleLeave] Player "Survivor" (id=0nsyEhm9INQy3se8y-fXlbMHVv4YsIXloUCLC2unDyo=) left vehicle UAZ 469 Cargo Roofless (id=878B4C6AEE4146F4FCBF22A711F98754 pos=<8210.52, 264.74, 1500.08>)
20:07:40.712 [VehicleEnter] Player "Survivor" (id=0nsyEhm9INQy3se8y-fXlbMHVv4YsIXloUCLC2unDyo=) entered vehicle UAZ 469 Cargo Roofless (id=878B4C6AEE4146F4FCBF22A711F98754 pos=<8210.52, 264.74, 1500.08>) as driver
20:07:43.089 [VehicleEngine] Player "Survivor" (id=0nsyEhm9INQy3se8y-fXlbMHVv4YsIXloUCLC2unDyo=) started vehicle UAZ 469 Cargo Roofless (id=878B4C6AEE4146F4FCBF22A711F98754 pos=<8210.52, 264.74, 1500.08>)
20:07:49.641 [VehicleEngine] Player "NULL" (id=NULL) stopped vehicle UAZ 469 Cargo Roofless (id=878B4C6AEE4146F4FCBF22A711F98754 pos=<8210.52, 264.74, 1500.08>)
20:07:49.754 [VehicleLeave] Player "Survivor" (id=0nsyEhm9INQy3se8y-fXlbMHVv4YsIXloUCLC2unDyo=) left vehicle UAZ 469 Cargo Roofless (id=878B4C6AEE4146F4FCBF22A711F98754 pos=<8210.52, 264.74, 1500.08>)
20:07:55.173 [VehicleEnter] Player "Survivor" (id=0nsyEhm9INQy3se8y-fXlbMHVv4YsIXloUCLC2unDyo=) entered vehicle UAZ 469 Cargo Roofless (id=878B4C6AEE4146F4FCBF22A711F98754 pos=<8210.52, 264.74, 1500.08>) as driver
20:07:57.106 [VehicleEngine] Player "Survivor" (id=0nsyEhm9INQy3se8y-fXlbMHVv4YsIXloUCLC2unDyo=) started vehicle UAZ 469 Cargo Roofless (id=878B4C6AEE4146F4FCBF22A711F98754 pos=<8210.52, 264.74, 1500.08>)
20:10:52.866 [VehicleEngine] Player "NULL" (id=NULL) stopped vehicle UAZ 469 Cargo Roofless (id=878B4C6AEE4146F4FCBF22A711F98754 pos=<7601.03, 383.68, 1230.07>)
20:10:52.912 [VehicleLeave] Player "Survivor" (id=0nsyEhm9INQy3se8y-fXlbMHVv4YsIXloUCLC2unDyo=) left vehicle UAZ 469 Cargo Roofless (id=878B4C6AEE4146F4FCBF22A711F98754 pos=<7601.03, 383.68, 1230.07>)
20:12:05.216 [VehicleEnter] Player "Survivor" (id=0nsyEhm9INQy3se8y-fXlbMHVv4YsIXloUCLC2unDyo=) entered vehicle UAZ 469 Cargo Roofless (id=878B4C6AEE4146F4FCBF22A711F98754 pos=<7601.03, 383.68, 1230.07>) as driver
20:12:06.857 [VehicleEngine] Player "Survivor" (id=0nsyEhm9INQy3se8y-fXlbMHVv4YsIXloUCLC2unDyo=) started vehicle UAZ 469 Cargo Roofless (id=878B4C6AEE4146F4FCBF22A711F98754 pos=<7601.03, 383.68, 1230.07>)
20:14:50.342 [VehicleEnter] Player "Mr. Blue" (id=Lw52hZyZO7pZP21eLhjYCVUz5rrRVAodhUgchUxGS8A=) entered vehicle Gyrocopter (id=6E84FF65E84850C42793EBBBEF7D8F7C pos=<10337.8, 223.98, 5907.64>) as pilot
20:14:51.908 [VehicleEngine] Player "Mr. Blue" (id=Lw52hZyZO7pZP21eLhjYCVUz5rrRVAodhUgchUxGS8A=) started vehicle Gyrocopter (id=6E84FF65E84850C42793EBBBEF7D8F7C pos=<10337.8, 223.98, 5907.64>)
20:15:09.430 [VehicleEngine] Player "NULL" (id=NULL) stopped vehicle UAZ 469 Cargo Roofless (id=878B4C6AEE4146F4FCBF22A711F98754 pos=<8332.37, 322.17, 1631.07>)
20:15:09.602 [VehicleLeave] Player "Survivor" (id=0nsyEhm9INQy3se8y-fXlbMHVv4YsIXloUCLC2unDyo=) left vehicle UAZ 469 Cargo Roofless (id=878B4C6AEE4146F4FCBF22A711F98754 pos=<8332.37, 322.17, 1631.07>)
20:15:24.656 [VehicleEnter] Player "Survivor" (id=0nsyEhm9INQy3se8y-fXlbMHVv4YsIXloUCLC2unDyo=) entered vehicle UAZ 469 Cargo Roofless (id=878B4C6AEE4146F4FCBF22A711F98754 pos=<8332.37, 322.17, 1631.07>) as driver
20:15:26.204 [VehicleEngine] Player "Survivor" (id=0nsyEhm9INQy3se8y-fXlbMHVv4YsIXloUCLC2unDyo=) started vehicle UAZ 469 Cargo Roofless (id=878B4C6AEE4146F4FCBF22A711F98754 pos=<8332.37, 322.17, 1631.07>)
20:15:43.502 [VehicleEngine] Player "NULL" (id=NULL) stopped vehicle UAZ 469 Cargo Roofless (id=878B4C6AEE4146F4FCBF22A711F98754 pos=<8334.52, 322.51, 1640.2>)
20:15:43.654 [VehicleLeave] Player "Survivor" (id=0nsyEhm9INQy3se8y-fXlbMHVv4YsIXloUCLC2unDyo=) left vehicle UAZ 469 Cargo Roofless (id=878B4C6AEE4146F4FCBF22A711F98754 pos=<8334.52, 322.51, 1640.2>)
20:15:52.956 [AI Object Patrol 00192] Spawning 2 East bots at <8667.407227, 320.478210, 6386.586426>
20:15:52.993 [AI Object Patrol 00192] Global patrol count: 1
20:15:53.004 [AI Object Patrol 00192] HelicopterWreck category patrol count: 1
20:16:23.724 [AI Object Patrol 00012] Spawning 1 West bots at <7879.652344, 259.511688, 6107.970215>
20:16:23.756 [AI Object Patrol 00012] Global patrol count: 2
20:16:23.766 [AI Object Patrol 00012] ContaminatedArea category patrol count: 1
20:16:26.520 [AI Object Patrol 00010] Spawning 2 West bots at <7897.407227, 255.577515, 5942.265625>
20:16:26.554 [AI Object Patrol 00010] Global patrol count: 3
20:16:26.567 [AI Object Patrol 00010] ContaminatedArea category patrol count: 2
20:17:31.850 [VehicleEnter] Player "Survivor" (id=0nsyEhm9INQy3se8y-fXlbMHVv4YsIXloUCLC2unDyo=) entered vehicle Gyrocopter (id=961DFC0DD54BCF458A74E6A5EF960114 pos=<8326.37, 321.34, 1628.12>) as pilot
20:17:33.899 [VehicleEngine] Player "Survivor" (id=0nsyEhm9INQy3se8y-fXlbMHVv4YsIXloUCLC2unDyo=) started vehicle Gyrocopter (id=961DFC0DD54BCF458A74E6A5EF960114 pos=<8326.37, 321.33, 1628.1>)
20:17:48.603 [VehicleEngine] Player "NULL" (id=NULL) stopped vehicle Gyrocopter (id=961DFC0DD54BCF458A74E6A5EF960114 pos=<8324.39, 319.42, 1619.4>)
20:17:48.630 [VehicleLeave] Player "Survivor" (id=0nsyEhm9INQy3se8y-fXlbMHVv4YsIXloUCLC2unDyo=) left vehicle Gyrocopter (id=961DFC0DD54BCF458A74E6A5EF960114 pos=<8324.38, 319.42, 1619.4>)
20:18:02.922 [VehicleEnter] Player "Survivor" (id=0nsyEhm9INQy3se8y-fXlbMHVv4YsIXloUCLC2unDyo=) entered vehicle Gyrocopter (id=961DFC0DD54BCF458A74E6A5EF960114 pos=<8324.25, 318.41, 1619.34>) as pilot
20:18:04.140 [VehicleEngine] Player "Survivor" (id=0nsyEhm9INQy3se8y-fXlbMHVv4YsIXloUCLC2unDyo=) started vehicle Gyrocopter (id=961DFC0DD54BCF458A74E6A5EF960114 pos=<8324.25, 318.41, 1619.33>)
20:18:55.891 [VehicleEngine] Player "NULL" (id=NULL) stopped vehicle Gyrocopter (id=6E84FF65E84850C42793EBBBEF7D8F7C pos=<10340, 224, 5902.24>)
20:18:55.904 [VehicleLeave] Player "Mr. Blue" (id=Lw52hZyZO7pZP21eLhjYCVUz5rrRVAodhUgchUxGS8A=) left vehicle Gyrocopter (id=6E84FF65E84850C42793EBBBEF7D8F7C pos=<10340, 224, 5902.24>)
20:19:33.635 [VehicleEngine] Player "Survivor" (id=0nsyEhm9INQy3se8y-fXlbMHVv4YsIXloUCLC2unDyo=) stopped vehicle Gyrocopter (id=961DFC0DD54BCF458A74E6A5EF960114 pos=<7670.09, 351.12, 1066.57>)
20:19:36.986 [VehicleLeave] Player "Survivor" (id=0nsyEhm9INQy3se8y-fXlbMHVv4YsIXloUCLC2unDyo=) left vehicle Gyrocopter (id=961DFC0DD54BCF458A74E6A5EF960114 pos=<7670.09, 351.12, 1066.57>)
20:23:44.121 [VehicleEnter] Player "Survivor" (id=0nsyEhm9INQy3se8y-fXlbMHVv4YsIXloUCLC2unDyo=) entered vehicle Gyrocopter (id=961DFC0DD54BCF458A74E6A5EF960114 pos=<7670.09, 351.12, 1066.57>) as pilot
20:23:46.179 [VehicleEngine] Player "Survivor" (id=0nsyEhm9INQy3se8y-fXlbMHVv4YsIXloUCLC2unDyo=) started vehicle Gyrocopter (id=961DFC0DD54BCF458A74E6A5EF960114 pos=<7670.09, 351.12, 1066.57>)
20:25:26.763 [VehicleEngine] Player "NULL" (id=NULL) stopped vehicle Gyrocopter (id=961DFC0DD54BCF458A74E6A5EF960114 pos=<8340.16, 335.68, 1643.25>)
20:25:26.785 [VehicleLeave] Player "Survivor" (id=0nsyEhm9INQy3se8y-fXlbMHVv4YsIXloUCLC2unDyo=) left vehicle Gyrocopter (id=961DFC0DD54BCF458A74E6A5EF960114 pos=<8340.16, 335.68, 1643.25>)
20:26:04.457 [VehicleEnter] Player "Survivor" (id=0nsyEhm9INQy3se8y-fXlbMHVv4YsIXloUCLC2unDyo=) entered vehicle Gyrocopter (id=961DFC0DD54BCF458A74E6A5EF960114 pos=<8340.16, 334.75, 1643.21>) as pilot
20:26:08.579 [VehicleLeave] Player "Survivor" (id=0nsyEhm9INQy3se8y-fXlbMHVv4YsIXloUCLC2unDyo=) left vehicle Gyrocopter (id=961DFC0DD54BCF458A74E6A5EF960114 pos=<8340.16, 334.75, 1643.23>)
20:27:14.069 [AI Object Patrol 00012] Despawning 1 West bots (spawn position <7879.652344, 259.511688, 6107.970215>, 0/1 deceased)
20:27:14.079 [AI Object Patrol 00012] Global patrol count: 2
20:27:14.090 [AI Object Patrol 00012] ContaminatedArea category patrol count: 1
20:27:16.554 [AI Object Patrol 00192] Despawning 2 East bots (spawn position <8667.407227, 320.478210, 6386.586426>, 0/2 deceased)
20:27:16.624 [AI Object Patrol 00192] Global patrol count: 1
20:27:16.714 [AI Object Patrol 00192] HelicopterWreck category patrol count: 0
20:27:19.531 [AI Object Patrol 00010] Despawning 2 West bots (spawn position <7897.407227, 255.577515, 5942.265625>, 0/2 deceased)
20:27:19.541 [AI Object Patrol 00010] Global patrol count: 0
20:27:19.551 [AI Object Patrol 00010] ContaminatedArea category patrol count: 0
21:21:39.999 [VehicleEnter] Player "Survivor" (id=0nsyEhm9INQy3se8y-fXlbMHVv4YsIXloUCLC2unDyo=) entered vehicle Gyrocopter (id=961DFC0DD54BCF458A74E6A5EF960114 pos=<8340.16, 334.75, 1643.24>) as pilot
21:21:41.817 [VehicleEngine] Player "Survivor" (id=0nsyEhm9INQy3se8y-fXlbMHVv4YsIXloUCLC2unDyo=) started vehicle Gyrocopter (id=961DFC0DD54BCF458A74E6A5EF960114 pos=<8340.16, 334.75, 1643.25>)
21:21:53.560 [VehicleEngine] Player "NULL" (id=NULL) stopped vehicle Gyrocopter (id=961DFC0DD54BCF458A74E6A5EF960114 pos=<8340.16, 334.75, 1643.3>)
21:21:53.674 [VehicleLeave] Player "Survivor" (id=0nsyEhm9INQy3se8y-fXlbMHVv4YsIXloUCLC2unDyo=) left vehicle Gyrocopter (id=961DFC0DD54BCF458A74E6A5EF960114 pos=<8340.16, 334.75, 1643.3>)
21:25:37.163 [VehicleEnter] Player "Survivor" (id=0nsyEhm9INQy3se8y-fXlbMHVv4YsIXloUCLC2unDyo=) entered vehicle Gyrocopter (id=961DFC0DD54BCF458A74E6A5EF960114 pos=<8340.16, 334.75, 1643.53>) as pilot
21:25:39.604 [VehicleEngine] Player "Survivor" (id=0nsyEhm9INQy3se8y-fXlbMHVv4YsIXloUCLC2unDyo=) started vehicle Gyrocopter (id=961DFC0DD54BCF458A74E6A5EF960114 pos=<8340.16, 334.75, 1643.55>)
21:25:49.437 [VehicleEngine] Player "Survivor" (id=0nsyEhm9INQy3se8y-fXlbMHVv4YsIXloUCLC2unDyo=) stopped vehicle Gyrocopter (id=961DFC0DD54BCF458A74E6A5EF960114 pos=<8339.83, 360.89, 1640.84>)
21:26:04.774 [VehicleEngine] Player "Survivor" (id=0nsyEhm9INQy3se8y-fXlbMHVv4YsIXloUCLC2unDyo=) started vehicle Gyrocopter (id=961DFC0DD54BCF458A74E6A5EF960114 pos=<8329.96, 308.59, 1734.01>)
21:26:08.707 [VehicleEngine] Player "NULL" (id=NULL) stopped vehicle Gyrocopter (id=961DFC0DD54BCF458A74E6A5EF960114 pos=<8329.95, 308.6, 1734>)
21:26:08.747 [VehicleLeave] Player "Survivor" (id=0nsyEhm9INQy3se8y-fXlbMHVv4YsIXloUCLC2unDyo=) left vehicle Gyrocopter (id=961DFC0DD54BCF458A74E6A5EF960114 pos=<8329.95, 308.6, 1734>)
21:26:30.457 [VehicleEnter] Player "Survivor" (id=0nsyEhm9INQy3se8y-fXlbMHVv4YsIXloUCLC2unDyo=) entered vehicle Gyrocopter (id=961DFC0DD54BCF458A74E6A5EF960114 pos=<8329.96, 307.63, 1734.02>) as pilot
21:26:32.543 [VehicleEngine] Player "Survivor" (id=0nsyEhm9INQy3se8y-fXlbMHVv4YsIXloUCLC2unDyo=) started vehicle Gyrocopter (id=961DFC0DD54BCF458A74E6A5EF960114 pos=<8329.96, 307.62, 1734.04>)
21:27:10.228 [VehicleEngine] Player "NULL" (id=NULL) stopped vehicle Gyrocopter (id=961DFC0DD54BCF458A74E6A5EF960114 pos=<8328.58, 307.16, 1735.21>)
21:27:10.259 [VehicleLeave] Player "Survivor" (id=0nsyEhm9INQy3se8y-fXlbMHVv4YsIXloUCLC2unDyo=) left vehicle Gyrocopter (id=961DFC0DD54BCF458A74E6A5EF960114 pos=<8328.58, 307.16, 1735.21>)
21:27:58.634 [VehicleEnter] Player "Survivor" (id=0nsyEhm9INQy3se8y-fXlbMHVv4YsIXloUCLC2unDyo=) entered vehicle Gyrocopter (id=961DFC0DD54BCF458A74E6A5EF960114 pos=<8328.53, 307.16, 1735.2>) as pilot
21:28:01.812 [VehicleLeave] Player "Survivor" (id=0nsyEhm9INQy3se8y-fXlbMHVv4YsIXloUCLC2unDyo=) left vehicle Gyrocopter (id=961DFC0DD54BCF458A74E6A5EF960114 pos=<8328.52, 307.16, 1735.2>)
21:28:26.566 [VehicleEnter] Player "Survivor" (id=0nsyEhm9INQy3se8y-fXlbMHVv4YsIXloUCLC2unDyo=) entered vehicle Gyrocopter (id=961DFC0DD54BCF458A74E6A5EF960114 pos=<8328.52, 307.16, 1735.2>) as pilot
21:28:28.582 [VehicleEngine] Player "Survivor" (id=0nsyEhm9INQy3se8y-fXlbMHVv4YsIXloUCLC2unDyo=) started vehicle Gyrocopter (id=961DFC0DD54BCF458A74E6A5EF960114 pos=<8328.52, 307.16, 1735.2>)
21:29:56.930 [VehicleEngine] Player "NULL" (id=NULL) stopped vehicle Gyrocopter (id=961DFC0DD54BCF458A74E6A5EF960114 pos=<8316.67, 305.7, 1743.86>)
21:29:56.952 [VehicleLeave] Player "Survivor" (id=0nsyEhm9INQy3se8y-fXlbMHVv4YsIXloUCLC2unDyo=) left vehicle Gyrocopter (id=961DFC0DD54BCF458A74E6A5EF960114 pos=<8316.67, 305.7, 1743.86>)
21:30:34.697 [VehicleEnter] Player "Survivor" (id=0nsyEhm9INQy3se8y-fXlbMHVv4YsIXloUCLC2unDyo=) entered vehicle Gyrocopter (id=961DFC0DD54BCF458A74E6A5EF960114 pos=<8316.64, 305, 1743.96>) as pilot
21:30:38.444 [VehicleEngine] Player "Survivor" (id=0nsyEhm9INQy3se8y-fXlbMHVv4YsIXloUCLC2unDyo=) started vehicle Gyrocopter (id=961DFC0DD54BCF458A74E6A5EF960114 pos=<8316.64, 305, 1743.98>)
21:30:43.694 [VehicleEngine] Player "Survivor" (id=0nsyEhm9INQy3se8y-fXlbMHVv4YsIXloUCLC2unDyo=) stopped vehicle Gyrocopter (id=961DFC0DD54BCF458A74E6A5EF960114 pos=<8316.34, 307.3, 1743.2>)
21:30:49.423 [VehicleEngine] Player "Survivor" (id=0nsyEhm9INQy3se8y-fXlbMHVv4YsIXloUCLC2unDyo=) started vehicle Gyrocopter (id=961DFC0DD54BCF458A74E6A5EF960114 pos=<8317.16, 320.63, 1734.84>)
21:33:10.736 [AI Object Patrol 00204] Spawning 3 East bots at <9189.169922, 291.856995, 6046.990723>
21:33:10.773 [AI Object Patrol 00204] Global patrol count: 1
21:33:10.783 [AI Object Patrol 00204] HelicopterWreck category patrol count: 1
21:35:25.890 [VehicleEngine] Player "NULL" (id=NULL) stopped vehicle Gyrocopter (id=961DFC0DD54BCF458A74E6A5EF960114 pos=<10343.1, 224.01, 5911.57>)
21:35:25.933 [VehicleLeave] Player "Survivor" (id=0nsyEhm9INQy3se8y-fXlbMHVv4YsIXloUCLC2unDyo=) left vehicle Gyrocopter (id=961DFC0DD54BCF458A74E6A5EF960114 pos=<10343.1, 224.01, 5911.57>)
21:35:46.763 [VehicleEnter] Player "Survivor" (id=0nsyEhm9INQy3se8y-fXlbMHVv4YsIXloUCLC2unDyo=) entered vehicle Gyrocopter (id=961DFC0DD54BCF458A74E6A5EF960114 pos=<10343.1, 224.01, 5911.5>) as pilot
21:35:59.995 [VehicleLeave] Player "Survivor" (id=0nsyEhm9INQy3se8y-fXlbMHVv4YsIXloUCLC2unDyo=) left vehicle Gyrocopter (id=961DFC0DD54BCF458A74E6A5EF960114 pos=<10343.1, 224.01, 5911.5>)
21:36:04.279 [VehicleEnter] Player "Survivor" (id=0nsyEhm9INQy3se8y-fXlbMHVv4YsIXloUCLC2unDyo=) entered vehicle Gyrocopter (id=961DFC0DD54BCF458A74E6A5EF960114 pos=<10343.1, 224.01, 5911.5>) as pilot
21:36:06.312 [VehicleEngine] Player "Survivor" (id=0nsyEhm9INQy3se8y-fXlbMHVv4YsIXloUCLC2unDyo=) started vehicle Gyrocopter (id=961DFC0DD54BCF458A74E6A5EF960114 pos=<10343.1, 224.01, 5911.5>)
21:36:10.861 [AI Object Patrol 00204] Despawning 3 East bots (spawn position <9189.169922, 291.856995, 6046.990723>, 0/3 deceased)
21:36:10.875 [AI Object Patrol 00204] Global patrol count: 0
21:36:10.890 [AI Object Patrol 00204] HelicopterWreck category patrol count: 0
21:36:48.917 [AI Object Patrol 00214] Spawning 3 East bots at <11402.694336, 298.163635, 5114.585938>
21:36:48.954 [AI Object Patrol 00214] Global patrol count: 1
21:36:48.964 [AI Object Patrol 00214] HelicopterWreck category patrol count: 1
21:37:04.558 [AI Object Patrol 00205] Spawning 1 East bots at <10457.709961, 317.862000, 4576.385742>
21:37:04.593 [AI Object Patrol 00205] Global patrol count: 2
21:37:04.603 [AI Object Patrol 00205] HelicopterWreck category patrol count: 2
21:39:31.960 [VehicleEngine] Player "NULL" (id=NULL) stopped vehicle Gyrocopter (id=961DFC0DD54BCF458A74E6A5EF960114 pos=<9896.24, 351.73, 3811.65>)
21:39:32.013 [VehicleLeave] Player "Survivor" (id=0nsyEhm9INQy3se8y-fXlbMHVv4YsIXloUCLC2unDyo=) left vehicle Gyrocopter (id=961DFC0DD54BCF458A74E6A5EF960114 pos=<9896.24, 351.73, 3811.66>)
21:44:09.753 [VehicleEnter] Player "Survivor" (id=0nsyEhm9INQy3se8y-fXlbMHVv4YsIXloUCLC2unDyo=) entered vehicle Gyrocopter (id=961DFC0DD54BCF458A74E6A5EF960114 pos=<9896.24, 351.73, 3812.08>) as pilot
21:44:11.430 [VehicleEngine] Player "Survivor" (id=0nsyEhm9INQy3se8y-fXlbMHVv4YsIXloUCLC2unDyo=) started vehicle Gyrocopter (id=961DFC0DD54BCF458A74E6A5EF960114 pos=<9896.24, 351.73, 3812.1>)
21:44:39.541 [AI Object Patrol 00205] Despawning 1 East bots (spawn position <10457.709961, 317.862000, 4576.385742>, 0/1 deceased)
21:44:39.553 [AI Object Patrol 00205] Global patrol count: 1
21:44:39.564 [AI Object Patrol 00205] HelicopterWreck category patrol count: 1
21:47:51.372 [AI Object Patrol 00214] Despawning 3 East bots (spawn position <11402.694336, 298.163635, 5114.585938>, 0/3 deceased)
21:47:51.382 [AI Object Patrol 00214] Global patrol count: 0
21:47:51.392 [AI Object Patrol 00214] HelicopterWreck category patrol count: 0
21:48:11.682 [VehicleEngine] Player "NULL" (id=NULL) stopped vehicle Gyrocopter (id=961DFC0DD54BCF458A74E6A5EF960114 pos=<8339.3, 334.75, 1642.14>)
21:48:11.705 [VehicleLeave] Player "Survivor" (id=0nsyEhm9INQy3se8y-fXlbMHVv4YsIXloUCLC2unDyo=) left vehicle Gyrocopter (id=961DFC0DD54BCF458A74E6A5EF960114 pos=<8339.3, 334.75, 1642.14>)
