06:10:03.613 [Party] Player "Dan" (id=J3DN6WXzRjVAt4j_gUAEgL4v34hqtXpOtTWQ5nCMCS0=) joined the party "Dragon Unyielding" (id=7 ownerUID=J3DN6WXzRjVAt4j_gUAEgL4v34hqtXpOtTWQ5nCMCS0= ownerName=Dan)
06:13:29.557 [MissionAirdrop] An airdrop is heading towards "Radunin" (pos=<7209.000000, 0.000000, 6073.000000> type=Random_Radunin) with a ExpansionAirdropContainer_Military
06:15:08.573 [VehicleEnter] Player "Dan" (id=J3DN6WXzRjVAt4j_gUAEgL4v34hqtXpOtTWQ5nCMCS0=) entered vehicle UH-1H (id=7D817F49FB4D85CAFD4A0E833DDC7CE5 pos=<11469.3, 188.33, 8421.06>) as pilot
06:15:10.325 [VehicleEngine] Player "Dan" (id=J3DN6WXzRjVAt4j_gUAEgL4v34hqtXpOtTWQ5nCMCS0=) started vehicle UH-1H (id=7D817F49FB4D85CAFD4A0E833DDC7CE5 pos=<11469.3, 188.33, 8421.06>)
06:16:40.051 [Killfeed] [Drago] Dan didn't survive flying their UH-1H.
06:17:05.063 [Party] Player "Dan" (id=J3DN6WXzRjVAt4j_gUAEgL4v34hqtXpOtTWQ5nCMCS0=) joined the party "Dragon Unyielding" (id=7 ownerUID=J3DN6WXzRjVAt4j_gUAEgL4v34hqtXpOtTWQ5nCMCS0= ownerName=Dan)
06:17:18.693 [SpawnSelection] Player "Dan" (id=J3DN6WXzRjVAt4j_gUAEgL4v34hqtXpOtTWQ5nCMCS0=) spawned at <9812.469727, 208.270996, 8597.160156>
06:17:29.770 [VehicleEngine] Player "Dan" (id=J3DN6WXzRjVAt4j_gUAEgL4v34hqtXpOtTWQ5nCMCS0=) stopped vehicle UH-1H (id=7D817F49FB4D85CAFD4A0E833DDC7CE5 pos=<11004.8, 194.74, 8689.38>)
06:17:29.780 [VehicleDestroyed] ExpansionUh1h_Uber (id=7D817F49FB4D85CAFD4A0E833DDC7CE5 pos=<11004.8, 194.74, 8689.38>)
06:19:40.350 [GraveStone] Spawned GraveStone for Survivor at position 0x00000000360236b4 {<11012.7,191.844,8682.9>}
06:48:00.414 [VehicleDeleted] ExpansionUh1h_Uber (id=7D817F49FB4D85CAFD4A0E833DDC7CE5 pos=<11013.2, 193.82, 8684.83>)
06:49:17.975 [VehicleDestroyed] ExpansionUh1h_Resistance (id=F003D39FF54A6787970FCA8F091F1364 pos=<1228.15, 169.11, 7566.31>)
06:49:34.795 [VehicleDestroyed] ExpansionUh1h_Resistance (id=B6A97554454FB2F2950EFA9A4B5BF543 pos=<7924.74, 169.43, 11833.5>)
06:55:17.302 [AI Object Patrol 00029] Spawning 2 West bots at <8373.952148, 294.516418, 7544.176270>
06:55:17.336 [AI Object Patrol 00029] Global patrol count: 1
06:55:17.347 [AI Object Patrol 00029] HelicopterWreck category patrol count: 1
06:55:28.200 [VehicleDeleted] ExpansionUh1h_Resistance (id=F003D39FF54A6787970FCA8F091F1364 pos=<1230.41, 168.73, 7567.15>)
06:55:56.199 [VehicleDeleted] ExpansionUh1h_Resistance (id=B6A97554454FB2F2950EFA9A4B5BF543 pos=<7924.87, 169.44, 11833.5>)
07:02:05.774 [VehicleEnter] Player "Dan" (id=J3DN6WXzRjVAt4j_gUAEgL4v34hqtXpOtTWQ5nCMCS0=) entered vehicle UH-1H (id=97187DB64D421D7D70C493A6269B4D98 pos=<8931.54, 295.93, 6325.04>) as pilot
07:02:10.145 [VehicleEngine] Player "Dan" (id=J3DN6WXzRjVAt4j_gUAEgL4v34hqtXpOtTWQ5nCMCS0=) started vehicle UH-1H (id=97187DB64D421D7D70C493A6269B4D98 pos=<8931.53, 295.93, 6325.14>)
07:02:15.759 [VehicleEngine] Player "Dan" (id=J3DN6WXzRjVAt4j_gUAEgL4v34hqtXpOtTWQ5nCMCS0=) stopped vehicle UH-1H (id=97187DB64D421D7D70C493A6269B4D98 pos=<8931.53, 295.94, 6325.25>)
07:02:21.044 [VehicleLeave] Player "Dan" (id=J3DN6WXzRjVAt4j_gUAEgL4v34hqtXpOtTWQ5nCMCS0=) left vehicle UH-1H (id=97187DB64D421D7D70C493A6269B4D98 pos=<8931.52, 295.95, 6325.37>)
07:06:29.361 [AI Object Patrol 00029] Despawning 2 West bots (spawn position <8373.952148, 294.516418, 7544.176270>, 0/2 deceased)
07:06:29.372 [AI Object Patrol 00029] Global patrol count: 0
07:06:29.382 [AI Object Patrol 00029] HelicopterWreck category patrol count: 0
07:17:38.180 [VehicleEnter] Player "Dan" (id=J3DN6WXzRjVAt4j_gUAEgL4v34hqtXpOtTWQ5nCMCS0=) entered vehicle UH-1H (id=97187DB64D421D7D70C493A6269B4D98 pos=<8931.51, 295.97, 6325.65>) as pilot
07:17:40.328 [VehicleEngine] Player "Dan" (id=J3DN6WXzRjVAt4j_gUAEgL4v34hqtXpOtTWQ5nCMCS0=) started vehicle UH-1H (id=97187DB64D421D7D70C493A6269B4D98 pos=<8931.51, 295.97, 6325.69>)
07:24:33.530 [VehicleEngine] Player "Dan" (id=J3DN6WXzRjVAt4j_gUAEgL4v34hqtXpOtTWQ5nCMCS0=) stopped vehicle UH-1H (id=97187DB64D421D7D70C493A6269B4D98 pos=<11064.3, 217.84, 8428.86>)
07:24:43.360 [VehicleLeave] Player "Dan" (id=J3DN6WXzRjVAt4j_gUAEgL4v34hqtXpOtTWQ5nCMCS0=) left vehicle UH-1H (id=97187DB64D421D7D70C493A6269B4D98 pos=<11064.3, 217.84, 8428.86>)
07:30:35.895 [VehicleEnter] Player "Dan" (id=J3DN6WXzRjVAt4j_gUAEgL4v34hqtXpOtTWQ5nCMCS0=) entered vehicle UH-1H (id=97187DB64D421D7D70C493A6269B4D98 pos=<11064.3, 217.84, 8428.86>) as pilot
07:30:37.380 [VehicleEngine] Player "Dan" (id=J3DN6WXzRjVAt4j_gUAEgL4v34hqtXpOtTWQ5nCMCS0=) started vehicle UH-1H (id=97187DB64D421D7D70C493A6269B4D98 pos=<11064.3, 217.84, 8428.86>)
07:33:09.582 [AI Patrol 00018] Spawning 3 East bots at <9348.253906, 222.448486, 10647.880859>
07:33:09.631 [AI Patrol 00018] Global patrol count: 1
07:33:09.643 [AI Patrol 00018] Patrol category patrol count: 1
07:33:48.113 [AI Object Patrol 00043] Spawning 2 West bots at <7686.397461, 329.920685, 10109.425781>
07:33:48.152 [AI Object Patrol 00043] Global patrol count: 2
07:33:48.162 [AI Object Patrol 00043] ContaminatedArea category patrol count: 1
07:35:52.001 [VehicleEngine] Player "Dan" (id=J3DN6WXzRjVAt4j_gUAEgL4v34hqtXpOtTWQ5nCMCS0=) stopped vehicle UH-1H (id=97187DB64D421D7D70C493A6269B4D98 pos=<6557.12, 210.78, 8457>)
07:36:02.440 [VehicleEngine] Player "Dan" (id=J3DN6WXzRjVAt4j_gUAEgL4v34hqtXpOtTWQ5nCMCS0=) started vehicle UH-1H (id=97187DB64D421D7D70C493A6269B4D98 pos=<6565.74, 206.23, 8466.94>)
07:37:15.664 [VehicleEngine] Player "Dan" (id=J3DN6WXzRjVAt4j_gUAEgL4v34hqtXpOtTWQ5nCMCS0=) stopped vehicle UH-1H (id=97187DB64D421D7D70C493A6269B4D98 pos=<6563.28, 206.56, 8402.91>)
07:37:21.961 [VehicleLeave] Player "Dan" (id=J3DN6WXzRjVAt4j_gUAEgL4v34hqtXpOtTWQ5nCMCS0=) left vehicle UH-1H (id=97187DB64D421D7D70C493A6269B4D98 pos=<6563.52, 206.58, 8402.87>)
07:39:37.185 [MissionAirdrop] An airdrop is heading towards "NWAF" (pos=<3478.000000, 0.000000, 10130.000000> type=Random_NWAF) with a ExpansionAirdropContainer_Basebuilding
07:43:28.481 [AI Patrol 00018] Despawning 3 East bots (spawn position <9348.253906, 222.448486, 10647.880859>, 0/3 deceased)
07:43:28.491 [AI Patrol 00018] Global patrol count: 1
07:43:28.501 [AI Patrol 00018] Patrol category patrol count: 0
07:44:45.996 [AI Object Patrol 00043] Despawning 2 West bots (spawn position <7686.397461, 329.920685, 10109.425781>, 0/2 deceased)
07:44:46.006 [AI Object Patrol 00043] Global patrol count: 0
07:44:46.016 [AI Object Patrol 00043] ContaminatedArea category patrol count: 0
07:52:20.686 [Party] Player "Dan" (id=J3DN6WXzRjVAt4j_gUAEgL4v34hqtXpOtTWQ5nCMCS0=) left the party "Dragon Unyielding" (id=7 ownerUID=J3DN6WXzRjVAt4j_gUAEgL4v34hqtXpOtTWQ5nCMCS0= ownerName=Dan)
08:28:02.727 [VehicleEnter] Player "Bad Boy" (id=7EOOpe6Cv8QB45p22zWB29TPheQCYualmurDzSA3CR0=) entered vehicle Land Rover Defender (id=84FC80BCDA4ACD60EE080B92ADAD38B6 pos=<6092.57, 173.56, 10668.5>) as driver
08:28:04.577 [VehicleEngine] Player "Bad Boy" (id=7EOOpe6Cv8QB45p22zWB29TPheQCYualmurDzSA3CR0=) started vehicle Land Rover Defender (id=84FC80BCDA4ACD60EE080B92ADAD38B6 pos=<6092.57, 173.56, 10668.5>)
08:28:14.118 [VehicleLeave] Player "Bad Boy" (id=7EOOpe6Cv8QB45p22zWB29TPheQCYualmurDzSA3CR0=) left vehicle Land Rover Defender (id=84FC80BCDA4ACD60EE080B92ADAD38B6 pos=<6092.57, 173.56, 10668.5>)
08:28:34.634 [VehicleEnter] Player "Bad Boy" (id=7EOOpe6Cv8QB45p22zWB29TPheQCYualmurDzSA3CR0=) entered vehicle Land Rover Defender (id=84FC80BCDA4ACD60EE080B92ADAD38B6 pos=<6092.57, 173.56, 10668.5>) as driver
08:28:52.323 [VehicleEngine] Player "NULL" (id=NULL) stopped vehicle Land Rover Defender (id=84FC80BCDA4ACD60EE080B92ADAD38B6 pos=<6078.29, 171.52, 10681>)
08:28:52.365 [VehicleLeave] Player "Bad Boy" (id=7EOOpe6Cv8QB45p22zWB29TPheQCYualmurDzSA3CR0=) left vehicle Land Rover Defender (id=84FC80BCDA4ACD60EE080B92ADAD38B6 pos=<6078.29, 171.52, 10681>)
08:29:02.716 [VehicleEnter] Player "Bad Boy" (id=7EOOpe6Cv8QB45p22zWB29TPheQCYualmurDzSA3CR0=) entered vehicle Land Rover Defender (id=84FC80BCDA4ACD60EE080B92ADAD38B6 pos=<6078.29, 171.52, 10681>) as driver
08:29:10.877 [VehicleEngine] Player "Bad Boy" (id=7EOOpe6Cv8QB45p22zWB29TPheQCYualmurDzSA3CR0=) started vehicle Land Rover Defender (id=84FC80BCDA4ACD60EE080B92ADAD38B6 pos=<6078.29, 171.52, 10681>)
08:30:17.921 [AI Object Patrol 00011] Spawning 1 West bots at <4357.801270, 237.253799, 10431.570313>
08:30:18.023 [AI Object Patrol 00011] Global patrol count: 1
08:30:18.093 [AI Object Patrol 00011] ContaminatedArea category patrol count: 1
08:31:12.070 [AI Object Patrol 00012] Spawning 3 West bots at <3945.810059, 238.099167, 10193.923828>
08:31:12.112 [AI Object Patrol 00012] Global patrol count: 2
08:31:12.123 [AI Object Patrol 00012] ContaminatedArea category patrol count: 2
08:35:55.598 [VehicleEngine] Player "NULL" (id=NULL) stopped vehicle Land Rover Defender (id=84FC80BCDA4ACD60EE080B92ADAD38B6 pos=<1319.52, 369.25, 11474.6>)
08:35:55.744 [VehicleLeave] Player "Bad Boy" (id=7EOOpe6Cv8QB45p22zWB29TPheQCYualmurDzSA3CR0=) left vehicle Land Rover Defender (id=84FC80BCDA4ACD60EE080B92ADAD38B6 pos=<1319.52, 369.25, 11474.6>)
08:36:04.838 [VehicleEnter] Player "Bad Boy" (id=7EOOpe6Cv8QB45p22zWB29TPheQCYualmurDzSA3CR0=) entered vehicle Land Rover Defender (id=84FC80BCDA4ACD60EE080B92ADAD38B6 pos=<1319.52, 369.25, 11474.6>) as driver
08:36:10.544 [VehicleEngine] Player "Bad Boy" (id=7EOOpe6Cv8QB45p22zWB29TPheQCYualmurDzSA3CR0=) started vehicle Land Rover Defender (id=84FC80BCDA4ACD60EE080B92ADAD38B6 pos=<1319.52, 369.25, 11474.6>)
08:36:22.858 [Party] Player "Dan" (id=J3DN6WXzRjVAt4j_gUAEgL4v34hqtXpOtTWQ5nCMCS0=) joined the party "Dragon Unyielding" (id=7 ownerUID=J3DN6WXzRjVAt4j_gUAEgL4v34hqtXpOtTWQ5nCMCS0= ownerName=Dan)
08:36:24.110 [VehicleEngine] Player "NULL" (id=NULL) stopped vehicle Land Rover Defender (id=84FC80BCDA4ACD60EE080B92ADAD38B6 pos=<1327.07, 370.47, 11468>)
08:36:24.153 [VehicleLeave] Player "Bad Boy" (id=7EOOpe6Cv8QB45p22zWB29TPheQCYualmurDzSA3CR0=) left vehicle Land Rover Defender (id=84FC80BCDA4ACD60EE080B92ADAD38B6 pos=<1327.07, 370.47, 11468>)
08:37:12.495 [Chat - Global]("Dan"(id=J3DN6WXzRjVAt4j_gUAEgL4v34hqtXpOtTWQ5nCMCS0=)): hello !
08:42:12.700 [AI Object Patrol 00011] Despawning 1 West bots (spawn position <4357.801270, 237.253799, 10431.570313>, 0/1 deceased)
08:42:12.718 [AI Object Patrol 00011] Global patrol count: 1
08:42:12.736 [AI Object Patrol 00011] ContaminatedArea category patrol count: 1
08:42:13.661 [AI Object Patrol 00052] Spawning 1 West bots at <2042.257080, 290.098450, 11194.296875>
08:42:13.705 [AI Object Patrol 00052] Global patrol count: 2
08:42:13.715 [AI Object Patrol 00052] ContaminatedArea category patrol count: 2
08:42:47.705 [AI Object Patrol 00012] Despawning 3 West bots (spawn position <3945.810059, 238.099167, 10193.923828>, 0/3 deceased)
08:42:47.715 [AI Object Patrol 00012] Global patrol count: 1
08:42:47.725 [AI Object Patrol 00012] ContaminatedArea category patrol count: 1
08:43:15.908 [VehicleEnter] Player "Dan" (id=J3DN6WXzRjVAt4j_gUAEgL4v34hqtXpOtTWQ5nCMCS0=) entered vehicle UH-1H (id=97187DB64D421D7D70C493A6269B4D98 pos=<6564.63, 206.56, 8403.59>) as pilot
08:43:20.739 [VehicleLeave] Player "Dan" (id=J3DN6WXzRjVAt4j_gUAEgL4v34hqtXpOtTWQ5nCMCS0=) left vehicle UH-1H (id=97187DB64D421D7D70C493A6269B4D98 pos=<6564.69, 206.56, 8403.6>)
08:43:43.138 [VehicleEnter] Player "Dan" (id=J3DN6WXzRjVAt4j_gUAEgL4v34hqtXpOtTWQ5nCMCS0=) entered vehicle UH-1H (id=97187DB64D421D7D70C493A6269B4D98 pos=<6564.72, 206.56, 8403.61>) as pilot
08:43:44.811 [VehicleEngine] Player "Dan" (id=J3DN6WXzRjVAt4j_gUAEgL4v34hqtXpOtTWQ5nCMCS0=) started vehicle UH-1H (id=97187DB64D421D7D70C493A6269B4D98 pos=<6564.74, 206.56, 8403.61>)
08:44:57.873 [AI Object Patrol 00055] Spawning 2 East bots at <7793.859863, 256.277924, 7873.987305>
08:44:57.912 [AI Object Patrol 00055] Global patrol count: 2
08:44:57.922 [AI Object Patrol 00055] HelicopterWreck category patrol count: 1
08:46:53.799 [AI Patrol 00017] Spawning 2 East bots at <9335.373047, 195.782715, 10937.146484>
08:46:53.843 [AI Patrol 00017] Global patrol count: 3
08:46:53.854 [AI Patrol 00017] Patrol category patrol count: 1
08:48:42.206 [Chat - Global]("Bad Boy"(id=7EOOpe6Cv8QB45p22zWB29TPheQCYualmurDzSA3CR0=)): That you shooting?
08:49:06.112 [Chat - Global]("Dan"(id=J3DN6WXzRjVAt4j_gUAEgL4v34hqtXpOtTWQ5nCMCS0=)): no
08:49:39.745 [Chat - Global]("Dan"(id=J3DN6WXzRjVAt4j_gUAEgL4v34hqtXpOtTWQ5nCMCS0=)): i am flying
08:50:58.245 [VehicleEnter] Player "Bad Boy" (id=7EOOpe6Cv8QB45p22zWB29TPheQCYualmurDzSA3CR0=) entered vehicle Land Rover Defender (id=84FC80BCDA4ACD60EE080B92ADAD38B6 pos=<1327.07, 370.47, 11468>) as driver
08:51:00.682 [VehicleEngine] Player "Bad Boy" (id=7EOOpe6Cv8QB45p22zWB29TPheQCYualmurDzSA3CR0=) started vehicle Land Rover Defender (id=84FC80BCDA4ACD60EE080B92ADAD38B6 pos=<1327.07, 370.47, 11468>)
08:51:12.497 [VehicleEngine] Player "NULL" (id=NULL) stopped vehicle Land Rover Defender (id=84FC80BCDA4ACD60EE080B92ADAD38B6 pos=<1310.38, 369, 11477.8>)
08:51:12.522 [VehicleLeave] Player "Bad Boy" (id=7EOOpe6Cv8QB45p22zWB29TPheQCYualmurDzSA3CR0=) left vehicle Land Rover Defender (id=84FC80BCDA4ACD60EE080B92ADAD38B6 pos=<1310.38, 369, 11477.8>)
08:51:23.783 [VehicleEnter] Player "Bad Boy" (id=7EOOpe6Cv8QB45p22zWB29TPheQCYualmurDzSA3CR0=) entered vehicle Land Rover Defender (id=84FC80BCDA4ACD60EE080B92ADAD38B6 pos=<1310.38, 369, 11477.8>) as driver
08:52:19.787 [VehicleEngine] Player "Bad Boy" (id=7EOOpe6Cv8QB45p22zWB29TPheQCYualmurDzSA3CR0=) started vehicle Land Rover Defender (id=84FC80BCDA4ACD60EE080B92ADAD38B6 pos=<1310.38, 369, 11477.8>)
08:53:29.760 [VehicleEngine] Player "NULL" (id=NULL) stopped vehicle UH-1H (id=97187DB64D421D7D70C493A6269B4D98 pos=<5896.26, 182.53, 9988.79>)
08:53:30.234 [VehicleLeave] Player "Dan" (id=J3DN6WXzRjVAt4j_gUAEgL4v34hqtXpOtTWQ5nCMCS0=) left vehicle UH-1H (id=97187DB64D421D7D70C493A6269B4D98 pos=<5896.26, 182.52, 9988.78>)
08:54:04.856 [VehicleEnter] Player "Dan" (id=J3DN6WXzRjVAt4j_gUAEgL4v34hqtXpOtTWQ5nCMCS0=) entered vehicle UH-1H (id=745DFB2AEB441DE630FC8FA24E297540 pos=<5915.59, 188.39, 9947.44>) as pilot
08:54:07.503 [VehicleEngine] Player "Dan" (id=J3DN6WXzRjVAt4j_gUAEgL4v34hqtXpOtTWQ5nCMCS0=) started vehicle UH-1H (id=745DFB2AEB441DE630FC8FA24E297540 pos=<5915.58, 188.39, 9947.44>)
08:54:27.739 [Party] Player "ANDREIOP" (id=RPd_iZVcpi1DOT_Dnx3wP3FOqPFObu0R2r1Jv-D3kDY=) joined the party "Dragon Unyielding" (id=7 ownerUID=J3DN6WXzRjVAt4j_gUAEgL4v34hqtXpOtTWQ5nCMCS0= ownerName=Dan)
08:54:58.489 [VehicleEngine] Player "Dan" (id=J3DN6WXzRjVAt4j_gUAEgL4v34hqtXpOtTWQ5nCMCS0=) stopped vehicle UH-1H (id=745DFB2AEB441DE630FC8FA24E297540 pos=<5932.89, 186.29, 9951.13>)
08:55:02.497 [VehicleLeave] Player "Dan" (id=J3DN6WXzRjVAt4j_gUAEgL4v34hqtXpOtTWQ5nCMCS0=) left vehicle UH-1H (id=745DFB2AEB441DE630FC8FA24E297540 pos=<5932.91, 186.3, 9951.1>)
08:55:13.221 [AI Object Patrol 00055] Despawning 2 East bots (spawn position <7793.859863, 256.277924, 7873.987305>, 0/2 deceased)
08:55:13.230 [AI Object Patrol 00055] Global patrol count: 2
08:55:13.240 [AI Object Patrol 00055] HelicopterWreck category patrol count: 0
08:55:20.178 [Chat - Global]("Dan"(id=J3DN6WXzRjVAt4j_gUAEgL4v34hqtXpOtTWQ5nCMCS0=)): are you near the water 
08:55:28.656 [AI Object Patrol 00013] Spawning 1 West bots at <3702.860596, 231.462402, 10402.825195>
08:55:28.699 [AI Object Patrol 00013] Global patrol count: 3
08:55:28.709 [AI Object Patrol 00013] ContaminatedArea category patrol count: 2
08:55:30.033 [Chat - Global]("Bad Boy"(id=7EOOpe6Cv8QB45p22zWB29TPheQCYualmurDzSA3CR0=)): The river>
08:55:32.173 [Chat - Global]("Dan"(id=J3DN6WXzRjVAt4j_gUAEgL4v34hqtXpOtTWQ5nCMCS0=)): near Soboka?
08:55:44.965 [Chat - Global]("Bad Boy"(id=7EOOpe6Cv8QB45p22zWB29TPheQCYualmurDzSA3CR0=)): No.
08:56:04.887 [Chat - Global]("Dan"(id=J3DN6WXzRjVAt4j_gUAEgL4v34hqtXpOtTWQ5nCMCS0=)): i flip the choper on the field there
08:56:14.862 [VehicleEnter] Player "Dan" (id=J3DN6WXzRjVAt4j_gUAEgL4v34hqtXpOtTWQ5nCMCS0=) entered vehicle UH-1H (id=97187DB64D421D7D70C493A6269B4D98 pos=<5896.31, 182.5, 9988.77>) as pilot
08:56:16.296 [VehicleEngine] Player "Dan" (id=J3DN6WXzRjVAt4j_gUAEgL4v34hqtXpOtTWQ5nCMCS0=) started vehicle UH-1H (id=97187DB64D421D7D70C493A6269B4D98 pos=<5896.31, 182.5, 9988.77>)
08:58:38.453 [AI Patrol 00017] Despawning 2 East bots (spawn position <9335.373047, 195.782715, 10937.146484>, 0/2 deceased)
08:58:38.463 [AI Patrol 00017] Global patrol count: 2
08:58:38.472 [AI Patrol 00017] Patrol category patrol count: 0
08:59:30.530 [VehicleEngine] Player "NULL" (id=NULL) stopped vehicle Land Rover Defender (id=84FC80BCDA4ACD60EE080B92ADAD38B6 pos=<6081.62, 171.58, 10677.1>)
08:59:30.566 [VehicleLeave] Player "Bad Boy" (id=7EOOpe6Cv8QB45p22zWB29TPheQCYualmurDzSA3CR0=) left vehicle Land Rover Defender (id=84FC80BCDA4ACD60EE080B92ADAD38B6 pos=<6081.62, 171.58, 10677.1>)
08:59:39.433 [VehicleEnter] Player "Bad Boy" (id=7EOOpe6Cv8QB45p22zWB29TPheQCYualmurDzSA3CR0=) entered vehicle Land Rover Defender (id=84FC80BCDA4ACD60EE080B92ADAD38B6 pos=<6081.54, 171.58, 10677.1>) as driver
08:59:43.555 [VehicleEngine] Player "Bad Boy" (id=7EOOpe6Cv8QB45p22zWB29TPheQCYualmurDzSA3CR0=) started vehicle Land Rover Defender (id=84FC80BCDA4ACD60EE080B92ADAD38B6 pos=<6081.46, 171.57, 10677.1>)
08:59:56.355 [VehicleEngine] Player "NULL" (id=NULL) stopped vehicle Land Rover Defender (id=84FC80BCDA4ACD60EE080B92ADAD38B6 pos=<6095.99, 173.58, 10665.7>)
08:59:56.389 [VehicleLeave] Player "Bad Boy" (id=7EOOpe6Cv8QB45p22zWB29TPheQCYualmurDzSA3CR0=) left vehicle Land Rover Defender (id=84FC80BCDA4ACD60EE080B92ADAD38B6 pos=<6095.99, 173.58, 10665.7>)
09:04:51.566 [AI Object Patrol 00052] Despawning 1 West bots (spawn position <2042.257080, 290.098450, 11194.296875>, 0/1 deceased)
09:04:51.665 [AI Object Patrol 00052] Global patrol count: 1
09:04:51.675 [AI Object Patrol 00052] ContaminatedArea category patrol count: 1
09:06:36.930 [VehicleEngine] Player "Dan" (id=J3DN6WXzRjVAt4j_gUAEgL4v34hqtXpOtTWQ5nCMCS0=) stopped vehicle UH-1H (id=97187DB64D421D7D70C493A6269B4D98 pos=<11518.2, 180.49, 9370.87>)
09:06:47.537 [VehicleLeave] Player "Dan" (id=J3DN6WXzRjVAt4j_gUAEgL4v34hqtXpOtTWQ5nCMCS0=) left vehicle UH-1H (id=97187DB64D421D7D70C493A6269B4D98 pos=<11518.2, 180.48, 9370.78>)
09:07:18.520 [AI Object Patrol 00013] Despawning 1 West bots (spawn position <3702.860596, 231.462402, 10402.825195>, 0/1 deceased)
09:07:18.617 [AI Object Patrol 00013] Global patrol count: 0
09:07:18.744 [AI Object Patrol 00013] ContaminatedArea category patrol count: 0
09:07:37.215 [MissionAirdrop] An airdrop is heading towards "Karlin" (pos=<9975.000000, 0.000000, 7242.000000> type=Random_Karlin) with a ExpansionAirdropContainer_Military
09:20:39.673 [VehicleEnter] Player "Bad Boy" (id=7EOOpe6Cv8QB45p22zWB29TPheQCYualmurDzSA3CR0=) entered vehicle Land Rover Defender (id=84FC80BCDA4ACD60EE080B92ADAD38B6 pos=<6095.99, 173.58, 10665.7>) as driver
09:20:44.671 [VehicleEngine] Player "Bad Boy" (id=7EOOpe6Cv8QB45p22zWB29TPheQCYualmurDzSA3CR0=) started vehicle Land Rover Defender (id=84FC80BCDA4ACD60EE080B92ADAD38B6 pos=<6095.99, 173.58, 10665.7>)
09:20:58.278 [VehicleEngine] Player "NULL" (id=NULL) stopped vehicle Land Rover Defender (id=84FC80BCDA4ACD60EE080B92ADAD38B6 pos=<6065.74, 172.62, 10675.6>)
09:20:58.311 [VehicleLeave] Player "Bad Boy" (id=7EOOpe6Cv8QB45p22zWB29TPheQCYualmurDzSA3CR0=) left vehicle Land Rover Defender (id=84FC80BCDA4ACD60EE080B92ADAD38B6 pos=<6065.74, 172.62, 10675.6>)
09:21:19.202 [VehicleEnter] Player "Bad Boy" (id=7EOOpe6Cv8QB45p22zWB29TPheQCYualmurDzSA3CR0=) entered vehicle Land Rover Defender (id=84FC80BCDA4ACD60EE080B92ADAD38B6 pos=<6065.74, 172.62, 10675.6>) as driver
09:21:26.247 [VehicleEngine] Player "Bad Boy" (id=7EOOpe6Cv8QB45p22zWB29TPheQCYualmurDzSA3CR0=) started vehicle Land Rover Defender (id=84FC80BCDA4ACD60EE080B92ADAD38B6 pos=<6065.74, 172.62, 10675.6>)
09:21:41.778 [VehicleEngine] Player "NULL" (id=NULL) stopped vehicle Land Rover Defender (id=84FC80BCDA4ACD60EE080B92ADAD38B6 pos=<6074.2, 171.68, 10678.5>)
09:21:41.789 [VehicleLeave] Player "Bad Boy" (id=7EOOpe6Cv8QB45p22zWB29TPheQCYualmurDzSA3CR0=) left vehicle Land Rover Defender (id=84FC80BCDA4ACD60EE080B92ADAD38B6 pos=<6074.2, 171.68, 10678.5>)
09:21:52.367 [VehicleEnter] Player "Bad Boy" (id=7EOOpe6Cv8QB45p22zWB29TPheQCYualmurDzSA3CR0=) entered vehicle Land Rover Defender (id=84FC80BCDA4ACD60EE080B92ADAD38B6 pos=<6074.2, 171.68, 10678.5>) as driver
09:21:55.349 [VehicleEngine] Player "Bad Boy" (id=7EOOpe6Cv8QB45p22zWB29TPheQCYualmurDzSA3CR0=) started vehicle Land Rover Defender (id=84FC80BCDA4ACD60EE080B92ADAD38B6 pos=<6074.2, 171.68, 10678.5>)
09:25:45.658 [VehicleEnter] Player "Dan" (id=J3DN6WXzRjVAt4j_gUAEgL4v34hqtXpOtTWQ5nCMCS0=) entered vehicle UH-1H (id=97187DB64D421D7D70C493A6269B4D98 pos=<11517.4, 180.43, 9370.6>) as pilot
09:25:49.633 [VehicleLeave] Player "Dan" (id=J3DN6WXzRjVAt4j_gUAEgL4v34hqtXpOtTWQ5nCMCS0=) left vehicle UH-1H (id=97187DB64D421D7D70C493A6269B4D98 pos=<11517.4, 180.43, 9370.6>)
09:28:09.403 [VehicleEnter] Player "Dan" (id=J3DN6WXzRjVAt4j_gUAEgL4v34hqtXpOtTWQ5nCMCS0=) entered vehicle UH-1H (id=97187DB64D421D7D70C493A6269B4D98 pos=<11517.3, 180.43, 9370.6>) as pilot
09:28:10.877 [VehicleEngine] Player "Dan" (id=J3DN6WXzRjVAt4j_gUAEgL4v34hqtXpOtTWQ5nCMCS0=) started vehicle UH-1H (id=97187DB64D421D7D70C493A6269B4D98 pos=<11517.3, 180.42, 9370.6>)
09:28:40.935 [VehicleEngine] Player "NULL" (id=NULL) stopped vehicle Land Rover Defender (id=84FC80BCDA4ACD60EE080B92ADAD38B6 pos=<1317.35, 368.83, 11474.7>)
09:28:40.971 [VehicleLeave] Player "Bad Boy" (id=7EOOpe6Cv8QB45p22zWB29TPheQCYualmurDzSA3CR0=) left vehicle Land Rover Defender (id=84FC80BCDA4ACD60EE080B92ADAD38B6 pos=<1317.35, 368.83, 11474.7>)
09:28:48.761 [VehicleEnter] Player "Bad Boy" (id=7EOOpe6Cv8QB45p22zWB29TPheQCYualmurDzSA3CR0=) entered vehicle Land Rover Defender (id=84FC80BCDA4ACD60EE080B92ADAD38B6 pos=<1317.35, 368.84, 11474.7>) as driver
09:28:53.559 [VehicleEngine] Player "Bad Boy" (id=7EOOpe6Cv8QB45p22zWB29TPheQCYualmurDzSA3CR0=) started vehicle Land Rover Defender (id=84FC80BCDA4ACD60EE080B92ADAD38B6 pos=<1317.35, 368.83, 11474.7>)
09:29:01.329 [VehicleEngine] Player "NULL" (id=NULL) stopped vehicle Land Rover Defender (id=84FC80BCDA4ACD60EE080B92ADAD38B6 pos=<1326.69, 370.47, 11467.6>)
09:29:01.372 [VehicleLeave] Player "Bad Boy" (id=7EOOpe6Cv8QB45p22zWB29TPheQCYualmurDzSA3CR0=) left vehicle Land Rover Defender (id=84FC80BCDA4ACD60EE080B92ADAD38B6 pos=<1326.69, 370.47, 11467.6>)
09:30:08.592 [AI Object Patrol 00066] Spawning 3 West bots at <9413.875000, 252.250977, 8112.282715>
09:30:08.634 [AI Object Patrol 00066] Global patrol count: 1
09:30:08.645 [AI Object Patrol 00066] HelicopterWreck category patrol count: 1
09:31:17.857 [AI Object Patrol 00068] Spawning 3 West bots at <7923.188965, 331.482971, 10091.301758>
09:31:17.892 [AI Object Patrol 00068] Global patrol count: 2
09:31:17.901 [AI Object Patrol 00068] ContaminatedArea category patrol count: 1
09:31:47.886 [AI Object Patrol 00062] Spawning 2 East bots at <7773.071289, 296.092896, 8991.206055>
09:31:47.915 [AI Object Patrol 00062] Global patrol count: 3
09:31:47.925 [AI Object Patrol 00062] HelicopterWreck category patrol count: 2
09:35:16.400 [VehicleEngine] Player "Dan" (id=J3DN6WXzRjVAt4j_gUAEgL4v34hqtXpOtTWQ5nCMCS0=) stopped vehicle UH-1H (id=97187DB64D421D7D70C493A6269B4D98 pos=<7873.73, 320.79, 9819.64>)
09:35:34.407 [VehicleLeave] Player "Dan" (id=J3DN6WXzRjVAt4j_gUAEgL4v34hqtXpOtTWQ5nCMCS0=) left vehicle UH-1H (id=97187DB64D421D7D70C493A6269B4D98 pos=<7874.56, 320.73, 9819.78>)
09:37:44.078 [VehicleEnter] Player "Dan" (id=J3DN6WXzRjVAt4j_gUAEgL4v34hqtXpOtTWQ5nCMCS0=) entered vehicle UH-1H (id=152C864F9E4D5B60A3578284C1FE4479 pos=<7883.49, 320.55, 9802.19>) as pilot
09:37:49.744 [VehicleLeave] Player "Dan" (id=J3DN6WXzRjVAt4j_gUAEgL4v34hqtXpOtTWQ5nCMCS0=) left vehicle UH-1H (id=152C864F9E4D5B60A3578284C1FE4479 pos=<7883.49, 320.55, 9802.19>)
09:38:43.917 [Killfeed] AI Maria (West) got killed by [Drago] Dan with SNAFU Scar-H OD from a distance of 19 m.
09:40:45.502 [AI Object Patrol 00066] Despawning 3 West bots (spawn position <9413.875000, 252.250977, 8112.282715>, 0/3 deceased)
09:40:45.512 [AI Object Patrol 00066] Global patrol count: 2
09:40:45.521 [AI Object Patrol 00066] HelicopterWreck category patrol count: 1
09:44:32.466 [Killfeed] AI Frida (West) got killed by [Drago] Dan with RPK-16 Tan from a distance of 17 m.
09:49:58.960 [VehicleEnter] Player "Bad Boy" (id=7EOOpe6Cv8QB45p22zWB29TPheQCYualmurDzSA3CR0=) entered vehicle Land Rover Defender (id=84FC80BCDA4ACD60EE080B92ADAD38B6 pos=<1326.69, 370.47, 11467.6>) as driver
09:50:01.782 [VehicleEngine] Player "Bad Boy" (id=7EOOpe6Cv8QB45p22zWB29TPheQCYualmurDzSA3CR0=) started vehicle Land Rover Defender (id=84FC80BCDA4ACD60EE080B92ADAD38B6 pos=<1326.69, 370.47, 11467.6>)
09:50:18.075 [VehicleEngine] Player "NULL" (id=NULL) stopped vehicle Land Rover Defender (id=84FC80BCDA4ACD60EE080B92ADAD38B6 pos=<1315.54, 366.45, 11483.6>)
09:50:18.110 [VehicleLeave] Player "Bad Boy" (id=7EOOpe6Cv8QB45p22zWB29TPheQCYualmurDzSA3CR0=) left vehicle Land Rover Defender (id=84FC80BCDA4ACD60EE080B92ADAD38B6 pos=<1315.54, 366.45, 11483.6>)
09:50:29.006 [VehicleEnter] Player "Bad Boy" (id=7EOOpe6Cv8QB45p22zWB29TPheQCYualmurDzSA3CR0=) entered vehicle Land Rover Defender (id=84FC80BCDA4ACD60EE080B92ADAD38B6 pos=<1315.54, 366.45, 11483.6>) as driver
09:50:39.879 [VehicleLeave] Player "Bad Boy" (id=7EOOpe6Cv8QB45p22zWB29TPheQCYualmurDzSA3CR0=) left vehicle Land Rover Defender (id=84FC80BCDA4ACD60EE080B92ADAD38B6 pos=<1315.56, 366.44, 11483.6>)
09:50:46.461 [VehicleEnter] Player "Bad Boy" (id=7EOOpe6Cv8QB45p22zWB29TPheQCYualmurDzSA3CR0=) entered vehicle Land Rover Defender (id=84FC80BCDA4ACD60EE080B92ADAD38B6 pos=<1315.56, 366.44, 11483.6>) as driver
09:50:49.936 [VehicleEngine] Player "Bad Boy" (id=7EOOpe6Cv8QB45p22zWB29TPheQCYualmurDzSA3CR0=) started vehicle Land Rover Defender (id=84FC80BCDA4ACD60EE080B92ADAD38B6 pos=<1315.57, 366.44, 11483.6>)
09:51:37.985 [VehicleEnter] Player "Dan" (id=J3DN6WXzRjVAt4j_gUAEgL4v34hqtXpOtTWQ5nCMCS0=) entered vehicle UH-1H (id=152C864F9E4D5B60A3578284C1FE4479 pos=<7883.49, 320.55, 9802.19>) as pilot
09:51:39.485 [VehicleEngine] Player "Dan" (id=J3DN6WXzRjVAt4j_gUAEgL4v34hqtXpOtTWQ5nCMCS0=) started vehicle UH-1H (id=152C864F9E4D5B60A3578284C1FE4479 pos=<7883.49, 320.55, 9802.19>)
09:53:16.641 [VehicleEngine] Player "Dan" (id=J3DN6WXzRjVAt4j_gUAEgL4v34hqtXpOtTWQ5nCMCS0=) stopped vehicle UH-1H (id=152C864F9E4D5B60A3578284C1FE4479 pos=<7864.6, 321.01, 9833.3>)
09:53:21.803 [VehicleLeave] Player "Dan" (id=J3DN6WXzRjVAt4j_gUAEgL4v34hqtXpOtTWQ5nCMCS0=) left vehicle UH-1H (id=152C864F9E4D5B60A3578284C1FE4479 pos=<7864.61, 320.96, 9833.32>)
09:53:23.346 [AI Object Patrol 00068] Despawning 1 West bots (spawn position <7923.188965, 331.482971, 10091.301758>, 2/3 deceased)
09:53:23.356 [AI Object Patrol 00068] Global patrol count: 1
09:53:23.366 [AI Object Patrol 00068] ContaminatedArea category patrol count: 0
09:57:49.303 [VehicleEngine] Player "Bad Boy" (id=7EOOpe6Cv8QB45p22zWB29TPheQCYualmurDzSA3CR0=) stopped vehicle Land Rover Defender (id=84FC80BCDA4ACD60EE080B92ADAD38B6 pos=<6083.61, 171.97, 10675.2>)
09:57:52.523 [VehicleLeave] Player "Bad Boy" (id=7EOOpe6Cv8QB45p22zWB29TPheQCYualmurDzSA3CR0=) left vehicle Land Rover Defender (id=84FC80BCDA4ACD60EE080B92ADAD38B6 pos=<6083.61, 171.97, 10675.2>)
09:57:57.860 [VehicleAttachments] Player "Bad Boy" (id=7EOOpe6Cv8QB45p22zWB29TPheQCYualmurDzSA3CR0=) detached Land Rover Defender Front-Left Door (type=Expansion_Landrover_Driverdoor_Orange) from vehicle Land Rover Defender (id=84FC80BCDA4ACD60EE080B92ADAD38B6 pos=<6083.61, 171.97, 10675.2>)
09:58:12.675 [VehicleEnter] Player "Bad Boy" (id=7EOOpe6Cv8QB45p22zWB29TPheQCYualmurDzSA3CR0=) entered vehicle Land Rover Defender (id=84FC80BCDA4ACD60EE080B92ADAD38B6 pos=<6083.61, 171.97, 10675.2>) as driver
09:58:18.648 [VehicleEngine] Player "Bad Boy" (id=7EOOpe6Cv8QB45p22zWB29TPheQCYualmurDzSA3CR0=) started vehicle Land Rover Defender (id=84FC80BCDA4ACD60EE080B92ADAD38B6 pos=<6083.61, 171.98, 10675.1>)
09:58:27.363 [VehicleEngine] Player "NULL" (id=NULL) stopped vehicle Land Rover Defender (id=84FC80BCDA4ACD60EE080B92ADAD38B6 pos=<6095.29, 173.56, 10665.8>)
09:58:27.398 [VehicleLeave] Player "Bad Boy" (id=7EOOpe6Cv8QB45p22zWB29TPheQCYualmurDzSA3CR0=) left vehicle Land Rover Defender (id=84FC80BCDA4ACD60EE080B92ADAD38B6 pos=<6095.29, 173.56, 10665.8>)
09:58:50.315 [VehicleEnter] Player "Dan" (id=J3DN6WXzRjVAt4j_gUAEgL4v34hqtXpOtTWQ5nCMCS0=) entered vehicle UH-1H (id=152C864F9E4D5B60A3578284C1FE4479 pos=<7864.52, 320.96, 9833.42>) as pilot
09:59:16.984 [VehicleLeave] Player "Dan" (id=J3DN6WXzRjVAt4j_gUAEgL4v34hqtXpOtTWQ5nCMCS0=) left vehicle UH-1H (id=152C864F9E4D5B60A3578284C1FE4479 pos=<7864.51, 320.96, 9833.44>)
10:01:54.775 [VehicleEnter] Player "ANDREIOP" (id=RPd_iZVcpi1DOT_Dnx3wP3FOqPFObu0R2r1Jv-D3kDY=) entered vehicle UH-1H (id=152C864F9E4D5B60A3578284C1FE4479 pos=<7864.51, 320.96, 9833.44>) as passenger
10:01:59.436 [VehicleEnter] Player "Dan" (id=J3DN6WXzRjVAt4j_gUAEgL4v34hqtXpOtTWQ5nCMCS0=) entered vehicle UH-1H (id=97187DB64D421D7D70C493A6269B4D98 pos=<7874.58, 320.73, 9819.79>) as pilot
10:02:38.897 [VehicleEngine] Player "Dan" (id=J3DN6WXzRjVAt4j_gUAEgL4v34hqtXpOtTWQ5nCMCS0=) started vehicle UH-1H (id=97187DB64D421D7D70C493A6269B4D98 pos=<7874.61, 320.73, 9819.79>)
10:04:01.053 [VehicleLeave] Player "ANDREIOP" (id=RPd_iZVcpi1DOT_Dnx3wP3FOqPFObu0R2r1Jv-D3kDY=) left vehicle UH-1H (id=152C864F9E4D5B60A3578284C1FE4479 pos=<7864.51, 320.96, 9833.44>)
10:04:08.161 [VehicleEnter] Player "ANDREIOP" (id=RPd_iZVcpi1DOT_Dnx3wP3FOqPFObu0R2r1Jv-D3kDY=) entered vehicle UH-1H (id=152C864F9E4D5B60A3578284C1FE4479 pos=<7864.51, 320.96, 9833.44>) as pilot
10:04:10.984 [VehicleEngine] Player "ANDREIOP" (id=RPd_iZVcpi1DOT_Dnx3wP3FOqPFObu0R2r1Jv-D3kDY=) started vehicle UH-1H (id=152C864F9E4D5B60A3578284C1FE4479 pos=<7864.51, 320.96, 9833.44>)
10:05:57.439 [AI Object Patrol 00080] Spawning 2 West bots at <7682.634277, 319.444336, 10042.882813>
10:05:57.468 [AI Object Patrol 00080] Global patrol count: 2
10:05:57.477 [AI Object Patrol 00080] ContaminatedArea category patrol count: 1
10:07:56.784 [AI Object Patrol 00078] Spawning 3 East bots at <5498.321777, 281.552704, 7892.602051>
10:07:56.819 [AI Object Patrol 00078] Global patrol count: 3
10:07:56.828 [AI Object Patrol 00078] HelicopterWreck category patrol count: 2
10:08:06.835 [Killfeed] [Drago] ANDREIOP didn't survive flying their UH-1H.
10:08:23.322 [AI Object Patrol 00062] Despawning 2 East bots (spawn position <7773.071289, 296.092896, 8991.206055>, 0/2 deceased)
10:08:23.332 [AI Object Patrol 00062] Global patrol count: 2
10:08:23.342 [AI Object Patrol 00062] HelicopterWreck category patrol count: 1
10:08:46.795 [Party] Player "ANDREIOP" (id=RPd_iZVcpi1DOT_Dnx3wP3FOqPFObu0R2r1Jv-D3kDY=) joined the party "Dragon Unyielding" (id=7 ownerUID=J3DN6WXzRjVAt4j_gUAEgL4v34hqtXpOtTWQ5nCMCS0= ownerName=Dan)
10:08:52.861 [SpawnSelection] Player "ANDREIOP" (id=RPd_iZVcpi1DOT_Dnx3wP3FOqPFObu0R2r1Jv-D3kDY=) spawned at <6558.879395, 205.615265, 8379.662109>
10:09:01.001 [AI Object Patrol 00076] Spawning 2 West bots at <7508.943359, 256.045135, 7050.986328>
10:09:01.034 [AI Object Patrol 00076] Global patrol count: 3
10:09:01.045 [AI Object Patrol 00076] HelicopterWreck category patrol count: 2
10:09:10.747 [AI Object Patrol 00082] Spawning 1 West bots at <8369.670898, 295.045593, 7557.613281>
10:09:10.776 [AI Object Patrol 00082] Global patrol count: 4
10:09:10.786 [AI Object Patrol 00082] HelicopterWreck category patrol count: 3
10:10:34.123 [VehicleEngine] Player "ANDREIOP" (id=RPd_iZVcpi1DOT_Dnx3wP3FOqPFObu0R2r1Jv-D3kDY=) stopped vehicle UH-1H (id=152C864F9E4D5B60A3578284C1FE4479 pos=<6193.14, 219.78, 8364.34>)
10:11:07.088 [GraveStone] Spawned GraveStone for Survivor at position 0x00000000360236b4 {<6191.3,218.1,8365.39>}
10:13:00.055 [VehicleEngine] Player "Dan" (id=J3DN6WXzRjVAt4j_gUAEgL4v34hqtXpOtTWQ5nCMCS0=) stopped vehicle UH-1H (id=97187DB64D421D7D70C493A6269B4D98 pos=<6571.2, 206.47, 8411.23>)
10:13:07.283 [VehicleLeave] Player "Dan" (id=J3DN6WXzRjVAt4j_gUAEgL4v34hqtXpOtTWQ5nCMCS0=) left vehicle UH-1H (id=97187DB64D421D7D70C493A6269B4D98 pos=<6571.22, 206.42, 8411.19>)
10:13:23.468 [Party] Player "ANDREIOP" (id=RPd_iZVcpi1DOT_Dnx3wP3FOqPFObu0R2r1Jv-D3kDY=) left the party "Dragon Unyielding" (id=7 ownerUID=J3DN6WXzRjVAt4j_gUAEgL4v34hqtXpOtTWQ5nCMCS0= ownerName=Dan)
10:13:54.587 [Party] Player "ANDREIOP (2)" (id=RPd_iZVcpi1DOT_Dnx3wP3FOqPFObu0R2r1Jv-D3kDY=) joined the party "Dragon Unyielding" (id=7 ownerUID=J3DN6WXzRjVAt4j_gUAEgL4v34hqtXpOtTWQ5nCMCS0= ownerName=Dan)
10:17:53.534 [AI Object Patrol 00080] Despawning 2 West bots (spawn position <7682.634277, 319.444336, 10042.882813>, 0/2 deceased)
10:17:53.594 [AI Object Patrol 00080] Global patrol count: 3
10:17:53.656 [AI Object Patrol 00080] ContaminatedArea category patrol count: 0
10:19:47.058 [AI Object Patrol 00076] Despawning 2 West bots (spawn position <7508.943359, 256.045135, 7050.986328>, 0/2 deceased)
10:19:47.069 [AI Object Patrol 00076] Global patrol count: 2
10:19:47.080 [AI Object Patrol 00076] HelicopterWreck category patrol count: 2
10:20:44.425 [AI Object Patrol 00082] Despawning 1 West bots (spawn position <8369.670898, 295.045593, 7557.613281>, 0/1 deceased)
10:20:44.435 [AI Object Patrol 00082] Global patrol count: 1
10:20:44.446 [AI Object Patrol 00082] HelicopterWreck category patrol count: 1
10:21:37.672 [VehicleEnter] Player "Dan" (id=J3DN6WXzRjVAt4j_gUAEgL4v34hqtXpOtTWQ5nCMCS0=) entered vehicle UH-1H (id=152C864F9E4D5B60A3578284C1FE4479 pos=<6193.1, 219.72, 8364.22>) as pilot
10:21:42.560 [VehicleLeave] Player "Dan" (id=J3DN6WXzRjVAt4j_gUAEgL4v34hqtXpOtTWQ5nCMCS0=) left vehicle UH-1H (id=152C864F9E4D5B60A3578284C1FE4479 pos=<6193.1, 219.72, 8364.21>)
10:23:33.240 [VehicleDestroyed] ExpansionUh1h_Medical (id=152C864F9E4D5B60A3578284C1FE4479 pos=<6193.09, 219.73, 8364.26>)
10:32:13.524 [AI Object Patrol 00078] Despawning 3 East bots (spawn position <5498.321777, 281.552704, 7892.602051>, 0/3 deceased)
10:32:13.534 [AI Object Patrol 00078] Global patrol count: 0
10:32:13.544 [AI Object Patrol 00078] HelicopterWreck category patrol count: 0
10:34:36.969 [MissionAirdrop] An airdrop is heading towards "Muratyn" (pos=<4559.000000, 0.000000, 6852.000000> type=Random_Muratyn) with a ExpansionAirdropContainer_Military
10:36:50.598 [Party] Player "ANDREIOP (2)" (id=RPd_iZVcpi1DOT_Dnx3wP3FOqPFObu0R2r1Jv-D3kDY=) left the party "Dragon Unyielding" (id=7 ownerUID=J3DN6WXzRjVAt4j_gUAEgL4v34hqtXpOtTWQ5nCMCS0= ownerName=Dan)
10:48:39.928 [Party] Player "Dan" (id=J3DN6WXzRjVAt4j_gUAEgL4v34hqtXpOtTWQ5nCMCS0=) left the party "Dragon Unyielding" (id=7 ownerUID=J3DN6WXzRjVAt4j_gUAEgL4v34hqtXpOtTWQ5nCMCS0= ownerName=Dan)
10:49:02.573 [VehicleDeleted] ExpansionUh1h_Medical (id=152C864F9E4D5B60A3578284C1FE4479 pos=<6193.09, 219.73, 8364.27>)
10:50:22.608 [VehicleDestroyed] ExpansionUh1h_Uber (id=CBF1770B1D4B3F9519858F95503B53ED pos=<1228.14, 169.12, 7566.26>)
10:50:33.710 [VehicleDestroyed] ExpansionUh1h (id=8F3FE1C5F4482E968CB6D2920A9768AC pos=<7924.69, 169.35, 11833.7>)
10:56:30.228 [VehicleDeleted] ExpansionUh1h_Uber (id=CBF1770B1D4B3F9519858F95503B53ED pos=<1230.26, 168.72, 7567.25>)
10:56:58.412 [VehicleDeleted] ExpansionUh1h (id=8F3FE1C5F4482E968CB6D2920A9768AC pos=<7924.64, 169.22, 11834.3>)
11:17:19.821 [VehicleEnter] Player "Bad Boy" (id=7EOOpe6Cv8QB45p22zWB29TPheQCYualmurDzSA3CR0=) entered vehicle Land Rover Defender (id=84FC80BCDA4ACD60EE080B92ADAD38B6 pos=<6095.29, 173.56, 10665.8>) as driver
11:17:24.045 [VehicleEngine] Player "Bad Boy" (id=7EOOpe6Cv8QB45p22zWB29TPheQCYualmurDzSA3CR0=) started vehicle Land Rover Defender (id=84FC80BCDA4ACD60EE080B92ADAD38B6 pos=<6095.29, 173.56, 10665.8>)
11:17:41.721 [VehicleEngine] Player "NULL" (id=NULL) stopped vehicle Land Rover Defender (id=84FC80BCDA4ACD60EE080B92ADAD38B6 pos=<6079.38, 171.55, 10677.5>)
11:17:41.755 [VehicleLeave] Player "Bad Boy" (id=7EOOpe6Cv8QB45p22zWB29TPheQCYualmurDzSA3CR0=) left vehicle Land Rover Defender (id=84FC80BCDA4ACD60EE080B92ADAD38B6 pos=<6079.38, 171.55, 10677.5>)
11:18:13.153 [VehicleEnter] Player "Bad Boy" (id=7EOOpe6Cv8QB45p22zWB29TPheQCYualmurDzSA3CR0=) entered vehicle Land Rover Defender (id=84FC80BCDA4ACD60EE080B92ADAD38B6 pos=<6079.38, 171.55, 10677.5>) as driver
11:18:18.096 [VehicleEngine] Player "Bad Boy" (id=7EOOpe6Cv8QB45p22zWB29TPheQCYualmurDzSA3CR0=) started vehicle Land Rover Defender (id=84FC80BCDA4ACD60EE080B92ADAD38B6 pos=<6079.38, 171.55, 10677.5>)
11:20:51.475 [VehicleEngine] Player "NULL" (id=NULL) stopped vehicle Land Rover Defender (id=84FC80BCDA4ACD60EE080B92ADAD38B6 pos=<5041.51, 191.72, 10003.5>)
11:20:51.519 [VehicleLeave] Player "Bad Boy" (id=7EOOpe6Cv8QB45p22zWB29TPheQCYualmurDzSA3CR0=) left vehicle Land Rover Defender (id=84FC80BCDA4ACD60EE080B92ADAD38B6 pos=<5041.51, 191.72, 10003.5>)
11:23:20.543 [VehicleEnter] Player "Bad Boy" (id=7EOOpe6Cv8QB45p22zWB29TPheQCYualmurDzSA3CR0=) entered vehicle Land Rover Defender (id=84FC80BCDA4ACD60EE080B92ADAD38B6 pos=<5041.51, 191.72, 10003.5>) as driver
11:23:22.687 [VehicleEngine] Player "Bad Boy" (id=7EOOpe6Cv8QB45p22zWB29TPheQCYualmurDzSA3CR0=) started vehicle Land Rover Defender (id=84FC80BCDA4ACD60EE080B92ADAD38B6 pos=<5041.51, 191.72, 10003.5>)
11:23:58.004 [VehicleEngine] Player "NULL" (id=NULL) stopped vehicle Land Rover Defender (id=84FC80BCDA4ACD60EE080B92ADAD38B6 pos=<5017.5, 191.76, 10018.4>)
11:23:58.047 [VehicleLeave] Player "Bad Boy" (id=7EOOpe6Cv8QB45p22zWB29TPheQCYualmurDzSA3CR0=) left vehicle Land Rover Defender (id=84FC80BCDA4ACD60EE080B92ADAD38B6 pos=<5017.5, 191.76, 10018.4>)
11:24:13.711 [VehicleEnter] Player "Bad Boy" (id=7EOOpe6Cv8QB45p22zWB29TPheQCYualmurDzSA3CR0=) entered vehicle Land Rover Defender (id=84FC80BCDA4ACD60EE080B92ADAD38B6 pos=<5017.5, 191.76, 10018.4>) as driver
11:24:16.359 [VehicleEngine] Player "Bad Boy" (id=7EOOpe6Cv8QB45p22zWB29TPheQCYualmurDzSA3CR0=) started vehicle Land Rover Defender (id=84FC80BCDA4ACD60EE080B92ADAD38B6 pos=<5017.5, 191.76, 10018.4>)
11:29:44.705 [VehicleEngine] Player "Bad Boy" (id=7EOOpe6Cv8QB45p22zWB29TPheQCYualmurDzSA3CR0=) stopped vehicle Land Rover Defender (id=84FC80BCDA4ACD60EE080B92ADAD38B6 pos=<1320.07, 369.54, 11473.5>)
11:29:48.446 [VehicleLeave] Player "Bad Boy" (id=7EOOpe6Cv8QB45p22zWB29TPheQCYualmurDzSA3CR0=) left vehicle Land Rover Defender (id=84FC80BCDA4ACD60EE080B92ADAD38B6 pos=<1320.07, 369.54, 11473.5>)
11:29:56.999 [VehicleEnter] Player "Bad Boy" (id=7EOOpe6Cv8QB45p22zWB29TPheQCYualmurDzSA3CR0=) entered vehicle Land Rover Defender (id=84FC80BCDA4ACD60EE080B92ADAD38B6 pos=<1320.07, 369.54, 11473.5>) as driver
11:30:00.227 [VehicleEngine] Player "Bad Boy" (id=7EOOpe6Cv8QB45p22zWB29TPheQCYualmurDzSA3CR0=) started vehicle Land Rover Defender (id=84FC80BCDA4ACD60EE080B92ADAD38B6 pos=<1320.07, 369.54, 11473.5>)
11:30:08.278 [VehicleEngine] Player "NULL" (id=NULL) stopped vehicle Land Rover Defender (id=84FC80BCDA4ACD60EE080B92ADAD38B6 pos=<1328.98, 370.47, 11465.5>)
11:30:08.311 [VehicleLeave] Player "Bad Boy" (id=7EOOpe6Cv8QB45p22zWB29TPheQCYualmurDzSA3CR0=) left vehicle Land Rover Defender (id=84FC80BCDA4ACD60EE080B92ADAD38B6 pos=<1328.98, 370.47, 11465.5>)
11:40:00.300 [VehicleEnter] Player "Bad Boy" (id=7EOOpe6Cv8QB45p22zWB29TPheQCYualmurDzSA3CR0=) entered vehicle Land Rover Defender (id=84FC80BCDA4ACD60EE080B92ADAD38B6 pos=<1328.98, 370.47, 11465.5>) as driver
11:40:16.078 [VehicleEngine] Player "Bad Boy" (id=7EOOpe6Cv8QB45p22zWB29TPheQCYualmurDzSA3CR0=) started vehicle Land Rover Defender (id=84FC80BCDA4ACD60EE080B92ADAD38B6 pos=<1328.98, 370.47, 11465.5>)
11:40:27.975 [VehicleEngine] Player "Bad Boy" (id=7EOOpe6Cv8QB45p22zWB29TPheQCYualmurDzSA3CR0=) stopped vehicle Land Rover Defender (id=84FC80BCDA4ACD60EE080B92ADAD38B6 pos=<1305.1, 370.33, 11477.2>)
11:40:32.165 [VehicleLeave] Player "Bad Boy" (id=7EOOpe6Cv8QB45p22zWB29TPheQCYualmurDzSA3CR0=) left vehicle Land Rover Defender (id=84FC80BCDA4ACD60EE080B92ADAD38B6 pos=<1305.1, 370.33, 11477.2>)
11:40:44.827 [VehicleEnter] Player "Bad Boy" (id=7EOOpe6Cv8QB45p22zWB29TPheQCYualmurDzSA3CR0=) entered vehicle Land Rover Defender (id=84FC80BCDA4ACD60EE080B92ADAD38B6 pos=<1305.1, 370.33, 11477.2>) as driver
11:40:48.072 [VehicleEngine] Player "Bad Boy" (id=7EOOpe6Cv8QB45p22zWB29TPheQCYualmurDzSA3CR0=) started vehicle Land Rover Defender (id=84FC80BCDA4ACD60EE080B92ADAD38B6 pos=<1305.1, 370.33, 11477.2>)
11:41:26.101 [VehicleEngine] Player "NULL" (id=NULL) stopped vehicle Land Rover Defender (id=84FC80BCDA4ACD60EE080B92ADAD38B6 pos=<1501.22, 324.84, 11633.6>)
11:41:26.138 [VehicleLeave] Player "Bad Boy" (id=7EOOpe6Cv8QB45p22zWB29TPheQCYualmurDzSA3CR0=) left vehicle Land Rover Defender (id=84FC80BCDA4ACD60EE080B92ADAD38B6 pos=<1501.22, 324.84, 11633.6>)
11:43:14.988 [VehicleEnter] Player "Bad Boy" (id=7EOOpe6Cv8QB45p22zWB29TPheQCYualmurDzSA3CR0=) entered vehicle Land Rover Defender (id=84FC80BCDA4ACD60EE080B92ADAD38B6 pos=<1501.22, 324.84, 11633.6>) as driver
11:43:18.273 [VehicleEngine] Player "Bad Boy" (id=7EOOpe6Cv8QB45p22zWB29TPheQCYualmurDzSA3CR0=) started vehicle Land Rover Defender (id=84FC80BCDA4ACD60EE080B92ADAD38B6 pos=<1501.22, 324.84, 11633.6>)
11:48:40.307 [VehicleEngine] Player "NULL" (id=NULL) stopped vehicle Land Rover Defender (id=84FC80BCDA4ACD60EE080B92ADAD38B6 pos=<6083.21, 171.93, 10675.4>)
11:48:40.350 [VehicleLeave] Player "Bad Boy" (id=7EOOpe6Cv8QB45p22zWB29TPheQCYualmurDzSA3CR0=) left vehicle Land Rover Defender (id=84FC80BCDA4ACD60EE080B92ADAD38B6 pos=<6083.21, 171.93, 10675.4>)
11:48:48.663 [VehicleEnter] Player "Bad Boy" (id=7EOOpe6Cv8QB45p22zWB29TPheQCYualmurDzSA3CR0=) entered vehicle Land Rover Defender (id=84FC80BCDA4ACD60EE080B92ADAD38B6 pos=<6083.21, 171.93, 10675.4>) as driver
11:48:52.753 [VehicleEngine] Player "Bad Boy" (id=7EOOpe6Cv8QB45p22zWB29TPheQCYualmurDzSA3CR0=) started vehicle Land Rover Defender (id=84FC80BCDA4ACD60EE080B92ADAD38B6 pos=<6083.21, 171.93, 10675.4>)
11:49:10.356 [VehicleEngine] Player "NULL" (id=NULL) stopped vehicle Land Rover Defender (id=84FC80BCDA4ACD60EE080B92ADAD38B6 pos=<6094.11, 173.56, 10667>)
11:49:10.398 [VehicleLeave] Player "Bad Boy" (id=7EOOpe6Cv8QB45p22zWB29TPheQCYualmurDzSA3CR0=) left vehicle Land Rover Defender (id=84FC80BCDA4ACD60EE080B92ADAD38B6 pos=<6094.11, 173.56, 10667>)
12:01:13.149 [MissionAirdrop] An airdrop is heading towards "Gieraltow" (pos=<10899.000000, 0.000000, 4515.000000> type=Random_Gieraltow) with a ExpansionAirdropContainer_Basebuilding
12:30:30.743 [VehicleEnter] Player "Bad Boy" (id=7EOOpe6Cv8QB45p22zWB29TPheQCYualmurDzSA3CR0=) entered vehicle Land Rover Defender (id=84FC80BCDA4ACD60EE080B92ADAD38B6 pos=<6094.11, 173.56, 10667>) as driver
12:30:35.782 [VehicleEngine] Player "Bad Boy" (id=7EOOpe6Cv8QB45p22zWB29TPheQCYualmurDzSA3CR0=) started vehicle Land Rover Defender (id=84FC80BCDA4ACD60EE080B92ADAD38B6 pos=<6094.11, 173.56, 10667>)
12:30:51.823 [VehicleEngine] Player "NULL" (id=NULL) stopped vehicle Land Rover Defender (id=84FC80BCDA4ACD60EE080B92ADAD38B6 pos=<6082.57, 171.79, 10676.9>)
12:30:51.855 [VehicleLeave] Player "Bad Boy" (id=7EOOpe6Cv8QB45p22zWB29TPheQCYualmurDzSA3CR0=) left vehicle Land Rover Defender (id=84FC80BCDA4ACD60EE080B92ADAD38B6 pos=<6082.57, 171.79, 10676.9>)
12:31:02.166 [VehicleEnter] Player "Bad Boy" (id=7EOOpe6Cv8QB45p22zWB29TPheQCYualmurDzSA3CR0=) entered vehicle Land Rover Defender (id=84FC80BCDA4ACD60EE080B92ADAD38B6 pos=<6082.57, 171.79, 10676.9>) as driver
12:31:17.613 [VehicleEngine] Player "Bad Boy" (id=7EOOpe6Cv8QB45p22zWB29TPheQCYualmurDzSA3CR0=) started vehicle Land Rover Defender (id=84FC80BCDA4ACD60EE080B92ADAD38B6 pos=<6082.57, 171.79, 10676.9>)
12:33:00.964 [VehicleEngine] Player "NULL" (id=NULL) stopped vehicle Land Rover Defender (id=84FC80BCDA4ACD60EE080B92ADAD38B6 pos=<5010.84, 192.33, 9967.08>)
12:33:00.998 [VehicleLeave] Player "Bad Boy" (id=7EOOpe6Cv8QB45p22zWB29TPheQCYualmurDzSA3CR0=) left vehicle Land Rover Defender (id=84FC80BCDA4ACD60EE080B92ADAD38B6 pos=<5010.84, 192.33, 9967.08>)
12:33:58.501 [VehicleEnter] Player "Bad Boy" (id=7EOOpe6Cv8QB45p22zWB29TPheQCYualmurDzSA3CR0=) entered vehicle Land Rover Defender (id=84FC80BCDA4ACD60EE080B92ADAD38B6 pos=<5010.84, 192.33, 9967.08>) as driver
12:34:03.142 [VehicleEngine] Player "Bad Boy" (id=7EOOpe6Cv8QB45p22zWB29TPheQCYualmurDzSA3CR0=) started vehicle Land Rover Defender (id=84FC80BCDA4ACD60EE080B92ADAD38B6 pos=<5010.84, 192.33, 9967.08>)
12:39:18.919 [VehicleEngine] Player "NULL" (id=NULL) stopped vehicle Land Rover Defender (id=84FC80BCDA4ACD60EE080B92ADAD38B6 pos=<1318.68, 369.17, 11474.2>)
12:39:18.951 [VehicleLeave] Player "Bad Boy" (id=7EOOpe6Cv8QB45p22zWB29TPheQCYualmurDzSA3CR0=) left vehicle Land Rover Defender (id=84FC80BCDA4ACD60EE080B92ADAD38B6 pos=<1318.68, 369.17, 11474.2>)
12:39:26.063 [VehicleEnter] Player "Bad Boy" (id=7EOOpe6Cv8QB45p22zWB29TPheQCYualmurDzSA3CR0=) entered vehicle Land Rover Defender (id=84FC80BCDA4ACD60EE080B92ADAD38B6 pos=<1318.68, 369.17, 11474.2>) as driver
12:39:27.696 [VehicleEngine] Player "Bad Boy" (id=7EOOpe6Cv8QB45p22zWB29TPheQCYualmurDzSA3CR0=) started vehicle Land Rover Defender (id=84FC80BCDA4ACD60EE080B92ADAD38B6 pos=<1318.68, 369.17, 11474.2>)
12:39:38.080 [VehicleEngine] Player "NULL" (id=NULL) stopped vehicle Land Rover Defender (id=84FC80BCDA4ACD60EE080B92ADAD38B6 pos=<1327.55, 370.47, 11466.6>)
12:39:38.122 [VehicleLeave] Player "Bad Boy" (id=7EOOpe6Cv8QB45p22zWB29TPheQCYualmurDzSA3CR0=) left vehicle Land Rover Defender (id=84FC80BCDA4ACD60EE080B92ADAD38B6 pos=<1327.55, 370.47, 11466.6>)
13:28:53.937 [MissionAirdrop] An airdrop is heading towards "Kolembrody" (pos=<8676.000000, 0.000000, 12114.000000> type=Random_Kolembrody) with a ExpansionAirdropContainer_Military
14:58:51.536 [MissionAirdrop] An airdrop is heading towards "Kolembrody" (pos=<8676.000000, 0.000000, 12114.000000> type=Random_Kolembrody) with a ExpansionAirdropContainer_Military
16:27:25.404 [MissionAirdrop] An airdrop is heading towards "Nadbor" (pos=<5996.000000, 0.000000, 4513.000000> type=Random_Nadbor) with a ExpansionAirdropContainer_Medical
17:26:16.374 [VehicleDestroyed] Boat_01_Blue (id=232EF452BE44CDFDC5CA1181F2FD13F6 pos=<1211.42, 169.83, 7597.61>)
17:53:53.031 [MissionAirdrop] An airdrop is heading towards "Kolembrody" (pos=<8676.000000, 0.000000, 12114.000000> type=Random_Kolembrody) with a ExpansionAirdropContainer_Military
18:31:21.026 [VehicleDeleted] Boat_01_Blue (id=232EF452BE44CDFDC5CA1181F2FD13F6 pos=<1211.39, 169.09, 7597.62>)
18:35:52.133 [SpawnSelection] Player "Sinister" (id=ChnXJmuvVqSTA4iXekDy7L4rD6f1v0j-PXkb-EKDAwM=) spawned at <6517.890137, 308.565002, 4777.350098>
18:35:52.155 [AI Patrol 00014] Spawning 2 East bots at <7669.243652, 296.695923, 2752.817139>
18:35:52.189 [AI Patrol 00014] Global patrol count: 1
18:35:52.198 [AI Patrol 00014] Patrol category patrol count: 1
18:35:52.208 [AI Patrol 00015] Spawning 3 West bots at <7367.289551, 289.489990, 2839.383545>
18:35:52.243 [AI Patrol 00015] Global patrol count: 2
18:35:52.252 [AI Patrol 00015] Patrol category patrol count: 2
18:47:49.390 [Killfeed] AI Quinn (West) got killed by AI Quinn (East) with KAS-74U from a distance of 1 m.
19:23:00.404 [MissionAirdrop] An airdrop is heading towards "Topolin" (pos=<1367.000000, 0.000000, 7057.000000> type=Random_Topolin) with a ExpansionAirdropContainer_Military
19:24:54.997 [VehicleEnter] Player "Bad Boy" (id=7EOOpe6Cv8QB45p22zWB29TPheQCYualmurDzSA3CR0=) entered vehicle Land Rover Defender (id=84FC80BCDA4ACD60EE080B92ADAD38B6 pos=<1327.55, 370.47, 11466.6>) as driver
19:25:51.308 [VehicleLeave] Player "Bad Boy" (id=7EOOpe6Cv8QB45p22zWB29TPheQCYualmurDzSA3CR0=) left vehicle Land Rover Defender (id=84FC80BCDA4ACD60EE080B92ADAD38B6 pos=<1327.55, 370.47, 11466.6>)
19:38:13.668 [VehicleEnter] Player "Bad Boy" (id=7EOOpe6Cv8QB45p22zWB29TPheQCYualmurDzSA3CR0=) entered vehicle Land Rover Defender (id=84FC80BCDA4ACD60EE080B92ADAD38B6 pos=<1327.55, 370.47, 11466.6>) as driver
19:39:05.689 [VehicleEngine] Player "Bad Boy" (id=7EOOpe6Cv8QB45p22zWB29TPheQCYualmurDzSA3CR0=) started vehicle Land Rover Defender (id=84FC80BCDA4ACD60EE080B92ADAD38B6 pos=<1327.55, 370.47, 11466.6>)
19:47:13.104 [AI Object Patrol 00134] Spawning 2 West bots at <8858.132813, 466.921234, 2007.432739>
19:47:13.164 [AI Object Patrol 00134] Global patrol count: 3
19:47:13.195 [AI Object Patrol 00134] ContaminatedArea category patrol count: 1
19:49:23.990 [AI Object Patrol 00134] Despawning 2 West bots (spawn position <8858.132813, 466.921234, 2007.432739>, 0/2 deceased)
19:49:24.115 [AI Object Patrol 00134] Global patrol count: 2
19:49:24.256 [AI Object Patrol 00134] ContaminatedArea category patrol count: 0
19:49:49.410 [VehicleEngine] Player "NULL" (id=NULL) stopped vehicle Land Rover Defender (id=84FC80BCDA4ACD60EE080B92ADAD38B6 pos=<6078.24, 171.52, 10679.5>)
19:49:49.436 [VehicleLeave] Player "Bad Boy" (id=7EOOpe6Cv8QB45p22zWB29TPheQCYualmurDzSA3CR0=) left vehicle Land Rover Defender (id=84FC80BCDA4ACD60EE080B92ADAD38B6 pos=<6078.2, 171.52, 10679.5>)
19:50:11.929 [VehicleEnter] Player "Bad Boy" (id=7EOOpe6Cv8QB45p22zWB29TPheQCYualmurDzSA3CR0=) entered vehicle Land Rover Defender (id=84FC80BCDA4ACD60EE080B92ADAD38B6 pos=<6077.57, 171.51, 10680>) as driver
19:50:13.773 [VehicleEngine] Player "Bad Boy" (id=7EOOpe6Cv8QB45p22zWB29TPheQCYualmurDzSA3CR0=) started vehicle Land Rover Defender (id=84FC80BCDA4ACD60EE080B92ADAD38B6 pos=<6077.57, 171.51, 10680>)
19:50:22.835 [VehicleEngine] Player "NULL" (id=NULL) stopped vehicle Land Rover Defender (id=84FC80BCDA4ACD60EE080B92ADAD38B6 pos=<6095.02, 173.56, 10667>)
19:50:22.859 [VehicleLeave] Player "Bad Boy" (id=7EOOpe6Cv8QB45p22zWB29TPheQCYualmurDzSA3CR0=) left vehicle Land Rover Defender (id=84FC80BCDA4ACD60EE080B92ADAD38B6 pos=<6095.02, 173.56, 10667>)
19:50:23.385 [VehicleDestroyed] Boat_01_Blue (id=673A01C79D487D2D576EE9AB732D705B pos=<4131.03, 169.81, 8970.97>)
19:53:36.355 [VehicleEnter] Player "snake" (id=0nsyEhm9INQy3se8y-fXlbMHVv4YsIXloUCLC2unDyo=) entered vehicle Gyrocopter (id=961DFC0DD54BCF458A74E6A5EF960114 pos=<8341.81, 334.75, 1641.55>) as pilot
19:53:37.759 [VehicleEngine] Player "snake" (id=0nsyEhm9INQy3se8y-fXlbMHVv4YsIXloUCLC2unDyo=) started vehicle Gyrocopter (id=961DFC0DD54BCF458A74E6A5EF960114 pos=<8341.81, 334.75, 1641.56>)
19:54:09.622 [VehicleEngine] Player "NULL" (id=NULL) stopped vehicle Gyrocopter (id=961DFC0DD54BCF458A74E6A5EF960114 pos=<8071.83, 299.29, 1453.66>)
19:54:09.672 [VehicleLeave] Player "snake" (id=0nsyEhm9INQy3se8y-fXlbMHVv4YsIXloUCLC2unDyo=) left vehicle Gyrocopter (id=961DFC0DD54BCF458A74E6A5EF960114 pos=<8071.83, 299.29, 1453.66>)
19:56:52.559 [VehicleDeleted] Boat_01_Blue (id=673A01C79D487D2D576EE9AB732D705B pos=<4131.09, 169.4, 8970.93>)
19:57:43.906 [VehicleDestroyed] Boat_01_Orange (id=A4FEF2AB9E4D65B4085B6896BFCAE917 pos=<8422.96, 169.76, 11870.5>)
19:58:21.592 [VehicleEnter] Player "snake" (id=0nsyEhm9INQy3se8y-fXlbMHVv4YsIXloUCLC2unDyo=) entered vehicle Gyrocopter (id=961DFC0DD54BCF458A74E6A5EF960114 pos=<8072.07, 299.18, 1454.02>) as pilot
19:58:22.915 [VehicleEngine] Player "snake" (id=0nsyEhm9INQy3se8y-fXlbMHVv4YsIXloUCLC2unDyo=) started vehicle Gyrocopter (id=961DFC0DD54BCF458A74E6A5EF960114 pos=<8072.08, 299.18, 1454.03>)
19:58:46.860 [AI Object Patrol 00142] Spawning 3 East bots at <8045.000000, 300.716156, 1470.510498>
19:58:46.896 [AI Object Patrol 00142] Global patrol count: 3
19:58:46.906 [AI Object Patrol 00142] HelicopterWreck category patrol count: 1
20:00:01.033 [VehicleEngine] Player "NULL" (id=NULL) stopped vehicle Gyrocopter (id=961DFC0DD54BCF458A74E6A5EF960114 pos=<9955.02, 385.62, 428.55>)
20:00:01.098 [VehicleLeave] Player "snake" (id=0nsyEhm9INQy3se8y-fXlbMHVv4YsIXloUCLC2unDyo=) left vehicle Gyrocopter (id=961DFC0DD54BCF458A74E6A5EF960114 pos=<9955.02, 385.62, 428.55>)
20:03:54.528 [VehicleDeleted] Boat_01_Orange (id=A4FEF2AB9E4D65B4085B6896BFCAE917 pos=<8422.93, 169.58, 11870.4>)
20:09:11.081 [AI Object Patrol 00142] Despawning 3 East bots (spawn position <8045.000000, 300.716156, 1470.510498>, 0/3 deceased)
20:09:11.091 [AI Object Patrol 00142] Global patrol count: 2
20:09:11.100 [AI Object Patrol 00142] HelicopterWreck category patrol count: 0
20:50:31.069 [MissionAirdrop] An airdrop is heading towards "Kolembrody" (pos=<8676.000000, 0.000000, 12114.000000> type=Random_Kolembrody) with a ExpansionAirdropContainer_Military
22:19:36.213 [MissionAirdrop] An airdrop is heading towards "Brena" (pos=<6692.000000, 0.000000, 11442.000000> type=Random_Brena) with a ExpansionAirdropContainer
22:27:44.264 [Party] Player "Dan" (id=J3DN6WXzRjVAt4j_gUAEgL4v34hqtXpOtTWQ5nCMCS0=) joined the party "Dragon Unyielding" (id=7 ownerUID=J3DN6WXzRjVAt4j_gUAEgL4v34hqtXpOtTWQ5nCMCS0= ownerName=Dan)
22:32:28.238 [VehicleDestroyed] Boat_01_Black (id=766193F9F64DAC9D03B713AC4F0FE65C pos=<2553.59, 170.03, 8130.32>)
22:37:23.318 [VehicleEnter] Player "Dan" (id=J3DN6WXzRjVAt4j_gUAEgL4v34hqtXpOtTWQ5nCMCS0=) entered vehicle UH-1H (id=97187DB64D421D7D70C493A6269B4D98 pos=<6571.46, 206.44, 8411.03>) as pilot
22:37:27.020 [VehicleEngine] Player "Dan" (id=J3DN6WXzRjVAt4j_gUAEgL4v34hqtXpOtTWQ5nCMCS0=) started vehicle UH-1H (id=97187DB64D421D7D70C493A6269B4D98 pos=<6571.48, 206.45, 8411.01>)
22:37:37.774 [VehicleEngine] Player "NULL" (id=NULL) stopped vehicle UH-1H (id=97187DB64D421D7D70C493A6269B4D98 pos=<6571.55, 206.45, 8410.95>)
22:37:38.216 [VehicleLeave] Player "Dan" (id=J3DN6WXzRjVAt4j_gUAEgL4v34hqtXpOtTWQ5nCMCS0=) left vehicle UH-1H (id=97187DB64D421D7D70C493A6269B4D98 pos=<6571.55, 206.45, 8410.94>)
22:39:01.431 [VehicleDeleted] Boat_01_Black (id=766193F9F64DAC9D03B713AC4F0FE65C pos=<2553.59, 170.03, 8130.32>)
22:39:17.847 [Party] Player "Dan" (id=J3DN6WXzRjVAt4j_gUAEgL4v34hqtXpOtTWQ5nCMCS0=) left the party "Dragon Unyielding" (id=7 ownerUID=J3DN6WXzRjVAt4j_gUAEgL4v34hqtXpOtTWQ5nCMCS0= ownerName=Dan)
22:41:29.348 [Party] Player "Dan" (id=J3DN6WXzRjVAt4j_gUAEgL4v34hqtXpOtTWQ5nCMCS0=) joined the party "Dragon Unyielding" (id=7 ownerUID=J3DN6WXzRjVAt4j_gUAEgL4v34hqtXpOtTWQ5nCMCS0= ownerName=Dan)
22:45:34.462 [Party] Player "Dan" (id=J3DN6WXzRjVAt4j_gUAEgL4v34hqtXpOtTWQ5nCMCS0=) left the party "Dragon Unyielding" (id=7 ownerUID=J3DN6WXzRjVAt4j_gUAEgL4v34hqtXpOtTWQ5nCMCS0= ownerName=Dan)
22:59:26.947 [Party] Player "Dan" (id=J3DN6WXzRjVAt4j_gUAEgL4v34hqtXpOtTWQ5nCMCS0=) joined the party "Dragon Unyielding" (id=7 ownerUID=J3DN6WXzRjVAt4j_gUAEgL4v34hqtXpOtTWQ5nCMCS0= ownerName=Dan)
23:01:40.957 [VehicleEnter] Player "Dan" (id=J3DN6WXzRjVAt4j_gUAEgL4v34hqtXpOtTWQ5nCMCS0=) entered vehicle UH-1H (id=97187DB64D421D7D70C493A6269B4D98 pos=<6571.73, 206.47, 8410.75>) as pilot
23:01:43.046 [VehicleEngine] Player "Dan" (id=J3DN6WXzRjVAt4j_gUAEgL4v34hqtXpOtTWQ5nCMCS0=) started vehicle UH-1H (id=97187DB64D421D7D70C493A6269B4D98 pos=<6571.74, 206.47, 8410.73>)
23:02:55.517 [AI Object Patrol 00152] Spawning 3 East bots at <7785.045898, 295.563538, 8993.857422>
23:02:55.557 [AI Object Patrol 00152] Global patrol count: 3
23:02:55.572 [AI Object Patrol 00152] HelicopterWreck category patrol count: 1
23:12:24.219 [AI Object Patrol 00158] Spawning 2 West bots at <4438.080566, 317.699432, 6769.341309>
23:12:24.254 [AI Object Patrol 00158] Global patrol count: 4
23:12:24.265 [AI Object Patrol 00158] ContaminatedArea category patrol count: 1
23:13:45.852 [AI Object Patrol 00152] Despawning 3 East bots (spawn position <7785.045898, 295.563538, 8993.857422>, 0/3 deceased)
23:13:45.863 [AI Object Patrol 00152] Global patrol count: 3
23:13:45.874 [AI Object Patrol 00152] HelicopterWreck category patrol count: 0
23:14:40.994 [VehicleEngine] Player "Dan" (id=J3DN6WXzRjVAt4j_gUAEgL4v34hqtXpOtTWQ5nCMCS0=) stopped vehicle UH-1H (id=97187DB64D421D7D70C493A6269B4D98 pos=<4509.2, 327.29, 6846.37>)
23:15:00.065 [VehicleLeave] Player "Dan" (id=J3DN6WXzRjVAt4j_gUAEgL4v34hqtXpOtTWQ5nCMCS0=) left vehicle UH-1H (id=97187DB64D421D7D70C493A6269B4D98 pos=<4449.31, 323.31, 6844.74>)
23:29:23.597 [Party] Player "Dan" (id=J3DN6WXzRjVAt4j_gUAEgL4v34hqtXpOtTWQ5nCMCS0=) left the party "Dragon Unyielding" (id=7 ownerUID=J3DN6WXzRjVAt4j_gUAEgL4v34hqtXpOtTWQ5nCMCS0= ownerName=Dan)
23:29:55.680 [Party] Player "Dan" (id=J3DN6WXzRjVAt4j_gUAEgL4v34hqtXpOtTWQ5nCMCS0=) joined the party "Dragon Unyielding" (id=7 ownerUID=J3DN6WXzRjVAt4j_gUAEgL4v34hqtXpOtTWQ5nCMCS0= ownerName=Dan)
23:44:32.105 [Killfeed] AI Naomi (West) got killed by [Drago] Dan with SNAFU Scar-H OD from a distance of 212 m.
23:44:37.156 [Killfeed] AI Francis (West) got killed by [Drago] Dan with SNAFU Scar-H OD from a distance of 212 m.
23:44:38.330 [AI Object Patrol 00158] West bots were wiped out (spawn position <4438.080566, 317.699432, 6769.341309>, 2/2 deceased)
23:44:38.341 [AI Object Patrol 00158] Global patrol count: 2
23:44:38.351 [AI Object Patrol 00158] ContaminatedArea category patrol count: 0
23:47:00.022 [MissionAirdrop] An airdrop is heading towards "Zapadlisko" (pos=<8399.000000, 0.000000, 8803.000000> type=Random_Zapadlisko) with a ExpansionAirdropContainer_Military
23:47:25.417 [AI Object Patrol 00158] Despawning 0 West bots (spawn position <4383.566406, 312.520477, 6668.345703>, 2/2 deceased)
23:50:31.381 [BaseRaiding] ExpansionWall6x3 (<4876.198730, 311.679169, 7316.454102>) Damaged "player "Dan" (ID = "J3DN6WXzRjVAt4j_gUAEgL4v34hqtXpOtTWQ5nCMCS0=" at <4877.102051, 311.614899, 7316.740723>)" by 10 health points. Reason: Failed to enter the correct code.
23:50:31.393 [BaseRaiding] ExpansionWall6x3 (<4876.198730, 311.679169, 7316.454102>) The correct code was 5524 and the player tried 1452
23:54:08.182 [VehicleEnter] Player "Dan" (id=J3DN6WXzRjVAt4j_gUAEgL4v34hqtXpOtTWQ5nCMCS0=) entered vehicle UH-1H (id=97187DB64D421D7D70C493A6269B4D98 pos=<4449.03, 323.04, 6844.83>) as pilot
23:54:10.625 [VehicleLeave] Player "Dan" (id=J3DN6WXzRjVAt4j_gUAEgL4v34hqtXpOtTWQ5nCMCS0=) left vehicle UH-1H (id=97187DB64D421D7D70C493A6269B4D98 pos=<4448.99, 323.04, 6844.83>)
00:12:59.835 [VehicleEnter] Player "Dan" (id=J3DN6WXzRjVAt4j_gUAEgL4v34hqtXpOtTWQ5nCMCS0=) entered vehicle Ada 4x4 (id=771D7DA8F64569855385769D64788CD3 pos=<4702.21, 324.16, 6735.27>) as driver
00:13:06.040 [VehicleLeave] Player "Dan" (id=J3DN6WXzRjVAt4j_gUAEgL4v34hqtXpOtTWQ5nCMCS0=) left vehicle Ada 4x4 (id=771D7DA8F64569855385769D64788CD3 pos=<4702.21, 324.16, 6735.27>)
00:32:57.761 [VehicleEnter] Player "Dan" (id=J3DN6WXzRjVAt4j_gUAEgL4v34hqtXpOtTWQ5nCMCS0=) entered vehicle UH-1H (id=97187DB64D421D7D70C493A6269B4D98 pos=<4448.95, 323.04, 6844.83>) as pilot
00:32:59.758 [VehicleEngine] Player "Dan" (id=J3DN6WXzRjVAt4j_gUAEgL4v34hqtXpOtTWQ5nCMCS0=) started vehicle UH-1H (id=97187DB64D421D7D70C493A6269B4D98 pos=<4448.91, 323.04, 6844.83>)
00:33:40.273 [VehicleEngine] Player "Dan" (id=J3DN6WXzRjVAt4j_gUAEgL4v34hqtXpOtTWQ5nCMCS0=) stopped vehicle UH-1H (id=97187DB64D421D7D70C493A6269B4D98 pos=<4385.54, 320.39, 6879.34>)
00:33:56.464 [VehicleEngine] Player "Dan" (id=J3DN6WXzRjVAt4j_gUAEgL4v34hqtXpOtTWQ5nCMCS0=) started vehicle UH-1H (id=97187DB64D421D7D70C493A6269B4D98 pos=<4362.74, 318.43, 6883.28>)
00:34:10.377 [VehicleEngine] Player "Dan" (id=J3DN6WXzRjVAt4j_gUAEgL4v34hqtXpOtTWQ5nCMCS0=) stopped vehicle UH-1H (id=97187DB64D421D7D70C493A6269B4D98 pos=<4349.94, 317.9, 6893.86>)
00:34:22.163 [VehicleEngine] Player "Dan" (id=J3DN6WXzRjVAt4j_gUAEgL4v34hqtXpOtTWQ5nCMCS0=) started vehicle UH-1H (id=97187DB64D421D7D70C493A6269B4D98 pos=<4352.21, 317.47, 6898.21>)
00:34:37.696 [VehicleEngine] Player "Dan" (id=J3DN6WXzRjVAt4j_gUAEgL4v34hqtXpOtTWQ5nCMCS0=) stopped vehicle UH-1H (id=97187DB64D421D7D70C493A6269B4D98 pos=<4345.96, 313.63, 6910.46>)
00:35:01.483 [VehicleLeave] Player "Dan" (id=J3DN6WXzRjVAt4j_gUAEgL4v34hqtXpOtTWQ5nCMCS0=) left vehicle UH-1H (id=97187DB64D421D7D70C493A6269B4D98 pos=<4324.16, 309.5, 6942.49>)
00:35:23.486 [Party] Player "Dan" (id=J3DN6WXzRjVAt4j_gUAEgL4v34hqtXpOtTWQ5nCMCS0=) left the party "Dragon Unyielding" (id=7 ownerUID=J3DN6WXzRjVAt4j_gUAEgL4v34hqtXpOtTWQ5nCMCS0= ownerName=Dan)
00:47:12.320 [Party] Player "Dan" (id=J3DN6WXzRjVAt4j_gUAEgL4v34hqtXpOtTWQ5nCMCS0=) joined the party "Dragon Unyielding" (id=7 ownerUID=J3DN6WXzRjVAt4j_gUAEgL4v34hqtXpOtTWQ5nCMCS0= ownerName=Dan)
00:48:56.646 [VehicleEnter] Player "Dan" (id=J3DN6WXzRjVAt4j_gUAEgL4v34hqtXpOtTWQ5nCMCS0=) entered vehicle UH-1H (id=97187DB64D421D7D70C493A6269B4D98 pos=<4324.14, 309.48, 6942.47>) as passenger
00:48:59.140 [VehicleLeave] Player "Dan" (id=J3DN6WXzRjVAt4j_gUAEgL4v34hqtXpOtTWQ5nCMCS0=) left vehicle UH-1H (id=97187DB64D421D7D70C493A6269B4D98 pos=<4324.14, 309.48, 6942.47>)
00:55:29.595 [AI Object Patrol 00186] Spawning 1 West bots at <6471.629395, 287.981110, 7549.639160>
00:55:29.626 [AI Object Patrol 00186] Global patrol count: 3
00:55:29.636 [AI Object Patrol 00186] HelicopterWreck category patrol count: 1
00:55:53.271 [AI Object Patrol 00180] Spawning 2 West bots at <6365.462402, 211.257507, 8313.978516>
00:55:53.305 [AI Object Patrol 00180] Global patrol count: 4
00:55:53.317 [AI Object Patrol 00180] ContaminatedArea category patrol count: 1
01:03:41.851 [Killfeed] [Drago] Dan got killed by AI Judy (West) with M4-A1 from a distance of 70 m.
01:04:12.022 [Party] Player "Dan" (id=J3DN6WXzRjVAt4j_gUAEgL4v34hqtXpOtTWQ5nCMCS0=) joined the party "Dragon Unyielding" (id=7 ownerUID=J3DN6WXzRjVAt4j_gUAEgL4v34hqtXpOtTWQ5nCMCS0= ownerName=Dan)
01:04:20.192 [SpawnSelection] Player "Dan" (id=J3DN6WXzRjVAt4j_gUAEgL4v34hqtXpOtTWQ5nCMCS0=) spawned at <6558.879395, 205.615265, 8379.662109>
01:05:20.405 [Party] Player "Dan" (id=J3DN6WXzRjVAt4j_gUAEgL4v34hqtXpOtTWQ5nCMCS0=) left the party "Dragon Unyielding" (id=7 ownerUID=J3DN6WXzRjVAt4j_gUAEgL4v34hqtXpOtTWQ5nCMCS0= ownerName=Dan)
01:06:03.196 [Party] Player "Dan" (id=J3DN6WXzRjVAt4j_gUAEgL4v34hqtXpOtTWQ5nCMCS0=) joined the party "Dragon Unyielding" (id=7 ownerUID=J3DN6WXzRjVAt4j_gUAEgL4v34hqtXpOtTWQ5nCMCS0= ownerName=Dan)
01:06:43.164 [GraveStone] Spawned GraveStone for Survivor at position 0x00000000360236b4 {<6259.55,215.151,8367.63>}
01:09:47.791 [AI Object Patrol 00180] Despawning 2 West bots (spawn position <6365.462402, 211.257507, 8313.978516>, 0/2 deceased)
01:09:47.801 [AI Object Patrol 00180] Global patrol count: 3
01:09:47.811 [AI Object Patrol 00180] ContaminatedArea category patrol count: 0
01:10:24.506 [MissionAirdrop] An airdrop is heading towards "Dolnik" (pos=<11491.000000, 0.000000, 763.000000> type=Random_Dolnik) with a ExpansionAirdropContainer_Basebuilding
01:34:15.224 [AI Object Patrol 00186] Despawning 1 West bots (spawn position <6471.629395, 287.981110, 7549.639160>, 0/1 deceased)
01:34:15.249 [AI Object Patrol 00186] Global patrol count: 2
01:34:15.269 [AI Object Patrol 00186] HelicopterWreck category patrol count: 0
01:36:39.722 [AI Object Patrol 00198] Spawning 1 West bots at <8362.541992, 290.533020, 9169.097656>
01:36:39.762 [AI Object Patrol 00198] Global patrol count: 3
01:36:39.771 [AI Object Patrol 00198] HelicopterWreck category patrol count: 1
01:41:17.348 [Party] Player "ANDREIOP" (id=RPd_iZVcpi1DOT_Dnx3wP3FOqPFObu0R2r1Jv-D3kDY=) joined the party "Dragon Unyielding" (id=7 ownerUID=J3DN6WXzRjVAt4j_gUAEgL4v34hqtXpOtTWQ5nCMCS0= ownerName=Dan)
01:41:32.120 [VehicleEnter] Player "Dan" (id=J3DN6WXzRjVAt4j_gUAEgL4v34hqtXpOtTWQ5nCMCS0=) entered vehicle UH-1H (id=9D9DF319DF47CBFD85615DBC3E8A3191 pos=<7883.56, 320.55, 9802.2>) as pilot
01:41:42.884 [VehicleEngine] Player "Dan" (id=J3DN6WXzRjVAt4j_gUAEgL4v34hqtXpOtTWQ5nCMCS0=) started vehicle UH-1H (id=9D9DF319DF47CBFD85615DBC3E8A3191 pos=<7883.61, 320.55, 9802.2>)
01:44:21.818 [VehicleEnter] Player "ANDREIOP" (id=RPd_iZVcpi1DOT_Dnx3wP3FOqPFObu0R2r1Jv-D3kDY=) entered vehicle UH-1H (id=9D9DF319DF47CBFD85615DBC3E8A3191 pos=<6879.26, 212.94, 8277.35>) as passenger
01:45:25.689 [AI Object Patrol 00194] Spawning 1 West bots at <5407.174316, 270.695496, 6671.724121>
01:45:25.720 [AI Object Patrol 00194] Global patrol count: 4
01:45:25.731 [AI Object Patrol 00194] HelicopterWreck category patrol count: 2
01:47:15.523 [VehicleEngine] Player "Dan" (id=J3DN6WXzRjVAt4j_gUAEgL4v34hqtXpOtTWQ5nCMCS0=) stopped vehicle UH-1H (id=9D9DF319DF47CBFD85615DBC3E8A3191 pos=<4318.58, 308.22, 6952.96>)
01:47:19.554 [VehicleLeave] Player "ANDREIOP" (id=RPd_iZVcpi1DOT_Dnx3wP3FOqPFObu0R2r1Jv-D3kDY=) left vehicle UH-1H (id=9D9DF319DF47CBFD85615DBC3E8A3191 pos=<4318.59, 308.22, 6952.97>)
01:47:26.906 [VehicleLeave] Player "Dan" (id=J3DN6WXzRjVAt4j_gUAEgL4v34hqtXpOtTWQ5nCMCS0=) left vehicle UH-1H (id=9D9DF319DF47CBFD85615DBC3E8A3191 pos=<4318.65, 308.23, 6952.91>)
01:49:49.736 [VehicleDestroyed] ExpansionUh1h (id=97187DB64D421D7D70C493A6269B4D98 pos=<4324.34, 309.5, 6942.48>)
01:50:03.703 [VehicleEnter] Player "Dan" (id=J3DN6WXzRjVAt4j_gUAEgL4v34hqtXpOtTWQ5nCMCS0=) entered vehicle UH-1H (id=9D9DF319DF47CBFD85615DBC3E8A3191 pos=<4318.74, 308.24, 6953.06>) as pilot
01:50:10.049 [VehicleLeave] Player "Dan" (id=J3DN6WXzRjVAt4j_gUAEgL4v34hqtXpOtTWQ5nCMCS0=) left vehicle UH-1H (id=9D9DF319DF47CBFD85615DBC3E8A3191 pos=<4318.68, 308.23, 6953.1>)
01:52:48.242 [AI Object Patrol 00198] Despawning 1 West bots (spawn position <8362.541992, 290.533020, 9169.097656>, 0/1 deceased)
01:52:48.253 [AI Object Patrol 00198] Global patrol count: 3
01:52:48.263 [AI Object Patrol 00198] HelicopterWreck category patrol count: 1
02:00:28.573 [AI Object Patrol 00194] Despawning 1 West bots (spawn position <5407.174316, 270.695496, 6671.724121>, 0/1 deceased)
02:00:28.583 [AI Object Patrol 00194] Global patrol count: 2
02:00:28.593 [AI Object Patrol 00194] HelicopterWreck category patrol count: 0
02:19:23.294 [AI Object Patrol 00209] Spawning 3 West bots at <2751.411133, 401.806824, 5623.416992>
02:19:23.458 [AI Object Patrol 00209] Global patrol count: 3
02:19:23.468 [AI Object Patrol 00209] HelicopterWreck category patrol count: 1
02:24:27.382 [VehicleDeleted] ExpansionUh1h (id=97187DB64D421D7D70C493A6269B4D98 pos=<4324.36, 309.51, 6942.46>)
02:25:46.507 [VehicleDestroyed] ExpansionUh1h (id=D394291EB24E3A05455DAB9C1F14EBBF pos=<1228.1, 169.13, 7566.24>)
02:26:03.993 [VehicleDestroyed] ExpansionUh1h_Medical (id=EBA3510F8948D361486EA8BD175B86FA pos=<7924.8, 169.45, 11833.4>)
02:30:43.406 [VehicleEnter] Player "Dan" (id=J3DN6WXzRjVAt4j_gUAEgL4v34hqtXpOtTWQ5nCMCS0=) entered vehicle Gyrocopter (id=3ED00DAD7D4F183ED43B758A59CD7D03 pos=<4423.21, 317.14, 6681.93>) as pilot
02:30:49.849 [VehicleLeave] Player "Dan" (id=J3DN6WXzRjVAt4j_gUAEgL4v34hqtXpOtTWQ5nCMCS0=) left vehicle Gyrocopter (id=3ED00DAD7D4F183ED43B758A59CD7D03 pos=<4423.21, 317.14, 6681.93>)
02:31:20.575 [AI Object Patrol 00209] Despawning 3 West bots (spawn position <2751.411133, 401.806824, 5623.416992>, 0/3 deceased)
02:31:20.585 [AI Object Patrol 00209] Global patrol count: 2
02:31:20.594 [AI Object Patrol 00209] HelicopterWreck category patrol count: 0
02:31:57.488 [VehicleDeleted] ExpansionUh1h (id=D394291EB24E3A05455DAB9C1F14EBBF pos=<1230.43, 168.74, 7567.11>)
02:32:25.453 [VehicleDeleted] ExpansionUh1h_Medical (id=EBA3510F8948D361486EA8BD175B86FA pos=<7924.92, 169.46, 11833.5>)
02:34:15.980 [VehicleEnter] Player "Dan" (id=J3DN6WXzRjVAt4j_gUAEgL4v34hqtXpOtTWQ5nCMCS0=) entered vehicle Gyrocopter (id=3ED00DAD7D4F183ED43B758A59CD7D03 pos=<4420.18, 317.15, 6694.13>) as pilot
02:34:19.366 [VehicleEngine] Player "Dan" (id=J3DN6WXzRjVAt4j_gUAEgL4v34hqtXpOtTWQ5nCMCS0=) started vehicle Gyrocopter (id=3ED00DAD7D4F183ED43B758A59CD7D03 pos=<4420.18, 317.15, 6694.13>)
02:36:18.386 [VehicleEngine] Player "NULL" (id=NULL) stopped vehicle Gyrocopter (id=3ED00DAD7D4F183ED43B758A59CD7D03 pos=<4420.21, 317.15, 6691.35>)
02:36:18.421 [VehicleLeave] Player "Dan" (id=J3DN6WXzRjVAt4j_gUAEgL4v34hqtXpOtTWQ5nCMCS0=) left vehicle Gyrocopter (id=3ED00DAD7D4F183ED43B758A59CD7D03 pos=<4420.21, 317.15, 6691.35>)
02:37:07.857 [VehicleEnter] Player "Dan" (id=J3DN6WXzRjVAt4j_gUAEgL4v34hqtXpOtTWQ5nCMCS0=) entered vehicle Gyrocopter (id=3ED00DAD7D4F183ED43B758A59CD7D03 pos=<4420.34, 317.14, 6691.24>) as pilot
02:37:10.923 [VehicleEngine] Player "Dan" (id=J3DN6WXzRjVAt4j_gUAEgL4v34hqtXpOtTWQ5nCMCS0=) started vehicle Gyrocopter (id=3ED00DAD7D4F183ED43B758A59CD7D03 pos=<4420.34, 317.14, 6691.24>)
02:38:09.804 [VehicleEngine] Player "Dan" (id=J3DN6WXzRjVAt4j_gUAEgL4v34hqtXpOtTWQ5nCMCS0=) stopped vehicle Gyrocopter (id=3ED00DAD7D4F183ED43B758A59CD7D03 pos=<4419.46, 317.16, 6692.1>)
02:38:30.430 [VehicleLeave] Player "Dan" (id=J3DN6WXzRjVAt4j_gUAEgL4v34hqtXpOtTWQ5nCMCS0=) left vehicle Gyrocopter (id=3ED00DAD7D4F183ED43B758A59CD7D03 pos=<4419.52, 317.14, 6692.07>)
02:40:30.648 [MissionAirdrop] An airdrop is heading towards "Muratyn" (pos=<4559.000000, 0.000000, 6852.000000> type=Random_Muratyn) with a ExpansionAirdropContainer_Military
02:42:12.977 [VehicleEnter] Player "Dan" (id=J3DN6WXzRjVAt4j_gUAEgL4v34hqtXpOtTWQ5nCMCS0=) entered vehicle Gyrocopter (id=3ED00DAD7D4F183ED43B758A59CD7D03 pos=<4411.3, 317.14, 6688.78>) as pilot
02:42:15.092 [VehicleEngine] Player "Dan" (id=J3DN6WXzRjVAt4j_gUAEgL4v34hqtXpOtTWQ5nCMCS0=) started vehicle Gyrocopter (id=3ED00DAD7D4F183ED43B758A59CD7D03 pos=<4411.3, 317.14, 6688.78>)
02:47:04.757 [VehicleEngine] Player "Dan" (id=J3DN6WXzRjVAt4j_gUAEgL4v34hqtXpOtTWQ5nCMCS0=) stopped vehicle Gyrocopter (id=3ED00DAD7D4F183ED43B758A59CD7D03 pos=<4410.05, 317.16, 6694.28>)
02:47:22.459 [VehicleLeave] Player "Dan" (id=J3DN6WXzRjVAt4j_gUAEgL4v34hqtXpOtTWQ5nCMCS0=) left vehicle Gyrocopter (id=3ED00DAD7D4F183ED43B758A59CD7D03 pos=<4410.03, 317.16, 6694.31>)
02:53:16.559 [VehicleEnter] Player "Dan" (id=J3DN6WXzRjVAt4j_gUAEgL4v34hqtXpOtTWQ5nCMCS0=) entered vehicle UH-1H (id=9D9DF319DF47CBFD85615DBC3E8A3191 pos=<4318.66, 308.22, 6953.12>) as pilot
02:53:20.809 [VehicleEngine] Player "Dan" (id=J3DN6WXzRjVAt4j_gUAEgL4v34hqtXpOtTWQ5nCMCS0=) started vehicle UH-1H (id=9D9DF319DF47CBFD85615DBC3E8A3191 pos=<4318.63, 308.22, 6953.14>)
02:54:46.536 [VehicleEngine] Player "Dan" (id=J3DN6WXzRjVAt4j_gUAEgL4v34hqtXpOtTWQ5nCMCS0=) stopped vehicle UH-1H (id=9D9DF319DF47CBFD85615DBC3E8A3191 pos=<4490.5, 328.72, 6900.49>)
02:54:51.129 [VehicleLeave] Player "Dan" (id=J3DN6WXzRjVAt4j_gUAEgL4v34hqtXpOtTWQ5nCMCS0=) left vehicle UH-1H (id=9D9DF319DF47CBFD85615DBC3E8A3191 pos=<4490.49, 328.72, 6900.46>)
03:18:05.111 [VehicleEnter] Player "Dan" (id=J3DN6WXzRjVAt4j_gUAEgL4v34hqtXpOtTWQ5nCMCS0=) entered vehicle M3S Covered (id=46D2340A724FF0C80A0AAD8270535D2C pos=<6558.85, 206.27, 8387.06>) as driver
03:18:07.153 [VehicleLeave] Player "Dan" (id=J3DN6WXzRjVAt4j_gUAEgL4v34hqtXpOtTWQ5nCMCS0=) left vehicle M3S Covered (id=46D2340A724FF0C80A0AAD8270535D2C pos=<6558.82, 206.26, 8387>)
03:21:30.068 [VehicleAttachments] Player "Dan" (id=J3DN6WXzRjVAt4j_gUAEgL4v34hqtXpOtTWQ5nCMCS0=) detached M3S Left Door (type=Truck_01_Door_1_1_YellowBright) from vehicle M3S Covered (id=46D2340A724FF0C80A0AAD8270535D2C pos=<6558.82, 206.26, 8387>)
03:21:37.225 [VehicleEnter] Player "Dan" (id=J3DN6WXzRjVAt4j_gUAEgL4v34hqtXpOtTWQ5nCMCS0=) entered vehicle M3S Covered (id=46D2340A724FF0C80A0AAD8270535D2C pos=<6558.79, 206.25, 8386.94>) as driver
03:21:40.433 [VehicleEngine] Player "Dan" (id=J3DN6WXzRjVAt4j_gUAEgL4v34hqtXpOtTWQ5nCMCS0=) started vehicle M3S Covered (id=46D2340A724FF0C80A0AAD8270535D2C pos=<6558.73, 206.24, 8386.81>)
03:26:26.558 [VehicleLeave] Player "Dan" (id=J3DN6WXzRjVAt4j_gUAEgL4v34hqtXpOtTWQ5nCMCS0=) left vehicle M3S Covered (id=46D2340A724FF0C80A0AAD8270535D2C pos=<7691.42, 298.28, 9170.39>)
03:26:40.364 [VehicleEnter] Player "Dan" (id=J3DN6WXzRjVAt4j_gUAEgL4v34hqtXpOtTWQ5nCMCS0=) entered vehicle M3S Covered (id=46D2340A724FF0C80A0AAD8270535D2C pos=<7691.42, 298.28, 9170.39>) as driver
03:29:26.704 [VehicleLeave] Player "Dan" (id=J3DN6WXzRjVAt4j_gUAEgL4v34hqtXpOtTWQ5nCMCS0=) left vehicle M3S Covered (id=46D2340A724FF0C80A0AAD8270535D2C pos=<7874.35, 320.88, 9831.23>)
03:31:17.081 [VehicleEnter] Player "Dan" (id=J3DN6WXzRjVAt4j_gUAEgL4v34hqtXpOtTWQ5nCMCS0=) entered vehicle UH-1H (id=B17452EBF54E9D2858E6BAAD34DC1182 pos=<7883.49, 320.55, 9802.19>) as pilot
03:31:19.406 [VehicleLeave] Player "Dan" (id=J3DN6WXzRjVAt4j_gUAEgL4v34hqtXpOtTWQ5nCMCS0=) left vehicle UH-1H (id=B17452EBF54E9D2858E6BAAD34DC1182 pos=<7883.48, 320.55, 9802.19>)
03:36:52.010 [VehicleEnter] Player "Dan" (id=J3DN6WXzRjVAt4j_gUAEgL4v34hqtXpOtTWQ5nCMCS0=) entered vehicle M3S Covered (id=46D2340A724FF0C80A0AAD8270535D2C pos=<7874.35, 320.88, 9831.23>) as driver
03:40:58.887 [VehicleLeave] Player "Dan" (id=J3DN6WXzRjVAt4j_gUAEgL4v34hqtXpOtTWQ5nCMCS0=) left vehicle M3S Covered (id=46D2340A724FF0C80A0AAD8270535D2C pos=<6567.8, 206.68, 8400.5>)
03:43:59.156 [VehicleEnter] Player "Dan" (id=J3DN6WXzRjVAt4j_gUAEgL4v34hqtXpOtTWQ5nCMCS0=) entered vehicle M3S Covered (id=46D2340A724FF0C80A0AAD8270535D2C pos=<6567.81, 206.68, 8400.5>) as driver
03:44:39.801 [VehicleEngine] Player "NULL" (id=NULL) stopped vehicle M3S Covered (id=46D2340A724FF0C80A0AAD8270535D2C pos=<6502.18, 211.31, 8326.32>)
03:44:40.226 [VehicleLeave] Player "Dan" (id=J3DN6WXzRjVAt4j_gUAEgL4v34hqtXpOtTWQ5nCMCS0=) left vehicle M3S Covered (id=46D2340A724FF0C80A0AAD8270535D2C pos=<6502.18, 211.31, 8326.32>)
03:44:49.690 [VehicleEnter] Player "Dan" (id=J3DN6WXzRjVAt4j_gUAEgL4v34hqtXpOtTWQ5nCMCS0=) entered vehicle M3S Covered (id=46D2340A724FF0C80A0AAD8270535D2C pos=<6502.26, 211.29, 8326.42>) as driver
03:44:56.637 [VehicleEngine] Player "Dan" (id=J3DN6WXzRjVAt4j_gUAEgL4v34hqtXpOtTWQ5nCMCS0=) started vehicle M3S Covered (id=46D2340A724FF0C80A0AAD8270535D2C pos=<6502.67, 211.17, 8326.9>)
03:52:31.483 [VehicleLeave] Player "Dan" (id=J3DN6WXzRjVAt4j_gUAEgL4v34hqtXpOtTWQ5nCMCS0=) left vehicle M3S Covered (id=46D2340A724FF0C80A0AAD8270535D2C pos=<4491.27, 328.23, 6892.12>)
03:57:15.118 [VehicleEnter] Player "ANDREIOP" (id=RPd_iZVcpi1DOT_Dnx3wP3FOqPFObu0R2r1Jv-D3kDY=) entered vehicle M3S Covered (id=46D2340A724FF0C80A0AAD8270535D2C pos=<4491.25, 328.23, 6892.1>) as driver
03:58:05.315 [VehicleLeave] Player "ANDREIOP" (id=RPd_iZVcpi1DOT_Dnx3wP3FOqPFObu0R2r1Jv-D3kDY=) left vehicle M3S Covered (id=46D2340A724FF0C80A0AAD8270535D2C pos=<4539.84, 332.2, 6911.78>)
03:59:17.652 [VehicleEnter] Player "ANDREIOP" (id=RPd_iZVcpi1DOT_Dnx3wP3FOqPFObu0R2r1Jv-D3kDY=) entered vehicle M3S Covered (id=46D2340A724FF0C80A0AAD8270535D2C pos=<4539.81, 332.19, 6911.75>) as driver
04:00:22.951 [VehicleLeave] Player "ANDREIOP" (id=RPd_iZVcpi1DOT_Dnx3wP3FOqPFObu0R2r1Jv-D3kDY=) left vehicle M3S Covered (id=46D2340A724FF0C80A0AAD8270535D2C pos=<4576.96, 334.86, 6942.68>)
04:01:06.345 [VehicleEnter] Player "Dan" (id=J3DN6WXzRjVAt4j_gUAEgL4v34hqtXpOtTWQ5nCMCS0=) entered vehicle UH-1H (id=9D9DF319DF47CBFD85615DBC3E8A3191 pos=<4490.51, 328.7, 6899.84>) as pilot
04:01:15.576 [VehicleLeave] Player "Dan" (id=J3DN6WXzRjVAt4j_gUAEgL4v34hqtXpOtTWQ5nCMCS0=) left vehicle UH-1H (id=9D9DF319DF47CBFD85615DBC3E8A3191 pos=<4490.44, 328.69, 6899.86>)
04:01:22.577 [VehicleEnter] Player "ANDREIOP" (id=RPd_iZVcpi1DOT_Dnx3wP3FOqPFObu0R2r1Jv-D3kDY=) entered vehicle M3S Covered (id=46D2340A724FF0C80A0AAD8270535D2C pos=<4576.95, 334.86, 6942.68>) as driver
04:01:58.752 [VehicleEngine] Player "NULL" (id=NULL) stopped vehicle M3S Covered (id=46D2340A724FF0C80A0AAD8270535D2C pos=<4742.1, 323.16, 7070.53>)
04:01:59.184 [VehicleLeave] Player "ANDREIOP" (id=RPd_iZVcpi1DOT_Dnx3wP3FOqPFObu0R2r1Jv-D3kDY=) left vehicle M3S Covered (id=46D2340A724FF0C80A0AAD8270535D2C pos=<4742.1, 323.16, 7070.53>)
04:02:04.692 [VehicleEnter] Player "ANDREIOP" (id=RPd_iZVcpi1DOT_Dnx3wP3FOqPFObu0R2r1Jv-D3kDY=) entered vehicle M3S Covered (id=46D2340A724FF0C80A0AAD8270535D2C pos=<4742.1, 323.16, 7070.53>) as driver
04:02:06.913 [VehicleEngine] Player "ANDREIOP" (id=RPd_iZVcpi1DOT_Dnx3wP3FOqPFObu0R2r1Jv-D3kDY=) started vehicle M3S Covered (id=46D2340A724FF0C80A0AAD8270535D2C pos=<4742.1, 323.16, 7070.53>)
04:02:11.522 [VehicleEnter] Player "Dan" (id=J3DN6WXzRjVAt4j_gUAEgL4v34hqtXpOtTWQ5nCMCS0=) entered vehicle UH-1H (id=9D9DF319DF47CBFD85615DBC3E8A3191 pos=<4489.93, 328.66, 6900.02>) as pilot
04:02:14.951 [VehicleEngine] Player "Dan" (id=J3DN6WXzRjVAt4j_gUAEgL4v34hqtXpOtTWQ5nCMCS0=) started vehicle UH-1H (id=9D9DF319DF47CBFD85615DBC3E8A3191 pos=<4489.9, 328.66, 6900.03>)
04:02:30.452 [AI Object Patrol 00239] Spawning 1 West bots at <5486.098633, 280.226135, 7916.275879>
04:02:30.488 [AI Object Patrol 00239] Global patrol count: 3
04:02:30.498 [AI Object Patrol 00239] HelicopterWreck category patrol count: 1
04:07:11.229 [VehicleEngine] Player "Dan" (id=J3DN6WXzRjVAt4j_gUAEgL4v34hqtXpOtTWQ5nCMCS0=) stopped vehicle UH-1H (id=9D9DF319DF47CBFD85615DBC3E8A3191 pos=<7869.3, 320.82, 9825.14>)
04:07:35.555 [VehicleLeave] Player "Dan" (id=J3DN6WXzRjVAt4j_gUAEgL4v34hqtXpOtTWQ5nCMCS0=) left vehicle UH-1H (id=9D9DF319DF47CBFD85615DBC3E8A3191 pos=<7869.27, 320.83, 9825.28>)
04:08:06.114 [AI Object Patrol 00240] Spawning 3 East bots at <6359.785645, 300.527618, 6145.794434>
04:08:06.153 [AI Object Patrol 00240] Global patrol count: 4
04:08:06.165 [AI Object Patrol 00240] HelicopterWreck category patrol count: 2
04:14:36.400 [VehicleEngine] Player "NULL" (id=NULL) stopped vehicle M3S Covered (id=46D2340A724FF0C80A0AAD8270535D2C pos=<6561.93, 206.76, 8391.24>)
04:14:36.838 [VehicleLeave] Player "ANDREIOP" (id=RPd_iZVcpi1DOT_Dnx3wP3FOqPFObu0R2r1Jv-D3kDY=) left vehicle M3S Covered (id=46D2340A724FF0C80A0AAD8270535D2C pos=<6561.93, 206.76, 8391.24>)
04:14:54.961 [VehicleEnter] Player "Dan" (id=J3DN6WXzRjVAt4j_gUAEgL4v34hqtXpOtTWQ5nCMCS0=) entered vehicle UH-1H (id=9D9DF319DF47CBFD85615DBC3E8A3191 pos=<7869.23, 320.83, 9825.39>) as pilot
04:14:58.440 [VehicleEngine] Player "Dan" (id=J3DN6WXzRjVAt4j_gUAEgL4v34hqtXpOtTWQ5nCMCS0=) started vehicle UH-1H (id=9D9DF319DF47CBFD85615DBC3E8A3191 pos=<7869.22, 320.83, 9825.42>)
04:16:56.094 [AI Object Patrol 00239] Despawning 1 West bots (spawn position <5486.098633, 280.226135, 7916.275879>, 0/1 deceased)
04:16:56.123 [AI Object Patrol 00239] Global patrol count: 3
04:16:56.137 [AI Object Patrol 00239] HelicopterWreck category patrol count: 1
04:17:17.069 [VehicleEngine] Player "Dan" (id=J3DN6WXzRjVAt4j_gUAEgL4v34hqtXpOtTWQ5nCMCS0=) stopped vehicle UH-1H (id=9D9DF319DF47CBFD85615DBC3E8A3191 pos=<6562.5, 206.43, 8405.53>)
04:17:21.210 [VehicleLeave] Player "Dan" (id=J3DN6WXzRjVAt4j_gUAEgL4v34hqtXpOtTWQ5nCMCS0=) left vehicle UH-1H (id=9D9DF319DF47CBFD85615DBC3E8A3191 pos=<6562.5, 206.43, 8405.53>)
04:17:43.184 [VehicleEnter] Player "Dan" (id=J3DN6WXzRjVAt4j_gUAEgL4v34hqtXpOtTWQ5nCMCS0=) entered vehicle M3S Covered (id=46D2340A724FF0C80A0AAD8270535D2C pos=<6561.93, 206.76, 8391.24>) as driver
04:17:55.512 [VehicleLeave] Player "Dan" (id=J3DN6WXzRjVAt4j_gUAEgL4v34hqtXpOtTWQ5nCMCS0=) left vehicle M3S Covered (id=46D2340A724FF0C80A0AAD8270535D2C pos=<6561.93, 206.76, 8391.24>)
04:21:11.377 [Party] Player "ANDREIOP" (id=RPd_iZVcpi1DOT_Dnx3wP3FOqPFObu0R2r1Jv-D3kDY=) left the party "Dragon Unyielding" (id=7 ownerUID=J3DN6WXzRjVAt4j_gUAEgL4v34hqtXpOtTWQ5nCMCS0= ownerName=Dan)
04:21:17.436 [AI Object Patrol 00240] Despawning 3 East bots (spawn position <6359.785645, 300.527618, 6145.794434>, 0/3 deceased)
04:21:17.446 [AI Object Patrol 00240] Global patrol count: 2
04:21:17.456 [AI Object Patrol 00240] HelicopterWreck category patrol count: 0
04:21:21.957 [Party] Player "Dan" (id=J3DN6WXzRjVAt4j_gUAEgL4v34hqtXpOtTWQ5nCMCS0=) left the party "Dragon Unyielding" (id=7 ownerUID=J3DN6WXzRjVAt4j_gUAEgL4v34hqtXpOtTWQ5nCMCS0= ownerName=Dan)
05:03:19.897 [MissionAirdrop] An airdrop is heading towards "Kolembrody" (pos=<8676.000000, 0.000000, 12114.000000> type=Random_Kolembrody) with a ExpansionAirdropContainer_Military
