09:18:59.534 [AI Object Patrol 00001] Spawning 1 East bots at <8282.651367, 308.994751, 1192.487549>
09:19:08.048 [AI Object Patrol 00001] Global patrol count: 1
09:19:08.057 [AI Object Patrol 00001] HelicopterWreck category patrol count: 1
09:19:08.066 [AI Patrol 00016] Spawning 2 East bots at <7718.664551, 317.040680, 3008.720459>
09:19:08.095 [AI Patrol 00016] Global patrol count: 2
09:19:08.104 [AI Patrol 00016] Patrol category patrol count: 1
09:19:08.117 [AI Patrol 00017] Spawning 2 West bots at <7452.773438, 287.040009, 2594.701904>
09:19:08.164 [AI Patrol 00017] Global patrol count: 3
09:19:08.195 [AI Patrol 00017] Patrol category patrol count: 2
09:39:53.334 [AI Object Patrol 00001] Despawning 1 East bots (spawn position <8282.651367, 308.994751, 1192.487549>, 0/1 deceased)
09:39:53.345 [AI Object Patrol 00001] Global patrol count: 2
09:39:53.355 [AI Object Patrol 00001] HelicopterWreck category patrol count: 0
09:49:18.957 [AI Patrol 00016] East bots were wiped out (spawn position <7718.664551, 317.040680, 3008.720459>, 2/2 deceased)
09:49:18.968 [AI Patrol 00016] Global patrol count: 1
09:49:18.980 [AI Patrol 00016] Patrol category patrol count: 1
09:59:14.234 [AI Patrol 00017] Despawning 1 West bots (spawn position <7452.773438, 287.040009, 2594.701904>, 1/2 deceased)
09:59:14.244 [AI Patrol 00017] Global patrol count: 0
09:59:14.254 [AI Patrol 00017] Patrol category patrol count: 0
11:11:08.752 [VehicleDestroyed] Boat_01_Black (id=6EFD469FDA433523823B6E846772B142 pos=<5286.84, 169.74, 9484.99>)
11:11:08.763 [VehicleDestroyed] Boat_01_Blue (id=333BEAC3164BC567B4201BB745A1F31E pos=<4126.57, 169.77, 8967.81>)
11:11:08.773 [VehicleDestroyed] Boat_01_Orange (id=13C2B6BF594438A70858A8BEC46FA3AF pos=<6379.26, 169.8, 10765.5>)
11:11:58.752 [VehicleDestroyed] Boat_01_Orange (id=C1A45DA54E414768BB17EFB1651CA2ED pos=<11240.3, 169.64, 11245.1>)
11:44:54.239 [AI Object Patrol 00002] Spawning 3 East bots at <11180.078125, 250.344940, 6242.479492>
11:44:54.274 [AI Object Patrol 00002] Global patrol count: 1
11:44:54.285 [AI Object Patrol 00002] HelicopterWreck category patrol count: 1
11:50:26.184 [VehicleDeleted] Boat_01_Orange (id=13C2B6BF594438A70858A8BEC46FA3AF pos=<6379.28, 169.47, 10765.5>)
11:50:26.200 [VehicleDeleted] Boat_01_Blue (id=333BEAC3164BC567B4201BB745A1F31E pos=<4126.59, 168.56, 8967.77>)
11:50:26.216 [VehicleDeleted] Boat_01_Black (id=6EFD469FDA433523823B6E846772B142 pos=<5286.91, 169.29, 9484.96>)
11:50:26.228 [VehicleDeleted] Boat_01_Orange (id=C1A45DA54E414768BB17EFB1651CA2ED pos=<11240.3, 169.28, 11245>)
11:55:45.730 [AI Object Patrol 00002] Despawning 3 East bots (spawn position <11180.078125, 250.344940, 6242.479492>, 0/3 deceased)
11:55:45.740 [AI Object Patrol 00002] Global patrol count: 0
11:55:45.749 [AI Object Patrol 00002] HelicopterWreck category patrol count: 0
11:58:25.263 [SpawnSelection] Player "NickTDrizzy" (id=fzd8mumj1VPzVcH_vKQyOZDa8Y7YQ1MVWhxYlcHMvMw=) spawned at <9812.469727, 208.270996, 8597.160156>
12:35:42.104 [BaseRaiding] ExpansionSafeMedium (<9721.008789, 210.766602, 8586.909180>) Damaged "player "NickTDrizzy" (ID = "fzd8mumj1VPzVcH_vKQyOZDa8Y7YQ1MVWhxYlcHMvMw=" at <9722.066406, 210.806595, 8585.844727>)" by 10 health points. Reason: Failed to enter the correct code.
12:35:42.241 [BaseRaiding] ExpansionSafeMedium (<9721.008789, 210.766602, 8586.909180>) The correct code was 5231 and the player tried 5051
12:36:27.994 [VehicleEnter] Player "NickTDrizzy" (id=fzd8mumj1VPzVcH_vKQyOZDa8Y7YQ1MVWhxYlcHMvMw=) entered vehicle Ada 4x4 (id=11BF777F6940D3D8EF7E6FA375FE0F24 pos=<9717.19, 212.55, 8600.75>) as driver
12:36:45.717 [VehicleLeave] Player "NickTDrizzy" (id=fzd8mumj1VPzVcH_vKQyOZDa8Y7YQ1MVWhxYlcHMvMw=) left vehicle Ada 4x4 (id=11BF777F6940D3D8EF7E6FA375FE0F24 pos=<9717.19, 212.55, 8600.75>)
12:38:30.178 [BaseRaiding] ExpansionSafeMini (<9701.804688, 208.739777, 8531.323242>) Code set by "player "NickTDrizzy" (ID = "fzd8mumj1VPzVcH_vKQyOZDa8Y7YQ1MVWhxYlcHMvMw=" at <9703.113281, 208.746964, 8531.427734>)" and the code is 5051
14:01:10.449 [SpawnSelection] Player "Shaggy" (id=rX5H43b73_HQxS0Jw2CmVBLKM-Z7TQ0GIHEUl2aAQxQ=) spawned at <1913.430054, 194.949005, 7445.359863>
14:12:08.590 [SpawnSelection] Player "Shaggy" (id=rX5H43b73_HQxS0Jw2CmVBLKM-Z7TQ0GIHEUl2aAQxQ=) spawned at <2035.589966, 208.117996, 7440.870117>
14:14:37.134 [SpawnSelection] Player "Shaggy" (id=rX5H43b73_HQxS0Jw2CmVBLKM-Z7TQ0GIHEUl2aAQxQ=) spawned at <1841.880005, 199.766998, 7392.009766>
14:18:13.074 [SpawnSelection] Player "Shaggy" (id=rX5H43b73_HQxS0Jw2CmVBLKM-Z7TQ0GIHEUl2aAQxQ=) spawned at <9868.389648, 210.591003, 8463.000000>
