05:49:06.735 [VehicleDestroyed] Boat_01_Black (id=1BD80268F5434A50B771E1A6A382260A pos=<4130.97, 169.36, 8970.94>)
05:49:10.954 [VehicleDeleted] Boat_01_Black (id=C897E1B00F4E7E6BE597D6B452BF78B9 pos=<4130.97, 169.36, 8970.94>)
07:36:01.153 [VehicleEnter] Player "Survivor" (id=OKxcsvV2KsCqlVzELkqmfegOmuewD7pyeAvtZiRRMOU=) entered vehicle Olga 24 (id=82C384AAFC423622F65203B2324EDDAD pos=<6299.24, 206.73, 9892.27>) as driver
07:36:02.775 [VehicleEngine] Player "Survivor" (id=OKxcsvV2KsCqlVzELkqmfegOmuewD7pyeAvtZiRRMOU=) started vehicle Olga 24 (id=82C384AAFC423622F65203B2324EDDAD pos=<6299.24, 206.73, 9892.27>)
07:36:52.779 [VehicleEngine] Player "NULL" (id=NULL) stopped vehicle Olga 24 (id=82C384AAFC423622F65203B2324EDDAD pos=<6292.62, 192.32, 10155.1>)
07:36:52.812 [VehicleLeave] Player "Survivor" (id=OKxcsvV2KsCqlVzELkqmfegOmuewD7pyeAvtZiRRMOU=) left vehicle Olga 24 (id=82C384AAFC423622F65203B2324EDDAD pos=<6292.62, 192.32, 10155.1>)
07:48:45.166 [VehicleEnter] Player "Survivor" (id=OKxcsvV2KsCqlVzELkqmfegOmuewD7pyeAvtZiRRMOU=) entered vehicle Olga 24 (id=82C384AAFC423622F65203B2324EDDAD pos=<6292.62, 192.32, 10155.1>) as driver
07:48:48.996 [VehicleLeave] Player "Survivor" (id=OKxcsvV2KsCqlVzELkqmfegOmuewD7pyeAvtZiRRMOU=) left vehicle Olga 24 (id=82C384AAFC423622F65203B2324EDDAD pos=<6292.63, 192.32, 10155.1>)
07:49:11.601 [VehicleEnter] Player "Survivor" (id=OKxcsvV2KsCqlVzELkqmfegOmuewD7pyeAvtZiRRMOU=) entered vehicle Olga 24 (id=82C384AAFC423622F65203B2324EDDAD pos=<6292.63, 192.32, 10155.1>) as driver
07:49:17.311 [VehicleEngine] Player "Survivor" (id=OKxcsvV2KsCqlVzELkqmfegOmuewD7pyeAvtZiRRMOU=) started vehicle Olga 24 (id=82C384AAFC423622F65203B2324EDDAD pos=<6292.63, 192.32, 10155.1>)
07:49:46.921 [VehicleEngine] Player "NULL" (id=NULL) stopped vehicle Olga 24 (id=82C384AAFC423622F65203B2324EDDAD pos=<6307.89, 192.32, 10170.5>)
07:49:47.064 [VehicleLeave] Player "Survivor" (id=OKxcsvV2KsCqlVzELkqmfegOmuewD7pyeAvtZiRRMOU=) left vehicle Olga 24 (id=82C384AAFC423622F65203B2324EDDAD pos=<6307.89, 192.32, 10170.5>)
07:50:48.937 [VehicleEnter] Player "Survivor" (id=OKxcsvV2KsCqlVzELkqmfegOmuewD7pyeAvtZiRRMOU=) entered vehicle Olga 24 (id=82C384AAFC423622F65203B2324EDDAD pos=<6307.99, 192.32, 10171.1>) as driver
07:50:51.789 [VehicleEngine] Player "Survivor" (id=OKxcsvV2KsCqlVzELkqmfegOmuewD7pyeAvtZiRRMOU=) started vehicle Olga 24 (id=82C384AAFC423622F65203B2324EDDAD pos=<6307.99, 192.32, 10171.1>)
07:51:11.002 [VehicleEngine] Player "NULL" (id=NULL) stopped vehicle Olga 24 (id=82C384AAFC423622F65203B2324EDDAD pos=<6288.63, 192.33, 10200>)
07:51:11.034 [VehicleLeave] Player "Survivor" (id=OKxcsvV2KsCqlVzELkqmfegOmuewD7pyeAvtZiRRMOU=) left vehicle Olga 24 (id=82C384AAFC423622F65203B2324EDDAD pos=<6288.63, 192.33, 10200>)
07:51:35.427 [VehicleEnter] Player "Survivor" (id=OKxcsvV2KsCqlVzELkqmfegOmuewD7pyeAvtZiRRMOU=) entered vehicle Olga 24 (id=82C384AAFC423622F65203B2324EDDAD pos=<6288.63, 192.33, 10200>) as driver
07:51:38.859 [VehicleEngine] Player "Survivor" (id=OKxcsvV2KsCqlVzELkqmfegOmuewD7pyeAvtZiRRMOU=) started vehicle Olga 24 (id=82C384AAFC423622F65203B2324EDDAD pos=<6288.63, 192.33, 10200>)
07:52:13.510 [VehicleEngine] Player "NULL" (id=NULL) stopped vehicle Olga 24 (id=82C384AAFC423622F65203B2324EDDAD pos=<6257.11, 192.38, 10167.2>)
07:52:13.603 [VehicleLeave] Player "Survivor" (id=OKxcsvV2KsCqlVzELkqmfegOmuewD7pyeAvtZiRRMOU=) left vehicle Olga 24 (id=82C384AAFC423622F65203B2324EDDAD pos=<6257.11, 192.38, 10167.2>)
07:52:43.630 [VehicleEnter] Player "Survivor" (id=OKxcsvV2KsCqlVzELkqmfegOmuewD7pyeAvtZiRRMOU=) entered vehicle Olga 24 (id=82C384AAFC423622F65203B2324EDDAD pos=<6257.11, 192.38, 10167.2>) as driver
07:52:55.589 [VehicleEngine] Player "Survivor" (id=OKxcsvV2KsCqlVzELkqmfegOmuewD7pyeAvtZiRRMOU=) started vehicle Olga 24 (id=82C384AAFC423622F65203B2324EDDAD pos=<6257.1, 192.38, 10167.2>)
07:54:30.005 [VehicleEngine] Player "NULL" (id=NULL) stopped vehicle Olga 24 (id=82C384AAFC423622F65203B2324EDDAD pos=<6469.12, 197.82, 10303.1>)
07:54:30.016 [VehicleLeave] Player "Survivor" (id=OKxcsvV2KsCqlVzELkqmfegOmuewD7pyeAvtZiRRMOU=) left vehicle Olga 24 (id=82C384AAFC423622F65203B2324EDDAD pos=<6469.12, 197.82, 10303.1>)
08:04:19.756 [VehicleEnter] Player "Survivor" (id=OKxcsvV2KsCqlVzELkqmfegOmuewD7pyeAvtZiRRMOU=) entered vehicle Olga 24 (id=82C384AAFC423622F65203B2324EDDAD pos=<6469.12, 197.82, 10303.1>) as driver
08:04:36.332 [VehicleEngine] Player "Survivor" (id=OKxcsvV2KsCqlVzELkqmfegOmuewD7pyeAvtZiRRMOU=) started vehicle Olga 24 (id=82C384AAFC423622F65203B2324EDDAD pos=<6469.12, 197.82, 10303.1>)
08:05:14.003 [VehicleEngine] Player "NULL" (id=NULL) stopped vehicle Olga 24 (id=82C384AAFC423622F65203B2324EDDAD pos=<6468.68, 197.82, 10302.1>)
08:05:14.021 [VehicleLeave] Player "Survivor" (id=OKxcsvV2KsCqlVzELkqmfegOmuewD7pyeAvtZiRRMOU=) left vehicle Olga 24 (id=82C384AAFC423622F65203B2324EDDAD pos=<6468.68, 197.82, 10302.1>)
08:15:20.623 [VehicleEnter] Player "Survivor" (id=OKxcsvV2KsCqlVzELkqmfegOmuewD7pyeAvtZiRRMOU=) entered vehicle Olga 24 (id=82C384AAFC423622F65203B2324EDDAD pos=<6468.68, 197.82, 10302.1>) as driver
08:15:23.357 [VehicleEngine] Player "Survivor" (id=OKxcsvV2KsCqlVzELkqmfegOmuewD7pyeAvtZiRRMOU=) started vehicle Olga 24 (id=82C384AAFC423622F65203B2324EDDAD pos=<6468.68, 197.82, 10302.1>)
08:19:48.233 [AI Patrol 00018] Spawning 3 East bots at <9180.155273, 202.305603, 10961.348633>
08:20:05.948 [AI Patrol 00018] Global patrol count: 1
08:20:05.959 [AI Patrol 00018] Patrol category patrol count: 1
08:20:48.765 [AI Patrol 00019] Spawning 2 East bots at <9405.225586, 243.645599, 10329.093750>
08:20:48.799 [AI Patrol 00019] Global patrol count: 2
08:20:48.808 [AI Patrol 00019] Patrol category patrol count: 2
08:21:34.219 [VehicleEngine] Player "NULL" (id=NULL) stopped vehicle Olga 24 (id=82C384AAFC423622F65203B2324EDDAD pos=<9296.04, 203.46, 10788.6>)
08:21:34.293 [VehicleLeave] Player "Survivor" (id=OKxcsvV2KsCqlVzELkqmfegOmuewD7pyeAvtZiRRMOU=) left vehicle Olga 24 (id=82C384AAFC423622F65203B2324EDDAD pos=<9296.04, 203.46, 10788.6>)
08:34:09.787 [AI Patrol 00018] Despawning 3 East bots (spawn position <9180.155273, 202.305603, 10961.348633>, 0/3 deceased)
08:34:09.797 [AI Patrol 00018] Global patrol count: 1
08:34:09.807 [AI Patrol 00018] Patrol category patrol count: 1
08:34:09.892 [AI Patrol 00019] Despawning 2 East bots (spawn position <9405.225586, 243.645599, 10329.093750>, 0/2 deceased)
08:34:09.902 [AI Patrol 00019] Global patrol count: 0
08:34:09.911 [AI Patrol 00019] Patrol category patrol count: 0
08:40:03.536 [VehicleEnter] Player "Survivor" (id=OKxcsvV2KsCqlVzELkqmfegOmuewD7pyeAvtZiRRMOU=) entered vehicle Olga 24 (id=82C384AAFC423622F65203B2324EDDAD pos=<9296.01, 203.46, 10788.6>) as driver
08:40:09.975 [VehicleLeave] Player "Survivor" (id=OKxcsvV2KsCqlVzELkqmfegOmuewD7pyeAvtZiRRMOU=) left vehicle Olga 24 (id=82C384AAFC423622F65203B2324EDDAD pos=<9295.89, 203.45, 10788.6>)
08:41:14.508 [VehicleEnter] Player "Survivor" (id=OKxcsvV2KsCqlVzELkqmfegOmuewD7pyeAvtZiRRMOU=) entered vehicle Olga 24 (id=82C384AAFC423622F65203B2324EDDAD pos=<9295.86, 203.45, 10788.6>) as driver
08:41:16.600 [VehicleEngine] Player "Survivor" (id=OKxcsvV2KsCqlVzELkqmfegOmuewD7pyeAvtZiRRMOU=) started vehicle Olga 24 (id=82C384AAFC423622F65203B2324EDDAD pos=<9295.82, 203.44, 10788.6>)
08:41:58.284 [VehicleEngine] Player "NULL" (id=NULL) stopped vehicle Olga 24 (id=82C384AAFC423622F65203B2324EDDAD pos=<9253.11, 199.94, 10817.8>)
08:41:58.318 [VehicleLeave] Player "Survivor" (id=OKxcsvV2KsCqlVzELkqmfegOmuewD7pyeAvtZiRRMOU=) left vehicle Olga 24 (id=82C384AAFC423622F65203B2324EDDAD pos=<9253.11, 199.94, 10817.8>)
08:48:46.329 [VehicleEnter] Player "Survivor" (id=OKxcsvV2KsCqlVzELkqmfegOmuewD7pyeAvtZiRRMOU=) entered vehicle Olga 24 (id=82C384AAFC423622F65203B2324EDDAD pos=<9253.12, 199.97, 10817.8>) as driver
08:48:50.498 [VehicleEngine] Player "Survivor" (id=OKxcsvV2KsCqlVzELkqmfegOmuewD7pyeAvtZiRRMOU=) started vehicle Olga 24 (id=82C384AAFC423622F65203B2324EDDAD pos=<9253.11, 199.96, 10817.9>)
08:50:12.471 [VehicleLeave] Player "Survivor" (id=OKxcsvV2KsCqlVzELkqmfegOmuewD7pyeAvtZiRRMOU=) left vehicle Olga 24 (id=82C384AAFC423622F65203B2324EDDAD pos=<9545.96, 245.08, 10290.3>)
08:51:10.914 [VehicleEnter] Player "Survivor" (id=OKxcsvV2KsCqlVzELkqmfegOmuewD7pyeAvtZiRRMOU=) entered vehicle Olga 24 (id=82C384AAFC423622F65203B2324EDDAD pos=<9545.96, 245.08, 10290.3>) as driver
08:51:12.727 [VehicleEngine] Player "Survivor" (id=OKxcsvV2KsCqlVzELkqmfegOmuewD7pyeAvtZiRRMOU=) stopped vehicle Olga 24 (id=82C384AAFC423622F65203B2324EDDAD pos=<9545.96, 245.08, 10290.3>)
08:51:15.743 [VehicleLeave] Player "Survivor" (id=OKxcsvV2KsCqlVzELkqmfegOmuewD7pyeAvtZiRRMOU=) left vehicle Olga 24 (id=82C384AAFC423622F65203B2324EDDAD pos=<9545.96, 245.08, 10290.3>)
09:00:00.150 [VehicleEnter] Player "Survivor" (id=OKxcsvV2KsCqlVzELkqmfegOmuewD7pyeAvtZiRRMOU=) entered vehicle Olga 24 (id=82C384AAFC423622F65203B2324EDDAD pos=<9545.96, 245.08, 10290.3>) as driver
09:00:01.915 [VehicleEngine] Player "Survivor" (id=OKxcsvV2KsCqlVzELkqmfegOmuewD7pyeAvtZiRRMOU=) started vehicle Olga 24 (id=82C384AAFC423622F65203B2324EDDAD pos=<9545.96, 245.08, 10290.3>)
09:00:13.259 [VehicleEngine] Player "NULL" (id=NULL) stopped vehicle Olga 24 (id=82C384AAFC423622F65203B2324EDDAD pos=<9558.68, 245.18, 10290.4>)
09:00:13.380 [VehicleLeave] Player "Survivor" (id=OKxcsvV2KsCqlVzELkqmfegOmuewD7pyeAvtZiRRMOU=) left vehicle Olga 24 (id=82C384AAFC423622F65203B2324EDDAD pos=<9558.68, 245.18, 10290.4>)
09:01:40.277 [VehicleEnter] Player "Survivor" (id=OKxcsvV2KsCqlVzELkqmfegOmuewD7pyeAvtZiRRMOU=) entered vehicle Olga 24 (id=82C384AAFC423622F65203B2324EDDAD pos=<9558.65, 245.17, 10290.7>) as driver
09:01:42.345 [VehicleEngine] Player "Survivor" (id=OKxcsvV2KsCqlVzELkqmfegOmuewD7pyeAvtZiRRMOU=) started vehicle Olga 24 (id=82C384AAFC423622F65203B2324EDDAD pos=<9558.65, 245.17, 10290.7>)
09:04:38.978 [AI Object Patrol 00037] Spawning 3 East bots at <8353.672852, 294.149597, 7564.747070>
09:04:39.048 [AI Object Patrol 00037] Global patrol count: 1
09:04:39.059 [AI Object Patrol 00037] HelicopterWreck category patrol count: 1
09:05:28.372 [VehicleEngine] Player "NULL" (id=NULL) stopped vehicle Olga 24 (id=82C384AAFC423622F65203B2324EDDAD pos=<8889.41, 312.02, 7809.78>)
09:05:28.514 [VehicleLeave] Player "Survivor" (id=OKxcsvV2KsCqlVzELkqmfegOmuewD7pyeAvtZiRRMOU=) left vehicle Olga 24 (id=82C384AAFC423622F65203B2324EDDAD pos=<8889.41, 312.02, 7809.78>)
09:06:21.307 [VehicleEnter] Player "Survivor" (id=OKxcsvV2KsCqlVzELkqmfegOmuewD7pyeAvtZiRRMOU=) entered vehicle Olga 24 (id=82C384AAFC423622F65203B2324EDDAD pos=<8889.41, 312.02, 7809.79>) as driver
09:06:24.670 [VehicleEngine] Player "Survivor" (id=OKxcsvV2KsCqlVzELkqmfegOmuewD7pyeAvtZiRRMOU=) started vehicle Olga 24 (id=82C384AAFC423622F65203B2324EDDAD pos=<8889.41, 312.02, 7809.8>)
09:07:20.771 [AI Object Patrol 00034] Spawning 3 East bots at <9183.532227, 292.296082, 6043.475586>
09:07:20.814 [AI Object Patrol 00034] Global patrol count: 2
09:07:20.826 [AI Object Patrol 00034] HelicopterWreck category patrol count: 2
09:08:42.780 [AI Object Patrol 00009] Spawning 3 West bots at <7957.117676, 255.842865, 5839.422852>
09:08:42.821 [AI Object Patrol 00009] Global patrol count: 3
09:08:42.843 [AI Object Patrol 00009] ContaminatedArea category patrol count: 1
09:10:04.284 [AI Patrol 00015] Spawning 1 East bots at <7479.275391, 327.423401, 2729.840088>
09:10:04.353 [AI Patrol 00015] Global patrol count: 4
09:10:04.363 [AI Patrol 00015] Patrol category patrol count: 1
09:10:04.382 [AI Patrol 00016] Spawning 3 West bots at <7318.456543, 287.064301, 2675.835938>
09:10:04.479 [AI Patrol 00016] Global patrol count: 5
09:10:04.573 [AI Patrol 00016] Patrol category patrol count: 2
09:12:08.122 [AI Patrol 00017] Spawning 1 Civilian bots at <6638.412598, 333.316620, 3331.022949>
09:12:08.154 [AI Patrol 00017] Global patrol count: 6
09:12:08.165 [AI Patrol 00017] Patrol category patrol count: 3
09:12:28.769 [AI Object Patrol 00038] Spawning 2 East bots at <6493.119141, 314.465668, 3147.746338>
09:12:28.811 [AI Object Patrol 00038] Global patrol count: 7
09:12:28.821 [AI Object Patrol 00038] HelicopterWreck category patrol count: 3
09:13:18.047 [VehicleEngine] Player "Survivor" (id=OKxcsvV2KsCqlVzELkqmfegOmuewD7pyeAvtZiRRMOU=) stopped vehicle Olga 24 (id=82C384AAFC423622F65203B2324EDDAD pos=<6259.54, 382.43, 3944.79>)
09:13:20.224 [VehicleLeave] Player "Survivor" (id=OKxcsvV2KsCqlVzELkqmfegOmuewD7pyeAvtZiRRMOU=) left vehicle Olga 24 (id=82C384AAFC423622F65203B2324EDDAD pos=<6259.54, 382.43, 3944.79>)
09:14:17.015 [AI Object Patrol 00034] Despawning 3 East bots (spawn position <9183.532227, 292.296082, 6043.475586>, 0/3 deceased)
09:14:17.025 [AI Object Patrol 00034] Global patrol count: 6
09:14:17.035 [AI Object Patrol 00034] HelicopterWreck category patrol count: 2
09:16:08.972 [AI Object Patrol 00037] Despawning 3 East bots (spawn position <8353.672852, 294.149597, 7564.747070>, 0/3 deceased)
09:16:08.983 [AI Object Patrol 00037] Global patrol count: 5
09:16:08.993 [AI Object Patrol 00037] HelicopterWreck category patrol count: 1
09:16:45.506 [VehicleEnter] Player "Survivor" (id=OKxcsvV2KsCqlVzELkqmfegOmuewD7pyeAvtZiRRMOU=) entered vehicle Olga 24 (id=82C384AAFC423622F65203B2324EDDAD pos=<6259.54, 382.43, 3944.79>) as driver
09:16:48.180 [VehicleLeave] Player "Survivor" (id=OKxcsvV2KsCqlVzELkqmfegOmuewD7pyeAvtZiRRMOU=) left vehicle Olga 24 (id=82C384AAFC423622F65203B2324EDDAD pos=<6259.54, 382.43, 3944.79>)
09:16:53.079 [VehicleEnter] Player "Survivor" (id=OKxcsvV2KsCqlVzELkqmfegOmuewD7pyeAvtZiRRMOU=) entered vehicle Olga 24 (id=82C384AAFC423622F65203B2324EDDAD pos=<6259.54, 382.43, 3944.78>) as driver
09:16:55.309 [VehicleEngine] Player "Survivor" (id=OKxcsvV2KsCqlVzELkqmfegOmuewD7pyeAvtZiRRMOU=) started vehicle Olga 24 (id=82C384AAFC423622F65203B2324EDDAD pos=<6259.54, 382.43, 3944.78>)
09:17:13.102 [VehicleEngine] Player "Survivor" (id=OKxcsvV2KsCqlVzELkqmfegOmuewD7pyeAvtZiRRMOU=) stopped vehicle Olga 24 (id=82C384AAFC423622F65203B2324EDDAD pos=<6294.35, 382.5, 3985.89>)
09:17:16.208 [VehicleLeave] Player "Survivor" (id=OKxcsvV2KsCqlVzELkqmfegOmuewD7pyeAvtZiRRMOU=) left vehicle Olga 24 (id=82C384AAFC423622F65203B2324EDDAD pos=<6294.35, 382.5, 3985.88>)
09:18:52.311 [VehicleEnter] Player "Survivor" (id=OKxcsvV2KsCqlVzELkqmfegOmuewD7pyeAvtZiRRMOU=) entered vehicle Olga 24 (id=82C384AAFC423622F65203B2324EDDAD pos=<6294.35, 382.5, 3985.88>) as driver
09:18:54.032 [VehicleEngine] Player "Survivor" (id=OKxcsvV2KsCqlVzELkqmfegOmuewD7pyeAvtZiRRMOU=) started vehicle Olga 24 (id=82C384AAFC423622F65203B2324EDDAD pos=<6294.35, 382.5, 3985.88>)
09:19:12.957 [AI Object Patrol 00009] Despawning 3 West bots (spawn position <7957.117676, 255.842865, 5839.422852>, 0/3 deceased)
09:19:13.097 [AI Object Patrol 00009] Global patrol count: 4
09:19:13.122 [AI Object Patrol 00009] ContaminatedArea category patrol count: 0
09:19:48.253 [VehicleEngine] Player "Survivor" (id=OKxcsvV2KsCqlVzELkqmfegOmuewD7pyeAvtZiRRMOU=) stopped vehicle Olga 24 (id=82C384AAFC423622F65203B2324EDDAD pos=<5933.15, 396.14, 4186.42>)
09:19:50.485 [VehicleLeave] Player "Survivor" (id=OKxcsvV2KsCqlVzELkqmfegOmuewD7pyeAvtZiRRMOU=) left vehicle Olga 24 (id=82C384AAFC423622F65203B2324EDDAD pos=<5933.15, 396.14, 4186.42>)
09:20:04.656 [VehicleEnter] Player "Survivor" (id=OKxcsvV2KsCqlVzELkqmfegOmuewD7pyeAvtZiRRMOU=) entered vehicle Olga 24 (id=82C384AAFC423622F65203B2324EDDAD pos=<5933.15, 396.14, 4186.42>) as driver
09:20:06.200 [VehicleEngine] Player "Survivor" (id=OKxcsvV2KsCqlVzELkqmfegOmuewD7pyeAvtZiRRMOU=) started vehicle Olga 24 (id=82C384AAFC423622F65203B2324EDDAD pos=<5933.15, 396.14, 4186.42>)
09:20:12.401 [VehicleEngine] Player "Survivor" (id=OKxcsvV2KsCqlVzELkqmfegOmuewD7pyeAvtZiRRMOU=) stopped vehicle Olga 24 (id=82C384AAFC423622F65203B2324EDDAD pos=<5925.22, 396.25, 4184.59>)
09:20:16.091 [VehicleLeave] Player "Survivor" (id=OKxcsvV2KsCqlVzELkqmfegOmuewD7pyeAvtZiRRMOU=) left vehicle Olga 24 (id=82C384AAFC423622F65203B2324EDDAD pos=<5925.22, 396.25, 4184.59>)
09:24:59.666 [AI Object Patrol 00038] Despawning 2 East bots (spawn position <6493.119141, 314.465668, 3147.746338>, 0/2 deceased)
09:24:59.676 [AI Object Patrol 00038] Global patrol count: 3
09:24:59.687 [AI Object Patrol 00038] HelicopterWreck category patrol count: 0
09:35:03.838 [AI Patrol 00015] East bots were wiped out (spawn position <7479.275391, 327.423401, 2729.840088>, 1/1 deceased)
09:35:03.847 [AI Patrol 00015] Global patrol count: 2
09:35:03.857 [AI Patrol 00015] Patrol category patrol count: 2
09:54:10.396 [AI Patrol 00017] Despawning 1 Civilian bots (spawn position <6638.412598, 333.316620, 3331.022949>, 0/1 deceased)
09:54:10.405 [AI Patrol 00017] Global patrol count: 1
09:54:10.415 [AI Patrol 00017] Patrol category patrol count: 1
11:18:18.585 [AI Object Patrol 00048] Spawning 2 East bots at <8270.490234, 315.128510, 1171.729370>
11:18:18.616 [AI Object Patrol 00048] Global patrol count: 2
11:18:18.626 [AI Object Patrol 00048] HelicopterWreck category patrol count: 1
11:18:50.971 [Chat - Global]("Survivor"(id=0nsyEhm9INQy3se8y-fXlbMHVv4YsIXloUCLC2unDyo=)): any1 on
11:23:38.198 [VehicleEnter] Player "Survivor" (id=0nsyEhm9INQy3se8y-fXlbMHVv4YsIXloUCLC2unDyo=) entered vehicle Gyrocopter (id=961DFC0DD54BCF458A74E6A5EF960114 pos=<8341.57, 334.75, 1640.68>) as pilot
11:23:39.760 [VehicleEngine] Player "Survivor" (id=0nsyEhm9INQy3se8y-fXlbMHVv4YsIXloUCLC2unDyo=) started vehicle Gyrocopter (id=961DFC0DD54BCF458A74E6A5EF960114 pos=<8341.57, 334.75, 1640.69>)
11:24:02.986 [VehicleEngine] Player "NULL" (id=NULL) stopped vehicle Gyrocopter (id=961DFC0DD54BCF458A74E6A5EF960114 pos=<8342.84, 334.75, 1637.67>)
11:24:03.012 [VehicleLeave] Player "Survivor" (id=0nsyEhm9INQy3se8y-fXlbMHVv4YsIXloUCLC2unDyo=) left vehicle Gyrocopter (id=961DFC0DD54BCF458A74E6A5EF960114 pos=<8342.84, 334.75, 1637.67>)
11:24:40.600 [BaseBuildingRaiding] ------------------------- Expansion Base Raiding Damage Report -------------------------
11:24:40.611 [BaseBuildingRaiding] Player "Naomi" (id= pos=<8273.82, 312.59, 1181.21>) damaged Fence at <8337.12, 340.48, 1633.03>
11:24:40.622 [BaseBuildingRaiding] They dealt 149.665 * 1 = 149.665 damage with Bullet_308Win from FAL
11:24:40.633 [BaseBuildingRaiding] Wall_Metal_Down hitpoints decreased from 20170 to 20020.3
11:24:40.643 [BaseBuildingRaiding] ----------------------------------------------------------------------------------------
11:24:41.207 [BaseBuildingRaiding] ------------------------- Expansion Base Raiding Damage Report -------------------------
11:24:41.218 [BaseBuildingRaiding] Player "Naomi" (id= pos=<8273.78, 312.78, 1180.22>) damaged Watchtower at <8338.41, 335.71, 1634.5>
11:24:41.228 [BaseBuildingRaiding] They dealt 149.414 * 1 = 149.414 damage with Bullet_308Win from FAL
11:24:41.237 [BaseBuildingRaiding] Level_2_Wall_1_Metal_Down hitpoints decreased from 21000 to 20850.6
11:24:41.247 [BaseBuildingRaiding] ----------------------------------------------------------------------------------------
11:24:46.940 [BaseBuildingRaiding] ------------------------- Expansion Base Raiding Damage Report -------------------------
11:24:46.950 [BaseBuildingRaiding] Player "Naomi" (id= pos=<8274.22, 312.05, 1183.78>) damaged Fence at <8339.69, 338.48, 1635.94>
11:24:46.960 [BaseBuildingRaiding] They dealt 148.778 * 1 = 148.778 damage with Bullet_308Win from FAL
11:24:46.971 [BaseBuildingRaiding] Wall_Metal_Up hitpoints decreased from 21000 to 20851.2
11:24:46.981 [BaseBuildingRaiding] ----------------------------------------------------------------------------------------
11:25:39.998 [AI Object Patrol 00048] East bots were wiped out (spawn position <8270.490234, 315.128510, 1171.729370>, 2/2 deceased)
11:25:40.009 [AI Object Patrol 00048] Global patrol count: 1
11:25:40.019 [AI Object Patrol 00048] HelicopterWreck category patrol count: 0
11:27:08.366 [VehicleEnter] Player "Survivor" (id=0nsyEhm9INQy3se8y-fXlbMHVv4YsIXloUCLC2unDyo=) entered vehicle Gyrocopter (id=961DFC0DD54BCF458A74E6A5EF960114 pos=<8342.19, 334.75, 1638.47>) as pilot
11:27:10.097 [VehicleEngine] Player "Survivor" (id=0nsyEhm9INQy3se8y-fXlbMHVv4YsIXloUCLC2unDyo=) started vehicle Gyrocopter (id=961DFC0DD54BCF458A74E6A5EF960114 pos=<8342.19, 334.75, 1638.48>)
11:28:18.085 [VehicleEngine] Player "NULL" (id=NULL) stopped vehicle Gyrocopter (id=961DFC0DD54BCF458A74E6A5EF960114 pos=<8270.66, 309.69, 1199.49>)
11:28:18.151 [VehicleLeave] Player "Survivor" (id=0nsyEhm9INQy3se8y-fXlbMHVv4YsIXloUCLC2unDyo=) left vehicle Gyrocopter (id=961DFC0DD54BCF458A74E6A5EF960114 pos=<8270.66, 309.69, 1199.49>)
11:31:11.135 [VehicleEnter] Player "Survivor" (id=0nsyEhm9INQy3se8y-fXlbMHVv4YsIXloUCLC2unDyo=) entered vehicle Gyrocopter (id=961DFC0DD54BCF458A74E6A5EF960114 pos=<8270.66, 309.64, 1199.77>) as pilot
11:31:12.833 [VehicleEngine] Player "Survivor" (id=0nsyEhm9INQy3se8y-fXlbMHVv4YsIXloUCLC2unDyo=) started vehicle Gyrocopter (id=961DFC0DD54BCF458A74E6A5EF960114 pos=<8270.66, 309.63, 1199.79>)
11:33:03.388 [VehicleEngine] Player "NULL" (id=NULL) stopped vehicle Gyrocopter (id=961DFC0DD54BCF458A74E6A5EF960114 pos=<8339.03, 334.75, 1642.01>)
11:33:03.444 [VehicleLeave] Player "Survivor" (id=0nsyEhm9INQy3se8y-fXlbMHVv4YsIXloUCLC2unDyo=) left vehicle Gyrocopter (id=961DFC0DD54BCF458A74E6A5EF960114 pos=<8339.03, 334.75, 1642.01>)
11:46:53.424 [AI Object Patrol 00054] Spawning 1 East bots at <10782.926758, 314.890198, 5024.567383>
11:46:53.451 [AI Object Patrol 00054] Global patrol count: 2
11:46:53.462 [AI Object Patrol 00054] HelicopterWreck category patrol count: 1
11:51:27.481 [VehicleEnter] Player "Survivor" (id=0nsyEhm9INQy3se8y-fXlbMHVv4YsIXloUCLC2unDyo=) entered vehicle Gyrocopter (id=961DFC0DD54BCF458A74E6A5EF960114 pos=<8339.02, 334.75, 1642.43>) as pilot
11:51:31.216 [VehicleEngine] Player "Survivor" (id=0nsyEhm9INQy3se8y-fXlbMHVv4YsIXloUCLC2unDyo=) started vehicle Gyrocopter (id=961DFC0DD54BCF458A74E6A5EF960114 pos=<8339.02, 334.75, 1642.46>)
11:51:41.568 [VehicleLeave] Player "Survivor" (id=0nsyEhm9INQy3se8y-fXlbMHVv4YsIXloUCLC2unDyo=) left vehicle Gyrocopter (id=961DFC0DD54BCF458A74E6A5EF960114 pos=<8339.02, 334.75, 1642.47>)
11:51:47.644 [VehicleEnter] Player "Survivor" (id=0nsyEhm9INQy3se8y-fXlbMHVv4YsIXloUCLC2unDyo=) entered vehicle Gyrocopter (id=961DFC0DD54BCF458A74E6A5EF960114 pos=<8339.02, 334.75, 1642.52>) as pilot
11:53:17.192 [AI Object Patrol 00048] Despawning 0 East bots (spawn position <8274.642578, 310.754059, 1190.494629>, 2/2 deceased)
11:55:03.943 [VehicleEngine] Player "NULL" (id=NULL) stopped vehicle Gyrocopter (id=961DFC0DD54BCF458A74E6A5EF960114 pos=<5094.76, 510.4, 2099.11>)
11:55:03.982 [VehicleLeave] Player "Survivor" (id=0nsyEhm9INQy3se8y-fXlbMHVv4YsIXloUCLC2unDyo=) left vehicle Gyrocopter (id=961DFC0DD54BCF458A74E6A5EF960114 pos=<5094.76, 510.4, 2099.11>)
11:57:13.088 [VehicleEnter] Player "Survivor" (id=0nsyEhm9INQy3se8y-fXlbMHVv4YsIXloUCLC2unDyo=) entered vehicle Gyrocopter (id=961DFC0DD54BCF458A74E6A5EF960114 pos=<5094.75, 510.4, 2098.65>) as pilot
11:57:14.409 [VehicleEngine] Player "Survivor" (id=0nsyEhm9INQy3se8y-fXlbMHVv4YsIXloUCLC2unDyo=) started vehicle Gyrocopter (id=961DFC0DD54BCF458A74E6A5EF960114 pos=<5094.75, 510.4, 2098.63>)
11:57:45.295 [VehicleEngine] Player "NULL" (id=NULL) stopped vehicle Gyrocopter (id=961DFC0DD54BCF458A74E6A5EF960114 pos=<5020.43, 517.9, 2125.44>)
11:57:45.307 [VehicleLeave] Player "Survivor" (id=0nsyEhm9INQy3se8y-fXlbMHVv4YsIXloUCLC2unDyo=) left vehicle Gyrocopter (id=961DFC0DD54BCF458A74E6A5EF960114 pos=<5020.43, 517.9, 2125.44>)
12:01:41.938 [AI Object Patrol 00054] Despawning 1 East bots (spawn position <10782.926758, 314.890198, 5024.567383>, 0/1 deceased)
12:01:41.949 [AI Object Patrol 00054] Global patrol count: 1
12:01:41.959 [AI Object Patrol 00054] HelicopterWreck category patrol count: 0
12:07:51.039 [VehicleEnter] Player "Survivor" (id=0nsyEhm9INQy3se8y-fXlbMHVv4YsIXloUCLC2unDyo=) entered vehicle Gyrocopter (id=961DFC0DD54BCF458A74E6A5EF960114 pos=<5021.47, 517.9, 2125.71>) as pilot
12:07:53.802 [VehicleEngine] Player "Survivor" (id=0nsyEhm9INQy3se8y-fXlbMHVv4YsIXloUCLC2unDyo=) started vehicle Gyrocopter (id=961DFC0DD54BCF458A74E6A5EF960114 pos=<5021.52, 517.9, 2125.74>)
12:08:26.474 [AI Object Patrol 00066] Spawning 1 West bots at <4938.633789, 524.294617, 2146.460938>
12:08:26.507 [AI Object Patrol 00066] Global patrol count: 2
12:08:26.517 [AI Object Patrol 00066] ContaminatedArea category patrol count: 1
12:09:17.733 [AI Object Patrol 00068] Spawning 1 East bots at <6501.657227, 314.567657, 3163.543701>
12:09:17.767 [AI Object Patrol 00068] Global patrol count: 3
12:09:17.777 [AI Object Patrol 00068] HelicopterWreck category patrol count: 1
12:10:30.157 [AI Object Patrol 00061] Spawning 2 West bots at <8897.466797, 455.003662, 2150.874268>
12:10:30.194 [AI Object Patrol 00061] Global patrol count: 4
12:10:30.206 [AI Object Patrol 00061] ContaminatedArea category patrol count: 2
12:12:30.529 [VehicleEngine] Player "Survivor" (id=0nsyEhm9INQy3se8y-fXlbMHVv4YsIXloUCLC2unDyo=) stopped vehicle Gyrocopter (id=961DFC0DD54BCF458A74E6A5EF960114 pos=<8342.15, 334.75, 1642.31>)
12:12:34.267 [VehicleLeave] Player "Survivor" (id=0nsyEhm9INQy3se8y-fXlbMHVv4YsIXloUCLC2unDyo=) left vehicle Gyrocopter (id=961DFC0DD54BCF458A74E6A5EF960114 pos=<8342.15, 334.75, 1642.29>)
12:18:56.607 [AI Object Patrol 00066] Despawning 1 West bots (spawn position <4938.633789, 524.294617, 2146.460938>, 0/1 deceased)
12:18:56.618 [AI Object Patrol 00066] Global patrol count: 3
12:18:56.629 [AI Object Patrol 00066] ContaminatedArea category patrol count: 1
12:19:56.910 [AI Object Patrol 00068] Despawning 1 East bots (spawn position <6501.657227, 314.567657, 3163.543701>, 0/1 deceased)
12:19:56.928 [AI Object Patrol 00068] Global patrol count: 2
12:19:56.947 [AI Object Patrol 00068] HelicopterWreck category patrol count: 0
12:29:10.086 [AI Object Patrol 00061] Despawning 2 West bots (spawn position <8897.466797, 455.003662, 2150.874268>, 0/2 deceased)
12:29:10.097 [AI Object Patrol 00061] Global patrol count: 1
12:29:10.109 [AI Object Patrol 00061] ContaminatedArea category patrol count: 0
14:17:43.650 [Chat - Global]("Survivor (2)"(id=0nsyEhm9INQy3se8y-fXlbMHVv4YsIXloUCLC2unDyo=)): ayo
16:59:03.469 [VehicleEnter] Player "Mr. Blue" (id=Lw52hZyZO7pZP21eLhjYCVUz5rrRVAodhUgchUxGS8A=) entered vehicle Gyrocopter (id=EFEAEF0C75479DDB059217B628E52893 pos=<10336.3, 224.01, 5905.13>) as pilot
16:59:05.163 [VehicleEngine] Player "Mr. Blue" (id=Lw52hZyZO7pZP21eLhjYCVUz5rrRVAodhUgchUxGS8A=) started vehicle Gyrocopter (id=EFEAEF0C75479DDB059217B628E52893 pos=<10336.3, 224.01, 5905.13>)
16:59:58.889 [AI Object Patrol 00092] Spawning 1 East bots at <10496.558594, 271.950409, 7455.877441>
16:59:58.923 [AI Object Patrol 00092] Global patrol count: 2
16:59:58.936 [AI Object Patrol 00092] HelicopterWreck category patrol count: 1
17:01:02.961 [VehicleEngine] Player "Mr. Blue" (id=Lw52hZyZO7pZP21eLhjYCVUz5rrRVAodhUgchUxGS8A=) stopped vehicle Gyrocopter (id=EFEAEF0C75479DDB059217B628E52893 pos=<10208.5, 305.44, 7507.33>)
17:01:05.910 [VehicleLeave] Player "Mr. Blue" (id=Lw52hZyZO7pZP21eLhjYCVUz5rrRVAodhUgchUxGS8A=) left vehicle Gyrocopter (id=EFEAEF0C75479DDB059217B628E52893 pos=<10208.5, 305.44, 7507.33>)
17:01:31.263 [AI Object Patrol 00092] East bots were wiped out (spawn position <10496.558594, 271.950409, 7455.877441>, 1/1 deceased)
17:01:31.298 [AI Object Patrol 00092] Global patrol count: 1
17:01:31.344 [AI Object Patrol 00092] HelicopterWreck category patrol count: 0
17:05:40.631 [VehicleEnter] Player "Mr. Blue" (id=Lw52hZyZO7pZP21eLhjYCVUz5rrRVAodhUgchUxGS8A=) entered vehicle Gyrocopter (id=EFEAEF0C75479DDB059217B628E52893 pos=<10208, 305.49, 7507.19>) as pilot
17:05:42.062 [VehicleEngine] Player "Mr. Blue" (id=Lw52hZyZO7pZP21eLhjYCVUz5rrRVAodhUgchUxGS8A=) started vehicle Gyrocopter (id=EFEAEF0C75479DDB059217B628E52893 pos=<10208, 305.49, 7507.19>)
17:07:45.403 [AI Object Patrol 00095] Spawning 3 East bots at <8680.264648, 320.376831, 6386.106445>
17:07:45.433 [AI Object Patrol 00095] Global patrol count: 2
17:07:45.443 [AI Object Patrol 00095] HelicopterWreck category patrol count: 1
17:08:54.132 [AI Object Patrol 00010] Spawning 1 West bots at <7571.810547, 238.467270, 5841.135742>
17:08:54.164 [AI Object Patrol 00010] Global patrol count: 3
17:08:54.174 [AI Object Patrol 00010] ContaminatedArea category patrol count: 1
17:10:57.120 [AI Object Patrol 00098] Spawning 2 East bots at <4888.242188, 373.014130, 5662.286133>
17:10:57.298 [AI Object Patrol 00098] Global patrol count: 4
17:10:57.422 [AI Object Patrol 00098] HelicopterWreck category patrol count: 2
17:12:06.830 [AI Object Patrol 00092] Despawning 0 East bots (spawn position <10507.007813, 271.124939, 7472.854980>, 1/1 deceased)
17:13:59.487 [VehicleEngine] Player "NULL" (id=NULL) stopped vehicle Gyrocopter (id=EFEAEF0C75479DDB059217B628E52893 pos=<3916.73, 549.18, 1866.42>)
17:13:59.523 [VehicleLeave] Player "Mr. Blue" (id=Lw52hZyZO7pZP21eLhjYCVUz5rrRVAodhUgchUxGS8A=) left vehicle Gyrocopter (id=EFEAEF0C75479DDB059217B628E52893 pos=<3916.73, 549.18, 1866.42>)
17:15:22.026 [AI Object Patrol 00095] Despawning 3 East bots (spawn position <8680.264648, 320.376831, 6386.106445>, 0/3 deceased)
17:15:22.036 [AI Object Patrol 00095] Global patrol count: 3
17:15:22.046 [AI Object Patrol 00095] HelicopterWreck category patrol count: 1
17:15:38.740 [VehicleEnter] Player "Mr. Blue" (id=Lw52hZyZO7pZP21eLhjYCVUz5rrRVAodhUgchUxGS8A=) entered vehicle Gyrocopter (id=EFEAEF0C75479DDB059217B628E52893 pos=<3916.69, 549.18, 1866.55>) as pilot
17:15:40.574 [VehicleEngine] Player "Mr. Blue" (id=Lw52hZyZO7pZP21eLhjYCVUz5rrRVAodhUgchUxGS8A=) started vehicle Gyrocopter (id=EFEAEF0C75479DDB059217B628E52893 pos=<3916.69, 549.17, 1866.57>)
17:19:00.081 [AI Object Patrol 00104] Spawning 1 East bots at <7797.075195, 346.565643, 1004.272583>
17:19:00.118 [AI Object Patrol 00104] Global patrol count: 4
17:19:00.129 [AI Object Patrol 00104] HelicopterWreck category patrol count: 2
17:19:25.326 [AI Object Patrol 00010] Despawning 1 West bots (spawn position <7571.810547, 238.467270, 5841.135742>, 0/1 deceased)
17:19:25.337 [AI Object Patrol 00010] Global patrol count: 3
17:19:25.347 [AI Object Patrol 00010] ContaminatedArea category patrol count: 0
17:19:48.382 [AI Object Patrol 00103] Spawning 1 East bots at <9645.135742, 420.004486, 1011.205811>
17:19:48.423 [AI Object Patrol 00103] Global patrol count: 4
17:19:48.433 [AI Object Patrol 00103] HelicopterWreck category patrol count: 3
17:21:21.041 [AI Object Patrol 00098] Despawning 2 East bots (spawn position <4888.242188, 373.014130, 5662.286133>, 0/2 deceased)
17:21:21.051 [AI Object Patrol 00098] Global patrol count: 3
17:21:21.060 [AI Object Patrol 00098] HelicopterWreck category patrol count: 2
17:21:22.437 [AI Object Patrol 00106] Spawning 3 East bots at <11067.719727, 346.711884, 2107.887695>
17:21:22.532 [AI Object Patrol 00106] Global patrol count: 4
17:21:22.542 [AI Object Patrol 00106] HelicopterWreck category patrol count: 3
17:24:22.615 [VehicleEngine] Player "NULL" (id=NULL) stopped vehicle Gyrocopter (id=EFEAEF0C75479DDB059217B628E52893 pos=<10341.5, 224.02, 5905.8>)
17:24:22.649 [VehicleLeave] Player "Mr. Blue" (id=Lw52hZyZO7pZP21eLhjYCVUz5rrRVAodhUgchUxGS8A=) left vehicle Gyrocopter (id=EFEAEF0C75479DDB059217B628E52893 pos=<10341.5, 224.02, 5905.8>)
17:29:20.239 [AI Object Patrol 00104] Despawning 1 East bots (spawn position <7797.075195, 346.565643, 1004.272583>, 0/1 deceased)
17:29:20.328 [AI Object Patrol 00104] Global patrol count: 3
17:29:20.358 [AI Object Patrol 00104] HelicopterWreck category patrol count: 2
17:31:05.141 [AI Object Patrol 00103] Despawning 1 East bots (spawn position <9645.135742, 420.004486, 1011.205811>, 0/1 deceased)
17:31:05.152 [AI Object Patrol 00103] Global patrol count: 2
17:31:05.163 [AI Object Patrol 00103] HelicopterWreck category patrol count: 1
17:32:17.541 [AI Object Patrol 00106] Despawning 3 East bots (spawn position <11067.719727, 346.711884, 2107.887695>, 0/3 deceased)
17:32:17.551 [AI Object Patrol 00106] Global patrol count: 1
17:32:17.561 [AI Object Patrol 00106] HelicopterWreck category patrol count: 0
