10:50:53.144 [AI Object Patrol 00028] Spawning 3 East bots at <11167.301758, 249.567642, 6255.464355>
10:50:53.179 [AI Object Patrol 00028] Global patrol count: 1
10:50:53.189 [AI Object Patrol 00028] HelicopterWreck category patrol count: 1
10:50:53.199 [AI Object Patrol 00025] Spawning 1 East bots at <9796.146484, 281.269958, 6001.199707>
10:50:53.234 [AI Object Patrol 00025] Global patrol count: 2
10:50:53.244 [AI Object Patrol 00025] HelicopterWreck category patrol count: 2
11:04:18.639 [AI Object Patrol 00028] Despawning 3 East bots (spawn position <11167.301758, 249.567642, 6255.464355>, 0/3 deceased)
11:04:18.650 [AI Object Patrol 00028] Global patrol count: 1
11:04:18.659 [AI Object Patrol 00028] HelicopterWreck category patrol count: 1
11:04:22.399 [AI Object Patrol 00025] Despawning 1 East bots (spawn position <9796.146484, 281.269958, 6001.199707>, 0/1 deceased)
11:04:22.410 [AI Object Patrol 00025] Global patrol count: 0
11:04:22.419 [AI Object Patrol 00025] HelicopterWreck category patrol count: 0
11:30:57.794 [AI Patrol 00015] Spawning 3 East bots at <7652.977051, 312.025269, 2821.396484>
11:30:57.831 [AI Patrol 00015] Global patrol count: 1
11:30:57.841 [AI Patrol 00015] Patrol category patrol count: 1
11:30:57.851 [AI Patrol 00016] Spawning 2 West bots at <7570.124512, 320.704010, 2702.460449>
11:30:57.889 [AI Patrol 00016] Global patrol count: 2
11:30:57.899 [AI Patrol 00016] Patrol category patrol count: 2
11:30:57.909 [AI Object Patrol 00020] Spawning 3 East bots at <7797.480469, 346.394409, 999.455566>
11:30:57.954 [AI Object Patrol 00020] Global patrol count: 3
11:30:57.967 [AI Object Patrol 00020] HelicopterWreck category patrol count: 1
11:32:42.887 [Chat - Global]("Snake"(id=0nsyEhm9INQy3se8y-fXlbMHVv4YsIXloUCLC2unDyo=)): yo it worked
12:09:53.774 [AI Patrol 00015] East bots were wiped out (spawn position <7652.977051, 312.025269, 2821.396484>, 3/3 deceased)
12:09:53.784 [AI Patrol 00015] Global patrol count: 2
12:09:53.793 [AI Patrol 00015] Patrol category patrol count: 1
13:43:11.322 [VehicleEnter] Player "Mr. Blue" (id=Lw52hZyZO7pZP21eLhjYCVUz5rrRVAodhUgchUxGS8A=) entered vehicle Gyrocopter (id=EFEAEF0C75479DDB059217B628E52893 pos=<10341.5, 224.02, 5905.8>) as pilot
13:43:12.748 [VehicleEngine] Player "Mr. Blue" (id=Lw52hZyZO7pZP21eLhjYCVUz5rrRVAodhUgchUxGS8A=) started vehicle Gyrocopter (id=EFEAEF0C75479DDB059217B628E52893 pos=<10341.5, 224.02, 5905.8>)
13:44:17.400 [VehicleEngine] Player "NULL" (id=NULL) stopped vehicle Gyrocopter (id=EFEAEF0C75479DDB059217B628E52893 pos=<10099.9, 246.81, 6137.22>)
13:44:17.447 [VehicleLeave] Player "Mr. Blue" (id=Lw52hZyZO7pZP21eLhjYCVUz5rrRVAodhUgchUxGS8A=) left vehicle Gyrocopter (id=EFEAEF0C75479DDB059217B628E52893 pos=<10099.9, 246.81, 6137.22>)
13:45:40.853 [VehicleEnter] Player "Mr. Blue" (id=Lw52hZyZO7pZP21eLhjYCVUz5rrRVAodhUgchUxGS8A=) entered vehicle Gyrocopter (id=EFEAEF0C75479DDB059217B628E52893 pos=<10099.9, 246.8, 6137.32>) as pilot
13:45:42.591 [VehicleEngine] Player "Mr. Blue" (id=Lw52hZyZO7pZP21eLhjYCVUz5rrRVAodhUgchUxGS8A=) started vehicle Gyrocopter (id=EFEAEF0C75479DDB059217B628E52893 pos=<10099.9, 246.8, 6137.32>)
13:45:57.121 [AI Object Patrol 00065] Spawning 2 East bots at <10383.656250, 212.028214, 6196.102539>
13:45:57.156 [AI Object Patrol 00065] Global patrol count: 3
13:45:57.167 [AI Object Patrol 00065] HelicopterWreck category patrol count: 2
13:46:02.827 [AI Object Patrol 00063] Spawning 2 West bots at <8863.541016, 308.844910, 6572.300293>
13:46:02.858 [AI Object Patrol 00063] Global patrol count: 4
13:46:02.869 [AI Object Patrol 00063] ContaminatedArea category patrol count: 1
13:46:07.569 [AI Object Patrol 00064] Spawning 3 East bots at <8681.360352, 320.242096, 6382.993652>
13:46:07.658 [AI Object Patrol 00064] Global patrol count: 5
13:46:07.670 [AI Object Patrol 00064] HelicopterWreck category patrol count: 3
13:46:36.684 [AI Object Patrol 00011] Spawning 2 West bots at <7845.301758, 255.804352, 6171.994141>
13:46:36.720 [AI Object Patrol 00011] Global patrol count: 6
13:46:36.730 [AI Object Patrol 00011] ContaminatedArea category patrol count: 2
13:49:18.224 [VehicleEngine] Player "NULL" (id=NULL) stopped vehicle Gyrocopter (id=EFEAEF0C75479DDB059217B628E52893 pos=<8568.93, 294.68, 5429.17>)
13:49:18.246 [VehicleLeave] Player "Mr. Blue" (id=Lw52hZyZO7pZP21eLhjYCVUz5rrRVAodhUgchUxGS8A=) left vehicle Gyrocopter (id=EFEAEF0C75479DDB059217B628E52893 pos=<8568.93, 294.68, 5429.17>)
13:51:26.212 [VehicleEnter] Player "Mr. Blue" (id=Lw52hZyZO7pZP21eLhjYCVUz5rrRVAodhUgchUxGS8A=) entered vehicle Gyrocopter (id=EFEAEF0C75479DDB059217B628E52893 pos=<8568.95, 294.68, 5428.88>) as pilot
13:51:28.333 [VehicleEngine] Player "Mr. Blue" (id=Lw52hZyZO7pZP21eLhjYCVUz5rrRVAodhUgchUxGS8A=) started vehicle Gyrocopter (id=EFEAEF0C75479DDB059217B628E52893 pos=<8568.95, 294.68, 5428.88>)
13:52:26.095 [Chat - Global]("Mr. Blue"(id=Lw52hZyZO7pZP21eLhjYCVUz5rrRVAodhUgchUxGS8A=)): yo yo!
13:54:03.878 [VehicleEngine] Player "NULL" (id=NULL) stopped vehicle Gyrocopter (id=EFEAEF0C75479DDB059217B628E52893 pos=<10338.1, 223.98, 5906.88>)
13:54:03.890 [VehicleLeave] Player "Mr. Blue" (id=Lw52hZyZO7pZP21eLhjYCVUz5rrRVAodhUgchUxGS8A=) left vehicle Gyrocopter (id=EFEAEF0C75479DDB059217B628E52893 pos=<10338.1, 223.98, 5906.88>)
13:54:28.483 [AI Object Patrol 00064] East bots were wiped out (spawn position <8681.360352, 320.242096, 6382.993652>, 3/3 deceased)
13:54:28.497 [AI Object Patrol 00064] Global patrol count: 5
13:54:28.510 [AI Object Patrol 00064] HelicopterWreck category patrol count: 2
13:57:23.204 [AI Object Patrol 00065] East bots were wiped out (spawn position <10383.656250, 212.028214, 6196.102539>, 2/2 deceased)
13:57:23.215 [AI Object Patrol 00065] Global patrol count: 4
13:57:23.225 [AI Object Patrol 00065] HelicopterWreck category patrol count: 1
14:00:25.350 [Chat - Global]("Snake"(id=0nsyEhm9INQy3se8y-fXlbMHVv4YsIXloUCLC2unDyo=)): yo!
14:00:37.475 [AI Object Patrol 00011] Despawning 2 West bots (spawn position <7845.301758, 255.804352, 6171.994141>, 0/2 deceased)
14:00:37.484 [AI Object Patrol 00011] Global patrol count: 3
14:00:37.494 [AI Object Patrol 00011] ContaminatedArea category patrol count: 1
14:00:43.406 [Chat - Global]("Snake"(id=0nsyEhm9INQy3se8y-fXlbMHVv4YsIXloUCLC2unDyo=)): sup dude
14:01:57.164 [AI Object Patrol 00063] Despawning 1 West bots (spawn position <8863.541016, 308.844910, 6572.300293>, 1/2 deceased)
14:01:57.174 [AI Object Patrol 00063] Global patrol count: 2
14:01:57.184 [AI Object Patrol 00063] ContaminatedArea category patrol count: 0
14:02:30.076 [Chat - Global]("Snake"(id=0nsyEhm9INQy3se8y-fXlbMHVv4YsIXloUCLC2unDyo=)): im about to walk all the way to topolin through polana
14:02:41.589 [Chat - Global]("Snake"(id=0nsyEhm9INQy3se8y-fXlbMHVv4YsIXloUCLC2unDyo=)): might stop iin nadbor
14:12:32.692 [BaseBuildingRaiding] ------------------------- Expansion Base Raiding Damage Report -------------------------
14:12:32.704 [BaseBuildingRaiding] Player "Snake" (id=0nsyEhm9INQy3se8y-fXlbMHVv4YsIXloUCLC2unDyo= pos=<8341.71, 322.64, 1643.56>) damaged ExpansionWall6x3 at <8359.54, 322.58, 1627.32>
14:12:32.714 [BaseBuildingRaiding] They dealt 70 * 1 = 70 damage with Bullet_556x45 from M16A2
14:12:32.726 [BaseBuildingRaiding] GlobalHealth hitpoints decreased from 29979 to 29909
14:12:32.737 [BaseBuildingRaiding] ----------------------------------------------------------------------------------------
14:12:34.483 [BaseBuildingRaiding] ------------------------- Expansion Base Raiding Damage Report -------------------------
14:12:34.493 [BaseBuildingRaiding] Player "Snake" (id=0nsyEhm9INQy3se8y-fXlbMHVv4YsIXloUCLC2unDyo= pos=<8341.9, 322.64, 1643.74>) damaged ExpansionWall6x3 at <8359.54, 322.58, 1627.32>
14:12:34.503 [BaseBuildingRaiding] They dealt 57.7402 * 1 = 57.7402 damage with Bullet_556x45 from M16A2
14:12:34.512 [BaseBuildingRaiding] GlobalHealth hitpoints decreased from 29909 to 29851.3
14:12:34.524 [BaseBuildingRaiding] ----------------------------------------------------------------------------------------
14:17:27.623 [AI Object Patrol 00064] Despawning 0 East bots (spawn position <8667.829102, 320.566284, 6388.133301>, 3/3 deceased)
14:17:55.451 [AI Object Patrol 00065] Despawning 0 East bots (spawn position <10383.656250, 212.028214, 6196.102539>, 2/2 deceased)
14:19:46.620 [AI Object Patrol 00020] Despawning 3 East bots (spawn position <7797.480469, 346.394409, 999.455566>, 0/3 deceased)
14:19:46.645 [AI Object Patrol 00020] Global patrol count: 1
14:19:46.677 [AI Object Patrol 00020] HelicopterWreck category patrol count: 0
14:29:44.836 [AI Patrol 00016] Despawning 1 West bots (spawn position <7570.124512, 320.704010, 2702.460449>, 1/2 deceased)
14:29:44.846 [AI Patrol 00016] Global patrol count: 0
14:29:44.857 [AI Patrol 00016] Patrol category patrol count: 0
15:39:47.860 [AI Object Patrol 00078] Spawning 1 East bots at <9552.420898, 242.724380, 6342.437012>
15:39:47.891 [AI Object Patrol 00078] Global patrol count: 1
15:39:47.901 [AI Object Patrol 00078] HelicopterWreck category patrol count: 1
15:40:34.820 [VehicleEnter] Player "Mr. Blue" (id=Lw52hZyZO7pZP21eLhjYCVUz5rrRVAodhUgchUxGS8A=) entered vehicle Gyrocopter (id=EFEAEF0C75479DDB059217B628E52893 pos=<10338.1, 223.99, 5907.01>) as pilot
15:40:36.426 [VehicleEngine] Player "Mr. Blue" (id=Lw52hZyZO7pZP21eLhjYCVUz5rrRVAodhUgchUxGS8A=) started vehicle Gyrocopter (id=EFEAEF0C75479DDB059217B628E52893 pos=<10338.1, 223.99, 5907.02>)
15:41:38.205 [VehicleEngine] Player "NULL" (id=NULL) stopped vehicle Gyrocopter (id=EFEAEF0C75479DDB059217B628E52893 pos=<9909.41, 265.28, 6103.56>)
15:41:38.228 [VehicleLeave] Player "Mr. Blue" (id=Lw52hZyZO7pZP21eLhjYCVUz5rrRVAodhUgchUxGS8A=) left vehicle Gyrocopter (id=EFEAEF0C75479DDB059217B628E52893 pos=<9909.41, 265.28, 6103.56>)
15:42:28.939 [AI Object Patrol 00078] East bots were wiped out (spawn position <9552.420898, 242.724380, 6342.437012>, 1/1 deceased)
15:42:28.948 [AI Object Patrol 00078] Global patrol count: 0
15:42:28.958 [AI Object Patrol 00078] HelicopterWreck category patrol count: 0
15:42:47.657 [VehicleEnter] Player "Mr. Blue" (id=Lw52hZyZO7pZP21eLhjYCVUz5rrRVAodhUgchUxGS8A=) entered vehicle Gyrocopter (id=EFEAEF0C75479DDB059217B628E52893 pos=<9909.41, 265.23, 6103.99>) as pilot
15:42:49.128 [VehicleEngine] Player "Mr. Blue" (id=Lw52hZyZO7pZP21eLhjYCVUz5rrRVAodhUgchUxGS8A=) started vehicle Gyrocopter (id=EFEAEF0C75479DDB059217B628E52893 pos=<9909.41, 265.23, 6104>)
15:43:34.722 [VehicleEngine] Player "Mr. Blue" (id=Lw52hZyZO7pZP21eLhjYCVUz5rrRVAodhUgchUxGS8A=) stopped vehicle Gyrocopter (id=EFEAEF0C75479DDB059217B628E52893 pos=<9539.84, 243.79, 6363.35>)
15:43:38.243 [VehicleLeave] Player "Mr. Blue" (id=Lw52hZyZO7pZP21eLhjYCVUz5rrRVAodhUgchUxGS8A=) left vehicle Gyrocopter (id=EFEAEF0C75479DDB059217B628E52893 pos=<9539.83, 243.68, 6363.32>)
15:45:12.325 [VehicleEnter] Player "Mr. Blue" (id=Lw52hZyZO7pZP21eLhjYCVUz5rrRVAodhUgchUxGS8A=) entered vehicle Gyrocopter (id=EFEAEF0C75479DDB059217B628E52893 pos=<9539.83, 243.68, 6363.31>) as pilot
15:45:14.410 [VehicleEngine] Player "Mr. Blue" (id=Lw52hZyZO7pZP21eLhjYCVUz5rrRVAodhUgchUxGS8A=) started vehicle Gyrocopter (id=EFEAEF0C75479DDB059217B628E52893 pos=<9539.83, 243.68, 6363.31>)
15:46:38.789 [AI Object Patrol 00069] Spawning 1 East bots at <7290.361816, 262.296997, 8487.638672>
15:46:38.823 [AI Object Patrol 00069] Global patrol count: 1
15:46:38.833 [AI Object Patrol 00069] HelicopterWreck category patrol count: 1
15:47:45.274 [AI Object Patrol 00071] Spawning 2 West bots at <8131.963379, 213.993439, 10762.003906>
15:47:45.302 [AI Object Patrol 00071] Global patrol count: 2
15:47:45.312 [AI Object Patrol 00071] ContaminatedArea category patrol count: 1
15:50:19.043 [AI Object Patrol 00012] Spawning 2 West bots at <4313.810547, 238.116776, 10578.327148>
15:50:19.085 [AI Object Patrol 00012] Global patrol count: 3
15:50:19.095 [AI Object Patrol 00012] ContaminatedArea category patrol count: 2
15:53:00.739 [VehicleEngine] Player "NULL" (id=NULL) stopped vehicle Gyrocopter (id=EFEAEF0C75479DDB059217B628E52893 pos=<3690.8, 238.14, 10020.4>)
15:53:00.752 [VehicleLeave] Player "Mr. Blue" (id=Lw52hZyZO7pZP21eLhjYCVUz5rrRVAodhUgchUxGS8A=) left vehicle Gyrocopter (id=EFEAEF0C75479DDB059217B628E52893 pos=<3690.8, 238.14, 10020.4>)
15:53:27.643 [VehicleEnter] Player "Mr. Blue" (id=Lw52hZyZO7pZP21eLhjYCVUz5rrRVAodhUgchUxGS8A=) entered vehicle Gyrocopter (id=6E84FF65E84850C42793EBBBEF7D8F7C pos=<3706.75, 238.1, 10087>) as pilot
15:53:31.921 [VehicleEngine] Player "Mr. Blue" (id=Lw52hZyZO7pZP21eLhjYCVUz5rrRVAodhUgchUxGS8A=) started vehicle Gyrocopter (id=6E84FF65E84850C42793EBBBEF7D8F7C pos=<3706.75, 238.1, 10087>)
15:56:22.486 [AI Object Patrol 00072] Spawning 1 East bots at <6725.710449, 233.776978, 6924.233887>
15:56:22.535 [AI Object Patrol 00072] Global patrol count: 4
15:56:22.548 [AI Object Patrol 00072] HelicopterWreck category patrol count: 2
15:57:12.482 [AI Object Patrol 00069] Despawning 1 East bots (spawn position <7290.361816, 262.296997, 8487.638672>, 0/1 deceased)
15:57:12.492 [AI Object Patrol 00069] Global patrol count: 3
15:57:12.503 [AI Object Patrol 00069] HelicopterWreck category patrol count: 1
15:59:00.414 [AI Object Patrol 00071] Despawning 2 West bots (spawn position <8131.963379, 213.993439, 10762.003906>, 0/2 deceased)
15:59:00.424 [AI Object Patrol 00071] Global patrol count: 2
15:59:00.435 [AI Object Patrol 00071] ContaminatedArea category patrol count: 1
16:00:16.434 [VehicleEngine] Player "Mr. Blue" (id=Lw52hZyZO7pZP21eLhjYCVUz5rrRVAodhUgchUxGS8A=) stopped vehicle Gyrocopter (id=6E84FF65E84850C42793EBBBEF7D8F7C pos=<11919.8, 222.37, 9434.54>)
16:00:21.611 [VehicleLeave] Player "Mr. Blue" (id=Lw52hZyZO7pZP21eLhjYCVUz5rrRVAodhUgchUxGS8A=) left vehicle Gyrocopter (id=6E84FF65E84850C42793EBBBEF7D8F7C pos=<11919.8, 221.34, 9434.53>)
16:01:11.417 [VehicleEnter] Player "Mr. Blue" (id=Lw52hZyZO7pZP21eLhjYCVUz5rrRVAodhUgchUxGS8A=) entered vehicle Gyrocopter (id=6E84FF65E84850C42793EBBBEF7D8F7C pos=<11919.8, 221.34, 9434.56>) as pilot
16:01:14.249 [VehicleLeave] Player "Mr. Blue" (id=Lw52hZyZO7pZP21eLhjYCVUz5rrRVAodhUgchUxGS8A=) left vehicle Gyrocopter (id=6E84FF65E84850C42793EBBBEF7D8F7C pos=<11919.8, 221.34, 9434.56>)
16:01:36.652 [VehicleEnter] Player "Mr. Blue" (id=Lw52hZyZO7pZP21eLhjYCVUz5rrRVAodhUgchUxGS8A=) entered vehicle Gyrocopter (id=6E84FF65E84850C42793EBBBEF7D8F7C pos=<11919.8, 221.34, 9434.56>) as pilot
16:01:38.427 [VehicleEngine] Player "Mr. Blue" (id=Lw52hZyZO7pZP21eLhjYCVUz5rrRVAodhUgchUxGS8A=) started vehicle Gyrocopter (id=6E84FF65E84850C42793EBBBEF7D8F7C pos=<11919.8, 221.34, 9434.56>)
16:03:00.109 [AI Object Patrol 00075] Spawning 1 East bots at <11438.735352, 234.130234, 6536.497070>
16:03:00.143 [AI Object Patrol 00075] Global patrol count: 3
16:03:00.152 [AI Object Patrol 00075] HelicopterWreck category patrol count: 2
16:04:44.258 [VehicleEngine] Player "NULL" (id=NULL) stopped vehicle Gyrocopter (id=6E84FF65E84850C42793EBBBEF7D8F7C pos=<8940.46, 308.59, 6589.53>)
16:04:44.292 [VehicleLeave] Player "Mr. Blue" (id=Lw52hZyZO7pZP21eLhjYCVUz5rrRVAodhUgchUxGS8A=) left vehicle Gyrocopter (id=6E84FF65E84850C42793EBBBEF7D8F7C pos=<8940.46, 308.59, 6589.53>)
16:04:57.222 [AI Object Patrol 00012] Despawning 2 West bots (spawn position <4313.810547, 238.116776, 10578.327148>, 0/2 deceased)
16:04:57.239 [AI Object Patrol 00012] Global patrol count: 2
16:04:57.268 [AI Object Patrol 00012] ContaminatedArea category patrol count: 0
16:05:35.472 [AI Object Patrol 00072] Despawning 1 East bots (spawn position <6725.710449, 233.776978, 6924.233887>, 0/1 deceased)
16:05:35.482 [AI Object Patrol 00072] Global patrol count: 1
16:05:35.493 [AI Object Patrol 00072] HelicopterWreck category patrol count: 1
