07:10:21.084 [VehicleEnter] Player "Bad Boy" (id=7EOOpe6Cv8QB45p22zWB29TPheQCYualmurDzSA3CR0=) entered vehicle M1025 (id=FC0155CD054588754619C595E9488A77 pos=<964.93, 446.31, 1415.12>) as driver
07:10:22.485 [VehicleEngine] Player "Bad Boy" (id=7EOOpe6Cv8QB45p22zWB29TPheQCYualmurDzSA3CR0=) started vehicle M1025 (id=FC0155CD054588754619C595E9488A77 pos=<964.93, 446.31, 1415.12>)
07:13:54.633 [VehicleEngine] Player "NULL" (id=NULL) stopped vehicle M1025 (id=FC0155CD054588754619C595E9488A77 pos=<2130.09, 523.87, 1662.44>)
07:13:55.149 [VehicleLeave] Player "Bad Boy" (id=7EOOpe6Cv8QB45p22zWB29TPheQCYualmurDzSA3CR0=) left vehicle M1025 (id=FC0155CD054588754619C595E9488A77 pos=<2130.09, 523.87, 1662.44>)
07:14:18.913 [VehicleEnter] Player "Bad Boy" (id=7EOOpe6Cv8QB45p22zWB29TPheQCYualmurDzSA3CR0=) entered vehicle M1025 (id=FC0155CD054588754619C595E9488A77 pos=<2130.09, 523.87, 1662.44>) as driver
07:14:25.343 [VehicleEngine] Player "Bad Boy" (id=7EOOpe6Cv8QB45p22zWB29TPheQCYualmurDzSA3CR0=) started vehicle M1025 (id=FC0155CD054588754619C595E9488A77 pos=<2130.09, 523.87, 1662.44>)
07:14:45.757 [VehicleEngine] Player "NULL" (id=NULL) stopped vehicle M1025 (id=FC0155CD054588754619C595E9488A77 pos=<2069.64, 525.2, 1671.07>)
07:14:46.252 [VehicleLeave] Player "Bad Boy" (id=7EOOpe6Cv8QB45p22zWB29TPheQCYualmurDzSA3CR0=) left vehicle M1025 (id=FC0155CD054588754619C595E9488A77 pos=<2069.64, 525.2, 1671.07>)
07:17:25.053 [VehicleEnter] Player "Bad Boy" (id=7EOOpe6Cv8QB45p22zWB29TPheQCYualmurDzSA3CR0=) entered vehicle M1025 (id=FC0155CD054588754619C595E9488A77 pos=<2069.64, 525.2, 1671.07>) as driver
07:17:27.403 [VehicleEngine] Player "Bad Boy" (id=7EOOpe6Cv8QB45p22zWB29TPheQCYualmurDzSA3CR0=) started vehicle M1025 (id=FC0155CD054588754619C595E9488A77 pos=<2069.64, 525.2, 1671.07>)
07:19:23.467 [VehicleEngine] Player "NULL" (id=NULL) stopped vehicle M1025 (id=FC0155CD054588754619C595E9488A77 pos=<2937, 534.21, 1913.17>)
07:19:23.964 [VehicleLeave] Player "Bad Boy" (id=7EOOpe6Cv8QB45p22zWB29TPheQCYualmurDzSA3CR0=) left vehicle M1025 (id=FC0155CD054588754619C595E9488A77 pos=<2937, 534.21, 1913.17>)
07:21:06.241 [VehicleEnter] Player "Bad Boy" (id=7EOOpe6Cv8QB45p22zWB29TPheQCYualmurDzSA3CR0=) entered vehicle M1025 (id=FC0155CD054588754619C595E9488A77 pos=<2937, 534.21, 1913.17>) as driver
07:21:07.652 [VehicleEngine] Player "Bad Boy" (id=7EOOpe6Cv8QB45p22zWB29TPheQCYualmurDzSA3CR0=) started vehicle M1025 (id=FC0155CD054588754619C595E9488A77 pos=<2937, 534.21, 1913.17>)
07:22:05.471 [VehicleEngine] Player "NULL" (id=NULL) stopped vehicle M1025 (id=FC0155CD054588754619C595E9488A77 pos=<2646.31, 519.9, 1857.57>)
07:22:05.973 [VehicleLeave] Player "Bad Boy" (id=7EOOpe6Cv8QB45p22zWB29TPheQCYualmurDzSA3CR0=) left vehicle M1025 (id=FC0155CD054588754619C595E9488A77 pos=<2646.31, 519.9, 1857.57>)
07:31:53.472 [VehicleEnter] Player "Bad Boy" (id=7EOOpe6Cv8QB45p22zWB29TPheQCYualmurDzSA3CR0=) entered vehicle M1025 (id=FC0155CD054588754619C595E9488A77 pos=<2646.31, 519.9, 1857.57>) as driver
07:31:58.275 [VehicleEngine] Player "Bad Boy" (id=7EOOpe6Cv8QB45p22zWB29TPheQCYualmurDzSA3CR0=) started vehicle M1025 (id=FC0155CD054588754619C595E9488A77 pos=<2646.31, 519.9, 1857.57>)
07:33:12.132 [VehicleEngine] Player "NULL" (id=NULL) stopped vehicle M1025 (id=FC0155CD054588754619C595E9488A77 pos=<2136.53, 523.61, 1661.31>)
07:33:12.598 [VehicleLeave] Player "Bad Boy" (id=7EOOpe6Cv8QB45p22zWB29TPheQCYualmurDzSA3CR0=) left vehicle M1025 (id=FC0155CD054588754619C595E9488A77 pos=<2136.53, 523.61, 1661.31>)
07:51:06.446 [AI Object Patrol 00045] Spawning 1 East bots at <1916.683716, 445.332642, 2390.929443>
07:51:06.479 [AI Object Patrol 00045] Global patrol count: 1
07:51:06.489 [AI Object Patrol 00045] HelicopterWreck category patrol count: 1
07:52:58.193 [AI Patrol 00016] Spawning 1 East bots at <7341.996582, 287.240387, 2572.672119>
07:52:58.229 [AI Patrol 00016] Global patrol count: 2
07:52:58.239 [AI Patrol 00016] Patrol category patrol count: 1
07:52:58.249 [AI Patrol 00017] Spawning 1 West bots at <7465.910645, 287.040009, 2499.742676>
07:52:58.277 [AI Patrol 00017] Global patrol count: 3
07:52:58.288 [AI Patrol 00017] Patrol category patrol count: 2
07:52:58.298 [AI Patrol 00018] Spawning 2 Civilian bots at <6322.706055, 373.155884, 3725.622314>
07:52:58.321 [AI Patrol 00018] Global patrol count: 4
07:52:58.331 [AI Patrol 00018] Patrol category patrol count: 3
07:54:45.878 [VehicleEnter] Player "Bad Boy" (id=7EOOpe6Cv8QB45p22zWB29TPheQCYualmurDzSA3CR0=) entered vehicle M1025 (id=FC0155CD054588754619C595E9488A77 pos=<2136.53, 523.61, 1661.31>) as driver
07:54:57.122 [VehicleEngine] Player "Bad Boy" (id=7EOOpe6Cv8QB45p22zWB29TPheQCYualmurDzSA3CR0=) started vehicle M1025 (id=FC0155CD054588754619C595E9488A77 pos=<2136.53, 523.61, 1661.31>)
07:57:10.925 [AI Patrol 00017] West bots were wiped out (spawn position <7465.910645, 287.040009, 2499.742676>, 1/1 deceased)
07:57:10.934 [AI Patrol 00017] Global patrol count: 3
07:57:10.944 [AI Patrol 00017] Patrol category patrol count: 2
08:06:04.354 [VehicleEngine] Player "NULL" (id=NULL) stopped vehicle M1025 (id=FC0155CD054588754619C595E9488A77 pos=<2080.53, 525.1, 1816>)
08:16:05.316 [AI Object Patrol 00045] Despawning 1 East bots (spawn position <1916.683716, 445.332642, 2390.929443>, 0/1 deceased)
08:16:05.326 [AI Object Patrol 00045] Global patrol count: 2
08:16:05.336 [AI Object Patrol 00045] HelicopterWreck category patrol count: 0
08:17:59.976 [VehicleEnter] Player "Bad Boy" (id=7EOOpe6Cv8QB45p22zWB29TPheQCYualmurDzSA3CR0=) entered vehicle M1025 (id=FC0155CD054588754619C595E9488A77 pos=<2080.53, 525.1, 1816>) as driver
08:18:02.918 [VehicleEngine] Player "Bad Boy" (id=7EOOpe6Cv8QB45p22zWB29TPheQCYualmurDzSA3CR0=) started vehicle M1025 (id=FC0155CD054588754619C595E9488A77 pos=<2080.53, 525.1, 1816>)
08:25:37.590 [VehicleEngine] Player "NULL" (id=NULL) stopped vehicle M1025 (id=FC0155CD054588754619C595E9488A77 pos=<4024.62, 415.72, 3046.42>)
08:25:38.029 [VehicleLeave] Player "Bad Boy" (id=7EOOpe6Cv8QB45p22zWB29TPheQCYualmurDzSA3CR0=) left vehicle M1025 (id=FC0155CD054588754619C595E9488A77 pos=<4024.62, 415.72, 3046.42>)
08:27:18.561 [VehicleEnter] Player "Bad Boy" (id=7EOOpe6Cv8QB45p22zWB29TPheQCYualmurDzSA3CR0=) entered vehicle M1025 (id=FC0155CD054588754619C595E9488A77 pos=<4024.62, 415.72, 3046.42>) as driver
08:27:25.601 [VehicleEngine] Player "Bad Boy" (id=7EOOpe6Cv8QB45p22zWB29TPheQCYualmurDzSA3CR0=) started vehicle M1025 (id=FC0155CD054588754619C595E9488A77 pos=<4024.62, 415.72, 3046.42>)
08:29:25.592 [VehicleEngine] Player "NULL" (id=NULL) stopped vehicle M1025 (id=FC0155CD054588754619C595E9488A77 pos=<4410.37, 377.68, 3122.38>)
08:29:26.049 [VehicleLeave] Player "Bad Boy" (id=7EOOpe6Cv8QB45p22zWB29TPheQCYualmurDzSA3CR0=) left vehicle M1025 (id=FC0155CD054588754619C595E9488A77 pos=<4410.37, 377.68, 3122.39>)
08:29:52.709 [AI Patrol 00018] Despawning 2 Civilian bots (spawn position <6322.706055, 373.155884, 3725.622314>, 0/2 deceased)
08:29:52.719 [AI Patrol 00018] Global patrol count: 1
08:29:52.729 [AI Patrol 00018] Patrol category patrol count: 1
08:32:53.155 [VehicleEnter] Player "Bad Boy" (id=7EOOpe6Cv8QB45p22zWB29TPheQCYualmurDzSA3CR0=) entered vehicle M1025 (id=FC0155CD054588754619C595E9488A77 pos=<4410.37, 377.68, 3122.39>) as driver
08:43:12.581 [VehicleEngine] Player "Bad Boy" (id=7EOOpe6Cv8QB45p22zWB29TPheQCYualmurDzSA3CR0=) started vehicle M1025 (id=FC0155CD054588754619C595E9488A77 pos=<4410.37, 377.68, 3122.39>)
08:46:10.239 [AI Object Patrol 00061] Spawning 3 East bots at <5917.241699, 405.087585, 3572.100830>
08:46:10.280 [AI Object Patrol 00061] Global patrol count: 2
08:46:10.293 [AI Object Patrol 00061] HelicopterWreck category patrol count: 1
08:47:09.691 [VehicleEngine] Player "NULL" (id=NULL) stopped vehicle M1025 (id=FC0155CD054588754619C595E9488A77 pos=<5576.38, 421.79, 3870.67>)
08:47:10.144 [VehicleLeave] Player "Bad Boy" (id=7EOOpe6Cv8QB45p22zWB29TPheQCYualmurDzSA3CR0=) left vehicle M1025 (id=FC0155CD054588754619C595E9488A77 pos=<5576.38, 421.79, 3870.67>)
09:07:58.756 [VehicleEnter] Player "Bad Boy" (id=7EOOpe6Cv8QB45p22zWB29TPheQCYualmurDzSA3CR0=) entered vehicle M1025 (id=FC0155CD054588754619C595E9488A77 pos=<5576.38, 421.79, 3870.67>) as driver
09:08:00.524 [VehicleEngine] Player "Bad Boy" (id=7EOOpe6Cv8QB45p22zWB29TPheQCYualmurDzSA3CR0=) started vehicle M1025 (id=FC0155CD054588754619C595E9488A77 pos=<5576.38, 421.79, 3870.67>)
09:08:12.001 [AI Object Patrol 00066] Spawning 1 West bots at <5530.709473, 386.337555, 4887.632324>
09:08:12.026 [AI Object Patrol 00066] Global patrol count: 3
09:08:12.036 [AI Object Patrol 00066] HelicopterWreck category patrol count: 2
09:08:57.280 [VehicleEngine] Player "NULL" (id=NULL) stopped vehicle M1025 (id=FC0155CD054588754619C595E9488A77 pos=<5378.78, 405.75, 3917.89>)
09:13:13.603 [AI Object Patrol 00061] Despawning 3 East bots (spawn position <5917.241699, 405.087585, 3572.100830>, 0/3 deceased)
09:13:13.614 [AI Object Patrol 00061] Global patrol count: 2
09:13:13.624 [AI Object Patrol 00061] HelicopterWreck category patrol count: 1
09:18:56.377 [AI Object Patrol 00066] Despawning 1 West bots (spawn position <5530.709473, 386.337555, 4887.632324>, 0/1 deceased)
09:18:56.387 [AI Object Patrol 00066] Global patrol count: 1
09:18:56.400 [AI Object Patrol 00066] HelicopterWreck category patrol count: 0
10:06:12.899 [VehicleEnter] Player "snake" (id=0nsyEhm9INQy3se8y-fXlbMHVv4YsIXloUCLC2unDyo=) entered vehicle Gyrocopter (id=961DFC0DD54BCF458A74E6A5EF960114 pos=<8340.88, 334.75, 1643.94>) as pilot
10:06:19.970 [VehicleEngine] Player "snake" (id=0nsyEhm9INQy3se8y-fXlbMHVv4YsIXloUCLC2unDyo=) started vehicle Gyrocopter (id=961DFC0DD54BCF458A74E6A5EF960114 pos=<8340.88, 334.75, 1643.97>)
10:08:56.278 [VehicleEngine] Player "NULL" (id=NULL) stopped vehicle Gyrocopter (id=961DFC0DD54BCF458A74E6A5EF960114 pos=<5100.64, 510.48, 2099.26>)
10:08:56.311 [VehicleLeave] Player "snake" (id=0nsyEhm9INQy3se8y-fXlbMHVv4YsIXloUCLC2unDyo=) left vehicle Gyrocopter (id=961DFC0DD54BCF458A74E6A5EF960114 pos=<5100.64, 510.48, 2099.26>)
10:10:59.504 [VehicleEnter] Player "snake" (id=0nsyEhm9INQy3se8y-fXlbMHVv4YsIXloUCLC2unDyo=) entered vehicle Gyrocopter (id=961DFC0DD54BCF458A74E6A5EF960114 pos=<5100.64, 510.48, 2099.26>) as pilot
10:11:01.102 [VehicleEngine] Player "snake" (id=0nsyEhm9INQy3se8y-fXlbMHVv4YsIXloUCLC2unDyo=) started vehicle Gyrocopter (id=961DFC0DD54BCF458A74E6A5EF960114 pos=<5100.64, 510.48, 2099.26>)
10:15:43.951 [AI Object Patrol 00010] Spawning 2 West bots at <7968.398926, 259.947449, 5900.043945>
10:15:43.979 [AI Object Patrol 00010] Global patrol count: 2
10:15:43.990 [AI Object Patrol 00010] ContaminatedArea category patrol count: 1
10:15:44.820 [AI Object Patrol 00011] Spawning 3 West bots at <7694.457520, 235.811386, 5905.226074>
10:15:44.851 [AI Object Patrol 00011] Global patrol count: 3
10:15:44.861 [AI Object Patrol 00011] ContaminatedArea category patrol count: 2
10:17:38.755 [VehicleEngine] Player "NULL" (id=NULL) stopped vehicle Gyrocopter (id=961DFC0DD54BCF458A74E6A5EF960114 pos=<9060.72, 299.21, 6597.98>)
10:17:38.799 [VehicleLeave] Player "snake" (id=0nsyEhm9INQy3se8y-fXlbMHVv4YsIXloUCLC2unDyo=) left vehicle Gyrocopter (id=961DFC0DD54BCF458A74E6A5EF960114 pos=<9060.72, 299.21, 6597.98>)
10:27:08.809 [AI Object Patrol 00011] Despawning 3 West bots (spawn position <7694.457520, 235.811386, 5905.226074>, 0/3 deceased)
10:27:08.819 [AI Object Patrol 00011] Global patrol count: 2
10:27:08.830 [AI Object Patrol 00011] ContaminatedArea category patrol count: 1
10:27:24.109 [AI Object Patrol 00010] Despawning 2 West bots (spawn position <7968.398926, 259.947449, 5900.043945>, 0/2 deceased)
10:27:24.119 [AI Object Patrol 00010] Global patrol count: 1
10:27:24.130 [AI Object Patrol 00010] ContaminatedArea category patrol count: 0
10:28:59.677 [VehicleEnter] Player "snake" (id=0nsyEhm9INQy3se8y-fXlbMHVv4YsIXloUCLC2unDyo=) entered vehicle Gyrocopter (id=961DFC0DD54BCF458A74E6A5EF960114 pos=<9060.71, 299.21, 6597.81>) as pilot
10:29:01.152 [VehicleEngine] Player "snake" (id=0nsyEhm9INQy3se8y-fXlbMHVv4YsIXloUCLC2unDyo=) started vehicle Gyrocopter (id=961DFC0DD54BCF458A74E6A5EF960114 pos=<9060.71, 299.21, 6597.81>)
10:29:13.514 [AI Patrol 00016] East bots were wiped out (spawn position <7341.996582, 287.240387, 2572.672119>, 1/1 deceased)
10:29:13.524 [AI Patrol 00016] Global patrol count: 0
10:29:13.535 [AI Patrol 00016] Patrol category patrol count: 0
10:36:54.219 [VehicleEngine] Player "NULL" (id=NULL) stopped vehicle Gyrocopter (id=961DFC0DD54BCF458A74E6A5EF960114 pos=<6076.37, 216.53, 9212.52>)
10:36:54.281 [VehicleLeave] Player "snake" (id=0nsyEhm9INQy3se8y-fXlbMHVv4YsIXloUCLC2unDyo=) left vehicle Gyrocopter (id=961DFC0DD54BCF458A74E6A5EF960114 pos=<6076.37, 216.53, 9212.52>)
10:37:06.268 [VehicleEnter] Player "snake" (id=0nsyEhm9INQy3se8y-fXlbMHVv4YsIXloUCLC2unDyo=) entered vehicle Gyrocopter (id=961DFC0DD54BCF458A74E6A5EF960114 pos=<6076.37, 216.54, 9212.51>) as pilot
10:37:08.580 [VehicleLeave] Player "snake" (id=0nsyEhm9INQy3se8y-fXlbMHVv4YsIXloUCLC2unDyo=) left vehicle Gyrocopter (id=961DFC0DD54BCF458A74E6A5EF960114 pos=<6076.36, 216.54, 9212.51>)
