17:13:36.842 [AI Patrol 00016] Spawning 1 East bots at <7702.537598, 312.960785, 2920.913574>
17:13:45.643 [AI Patrol 00016] Global patrol count: 1
17:13:45.653 [AI Patrol 00016] Patrol category patrol count: 1
17:13:45.662 [AI Patrol 00017] Spawning 1 West bots at <7219.744629, 296.146210, 2997.252197>
17:13:45.695 [AI Patrol 00017] Global patrol count: 2
17:13:45.705 [AI Patrol 00017] Patrol category patrol count: 2
17:15:23.122 [AI Object Patrol 00000] Spawning 1 East bots at <3825.226074, 460.605225, 746.980713>
17:15:23.154 [AI Object Patrol 00000] Global patrol count: 3
17:15:23.164 [AI Object Patrol 00000] HelicopterWreck category patrol count: 1
17:21:56.638 [AI Object Patrol 00000] East bots were wiped out (spawn position <3825.226074, 460.605225, 746.980713>, 1/1 deceased)
17:21:56.648 [AI Object Patrol 00000] Global patrol count: 2
17:21:56.658 [AI Object Patrol 00000] HelicopterWreck category patrol count: 0
17:24:32.039 [AI Patrol 00016] East bots were wiped out (spawn position <7702.537598, 312.960785, 2920.913574>, 1/1 deceased)
17:24:32.149 [AI Patrol 00016] Global patrol count: 1
17:24:32.260 [AI Patrol 00016] Patrol category patrol count: 1
17:24:55.433 [VehicleEnter] Player "Bad Boy" (id=7EOOpe6Cv8QB45p22zWB29TPheQCYualmurDzSA3CR0=) entered vehicle Sarka 120 (id=FFA416F7AE42630A1DA88B912999EB51 pos=<1325.24, 370.47, 11469.4>) as driver
17:25:02.100 [VehicleEngine] Player "Bad Boy" (id=7EOOpe6Cv8QB45p22zWB29TPheQCYualmurDzSA3CR0=) started vehicle Sarka 120 (id=FFA416F7AE42630A1DA88B912999EB51 pos=<1325.23, 370.47, 11469.4>)
17:25:12.138 [VehicleEngine] Player "NULL" (id=NULL) stopped vehicle Sarka 120 (id=FFA416F7AE42630A1DA88B912999EB51 pos=<1313.6, 368.4, 11477.3>)
17:25:12.170 [VehicleLeave] Player "Bad Boy" (id=7EOOpe6Cv8QB45p22zWB29TPheQCYualmurDzSA3CR0=) left vehicle Sarka 120 (id=FFA416F7AE42630A1DA88B912999EB51 pos=<1313.61, 368.4, 11477.3>)
17:25:25.801 [VehicleEnter] Player "Bad Boy" (id=7EOOpe6Cv8QB45p22zWB29TPheQCYualmurDzSA3CR0=) entered vehicle Sarka 120 (id=FFA416F7AE42630A1DA88B912999EB51 pos=<1313.68, 368.38, 11477.4>) as driver
17:25:34.703 [VehicleEngine] Player "Bad Boy" (id=7EOOpe6Cv8QB45p22zWB29TPheQCYualmurDzSA3CR0=) started vehicle Sarka 120 (id=FFA416F7AE42630A1DA88B912999EB51 pos=<1314.04, 368.23, 11477.9>)
17:27:39.436 [AI Object Patrol 00023] Spawning 3 West bots at <1578.304932, 275.581909, 9816.803711>
17:27:39.600 [AI Object Patrol 00023] Global patrol count: 2
17:27:39.655 [AI Object Patrol 00023] ContaminatedArea category patrol count: 1
17:29:34.505 [VehicleEngine] Player "NULL" (id=NULL) stopped vehicle Sarka 120 (id=FFA416F7AE42630A1DA88B912999EB51 pos=<1851.54, 278.14, 10045.8>)
17:29:34.569 [VehicleLeave] Player "Bad Boy" (id=7EOOpe6Cv8QB45p22zWB29TPheQCYualmurDzSA3CR0=) left vehicle Sarka 120 (id=FFA416F7AE42630A1DA88B912999EB51 pos=<1851.54, 278.14, 10045.8>)
17:30:49.555 [VehicleEnter] Player "Bad Boy" (id=7EOOpe6Cv8QB45p22zWB29TPheQCYualmurDzSA3CR0=) entered vehicle Sarka 120 (id=FFA416F7AE42630A1DA88B912999EB51 pos=<1851.56, 278.13, 10045.9>) as driver
17:30:51.440 [VehicleEngine] Player "Bad Boy" (id=7EOOpe6Cv8QB45p22zWB29TPheQCYualmurDzSA3CR0=) started vehicle Sarka 120 (id=FFA416F7AE42630A1DA88B912999EB51 pos=<1851.62, 278.12, 10046>)
17:34:27.429 [AI Patrol 00017] Despawning 1 West bots (spawn position <7219.744629, 296.146210, 2997.252197>, 0/1 deceased)
17:34:27.470 [AI Patrol 00017] Global patrol count: 1
17:34:27.479 [AI Patrol 00017] Patrol category patrol count: 0
17:35:14.994 [VehicleEngine] Player "Bad Boy" (id=7EOOpe6Cv8QB45p22zWB29TPheQCYualmurDzSA3CR0=) stopped vehicle Sarka 120 (id=FFA416F7AE42630A1DA88B912999EB51 pos=<1474.71, 228.92, 8248.02>)
17:35:22.665 [VehicleLeave] Player "Bad Boy" (id=7EOOpe6Cv8QB45p22zWB29TPheQCYualmurDzSA3CR0=) left vehicle Sarka 120 (id=FFA416F7AE42630A1DA88B912999EB51 pos=<1474.68, 228.91, 8247.89>)
17:35:35.591 [VehicleAttachments] Player "Bad Boy" (id=7EOOpe6Cv8QB45p22zWB29TPheQCYualmurDzSA3CR0=) detached Sarka 120 Wheel (type=Sedan_02_Wheel) from vehicle Sarka 120 (id=FFA416F7AE42630A1DA88B912999EB51 pos=<1474.67, 228.92, 8247.98>)
17:37:32.655 [VehicleAttachments] Player "Bad Boy" (id=7EOOpe6Cv8QB45p22zWB29TPheQCYualmurDzSA3CR0=) detached Sarka 120 Rear Left Door (type=Sedan_02_Door_1_2_Red) from vehicle Sarka 120 (id=FFA416F7AE42630A1DA88B912999EB51 pos=<1474.33, 228.94, 8247.66>)
17:38:00.030 [VehicleAttachments] Player "Bad Boy" (id=7EOOpe6Cv8QB45p22zWB29TPheQCYualmurDzSA3CR0=) detached Sarka 120 Front Left Door (type=Sedan_02_Door_1_1_RedRust) from vehicle Sarka 120 (id=FFA416F7AE42630A1DA88B912999EB51 pos=<1474.33, 228.94, 8247.66>)
17:38:20.306 [VehicleEnter] Player "Bad Boy" (id=7EOOpe6Cv8QB45p22zWB29TPheQCYualmurDzSA3CR0=) entered vehicle Sarka 120 (id=FFA416F7AE42630A1DA88B912999EB51 pos=<1474.32, 228.94, 8247.66>) as driver
17:38:22.199 [VehicleEngine] Player "Bad Boy" (id=7EOOpe6Cv8QB45p22zWB29TPheQCYualmurDzSA3CR0=) started vehicle Sarka 120 (id=FFA416F7AE42630A1DA88B912999EB51 pos=<1474.32, 228.94, 8247.66>)
17:38:56.607 [VehicleEngine] Player "NULL" (id=NULL) stopped vehicle Sarka 120 (id=FFA416F7AE42630A1DA88B912999EB51 pos=<1474.31, 228.94, 8247.64>)
17:38:56.640 [VehicleLeave] Player "Bad Boy" (id=7EOOpe6Cv8QB45p22zWB29TPheQCYualmurDzSA3CR0=) left vehicle Sarka 120 (id=FFA416F7AE42630A1DA88B912999EB51 pos=<1474.31, 228.94, 8247.64>)
17:41:52.345 [VehicleEnter] Player "Bad Boy" (id=7EOOpe6Cv8QB45p22zWB29TPheQCYualmurDzSA3CR0=) entered vehicle Sarka 120 (id=FFA416F7AE42630A1DA88B912999EB51 pos=<1474.32, 228.92, 8247.38>) as driver
17:41:58.447 [VehicleEngine] Player "Bad Boy" (id=7EOOpe6Cv8QB45p22zWB29TPheQCYualmurDzSA3CR0=) started vehicle Sarka 120 (id=FFA416F7AE42630A1DA88B912999EB51 pos=<1474.31, 228.92, 8247.36>)
17:42:08.406 [VehicleLeave] Player "Bad Boy" (id=7EOOpe6Cv8QB45p22zWB29TPheQCYualmurDzSA3CR0=) left vehicle Sarka 120 (id=FFA416F7AE42630A1DA88B912999EB51 pos=<1474.32, 228.92, 8247.34>)
17:42:32.910 [VehicleEnter] Player "Bad Boy" (id=7EOOpe6Cv8QB45p22zWB29TPheQCYualmurDzSA3CR0=) entered vehicle Sarka 120 (id=FFA416F7AE42630A1DA88B912999EB51 pos=<1474.3, 228.92, 8247.27>) as driver
17:42:36.018 [VehicleEngine] Player "Bad Boy" (id=7EOOpe6Cv8QB45p22zWB29TPheQCYualmurDzSA3CR0=) stopped vehicle Sarka 120 (id=FFA416F7AE42630A1DA88B912999EB51 pos=<1474.31, 228.91, 8247.25>)
17:42:40.872 [VehicleEngine] Player "Bad Boy" (id=7EOOpe6Cv8QB45p22zWB29TPheQCYualmurDzSA3CR0=) started vehicle Sarka 120 (id=FFA416F7AE42630A1DA88B912999EB51 pos=<1474.31, 228.91, 8247.23>)
17:42:47.769 [VehicleEngine] Player "Bad Boy" (id=7EOOpe6Cv8QB45p22zWB29TPheQCYualmurDzSA3CR0=) stopped vehicle Sarka 120 (id=FFA416F7AE42630A1DA88B912999EB51 pos=<1474.31, 228.91, 8247.22>)
17:42:50.886 [VehicleLeave] Player "Bad Boy" (id=7EOOpe6Cv8QB45p22zWB29TPheQCYualmurDzSA3CR0=) left vehicle Sarka 120 (id=FFA416F7AE42630A1DA88B912999EB51 pos=<1474.3, 228.91, 8247.21>)
17:42:58.158 [AI Object Patrol 00000] Despawning 0 East bots (spawn position <3838.409424, 460.981445, 724.637329>, 1/1 deceased)
17:43:58.277 [VehicleEnter] Player "Bad Boy" (id=7EOOpe6Cv8QB45p22zWB29TPheQCYualmurDzSA3CR0=) entered vehicle Sarka 120 (id=FFA416F7AE42630A1DA88B912999EB51 pos=<1476.93, 227.16, 8248.64>) as driver
17:44:03.792 [VehicleEngine] Player "Bad Boy" (id=7EOOpe6Cv8QB45p22zWB29TPheQCYualmurDzSA3CR0=) started vehicle Sarka 120 (id=FFA416F7AE42630A1DA88B912999EB51 pos=<1477.02, 227.14, 8248.44>)
17:44:42.228 [AI Object Patrol 00023] Despawning 3 West bots (spawn position <1578.304932, 275.581909, 9816.803711>, 0/3 deceased)
17:44:42.238 [AI Object Patrol 00023] Global patrol count: 0
17:44:42.247 [AI Object Patrol 00023] ContaminatedArea category patrol count: 0
17:45:42.938 [VehicleEngine] Player "NULL" (id=NULL) stopped vehicle Sarka 120 (id=FFA416F7AE42630A1DA88B912999EB51 pos=<1394.42, 177.3, 7671.05>)
17:45:42.975 [VehicleLeave] Player "Bad Boy" (id=7EOOpe6Cv8QB45p22zWB29TPheQCYualmurDzSA3CR0=) left vehicle Sarka 120 (id=FFA416F7AE42630A1DA88B912999EB51 pos=<1394.42, 177.3, 7671.05>)
18:05:25.711 [SpawnSelection] Player "Bad Boy" (id=7EOOpe6Cv8QB45p22zWB29TPheQCYualmurDzSA3CR0=) spawned at <2035.589966, 208.117996, 7440.870117>
18:17:46.137 [AI Object Patrol 00034] Spawning 3 West bots at <7284.710938, 294.914520, 2676.847656>
18:17:46.165 [AI Object Patrol 00034] Global patrol count: 1
18:17:46.174 [AI Object Patrol 00034] ContaminatedArea category patrol count: 1
18:30:20.882 [SpawnSelection] Player "Bad Boy" (id=7EOOpe6Cv8QB45p22zWB29TPheQCYualmurDzSA3CR0=) spawned at <1913.430054, 194.949005, 7445.359863>
18:31:01.205 [AI Object Patrol 00034] Despawning 3 West bots (spawn position <7284.710938, 294.914520, 2676.847656>, 0/3 deceased)
18:31:01.220 [AI Object Patrol 00034] Global patrol count: 0
18:31:01.232 [AI Object Patrol 00034] ContaminatedArea category patrol count: 0
18:35:45.179 [SpawnSelection] Player "Bad Boy" (id=7EOOpe6Cv8QB45p22zWB29TPheQCYualmurDzSA3CR0=) spawned at <1913.430054, 194.949005, 7445.359863>
18:42:08.896 [SpawnSelection] Player "Bad Boy" (id=7EOOpe6Cv8QB45p22zWB29TPheQCYualmurDzSA3CR0=) spawned at <1841.880005, 199.766998, 7392.009766>
18:47:32.038 [SpawnSelection] Player "Bad Boy" (id=7EOOpe6Cv8QB45p22zWB29TPheQCYualmurDzSA3CR0=) spawned at <1913.430054, 194.949005, 7445.359863>
18:57:33.726 [VehicleEnter] Player "Bad Boy" (id=7EOOpe6Cv8QB45p22zWB29TPheQCYualmurDzSA3CR0=) entered vehicle Sarka 120 (id=FFA416F7AE42630A1DA88B912999EB51 pos=<1394.43, 177.3, 7671.03>) as driver
18:57:38.562 [VehicleEngine] Player "Bad Boy" (id=7EOOpe6Cv8QB45p22zWB29TPheQCYualmurDzSA3CR0=) started vehicle Sarka 120 (id=FFA416F7AE42630A1DA88B912999EB51 pos=<1394.46, 177.3, 7670.96>)
18:59:00.981 [VehicleEngine] Player "NULL" (id=NULL) stopped vehicle Sarka 120 (id=FFA416F7AE42630A1DA88B912999EB51 pos=<1502.12, 232.85, 8358.2>)
18:59:01.026 [VehicleLeave] Player "Bad Boy" (id=7EOOpe6Cv8QB45p22zWB29TPheQCYualmurDzSA3CR0=) left vehicle Sarka 120 (id=FFA416F7AE42630A1DA88B912999EB51 pos=<1502.12, 232.85, 8358.2>)
19:00:22.520 [VehicleEnter] Player "Bad Boy" (id=7EOOpe6Cv8QB45p22zWB29TPheQCYualmurDzSA3CR0=) entered vehicle Sarka 120 (id=FFA416F7AE42630A1DA88B912999EB51 pos=<1502.12, 232.85, 8358.16>) as driver
19:00:27.125 [VehicleEngine] Player "Bad Boy" (id=7EOOpe6Cv8QB45p22zWB29TPheQCYualmurDzSA3CR0=) started vehicle Sarka 120 (id=FFA416F7AE42630A1DA88B912999EB51 pos=<1502.14, 232.84, 8358>)
19:02:27.365 [VehicleEngine] Player "NULL" (id=NULL) stopped vehicle Sarka 120 (id=FFA416F7AE42630A1DA88B912999EB51 pos=<1474.85, 273.09, 9752.78>)
19:02:27.503 [VehicleLeave] Player "Bad Boy" (id=7EOOpe6Cv8QB45p22zWB29TPheQCYualmurDzSA3CR0=) left vehicle Sarka 120 (id=FFA416F7AE42630A1DA88B912999EB51 pos=<1474.85, 273.09, 9752.78>)
19:03:02.137 [VehicleEnter] Player "Bad Boy" (id=7EOOpe6Cv8QB45p22zWB29TPheQCYualmurDzSA3CR0=) entered vehicle Sarka 120 (id=FFA416F7AE42630A1DA88B912999EB51 pos=<1474.86, 273.08, 9752.78>) as driver
19:03:10.452 [VehicleEngine] Player "Bad Boy" (id=7EOOpe6Cv8QB45p22zWB29TPheQCYualmurDzSA3CR0=) started vehicle Sarka 120 (id=FFA416F7AE42630A1DA88B912999EB51 pos=<1474.88, 273.08, 9752.78>)
19:07:56.859 [VehicleEngine] Player "NULL" (id=NULL) stopped vehicle Sarka 120 (id=FFA416F7AE42630A1DA88B912999EB51 pos=<1319.25, 369.33, 11473.9>)
19:07:56.909 [VehicleLeave] Player "Bad Boy" (id=7EOOpe6Cv8QB45p22zWB29TPheQCYualmurDzSA3CR0=) left vehicle Sarka 120 (id=FFA416F7AE42630A1DA88B912999EB51 pos=<1319.25, 369.33, 11473.9>)
19:08:03.548 [VehicleEnter] Player "Bad Boy" (id=7EOOpe6Cv8QB45p22zWB29TPheQCYualmurDzSA3CR0=) entered vehicle Sarka 120 (id=FFA416F7AE42630A1DA88B912999EB51 pos=<1319.16, 369.3, 11474>) as driver
19:08:06.011 [VehicleEngine] Player "Bad Boy" (id=7EOOpe6Cv8QB45p22zWB29TPheQCYualmurDzSA3CR0=) started vehicle Sarka 120 (id=FFA416F7AE42630A1DA88B912999EB51 pos=<1319.02, 369.26, 11474.1>)
19:08:24.134 [VehicleEngine] Player "NULL" (id=NULL) stopped vehicle Sarka 120 (id=FFA416F7AE42630A1DA88B912999EB51 pos=<1325.38, 370.47, 11469>)
19:08:24.191 [VehicleLeave] Player "Bad Boy" (id=7EOOpe6Cv8QB45p22zWB29TPheQCYualmurDzSA3CR0=) left vehicle Sarka 120 (id=FFA416F7AE42630A1DA88B912999EB51 pos=<1325.38, 370.47, 11469>)
19:14:59.396 [BaseRaiding] ExpansionWall6x3 (<1327.617310, 370.247650, 11467.092773>) Code set by "player "Bad Boy" (ID = "7EOOpe6Cv8QB45p22zWB29TPheQCYualmurDzSA3CR0=" at <1329.031494, 370.498138, 11466.770508>)" and the code is 0102
20:06:33.221 [AI Object Patrol 00062] Spawning 1 East bots at <8494.818359, 384.711914, 2853.128906>
20:06:33.249 [AI Object Patrol 00062] Global patrol count: 1
20:06:33.259 [AI Object Patrol 00062] HelicopterWreck category patrol count: 1
20:08:10.310 [AI Patrol 00018] Spawning 2 Civilian bots at <6968.775879, 307.099335, 3295.675781>
20:08:10.333 [AI Patrol 00018] Global patrol count: 2
20:08:10.343 [AI Patrol 00018] Patrol category patrol count: 1
20:23:33.413 [AI Object Patrol 00062] Despawning 1 East bots (spawn position <8494.818359, 384.711914, 2853.128906>, 0/1 deceased)
20:23:33.422 [AI Object Patrol 00062] Global patrol count: 1
20:23:33.432 [AI Object Patrol 00062] HelicopterWreck category patrol count: 0
20:27:41.213 [AI Object Patrol 00063] Spawning 1 East bots at <9931.313477, 230.998047, 5468.766602>
20:27:41.247 [AI Object Patrol 00063] Global patrol count: 2
20:27:41.257 [AI Object Patrol 00063] HelicopterWreck category patrol count: 1
20:28:22.312 [VehicleEnter] Player "Mr. Blue" (id=Lw52hZyZO7pZP21eLhjYCVUz5rrRVAodhUgchUxGS8A=) entered vehicle Gyrocopter (id=6E84FF65E84850C42793EBBBEF7D8F7C pos=<10341.7, 224.01, 5905.29>) as pilot
20:28:24.264 [VehicleLeave] Player "Mr. Blue" (id=Lw52hZyZO7pZP21eLhjYCVUz5rrRVAodhUgchUxGS8A=) left vehicle Gyrocopter (id=6E84FF65E84850C42793EBBBEF7D8F7C pos=<10341.7, 224.01, 5905.29>)
20:28:34.798 [VehicleEnter] Player "Mr. Blue" (id=Lw52hZyZO7pZP21eLhjYCVUz5rrRVAodhUgchUxGS8A=) entered vehicle Gyrocopter (id=6E84FF65E84850C42793EBBBEF7D8F7C pos=<10341.7, 224.01, 5905.29>) as pilot
20:28:36.307 [VehicleEngine] Player "Mr. Blue" (id=Lw52hZyZO7pZP21eLhjYCVUz5rrRVAodhUgchUxGS8A=) started vehicle Gyrocopter (id=6E84FF65E84850C42793EBBBEF7D8F7C pos=<10341.7, 224.01, 5905.29>)
20:29:42.999 [VehicleEngine] Player "NULL" (id=NULL) stopped vehicle Gyrocopter (id=6E84FF65E84850C42793EBBBEF7D8F7C pos=<9792.1, 251.59, 5759.93>)
20:29:43.012 [VehicleLeave] Player "Mr. Blue" (id=Lw52hZyZO7pZP21eLhjYCVUz5rrRVAodhUgchUxGS8A=) left vehicle Gyrocopter (id=6E84FF65E84850C42793EBBBEF7D8F7C pos=<9792.1, 251.59, 5759.93>)
20:31:33.825 [AI Object Patrol 00063] East bots were wiped out (spawn position <9931.313477, 230.998047, 5468.766602>, 1/1 deceased)
20:31:33.838 [AI Object Patrol 00063] Global patrol count: 1
20:31:33.855 [AI Object Patrol 00063] HelicopterWreck category patrol count: 0
20:31:42.207 [VehicleEnter] Player "Mr. Blue" (id=Lw52hZyZO7pZP21eLhjYCVUz5rrRVAodhUgchUxGS8A=) entered vehicle Gyrocopter (id=6E84FF65E84850C42793EBBBEF7D8F7C pos=<9792.05, 251.34, 5758.44>) as pilot
20:31:43.562 [VehicleEngine] Player "Mr. Blue" (id=Lw52hZyZO7pZP21eLhjYCVUz5rrRVAodhUgchUxGS8A=) started vehicle Gyrocopter (id=6E84FF65E84850C42793EBBBEF7D8F7C pos=<9792.05, 251.34, 5758.42>)
20:31:44.185 [AI Patrol 00018] Despawning 2 Civilian bots (spawn position <6968.775879, 307.099335, 3295.675781>, 0/2 deceased)
20:31:44.195 [AI Patrol 00018] Global patrol count: 0
20:31:44.205 [AI Patrol 00018] Patrol category patrol count: 0
20:32:18.938 [VehicleEngine] Player "NULL" (id=NULL) stopped vehicle Gyrocopter (id=6E84FF65E84850C42793EBBBEF7D8F7C pos=<9920.85, 230.87, 5486.9>)
20:32:18.971 [VehicleLeave] Player "Mr. Blue" (id=Lw52hZyZO7pZP21eLhjYCVUz5rrRVAodhUgchUxGS8A=) left vehicle Gyrocopter (id=6E84FF65E84850C42793EBBBEF7D8F7C pos=<9920.85, 230.87, 5486.9>)
20:33:22.674 [VehicleEnter] Player "Mr. Blue" (id=Lw52hZyZO7pZP21eLhjYCVUz5rrRVAodhUgchUxGS8A=) entered vehicle Gyrocopter (id=6E84FF65E84850C42793EBBBEF7D8F7C pos=<9920.85, 230.87, 5486.9>) as pilot
20:33:24.178 [VehicleEngine] Player "Mr. Blue" (id=Lw52hZyZO7pZP21eLhjYCVUz5rrRVAodhUgchUxGS8A=) started vehicle Gyrocopter (id=6E84FF65E84850C42793EBBBEF7D8F7C pos=<9920.85, 230.87, 5486.9>)
20:34:27.394 [VehicleEngine] Player "NULL" (id=NULL) stopped vehicle Gyrocopter (id=6E84FF65E84850C42793EBBBEF7D8F7C pos=<10336.5, 223.98, 5902.8>)
20:34:27.416 [VehicleLeave] Player "Mr. Blue" (id=Lw52hZyZO7pZP21eLhjYCVUz5rrRVAodhUgchUxGS8A=) left vehicle Gyrocopter (id=6E84FF65E84850C42793EBBBEF7D8F7C pos=<10336.5, 223.98, 5902.8>)
01:29:51.753 [AI Object Patrol 00067] Spawning 1 East bots at <6493.170898, 314.616669, 3150.842285>
01:29:51.787 [AI Object Patrol 00067] Global patrol count: 1
01:29:51.800 [AI Object Patrol 00067] HelicopterWreck category patrol count: 1
01:34:09.156 [AI Object Patrol 00063] Despawning 0 East bots (spawn position <9914.103516, 231.429718, 5464.268066>, 1/1 deceased)
01:38:43.596 [AI Object Patrol 00067] East bots were wiped out (spawn position <6493.170898, 314.616669, 3150.842285>, 1/1 deceased)
01:38:43.610 [AI Object Patrol 00067] Global patrol count: 0
01:38:43.620 [AI Object Patrol 00067] HelicopterWreck category patrol count: 0
01:49:59.573 [AI Object Patrol 00067] Despawning 0 East bots (spawn position <6525.496094, 311.881378, 3157.994873>, 1/1 deceased)
02:24:11.784 [Chat - Global]("PoiiZoner3"(id=cZC_vl4onJwtCEZaOtA89yPcwyGnN7Qy01WI28TQhbU=)): You need more medical? I've got a few more rolls of bandages + basically an entire IFAK excluding vitamins I could give you.
02:24:35.179 [Chat - Global]("snake"(id=0nsyEhm9INQy3se8y-fXlbMHVv4YsIXloUCLC2unDyo=)): yooo i kinda do lol
02:25:06.672 [Chat - Global]("snake"(id=0nsyEhm9INQy3se8y-fXlbMHVv4YsIXloUCLC2unDyo=)): but cant go get it atm, might go sleep shortly ^^
02:25:19.296 [Chat - Global]("snake"(id=0nsyEhm9INQy3se8y-fXlbMHVv4YsIXloUCLC2unDyo=)): z
02:25:47.003 [Chat - Global]("PoiiZoner3"(id=cZC_vl4onJwtCEZaOtA89yPcwyGnN7Qy01WI28TQhbU=)): Trader is your base, right?
02:25:58.576 [Chat - Global]("snake"(id=0nsyEhm9INQy3se8y-fXlbMHVv4YsIXloUCLC2unDyo=)): yessir!
02:26:22.627 [Chat - Global]("PoiiZoner3"(id=cZC_vl4onJwtCEZaOtA89yPcwyGnN7Qy01WI28TQhbU=)): Probably should've dropped it off when I was there earlier then lol
02:26:41.956 [Chat - Global]("snake"(id=0nsyEhm9INQy3se8y-fXlbMHVv4YsIXloUCLC2unDyo=)): haha np, i appreciate it
02:27:35.120 [Chat - Global]("PoiiZoner3"(id=cZC_vl4onJwtCEZaOtA89yPcwyGnN7Qy01WI28TQhbU=)): I stopped by while hopping around trying to find convoys
02:28:00.283 [Chat - Global]("snake"(id=0nsyEhm9INQy3se8y-fXlbMHVv4YsIXloUCLC2unDyo=)): i hadnluck fimding one yesterday at swarog
02:28:57.721 [Chat - Global]("PoiiZoner3"(id=cZC_vl4onJwtCEZaOtA89yPcwyGnN7Qy01WI28TQhbU=)): I'm still trying to find a new primary that takes 5.56 mags. Hell, I'd be happy with just a black TAR at this point but I've been hoping to find the SCAR variant I came across before.
02:29:27.637 [Chat - Global]("PoiiZoner3"(id=cZC_vl4onJwtCEZaOtA89yPcwyGnN7Qy01WI28TQhbU=)): 5.56 guns that take these mags are unobtainium apparently
02:29:47.251 [Chat - Global]("snake"(id=0nsyEhm9INQy3se8y-fXlbMHVv4YsIXloUCLC2unDyo=)): tomorrow hpw aboutmi trade you any of my gums for med supplies
02:30:11.166 [Chat - Global]("PoiiZoner3"(id=cZC_vl4onJwtCEZaOtA89yPcwyGnN7Qy01WI28TQhbU=)): Won't catch me rejecting an offer like that.
02:30:20.193 [Chat - Global]("snake"(id=0nsyEhm9INQy3se8y-fXlbMHVv4YsIXloUCLC2unDyo=)): kudosnif you bring me one of those fully black masks lol
02:30:30.860 [Chat - Global]("PoiiZoner3"(id=cZC_vl4onJwtCEZaOtA89yPcwyGnN7Qy01WI28TQhbU=)): Which one?
02:30:31.768 [Chat - Global]("snake"(id=0nsyEhm9INQy3se8y-fXlbMHVv4YsIXloUCLC2unDyo=)): haha deal
02:30:47.425 [Chat - Global]("PoiiZoner3"(id=cZC_vl4onJwtCEZaOtA89yPcwyGnN7Qy01WI28TQhbU=)): I came across a full-black Ghost mask before
02:30:48.955 [Chat - Global]("snake"(id=0nsyEhm9INQy3se8y-fXlbMHVv4YsIXloUCLC2unDyo=)): its like a skull black mask, very cool
02:30:52.138 [Chat - Global]("PoiiZoner3"(id=cZC_vl4onJwtCEZaOtA89yPcwyGnN7Qy01WI28TQhbU=)): Fuck
02:31:00.548 [Chat - Global]("snake"(id=0nsyEhm9INQy3se8y-fXlbMHVv4YsIXloUCLC2unDyo=)): xD
02:31:20.306 [Chat - Global]("PoiiZoner3"(id=cZC_vl4onJwtCEZaOtA89yPcwyGnN7Qy01WI28TQhbU=)): Well at least now I know.
02:31:28.947 [Chat - Global]("snake"(id=0nsyEhm9INQy3se8y-fXlbMHVv4YsIXloUCLC2unDyo=)): i love those
02:31:59.806 [Chat - Global]("PoiiZoner3"(id=cZC_vl4onJwtCEZaOtA89yPcwyGnN7Qy01WI28TQhbU=)): I've been chilling with the Arcteryx
02:32:18.406 [Chat - Global]("PoiiZoner3"(id=cZC_vl4onJwtCEZaOtA89yPcwyGnN7Qy01WI28TQhbU=)): Be nicer if there was a blacker one than this one but it's good enough
02:32:35.190 [Chat - Global]("PoiiZoner3"(id=cZC_vl4onJwtCEZaOtA89yPcwyGnN7Qy01WI28TQhbU=)): I've been trying to black out my gear to match this camo pattern
02:32:40.982 [Chat - Global]("snake"(id=0nsyEhm9INQy3se8y-fXlbMHVv4YsIXloUCLC2unDyo=)): there might be, come tmrw look at my wares
02:33:10.706 [Chat - Global]("PoiiZoner3"(id=cZC_vl4onJwtCEZaOtA89yPcwyGnN7Qy01WI28TQhbU=)): Looking for a black sniper hood and Hazard 4 Drawbridge bag too
02:33:30.031 [Chat - Global]("snake"(id=0nsyEhm9INQy3se8y-fXlbMHVv4YsIXloUCLC2unDyo=)): oof black sniper hood would be dope
02:33:40.135 [Chat - Global]("PoiiZoner3"(id=cZC_vl4onJwtCEZaOtA89yPcwyGnN7Qy01WI28TQhbU=)): Another reason I'm trying to trade out this TAR-21, fucker's tan
02:34:00.769 [Chat - Global]("snake"(id=0nsyEhm9INQy3se8y-fXlbMHVv4YsIXloUCLC2unDyo=)): haha yeah i feel that
02:34:22.514 [Chat - Global]("PoiiZoner3"(id=cZC_vl4onJwtCEZaOtA89yPcwyGnN7Qy01WI28TQhbU=)): Damn, and I think I just noticed my Crye AVS rig is olive drab after so long of thinking it was black too smh
02:34:35.564 [Chat - Global]("PoiiZoner3"(id=cZC_vl4onJwtCEZaOtA89yPcwyGnN7Qy01WI28TQhbU=)): At least that's kinda serviceable
02:35:33.145 [Chat - Global]("PoiiZoner3"(id=cZC_vl4onJwtCEZaOtA89yPcwyGnN7Qy01WI28TQhbU=)): Does the AI warzone shit move? Last time I was at the southern Nadbor industrial area it was chill and it sure as shit isn't now
02:35:43.782 [Chat - Global]("snake"(id=0nsyEhm9INQy3se8y-fXlbMHVv4YsIXloUCLC2unDyo=)): lol yeah i get confused with some colors too, kinda hard to tell sp if theyre damaged
02:36:01.205 [Chat - Global]("PoiiZoner3"(id=cZC_vl4onJwtCEZaOtA89yPcwyGnN7Qy01WI28TQhbU=)): Well it IS covered in black components so
02:36:06.002 [Chat - Global]("snake"(id=0nsyEhm9INQy3se8y-fXlbMHVv4YsIXloUCLC2unDyo=)): it resets after every start
02:37:04.868 [Chat - Global]("PoiiZoner3"(id=cZC_vl4onJwtCEZaOtA89yPcwyGnN7Qy01WI28TQhbU=)): Thank God bot aim seems to suck for me, little bastards dump round at 20m and still don't clip me
02:37:29.949 [Chat - Global]("snake"(id=0nsyEhm9INQy3se8y-fXlbMHVv4YsIXloUCLC2unDyo=)): max aim is 8 out of 10 for them
02:37:59.264 [Chat - Global]("PoiiZoner3"(id=cZC_vl4onJwtCEZaOtA89yPcwyGnN7Qy01WI28TQhbU=)): Oh yeah, what does the Tarsier kit for NVGs do ingame? I tried putting them on and off and can't tell a difference
02:38:17.540 [Chat - Global]("snake"(id=0nsyEhm9INQy3se8y-fXlbMHVv4YsIXloUCLC2unDyo=)): some are cosmetic
02:39:56.179 [Chat - Global]("PoiiZoner3"(id=cZC_vl4onJwtCEZaOtA89yPcwyGnN7Qy01WI28TQhbU=)): Sucks, I was hoping maybe it would change the color of them or something since it sure as hell doesn't seem to affect the focus
02:41:08.926 [Chat - Global]("snake"(id=0nsyEhm9INQy3se8y-fXlbMHVv4YsIXloUCLC2unDyo=)): thatd be cool, i wish they did something. same thing with battery packs, only cosmet
02:42:14.666 [Chat - Global]("PoiiZoner3"(id=cZC_vl4onJwtCEZaOtA89yPcwyGnN7Qy01WI28TQhbU=)): At least you can store a battery in the battery packs, that's at least useful
02:42:34.076 [Chat - Global]("snake"(id=0nsyEhm9INQy3se8y-fXlbMHVv4YsIXloUCLC2unDyo=)): oo nice, i mustve missed that
02:42:46.872 [Chat - Global]("PoiiZoner3"(id=cZC_vl4onJwtCEZaOtA89yPcwyGnN7Qy01WI28TQhbU=)): Mine can at least. You do mean the ones for helmets, yeah?
02:43:02.478 [Chat - Global]("snake"(id=0nsyEhm9INQy3se8y-fXlbMHVv4YsIXloUCLC2unDyo=)): yeah for helmets
02:43:14.273 [Chat - Global]("PoiiZoner3"(id=cZC_vl4onJwtCEZaOtA89yPcwyGnN7Qy01WI28TQhbU=)): The FC Torus one can
02:43:40.605 [Chat - Global]("snake"(id=0nsyEhm9INQy3se8y-fXlbMHVv4YsIXloUCLC2unDyo=)): ypure right haha i def missed it
02:47:09.739 [Chat - Global]("PoiiZoner3"(id=cZC_vl4onJwtCEZaOtA89yPcwyGnN7Qy01WI28TQhbU=)): I try my best to not let zombies near but then I still try to gun melee when they do
02:47:49.542 [Chat - Global]("snake"(id=0nsyEhm9INQy3se8y-fXlbMHVv4YsIXloUCLC2unDyo=)): i got knocked yesterday at the convoy lmao, theyre rough. i freak out 
02:48:17.605 [Chat - Global]("PoiiZoner3"(id=cZC_vl4onJwtCEZaOtA89yPcwyGnN7Qy01WI28TQhbU=)): Come, fall to the dark side, embrace better stamina
02:48:44.512 [Chat - Global]("snake"(id=0nsyEhm9INQy3se8y-fXlbMHVv4YsIXloUCLC2unDyo=)): hahaha super human strength!
02:48:54.798 [Chat - Global]("PoiiZoner3"(id=cZC_vl4onJwtCEZaOtA89yPcwyGnN7Qy01WI28TQhbU=)): Yeah I got dangerously close to running out of rounds earlier in the middle of that warzone
02:49:26.494 [Chat - Global]("snake"(id=0nsyEhm9INQy3se8y-fXlbMHVv4YsIXloUCLC2unDyo=)): gonna go snipe at nadbor tomm, was super fun top of the factory
02:49:53.163 [Chat - Global]("snake"(id=0nsyEhm9INQy3se8y-fXlbMHVv4YsIXloUCLC2unDyo=)): im all organized for the day, nice chill wind down
02:50:14.182 [Chat - Global]("PoiiZoner3"(id=cZC_vl4onJwtCEZaOtA89yPcwyGnN7Qy01WI28TQhbU=)): Crazy you could get much organizing done with typing so much lol
02:50:18.297 [Chat - Global]("snake"(id=0nsyEhm9INQy3se8y-fXlbMHVv4YsIXloUCLC2unDyo=)): gonna hit the zzzs, lets get you a good gun tomorrow
02:50:24.325 [Chat - Global]("PoiiZoner3"(id=cZC_vl4onJwtCEZaOtA89yPcwyGnN7Qy01WI28TQhbU=)): God I hope so
02:50:33.043 [Chat - Global]("snake"(id=0nsyEhm9INQy3se8y-fXlbMHVv4YsIXloUCLC2unDyo=)): haa i didnt have much
02:51:02.775 [Chat - Global]("snake"(id=0nsyEhm9INQy3se8y-fXlbMHVv4YsIXloUCLC2unDyo=)): youll leave happy im sure
02:51:21.615 [Chat - Global]("snake"(id=0nsyEhm9INQy3se8y-fXlbMHVv4YsIXloUCLC2unDyo=)): alright man catch you l8r
02:51:25.386 [Chat - Global]("PoiiZoner3"(id=cZC_vl4onJwtCEZaOtA89yPcwyGnN7Qy01WI28TQhbU=)): o7
05:39:19.877 [VehicleDestroyed] Boat_01_Orange (id=AE558203DB417C23A8EFDD99D1CDAC5A pos=<2554.06, 170.05, 8130.59>)
08:41:08.020 [VehicleDeleted] Boat_01_Orange (id=AE558203DB417C23A8EFDD99D1CDAC5A pos=<2554.05, 170.05, 8130.59>)
08:50:15.217 [SpawnSelection] Player "Bad Boy" (id=7EOOpe6Cv8QB45p22zWB29TPheQCYualmurDzSA3CR0=) spawned at <1488.869751, 284.999756, 9866.576172>
08:53:32.799 [AI Object Patrol 00102] Spawning 3 West bots at <2183.999512, 306.676514, 11149.789063>
08:53:32.835 [AI Object Patrol 00102] Global patrol count: 1
08:53:32.846 [AI Object Patrol 00102] ContaminatedArea category patrol count: 1
09:26:24.510 [VehicleEnter] Player "Bad Boy" (id=7EOOpe6Cv8QB45p22zWB29TPheQCYualmurDzSA3CR0=) entered vehicle Sarka 120 (id=FFA416F7AE42630A1DA88B912999EB51 pos=<1325.38, 370.47, 11469>) as driver
09:26:26.397 [AI Object Patrol 00102] Despawning 3 West bots (spawn position <2183.999512, 306.676514, 11149.789063>, 0/3 deceased)
09:26:26.411 [AI Object Patrol 00102] Global patrol count: 0
09:26:26.428 [AI Object Patrol 00102] ContaminatedArea category patrol count: 0
09:26:27.355 [VehicleEngine] Player "Bad Boy" (id=7EOOpe6Cv8QB45p22zWB29TPheQCYualmurDzSA3CR0=) started vehicle Sarka 120 (id=FFA416F7AE42630A1DA88B912999EB51 pos=<1325.37, 370.47, 11469>)
09:26:35.660 [VehicleEngine] Player "Bad Boy" (id=7EOOpe6Cv8QB45p22zWB29TPheQCYualmurDzSA3CR0=) stopped vehicle Sarka 120 (id=FFA416F7AE42630A1DA88B912999EB51 pos=<1325.02, 370.47, 11469.3>)
09:26:38.107 [VehicleLeave] Player "Bad Boy" (id=7EOOpe6Cv8QB45p22zWB29TPheQCYualmurDzSA3CR0=) left vehicle Sarka 120 (id=FFA416F7AE42630A1DA88B912999EB51 pos=<1325.02, 370.47, 11469.3>)
11:19:05.408 [VehicleEnter] Player "Bad Boy" (id=7EOOpe6Cv8QB45p22zWB29TPheQCYualmurDzSA3CR0=) entered vehicle Sarka 120 (id=FFA416F7AE42630A1DA88B912999EB51 pos=<1325.01, 370.47, 11469.3>) as driver
11:19:06.960 [VehicleEngine] Player "Bad Boy" (id=7EOOpe6Cv8QB45p22zWB29TPheQCYualmurDzSA3CR0=) started vehicle Sarka 120 (id=FFA416F7AE42630A1DA88B912999EB51 pos=<1325.01, 370.47, 11469.3>)
11:19:18.380 [VehicleEngine] Player "NULL" (id=NULL) stopped vehicle Sarka 120 (id=FFA416F7AE42630A1DA88B912999EB51 pos=<1320.2, 369.57, 11473.5>)
11:19:18.412 [VehicleLeave] Player "Bad Boy" (id=7EOOpe6Cv8QB45p22zWB29TPheQCYualmurDzSA3CR0=) left vehicle Sarka 120 (id=FFA416F7AE42630A1DA88B912999EB51 pos=<1320.2, 369.56, 11473.5>)
11:19:37.047 [VehicleEnter] Player "Bad Boy" (id=7EOOpe6Cv8QB45p22zWB29TPheQCYualmurDzSA3CR0=) entered vehicle Sarka 120 (id=FFA416F7AE42630A1DA88B912999EB51 pos=<1311.45, 367.8, 11482>) as driver
11:19:41.290 [VehicleEngine] Player "Bad Boy" (id=7EOOpe6Cv8QB45p22zWB29TPheQCYualmurDzSA3CR0=) started vehicle Sarka 120 (id=FFA416F7AE42630A1DA88B912999EB51 pos=<1311.42, 367.81, 11482.1>)
11:21:46.025 [AI Object Patrol 00137] Spawning 1 West bots at <1541.232910, 276.760925, 9817.720703>
11:21:46.052 [AI Object Patrol 00137] Global patrol count: 1
11:21:46.062 [AI Object Patrol 00137] ContaminatedArea category patrol count: 1
11:24:02.878 [VehicleEngine] Player "NULL" (id=NULL) stopped vehicle Sarka 120 (id=FFA416F7AE42630A1DA88B912999EB51 pos=<1255.74, 271.77, 9304.7>)
11:24:02.904 [VehicleLeave] Player "Bad Boy" (id=7EOOpe6Cv8QB45p22zWB29TPheQCYualmurDzSA3CR0=) left vehicle Sarka 120 (id=FFA416F7AE42630A1DA88B912999EB51 pos=<1255.74, 271.77, 9304.7>)
11:24:19.584 [VehicleEnter] Player "Bad Boy" (id=7EOOpe6Cv8QB45p22zWB29TPheQCYualmurDzSA3CR0=) entered vehicle Sarka 120 (id=FFA416F7AE42630A1DA88B912999EB51 pos=<1255.74, 271.77, 9304.69>) as driver
11:24:23.832 [VehicleEngine] Player "Bad Boy" (id=7EOOpe6Cv8QB45p22zWB29TPheQCYualmurDzSA3CR0=) started vehicle Sarka 120 (id=FFA416F7AE42630A1DA88B912999EB51 pos=<1255.74, 271.77, 9304.69>)
11:26:45.326 [VehicleEngine] Player "Bad Boy" (id=7EOOpe6Cv8QB45p22zWB29TPheQCYualmurDzSA3CR0=) stopped vehicle Sarka 120 (id=FFA416F7AE42630A1DA88B912999EB51 pos=<1394.94, 177.27, 7670.73>)
11:26:47.459 [VehicleLeave] Player "Bad Boy" (id=7EOOpe6Cv8QB45p22zWB29TPheQCYualmurDzSA3CR0=) left vehicle Sarka 120 (id=FFA416F7AE42630A1DA88B912999EB51 pos=<1394.94, 177.27, 7670.72>)
11:33:33.040 [AI Object Patrol 00137] Despawning 1 West bots (spawn position <1541.232910, 276.760925, 9817.720703>, 0/1 deceased)
11:33:33.051 [AI Object Patrol 00137] Global patrol count: 0
11:33:33.060 [AI Object Patrol 00137] ContaminatedArea category patrol count: 0
12:02:09.498 [VehicleEnter] Player "Bad Boy" (id=7EOOpe6Cv8QB45p22zWB29TPheQCYualmurDzSA3CR0=) entered vehicle Sarka 120 (id=FFA416F7AE42630A1DA88B912999EB51 pos=<1394.95, 177.27, 7670.7>) as driver
12:02:12.997 [VehicleEngine] Player "Bad Boy" (id=7EOOpe6Cv8QB45p22zWB29TPheQCYualmurDzSA3CR0=) started vehicle Sarka 120 (id=FFA416F7AE42630A1DA88B912999EB51 pos=<1394.97, 177.27, 7670.67>)
12:05:33.560 [VehicleEngine] Player "NULL" (id=NULL) stopped vehicle Sarka 120 (id=FFA416F7AE42630A1DA88B912999EB51 pos=<1471, 273.24, 9752.24>)
12:05:33.583 [VehicleLeave] Player "Bad Boy" (id=7EOOpe6Cv8QB45p22zWB29TPheQCYualmurDzSA3CR0=) left vehicle Sarka 120 (id=FFA416F7AE42630A1DA88B912999EB51 pos=<1471, 273.24, 9752.24>)
12:06:45.890 [VehicleEnter] Player "Bad Boy" (id=7EOOpe6Cv8QB45p22zWB29TPheQCYualmurDzSA3CR0=) entered vehicle Sarka 120 (id=FFA416F7AE42630A1DA88B912999EB51 pos=<1471, 273.24, 9752.24>) as driver
12:06:49.445 [VehicleEngine] Player "Bad Boy" (id=7EOOpe6Cv8QB45p22zWB29TPheQCYualmurDzSA3CR0=) started vehicle Sarka 120 (id=FFA416F7AE42630A1DA88B912999EB51 pos=<1471.01, 273.24, 9752.24>)
12:08:30.165 [AI Object Patrol 00015] Spawning 2 West bots at <3739.671631, 242.795731, 10243.091797>
12:08:30.196 [AI Object Patrol 00015] Global patrol count: 1
12:08:30.207 [AI Object Patrol 00015] ContaminatedArea category patrol count: 1
12:08:46.945 [AI Object Patrol 00014] Spawning 1 West bots at <4072.424805, 238.160004, 10292.984375>
12:08:46.975 [AI Object Patrol 00014] Global patrol count: 2
12:08:46.985 [AI Object Patrol 00014] ContaminatedArea category patrol count: 2
12:09:56.020 [VehicleEngine] Player "NULL" (id=NULL) stopped vehicle Sarka 120 (id=FFA416F7AE42630A1DA88B912999EB51 pos=<3862.28, 235.03, 10015.5>)
12:09:56.057 [VehicleLeave] Player "Bad Boy" (id=7EOOpe6Cv8QB45p22zWB29TPheQCYualmurDzSA3CR0=) left vehicle Sarka 120 (id=FFA416F7AE42630A1DA88B912999EB51 pos=<3862.28, 235.03, 10015.5>)
12:20:21.715 [AI Object Patrol 00014] Despawning 1 West bots (spawn position <4072.424805, 238.160004, 10292.984375>, 0/1 deceased)
12:20:21.726 [AI Object Patrol 00014] Global patrol count: 1
12:20:21.738 [AI Object Patrol 00014] ContaminatedArea category patrol count: 1
12:20:21.749 [AI Object Patrol 00015] Despawning 2 West bots (spawn position <3739.671631, 242.795731, 10243.091797>, 0/2 deceased)
12:20:21.760 [AI Object Patrol 00015] Global patrol count: 0
12:20:21.770 [AI Object Patrol 00015] ContaminatedArea category patrol count: 0
12:26:32.993 [AI Object Patrol 00013] Spawning 2 West bots at <4407.820313, 233.831146, 10428.618164>
12:26:33.024 [AI Object Patrol 00013] Global patrol count: 1
12:26:33.034 [AI Object Patrol 00013] ContaminatedArea category patrol count: 1
12:36:42.687 [BaseBuildingRaiding] ------------------------- Expansion Base Raiding Damage Report -------------------------
12:36:42.698 [BaseBuildingRaiding] Player "Snake" (id=0nsyEhm9INQy3se8y-fXlbMHVv4YsIXloUCLC2unDyo= pos=<8333.95, 323.95, 1655.69>) damaged ExpansionWall6x3 at <8340.5, 322.45, 1650.21>
12:36:42.707 [BaseBuildingRaiding] They dealt 70 * 1 = 70 damage with Bullet_556x45 from M16A2
12:36:42.718 [BaseBuildingRaiding] GlobalHealth hitpoints decreased from 26117.3 to 26047.3
12:36:42.729 [BaseBuildingRaiding] ----------------------------------------------------------------------------------------
12:36:44.206 [BaseBuildingRaiding] ------------------------- Expansion Base Raiding Damage Report -------------------------
12:36:44.215 [BaseBuildingRaiding] Player "Snake" (id=0nsyEhm9INQy3se8y-fXlbMHVv4YsIXloUCLC2unDyo= pos=<8334.84, 323.53, 1653.69>) damaged ExpansionWall6x3 at <8336.47, 322.44, 1645.77>
12:36:44.225 [BaseBuildingRaiding] They dealt 70 * 1 = 70 damage with Bullet_556x45 from M16A2
12:36:44.235 [BaseBuildingRaiding] GlobalHealth hitpoints decreased from 29552.3 to 29482.3
12:36:44.245 [BaseBuildingRaiding] ----------------------------------------------------------------------------------------
12:47:03.438 [AI Object Patrol 00013] West bots were wiped out (spawn position <4407.820313, 233.831146, 10428.618164>, 2/2 deceased)
12:47:03.449 [AI Object Patrol 00013] Global patrol count: 0
12:47:03.459 [AI Object Patrol 00013] ContaminatedArea category patrol count: 0
12:54:33.307 [BaseBuildingRaiding] ------------------------- Expansion Base Raiding Damage Report -------------------------
12:54:33.317 [BaseBuildingRaiding] Player "Snake" (id=0nsyEhm9INQy3se8y-fXlbMHVv4YsIXloUCLC2unDyo= pos=<8338.85, 331.7, 1635.13>) damaged ExpansionWall6x3 at <8332.43, 332.45, 1641.33>
12:54:33.327 [BaseBuildingRaiding] They dealt 70 * 1 = 70 damage with Bullet_556x45 from Aug
12:54:33.337 [BaseBuildingRaiding] GlobalHealth hitpoints decreased from 30000 to 29930
12:54:33.347 [BaseBuildingRaiding] ----------------------------------------------------------------------------------------
13:04:17.954 [AI Object Patrol 00167] Spawning 1 West bots at <6036.300781, 390.486023, 4123.165039>
13:04:17.982 [AI Object Patrol 00167] Global patrol count: 1
13:04:17.993 [AI Object Patrol 00167] ContaminatedArea category patrol count: 1
13:17:37.716 [AI Object Patrol 00167] Despawning 1 West bots (spawn position <6036.300781, 390.486023, 4123.165039>, 0/1 deceased)
13:17:37.731 [AI Object Patrol 00167] Global patrol count: 0
13:17:37.743 [AI Object Patrol 00167] ContaminatedArea category patrol count: 0
13:36:53.085 [Chat - Global]("Snake"(id=0nsyEhm9INQy3se8y-fXlbMHVv4YsIXloUCLC2unDyo=)): yo
13:49:04.438 [AI Object Patrol 00174] Spawning 2 East bots at <9665.356445, 419.017273, 1000.322815>
13:49:04.462 [AI Object Patrol 00174] Global patrol count: 1
13:49:04.472 [AI Object Patrol 00174] HelicopterWreck category patrol count: 1
13:49:07.034 [VehicleEnter] Player "Snake" (id=0nsyEhm9INQy3se8y-fXlbMHVv4YsIXloUCLC2unDyo=) entered vehicle Gyrocopter (id=961DFC0DD54BCF458A74E6A5EF960114 pos=<8340.55, 334.75, 1640.67>) as pilot
13:49:08.556 [VehicleEngine] Player "Snake" (id=0nsyEhm9INQy3se8y-fXlbMHVv4YsIXloUCLC2unDyo=) started vehicle Gyrocopter (id=961DFC0DD54BCF458A74E6A5EF960114 pos=<8340.55, 334.75, 1640.67>)
13:49:31.353 [Chat - Global]("PoiiZoner3"(id=cZC_vl4onJwtCEZaOtA89yPcwyGnN7Qy01WI28TQhbU=)): God you scared the piss out of me
13:49:53.269 [Chat - Global]("Snake"(id=0nsyEhm9INQy3se8y-fXlbMHVv4YsIXloUCLC2unDyo=)): oh lmao you nearby?
13:49:57.508 [Chat - Global]("PoiiZoner3"(id=cZC_vl4onJwtCEZaOtA89yPcwyGnN7Qy01WI28TQhbU=)): I heard engine noise and thought it was the patrol
13:50:00.171 [Chat - Global]("PoiiZoner3"(id=cZC_vl4onJwtCEZaOtA89yPcwyGnN7Qy01WI28TQhbU=)): Yes
13:50:03.142 [Chat - Global]("Snake"(id=0nsyEhm9INQy3se8y-fXlbMHVv4YsIXloUCLC2unDyo=)): loool
13:50:48.999 [VehicleEngine] Player "NULL" (id=NULL) stopped vehicle Gyrocopter (id=961DFC0DD54BCF458A74E6A5EF960114 pos=<8340.54, 334.75, 1640.83>)
13:50:49.042 [VehicleLeave] Player "Snake" (id=0nsyEhm9INQy3se8y-fXlbMHVv4YsIXloUCLC2unDyo=) left vehicle Gyrocopter (id=961DFC0DD54BCF458A74E6A5EF960114 pos=<8340.54, 334.75, 1640.83>)
13:50:51.098 [Chat - Global]("PoiiZoner3"(id=cZC_vl4onJwtCEZaOtA89yPcwyGnN7Qy01WI28TQhbU=)): I'm in a clearing straight East of you
13:51:05.026 [VehicleEnter] Player "Snake" (id=0nsyEhm9INQy3se8y-fXlbMHVv4YsIXloUCLC2unDyo=) entered vehicle Gyrocopter (id=961DFC0DD54BCF458A74E6A5EF960114 pos=<8340.54, 334.75, 1640.89>) as pilot
13:51:16.329 [Chat - Global]("PoiiZoner3"(id=cZC_vl4onJwtCEZaOtA89yPcwyGnN7Qy01WI28TQhbU=)): I'll start heading there
13:51:23.412 [Chat - Global]("Snake"(id=0nsyEhm9INQy3se8y-fXlbMHVv4YsIXloUCLC2unDyo=)): im at the base, i gotta meeting but right after we can trade
13:51:28.720 [VehicleLeave] Player "Snake" (id=0nsyEhm9INQy3se8y-fXlbMHVv4YsIXloUCLC2unDyo=) left vehicle Gyrocopter (id=961DFC0DD54BCF458A74E6A5EF960114 pos=<8340.53, 334.75, 1640.94>)
13:51:48.810 [Chat - Global]("PoiiZoner3"(id=cZC_vl4onJwtCEZaOtA89yPcwyGnN7Qy01WI28TQhbU=)): I'll go check that Convoy spawn South then like I planned to
13:52:15.412 [Chat - Global]("Snake"(id=0nsyEhm9INQy3se8y-fXlbMHVv4YsIXloUCLC2unDyo=)): sg man
13:59:48.992 [AI Object Patrol 00174] Despawning 2 East bots (spawn position <9665.356445, 419.017273, 1000.322815>, 0/2 deceased)
13:59:49.001 [AI Object Patrol 00174] Global patrol count: 0
13:59:49.011 [AI Object Patrol 00174] HelicopterWreck category patrol count: 0
14:05:35.938 [Chat - Global]("Snake"(id=0nsyEhm9INQy3se8y-fXlbMHVv4YsIXloUCLC2unDyo=)): i hear you i think
14:06:24.392 [Chat - Global]("PoiiZoner3"(id=cZC_vl4onJwtCEZaOtA89yPcwyGnN7Qy01WI28TQhbU=)): No chance
14:06:33.787 [Chat - Global]("PoiiZoner3"(id=cZC_vl4onJwtCEZaOtA89yPcwyGnN7Qy01WI28TQhbU=)): I can't even hear me
14:07:25.653 [Chat - Global]("Snake"(id=0nsyEhm9INQy3se8y-fXlbMHVv4YsIXloUCLC2unDyo=)): in meeting, ill let you in bro, choose a gun
14:07:35.730 [Chat - Global]("PoiiZoner3"(id=cZC_vl4onJwtCEZaOtA89yPcwyGnN7Qy01WI28TQhbU=)): Thank God, cold as hell out here
14:08:28.176 [Chat - Global]("Snake"(id=0nsyEhm9INQy3se8y-fXlbMHVv4YsIXloUCLC2unDyo=)): tyt
14:08:37.270 [Chat - Global]("Snake"(id=0nsyEhm9INQy3se8y-fXlbMHVv4YsIXloUCLC2unDyo=)): ill be a bit afk
14:21:34.429 [Chat - Global]("PoiiZoner3"(id=cZC_vl4onJwtCEZaOtA89yPcwyGnN7Qy01WI28TQhbU=)): I've got to do something so I'll be AFK also, doubt you want me logging here. I took the AUG even though it's green, hopefully I can get a black one sometime.
14:21:40.073 [Chat - Global]("Snake"(id=0nsyEhm9INQy3se8y-fXlbMHVv4YsIXloUCLC2unDyo=)): np man
14:21:48.696 [Chat - Global]("Snake"(id=0nsyEhm9INQy3se8y-fXlbMHVv4YsIXloUCLC2unDyo=)): do ur thing ill b here
14:29:28.399 [AI Object Patrol 00189] Spawning 2 West bots at <8915.535156, 440.364105, 2191.003662>
14:29:28.438 [AI Object Patrol 00189] Global patrol count: 1
14:29:28.449 [AI Object Patrol 00189] ContaminatedArea category patrol count: 1
14:38:06.596 [Chat - Global]("Snake"(id=0nsyEhm9INQy3se8y-fXlbMHVv4YsIXloUCLC2unDyo=)): bacc
14:40:45.012 [Chat - Global]("PoiiZoner3"(id=cZC_vl4onJwtCEZaOtA89yPcwyGnN7Qy01WI28TQhbU=)): I've got a small break to give you these meds then I need to log
14:40:58.823 [Chat - Global]("Snake"(id=0nsyEhm9INQy3se8y-fXlbMHVv4YsIXloUCLC2unDyo=)): here is good
14:41:16.265 [Chat - Global]("Snake"(id=0nsyEhm9INQy3se8y-fXlbMHVv4YsIXloUCLC2unDyo=)): ty brother, enjoy the gun!
14:42:04.391 [Chat - Global]("Snake"(id=0nsyEhm9INQy3se8y-fXlbMHVv4YsIXloUCLC2unDyo=)): grab some ammo
14:42:42.006 [Chat - Global]("Snake"(id=0nsyEhm9INQy3se8y-fXlbMHVv4YsIXloUCLC2unDyo=)): grab like 100 rounds or so
15:05:58.167 [AI Object Patrol 00189] Despawning 2 West bots (spawn position <8915.535156, 440.364105, 2191.003662>, 0/2 deceased)
15:05:58.178 [AI Object Patrol 00189] Global patrol count: 0
15:05:58.191 [AI Object Patrol 00189] ContaminatedArea category patrol count: 0
