11:25:05.256 [Expansion Quests] Initialize quest system on the connected client with UID=0nsyEhm9INQy3se8y-fXlbMHVv4YsIXloUCLC2unDyo=
11:25:05.625 [Expansion Quests] Created new persistent player quest data for player UID=0nsyEhm9INQy3se8y-fXlbMHVv4YsIXloUCLC2unDyo=
11:25:05.635 [Expansion Quests] Quest with ID=1 is not a a valid achievement or auto start quest. Skip quest for player with UID=0nsyEhm9INQy3se8y-fXlbMHVv4YsIXloUCLC2unDyo=
11:25:05.644 [Expansion Quests] Quest with ID=2 is not a a valid achievement or auto start quest. Skip quest for player with UID=0nsyEhm9INQy3se8y-fXlbMHVv4YsIXloUCLC2unDyo=
11:25:05.654 [Expansion Quests] Quest with ID=3 is not a a valid achievement or auto start quest. Skip quest for player with UID=0nsyEhm9INQy3se8y-fXlbMHVv4YsIXloUCLC2unDyo=
11:25:05.663 [Expansion Quests] Quest with ID=4 is not a a valid achievement or auto start quest. Skip quest for player with UID=0nsyEhm9INQy3se8y-fXlbMHVv4YsIXloUCLC2unDyo=
11:25:05.673 [Expansion Quests] Quest with ID=5 is not a a valid achievement or auto start quest. Skip quest for player with UID=0nsyEhm9INQy3se8y-fXlbMHVv4YsIXloUCLC2unDyo=
11:25:05.683 [Expansion Quests] Quest with ID=6 is not a a valid achievement or auto start quest. Skip quest for player with UID=0nsyEhm9INQy3se8y-fXlbMHVv4YsIXloUCLC2unDyo=
11:25:05.693 [Expansion Quests] Quest with ID=7 is not a a valid achievement or auto start quest. Skip quest for player with UID=0nsyEhm9INQy3se8y-fXlbMHVv4YsIXloUCLC2unDyo=
11:25:05.702 [Expansion Quests] Create new achievement/auto-start quest for quest ID=8 for player with UID=0nsyEhm9INQy3se8y-fXlbMHVv4YsIXloUCLC2unDyo=
11:25:05.712 [Expansion Quests] Added new objective data for type=TARGET | Key= | ID=3
11:25:05.721 [Expansion Quests] Updated and saved persistent player quest data for player with UID=0nsyEhm9INQy3se8y-fXlbMHVv4YsIXloUCLC2unDyo= | Quest ID=8
11:25:05.731 [Expansion Quests] Create new achievement/auto-start quest for quest ID=9 for player with UID=0nsyEhm9INQy3se8y-fXlbMHVv4YsIXloUCLC2unDyo=
11:25:05.741 [Expansion Quests] Added new objective data for type=TARGET | Key= | ID=2
11:25:05.751 [Expansion Quests] Updated and saved persistent player quest data for player with UID=0nsyEhm9INQy3se8y-fXlbMHVv4YsIXloUCLC2unDyo= | Quest ID=9
11:25:05.760 [Expansion Quests] Quest with ID=10 is not a a valid achievement or auto start quest. Skip quest for player with UID=0nsyEhm9INQy3se8y-fXlbMHVv4YsIXloUCLC2unDyo=
11:25:05.770 [Expansion Quests] Create new achievement/auto-start quest for quest ID=11 for player with UID=0nsyEhm9INQy3se8y-fXlbMHVv4YsIXloUCLC2unDyo=
11:25:05.780 [Expansion Quests] Added new objective data for type=ACTION | Key= | ID=1
11:25:05.790 [Expansion Quests] Updated and saved persistent player quest data for player with UID=0nsyEhm9INQy3se8y-fXlbMHVv4YsIXloUCLC2unDyo= | Quest ID=11
11:25:05.799 [Expansion Quests] Quest with ID=12 is not a a valid achievement or auto start quest. Skip quest for player with UID=0nsyEhm9INQy3se8y-fXlbMHVv4YsIXloUCLC2unDyo=
11:25:05.809 [Expansion Quests] Quest with ID=13 is not a a valid achievement or auto start quest. Skip quest for player with UID=0nsyEhm9INQy3se8y-fXlbMHVv4YsIXloUCLC2unDyo=
11:25:05.819 [Expansion Quests] Create new achievement/auto-start quest for quest ID=14 for player with UID=0nsyEhm9INQy3se8y-fXlbMHVv4YsIXloUCLC2unDyo=
11:25:05.832 [Expansion Quests] Added new objective data for type=TRAVEL | Key= | ID=3
11:25:05.842 [Expansion Quests] Updated and saved persistent player quest data for player with UID=0nsyEhm9INQy3se8y-fXlbMHVv4YsIXloUCLC2unDyo= | Quest ID=14
11:25:05.852 [Expansion Quests] Quest with ID=15 is not a a valid achievement or auto start quest. Skip quest for player with UID=0nsyEhm9INQy3se8y-fXlbMHVv4YsIXloUCLC2unDyo=
11:25:05.862 [Expansion Quests] Quest with ID=16 is not a a valid achievement or auto start quest. Skip quest for player with UID=0nsyEhm9INQy3se8y-fXlbMHVv4YsIXloUCLC2unDyo=
11:25:05.872 [Expansion Quests] Quest with ID=17 is not a a valid achievement or auto start quest. Skip quest for player with UID=0nsyEhm9INQy3se8y-fXlbMHVv4YsIXloUCLC2unDyo=
11:25:05.882 [Expansion Quests] Quest with ID=18 is not a a valid achievement or auto start quest. Skip quest for player with UID=0nsyEhm9INQy3se8y-fXlbMHVv4YsIXloUCLC2unDyo=
11:25:05.891 [Expansion Quests] Quest with ID=19 is not a a valid achievement or auto start quest. Skip quest for player with UID=0nsyEhm9INQy3se8y-fXlbMHVv4YsIXloUCLC2unDyo=
11:25:05.901 [Expansion Quests] Quest with ID=20 is not a a valid achievement or auto start quest. Skip quest for player with UID=0nsyEhm9INQy3se8y-fXlbMHVv4YsIXloUCLC2unDyo=
11:25:05.910 [Expansion Quests] Quest with ID=21 is not a a valid achievement or auto start quest. Skip quest for player with UID=0nsyEhm9INQy3se8y-fXlbMHVv4YsIXloUCLC2unDyo=
11:25:05.919 [Expansion Quests] Quest with ID=22 is not a a valid achievement or auto start quest. Skip quest for player with UID=0nsyEhm9INQy3se8y-fXlbMHVv4YsIXloUCLC2unDyo=
11:25:05.929 [Expansion Quests] Quest with ID=23 is not a a valid achievement or auto start quest. Skip quest for player with UID=0nsyEhm9INQy3se8y-fXlbMHVv4YsIXloUCLC2unDyo=
11:25:05.939 [Expansion Quests] Quest with ID=24 is not a a valid achievement or auto start quest. Skip quest for player with UID=0nsyEhm9INQy3se8y-fXlbMHVv4YsIXloUCLC2unDyo=
11:25:06.013 [Expansion Quests] Sending 0nsyEhm9INQy3se8y-fXlbMHVv4YsIXloUCLC2unDyo= quest configs to client for player with UID=0nsyEhm9INQy3se8y-fXlbMHVv4YsIXloUCLC2unDyo=
11:25:06.023 [Expansion Quests] Sending player quest data for 4 quests to player with UID=0nsyEhm9INQy3se8y-fXlbMHVv4YsIXloUCLC2unDyo=
11:25:06.101 [Expansion Quests] Added new objective data for type=TRAVEL | Key= | ID=3
11:25:06.173 [Expansion Quests] Updated and saved persistent player quest data for player with UID=0nsyEhm9INQy3se8y-fXlbMHVv4YsIXloUCLC2unDyo= | Quest ID=14
11:25:06.183 [Expansion Quests] Player with UID=0nsyEhm9INQy3se8y-fXlbMHVv4YsIXloUCLC2unDyo= has completed quest with ID=14
11:25:06.255 [Expansion Quests] Updated and saved persistent player quest data for player with UID=0nsyEhm9INQy3se8y-fXlbMHVv4YsIXloUCLC2unDyo= | Quest ID=14
11:25:06.264 [AI Patrol 00016] Spawning 3 East bots at <7703.869141, 296.748840, 2731.981445>
11:25:14.487 [AI Patrol 00016] Global patrol count: 1
11:25:14.496 [AI Patrol 00016] Patrol category patrol count: 1
11:25:14.506 [AI Patrol 00017] Spawning 1 West bots at <7314.387695, 287.384521, 2617.549561>
11:25:14.540 [AI Patrol 00017] Global patrol count: 2
11:25:14.551 [AI Patrol 00017] Patrol category patrol count: 2
11:26:15.437 [MissionAirdrop] An airdrop is heading towards "Brena" (pos=<6692.000000, 0.000000, 11442.000000> type=Random_Brena) with a ExpansionAirdropContainer_Medical
11:28:31.533 [Expansion Quests] Deleted quest with ID=8 is a of player with UID=0nsyEhm9INQy3se8y-fXlbMHVv4YsIXloUCLC2unDyo=.
11:28:31.643 [Expansion Quests] Deleted quest with ID=9 is a of player with UID=0nsyEhm9INQy3se8y-fXlbMHVv4YsIXloUCLC2unDyo=.
11:28:31.759 [Expansion Quests] Deleted quest with ID=11 is a of player with UID=0nsyEhm9INQy3se8y-fXlbMHVv4YsIXloUCLC2unDyo=.
11:34:53.134 [Killfeed] AI Judy (West) got killed by AI Boris (East) with LAR from a distance of 2 m.
11:34:56.354 [AI Patrol 00017] West bots were wiped out (spawn position <7314.387695, 287.384521, 2617.549561>, 1/1 deceased)
11:34:56.365 [AI Patrol 00017] Global patrol count: 1
11:34:56.375 [AI Patrol 00017] Patrol category patrol count: 1
11:43:09.151 [Expansion Quests] Initialize quest system on the connected client with UID=0nsyEhm9INQy3se8y-fXlbMHVv4YsIXloUCLC2unDyo=
11:43:09.616 [Expansion Quests] Loaded existing player quest data for player with UID=0nsyEhm9INQy3se8y-fXlbMHVv4YsIXloUCLC2unDyo=
11:43:09.626 [Expansion Quests] Check quest initialization for quest with ID=8 | State=STARTED | Player UID=0nsyEhm9INQy3se8y-fXlbMHVv4YsIXloUCLC2unDyo=
11:43:09.636 [Expansion Quests] Create new quest instance for quest with ID=8 | Player UID=0nsyEhm9INQy3se8y-fXlbMHVv4YsIXloUCLC2unDyo=
11:43:09.646 [Expansion Quests] Check quest initialization for quest with ID=9 | State=STARTED | Player UID=0nsyEhm9INQy3se8y-fXlbMHVv4YsIXloUCLC2unDyo=
11:43:09.655 [Expansion Quests] Create new quest instance for quest with ID=9 | Player UID=0nsyEhm9INQy3se8y-fXlbMHVv4YsIXloUCLC2unDyo=
11:43:09.665 [Expansion Quests] Check quest initialization for quest with ID=11 | State=STARTED | Player UID=0nsyEhm9INQy3se8y-fXlbMHVv4YsIXloUCLC2unDyo=
11:43:09.675 [Expansion Quests] Create new quest instance for quest with ID=11 | Player UID=0nsyEhm9INQy3se8y-fXlbMHVv4YsIXloUCLC2unDyo=
11:43:09.685 [Expansion Quests] Check quest initialization for quest with ID=14 | State=COMPLETED | Player UID=0nsyEhm9INQy3se8y-fXlbMHVv4YsIXloUCLC2unDyo=
11:43:09.695 [Expansion Quests] Quest with ID=1 is not a a valid achievement or auto start quest. Skip quest for player with UID=0nsyEhm9INQy3se8y-fXlbMHVv4YsIXloUCLC2unDyo=
11:43:09.705 [Expansion Quests] Quest with ID=2 is not a a valid achievement or auto start quest. Skip quest for player with UID=0nsyEhm9INQy3se8y-fXlbMHVv4YsIXloUCLC2unDyo=
11:43:09.715 [Expansion Quests] Quest with ID=3 is not a a valid achievement or auto start quest. Skip quest for player with UID=0nsyEhm9INQy3se8y-fXlbMHVv4YsIXloUCLC2unDyo=
11:43:09.724 [Expansion Quests] Quest with ID=4 is not a a valid achievement or auto start quest. Skip quest for player with UID=0nsyEhm9INQy3se8y-fXlbMHVv4YsIXloUCLC2unDyo=
11:43:09.734 [Expansion Quests] Quest with ID=5 is not a a valid achievement or auto start quest. Skip quest for player with UID=0nsyEhm9INQy3se8y-fXlbMHVv4YsIXloUCLC2unDyo=
11:43:09.743 [Expansion Quests] Quest with ID=6 is not a a valid achievement or auto start quest. Skip quest for player with UID=0nsyEhm9INQy3se8y-fXlbMHVv4YsIXloUCLC2unDyo=
11:43:09.753 [Expansion Quests] Quest with ID=7 is not a a valid achievement or auto start quest. Skip quest for player with UID=0nsyEhm9INQy3se8y-fXlbMHVv4YsIXloUCLC2unDyo=
11:43:09.762 [Expansion Quests] Quest with ID=10 is not a a valid achievement or auto start quest. Skip quest for player with UID=0nsyEhm9INQy3se8y-fXlbMHVv4YsIXloUCLC2unDyo=
11:43:09.772 [Expansion Quests] Quest with ID=12 is not a a valid achievement or auto start quest. Skip quest for player with UID=0nsyEhm9INQy3se8y-fXlbMHVv4YsIXloUCLC2unDyo=
11:43:09.781 [Expansion Quests] Quest with ID=13 is not a a valid achievement or auto start quest. Skip quest for player with UID=0nsyEhm9INQy3se8y-fXlbMHVv4YsIXloUCLC2unDyo=
11:43:09.791 [Expansion Quests] Quest with ID=15 is not a a valid achievement or auto start quest. Skip quest for player with UID=0nsyEhm9INQy3se8y-fXlbMHVv4YsIXloUCLC2unDyo=
11:43:09.800 [Expansion Quests] Quest with ID=16 is not a a valid achievement or auto start quest. Skip quest for player with UID=0nsyEhm9INQy3se8y-fXlbMHVv4YsIXloUCLC2unDyo=
11:43:09.810 [Expansion Quests] Quest with ID=17 is not a a valid achievement or auto start quest. Skip quest for player with UID=0nsyEhm9INQy3se8y-fXlbMHVv4YsIXloUCLC2unDyo=
11:43:09.819 [Expansion Quests] Quest with ID=18 is not a a valid achievement or auto start quest. Skip quest for player with UID=0nsyEhm9INQy3se8y-fXlbMHVv4YsIXloUCLC2unDyo=
11:43:09.829 [Expansion Quests] Quest with ID=19 is not a a valid achievement or auto start quest. Skip quest for player with UID=0nsyEhm9INQy3se8y-fXlbMHVv4YsIXloUCLC2unDyo=
11:43:09.839 [Expansion Quests] Quest with ID=20 is not a a valid achievement or auto start quest. Skip quest for player with UID=0nsyEhm9INQy3se8y-fXlbMHVv4YsIXloUCLC2unDyo=
11:43:09.848 [Expansion Quests] Quest with ID=21 is not a a valid achievement or auto start quest. Skip quest for player with UID=0nsyEhm9INQy3se8y-fXlbMHVv4YsIXloUCLC2unDyo=
11:43:09.858 [Expansion Quests] Quest with ID=22 is not a a valid achievement or auto start quest. Skip quest for player with UID=0nsyEhm9INQy3se8y-fXlbMHVv4YsIXloUCLC2unDyo=
11:43:09.867 [Expansion Quests] Quest with ID=23 is not a a valid achievement or auto start quest. Skip quest for player with UID=0nsyEhm9INQy3se8y-fXlbMHVv4YsIXloUCLC2unDyo=
11:43:09.877 [Expansion Quests] Quest with ID=24 is not a a valid achievement or auto start quest. Skip quest for player with UID=0nsyEhm9INQy3se8y-fXlbMHVv4YsIXloUCLC2unDyo=
11:43:09.949 [Expansion Quests] Sending 0nsyEhm9INQy3se8y-fXlbMHVv4YsIXloUCLC2unDyo= quest configs to client for player with UID=0nsyEhm9INQy3se8y-fXlbMHVv4YsIXloUCLC2unDyo=
11:43:09.959 [Expansion Quests] Sending player quest data for 4 quests to player with UID=0nsyEhm9INQy3se8y-fXlbMHVv4YsIXloUCLC2unDyo=
12:29:39.916 [Party] Player "PoiiZoner3" (id=cZC_vl4onJwtCEZaOtA89yPcwyGnN7Qy01WI28TQhbU=) joined the party "Dragon Shadowed" (id=4 ownerUID=cZC_vl4onJwtCEZaOtA89yPcwyGnN7Qy01WI28TQhbU= ownerName=PoiiZoner3)
12:29:39.933 [Expansion Quests] Initialize quest system on the connected client with UID=cZC_vl4onJwtCEZaOtA89yPcwyGnN7Qy01WI28TQhbU=
12:29:40.319 [Expansion Quests] Created new persistent player quest data for player UID=cZC_vl4onJwtCEZaOtA89yPcwyGnN7Qy01WI28TQhbU=
12:29:40.330 [Expansion Quests] Created new persistent group quest data for group with ID=4
12:29:40.344 [Expansion Quests] Quest with ID=1 is not a a valid achievement or auto start quest. Skip quest for player with UID=cZC_vl4onJwtCEZaOtA89yPcwyGnN7Qy01WI28TQhbU=
12:29:40.354 [Expansion Quests] Quest with ID=2 is not a a valid achievement or auto start quest. Skip quest for player with UID=cZC_vl4onJwtCEZaOtA89yPcwyGnN7Qy01WI28TQhbU=
12:29:40.364 [Expansion Quests] Quest with ID=3 is not a a valid achievement or auto start quest. Skip quest for player with UID=cZC_vl4onJwtCEZaOtA89yPcwyGnN7Qy01WI28TQhbU=
12:29:40.374 [Expansion Quests] Quest with ID=4 is not a a valid achievement or auto start quest. Skip quest for player with UID=cZC_vl4onJwtCEZaOtA89yPcwyGnN7Qy01WI28TQhbU=
12:29:40.383 [Expansion Quests] Quest with ID=5 is not a a valid achievement or auto start quest. Skip quest for player with UID=cZC_vl4onJwtCEZaOtA89yPcwyGnN7Qy01WI28TQhbU=
12:29:40.393 [Expansion Quests] Quest with ID=6 is not a a valid achievement or auto start quest. Skip quest for player with UID=cZC_vl4onJwtCEZaOtA89yPcwyGnN7Qy01WI28TQhbU=
12:29:40.403 [Expansion Quests] Quest with ID=7 is not a a valid achievement or auto start quest. Skip quest for player with UID=cZC_vl4onJwtCEZaOtA89yPcwyGnN7Qy01WI28TQhbU=
12:29:40.413 [Expansion Quests] Create new achievement/auto-start quest for quest ID=8 for player with UID=cZC_vl4onJwtCEZaOtA89yPcwyGnN7Qy01WI28TQhbU=
12:29:40.424 [Expansion Quests] Added new objective data for type=TARGET | Key= | ID=3
12:29:40.434 [Expansion Quests] Updated and saved persistent player quest data for player with UID=cZC_vl4onJwtCEZaOtA89yPcwyGnN7Qy01WI28TQhbU= | Quest ID=8
12:29:40.444 [Expansion Quests] Create new achievement/auto-start quest for quest ID=9 for player with UID=cZC_vl4onJwtCEZaOtA89yPcwyGnN7Qy01WI28TQhbU=
12:29:40.455 [Expansion Quests] Added new objective data for type=TARGET | Key= | ID=2
12:29:40.465 [Expansion Quests] Updated and saved persistent player quest data for player with UID=cZC_vl4onJwtCEZaOtA89yPcwyGnN7Qy01WI28TQhbU= | Quest ID=9
12:29:40.475 [Expansion Quests] Quest with ID=10 is not a a valid achievement or auto start quest. Skip quest for player with UID=cZC_vl4onJwtCEZaOtA89yPcwyGnN7Qy01WI28TQhbU=
12:29:40.485 [Expansion Quests] Create new achievement/auto-start quest for quest ID=11 for player with UID=cZC_vl4onJwtCEZaOtA89yPcwyGnN7Qy01WI28TQhbU=
12:29:40.496 [Expansion Quests] Added new objective data for type=ACTION | Key= | ID=1
12:29:40.506 [Expansion Quests] Updated and saved persistent player quest data for player with UID=cZC_vl4onJwtCEZaOtA89yPcwyGnN7Qy01WI28TQhbU= | Quest ID=11
12:29:40.516 [Expansion Quests] Quest with ID=12 is not a a valid achievement or auto start quest. Skip quest for player with UID=cZC_vl4onJwtCEZaOtA89yPcwyGnN7Qy01WI28TQhbU=
12:29:40.526 [Expansion Quests] Quest with ID=13 is not a a valid achievement or auto start quest. Skip quest for player with UID=cZC_vl4onJwtCEZaOtA89yPcwyGnN7Qy01WI28TQhbU=
12:29:40.536 [Expansion Quests] Create new achievement/auto-start quest for quest ID=14 for player with UID=cZC_vl4onJwtCEZaOtA89yPcwyGnN7Qy01WI28TQhbU=
12:29:40.548 [Expansion Quests] Added new objective data for type=TRAVEL | Key= | ID=3
12:29:40.558 [Expansion Quests] Updated and saved persistent player quest data for player with UID=cZC_vl4onJwtCEZaOtA89yPcwyGnN7Qy01WI28TQhbU= | Quest ID=14
12:29:40.568 [Expansion Quests] Quest with ID=15 is not a a valid achievement or auto start quest. Skip quest for player with UID=cZC_vl4onJwtCEZaOtA89yPcwyGnN7Qy01WI28TQhbU=
12:29:40.578 [Expansion Quests] Quest with ID=16 is not a a valid achievement or auto start quest. Skip quest for player with UID=cZC_vl4onJwtCEZaOtA89yPcwyGnN7Qy01WI28TQhbU=
12:29:40.587 [Expansion Quests] Quest with ID=17 is not a a valid achievement or auto start quest. Skip quest for player with UID=cZC_vl4onJwtCEZaOtA89yPcwyGnN7Qy01WI28TQhbU=
12:29:40.597 [Expansion Quests] Quest with ID=18 is not a a valid achievement or auto start quest. Skip quest for player with UID=cZC_vl4onJwtCEZaOtA89yPcwyGnN7Qy01WI28TQhbU=
12:29:40.607 [Expansion Quests] Quest with ID=19 is not a a valid achievement or auto start quest. Skip quest for player with UID=cZC_vl4onJwtCEZaOtA89yPcwyGnN7Qy01WI28TQhbU=
12:29:40.616 [Expansion Quests] Quest with ID=20 is not a a valid achievement or auto start quest. Skip quest for player with UID=cZC_vl4onJwtCEZaOtA89yPcwyGnN7Qy01WI28TQhbU=
12:29:40.626 [Expansion Quests] Quest with ID=21 is not a a valid achievement or auto start quest. Skip quest for player with UID=cZC_vl4onJwtCEZaOtA89yPcwyGnN7Qy01WI28TQhbU=
12:29:40.636 [Expansion Quests] Quest with ID=22 is not a a valid achievement or auto start quest. Skip quest for player with UID=cZC_vl4onJwtCEZaOtA89yPcwyGnN7Qy01WI28TQhbU=
12:29:40.646 [Expansion Quests] Quest with ID=23 is not a a valid achievement or auto start quest. Skip quest for player with UID=cZC_vl4onJwtCEZaOtA89yPcwyGnN7Qy01WI28TQhbU=
12:29:40.659 [Expansion Quests] Quest with ID=24 is not a a valid achievement or auto start quest. Skip quest for player with UID=cZC_vl4onJwtCEZaOtA89yPcwyGnN7Qy01WI28TQhbU=
12:29:40.741 [Expansion Quests] Sending cZC_vl4onJwtCEZaOtA89yPcwyGnN7Qy01WI28TQhbU= quest configs to client for player with UID=cZC_vl4onJwtCEZaOtA89yPcwyGnN7Qy01WI28TQhbU=
12:29:40.751 [Expansion Quests] Sending player quest data for 4 quests to player with UID=cZC_vl4onJwtCEZaOtA89yPcwyGnN7Qy01WI28TQhbU=
12:29:40.835 [Expansion Quests] Added new objective data for type=TRAVEL | Key= | ID=3
12:29:40.914 [Expansion Quests] Updated and saved persistent player quest data for player with UID=cZC_vl4onJwtCEZaOtA89yPcwyGnN7Qy01WI28TQhbU= | Quest ID=14
12:29:40.924 [Expansion Quests] Player with UID=cZC_vl4onJwtCEZaOtA89yPcwyGnN7Qy01WI28TQhbU= has completed quest with ID=14
12:29:41.000 [Expansion Quests] Updated and saved persistent player quest data for player with UID=cZC_vl4onJwtCEZaOtA89yPcwyGnN7Qy01WI28TQhbU= | Quest ID=14
12:29:41.016 [AI Object Patrol 00038] Spawning 3 West bots at <5901.131836, 406.648407, 3591.580811>
12:29:41.054 [AI Object Patrol 00038] Global patrol count: 2
12:29:41.065 [AI Object Patrol 00038] HelicopterWreck category patrol count: 1
12:29:41.075 [AI Object Patrol 00035] Spawning 3 West bots at <6096.268555, 389.120270, 4049.977295>
12:29:41.112 [AI Object Patrol 00035] Global patrol count: 3
12:29:41.122 [AI Object Patrol 00035] ContaminatedArea category patrol count: 1
12:29:41.133 [AI Patrol 00018] Spawning 2 Civilian bots at <6980.886719, 307.424744, 3288.047607>
12:29:41.165 [AI Patrol 00018] Global patrol count: 4
12:29:41.175 [AI Patrol 00018] Patrol category patrol count: 2
12:29:42.000 [Expansion Quests] - LoadGroupQuestData - Got cached group quest data for group with ID=4
12:37:13.164 [Killfeed] AI Frida (West) got killed by [Drago] PoiiZoner3 with Barret M82A1 from a distance of 584 m.
12:37:20.419 [Killfeed] AI Cyril (West) got killed by [Drago] PoiiZoner3 with Barret M82A1 from a distance of 584 m.
12:38:08.178 [Killfeed] AI Eva (West) got killed by [Drago] PoiiZoner3 with Barret M82A1 from a distance of 428 m.
12:38:08.499 [AI Object Patrol 00038] West bots were wiped out (spawn position <5901.131836, 406.648407, 3591.580811>, 3/3 deceased)
12:38:08.509 [AI Object Patrol 00038] Global patrol count: 3
12:38:08.519 [AI Object Patrol 00038] HelicopterWreck category patrol count: 0
12:39:56.323 [Chat - Global]("snake"(id=0nsyEhm9INQy3se8y-fXlbMHVv4YsIXloUCLC2unDyo=)): yo poii
12:40:21.114 [Chat - Global]("snake"(id=0nsyEhm9INQy3se8y-fXlbMHVv4YsIXloUCLC2unDyo=)): autorun kwy is z, thats fing with me, ima restart in favor of num +
12:53:03.619 [AI Object Patrol 00035] Despawning 3 West bots (spawn position <6096.268555, 389.120270, 4049.977295>, 0/3 deceased)
12:53:03.629 [AI Object Patrol 00035] Global patrol count: 2
12:53:03.639 [AI Object Patrol 00035] ContaminatedArea category patrol count: 0
12:56:29.007 [AI Object Patrol 00040] Spawning 3 East bots at <4726.370605, 427.707855, 3234.711670>
12:56:29.052 [AI Object Patrol 00040] Global patrol count: 3
12:56:29.062 [AI Object Patrol 00040] HelicopterWreck category patrol count: 1
13:00:54.152 [AI Object Patrol 00048] Spawning 2 West bots at <8927.900391, 431.791595, 1918.758667>
13:00:54.185 [AI Object Patrol 00048] Global patrol count: 4
13:00:54.195 [AI Object Patrol 00048] ContaminatedArea category patrol count: 1
13:02:24.061 [AI Object Patrol 00040] Despawning 3 East bots (spawn position <4726.370605, 427.707855, 3234.711670>, 0/3 deceased)
13:02:24.071 [AI Object Patrol 00040] Global patrol count: 3
13:02:24.080 [AI Object Patrol 00040] HelicopterWreck category patrol count: 0
13:12:33.151 [BaseBuildingRaiding] ------------------------- Expansion Base Raiding Damage Report -------------------------
13:12:33.166 [BaseBuildingRaiding] Player "PoiiZoner3" (id=cZC_vl4onJwtCEZaOtA89yPcwyGnN7Qy01WI28TQhbU= pos=<6465.36, 392.78, 3783.46>) damaged ExpansionWall6x3 at <6482.25, 392.74, 3782.11>
13:12:33.180 [BaseBuildingRaiding] They dealt 160 * 1 = 160 damage with Bullet_308Win from Snafu_ScarH_Black_GUN
13:12:33.190 [BaseBuildingRaiding] GlobalHealth hitpoints decreased from 30000 to 29840
13:12:33.200 [BaseBuildingRaiding] ----------------------------------------------------------------------------------------
13:14:03.164 [Killfeed] AI Keiko (West) got beaten to a pulp by AI Baty (Shamans) with bare hands.
13:16:57.146 [Killfeed] AI Baty (Shamans) got killed by AI Naomi (West) with Pickaxe.
13:25:00.425 [Killfeed] AI Manua (Shamans) got killed by AI Mirek (West) with M4-A1 from a distance of 8 m.
13:31:42.002 [Killfeed] AI Denis (East) got beaten to a pulp by AI Naomi (West) with bare hands.
13:34:25.192 [VehicleDestroyed] Boat_01_Orange (id=B3859DF1F54F54AFF68399BD5F1BEE22 pos=<1210.2, 169.83, 7597.36>)
13:35:37.492 [Killfeed] AI Naomi (West) got killed by AI Helga (East) with LAR from a distance of 24 m.
13:36:15.243 [VehicleDestroyed] Boat_01_Blue (id=7CBB17C3B342BFB6CCFC14B4061B27F3 pos=<3247.33, 169.76, 8945.26>)
13:37:24.878 [AI Object Patrol 00048] Despawning 2 West bots (spawn position <8927.900391, 431.791595, 1918.758667>, 0/2 deceased)
13:37:24.888 [AI Object Patrol 00048] Global patrol count: 2
13:37:24.898 [AI Object Patrol 00048] ContaminatedArea category patrol count: 0
13:39:58.081 [Killfeed] AI Helga (East) got killed by AI Lewis (West) with AUR AX from a distance of 10 m.
13:40:34.228 [Expansion Quests] Deleted quest with ID=8 is a of player with UID=0nsyEhm9INQy3se8y-fXlbMHVv4YsIXloUCLC2unDyo=.
13:40:34.246 [Expansion Quests] Deleted quest with ID=9 is a of player with UID=0nsyEhm9INQy3se8y-fXlbMHVv4YsIXloUCLC2unDyo=.
13:40:34.264 [Expansion Quests] Deleted quest with ID=11 is a of player with UID=0nsyEhm9INQy3se8y-fXlbMHVv4YsIXloUCLC2unDyo=.
13:40:41.380 [VehicleDeleted] Boat_01_Orange (id=B3859DF1F54F54AFF68399BD5F1BEE22 pos=<1210.25, 168.99, 7597.35>)
13:42:33.033 [VehicleDeleted] Boat_01_Blue (id=7CBB17C3B342BFB6CCFC14B4061B27F3 pos=<3247.36, 169.48, 8945.24>)
13:43:23.909 [Party] Player "PoiiZoner3" (id=cZC_vl4onJwtCEZaOtA89yPcwyGnN7Qy01WI28TQhbU=) left the party "Dragon Shadowed" (id=4 ownerUID=cZC_vl4onJwtCEZaOtA89yPcwyGnN7Qy01WI28TQhbU= ownerName=PoiiZoner3)
13:43:23.919 [Expansion Quests] Deleted quest with ID=8 is a of player with UID=cZC_vl4onJwtCEZaOtA89yPcwyGnN7Qy01WI28TQhbU=.
13:43:23.928 [Expansion Quests] Deleted quest with ID=9 is a of player with UID=cZC_vl4onJwtCEZaOtA89yPcwyGnN7Qy01WI28TQhbU=.
13:43:23.938 [Expansion Quests] Deleted quest with ID=11 is a of player with UID=cZC_vl4onJwtCEZaOtA89yPcwyGnN7Qy01WI28TQhbU=.
13:43:29.098 [AI Object Patrol 00038] Despawning West patrol (spawn position <5922.033691, 404.716705, 3576.076660>)
13:53:21.668 [AI Patrol 00018] Despawning 2 Civilian bots (spawn position <6980.886719, 307.424744, 3288.047607>, 0/2 deceased)
13:53:21.697 [AI Patrol 00018] Global patrol count: 1
13:53:21.725 [AI Patrol 00018] Patrol category patrol count: 1
14:09:30.297 [MissionAirdrop] An airdrop is heading towards "Nadbor" (pos=<5996.000000, 0.000000, 4513.000000> type=Random_Nadbor) with a ExpansionAirdropContainer_Medical
