21:35:26.068 [SpawnSelection] Player "Snake" (id=0nsyEhm9INQy3se8y-fXlbMHVv4YsIXloUCLC2unDyo=) spawned at <7322.479980, 289.510010, 2843.719971>
21:35:26.081 [AI Patrol 00016] Spawning 3 East bots at <7668.982910, 296.750000, 2712.366455>
21:35:34.463 [AI Patrol 00016] Global patrol count: 1
21:35:34.473 [AI Patrol 00016] Patrol category patrol count: 1
21:35:34.482 [AI Patrol 00017] Spawning 3 West bots at <7435.714355, 324.264008, 2684.975586>
21:35:34.510 [AI Patrol 00017] Global patrol count: 2
21:35:34.521 [AI Patrol 00017] Patrol category patrol count: 2
21:36:03.594 [AI Patrol 00017] West bots were wiped out (spawn position <7435.714355, 324.264008, 2684.975586>, 3/3 deceased)
21:36:03.674 [AI Patrol 00017] Global patrol count: 1
21:36:03.754 [AI Patrol 00017] Patrol category patrol count: 1
21:42:59.335 [AI Patrol 00016] East bots were wiped out (spawn position <7668.982910, 296.750000, 2712.366455>, 3/3 deceased)
21:42:59.489 [AI Patrol 00016] Global patrol count: 0
21:42:59.645 [AI Patrol 00016] Patrol category patrol count: 0
21:44:25.183 [SpawnSelection] Player "Snake" (id=0nsyEhm9INQy3se8y-fXlbMHVv4YsIXloUCLC2unDyo=) spawned at <7341.450195, 318.128998, 2470.919922>
21:47:17.927 [AI Object Patrol 00003] Spawning 3 East bots at <8286.099609, 308.262299, 1193.081299>
21:47:17.959 [AI Object Patrol 00003] Global patrol count: 1
21:47:17.969 [AI Object Patrol 00003] HelicopterWreck category patrol count: 1
21:53:03.887 [BaseBuildingRaiding] ------------------------- Expansion Base Raiding Damage Report -------------------------
21:53:03.904 [BaseBuildingRaiding] Player "Snake" (id=0nsyEhm9INQy3se8y-fXlbMHVv4YsIXloUCLC2unDyo= pos=<8333.71, 322.5, 1636.51>) damaged ExpansionWall6x3 at <8332.64, 322.44, 1637.1>
21:53:03.917 [BaseBuildingRaiding] They dealt 70 * 1 = 70 damage with Bullet_545x39 from AKS74U
21:53:03.927 [BaseBuildingRaiding] GlobalHealth hitpoints decreased from 29567.5 to 29497.5
21:53:03.937 [BaseBuildingRaiding] ----------------------------------------------------------------------------------------
21:58:45.001 [BaseBuildingRaiding] ------------------------- Expansion Base Raiding Damage Report -------------------------
21:58:45.011 [BaseBuildingRaiding] Player "Snake" (id=0nsyEhm9INQy3se8y-fXlbMHVv4YsIXloUCLC2unDyo= pos=<8338.56, 333.09, 1632.56>) damaged ExpansionWall6x3 at <8337.07, 332.76, 1633.06>
21:58:45.020 [BaseBuildingRaiding] They dealt 21 * 1 = 21 damage with Bullet_380 from PP19
21:58:45.030 [BaseBuildingRaiding] GlobalHealth hitpoints decreased from 29840 to 29819
21:58:45.040 [BaseBuildingRaiding] ----------------------------------------------------------------------------------------
22:33:51.366 [AI Object Patrol 00003] Despawning 2 East bots (spawn position <8286.099609, 308.262299, 1193.081299>, 1/3 deceased)
22:33:51.376 [AI Object Patrol 00003] Global patrol count: 0
22:33:51.386 [AI Object Patrol 00003] HelicopterWreck category patrol count: 0
