06:07:26.290 [VehicleDestroyed] ExpansionUh1h (id=DC7B7327E84AB17C736866BEAD530517 pos=<1238.22, 168.47, 7566.29>)
06:07:26.309 [VehicleDestroyed] ExpansionUh1h_Uber (id=5C9C433E9B4F2C59C8A74093D59847EF pos=<7927.29, 169.94, 11833.3>)
06:07:29.901 [VehicleDeleted] ExpansionUh1h (id=F717A162B643F0FF3B9313983DA92457 pos=<1238.22, 168.47, 7566.29>)
06:07:29.912 [VehicleDeleted] ExpansionUh1h_Uber (id=4954E15B654EC881CCF494928F615BAC pos=<7927.29, 169.94, 11833.3>)
06:12:53.873 [MissionAirdrop] An airdrop is heading towards "Zapadlisko" (pos=<8399.000000, 0.000000, 8803.000000> type=Random_Zapadlisko) with a ExpansionAirdropContainer_Basebuilding
07:36:00.283 [MissionAirdrop] An airdrop is heading towards "Muratyn" (pos=<4559.000000, 0.000000, 6852.000000> type=Random_Muratyn) with a ExpansionAirdropContainer
09:02:52.554 [MissionAirdrop] An airdrop is heading towards "Siła Factory" (pos=<7345.830078, 0.000000, 2692.620117> type=Random_Sila) with a ExpansionAirdropContainer
11:09:13.610 [MissionAirdrop] An airdrop is heading towards "Karlin" (pos=<9975.000000, 0.000000, 7242.000000> type=Random_Karlin) with a ExpansionAirdropContainer_Basebuilding
12:37:23.160 [MissionAirdrop] An airdrop is heading towards "Zapadlisko" (pos=<8399.000000, 0.000000, 8803.000000> type=Random_Zapadlisko) with a ExpansionAirdropContainer_Basebuilding
13:10:08.019 [AI Patrol 00016] Spawning 2 East bots at <7395.291016, 300.510010, 2707.924316>
13:10:08.044 [AI Patrol 00016] Global patrol count: 1
13:10:08.053 [AI Patrol 00016] Patrol category patrol count: 1
13:10:08.063 [AI Patrol 00017] Spawning 3 West bots at <7320.500000, 293.260010, 2929.149414>
13:10:08.093 [AI Patrol 00017] Global patrol count: 2
13:10:08.103 [AI Patrol 00017] Patrol category patrol count: 2
13:10:20.958 [AI Object Patrol 00023] Spawning 2 West bots at <8953.760742, 472.777222, 2037.154053>
13:10:20.994 [AI Object Patrol 00023] Global patrol count: 3
13:10:21.005 [AI Object Patrol 00023] ContaminatedArea category patrol count: 1
13:11:49.068 [VehicleDestroyed] ExpansionUh1h_Resistance (id=366849C1FE41A498913967910BECBC7D pos=<1228.07, 169.16, 7566.11>)
13:12:04.523 [VehicleDestroyed] ExpansionUh1h_Medical (id=0585430FD54E9971633513AD48513284 pos=<7925.08, 169.51, 11833.4>)
13:17:59.465 [VehicleDeleted] ExpansionUh1h_Resistance (id=366849C1FE41A498913967910BECBC7D pos=<1230.39, 168.76, 7567.07>)
13:18:27.288 [VehicleDeleted] ExpansionUh1h_Medical (id=0585430FD54E9971633513AD48513284 pos=<7927.13, 169.99, 11832.9>)
13:20:43.171 [VehicleDestroyed] ExpansionUh1h_Resistance (id=DB0FCA1AEF482C4095A750AA691A5C3D pos=<1228.13, 169.15, 7566.13>)
13:21:01.665 [VehicleDestroyed] ExpansionUh1h (id=43044045504A97CFE565DAAB01C2D8C0 pos=<7924.97, 169.47, 11833.5>)
13:24:01.887 [AI Object Patrol 00023] Despawning 2 West bots (spawn position <8953.760742, 472.777222, 2037.154053>, 0/2 deceased)
13:24:01.903 [AI Object Patrol 00023] Global patrol count: 2
13:24:01.916 [AI Object Patrol 00023] ContaminatedArea category patrol count: 0
14:03:22.258 [MissionAirdrop] An airdrop is heading towards "Karlin" (pos=<9975.000000, 0.000000, 7242.000000> type=Random_Karlin) with a ExpansionAirdropContainer_Basebuilding
14:27:46.686 [VehicleDestroyed] Boat_01_Blue (id=4F289F33254EAD09356C8A925BB35FA8 pos=<2564.48, 170.29, 8135.37>)
15:03:17.160 [AI Patrol 00016] East bots were wiped out (spawn position <7395.291016, 300.510010, 2707.924316>, 2/2 deceased)
15:03:17.170 [AI Patrol 00016] Global patrol count: 1
15:03:17.180 [AI Patrol 00016] Patrol category patrol count: 1
15:13:12.499 [AI Patrol 00017] Despawning 3 West bots (spawn position <7320.500000, 293.260010, 2929.149414>, 0/3 deceased)
15:13:12.581 [AI Patrol 00017] Global patrol count: 0
15:13:12.686 [AI Patrol 00017] Patrol category patrol count: 0
15:30:15.714 [MissionAirdrop] An airdrop is heading towards "NWAF" (pos=<3478.000000, 0.000000, 10130.000000> type=Random_NWAF) with a ExpansionAirdropContainer
16:58:39.547 [MissionAirdrop] An airdrop is heading towards "Dolnik" (pos=<11491.000000, 0.000000, 763.000000> type=Random_Dolnik) with a ExpansionAirdropContainer_Basebuilding
17:17:02.687 [VehicleDeleted] ExpansionUh1h_Resistance (id=DB0FCA1AEF482C4095A750AA691A5C3D pos=<1236.87, 168.36, 7566.93>)
17:17:30.667 [VehicleDeleted] ExpansionUh1h (id=43044045504A97CFE565DAAB01C2D8C0 pos=<7924.46, 169.44, 11833.2>)
17:19:45.474 [VehicleDestroyed] ExpansionUh1h_Uber (id=74AD9D46154FB74EEDFEFF9E9A4E2D61 pos=<1228.17, 169.14, 7566.18>)
17:20:06.018 [VehicleDestroyed] ExpansionUh1h_Medical (id=1E6B22FBE148A11EA2F58AAADCF0E06A pos=<7925.23, 169.55, 11833.3>)
17:20:45.720 [VehicleDeleted] Boat_01_Blue (id=4F289F33254EAD09356C8A925BB35FA8 pos=<2564.47, 170.29, 8135.37>)
17:25:54.328 [VehicleDeleted] ExpansionUh1h_Uber (id=74AD9D46154FB74EEDFEFF9E9A4E2D61 pos=<1230.58, 168.76, 7566.99>)
17:26:22.063 [VehicleDeleted] ExpansionUh1h_Medical (id=1E6B22FBE148A11EA2F58AAADCF0E06A pos=<7927.2, 169.95, 11833.1>)
17:28:36.278 [VehicleDestroyed] ExpansionUh1h_Resistance (id=104B419C4B48109224DE8195CA41B9E9 pos=<1228.14, 169.12, 7566.27>)
17:28:45.021 [VehicleDestroyed] ExpansionUh1h_Resistance (id=A96246EDC14D39F9AAA87BAB196EB976 pos=<7924.82, 169.29, 11834.1>)
17:34:47.043 [VehicleDeleted] ExpansionUh1h_Resistance (id=104B419C4B48109224DE8195CA41B9E9 pos=<1230.45, 168.72, 7567.18>)
17:35:14.807 [VehicleDeleted] ExpansionUh1h_Resistance (id=A96246EDC14D39F9AAA87BAB196EB976 pos=<7923.92, 168.82, 11835.5>)
17:37:29.489 [VehicleDestroyed] ExpansionUh1h_Uber (id=4F831ECDE84CB67069315DA6AA3D4628 pos=<1228.18, 169.13, 7566.19>)
17:37:42.785 [VehicleDestroyed] ExpansionUh1h_Resistance (id=D87C605A9B416766CAA585B80D9EDD1D pos=<7924.78, 169.35, 11833.7>)
18:29:53.473 [MissionAirdrop] An airdrop is heading towards "Dolnik" (pos=<11491.000000, 0.000000, 763.000000> type=Random_Dolnik) with a ExpansionAirdropContainer_Basebuilding
20:00:02.041 [MissionAirdrop] An airdrop is heading towards "Radunin" (pos=<7209.000000, 0.000000, 6073.000000> type=Random_Radunin) with a ExpansionAirdropContainer_Military
21:04:23.785 [Party] Player "Dan" (id=J3DN6WXzRjVAt4j_gUAEgL4v34hqtXpOtTWQ5nCMCS0=) joined the party "Dragon Unyielding" (id=7 ownerUID=J3DN6WXzRjVAt4j_gUAEgL4v34hqtXpOtTWQ5nCMCS0= ownerName=Dan)
21:07:27.833 [VehicleDeleted] ExpansionUh1h_Uber (id=4F831ECDE84CB67069315DA6AA3D4628 pos=<1235.16, 168.51, 7566.79>)
21:07:55.663 [VehicleDeleted] ExpansionUh1h_Resistance (id=D87C605A9B416766CAA585B80D9EDD1D pos=<7928.25, 169.04, 11839.1>)
21:10:09.505 [VehicleDestroyed] ExpansionUh1h_Uber (id=E14B9136C942130AE91D7F843604733A pos=<1228.14, 169.12, 7566.26>)
21:10:24.094 [VehicleDestroyed] ExpansionUh1h_Uber (id=FD89CA952B48040F0CE1419D8E3B9A87 pos=<7925.18, 169.42, 11833.8>)
21:11:48.119 [SpawnSelection] Player "Zack" (id=ymR0LZAVmEEfC-wGl_qJImwPiPpOIi9x3Ra9ckmpvls=) spawned at <3296.479980, 486.945007, 2029.209961>
21:16:20.771 [VehicleDeleted] ExpansionUh1h_Uber (id=E14B9136C942130AE91D7F843604733A pos=<1230.38, 168.72, 7567.21>)
21:16:48.510 [VehicleDeleted] ExpansionUh1h_Uber (id=FD89CA952B48040F0CE1419D8E3B9A87 pos=<7925.37, 169.04, 11835.7>)
21:19:03.702 [VehicleDestroyed] ExpansionUh1h (id=262A8EF4E147008293453A904FCD1981 pos=<1228.17, 169.13, 7566.19>)
21:19:20.472 [VehicleDestroyed] ExpansionUh1h_Resistance (id=266F86A0564FB3872DB235B6E6250518 pos=<7924.6, 169.37, 11833.5>)
21:25:02.953 [MissionAirdrop] An airdrop is heading towards "Kolembrody" (pos=<8676.000000, 0.000000, 12114.000000> type=Random_Kolembrody) with a ExpansionAirdropContainer_Basebuilding
21:25:13.021 [VehicleDeleted] ExpansionUh1h (id=262A8EF4E147008293453A904FCD1981 pos=<1230.54, 168.73, 7567.13>)
21:25:40.792 [VehicleDeleted] ExpansionUh1h_Resistance (id=266F86A0564FB3872DB235B6E6250518 pos=<7924.45, 169.32, 11833.6>)
21:27:56.704 [VehicleDestroyed] ExpansionUh1h_Resistance (id=418C8253F44E440235EBFF904C8E3FD3 pos=<1228.07, 169.16, 7566.12>)
21:28:09.579 [VehicleDestroyed] ExpansionUh1h_Uber (id=FD2DD564294B660D918C67B44D65D784 pos=<7924.94, 169.42, 11833.7>)
21:34:05.868 [VehicleDeleted] ExpansionUh1h_Resistance (id=418C8253F44E440235EBFF904C8E3FD3 pos=<1230.51, 168.75, 7567.06>)
21:34:33.810 [VehicleDeleted] ExpansionUh1h_Uber (id=FD2DD564294B660D918C67B44D65D784 pos=<7924.22, 169.21, 11834>)
21:36:48.998 [VehicleDestroyed] ExpansionUh1h_Medical (id=900E1C80494BBDD12D3B62946BE30AC4 pos=<1228.15, 169.12, 7566.27>)
21:37:06.796 [VehicleDestroyed] ExpansionUh1h_Medical (id=7C98727F2342FBCB0E7EB7B3A76CE181 pos=<7925.13, 169.52, 11833.4>)
21:41:08.233 [Party] Player "Dan" (id=J3DN6WXzRjVAt4j_gUAEgL4v34hqtXpOtTWQ5nCMCS0=) left the party "Dragon Unyielding" (id=7 ownerUID=J3DN6WXzRjVAt4j_gUAEgL4v34hqtXpOtTWQ5nCMCS0= ownerName=Dan)
21:42:59.060 [VehicleDeleted] ExpansionUh1h_Medical (id=900E1C80494BBDD12D3B62946BE30AC4 pos=<1230.47, 168.74, 7567.1>)
21:43:27.313 [VehicleDeleted] ExpansionUh1h_Medical (id=7C98727F2342FBCB0E7EB7B3A76CE181 pos=<7927.17, 170, 11832.9>)
21:45:41.691 [VehicleDestroyed] ExpansionUh1h_Uber (id=EBD39FC8784BFEFCF665C09999637655 pos=<1228.14, 169.12, 7566.27>)
21:45:58.788 [VehicleDestroyed] ExpansionUh1h_Resistance (id=4487DE70824ED4B4648094B9AC93D35D pos=<7924.7, 169.38, 11833.6>)
21:51:53.072 [VehicleDeleted] ExpansionUh1h_Uber (id=EBD39FC8784BFEFCF665C09999637655 pos=<1230.33, 168.69, 7567.33>)
21:57:52.973 [Party] Player "Dan" (id=J3DN6WXzRjVAt4j_gUAEgL4v34hqtXpOtTWQ5nCMCS0=) joined the party "Dragon Unyielding" (id=7 ownerUID=J3DN6WXzRjVAt4j_gUAEgL4v34hqtXpOtTWQ5nCMCS0= ownerName=Dan)
21:57:53.372 [AI Object Patrol 00047] Spawning 3 West bots at <7291.653809, 260.958649, 8457.599609>
21:57:53.399 [AI Object Patrol 00047] Global patrol count: 1
21:57:53.410 [AI Object Patrol 00047] HelicopterWreck category patrol count: 1
21:57:55.008 [VehicleDeleted] ExpansionUh1h_Resistance (id=4487DE70824ED4B4648094B9AC93D35D pos=<7924.98, 169.45, 11833.5>)
22:00:10.364 [VehicleDestroyed] ExpansionUh1h_Uber (id=694A3EF4144EC9A6512694B974AE6297 pos=<1228.05, 169.14, 7566.2>)
22:00:27.338 [VehicleDestroyed] ExpansionUh1h_Medical (id=2FDBB597404E0278247430971F30CB0C pos=<7924.61, 169.37, 11833.5>)
22:06:19.551 [VehicleDeleted] ExpansionUh1h_Uber (id=694A3EF4144EC9A6512694B974AE6297 pos=<1230.32, 168.71, 7567.27>)
22:06:23.107 [VehicleEnter] Player "Dan" (id=J3DN6WXzRjVAt4j_gUAEgL4v34hqtXpOtTWQ5nCMCS0=) entered vehicle Mh-6 Little Bird (id=994F5F4FBF433CBFE47A75B67AE1D77F pos=<6574.29, 212.82, 8397.31>) as pilot
22:06:24.557 [VehicleEngine] Player "Dan" (id=J3DN6WXzRjVAt4j_gUAEgL4v34hqtXpOtTWQ5nCMCS0=) started vehicle Mh-6 Little Bird (id=994F5F4FBF433CBFE47A75B67AE1D77F pos=<6574.32, 212.82, 8397.31>)
22:06:30.222 [VehicleEngine] Player "Dan" (id=J3DN6WXzRjVAt4j_gUAEgL4v34hqtXpOtTWQ5nCMCS0=) stopped vehicle Mh-6 Little Bird (id=994F5F4FBF433CBFE47A75B67AE1D77F pos=<6574.43, 212.82, 8397.31>)
22:06:34.643 [VehicleLeave] Player "Dan" (id=J3DN6WXzRjVAt4j_gUAEgL4v34hqtXpOtTWQ5nCMCS0=) left vehicle Mh-6 Little Bird (id=994F5F4FBF433CBFE47A75B67AE1D77F pos=<6574.51, 212.82, 8397.31>)
22:06:47.551 [VehicleDeleted] ExpansionUh1h_Medical (id=2FDBB597404E0278247430971F30CB0C pos=<7924.06, 169.27, 11833.5>)
22:06:58.028 [VehicleEnter] Player "Dan" (id=J3DN6WXzRjVAt4j_gUAEgL4v34hqtXpOtTWQ5nCMCS0=) entered vehicle Mh-6 Little Bird (id=994F5F4FBF433CBFE47A75B67AE1D77F pos=<6574.61, 212.82, 8397.31>) as pilot
22:06:59.885 [VehicleEngine] Player "Dan" (id=J3DN6WXzRjVAt4j_gUAEgL4v34hqtXpOtTWQ5nCMCS0=) started vehicle Mh-6 Little Bird (id=994F5F4FBF433CBFE47A75B67AE1D77F pos=<6574.61, 212.82, 8397.31>)
22:09:03.556 [VehicleDestroyed] ExpansionUh1h_Resistance (id=C24B1D3174498D4A1AFF669C9A6B42CD pos=<1228.18, 169.14, 7566.18>)
22:09:14.960 [VehicleEngine] Player "Dan" (id=J3DN6WXzRjVAt4j_gUAEgL4v34hqtXpOtTWQ5nCMCS0=) stopped vehicle Mh-6 Little Bird (id=994F5F4FBF433CBFE47A75B67AE1D77F pos=<6253.48, 271.63, 6812.07>)
22:09:22.294 [VehicleDestroyed] ExpansionUh1h_Uber (id=ED1931EF824348B43299EEA7A9C02801 pos=<7924.93, 169.47, 11833.5>)
22:09:23.536 [VehicleLeave] Player "Dan" (id=J3DN6WXzRjVAt4j_gUAEgL4v34hqtXpOtTWQ5nCMCS0=) left vehicle Mh-6 Little Bird (id=994F5F4FBF433CBFE47A75B67AE1D77F pos=<6253.45, 271.63, 6812.07>)
22:09:44.283 [AI Object Patrol 00009] Spawning 3 West bots at <7233.794922, 231.610657, 6405.428223>
22:09:44.324 [AI Object Patrol 00009] Global patrol count: 2
22:09:44.333 [AI Object Patrol 00009] ContaminatedArea category patrol count: 1
22:13:18.001 [VehicleEnter] Player "Dan" (id=J3DN6WXzRjVAt4j_gUAEgL4v34hqtXpOtTWQ5nCMCS0=) entered vehicle Sarka 120 (id=631C0F54174F75BE90E27BB109D04367 pos=<6288.18, 272.2, 6841.87>) as driver
22:13:19.793 [VehicleEngine] Player "Dan" (id=J3DN6WXzRjVAt4j_gUAEgL4v34hqtXpOtTWQ5nCMCS0=) started vehicle Sarka 120 (id=631C0F54174F75BE90E27BB109D04367 pos=<6288.18, 272.2, 6841.87>)
22:13:23.810 [VehicleLeave] Player "Dan" (id=J3DN6WXzRjVAt4j_gUAEgL4v34hqtXpOtTWQ5nCMCS0=) left vehicle Sarka 120 (id=631C0F54174F75BE90E27BB109D04367 pos=<6288.18, 272.2, 6841.87>)
22:13:31.472 [VehicleEnter] Player "Dan" (id=J3DN6WXzRjVAt4j_gUAEgL4v34hqtXpOtTWQ5nCMCS0=) entered vehicle Sarka 120 (id=631C0F54174F75BE90E27BB109D04367 pos=<6288.18, 272.2, 6841.87>) as driver
22:13:34.428 [VehicleEngine] Player "Dan" (id=J3DN6WXzRjVAt4j_gUAEgL4v34hqtXpOtTWQ5nCMCS0=) stopped vehicle Sarka 120 (id=631C0F54174F75BE90E27BB109D04367 pos=<6288.18, 272.2, 6841.87>)
22:13:36.697 [VehicleLeave] Player "Dan" (id=J3DN6WXzRjVAt4j_gUAEgL4v34hqtXpOtTWQ5nCMCS0=) left vehicle Sarka 120 (id=631C0F54174F75BE90E27BB109D04367 pos=<6288.18, 272.2, 6841.87>)
22:15:13.852 [VehicleDeleted] ExpansionUh1h_Resistance (id=C24B1D3174498D4A1AFF669C9A6B42CD pos=<1230.58, 168.75, 7567.03>)
22:15:41.759 [VehicleDeleted] ExpansionUh1h_Uber (id=ED1931EF824348B43299EEA7A9C02801 pos=<7924.98, 169.47, 11833.5>)
22:17:47.007 [AI Object Patrol 00047] Despawning 3 West bots (spawn position <7291.653809, 260.958649, 8457.599609>, 0/3 deceased)
22:17:47.201 [AI Object Patrol 00047] Global patrol count: 1
22:17:47.296 [AI Object Patrol 00047] HelicopterWreck category patrol count: 0
22:17:57.245 [VehicleDestroyed] ExpansionUh1h_Uber (id=D512FAA3D84BD66C90E9A9BE826BDE56 pos=<1228.17, 169.1, 7566.34>)
22:18:16.250 [VehicleDestroyed] ExpansionUh1h_Uber (id=B631AEDEED4627475E7DDEBDCE1E2900 pos=<7924.77, 169.42, 11833.5>)
22:22:17.874 [AI Object Patrol 00009] Despawning 3 West bots (spawn position <7233.794922, 231.610657, 6405.428223>, 0/3 deceased)
22:22:17.884 [AI Object Patrol 00009] Global patrol count: 0
22:22:17.893 [AI Object Patrol 00009] ContaminatedArea category patrol count: 0
22:24:07.062 [VehicleDeleted] ExpansionUh1h_Uber (id=D512FAA3D84BD66C90E9A9BE826BDE56 pos=<1230.43, 168.72, 7567.2>)
22:24:10.529 [VehicleEnter] Player "Dan" (id=J3DN6WXzRjVAt4j_gUAEgL4v34hqtXpOtTWQ5nCMCS0=) entered vehicle Mh-6 Little Bird (id=994F5F4FBF433CBFE47A75B67AE1D77F pos=<6253.39, 271.64, 6812.06>) as pilot
22:24:14.343 [VehicleEngine] Player "Dan" (id=J3DN6WXzRjVAt4j_gUAEgL4v34hqtXpOtTWQ5nCMCS0=) started vehicle Mh-6 Little Bird (id=994F5F4FBF433CBFE47A75B67AE1D77F pos=<6253.39, 271.64, 6812.06>)
22:24:35.446 [VehicleDeleted] ExpansionUh1h_Uber (id=B631AEDEED4627475E7DDEBDCE1E2900 pos=<7924.93, 169.46, 11833.5>)
22:26:48.943 [VehicleDestroyed] ExpansionUh1h_Medical (id=ADB52E1758427C3C6A6A39AB2BEFB97D pos=<1228.19, 169.1, 7566.32>)
22:27:02.373 [VehicleDestroyed] ExpansionUh1h_Resistance (id=63AFE2175D4FE9448938DAB2B904D720 pos=<7924.71, 169.26, 11834.1>)
22:30:38.046 [VehicleEngine] Player "Dan" (id=J3DN6WXzRjVAt4j_gUAEgL4v34hqtXpOtTWQ5nCMCS0=) stopped vehicle Mh-6 Little Bird (id=994F5F4FBF433CBFE47A75B67AE1D77F pos=<5358.07, 411.65, 3363.23>)
22:30:53.548 [VehicleLeave] Player "Dan" (id=J3DN6WXzRjVAt4j_gUAEgL4v34hqtXpOtTWQ5nCMCS0=) left vehicle Mh-6 Little Bird (id=994F5F4FBF433CBFE47A75B67AE1D77F pos=<5358.08, 411.67, 3363.41>)
22:32:29.296 [VehicleEnter] Player "Dan" (id=J3DN6WXzRjVAt4j_gUAEgL4v34hqtXpOtTWQ5nCMCS0=) entered vehicle Mh-6 Little Bird (id=994F5F4FBF433CBFE47A75B67AE1D77F pos=<5358.47, 411.7, 3363.65>) as pilot
22:32:31.073 [VehicleEngine] Player "Dan" (id=J3DN6WXzRjVAt4j_gUAEgL4v34hqtXpOtTWQ5nCMCS0=) started vehicle Mh-6 Little Bird (id=994F5F4FBF433CBFE47A75B67AE1D77F pos=<5358.5, 411.7, 3363.65>)
22:32:57.654 [VehicleDeleted] ExpansionUh1h_Medical (id=ADB52E1758427C3C6A6A39AB2BEFB97D pos=<1230.37, 168.7, 7567.29>)
22:33:25.957 [VehicleDeleted] ExpansionUh1h_Resistance (id=63AFE2175D4FE9448938DAB2B904D720 pos=<7924.81, 169.31, 11834>)
22:35:03.121 [AI Object Patrol 00055] Spawning 1 West bots at <7571.827637, 289.455383, 2532.942383>
22:35:03.152 [AI Object Patrol 00055] Global patrol count: 1
22:35:03.163 [AI Object Patrol 00055] ContaminatedArea category patrol count: 1
22:35:11.763 [AI Patrol 00018] Spawning 1 Civilian bots at <7181.740723, 303.188965, 3169.578125>
22:35:11.791 [AI Patrol 00018] Global patrol count: 2
22:35:11.800 [AI Patrol 00018] Patrol category patrol count: 1
22:35:31.340 [Killfeed] [Drago] Dan didn't survive flying their Mh-6 Little Bird.
22:35:40.718 [VehicleDestroyed] ExpansionUh1h_Resistance (id=EE212A1D374E9D3658EFE9BD4DAF2776 pos=<1228.15, 169.12, 7566.26>)
22:35:54.283 [VehicleDestroyed] ExpansionUh1h_Resistance (id=76634D6BE34E9D19FA68069295A21BA2 pos=<7924.63, 169.35, 11833.6>)
22:35:59.065 [Party] Player "Dan" (id=J3DN6WXzRjVAt4j_gUAEgL4v34hqtXpOtTWQ5nCMCS0=) joined the party "Dragon Unyielding" (id=7 ownerUID=J3DN6WXzRjVAt4j_gUAEgL4v34hqtXpOtTWQ5nCMCS0= ownerName=Dan)
22:36:14.573 [SpawnSelection] Player "Dan" (id=J3DN6WXzRjVAt4j_gUAEgL4v34hqtXpOtTWQ5nCMCS0=) spawned at <10221.799805, 242.677994, 2168.860107>
22:38:31.650 [GraveStone] Spawned GraveStone for Survivor at position 0x00000000b626c7c4 {<7743.93,283.53,2348.33>}
22:38:36.652 [VehicleEngine] Player "NULL" (id=NULL) stopped vehicle Mh-6 Little Bird (id=994F5F4FBF433CBFE47A75B67AE1D77F pos=<7743.21, 285.61, 2348.05>)
22:41:50.992 [VehicleDeleted] ExpansionUh1h_Resistance (id=EE212A1D374E9D3658EFE9BD4DAF2776 pos=<1230.43, 168.7, 7567.27>)
22:42:19.095 [VehicleDeleted] ExpansionUh1h_Resistance (id=76634D6BE34E9D19FA68069295A21BA2 pos=<7924.77, 169.38, 11833.7>)
22:44:14.436 [AI Patrol 00018] Civilian bots were wiped out (spawn position <7181.740723, 303.188965, 3169.578125>, 1/1 deceased)
22:44:14.447 [AI Patrol 00018] Global patrol count: 1
22:44:14.457 [AI Patrol 00018] Patrol category patrol count: 0
22:44:33.561 [VehicleDestroyed] ExpansionUh1h_Resistance (id=3A7E79975B4B597CB4886A900F5880AD pos=<1228.16, 169.12, 7566.25>)
22:44:44.880 [VehicleDestroyed] ExpansionUh1h (id=780847F24142BAB5CDC3658F1535368E pos=<7924.67, 169.36, 11833.7>)
22:50:43.349 [VehicleDeleted] ExpansionUh1h_Resistance (id=3A7E79975B4B597CB4886A900F5880AD pos=<1230.39, 168.69, 7567.31>)
22:51:11.155 [VehicleDeleted] ExpansionUh1h (id=780847F24142BAB5CDC3658F1535368E pos=<7924.49, 169.3, 11833.8>)
22:53:10.172 [VehicleEnter] Player "Dan" (id=J3DN6WXzRjVAt4j_gUAEgL4v34hqtXpOtTWQ5nCMCS0=) entered vehicle Mh-6 Little Bird (id=994F5F4FBF433CBFE47A75B67AE1D77F pos=<7743.2, 285.61, 2348.06>) as pilot
22:53:14.971 [VehicleEngine] Player "Dan" (id=J3DN6WXzRjVAt4j_gUAEgL4v34hqtXpOtTWQ5nCMCS0=) started vehicle Mh-6 Little Bird (id=994F5F4FBF433CBFE47A75B67AE1D77F pos=<7743.21, 285.61, 2348.06>)
22:53:27.255 [VehicleDestroyed] ExpansionUh1h_Uber (id=E659C9B39F475543BB89A6A234BD1621 pos=<1228.08, 169.15, 7566.13>)
22:53:40.858 [VehicleEngine] Player "Dan" (id=J3DN6WXzRjVAt4j_gUAEgL4v34hqtXpOtTWQ5nCMCS0=) stopped vehicle Mh-6 Little Bird (id=994F5F4FBF433CBFE47A75B67AE1D77F pos=<7741.53, 282.83, 2349.32>)
22:53:41.399 [VehicleDestroyed] ExpansionUh1h_Uber (id=65D8D54EF746F60C5CD56BB4AAA6973C pos=<7924.99, 169.45, 11833.6>)
22:53:47.323 [MissionAirdrop] An airdrop is heading towards "Muratyn" (pos=<4559.000000, 0.000000, 6852.000000> type=Random_Muratyn) with a ExpansionAirdropContainer
22:55:34.264 [VehicleLeave] Player "Dan" (id=J3DN6WXzRjVAt4j_gUAEgL4v34hqtXpOtTWQ5nCMCS0=) left vehicle Mh-6 Little Bird (id=994F5F4FBF433CBFE47A75B67AE1D77F pos=<7740.47, 282.31, 2347.28>)
22:56:08.040 [VehicleEnter] Player "Dan" (id=J3DN6WXzRjVAt4j_gUAEgL4v34hqtXpOtTWQ5nCMCS0=) entered vehicle Mh-6 Little Bird (id=994F5F4FBF433CBFE47A75B67AE1D77F pos=<7740.4, 282.28, 2347.2>) as pilot
22:56:11.345 [VehicleEngine] Player "Dan" (id=J3DN6WXzRjVAt4j_gUAEgL4v34hqtXpOtTWQ5nCMCS0=) started vehicle Mh-6 Little Bird (id=994F5F4FBF433CBFE47A75B67AE1D77F pos=<7740.44, 282.28, 2347.17>)
22:58:00.495 [AI Object Patrol 00057] Spawning 2 East bots at <6877.838379, 377.578918, 4173.866211>
22:58:00.526 [AI Object Patrol 00057] Global patrol count: 2
22:58:00.536 [AI Object Patrol 00057] HelicopterWreck category patrol count: 1
22:58:05.493 [AI Object Patrol 00055] Despawning 1 West bots (spawn position <7571.827637, 289.455383, 2532.942383>, 0/1 deceased)
22:58:05.503 [AI Object Patrol 00055] Global patrol count: 1
22:58:05.513 [AI Object Patrol 00055] ContaminatedArea category patrol count: 0
22:58:30.020 [AI Object Patrol 00011] Spawning 1 West bots at <7660.562012, 231.113754, 5826.290039>
22:58:30.114 [AI Object Patrol 00011] Global patrol count: 2
22:58:30.192 [AI Object Patrol 00011] ContaminatedArea category patrol count: 1
22:58:33.029 [AI Object Patrol 00010] Spawning 3 West bots at <7912.154785, 253.178329, 5863.913574>
22:58:33.164 [AI Object Patrol 00010] Global patrol count: 3
22:58:33.277 [AI Object Patrol 00010] ContaminatedArea category patrol count: 2
22:58:44.827 [AI Object Patrol 00056] Spawning 3 West bots at <6357.703125, 324.573608, 5413.251953>
22:58:44.861 [AI Object Patrol 00056] Global patrol count: 4
22:58:44.871 [AI Object Patrol 00056] HelicopterWreck category patrol count: 2
22:59:37.499 [VehicleDeleted] ExpansionUh1h_Uber (id=E659C9B39F475543BB89A6A234BD1621 pos=<1230.45, 168.76, 7567.04>)
22:59:51.621 [AI Object Patrol 00060] Spawning 2 West bots at <5486.844727, 282.045135, 7896.458984>
22:59:51.654 [AI Object Patrol 00060] Global patrol count: 5
22:59:51.664 [AI Object Patrol 00060] HelicopterWreck category patrol count: 3
23:00:05.306 [VehicleDeleted] ExpansionUh1h_Uber (id=65D8D54EF746F60C5CD56BB4AAA6973C pos=<7925.6, 169.64, 11833.2>)
23:02:22.512 [VehicleDestroyed] ExpansionUh1h_Resistance (id=41A0F3690E4741105A8C378A4AB7F434 pos=<1228.09, 169.15, 7566.13>)
23:02:35.399 [VehicleDestroyed] ExpansionUh1h (id=C3B93E443F40531F3338FBB204005CFE pos=<7924.47, 169.34, 11833.6>)
23:03:47.140 [VehicleEngine] Player "Dan" (id=J3DN6WXzRjVAt4j_gUAEgL4v34hqtXpOtTWQ5nCMCS0=) stopped vehicle Mh-6 Little Bird (id=994F5F4FBF433CBFE47A75B67AE1D77F pos=<6569.99, 212.8, 8399.59>)
23:03:50.711 [AI Object Patrol 00056] Despawning 3 West bots (spawn position <6357.703125, 324.573608, 5413.251953>, 0/3 deceased)
23:03:50.722 [AI Object Patrol 00056] Global patrol count: 4
23:03:50.731 [AI Object Patrol 00056] HelicopterWreck category patrol count: 2
23:03:50.742 [AI Object Patrol 00057] Despawning 2 East bots (spawn position <6877.838379, 377.578918, 4173.866211>, 0/2 deceased)
23:03:50.751 [AI Object Patrol 00057] Global patrol count: 3
23:03:50.761 [AI Object Patrol 00057] HelicopterWreck category patrol count: 1
23:03:57.930 [VehicleLeave] Player "Dan" (id=J3DN6WXzRjVAt4j_gUAEgL4v34hqtXpOtTWQ5nCMCS0=) left vehicle Mh-6 Little Bird (id=994F5F4FBF433CBFE47A75B67AE1D77F pos=<6570.2, 212.8, 8399.46>)
23:04:49.808 [Party] Player "Dan" (id=J3DN6WXzRjVAt4j_gUAEgL4v34hqtXpOtTWQ5nCMCS0=) left the party "Dragon Unyielding" (id=7 ownerUID=J3DN6WXzRjVAt4j_gUAEgL4v34hqtXpOtTWQ5nCMCS0= ownerName=Dan)
23:08:30.566 [VehicleDeleted] ExpansionUh1h_Resistance (id=41A0F3690E4741105A8C378A4AB7F434 pos=<1230.52, 168.78, 7566.93>)
23:08:58.620 [VehicleDeleted] ExpansionUh1h (id=C3B93E443F40531F3338FBB204005CFE pos=<7923.9, 169.19, 11833.8>)
23:08:58.637 [AI Object Patrol 00060] Despawning 2 West bots (spawn position <5486.844727, 282.045135, 7896.458984>, 0/2 deceased)
23:08:58.648 [AI Object Patrol 00060] Global patrol count: 2
23:08:58.658 [AI Object Patrol 00060] HelicopterWreck category patrol count: 0
23:09:10.690 [AI Object Patrol 00010] Despawning 3 West bots (spawn position <7912.154785, 253.178329, 5863.913574>, 0/3 deceased)
23:09:10.700 [AI Object Patrol 00010] Global patrol count: 1
23:09:10.710 [AI Object Patrol 00010] ContaminatedArea category patrol count: 1
23:09:20.691 [AI Object Patrol 00011] Despawning 1 West bots (spawn position <7660.562012, 231.113754, 5826.290039>, 0/1 deceased)
23:09:20.701 [AI Object Patrol 00011] Global patrol count: 0
23:09:20.711 [AI Object Patrol 00011] ContaminatedArea category patrol count: 0
23:11:11.387 [VehicleDestroyed] ExpansionUh1h_Medical (id=B39A8AC6E14B15C4FFC8E1993673E4D1 pos=<1228.2, 169.09, 7566.34>)
23:11:30.786 [VehicleDestroyed] ExpansionUh1h_Medical (id=DA338C455F465EB3A19CD48FC874D5AC pos=<7925.4, 169.52, 11833.6>)
