22:51:16.562 [AI Patrol 00015] Spawning 3 East bots at <7732.792480, 310.878113, 2980.731201>
22:51:25.045 [AI Patrol 00015] Global patrol count: 1
22:51:25.055 [AI Patrol 00015] Patrol category patrol count: 1
22:51:25.066 [AI Patrol 00016] Spawning 1 West bots at <7577.886230, 310.925964, 2714.212402>
22:51:25.101 [AI Patrol 00016] Global patrol count: 2
22:51:25.111 [AI Patrol 00016] Patrol category patrol count: 2
22:51:25.122 [AI Patrol 00017] Spawning 1 Civilian bots at <6773.270996, 328.542999, 3264.764893>
22:51:25.154 [AI Patrol 00017] Global patrol count: 3
22:51:25.165 [AI Patrol 00017] Patrol category patrol count: 3
22:51:27.509 [AI Patrol 00017] Civilian bots were wiped out (spawn position <6773.270996, 328.542999, 3264.764893>, 1/1 deceased)
22:51:27.520 [AI Patrol 00017] Global patrol count: 2
22:51:27.530 [AI Patrol 00017] Patrol category patrol count: 2
22:52:08.737 [AI Object Patrol 00006] Spawning 2 East bots at <6852.547852, 376.878784, 4175.958008>
22:52:08.934 [AI Object Patrol 00006] Global patrol count: 3
22:52:09.095 [AI Object Patrol 00006] HelicopterWreck category patrol count: 1
22:53:07.855 [AI Object Patrol 00006] East bots were wiped out (spawn position <6852.547852, 376.878784, 4175.958008>, 2/2 deceased)
22:53:07.864 [AI Object Patrol 00006] Global patrol count: 2
22:53:07.874 [AI Object Patrol 00006] HelicopterWreck category patrol count: 0
23:29:08.100 [Chat - Global]("Survivor"(id=wvhHOzdrtpIguVWymckDHtFfQcLi1rp3tRjwamgpvBQ=)): hello!
23:30:13.665 [Chat - Global]("Snake"(id=0nsyEhm9INQy3se8y-fXlbMHVv4YsIXloUCLC2unDyo=)): hi!
23:30:15.012 [Chat - Global]("Snake"(id=0nsyEhm9INQy3se8y-fXlbMHVv4YsIXloUCLC2unDyo=)): welcome
23:30:35.731 [Chat - Global]("Survivor"(id=wvhHOzdrtpIguVWymckDHtFfQcLi1rp3tRjwamgpvBQ=)): what are you up to?
23:30:43.885 [Chat - Global]("Snake"(id=0nsyEhm9INQy3se8y-fXlbMHVv4YsIXloUCLC2unDyo=)): configuring loots for the AIs
23:30:52.495 [Chat - Global]("Snake"(id=0nsyEhm9INQy3se8y-fXlbMHVv4YsIXloUCLC2unDyo=)): hows things with you?
23:31:31.110 [Chat - Global]("Survivor"(id=wvhHOzdrtpIguVWymckDHtFfQcLi1rp3tRjwamgpvBQ=)): nice! pretty good ive been trying to loot military areas since ive joined so i can gear up to fight the AI
23:31:44.294 [Chat - Global]("Snake"(id=0nsyEhm9INQy3se8y-fXlbMHVv4YsIXloUCLC2unDyo=)): swarog is good, and lembork as well
23:42:29.458 [Chat - Global]("Survivor"(id=wvhHOzdrtpIguVWymckDHtFfQcLi1rp3tRjwamgpvBQ=)): are you still down to trade me a electronic repair kit and weapon repair kit for ammo/
23:42:43.513 [Chat - Global]("Snake"(id=0nsyEhm9INQy3se8y-fXlbMHVv4YsIXloUCLC2unDyo=)): yessir
23:43:07.829 [Chat - Global]("Snake"(id=0nsyEhm9INQy3se8y-fXlbMHVv4YsIXloUCLC2unDyo=)): meet where?
23:43:10.242 [Chat - Global]("Survivor"(id=wvhHOzdrtpIguVWymckDHtFfQcLi1rp3tRjwamgpvBQ=)): i dont have a lot, how much do you want?
23:43:24.580 [Chat - Global]("Snake"(id=0nsyEhm9INQy3se8y-fXlbMHVv4YsIXloUCLC2unDyo=)): honestly man, 40 rounds is good
23:43:48.572 [Chat - Global]("Snake"(id=0nsyEhm9INQy3se8y-fXlbMHVv4YsIXloUCLC2unDyo=)): and you need electronic and weapon repairs right
23:43:49.866 [Chat - Global]("Survivor"(id=wvhHOzdrtpIguVWymckDHtFfQcLi1rp3tRjwamgpvBQ=)): ok sweet
23:43:53.298 [Chat - Global]("Survivor"(id=wvhHOzdrtpIguVWymckDHtFfQcLi1rp3tRjwamgpvBQ=)): yes
23:44:35.486 [Chat - Global]("Survivor"(id=wvhHOzdrtpIguVWymckDHtFfQcLi1rp3tRjwamgpvBQ=)): can you meet me at gliniska?
23:44:42.283 [Chat - Global]("Snake"(id=0nsyEhm9INQy3se8y-fXlbMHVv4YsIXloUCLC2unDyo=)): yeah np
23:45:19.820 [Chat - Global]("Survivor"(id=wvhHOzdrtpIguVWymckDHtFfQcLi1rp3tRjwamgpvBQ=)): alright itll take me like 10 mins to get there
23:45:23.900 [Chat - Global]("Survivor"(id=wvhHOzdrtpIguVWymckDHtFfQcLi1rp3tRjwamgpvBQ=)): im at kona caslte rn
23:45:31.277 [Chat - Global]("Snake"(id=0nsyEhm9INQy3se8y-fXlbMHVv4YsIXloUCLC2unDyo=)): i can go there too
23:45:33.129 [Chat - Global]("Snake"(id=0nsyEhm9INQy3se8y-fXlbMHVv4YsIXloUCLC2unDyo=)): ill fly 
23:45:39.372 [Chat - Global]("Survivor"(id=wvhHOzdrtpIguVWymckDHtFfQcLi1rp3tRjwamgpvBQ=)): oh ok sweet lol
23:45:49.082 [Chat - Global]("Survivor"(id=wvhHOzdrtpIguVWymckDHtFfQcLi1rp3tRjwamgpvBQ=)): havent seen a heli yet
23:45:59.977 [VehicleEnter] Player "Snake" (id=0nsyEhm9INQy3se8y-fXlbMHVv4YsIXloUCLC2unDyo=) entered vehicle Gyrocopter (id=A73318A422423DC61AD279805C9DB211 pos=<6859.1, 376.98, 4189.43>) as pilot
23:46:01.734 [Chat - Global]("Survivor"(id=wvhHOzdrtpIguVWymckDHtFfQcLi1rp3tRjwamgpvBQ=)): im from console dayz originally this is the first time ive given pc a shot
23:46:01.775 [VehicleEngine] Player "Snake" (id=0nsyEhm9INQy3se8y-fXlbMHVv4YsIXloUCLC2unDyo=) started vehicle Gyrocopter (id=A73318A422423DC61AD279805C9DB211 pos=<6859.06, 376.98, 4189.43>)
23:46:05.059 [Chat - Global]("Snake"(id=0nsyEhm9INQy3se8y-fXlbMHVv4YsIXloUCLC2unDyo=)): theyre at airport
23:46:10.076 [Chat - Global]("Snake"(id=0nsyEhm9INQy3se8y-fXlbMHVv4YsIXloUCLC2unDyo=)): awesome!
23:46:49.863 [AI Object Patrol 00010] Spawning 1 West bots at <7539.883301, 238.430649, 5893.119141>
23:46:49.894 [AI Object Patrol 00010] Global patrol count: 3
23:46:49.904 [AI Object Patrol 00010] ContaminatedArea category patrol count: 1
23:46:56.157 [AI Object Patrol 00006] Despawning East patrol (spawn position <6875.283203, 377.597900, 4185.989746>)
23:46:59.872 [AI Object Patrol 00007] Spawning 1 West bots at <7637.486816, 239.396225, 6133.309082>
23:46:59.897 [AI Object Patrol 00007] Global patrol count: 4
23:46:59.906 [AI Object Patrol 00007] ContaminatedArea category patrol count: 2
23:49:13.075 [VehicleEngine] Player "NULL" (id=NULL) stopped vehicle Gyrocopter (id=A73318A422423DC61AD279805C9DB211 pos=<5528.61, 307.35, 8721.22>)
23:49:13.117 [VehicleLeave] Player "Snake" (id=0nsyEhm9INQy3se8y-fXlbMHVv4YsIXloUCLC2unDyo=) left vehicle Gyrocopter (id=A73318A422423DC61AD279805C9DB211 pos=<5528.61, 307.35, 8721.22>)
23:49:40.588 [Chat - Global]("Survivor"(id=wvhHOzdrtpIguVWymckDHtFfQcLi1rp3tRjwamgpvBQ=)): nice gear
23:49:45.922 [Chat - Global]("Survivor"(id=wvhHOzdrtpIguVWymckDHtFfQcLi1rp3tRjwamgpvBQ=)): how do i do voice chat
23:52:02.937 [VehicleEnter] Player "Snake" (id=0nsyEhm9INQy3se8y-fXlbMHVv4YsIXloUCLC2unDyo=) entered vehicle Gyrocopter (id=A73318A422423DC61AD279805C9DB211 pos=<5529.17, 307.35, 8721.21>) as pilot
23:52:05.834 [VehicleEngine] Player "Snake" (id=0nsyEhm9INQy3se8y-fXlbMHVv4YsIXloUCLC2unDyo=) started vehicle Gyrocopter (id=A73318A422423DC61AD279805C9DB211 pos=<5529.22, 307.35, 8721.2>)
23:54:32.466 [VehicleEngine] Player "NULL" (id=NULL) stopped vehicle Gyrocopter (id=A73318A422423DC61AD279805C9DB211 pos=<3769.77, 332.71, 10113.6>)
23:54:32.479 [VehicleLeave] Player "Snake" (id=0nsyEhm9INQy3se8y-fXlbMHVv4YsIXloUCLC2unDyo=) left vehicle Gyrocopter (id=A73318A422423DC61AD279805C9DB211 pos=<3769.78, 332.76, 10113.7>)
23:55:30.071 [VehicleDeleted] ExpansionUh1h_Resistance (id=E7D641D25142041EDCA724914FC57B59 pos=<3728.66, 238.12, 10066.4>)
23:55:50.475 [VehicleDeleted] ExpansionGyrocopter (id=A1BAE1D04945CEF880CED09F54724E38 pos=<3710.25, 238.1, 10090.1>)
23:55:53.503 [VehicleDeleted] ExpansionGyrocopter (id=97D0D583C5497A5413660294C565D167 pos=<3717.58, 238.1, 10097.3>)
23:56:08.695 [VehicleEnter] Player "Snake" (id=0nsyEhm9INQy3se8y-fXlbMHVv4YsIXloUCLC2unDyo=) entered vehicle Gyrocopter (id=0C65FE907648AF058A70EC9B7CEF5E8F pos=<3716.72, 238.1, 10097.6>) as pilot
23:56:09.960 [VehicleEngine] Player "Snake" (id=0nsyEhm9INQy3se8y-fXlbMHVv4YsIXloUCLC2unDyo=) started vehicle Gyrocopter (id=0C65FE907648AF058A70EC9B7CEF5E8F pos=<3716.7, 238.1, 10097.6>)
23:56:16.539 [VehicleEngine] Player "NULL" (id=NULL) stopped vehicle Gyrocopter (id=0C65FE907648AF058A70EC9B7CEF5E8F pos=<3716.64, 238.1, 10097.6>)
23:56:16.577 [VehicleLeave] Player "Snake" (id=0nsyEhm9INQy3se8y-fXlbMHVv4YsIXloUCLC2unDyo=) left vehicle Gyrocopter (id=0C65FE907648AF058A70EC9B7CEF5E8F pos=<3716.64, 238.1, 10097.6>)
23:56:27.607 [VehicleDeleted] ExpansionGyrocopter (id=F487F9C1EA457C5946A80EB751ED89F2 pos=<3710.62, 238.1, 10090.5>)
23:56:30.574 [VehicleDeleted] ExpansionGyrocopter (id=0C65FE907648AF058A70EC9B7CEF5E8F pos=<3716.5, 238.1, 10097.6>)
23:56:38.887 [VehicleEnter] Player "Snake" (id=0nsyEhm9INQy3se8y-fXlbMHVv4YsIXloUCLC2unDyo=) entered vehicle Gyrocopter (id=65D7E227C246E23C57AA098C8E2F4E3B pos=<3715.56, 238.1, 10096>) as pilot
23:56:41.180 [VehicleLeave] Player "Snake" (id=0nsyEhm9INQy3se8y-fXlbMHVv4YsIXloUCLC2unDyo=) left vehicle Gyrocopter (id=65D7E227C246E23C57AA098C8E2F4E3B pos=<3715.54, 238.1, 10096>)
23:57:16.284 [VehicleEnter] Player "Snake" (id=0nsyEhm9INQy3se8y-fXlbMHVv4YsIXloUCLC2unDyo=) entered vehicle Merlin (id=9A6C248BCB4C356845FC999CBD1BFF19 pos=<3734.74, 237.8, 10093.3>) as pilot
23:57:18.586 [VehicleLeave] Player "Snake" (id=0nsyEhm9INQy3se8y-fXlbMHVv4YsIXloUCLC2unDyo=) left vehicle Merlin (id=9A6C248BCB4C356845FC999CBD1BFF19 pos=<3734.74, 237.8, 10093.3>)
23:57:33.601 [AI Object Patrol 00010] Despawning 1 West bots (spawn position <7539.883301, 238.430649, 5893.119141>, 0/1 deceased)
23:57:33.611 [AI Object Patrol 00010] Global patrol count: 3
23:57:33.621 [AI Object Patrol 00010] ContaminatedArea category patrol count: 1
23:57:34.457 [AI Object Patrol 00012] Spawning 3 West bots at <4284.510254, 238.160004, 10522.444336>
23:57:34.669 [AI Object Patrol 00012] Global patrol count: 4
23:57:34.838 [AI Object Patrol 00012] ContaminatedArea category patrol count: 2
23:57:44.146 [AI Object Patrol 00007] Despawning 1 West bots (spawn position <7637.486816, 239.396225, 6133.309082>, 0/1 deceased)
23:57:44.157 [AI Object Patrol 00007] Global patrol count: 3
23:57:44.167 [AI Object Patrol 00007] ContaminatedArea category patrol count: 1
23:57:58.574 [AI Object Patrol 00037] Spawning 3 West bots at <7176.176758, 381.007080, 3730.035156>
23:57:58.604 [AI Object Patrol 00037] Global patrol count: 4
23:57:58.613 [AI Object Patrol 00037] HelicopterWreck category patrol count: 1
00:07:54.911 [AI Object Patrol 00012] Despawning 3 West bots (spawn position <4284.510254, 238.160004, 10522.444336>, 0/3 deceased)
00:07:54.920 [AI Object Patrol 00012] Global patrol count: 3
00:07:54.930 [AI Object Patrol 00012] ContaminatedArea category patrol count: 0
00:16:15.234 [Chat - Global]("Survivor"(id=wvhHOzdrtpIguVWymckDHtFfQcLi1rp3tRjwamgpvBQ=)): are the AI in the warzone apart of factions? Or are they all killing each other in a free for all?
00:18:44.147 [VehicleDestroyed] Boat_01_Orange (id=FA3D9F67A145502BA50FFB9A8E8292E6 pos=<6230.6, 169.7, 10769.7>)
00:20:47.395 [Chat - Global]("Snake"(id=0nsyEhm9INQy3se8y-fXlbMHVv4YsIXloUCLC2unDyo=)): theyre part of factions
00:20:50.496 [Chat - Global]("Snake"(id=0nsyEhm9INQy3se8y-fXlbMHVv4YsIXloUCLC2unDyo=)): east vs west
00:21:07.884 [Chat - Global]("Snake"(id=0nsyEhm9INQy3se8y-fXlbMHVv4YsIXloUCLC2unDyo=)): actually i think its east vs some sort of mix between cops/mercenaries
00:21:10.799 [Chat - Global]("Snake"(id=0nsyEhm9INQy3se8y-fXlbMHVv4YsIXloUCLC2unDyo=)): likea a civil war
00:22:31.107 [Chat - Global]("Survivor"(id=wvhHOzdrtpIguVWymckDHtFfQcLi1rp3tRjwamgpvBQ=)): is it possible for them to randomly patrol the map? or are they limited to specific zones?
00:25:13.292 [VehicleDeleted] Boat_01_Orange (id=FA3D9F67A145502BA50FFB9A8E8292E6 pos=<6230.55, 169.36, 10769.7>)
00:28:14.589 [Chat - Global]("Snake"(id=0nsyEhm9INQy3se8y-fXlbMHVv4YsIXloUCLC2unDyo=)): yeah, there are like stragglers around i believe
00:28:17.398 [Chat - Global]("Snake"(id=0nsyEhm9INQy3se8y-fXlbMHVv4YsIXloUCLC2unDyo=)): but theyre kind of rare
00:28:22.693 [Chat - Global]("Snake"(id=0nsyEhm9INQy3se8y-fXlbMHVv4YsIXloUCLC2unDyo=)): they are at heli crashes though
00:29:07.582 [Chat - Global]("Survivor"(id=wvhHOzdrtpIguVWymckDHtFfQcLi1rp3tRjwamgpvBQ=)): sweet... well im gonna log off but ill be back on tmw night after work, thanks for hosting this sweet server
00:29:26.246 [Chat - Global]("Snake"(id=0nsyEhm9INQy3se8y-fXlbMHVv4YsIXloUCLC2unDyo=)): ofc man,, see you tmr!
