21:52:52.938 [AI Patrol 00017] Spawning 3 West bots at <7406.382324, 288.183167, 2577.081299>
21:53:03.689 [AI Patrol 00017] Global patrol count: 1
21:53:03.700 [AI Patrol 00017] Patrol category patrol count: 1
21:53:03.709 [AI Patrol 00016] Spawning 2 East bots at <7415.942383, 294.265442, 2647.430176>
21:53:03.742 [AI Patrol 00016] Global patrol count: 2
21:53:03.752 [AI Patrol 00016] Patrol category patrol count: 2
21:53:40.570 [Chat - Global]("Snake"(id=0nsyEhm9INQy3se8y-fXlbMHVv4YsIXloUCLC2unDyo=)): BE CAREFUL
21:53:43.306 [Chat - Global]("Snake"(id=0nsyEhm9INQy3se8y-fXlbMHVv4YsIXloUCLC2unDyo=)): wolves
21:53:46.644 [Chat - Global]("Saint"(id=f-_TR5GiRJHALUs-Bpx5ZJmLko5lr6ptvdfijtGV8Dw=)): i hear it
21:53:55.979 [Chat - Global]("Snake"(id=0nsyEhm9INQy3se8y-fXlbMHVv4YsIXloUCLC2unDyo=)): you got enough bullets?
21:54:03.579 [Chat - Global]("Saint"(id=f-_TR5GiRJHALUs-Bpx5ZJmLko5lr6ptvdfijtGV8Dw=)): yep
21:54:08.337 [Chat - Global]("Snake"(id=0nsyEhm9INQy3se8y-fXlbMHVv4YsIXloUCLC2unDyo=)): cool man, gl!
21:54:26.295 [Chat - Global]("Saint"(id=f-_TR5GiRJHALUs-Bpx5ZJmLko5lr6ptvdfijtGV8Dw=)): thanks again dude hahaha
21:54:31.457 [Chat - Global]("Snake"(id=0nsyEhm9INQy3se8y-fXlbMHVv4YsIXloUCLC2unDyo=)): yeah it was fun dude
21:54:41.416 [Chat - Global]("Snake"(id=0nsyEhm9INQy3se8y-fXlbMHVv4YsIXloUCLC2unDyo=)): gonna try this respawn now
21:54:41.591 [Chat - Global]("Saint"(id=f-_TR5GiRJHALUs-Bpx5ZJmLko5lr6ptvdfijtGV8Dw=)): gotta do it again sometime
21:56:56.132 [VehicleEnter] Player "Snake" (id=0nsyEhm9INQy3se8y-fXlbMHVv4YsIXloUCLC2unDyo=) entered vehicle UAZ 469 Cargo Roofless (id=878B4C6AEE4146F4FCBF22A711F98754 pos=<7350.62, 287, 2588.89>) as driver
21:57:09.038 [VehicleLeave] Player "Snake" (id=0nsyEhm9INQy3se8y-fXlbMHVv4YsIXloUCLC2unDyo=) left vehicle UAZ 469 Cargo Roofless (id=878B4C6AEE4146F4FCBF22A711F98754 pos=<8329.73, 322.29, 1633.38>)
21:57:57.635 [VehicleEnter] Player "Snake" (id=0nsyEhm9INQy3se8y-fXlbMHVv4YsIXloUCLC2unDyo=) entered vehicle UAZ 469 Cargo Roofless (id=878B4C6AEE4146F4FCBF22A711F98754 pos=<8329.73, 322.29, 1633.38>) as driver
21:58:02.121 [VehicleEngine] Player "Snake" (id=0nsyEhm9INQy3se8y-fXlbMHVv4YsIXloUCLC2unDyo=) started vehicle UAZ 469 Cargo Roofless (id=878B4C6AEE4146F4FCBF22A711F98754 pos=<8329.73, 322.29, 1633.38>)
21:58:16.170 [VehicleEngine] Player "NULL" (id=NULL) stopped vehicle UAZ 469 Cargo Roofless (id=878B4C6AEE4146F4FCBF22A711F98754 pos=<8334.86, 322.47, 1640.79>)
21:58:16.300 [VehicleLeave] Player "Snake" (id=0nsyEhm9INQy3se8y-fXlbMHVv4YsIXloUCLC2unDyo=) left vehicle UAZ 469 Cargo Roofless (id=878B4C6AEE4146F4FCBF22A711F98754 pos=<8334.86, 322.47, 1640.79>)
21:58:23.962 [BaseBuildingRaiding] ------------------------- Expansion Base Raiding Damage Report -------------------------
21:58:23.973 [BaseBuildingRaiding] Player "Snake" (id=0nsyEhm9INQy3se8y-fXlbMHVv4YsIXloUCLC2unDyo= pos=<8336.59, 323.31, 1638.91>) damaged ExpansionWall6x3 at <8332.64, 322.44, 1637.1>
21:58:23.983 [BaseBuildingRaiding] They dealt 143.792 * 1 = 143.792 damage with Bullet_762x54 from SkyFall_AK704
21:58:23.993 [BaseBuildingRaiding] GlobalHealth hitpoints decreased from 29354.7 to 29210.9
21:58:24.003 [BaseBuildingRaiding] ----------------------------------------------------------------------------------------
21:58:27.278 [VehicleEnter] Player "Snake" (id=0nsyEhm9INQy3se8y-fXlbMHVv4YsIXloUCLC2unDyo=) entered vehicle UAZ 469 Cargo Roofless (id=878B4C6AEE4146F4FCBF22A711F98754 pos=<8334.86, 322.47, 1640.79>) as driver
21:58:29.347 [VehicleEngine] Player "Snake" (id=0nsyEhm9INQy3se8y-fXlbMHVv4YsIXloUCLC2unDyo=) started vehicle UAZ 469 Cargo Roofless (id=878B4C6AEE4146F4FCBF22A711F98754 pos=<8334.86, 322.47, 1640.79>)
21:58:36.806 [VehicleEngine] Player "NULL" (id=NULL) stopped vehicle UAZ 469 Cargo Roofless (id=878B4C6AEE4146F4FCBF22A711F98754 pos=<8341.23, 322.58, 1647.03>)
21:58:36.860 [VehicleLeave] Player "Snake" (id=0nsyEhm9INQy3se8y-fXlbMHVv4YsIXloUCLC2unDyo=) left vehicle UAZ 469 Cargo Roofless (id=878B4C6AEE4146F4FCBF22A711F98754 pos=<8341.23, 322.58, 1647.03>)
21:58:42.688 [VehicleEnter] Player "Snake" (id=0nsyEhm9INQy3se8y-fXlbMHVv4YsIXloUCLC2unDyo=) entered vehicle UAZ 469 Cargo Roofless (id=878B4C6AEE4146F4FCBF22A711F98754 pos=<8341.23, 322.58, 1647.03>) as driver
21:58:44.421 [VehicleEngine] Player "Snake" (id=0nsyEhm9INQy3se8y-fXlbMHVv4YsIXloUCLC2unDyo=) started vehicle UAZ 469 Cargo Roofless (id=878B4C6AEE4146F4FCBF22A711F98754 pos=<8341.23, 322.58, 1647.03>)
21:58:54.546 [VehicleEngine] Player "NULL" (id=NULL) stopped vehicle UAZ 469 Cargo Roofless (id=878B4C6AEE4146F4FCBF22A711F98754 pos=<8346.01, 322.78, 1654.62>)
21:58:54.592 [VehicleLeave] Player "Snake" (id=0nsyEhm9INQy3se8y-fXlbMHVv4YsIXloUCLC2unDyo=) left vehicle UAZ 469 Cargo Roofless (id=878B4C6AEE4146F4FCBF22A711F98754 pos=<8346.01, 322.78, 1654.62>)
21:59:18.060 [Chat - Global]("Saint"(id=f-_TR5GiRJHALUs-Bpx5ZJmLko5lr6ptvdfijtGV8Dw=)): did it work?
21:59:44.086 [AI Patrol 00016] East bots were wiped out (spawn position <7415.942383, 294.265442, 2647.430176>, 2/2 deceased)
21:59:44.095 [AI Patrol 00016] Global patrol count: 1
21:59:44.105 [AI Patrol 00016] Patrol category patrol count: 1
22:00:20.163 [AI Object Patrol 00023] Spawning 3 East bots at <9908.338867, 350.828003, 3889.091064>
22:00:20.204 [AI Object Patrol 00023] Global patrol count: 2
22:00:20.214 [AI Object Patrol 00023] HelicopterWreck category patrol count: 1
22:00:31.353 [VehicleEnter] Player "Snake" (id=0nsyEhm9INQy3se8y-fXlbMHVv4YsIXloUCLC2unDyo=) entered vehicle UAZ 469 Cargo Roofless (id=878B4C6AEE4146F4FCBF22A711F98754 pos=<8346.01, 322.78, 1654.62>) as driver
22:00:33.248 [VehicleLeave] Player "Snake" (id=0nsyEhm9INQy3se8y-fXlbMHVv4YsIXloUCLC2unDyo=) left vehicle UAZ 469 Cargo Roofless (id=878B4C6AEE4146F4FCBF22A711F98754 pos=<8346.01, 322.78, 1654.62>)
22:02:06.001 [SpawnSelection] Player "Snake" (id=0nsyEhm9INQy3se8y-fXlbMHVv4YsIXloUCLC2unDyo=) spawned at <8348.839844, 337.773407, 1636.495483>
22:02:13.511 [Chat - Global]("Snake"(id=0nsyEhm9INQy3se8y-fXlbMHVv4YsIXloUCLC2unDyo=)): it works!
22:02:18.983 [Chat - Global]("Saint"(id=f-_TR5GiRJHALUs-Bpx5ZJmLko5lr6ptvdfijtGV8Dw=)): yeahhhh
22:02:19.485 [Chat - Global]("Snake"(id=0nsyEhm9INQy3se8y-fXlbMHVv4YsIXloUCLC2unDyo=)): hell yeah!
22:03:10.560 [BaseBuildingRaiding] ------------------------- Expansion Base Raiding Damage Report -------------------------
22:03:10.577 [BaseBuildingRaiding] Player "Saint" (id=f-_TR5GiRJHALUs-Bpx5ZJmLko5lr6ptvdfijtGV8Dw= pos=<9140.82, 339.79, 4428.43>) damaged ExpansionWall6x3 at <9141.55, 339.68, 4423.3>
22:03:10.588 [BaseBuildingRaiding] They dealt 70 * 1 = 70 damage with Bullet_556x45 from M16A2
22:03:10.598 [BaseBuildingRaiding] GlobalHealth hitpoints decreased from 30000 to 29930
22:03:10.610 [BaseBuildingRaiding] ----------------------------------------------------------------------------------------
22:03:10.699 [BaseBuildingRaiding] ------------------------- Expansion Base Raiding Damage Report -------------------------
22:03:10.755 [BaseBuildingRaiding] Player "Saint" (id=f-_TR5GiRJHALUs-Bpx5ZJmLko5lr6ptvdfijtGV8Dw= pos=<9140.81, 339.79, 4428.49>) damaged ExpansionWall6x3 at <9141.55, 339.68, 4423.3>
22:03:10.808 [BaseBuildingRaiding] They dealt 70 * 1 = 70 damage with Bullet_556x45 from M16A2
22:03:10.863 [BaseBuildingRaiding] GlobalHealth hitpoints decreased from 29930 to 29860
22:03:10.914 [BaseBuildingRaiding] ----------------------------------------------------------------------------------------
22:06:24.878 [Chat - Global]("Snake"(id=0nsyEhm9INQy3se8y-fXlbMHVv4YsIXloUCLC2unDyo=)): this is great
22:06:32.108 [Chat - Global]("Snake"(id=0nsyEhm9INQy3se8y-fXlbMHVv4YsIXloUCLC2unDyo=)): next is AI loadouts
22:06:44.885 [Chat - Global]("Saint"(id=f-_TR5GiRJHALUs-Bpx5ZJmLko5lr6ptvdfijtGV8Dw=)): nice
22:06:45.193 [Chat - Global]("Snake"(id=0nsyEhm9INQy3se8y-fXlbMHVv4YsIXloUCLC2unDyo=)): then i think this shit will be looking pristine
22:06:50.532 [Chat - Global]("Snake"(id=0nsyEhm9INQy3se8y-fXlbMHVv4YsIXloUCLC2unDyo=)): ill make another post on reddit
22:07:57.471 [Chat - Global]("Saint"(id=f-_TR5GiRJHALUs-Bpx5ZJmLko5lr6ptvdfijtGV8Dw=)): for people to join?
22:18:48.230 [Chat - Global]("Snake"(id=0nsyEhm9INQy3se8y-fXlbMHVv4YsIXloUCLC2unDyo=)): yeah, more pvp
22:18:49.630 [Chat - Global]("Snake"(id=0nsyEhm9INQy3se8y-fXlbMHVv4YsIXloUCLC2unDyo=)): danger
22:19:03.552 [Chat - Global]("Saint"(id=f-_TR5GiRJHALUs-Bpx5ZJmLko5lr6ptvdfijtGV8Dw=)): okay
22:19:18.851 [Chat - Global]("Saint"(id=f-_TR5GiRJHALUs-Bpx5ZJmLko5lr6ptvdfijtGV8Dw=)): post it on facebook
22:19:23.651 [Chat - Global]("Saint"(id=f-_TR5GiRJHALUs-Bpx5ZJmLko5lr6ptvdfijtGV8Dw=)): dayz pc
22:19:24.416 [Chat - Global]("Snake"(id=0nsyEhm9INQy3se8y-fXlbMHVv4YsIXloUCLC2unDyo=)): oh true
22:19:39.095 [Chat - Global]("Snake"(id=0nsyEhm9INQy3se8y-fXlbMHVv4YsIXloUCLC2unDyo=)): got it
22:20:26.908 [Chat - Global]("Saint"(id=f-_TR5GiRJHALUs-Bpx5ZJmLko5lr6ptvdfijtGV8Dw=)): alright thats it for me today 
22:20:30.635 [Chat - Global]("Saint"(id=f-_TR5GiRJHALUs-Bpx5ZJmLko5lr6ptvdfijtGV8Dw=)): good night bro
22:20:36.148 [Chat - Global]("Snake"(id=0nsyEhm9INQy3se8y-fXlbMHVv4YsIXloUCLC2unDyo=)): sg man, have a good night
22:30:55.592 [AI Object Patrol 00023] Despawning 3 East bots (spawn position <9908.338867, 350.828003, 3889.091064>, 0/3 deceased)
22:30:55.602 [AI Object Patrol 00023] Global patrol count: 1
22:30:55.612 [AI Object Patrol 00023] HelicopterWreck category patrol count: 0
