11:21:47.175 [VehicleDestroyed] ExpansionUh1h (id=C7A7532B0446E19C5DFF0FB72D29A4AE pos=<7928.45, 169.15, 11838.8>)
11:21:47.199 [VehicleDestroyed] ExpansionUh1h_Uber (id=E791B5B1A6414376CFDE608604543721 pos=<1231.13, 168.59, 7567.5>)
11:21:50.427 [VehicleDeleted] ExpansionUh1h (id=8395F4C1D046D5BAC3418984644F37E3 pos=<7928.45, 169.15, 11838.8>)
11:21:50.446 [VehicleDeleted] ExpansionUh1h_Uber (id=C22AF2E9AB4E569D1974D1B7C0D20666 pos=<1231.13, 168.59, 7567.5>)
11:26:52.048 [VehicleDestroyed] ExpansionUh1h (id=FD390972EE41D204C31E87B1889E0C3A pos=<1228.18, 169.14, 7566.17>)
11:27:06.640 [VehicleDestroyed] ExpansionUh1h_Medical (id=D836CFE703446C37C29383B200DDA832 pos=<7924.78, 169.39, 11833.6>)
11:27:23.763 [AI Patrol 00016] Spawning 1 West bots at <7326.164551, 288.739990, 2751.316406>
11:27:33.752 [AI Patrol 00016] Global patrol count: 1
11:27:33.763 [AI Patrol 00016] Patrol category patrol count: 1
11:27:33.773 [AI Patrol 00015] Spawning 1 East bots at <7394.157715, 291.978516, 2746.816895>
11:27:33.811 [AI Patrol 00015] Global patrol count: 2
11:27:33.821 [AI Patrol 00015] Patrol category patrol count: 2
11:30:09.451 [AI Patrol 00015] East bots were wiped out (spawn position <7394.157715, 291.978516, 2746.816895>, 1/1 deceased)
11:30:09.460 [AI Patrol 00015] Global patrol count: 1
11:30:09.470 [AI Patrol 00015] Patrol category patrol count: 1
11:30:48.930 [AI Patrol 00016] West bots were wiped out (spawn position <7326.164551, 288.739990, 2751.316406>, 1/1 deceased)
11:30:48.945 [AI Patrol 00016] Global patrol count: 0
11:30:48.956 [AI Patrol 00016] Patrol category patrol count: 0
11:33:23.716 [VehicleDeleted] ExpansionUh1h (id=FD390972EE41D204C31E87B1889E0C3A pos=<1230.52, 168.76, 7566.98>)
11:33:51.647 [VehicleDeleted] ExpansionUh1h_Medical (id=D836CFE703446C37C29383B200DDA832 pos=<7924.83, 169.4, 11833.6>)
11:36:05.403 [VehicleDestroyed] ExpansionUh1h_Uber (id=8499B2706D4A7C219884F7AA5EC13117 pos=<1228.16, 169.11, 7566.27>)
11:36:21.336 [VehicleDestroyed] ExpansionUh1h (id=93B7558C274DE55B41B01AB4C42C1C0A pos=<7924.72, 169.43, 11833.5>)
11:40:00.972 [AI Object Patrol 00012] Spawning 2 West bots at <4473.867188, 229.705002, 10437.375000>
11:40:01.010 [AI Object Patrol 00012] Global patrol count: 1
11:40:01.020 [AI Object Patrol 00012] ContaminatedArea category patrol count: 1
11:40:01.030 [AI Object Patrol 00013] Spawning 2 West bots at <4209.911133, 242.548889, 10247.191406>
11:40:01.074 [AI Object Patrol 00013] Global patrol count: 2
11:40:01.083 [AI Object Patrol 00013] ContaminatedArea category patrol count: 2
11:41:10.506 [VehicleEnter] Player "Snake" (id=0nsyEhm9INQy3se8y-fXlbMHVv4YsIXloUCLC2unDyo=) entered vehicle UH-1H (id=E1A5A1EAE94E612C98BF2D9E31499777 pos=<3730.38, 238.12, 10066.4>) as pilot
11:41:13.184 [VehicleLeave] Player "Snake" (id=0nsyEhm9INQy3se8y-fXlbMHVv4YsIXloUCLC2unDyo=) left vehicle UH-1H (id=E1A5A1EAE94E612C98BF2D9E31499777 pos=<3730.38, 238.12, 10066.4>)
11:41:19.533 [VehicleEnter] Player "Snake" (id=0nsyEhm9INQy3se8y-fXlbMHVv4YsIXloUCLC2unDyo=) entered vehicle Gyrocopter (id=5177094C3349D84ABC675ABA0962CAD4 pos=<3723.21, 238.1, 10060.2>) as pilot
11:41:23.047 [VehicleLeave] Player "Snake" (id=0nsyEhm9INQy3se8y-fXlbMHVv4YsIXloUCLC2unDyo=) left vehicle Gyrocopter (id=5177094C3349D84ABC675ABA0962CAD4 pos=<3723.18, 238.1, 10060.2>)
11:41:56.555 [VehicleDeleted] ExpansionUh1h_Uber (id=8499B2706D4A7C219884F7AA5EC13117 pos=<1230.32, 168.76, 7567.07>)
11:42:25.304 [VehicleDeleted] ExpansionUh1h (id=93B7558C274DE55B41B01AB4C42C1C0A pos=<7924.68, 169.43, 11833.4>)
11:45:07.475 [VehicleDestroyed] ExpansionUh1h_Resistance (id=390C307DA1463A9E9CA351AC3128DD20 pos=<1228.15, 169.12, 7566.26>)
11:45:25.998 [VehicleDestroyed] ExpansionUh1h_Resistance (id=812D101E8C49D193ECFCAFB495BC93BF pos=<7924.82, 169.4, 11833.5>)
11:51:14.234 [VehicleDeleted] ExpansionUh1h_Resistance (id=390C307DA1463A9E9CA351AC3128DD20 pos=<1230.44, 168.73, 7567.16>)
11:51:42.126 [VehicleDeleted] ExpansionUh1h_Resistance (id=812D101E8C49D193ECFCAFB495BC93BF pos=<7928.28, 169.85, 11834.7>)
11:51:51.134 [AI Object Patrol 00013] Despawning 2 West bots (spawn position <4209.911133, 242.548889, 10247.191406>, 0/2 deceased)
11:51:51.144 [AI Object Patrol 00013] Global patrol count: 1
11:51:51.154 [AI Object Patrol 00013] ContaminatedArea category patrol count: 1
11:51:55.310 [AI Object Patrol 00012] Despawning 2 West bots (spawn position <4473.867188, 229.705002, 10437.375000>, 0/2 deceased)
11:51:55.321 [AI Object Patrol 00012] Global patrol count: 0
11:51:55.332 [AI Object Patrol 00012] ContaminatedArea category patrol count: 0
11:53:56.239 [VehicleDestroyed] ExpansionUh1h (id=8061C713694A8CCC84D5B0B3037ACF9C pos=<1228.15, 169.12, 7566.25>)
11:54:09.004 [VehicleDestroyed] ExpansionUh1h_Resistance (id=062A6A6F62437D5E0EB2CC9AC83E2022 pos=<7924.83, 169.38, 11833.8>)
11:58:24.115 [VehicleEnter] Player "Bad Boy" (id=7EOOpe6Cv8QB45p22zWB29TPheQCYualmurDzSA3CR0=) entered vehicle Land Rover Defender (id=F14DA84150452B93C83C85BA2443F68D pos=<4423.87, 458.05, 2236.76>) as driver
11:58:28.697 [VehicleLeave] Player "Bad Boy" (id=7EOOpe6Cv8QB45p22zWB29TPheQCYualmurDzSA3CR0=) left vehicle Land Rover Defender (id=F14DA84150452B93C83C85BA2443F68D pos=<4423.87, 458.05, 2236.76>)
11:58:45.251 [VehicleEnter] Player "Bad Boy" (id=7EOOpe6Cv8QB45p22zWB29TPheQCYualmurDzSA3CR0=) entered vehicle Land Rover Defender (id=F14DA84150452B93C83C85BA2443F68D pos=<4423.87, 458.05, 2236.76>) as driver
11:59:09.691 [Chat - Global]("Snake"(id=0nsyEhm9INQy3se8y-fXlbMHVv4YsIXloUCLC2unDyo=)): who on
11:59:30.677 [VehicleEngine] Player "Bad Boy" (id=7EOOpe6Cv8QB45p22zWB29TPheQCYualmurDzSA3CR0=) started vehicle Land Rover Defender (id=F14DA84150452B93C83C85BA2443F68D pos=<4423.87, 458.05, 2236.76>)
11:59:43.223 [VehicleEnter] Player "Snake" (id=0nsyEhm9INQy3se8y-fXlbMHVv4YsIXloUCLC2unDyo=) entered vehicle Gyrocopter (id=961DFC0DD54BCF458A74E6A5EF960114 pos=<8341.55, 334.76, 1639.17>) as pilot
11:59:48.540 [VehicleDeleted] ExpansionUh1h (id=8061C713694A8CCC84D5B0B3037ACF9C pos=<1230.35, 168.77, 7567.01>)
11:59:50.633 [VehicleEngine] Player "Snake" (id=0nsyEhm9INQy3se8y-fXlbMHVv4YsIXloUCLC2unDyo=) started vehicle Gyrocopter (id=961DFC0DD54BCF458A74E6A5EF960114 pos=<8341.55, 334.76, 1639.2>)
11:59:57.322 [VehicleEngine] Player "Snake" (id=0nsyEhm9INQy3se8y-fXlbMHVv4YsIXloUCLC2unDyo=) stopped vehicle Gyrocopter (id=961DFC0DD54BCF458A74E6A5EF960114 pos=<8341.55, 334.76, 1639.24>)
12:00:00.830 [VehicleLeave] Player "Snake" (id=0nsyEhm9INQy3se8y-fXlbMHVv4YsIXloUCLC2unDyo=) left vehicle Gyrocopter (id=961DFC0DD54BCF458A74E6A5EF960114 pos=<8341.55, 334.76, 1639.26>)
12:00:16.626 [VehicleDeleted] ExpansionUh1h_Resistance (id=062A6A6F62437D5E0EB2CC9AC83E2022 pos=<7924.78, 169.38, 11833.7>)
12:01:41.773 [VehicleEngine] Player "NULL" (id=NULL) stopped vehicle Land Rover Defender (id=F14DA84150452B93C83C85BA2443F68D pos=<4828.35, 501.66, 2076.63>)
12:01:41.799 [VehicleLeave] Player "Bad Boy" (id=7EOOpe6Cv8QB45p22zWB29TPheQCYualmurDzSA3CR0=) left vehicle Land Rover Defender (id=F14DA84150452B93C83C85BA2443F68D pos=<4828.35, 501.66, 2076.63>)
12:02:58.696 [VehicleDestroyed] ExpansionUh1h_Medical (id=2091DA804E4C6A2169F5B683FBEFF041 pos=<1228.14, 169.12, 7566.25>)
12:03:08.427 [VehicleDestroyed] ExpansionUh1h (id=B9AEA8CE2F494F6887A1BFB0F416C0EB pos=<7924.72, 169.36, 11833.8>)
12:03:22.730 [AI Object Patrol 00031] Spawning 3 West bots at <9047.029297, 448.679932, 2011.966431>
12:03:22.769 [AI Object Patrol 00031] Global patrol count: 1
12:03:22.781 [AI Object Patrol 00031] ContaminatedArea category patrol count: 1
12:09:07.192 [VehicleDeleted] ExpansionUh1h_Medical (id=2091DA804E4C6A2169F5B683FBEFF041 pos=<1230.42, 168.72, 7567.18>)
12:09:35.115 [VehicleDeleted] ExpansionUh1h (id=B9AEA8CE2F494F6887A1BFB0F416C0EB pos=<7925.59, 169.56, 11833.6>)
12:09:56.060 [VehicleEnter] Player "Snake" (id=0nsyEhm9INQy3se8y-fXlbMHVv4YsIXloUCLC2unDyo=) entered vehicle Gyrocopter (id=961DFC0DD54BCF458A74E6A5EF960114 pos=<8341.54, 334.76, 1639.45>) as pilot
12:10:00.488 [VehicleEngine] Player "Snake" (id=0nsyEhm9INQy3se8y-fXlbMHVv4YsIXloUCLC2unDyo=) started vehicle Gyrocopter (id=961DFC0DD54BCF458A74E6A5EF960114 pos=<8341.54, 334.76, 1639.47>)
12:11:28.364 [AI Patrol 00017] Spawning 1 Civilian bots at <6313.919434, 377.547333, 3819.770264>
12:11:28.392 [AI Patrol 00017] Global patrol count: 2
12:11:28.402 [AI Patrol 00017] Patrol category patrol count: 1
12:11:49.288 [VehicleDestroyed] ExpansionUh1h_Medical (id=CEB14077504C6AE805188C80B4D0B087 pos=<1228.09, 169.13, 7566.22>)
12:12:08.683 [VehicleDestroyed] ExpansionUh1h (id=A0AE8A8C78434251EE6336AD7753B39D pos=<7925.39, 169.53, 11833.5>)
12:13:14.530 [AI Object Patrol 00033] Spawning 1 East bots at <9926.152344, 350.797394, 3878.483398>
12:13:14.563 [AI Object Patrol 00033] Global patrol count: 3
12:13:14.573 [AI Object Patrol 00033] HelicopterWreck category patrol count: 1
12:14:30.914 [VehicleEngine] Player "NULL" (id=NULL) stopped vehicle Gyrocopter (id=961DFC0DD54BCF458A74E6A5EF960114 pos=<11183, 342.45, 4329.01>)
12:14:30.932 [VehicleLeave] Player "Snake" (id=0nsyEhm9INQy3se8y-fXlbMHVv4YsIXloUCLC2unDyo=) left vehicle Gyrocopter (id=961DFC0DD54BCF458A74E6A5EF960114 pos=<11183, 342.45, 4329.01>)
12:17:56.821 [VehicleDeleted] ExpansionUh1h_Medical (id=CEB14077504C6AE805188C80B4D0B087 pos=<1230.35, 168.72, 7567.22>)
12:18:24.899 [VehicleDeleted] ExpansionUh1h (id=A0AE8A8C78434251EE6336AD7753B39D pos=<7927.49, 169.94, 11833.4>)
12:20:37.976 [AI Object Patrol 00031] Despawning 3 West bots (spawn position <9047.029297, 448.679932, 2011.966431>, 0/3 deceased)
12:20:37.987 [AI Object Patrol 00031] Global patrol count: 2
12:20:37.997 [AI Object Patrol 00031] ContaminatedArea category patrol count: 0
12:20:39.841 [VehicleDestroyed] ExpansionUh1h_Uber (id=1839D168404BBC9F271E6EB6F0772F5B pos=<1228.14, 169.15, 7566.14>)
12:20:47.868 [VehicleDestroyed] ExpansionUh1h_Uber (id=CB49F48EC9462696C3E3F9A249D265B3 pos=<7924.81, 169.31, 11834>)
12:21:57.121 [AI Patrol 00017] Despawning 1 Civilian bots (spawn position <6313.919434, 377.547333, 3819.770264>, 0/1 deceased)
12:21:57.134 [AI Patrol 00017] Global patrol count: 1
12:21:57.146 [AI Patrol 00017] Patrol category patrol count: 0
12:24:09.478 [AI Object Patrol 00033] Despawning 1 East bots (spawn position <9926.152344, 350.797394, 3878.483398>, 0/1 deceased)
12:24:09.488 [AI Object Patrol 00033] Global patrol count: 0
12:24:09.498 [AI Object Patrol 00033] HelicopterWreck category patrol count: 0
12:26:46.332 [VehicleDeleted] ExpansionUh1h_Uber (id=1839D168404BBC9F271E6EB6F0772F5B pos=<1230.54, 168.77, 7566.96>)
12:27:14.291 [VehicleDeleted] ExpansionUh1h_Uber (id=CB49F48EC9462696C3E3F9A249D265B3 pos=<7925.52, 169.06, 11835.8>)
12:29:28.930 [VehicleDestroyed] ExpansionUh1h (id=C693C1976640A554C2311E92E72F48FC pos=<1228.19, 169.14, 7566.17>)
12:29:41.683 [VehicleDestroyed] ExpansionUh1h_Medical (id=98E151AE4C4CFD4ED0B111A70AE39F51 pos=<7924.69, 169.4, 11833.6>)
12:35:21.450 [VehicleEnter] Player "Snake" (id=0nsyEhm9INQy3se8y-fXlbMHVv4YsIXloUCLC2unDyo=) entered vehicle Gyrocopter (id=961DFC0DD54BCF458A74E6A5EF960114 pos=<11183, 342.44, 4329.25>) as pilot
12:35:36.770 [VehicleDeleted] ExpansionUh1h (id=C693C1976640A554C2311E92E72F48FC pos=<1230.53, 168.76, 7567>)
12:36:04.688 [VehicleDeleted] ExpansionUh1h_Medical (id=98E151AE4C4CFD4ED0B111A70AE39F51 pos=<7924.7, 169.4, 11833.6>)
12:38:18.553 [VehicleDestroyed] ExpansionUh1h_Uber (id=776C52C72441AB5A4C82AD93B0846E62 pos=<1228.12, 169.13, 7566.23>)
12:38:34.027 [VehicleDestroyed] ExpansionUh1h_Resistance (id=E295EC8C644CC6297C137A8257583FD4 pos=<7924.5, 169.34, 11833.6>)
12:40:41.450 [VehicleEnter] Player "Bad Boy" (id=7EOOpe6Cv8QB45p22zWB29TPheQCYualmurDzSA3CR0=) entered vehicle Land Rover Defender (id=F14DA84150452B93C83C85BA2443F68D pos=<4828.35, 501.66, 2076.63>) as driver
12:40:42.809 [VehicleEngine] Player "Bad Boy" (id=7EOOpe6Cv8QB45p22zWB29TPheQCYualmurDzSA3CR0=) started vehicle Land Rover Defender (id=F14DA84150452B93C83C85BA2443F68D pos=<4828.35, 501.66, 2076.63>)
12:44:27.190 [VehicleDeleted] ExpansionUh1h_Uber (id=776C52C72441AB5A4C82AD93B0846E62 pos=<1230.27, 168.73, 7567.21>)
12:44:55.252 [VehicleDeleted] ExpansionUh1h_Resistance (id=E295EC8C644CC6297C137A8257583FD4 pos=<7924.22, 169.3, 11833.5>)
12:45:03.625 [VehicleEngine] Player "NULL" (id=NULL) stopped vehicle Land Rover Defender (id=F14DA84150452B93C83C85BA2443F68D pos=<5711.58, 416.55, 4076.88>)
12:45:03.649 [VehicleLeave] Player "Bad Boy" (id=7EOOpe6Cv8QB45p22zWB29TPheQCYualmurDzSA3CR0=) left vehicle Land Rover Defender (id=F14DA84150452B93C83C85BA2443F68D pos=<5711.58, 416.55, 4076.88>)
12:47:09.925 [VehicleDestroyed] ExpansionUh1h_Resistance (id=F8D68FFCDC454650327EB98E2CC4EB9F pos=<1228.1, 169.15, 7566.14>)
12:47:25.655 [VehicleDestroyed] ExpansionUh1h_Uber (id=B9CE4DE859403F4643BEBEA16E1C26CB pos=<7924.98, 169.46, 11833.4>)
12:47:52.996 [VehicleEngine] Player "Snake" (id=0nsyEhm9INQy3se8y-fXlbMHVv4YsIXloUCLC2unDyo=) started vehicle Gyrocopter (id=961DFC0DD54BCF458A74E6A5EF960114 pos=<11183.7, 342.35, 4331.24>)
12:47:53.382 [VehicleEnter] Player "Bad Boy" (id=7EOOpe6Cv8QB45p22zWB29TPheQCYualmurDzSA3CR0=) entered vehicle Land Rover Defender (id=F14DA84150452B93C83C85BA2443F68D pos=<5711.58, 416.55, 4076.88>) as driver
12:47:56.007 [VehicleEngine] Player "Bad Boy" (id=7EOOpe6Cv8QB45p22zWB29TPheQCYualmurDzSA3CR0=) started vehicle Land Rover Defender (id=F14DA84150452B93C83C85BA2443F68D pos=<5711.58, 416.55, 4076.88>)
12:49:06.532 [VehicleEngine] Player "NULL" (id=NULL) stopped vehicle Gyrocopter (id=961DFC0DD54BCF458A74E6A5EF960114 pos=<9881.75, 351.78, 3792.74>)
12:49:06.555 [VehicleLeave] Player "Snake" (id=0nsyEhm9INQy3se8y-fXlbMHVv4YsIXloUCLC2unDyo=) left vehicle Gyrocopter (id=961DFC0DD54BCF458A74E6A5EF960114 pos=<9881.75, 351.78, 3792.74>)
12:50:18.879 [AI Object Patrol 00042] Spawning 3 West bots at <5099.751465, 362.174713, 5602.693359>
12:50:18.913 [AI Object Patrol 00042] Global patrol count: 1
12:50:18.931 [AI Object Patrol 00042] ContaminatedArea category patrol count: 1
12:50:57.690 [VehicleEnter] Player "Snake" (id=0nsyEhm9INQy3se8y-fXlbMHVv4YsIXloUCLC2unDyo=) entered vehicle Gyrocopter (id=961DFC0DD54BCF458A74E6A5EF960114 pos=<9881.84, 351.78, 3792.55>) as pilot
12:50:59.441 [VehicleEngine] Player "Snake" (id=0nsyEhm9INQy3se8y-fXlbMHVv4YsIXloUCLC2unDyo=) started vehicle Gyrocopter (id=961DFC0DD54BCF458A74E6A5EF960114 pos=<9881.84, 351.78, 3792.55>)
12:51:42.278 [VehicleEngine] Player "NULL" (id=NULL) stopped vehicle Land Rover Defender (id=F14DA84150452B93C83C85BA2443F68D pos=<4934.14, 333.87, 5285.27>)
12:51:42.348 [VehicleLeave] Player "Bad Boy" (id=7EOOpe6Cv8QB45p22zWB29TPheQCYualmurDzSA3CR0=) left vehicle Land Rover Defender (id=F14DA84150452B93C83C85BA2443F68D pos=<4934.14, 333.87, 5285.27>)
12:53:16.641 [VehicleDeleted] ExpansionUh1h_Resistance (id=F8D68FFCDC454650327EB98E2CC4EB9F pos=<1230.46, 168.78, 7566.95>)
12:53:30.653 [VehicleEngine] Player "NULL" (id=NULL) stopped vehicle Gyrocopter (id=961DFC0DD54BCF458A74E6A5EF960114 pos=<6197.66, 385.68, 4097.57>)
12:53:30.696 [VehicleLeave] Player "Snake" (id=0nsyEhm9INQy3se8y-fXlbMHVv4YsIXloUCLC2unDyo=) left vehicle Gyrocopter (id=961DFC0DD54BCF458A74E6A5EF960114 pos=<6197.66, 385.68, 4097.57>)
12:53:44.468 [VehicleDeleted] ExpansionUh1h_Uber (id=B9CE4DE859403F4643BEBEA16E1C26CB pos=<7927.92, 169.61, 11835.4>)
12:54:14.839 [VehicleEnter] Player "Bad Boy" (id=7EOOpe6Cv8QB45p22zWB29TPheQCYualmurDzSA3CR0=) entered vehicle Land Rover Defender (id=F14DA84150452B93C83C85BA2443F68D pos=<4934.14, 333.87, 5285.27>) as driver
12:54:17.458 [VehicleEngine] Player "Bad Boy" (id=7EOOpe6Cv8QB45p22zWB29TPheQCYualmurDzSA3CR0=) started vehicle Land Rover Defender (id=F14DA84150452B93C83C85BA2443F68D pos=<4934.14, 333.87, 5285.27>)
12:55:43.375 [VehicleEngine] Player "NULL" (id=NULL) stopped vehicle Land Rover Defender (id=F14DA84150452B93C83C85BA2443F68D pos=<4893.65, 352.55, 5440.9>)
12:55:43.411 [VehicleLeave] Player "Bad Boy" (id=7EOOpe6Cv8QB45p22zWB29TPheQCYualmurDzSA3CR0=) left vehicle Land Rover Defender (id=F14DA84150452B93C83C85BA2443F68D pos=<4893.65, 352.55, 5440.9>)
12:55:59.833 [VehicleDestroyed] ExpansionUh1h_Uber (id=C2676ECBD14303E75371588EC20F0C48 pos=<1228.07, 169.16, 7566.12>)
12:56:08.243 [VehicleDestroyed] ExpansionUh1h_Resistance (id=47E65ACB664850529811D2B86F1A277F pos=<7924.57, 169.31, 11833.8>)
12:56:59.701 [VehicleEnter] Player "Bad Boy" (id=7EOOpe6Cv8QB45p22zWB29TPheQCYualmurDzSA3CR0=) entered vehicle Land Rover Defender (id=F14DA84150452B93C83C85BA2443F68D pos=<4893.65, 352.55, 5440.9>) as driver
12:57:01.950 [VehicleEngine] Player "Bad Boy" (id=7EOOpe6Cv8QB45p22zWB29TPheQCYualmurDzSA3CR0=) started vehicle Land Rover Defender (id=F14DA84150452B93C83C85BA2443F68D pos=<4893.65, 352.55, 5440.9>)
12:59:10.035 [VehicleEngine] Player "NULL" (id=NULL) stopped vehicle Land Rover Defender (id=F14DA84150452B93C83C85BA2443F68D pos=<4705.08, 324.2, 6739.23>)
12:59:10.070 [VehicleLeave] Player "Bad Boy" (id=7EOOpe6Cv8QB45p22zWB29TPheQCYualmurDzSA3CR0=) left vehicle Land Rover Defender (id=F14DA84150452B93C83C85BA2443F68D pos=<4705.08, 324.2, 6739.23>)
12:59:21.911 [VehicleEnter] Player "Bad Boy" (id=7EOOpe6Cv8QB45p22zWB29TPheQCYualmurDzSA3CR0=) entered vehicle Land Rover Defender (id=F14DA84150452B93C83C85BA2443F68D pos=<4705.08, 324.2, 6739.23>) as driver
12:59:24.176 [VehicleEngine] Player "Bad Boy" (id=7EOOpe6Cv8QB45p22zWB29TPheQCYualmurDzSA3CR0=) started vehicle Land Rover Defender (id=F14DA84150452B93C83C85BA2443F68D pos=<4705.08, 324.2, 6739.23>)
13:02:06.704 [VehicleDeleted] ExpansionUh1h_Uber (id=C2676ECBD14303E75371588EC20F0C48 pos=<1230.45, 168.76, 7567.01>)
13:02:34.438 [VehicleDeleted] ExpansionUh1h_Resistance (id=47E65ACB664850529811D2B86F1A277F pos=<7924.02, 169.17, 11834>)
13:04:48.617 [VehicleDestroyed] ExpansionUh1h_Resistance (id=34777DF0A64EA42E94135B9E81AA151A pos=<1228.18, 169.1, 7566.32>)
13:04:54.100 [VehicleEnter] Player "Snake" (id=0nsyEhm9INQy3se8y-fXlbMHVv4YsIXloUCLC2unDyo=) entered vehicle Gyrocopter (id=961DFC0DD54BCF458A74E6A5EF960114 pos=<6197.92, 385.67, 4097.56>) as pilot
13:04:56.845 [VehicleEngine] Player "Snake" (id=0nsyEhm9INQy3se8y-fXlbMHVv4YsIXloUCLC2unDyo=) started vehicle Gyrocopter (id=961DFC0DD54BCF458A74E6A5EF960114 pos=<6197.92, 385.67, 4097.55>)
13:05:03.291 [VehicleEngine] Player "NULL" (id=NULL) stopped vehicle Land Rover Defender (id=F14DA84150452B93C83C85BA2443F68D pos=<3746.05, 171.2, 9084.03>)
13:05:03.331 [VehicleLeave] Player "Bad Boy" (id=7EOOpe6Cv8QB45p22zWB29TPheQCYualmurDzSA3CR0=) left vehicle Land Rover Defender (id=F14DA84150452B93C83C85BA2443F68D pos=<3746.05, 171.2, 9084.03>)
13:05:07.343 [VehicleDestroyed] ExpansionUh1h_Resistance (id=8E24F195C84A4EEAC799E1ABA3D3D7D8 pos=<7924.67, 169.41, 11833.5>)
13:06:09.765 [VehicleEnter] Player "Bad Boy" (id=7EOOpe6Cv8QB45p22zWB29TPheQCYualmurDzSA3CR0=) entered vehicle PBX (id=A7E8EE5E7848FC912A05E29D13024435 pos=<3657.11, 169.86, 9093.51>) as passenger
13:06:13.367 [VehicleLeave] Player "Bad Boy" (id=7EOOpe6Cv8QB45p22zWB29TPheQCYualmurDzSA3CR0=) left vehicle PBX (id=A7E8EE5E7848FC912A05E29D13024435 pos=<3657.11, 169.86, 9093.51>)
13:06:19.470 [VehicleEnter] Player "Bad Boy" (id=7EOOpe6Cv8QB45p22zWB29TPheQCYualmurDzSA3CR0=) entered vehicle PBX (id=A7E8EE5E7848FC912A05E29D13024435 pos=<3657.11, 169.89, 9093.51>) as driver
13:06:34.243 [VehicleLeave] Player "Bad Boy" (id=7EOOpe6Cv8QB45p22zWB29TPheQCYualmurDzSA3CR0=) left vehicle PBX (id=A7E8EE5E7848FC912A05E29D13024435 pos=<3657.11, 169.89, 9093.51>)
13:07:34.249 [VehicleEnter] Player "Bad Boy" (id=7EOOpe6Cv8QB45p22zWB29TPheQCYualmurDzSA3CR0=) entered vehicle Land Rover Defender (id=F14DA84150452B93C83C85BA2443F68D pos=<3746.05, 171.2, 9084.03>) as driver
13:07:38.239 [VehicleEngine] Player "Bad Boy" (id=7EOOpe6Cv8QB45p22zWB29TPheQCYualmurDzSA3CR0=) started vehicle Land Rover Defender (id=F14DA84150452B93C83C85BA2443F68D pos=<3746.05, 171.2, 9084.03>)
13:08:43.371 [VehicleEngine] Player "NULL" (id=NULL) stopped vehicle Gyrocopter (id=961DFC0DD54BCF458A74E6A5EF960114 pos=<8333.36, 322.93, 1645.81>)
13:08:43.386 [VehicleLeave] Player "Snake" (id=0nsyEhm9INQy3se8y-fXlbMHVv4YsIXloUCLC2unDyo=) left vehicle Gyrocopter (id=961DFC0DD54BCF458A74E6A5EF960114 pos=<8333.36, 322.93, 1645.81>)
13:08:46.859 [AI Object Patrol 00042] Despawning 3 West bots (spawn position <5099.751465, 362.174713, 5602.693359>, 0/3 deceased)
13:08:47.008 [AI Object Patrol 00042] Global patrol count: 0
13:08:47.149 [AI Object Patrol 00042] ContaminatedArea category patrol count: 0
13:08:49.691 [VehicleEnter] Player "Snake" (id=0nsyEhm9INQy3se8y-fXlbMHVv4YsIXloUCLC2unDyo=) entered vehicle Gyrocopter (id=961DFC0DD54BCF458A74E6A5EF960114 pos=<8333.32, 322.91, 1645.75>) as pilot
13:08:51.457 [VehicleEngine] Player "Snake" (id=0nsyEhm9INQy3se8y-fXlbMHVv4YsIXloUCLC2unDyo=) started vehicle Gyrocopter (id=961DFC0DD54BCF458A74E6A5EF960114 pos=<8333.3, 322.91, 1645.73>)
13:09:19.920 [VehicleEngine] Player "NULL" (id=NULL) stopped vehicle Land Rover Defender (id=F14DA84150452B93C83C85BA2443F68D pos=<4331.48, 184.28, 8982.05>)
13:09:19.964 [VehicleLeave] Player "Bad Boy" (id=7EOOpe6Cv8QB45p22zWB29TPheQCYualmurDzSA3CR0=) left vehicle Land Rover Defender (id=F14DA84150452B93C83C85BA2443F68D pos=<4331.48, 184.28, 8982.05>)
13:09:29.277 [VehicleEngine] Player "Snake" (id=0nsyEhm9INQy3se8y-fXlbMHVv4YsIXloUCLC2unDyo=) stopped vehicle Gyrocopter (id=961DFC0DD54BCF458A74E6A5EF960114 pos=<8340.56, 334.75, 1641.42>)
13:09:32.515 [VehicleLeave] Player "Snake" (id=0nsyEhm9INQy3se8y-fXlbMHVv4YsIXloUCLC2unDyo=) left vehicle Gyrocopter (id=961DFC0DD54BCF458A74E6A5EF960114 pos=<8340.56, 334.75, 1641.43>)
13:09:51.484 [VehicleEnter] Player "Bad Boy" (id=7EOOpe6Cv8QB45p22zWB29TPheQCYualmurDzSA3CR0=) entered vehicle Land Rover Defender (id=F14DA84150452B93C83C85BA2443F68D pos=<4331.48, 184.28, 8982.05>) as driver
13:10:46.615 [VehicleEngine] Player "Bad Boy" (id=7EOOpe6Cv8QB45p22zWB29TPheQCYualmurDzSA3CR0=) started vehicle Land Rover Defender (id=F14DA84150452B93C83C85BA2443F68D pos=<4331.48, 184.28, 8982.05>)
13:10:59.774 [VehicleDeleted] ExpansionUh1h_Resistance (id=34777DF0A64EA42E94135B9E81AA151A pos=<1230.36, 168.7, 7567.28>)
13:11:19.517 [AI Object Patrol 00014] Spawning 2 West bots at <3880.581299, 242.603668, 10348.046875>
13:11:19.544 [AI Object Patrol 00014] Global patrol count: 1
13:11:19.555 [AI Object Patrol 00014] ContaminatedArea category patrol count: 1
13:11:27.549 [VehicleDeleted] ExpansionUh1h_Resistance (id=8E24F195C84A4EEAC799E1ABA3D3D7D8 pos=<7924.64, 169.4, 11833.5>)
13:13:12.308 [AI Object Patrol 00050] Spawning 1 West bots at <1319.219971, 281.125183, 9767.427734>
13:13:12.336 [AI Object Patrol 00050] Global patrol count: 2
13:13:12.346 [AI Object Patrol 00050] ContaminatedArea category patrol count: 2
13:13:41.865 [VehicleDestroyed] ExpansionUh1h (id=CAFE0F352A4D7B028CD2428A3DE448FB pos=<1228.17, 169.12, 7566.26>)
13:13:49.612 [VehicleDestroyed] ExpansionUh1h_Medical (id=F51F0CE5D546B6EBD5D6C9A7BC5BAC6A pos=<7924.77, 169.29, 11834>)
13:15:43.503 [VehicleEngine] Player "NULL" (id=NULL) stopped vehicle Land Rover Defender (id=F14DA84150452B93C83C85BA2443F68D pos=<1318, 368.93, 11474.8>)
13:15:43.542 [VehicleLeave] Player "Bad Boy" (id=7EOOpe6Cv8QB45p22zWB29TPheQCYualmurDzSA3CR0=) left vehicle Land Rover Defender (id=F14DA84150452B93C83C85BA2443F68D pos=<1318, 368.93, 11474.8>)
13:15:50.677 [VehicleEnter] Player "Bad Boy" (id=7EOOpe6Cv8QB45p22zWB29TPheQCYualmurDzSA3CR0=) entered vehicle Land Rover Defender (id=F14DA84150452B93C83C85BA2443F68D pos=<1318, 368.93, 11474.8>) as driver
13:15:52.613 [VehicleEngine] Player "Bad Boy" (id=7EOOpe6Cv8QB45p22zWB29TPheQCYualmurDzSA3CR0=) started vehicle Land Rover Defender (id=F14DA84150452B93C83C85BA2443F68D pos=<1318, 368.93, 11474.8>)
13:16:00.749 [VehicleEngine] Player "NULL" (id=NULL) stopped vehicle Land Rover Defender (id=F14DA84150452B93C83C85BA2443F68D pos=<1324.92, 370.47, 11468.7>)
13:16:00.782 [VehicleLeave] Player "Bad Boy" (id=7EOOpe6Cv8QB45p22zWB29TPheQCYualmurDzSA3CR0=) left vehicle Land Rover Defender (id=F14DA84150452B93C83C85BA2443F68D pos=<1324.92, 370.47, 11468.7>)
13:19:49.774 [VehicleDeleted] ExpansionUh1h (id=CAFE0F352A4D7B028CD2428A3DE448FB pos=<1230.41, 168.74, 7567.11>)
13:20:17.553 [VehicleDeleted] ExpansionUh1h_Medical (id=F51F0CE5D546B6EBD5D6C9A7BC5BAC6A pos=<7927.18, 169.41, 11835.7>)
13:22:23.774 [AI Object Patrol 00014] Despawning 2 West bots (spawn position <3880.581299, 242.603668, 10348.046875>, 0/2 deceased)
13:22:23.786 [AI Object Patrol 00014] Global patrol count: 1
13:22:23.798 [AI Object Patrol 00014] ContaminatedArea category patrol count: 1
13:22:31.470 [VehicleDestroyed] ExpansionUh1h_Uber (id=BB4E140C154E740B0C550993515B94F2 pos=<1228.15, 169.11, 7566.29>)
13:22:52.724 [VehicleDestroyed] ExpansionUh1h_Uber (id=47B59FD3C244BB75DAC7DE9486CFD29D pos=<7925.2, 169.56, 11833.3>)
13:24:06.116 [AI Object Patrol 00050] Despawning 1 West bots (spawn position <1319.219971, 281.125183, 9767.427734>, 0/1 deceased)
13:24:06.125 [AI Object Patrol 00050] Global patrol count: 0
13:24:06.134 [AI Object Patrol 00050] ContaminatedArea category patrol count: 0
13:28:22.580 [VehicleDeleted] ExpansionUh1h_Uber (id=BB4E140C154E740B0C550993515B94F2 pos=<1230.38, 168.75, 7567.06>)
13:28:28.987 [VehicleEnter] Player "vERKE" (id=yvJkN5qXM69k4xYaDnfdkc8E-_KSFkOOk2WBLvNcg54=) entered vehicle Land Rover Defender (id=8014A6CE8344B291DB477681F3D6F32E pos=<3341.4, 487.07, 2042.65>) as driver
13:28:34.515 [VehicleLeave] Player "vERKE" (id=yvJkN5qXM69k4xYaDnfdkc8E-_KSFkOOk2WBLvNcg54=) left vehicle Land Rover Defender (id=8014A6CE8344B291DB477681F3D6F32E pos=<3341.4, 487.07, 2042.65>)
13:28:48.958 [VehicleEnter] Player "vERKE" (id=yvJkN5qXM69k4xYaDnfdkc8E-_KSFkOOk2WBLvNcg54=) entered vehicle Land Rover Defender (id=8014A6CE8344B291DB477681F3D6F32E pos=<3341.4, 487.07, 2042.65>) as driver
13:28:50.389 [VehicleDeleted] ExpansionUh1h_Uber (id=47B59FD3C244BB75DAC7DE9486CFD29D pos=<7927.16, 169.97, 11833>)
13:28:58.146 [VehicleLeave] Player "vERKE" (id=yvJkN5qXM69k4xYaDnfdkc8E-_KSFkOOk2WBLvNcg54=) left vehicle Land Rover Defender (id=8014A6CE8344B291DB477681F3D6F32E pos=<3341.4, 487.07, 2042.65>)
13:31:33.185 [VehicleDestroyed] ExpansionUh1h (id=8413C156D6429C4E766E2E874BDEFBD0 pos=<1228.17, 169.14, 7566.17>)
13:31:44.513 [VehicleDestroyed] ExpansionUh1h_Uber (id=DC963F6FD840F0D21A6E91A5D027CB3C pos=<7924.54, 169.33, 11833.7>)
13:37:41.846 [VehicleDeleted] ExpansionUh1h (id=8413C156D6429C4E766E2E874BDEFBD0 pos=<1230.53, 168.76, 7567>)
13:38:10.027 [VehicleDeleted] ExpansionUh1h_Uber (id=DC963F6FD840F0D21A6E91A5D027CB3C pos=<7924.21, 169.27, 11833.7>)
13:40:24.949 [VehicleDestroyed] ExpansionUh1h_Resistance (id=A13F1DB5B94DA57253489EA37273CC68 pos=<1228.14, 169.12, 7566.25>)
13:40:40.590 [VehicleDestroyed] ExpansionUh1h_Resistance (id=5CA0AB90304BAD76DBB6AB87773A9088 pos=<7924.82, 169.4, 11833.6>)
14:29:36.060 [VehicleDeleted] ExpansionUh1h_Resistance (id=A13F1DB5B94DA57253489EA37273CC68 pos=<1232.71, 168.37, 7567.87>)
14:30:03.973 [VehicleDeleted] ExpansionUh1h_Resistance (id=5CA0AB90304BAD76DBB6AB87773A9088 pos=<7923.48, 169.01, 11834.2>)
14:32:18.357 [VehicleDestroyed] ExpansionUh1h_Medical (id=F7C34FDEFB4EA2C754B22494E6832242 pos=<1228.16, 169.11, 7566.27>)
14:32:27.492 [VehicleDestroyed] ExpansionUh1h_Medical (id=2AE9BFEBE74156436612E58A5B514F87 pos=<7924.84, 169.29, 11834.1>)
14:38:27.679 [VehicleDeleted] ExpansionUh1h_Medical (id=F7C34FDEFB4EA2C754B22494E6832242 pos=<1230.32, 168.7, 7567.3>)
14:38:55.494 [VehicleDeleted] ExpansionUh1h_Medical (id=2AE9BFEBE74156436612E58A5B514F87 pos=<7924.02, 168.97, 11834.9>)
14:41:09.894 [VehicleDestroyed] ExpansionUh1h_Resistance (id=C22765224E40941EA2D8B4B66EBE2454 pos=<1228.13, 169.12, 7566.26>)
14:41:23.262 [VehicleDestroyed] ExpansionUh1h_Resistance (id=A910B51BBF4D4A94038E24AE4CE1A0F7 pos=<7925.15, 169.42, 11833.8>)
16:06:26.247 [VehicleEnter] Player "PoiiZoner3" (id=cZC_vl4onJwtCEZaOtA89yPcwyGnN7Qy01WI28TQhbU=) entered vehicle Mh-6 Little Bird (id=994F5F4FBF433CBFE47A75B67AE1D77F pos=<9012.64, 385.62, 1279.7>) as pilot
16:06:28.995 [VehicleEngine] Player "PoiiZoner3" (id=cZC_vl4onJwtCEZaOtA89yPcwyGnN7Qy01WI28TQhbU=) started vehicle Mh-6 Little Bird (id=994F5F4FBF433CBFE47A75B67AE1D77F pos=<9012.63, 385.62, 1279.67>)
16:07:24.620 [VehicleDeleted] ExpansionUh1h_Resistance (id=C22765224E40941EA2D8B4B66EBE2454 pos=<1235.47, 168.4, 7567.09>)
16:07:52.504 [VehicleDeleted] ExpansionUh1h_Resistance (id=A910B51BBF4D4A94038E24AE4CE1A0F7 pos=<7926.24, 168.78, 11837.8>)
16:08:58.810 [AI Object Patrol 00065] Spawning 3 West bots at <8694.106445, 319.194489, 6394.848145>
16:08:58.845 [AI Object Patrol 00065] Global patrol count: 1
16:08:58.855 [AI Object Patrol 00065] HelicopterWreck category patrol count: 1
16:09:00.433 [AI Object Patrol 00009] Spawning 2 West bots at <7944.917480, 259.132904, 5936.299805>
16:09:00.469 [AI Object Patrol 00009] Global patrol count: 2
16:09:00.486 [AI Object Patrol 00009] ContaminatedArea category patrol count: 1
16:10:07.689 [VehicleDestroyed] ExpansionUh1h_Resistance (id=76A5B2ED1440C3D9BB1FD9B1336BBFEA pos=<1228.18, 169.14, 7566.17>)
16:10:21.862 [VehicleDestroyed] ExpansionUh1h_Uber (id=0D39E388284438762FB4688E06F80323 pos=<7925.03, 169.46, 11833.6>)
16:10:42.071 [AI Object Patrol 00069] Spawning 3 East bots at <9786.275391, 281.922455, 5994.848633>
16:10:42.105 [AI Object Patrol 00069] Global patrol count: 3
16:10:42.116 [AI Object Patrol 00069] HelicopterWreck category patrol count: 2
16:11:40.464 [VehicleEngine] Player "PoiiZoner3" (id=cZC_vl4onJwtCEZaOtA89yPcwyGnN7Qy01WI28TQhbU=) stopped vehicle Mh-6 Little Bird (id=994F5F4FBF433CBFE47A75B67AE1D77F pos=<9060.54, 299.32, 6596.95>)
16:11:45.400 [VehicleLeave] Player "PoiiZoner3" (id=cZC_vl4onJwtCEZaOtA89yPcwyGnN7Qy01WI28TQhbU=) left vehicle Mh-6 Little Bird (id=994F5F4FBF433CBFE47A75B67AE1D77F pos=<9060.58, 299.19, 6596.92>)
16:16:16.764 [VehicleDeleted] ExpansionUh1h_Resistance (id=76A5B2ED1440C3D9BB1FD9B1336BBFEA pos=<1230.59, 168.75, 7567.03>)
16:16:44.541 [VehicleDeleted] ExpansionUh1h_Uber (id=0D39E388284438762FB4688E06F80323 pos=<7927.14, 170.02, 11832.8>)
16:18:57.739 [VehicleDestroyed] ExpansionUh1h_Medical (id=D43D94111E472FF7A42DA4B830217055 pos=<1228.19, 169.09, 7566.34>)
16:19:12.693 [VehicleDestroyed] ExpansionUh1h_Medical (id=D3C88D44CC47EC60FF59D1A532742244 pos=<7924.95, 169.43, 11833.6>)
16:19:38.296 [AI Object Patrol 00009] Despawning 2 West bots (spawn position <7944.917480, 259.132904, 5936.299805>, 0/2 deceased)
16:19:38.306 [AI Object Patrol 00009] Global patrol count: 2
16:19:38.316 [AI Object Patrol 00009] ContaminatedArea category patrol count: 0
16:25:07.350 [VehicleDeleted] ExpansionUh1h_Medical (id=D43D94111E472FF7A42DA4B830217055 pos=<1230.39, 168.72, 7567.2>)
16:25:35.327 [VehicleDeleted] ExpansionUh1h_Medical (id=D3C88D44CC47EC60FF59D1A532742244 pos=<7927.16, 170, 11832.9>)
16:27:49.547 [VehicleDestroyed] ExpansionUh1h_Uber (id=8C165ED5C346F44F31AB94B396482872 pos=<1228.12, 169.12, 7566.23>)
16:28:08.185 [VehicleDestroyed] ExpansionUh1h_Uber (id=651864DCB34C5657292B7DA755401D32 pos=<7924.73, 169.43, 11833.5>)
16:33:57.660 [VehicleDeleted] ExpansionUh1h_Uber (id=8C165ED5C346F44F31AB94B396482872 pos=<1230.42, 168.75, 7567.08>)
16:34:25.488 [VehicleDeleted] ExpansionUh1h_Uber (id=651864DCB34C5657292B7DA755401D32 pos=<7924.89, 169.47, 11833.4>)
16:36:40.465 [VehicleDestroyed] ExpansionUh1h_Medical (id=7CA6EE1CEA4A32355641DF8BB442E61C pos=<1228.17, 169.14, 7566.17>)
16:36:50.669 [VehicleDestroyed] ExpansionUh1h_Resistance (id=FB181C6901464EA970D57F9992ACB696 pos=<7924.77, 169.37, 11833.7>)
16:38:32.975 [AI Object Patrol 00065] West bots were wiped out (spawn position <8694.106445, 319.194489, 6394.848145>, 3/3 deceased)
16:38:32.985 [AI Object Patrol 00065] Global patrol count: 1
16:38:32.995 [AI Object Patrol 00065] HelicopterWreck category patrol count: 1
16:42:48.120 [VehicleDeleted] ExpansionUh1h_Medical (id=7CA6EE1CEA4A32355641DF8BB442E61C pos=<1230.48, 168.74, 7567.1>)
16:43:15.849 [VehicleDeleted] ExpansionUh1h_Resistance (id=FB181C6901464EA970D57F9992ACB696 pos=<7925.62, 169.62, 11833.3>)
16:45:07.880 [AI Object Patrol 00069] Despawning 3 East bots (spawn position <9786.275391, 281.922455, 5994.848633>, 0/3 deceased)
16:45:07.890 [AI Object Patrol 00069] Global patrol count: 0
16:45:07.899 [AI Object Patrol 00069] HelicopterWreck category patrol count: 0
16:45:30.863 [VehicleDestroyed] ExpansionUh1h_Resistance (id=E51170018541A83DF4B7898C21695922 pos=<1228.17, 169.13, 7566.18>)
16:45:38.540 [VehicleDestroyed] ExpansionUh1h_Uber (id=A20BF6D0944C88011818788AAAF7E4F0 pos=<7924.84, 169.29, 11834.1>)
16:48:58.422 [VehicleEnter] Player "Mr. Blue" (id=Lw52hZyZO7pZP21eLhjYCVUz5rrRVAodhUgchUxGS8A=) entered vehicle Gyrocopter (id=6E84FF65E84850C42793EBBBEF7D8F7C pos=<10341.4, 224.01, 5904.39>) as pilot
16:49:00.446 [VehicleEngine] Player "Mr. Blue" (id=Lw52hZyZO7pZP21eLhjYCVUz5rrRVAodhUgchUxGS8A=) started vehicle Gyrocopter (id=6E84FF65E84850C42793EBBBEF7D8F7C pos=<10341.4, 224.01, 5904.39>)
16:49:50.853 [AI Object Patrol 00079] Spawning 2 East bots at <10401.364258, 211.736908, 6188.479492>
16:49:50.878 [AI Object Patrol 00079] Global patrol count: 1
16:49:50.889 [AI Object Patrol 00079] HelicopterWreck category patrol count: 1
16:50:41.295 [AI Object Patrol 00011] Spawning 1 West bots at <7714.790527, 243.872910, 6037.185059>
16:50:41.317 [AI Object Patrol 00011] Global patrol count: 2
16:50:41.327 [AI Object Patrol 00011] ContaminatedArea category patrol count: 1
16:50:46.050 [AI Object Patrol 00007] Spawning 3 West bots at <7605.583984, 236.465744, 6103.434082>
16:50:46.084 [AI Object Patrol 00007] Global patrol count: 3
16:50:46.094 [AI Object Patrol 00007] ContaminatedArea category patrol count: 2
16:51:41.703 [VehicleDeleted] ExpansionUh1h_Resistance (id=E51170018541A83DF4B7898C21695922 pos=<1230.53, 168.72, 7567.19>)
16:52:07.215 [VehicleEngine] Player "NULL" (id=NULL) stopped vehicle Gyrocopter (id=6E84FF65E84850C42793EBBBEF7D8F7C pos=<10082.2, 250.62, 6036.96>)
16:52:07.239 [VehicleLeave] Player "Mr. Blue" (id=Lw52hZyZO7pZP21eLhjYCVUz5rrRVAodhUgchUxGS8A=) left vehicle Gyrocopter (id=6E84FF65E84850C42793EBBBEF7D8F7C pos=<10082.2, 250.62, 6036.96>)
16:52:09.594 [VehicleDeleted] ExpansionUh1h_Uber (id=A20BF6D0944C88011818788AAAF7E4F0 pos=<7923.85, 168.82, 11835.5>)
16:53:00.224 [VehicleEnter] Player "Mr. Blue" (id=Lw52hZyZO7pZP21eLhjYCVUz5rrRVAodhUgchUxGS8A=) entered vehicle Gyrocopter (id=6E84FF65E84850C42793EBBBEF7D8F7C pos=<10082.2, 250.63, 6037.06>) as pilot
16:53:03.984 [VehicleLeave] Player "Mr. Blue" (id=Lw52hZyZO7pZP21eLhjYCVUz5rrRVAodhUgchUxGS8A=) left vehicle Gyrocopter (id=6E84FF65E84850C42793EBBBEF7D8F7C pos=<10082.2, 250.63, 6037.07>)
16:53:41.900 [AI Object Patrol 00079] East bots were wiped out (spawn position <10401.364258, 211.736908, 6188.479492>, 2/2 deceased)
16:53:41.910 [AI Object Patrol 00079] Global patrol count: 2
16:53:41.920 [AI Object Patrol 00079] HelicopterWreck category patrol count: 0
16:54:19.805 [VehicleEnter] Player "Mr. Blue" (id=Lw52hZyZO7pZP21eLhjYCVUz5rrRVAodhUgchUxGS8A=) entered vehicle Gyrocopter (id=6E84FF65E84850C42793EBBBEF7D8F7C pos=<10082.1, 250.65, 6037.22>) as pilot
16:54:21.915 [VehicleEngine] Player "Mr. Blue" (id=Lw52hZyZO7pZP21eLhjYCVUz5rrRVAodhUgchUxGS8A=) started vehicle Gyrocopter (id=6E84FF65E84850C42793EBBBEF7D8F7C pos=<10082.1, 250.65, 6037.23>)
16:54:24.189 [VehicleDestroyed] ExpansionUh1h_Uber (id=E26A0D245B42C42887093A8E9F708A2A pos=<1228.15, 169.12, 7566.26>)
16:54:32.604 [VehicleDestroyed] ExpansionUh1h_Resistance (id=D48D7D33FE44E64C3F7D6BAD0EC4A804 pos=<7924.79, 169.3, 11834>)
16:54:52.513 [VehicleEngine] Player "NULL" (id=NULL) stopped vehicle Gyrocopter (id=6E84FF65E84850C42793EBBBEF7D8F7C pos=<10369.2, 212.58, 6164.89>)
16:54:52.537 [VehicleLeave] Player "Mr. Blue" (id=Lw52hZyZO7pZP21eLhjYCVUz5rrRVAodhUgchUxGS8A=) left vehicle Gyrocopter (id=6E84FF65E84850C42793EBBBEF7D8F7C pos=<10369.2, 212.58, 6164.89>)
16:56:11.130 [VehicleEnter] Player "Mr. Blue" (id=Lw52hZyZO7pZP21eLhjYCVUz5rrRVAodhUgchUxGS8A=) entered vehicle Gyrocopter (id=6E84FF65E84850C42793EBBBEF7D8F7C pos=<10369.2, 212.58, 6165.27>) as pilot
16:56:13.030 [VehicleEngine] Player "Mr. Blue" (id=Lw52hZyZO7pZP21eLhjYCVUz5rrRVAodhUgchUxGS8A=) started vehicle Gyrocopter (id=6E84FF65E84850C42793EBBBEF7D8F7C pos=<10369.2, 212.58, 6165.28>)
16:57:30.656 [VehicleEngine] Player "NULL" (id=NULL) stopped vehicle Gyrocopter (id=6E84FF65E84850C42793EBBBEF7D8F7C pos=<10339.7, 224, 5904.05>)
16:57:30.703 [VehicleLeave] Player "Mr. Blue" (id=Lw52hZyZO7pZP21eLhjYCVUz5rrRVAodhUgchUxGS8A=) left vehicle Gyrocopter (id=6E84FF65E84850C42793EBBBEF7D8F7C pos=<10339.7, 224, 5904.05>)
16:57:37.149 [VehicleEnter] Player "PoiiZoner3" (id=cZC_vl4onJwtCEZaOtA89yPcwyGnN7Qy01WI28TQhbU=) entered vehicle Mh-6 Little Bird (id=994F5F4FBF433CBFE47A75B67AE1D77F pos=<9060.56, 299.19, 6596.89>) as pilot
16:58:42.063 [VehicleEngine] Player "PoiiZoner3" (id=cZC_vl4onJwtCEZaOtA89yPcwyGnN7Qy01WI28TQhbU=) started vehicle Mh-6 Little Bird (id=994F5F4FBF433CBFE47A75B67AE1D77F pos=<9060.56, 299.19, 6596.88>)
17:00:33.809 [VehicleDeleted] ExpansionUh1h_Uber (id=E26A0D245B42C42887093A8E9F708A2A pos=<1230.37, 168.71, 7567.26>)
17:00:56.385 [AI Object Patrol 00007] Despawning 3 West bots (spawn position <7605.583984, 236.465744, 6103.434082>, 0/3 deceased)
17:00:56.399 [AI Object Patrol 00007] Global patrol count: 1
17:00:56.413 [AI Object Patrol 00007] ContaminatedArea category patrol count: 1
17:01:01.383 [AI Object Patrol 00011] Despawning 1 West bots (spawn position <7714.790527, 243.872910, 6037.185059>, 0/1 deceased)
17:01:01.393 [AI Object Patrol 00011] Global patrol count: 0
17:01:01.403 [AI Object Patrol 00011] ContaminatedArea category patrol count: 0
17:01:01.845 [VehicleDeleted] ExpansionUh1h_Resistance (id=D48D7D33FE44E64C3F7D6BAD0EC4A804 pos=<7927.49, 169.46, 11835.7>)
17:01:05.267 [VehicleEngine] Player "PoiiZoner3" (id=cZC_vl4onJwtCEZaOtA89yPcwyGnN7Qy01WI28TQhbU=) stopped vehicle Mh-6 Little Bird (id=994F5F4FBF433CBFE47A75B67AE1D77F pos=<8819.05, 315.02, 6664.62>)
17:01:27.776 [VehicleLeave] Player "PoiiZoner3" (id=cZC_vl4onJwtCEZaOtA89yPcwyGnN7Qy01WI28TQhbU=) left vehicle Mh-6 Little Bird (id=994F5F4FBF433CBFE47A75B67AE1D77F pos=<8819.04, 314.89, 6664.58>)
17:03:16.318 [VehicleDestroyed] ExpansionUh1h_Uber (id=AB6862DB054BC15AC8AA668DE056E676 pos=<1228.14, 169.12, 7566.25>)
17:03:34.089 [VehicleDestroyed] ExpansionUh1h (id=9504C260DC40E076DB644EAD3EF00BEB pos=<7924.53, 169.37, 11833.5>)
17:09:24.653 [VehicleDeleted] ExpansionUh1h_Uber (id=AB6862DB054BC15AC8AA668DE056E676 pos=<1230.38, 168.73, 7567.18>)
17:09:52.457 [VehicleDeleted] ExpansionUh1h (id=9504C260DC40E076DB644EAD3EF00BEB pos=<7924.19, 169.31, 11833.4>)
17:12:08.028 [VehicleDestroyed] ExpansionUh1h_Uber (id=FF1BCDA37F419E8C3127D09CA076D9E7 pos=<1228.16, 169.14, 7566.15>)
17:12:25.985 [VehicleDestroyed] ExpansionUh1h (id=901D401A00418A373D5DDAAFAE1B3FFE pos=<7924.83, 169.42, 11833.5>)
17:15:25.557 [VehicleEnter] Player "PoiiZoner3" (id=cZC_vl4onJwtCEZaOtA89yPcwyGnN7Qy01WI28TQhbU=) entered vehicle Mh-6 Little Bird (id=994F5F4FBF433CBFE47A75B67AE1D77F pos=<8819.04, 314.89, 6664.58>) as pilot
17:15:34.526 [VehicleEngine] Player "PoiiZoner3" (id=cZC_vl4onJwtCEZaOtA89yPcwyGnN7Qy01WI28TQhbU=) started vehicle Mh-6 Little Bird (id=994F5F4FBF433CBFE47A75B67AE1D77F pos=<8819.05, 314.89, 6664.58>)
17:16:37.923 [AI Object Patrol 00077] Spawning 2 East bots at <9414.980469, 251.796906, 8122.736328>
17:16:37.953 [AI Object Patrol 00077] Global patrol count: 1
17:16:37.963 [AI Object Patrol 00077] HelicopterWreck category patrol count: 1
17:16:52.636 [AI Object Patrol 00065] Despawning West patrol (spawn position <8679.638672, 319.882660, 6371.648438>)
17:17:15.736 [AI Object Patrol 00083] Spawning 2 West bots at <7746.836426, 338.684662, 10097.865234>
17:17:15.779 [AI Object Patrol 00083] Global patrol count: 2
17:17:15.789 [AI Object Patrol 00083] ContaminatedArea category patrol count: 1
17:18:10.294 [VehicleEngine] Player "PoiiZoner3" (id=cZC_vl4onJwtCEZaOtA89yPcwyGnN7Qy01WI28TQhbU=) stopped vehicle Mh-6 Little Bird (id=994F5F4FBF433CBFE47A75B67AE1D77F pos=<7992.4, 312.73, 9711.53>)
17:18:16.443 [VehicleDeleted] ExpansionUh1h_Uber (id=FF1BCDA37F419E8C3127D09CA076D9E7 pos=<1230.54, 168.75, 7567.05>)
17:18:16.897 [VehicleLeave] Player "PoiiZoner3" (id=cZC_vl4onJwtCEZaOtA89yPcwyGnN7Qy01WI28TQhbU=) left vehicle Mh-6 Little Bird (id=994F5F4FBF433CBFE47A75B67AE1D77F pos=<7992.47, 312.44, 9711.57>)
17:18:44.199 [VehicleDeleted] ExpansionUh1h (id=901D401A00418A373D5DDAAFAE1B3FFE pos=<7928.83, 169.94, 11834.7>)
17:20:58.977 [VehicleDestroyed] ExpansionUh1h_Uber (id=12D66AC23B464CB356AA4384C889CCD8 pos=<1228.14, 169.12, 7566.25>)
17:21:10.723 [VehicleDestroyed] ExpansionUh1h_Uber (id=BD26A8498A47BEF85578C48355F080AA pos=<7925, 169.36, 11833.9>)
17:22:28.047 [AI Object Patrol 00077] Despawning 2 East bots (spawn position <9414.980469, 251.796906, 8122.736328>, 0/2 deceased)
17:22:28.057 [AI Object Patrol 00077] Global patrol count: 1
17:22:28.067 [AI Object Patrol 00077] HelicopterWreck category patrol count: 0
17:24:19.402 [AI Object Patrol 00079] Despawning 0 East bots (spawn position <10407.908203, 211.697754, 6207.567383>, 2/2 deceased)
17:26:47.041 [AI Object Patrol 00084] Spawning 3 West bots at <8212.993164, 215.205673, 10788.279297>
17:26:47.067 [AI Object Patrol 00084] Global patrol count: 2
17:26:47.078 [AI Object Patrol 00084] ContaminatedArea category patrol count: 2
17:27:07.427 [VehicleDeleted] ExpansionUh1h_Uber (id=12D66AC23B464CB356AA4384C889CCD8 pos=<1230.39, 168.72, 7567.2>)
17:27:35.471 [VehicleDeleted] ExpansionUh1h_Uber (id=BD26A8498A47BEF85578C48355F080AA pos=<7925.51, 169.05, 11835.8>)
17:29:50.755 [VehicleDestroyed] ExpansionUh1h_Uber (id=74549EF1424460BBC30D5CBA5093D1EF pos=<1228.06, 169.13, 7566.21>)
17:29:58.993 [VehicleDestroyed] ExpansionUh1h (id=1852A330D8476ECAE46524AC0A810F78 pos=<7924.61, 169.33, 11833.8>)
17:33:59.284 [VehicleEnter] Player "PoiiZoner3" (id=cZC_vl4onJwtCEZaOtA89yPcwyGnN7Qy01WI28TQhbU=) entered vehicle UH-1H (id=81F79584E1468E326FDD019A29A500E3 pos=<7883.53, 320.55, 9802.19>) as pilot
17:34:05.414 [VehicleEngine] Player "PoiiZoner3" (id=cZC_vl4onJwtCEZaOtA89yPcwyGnN7Qy01WI28TQhbU=) started vehicle UH-1H (id=81F79584E1468E326FDD019A29A500E3 pos=<7883.53, 320.55, 9802.19>)
17:34:57.318 [VehicleEngine] Player "PoiiZoner3" (id=cZC_vl4onJwtCEZaOtA89yPcwyGnN7Qy01WI28TQhbU=) stopped vehicle UH-1H (id=81F79584E1468E326FDD019A29A500E3 pos=<7881.91, 322.13, 9800.96>)
17:35:05.658 [VehicleLeave] Player "PoiiZoner3" (id=cZC_vl4onJwtCEZaOtA89yPcwyGnN7Qy01WI28TQhbU=) left vehicle UH-1H (id=81F79584E1468E326FDD019A29A500E3 pos=<7882.99, 320.54, 9799.94>)
17:35:59.001 [VehicleDeleted] ExpansionUh1h_Uber (id=74549EF1424460BBC30D5CBA5093D1EF pos=<1230.35, 168.71, 7567.27>)
17:36:26.774 [VehicleDeleted] ExpansionUh1h (id=1852A330D8476ECAE46524AC0A810F78 pos=<7925.55, 169.55, 11833.6>)
17:38:42.741 [VehicleDestroyed] ExpansionUh1h_Uber (id=B33BB9D48042D3E74D6C7FA14F411EBD pos=<1228.17, 169.12, 7566.25>)
17:38:53.558 [VehicleEnter] Player "PoiiZoner3" (id=cZC_vl4onJwtCEZaOtA89yPcwyGnN7Qy01WI28TQhbU=) entered vehicle Mh-6 Little Bird (id=994F5F4FBF433CBFE47A75B67AE1D77F pos=<7992.89, 312.41, 9711.58>) as pilot
17:38:57.452 [VehicleDestroyed] ExpansionUh1h (id=8A6CB0278F4E7A884C5B669E3095F284 pos=<7924.65, 169.37, 11833.6>)
17:38:57.528 [VehicleEngine] Player "PoiiZoner3" (id=cZC_vl4onJwtCEZaOtA89yPcwyGnN7Qy01WI28TQhbU=) started vehicle Mh-6 Little Bird (id=994F5F4FBF433CBFE47A75B67AE1D77F pos=<7992.93, 312.41, 9711.58>)
17:41:39.328 [VehicleEngine] Player "PoiiZoner3" (id=cZC_vl4onJwtCEZaOtA89yPcwyGnN7Qy01WI28TQhbU=) stopped vehicle Mh-6 Little Bird (id=994F5F4FBF433CBFE47A75B67AE1D77F pos=<5466.41, 301.41, 8667.81>)
17:41:55.529 [VehicleLeave] Player "PoiiZoner3" (id=cZC_vl4onJwtCEZaOtA89yPcwyGnN7Qy01WI28TQhbU=) left vehicle Mh-6 Little Bird (id=994F5F4FBF433CBFE47A75B67AE1D77F pos=<5465.49, 301.14, 8667.98>)
17:43:28.337 [AI Object Patrol 00083] Despawning 2 West bots (spawn position <7746.836426, 338.684662, 10097.865234>, 0/2 deceased)
17:43:28.347 [AI Object Patrol 00083] Global patrol count: 1
17:43:28.357 [AI Object Patrol 00083] ContaminatedArea category patrol count: 1
17:44:52.523 [VehicleDeleted] ExpansionUh1h_Uber (id=B33BB9D48042D3E74D6C7FA14F411EBD pos=<1230.38, 168.75, 7567.1>)
17:45:20.341 [VehicleDeleted] ExpansionUh1h (id=8A6CB0278F4E7A884C5B669E3095F284 pos=<7924.32, 169.32, 11833.5>)
17:47:12.094 [AI Object Patrol 00084] Despawning 3 West bots (spawn position <8212.993164, 215.205673, 10788.279297>, 0/3 deceased)
17:47:12.105 [AI Object Patrol 00084] Global patrol count: 0
17:47:12.115 [AI Object Patrol 00084] ContaminatedArea category patrol count: 0
17:47:34.938 [VehicleDestroyed] ExpansionUh1h_Uber (id=0DD2AF36BA4EE4AB424224BFE98E5A65 pos=<1228.12, 169.13, 7566.23>)
17:47:48.954 [VehicleDestroyed] ExpansionUh1h (id=F28B9B04404B6F7AB429AB8422D1D366 pos=<7924.77, 169.4, 11833.6>)
17:53:43.483 [VehicleDeleted] ExpansionUh1h_Uber (id=0DD2AF36BA4EE4AB424224BFE98E5A65 pos=<1230.47, 168.75, 7567.05>)
17:54:11.534 [VehicleDeleted] ExpansionUh1h (id=F28B9B04404B6F7AB429AB8422D1D366 pos=<7924.58, 169.33, 11833.8>)
17:56:26.719 [VehicleDestroyed] ExpansionUh1h (id=C1161A648A4EE8F89AC3B98275B79A6C pos=<1228.08, 169.13, 7566.22>)
17:56:39.318 [VehicleDestroyed] ExpansionUh1h (id=AE05D54CB5471DA86E0802A40940E781 pos=<7924.48, 169.33, 11833.6>)
17:59:38.401 [VehicleEnter] Player "PoiiZoner3" (id=cZC_vl4onJwtCEZaOtA89yPcwyGnN7Qy01WI28TQhbU=) entered vehicle Mh-6 Little Bird (id=994F5F4FBF433CBFE47A75B67AE1D77F pos=<5463.71, 300.73, 8668.62>) as pilot
17:59:41.658 [VehicleEngine] Player "PoiiZoner3" (id=cZC_vl4onJwtCEZaOtA89yPcwyGnN7Qy01WI28TQhbU=) started vehicle Mh-6 Little Bird (id=994F5F4FBF433CBFE47A75B67AE1D77F pos=<5463.72, 300.73, 8668.62>)
18:02:22.622 [AI Object Patrol 00090] Spawning 1 West bots at <5398.034668, 268.282562, 6702.203125>
18:02:22.648 [AI Object Patrol 00090] Global patrol count: 1
18:02:22.658 [AI Object Patrol 00090] HelicopterWreck category patrol count: 1
18:02:33.924 [VehicleDeleted] ExpansionUh1h (id=C1161A648A4EE8F89AC3B98275B79A6C pos=<1230.27, 168.72, 7567.25>)
18:03:01.812 [VehicleDeleted] ExpansionUh1h (id=AE05D54CB5471DA86E0802A40940E781 pos=<7924.33, 169.31, 11833.6>)
18:03:36.473 [VehicleEngine] Player "PoiiZoner3" (id=cZC_vl4onJwtCEZaOtA89yPcwyGnN7Qy01WI28TQhbU=) stopped vehicle Mh-6 Little Bird (id=994F5F4FBF433CBFE47A75B67AE1D77F pos=<4445.12, 317.01, 6742.85>)
18:03:41.858 [VehicleLeave] Player "PoiiZoner3" (id=cZC_vl4onJwtCEZaOtA89yPcwyGnN7Qy01WI28TQhbU=) left vehicle Mh-6 Little Bird (id=994F5F4FBF433CBFE47A75B67AE1D77F pos=<4445.12, 316.73, 6742.85>)
18:04:53.919 [AI Object Patrol 00090] Despawning 1 West bots (spawn position <5398.034668, 268.282562, 6702.203125>, 0/1 deceased)
18:04:53.929 [AI Object Patrol 00090] Global patrol count: 0
18:04:53.938 [AI Object Patrol 00090] HelicopterWreck category patrol count: 0
18:05:16.971 [VehicleDestroyed] ExpansionUh1h_Medical (id=DA6A0DC79744DBE7904D4F8C0B820CC4 pos=<1228.1, 169.13, 7566.22>)
18:05:27.722 [VehicleDestroyed] ExpansionUh1h_Uber (id=6F9D2937384CBE0506674390A4AD9AE8 pos=<7924.73, 169.35, 11833.8>)
18:11:24.986 [VehicleDeleted] ExpansionUh1h_Medical (id=DA6A0DC79744DBE7904D4F8C0B820CC4 pos=<1230.45, 168.75, 7567.09>)
18:11:52.834 [VehicleDeleted] ExpansionUh1h_Uber (id=6F9D2937384CBE0506674390A4AD9AE8 pos=<7924.17, 169.05, 11834.7>)
18:14:07.184 [VehicleDestroyed] ExpansionUh1h_Uber (id=ACCD96B63A459A869AB60E86573A85E6 pos=<1228.18, 169.14, 7566.17>)
18:14:07.994 [VehicleEnter] Player "PoiiZoner3" (id=cZC_vl4onJwtCEZaOtA89yPcwyGnN7Qy01WI28TQhbU=) entered vehicle Mh-6 Little Bird (id=994F5F4FBF433CBFE47A75B67AE1D77F pos=<4444.46, 316.71, 6743.13>) as pilot
18:14:13.293 [VehicleEngine] Player "PoiiZoner3" (id=cZC_vl4onJwtCEZaOtA89yPcwyGnN7Qy01WI28TQhbU=) started vehicle Mh-6 Little Bird (id=994F5F4FBF433CBFE47A75B67AE1D77F pos=<4444.41, 316.71, 6743.15>)
18:14:20.354 [VehicleDestroyed] ExpansionUh1h (id=49142E653A48BF3E5DA1E5B1A70C58AF pos=<7924.95, 169.38, 11833.7>)
18:15:11.558 [AI Object Patrol 00102] Spawning 2 West bots at <6203.906738, 267.727386, 6939.985840>
18:15:11.588 [AI Object Patrol 00102] Global patrol count: 1
18:15:11.598 [AI Object Patrol 00102] HelicopterWreck category patrol count: 1
18:15:47.997 [VehicleEnter] Player "Bad Boy" (id=7EOOpe6Cv8QB45p22zWB29TPheQCYualmurDzSA3CR0=) entered vehicle Land Rover Defender (id=F14DA84150452B93C83C85BA2443F68D pos=<1324.92, 370.47, 11468.7>) as driver
18:15:54.878 [VehicleEngine] Player "Bad Boy" (id=7EOOpe6Cv8QB45p22zWB29TPheQCYualmurDzSA3CR0=) started vehicle Land Rover Defender (id=F14DA84150452B93C83C85BA2443F68D pos=<1324.92, 370.47, 11468.7>)
18:16:01.309 [AI Object Patrol 00098] Spawning 2 East bots at <8388.501953, 296.898132, 7574.504883>
18:16:01.344 [AI Object Patrol 00098] Global patrol count: 2
18:16:01.354 [AI Object Patrol 00098] HelicopterWreck category patrol count: 2
18:16:07.927 [VehicleEngine] Player "NULL" (id=NULL) stopped vehicle Land Rover Defender (id=F14DA84150452B93C83C85BA2443F68D pos=<1311.79, 367.31, 11483.3>)
18:16:07.952 [VehicleLeave] Player "Bad Boy" (id=7EOOpe6Cv8QB45p22zWB29TPheQCYualmurDzSA3CR0=) left vehicle Land Rover Defender (id=F14DA84150452B93C83C85BA2443F68D pos=<1311.79, 367.31, 11483.3>)
18:16:22.952 [VehicleEnter] Player "Bad Boy" (id=7EOOpe6Cv8QB45p22zWB29TPheQCYualmurDzSA3CR0=) entered vehicle Land Rover Defender (id=F14DA84150452B93C83C85BA2443F68D pos=<1311.79, 367.31, 11483.3>) as driver
18:16:24.618 [VehicleEngine] Player "Bad Boy" (id=7EOOpe6Cv8QB45p22zWB29TPheQCYualmurDzSA3CR0=) started vehicle Land Rover Defender (id=F14DA84150452B93C83C85BA2443F68D pos=<1311.79, 367.31, 11483.3>)
18:17:57.749 [VehicleEngine] Player "PoiiZoner3" (id=cZC_vl4onJwtCEZaOtA89yPcwyGnN7Qy01WI28TQhbU=) stopped vehicle Mh-6 Little Bird (id=994F5F4FBF433CBFE47A75B67AE1D77F pos=<9617.7, 218.9, 8444.33>)
18:18:01.398 [VehicleLeave] Player "PoiiZoner3" (id=cZC_vl4onJwtCEZaOtA89yPcwyGnN7Qy01WI28TQhbU=) left vehicle Mh-6 Little Bird (id=994F5F4FBF433CBFE47A75B67AE1D77F pos=<9617.7, 218.9, 8444.2>)
18:19:33.080 [VehicleEngine] Player "NULL" (id=NULL) stopped vehicle Land Rover Defender (id=F14DA84150452B93C83C85BA2443F68D pos=<1324.45, 277.73, 9570.96>)
18:19:33.117 [VehicleLeave] Player "Bad Boy" (id=7EOOpe6Cv8QB45p22zWB29TPheQCYualmurDzSA3CR0=) left vehicle Land Rover Defender (id=F14DA84150452B93C83C85BA2443F68D pos=<1324.45, 277.73, 9570.96>)
18:19:51.675 [VehicleEnter] Player "Bad Boy" (id=7EOOpe6Cv8QB45p22zWB29TPheQCYualmurDzSA3CR0=) entered vehicle Land Rover Defender (id=F14DA84150452B93C83C85BA2443F68D pos=<1324.45, 277.73, 9570.96>) as driver
18:19:54.005 [VehicleEngine] Player "Bad Boy" (id=7EOOpe6Cv8QB45p22zWB29TPheQCYualmurDzSA3CR0=) started vehicle Land Rover Defender (id=F14DA84150452B93C83C85BA2443F68D pos=<1324.45, 277.73, 9570.96>)
18:20:15.826 [VehicleDeleted] ExpansionUh1h_Uber (id=ACCD96B63A459A869AB60E86573A85E6 pos=<1230.44, 168.76, 7567.02>)
18:20:43.597 [VehicleDeleted] ExpansionUh1h (id=49142E653A48BF3E5DA1E5B1A70C58AF pos=<7926.3, 169.18, 11836>)
18:22:32.313 [VehicleEngine] Player "NULL" (id=NULL) stopped vehicle Land Rover Defender (id=F14DA84150452B93C83C85BA2443F68D pos=<1580.73, 196.29, 7328.39>)
18:22:32.347 [VehicleLeave] Player "Bad Boy" (id=7EOOpe6Cv8QB45p22zWB29TPheQCYualmurDzSA3CR0=) left vehicle Land Rover Defender (id=F14DA84150452B93C83C85BA2443F68D pos=<1580.73, 196.29, 7328.39>)
18:23:16.081 [VehicleDestroyed] ExpansionUh1h_Medical (id=D3D5CD031541F65DAF2EA39E38C9F477 pos=<7924.85, 169.46, 11833.4>)
18:25:50.756 [AI Object Patrol 00102] Despawning 2 West bots (spawn position <6203.906738, 267.727386, 6939.985840>, 0/2 deceased)
18:25:50.766 [AI Object Patrol 00102] Global patrol count: 1
18:25:50.776 [AI Object Patrol 00102] HelicopterWreck category patrol count: 1
18:26:41.896 [AI Object Patrol 00098] Despawning 2 East bots (spawn position <8388.501953, 296.898132, 7574.504883>, 0/2 deceased)
18:26:41.906 [AI Object Patrol 00098] Global patrol count: 0
18:26:41.916 [AI Object Patrol 00098] HelicopterWreck category patrol count: 0
18:29:34.330 [VehicleDeleted] ExpansionUh1h_Medical (id=D3D5CD031541F65DAF2EA39E38C9F477 pos=<7924.81, 169.47, 11833.4>)
18:31:48.697 [VehicleDestroyed] ExpansionUh1h_Medical (id=87C242395D489B3EBCA185930BDC0830 pos=<1228.13, 169.11, 7566.29>)
18:32:01.417 [VehicleDestroyed] ExpansionUh1h_Resistance (id=7226C910FA46613CB065FFA608678B0F pos=<7924.72, 169.37, 11833.7>)
18:34:26.495 [VehicleEnter] Player "Bad Boy" (id=7EOOpe6Cv8QB45p22zWB29TPheQCYualmurDzSA3CR0=) entered vehicle Land Rover Defender (id=F14DA84150452B93C83C85BA2443F68D pos=<1580.73, 196.29, 7328.39>) as driver
18:34:29.157 [VehicleLeave] Player "Bad Boy" (id=7EOOpe6Cv8QB45p22zWB29TPheQCYualmurDzSA3CR0=) left vehicle Land Rover Defender (id=F14DA84150452B93C83C85BA2443F68D pos=<1580.73, 196.29, 7328.39>)
18:34:32.885 [VehicleEnter] Player "Bad Boy" (id=7EOOpe6Cv8QB45p22zWB29TPheQCYualmurDzSA3CR0=) entered vehicle Land Rover Defender (id=F14DA84150452B93C83C85BA2443F68D pos=<1580.73, 196.29, 7328.39>) as driver
18:34:35.254 [VehicleEngine] Player "Bad Boy" (id=7EOOpe6Cv8QB45p22zWB29TPheQCYualmurDzSA3CR0=) started vehicle Land Rover Defender (id=F14DA84150452B93C83C85BA2443F68D pos=<1580.73, 196.29, 7328.39>)
18:35:53.402 [VehicleEngine] Player "NULL" (id=NULL) stopped vehicle Land Rover Defender (id=F14DA84150452B93C83C85BA2443F68D pos=<705.21, 191.18, 7313.73>)
18:35:53.438 [VehicleLeave] Player "Bad Boy" (id=7EOOpe6Cv8QB45p22zWB29TPheQCYualmurDzSA3CR0=) left vehicle Land Rover Defender (id=F14DA84150452B93C83C85BA2443F68D pos=<705.21, 191.18, 7313.74>)
18:37:59.609 [VehicleDeleted] ExpansionUh1h_Medical (id=87C242395D489B3EBCA185930BDC0830 pos=<1230.42, 168.71, 7567.23>)
18:38:27.449 [VehicleDeleted] ExpansionUh1h_Resistance (id=7226C910FA46613CB065FFA608678B0F pos=<7924.16, 169.21, 11833.9>)
18:38:56.557 [VehicleEnter] Player "PoiiZoner3" (id=cZC_vl4onJwtCEZaOtA89yPcwyGnN7Qy01WI28TQhbU=) entered vehicle Mh-6 Little Bird (id=994F5F4FBF433CBFE47A75B67AE1D77F pos=<9617.68, 218.9, 8443.07>) as pilot
18:38:58.627 [VehicleEngine] Player "PoiiZoner3" (id=cZC_vl4onJwtCEZaOtA89yPcwyGnN7Qy01WI28TQhbU=) started vehicle Mh-6 Little Bird (id=994F5F4FBF433CBFE47A75B67AE1D77F pos=<9617.68, 218.9, 8443.02>)
18:40:15.957 [AI Object Patrol 00100] Spawning 3 East bots at <7923.939453, 279.465790, 6582.314453>
18:40:15.994 [AI Object Patrol 00100] Global patrol count: 1
18:40:16.010 [AI Object Patrol 00100] HelicopterWreck category patrol count: 1
18:40:30.012 [AI Object Patrol 00008] Spawning 3 West bots at <7396.221191, 226.742355, 6323.608398>
18:40:30.032 [AI Object Patrol 00008] Global patrol count: 2
18:40:30.042 [AI Object Patrol 00008] ContaminatedArea category patrol count: 1
18:40:35.183 [AI Object Patrol 00010] Spawning 2 West bots at <7605.983398, 238.256195, 5823.545898>
18:40:35.210 [AI Object Patrol 00010] Global patrol count: 3
18:40:35.227 [AI Object Patrol 00010] ContaminatedArea category patrol count: 2
18:40:40.979 [VehicleDestroyed] ExpansionUh1h_Resistance (id=50D6B930084C4458C52DDFA3DE8F3F43 pos=<1228.12, 169.12, 7566.28>)
18:41:04.433 [VehicleDestroyed] ExpansionUh1h_Resistance (id=1BB85FC2184416ACC433CE8AECCE37E2 pos=<7925.5, 169.57, 11833.5>)
18:42:10.873 [AI Object Patrol 00100] Despawning 3 East bots (spawn position <7923.939453, 279.465790, 6582.314453>, 0/3 deceased)
18:42:10.884 [AI Object Patrol 00100] Global patrol count: 2
18:42:10.895 [AI Object Patrol 00100] HelicopterWreck category patrol count: 0
18:43:26.439 [VehicleEngine] Player "PoiiZoner3" (id=cZC_vl4onJwtCEZaOtA89yPcwyGnN7Qy01WI28TQhbU=) stopped vehicle Mh-6 Little Bird (id=994F5F4FBF433CBFE47A75B67AE1D77F pos=<5792.32, 412.73, 4022.67>)
18:43:33.513 [VehicleLeave] Player "PoiiZoner3" (id=cZC_vl4onJwtCEZaOtA89yPcwyGnN7Qy01WI28TQhbU=) left vehicle Mh-6 Little Bird (id=994F5F4FBF433CBFE47A75B67AE1D77F pos=<5792.39, 412.21, 4022.65>)
18:46:50.617 [VehicleDeleted] ExpansionUh1h_Resistance (id=50D6B930084C4458C52DDFA3DE8F3F43 pos=<1230.36, 168.74, 7567.16>)
18:47:19.667 [VehicleDeleted] ExpansionUh1h_Resistance (id=1BB85FC2184416ACC433CE8AECCE37E2 pos=<7927.5, 169.95, 11833.4>)
18:49:34.308 [VehicleDestroyed] ExpansionUh1h_Resistance (id=4A9C7D3FF34DE516F7C8759AC8E8FFBE pos=<1228.15, 169.14, 7566.15>)
18:49:53.386 [VehicleDestroyed] ExpansionUh1h_Uber (id=816B6C21514D3B42DFEF94B6CDE127B0 pos=<7925.27, 169.51, 11833.6>)
18:51:14.718 [AI Object Patrol 00008] Despawning 3 West bots (spawn position <7396.221191, 226.742355, 6323.608398>, 0/3 deceased)
18:51:14.729 [AI Object Patrol 00008] Global patrol count: 1
18:51:14.739 [AI Object Patrol 00008] ContaminatedArea category patrol count: 1
18:51:15.465 [AI Object Patrol 00105] Spawning 2 West bots at <5713.826172, 419.570007, 3811.558838>
18:51:15.494 [AI Object Patrol 00105] Global patrol count: 2
18:51:15.504 [AI Object Patrol 00105] ContaminatedArea category patrol count: 2
18:51:19.118 [AI Object Patrol 00010] Despawning 2 West bots (spawn position <7605.983398, 238.256195, 5823.545898>, 0/2 deceased)
18:51:19.130 [AI Object Patrol 00010] Global patrol count: 1
18:51:19.140 [AI Object Patrol 00010] ContaminatedArea category patrol count: 1
18:55:42.473 [VehicleDeleted] ExpansionUh1h_Resistance (id=4A9C7D3FF34DE516F7C8759AC8E8FFBE pos=<1230.52, 168.76, 7567>)
18:56:11.011 [VehicleDeleted] ExpansionUh1h_Uber (id=816B6C21514D3B42DFEF94B6CDE127B0 pos=<7927.3, 169.87, 11833.6>)
18:58:02.836 [AI Object Patrol 00105] Despawning 2 West bots (spawn position <5713.826172, 419.570007, 3811.558838>, 0/2 deceased)
18:58:02.847 [AI Object Patrol 00105] Global patrol count: 0
18:58:02.858 [AI Object Patrol 00105] ContaminatedArea category patrol count: 0
18:58:26.241 [VehicleDestroyed] ExpansionUh1h_Medical (id=7348AD0B0D430AD2119958A31123B494 pos=<1228.13, 169.15, 7566.14>)
18:58:41.389 [VehicleDestroyed] ExpansionUh1h (id=43E8D994EF43F903A2731AA6BB268BAB pos=<7924.65, 169.39, 11833.5>)
19:04:34.106 [VehicleDeleted] ExpansionUh1h_Medical (id=7348AD0B0D430AD2119958A31123B494 pos=<1230.49, 168.78, 7566.94>)
19:05:02.372 [VehicleDeleted] ExpansionUh1h (id=43E8D994EF43F903A2731AA6BB268BAB pos=<7924.85, 169.46, 11833.4>)
19:07:17.008 [VehicleDestroyed] ExpansionUh1h_Medical (id=1A7212EB844526AB6FCB73AD60026BF8 pos=<1228.15, 169.12, 7566.26>)
19:07:37.475 [VehicleDestroyed] ExpansionUh1h_Resistance (id=7E58789E884B0C9BFDFE56A53B231078 pos=<7925.43, 169.55, 11833.3>)
19:13:26.788 [VehicleDeleted] ExpansionUh1h_Medical (id=1A7212EB844526AB6FCB73AD60026BF8 pos=<1230.42, 168.71, 7567.22>)
19:13:54.740 [VehicleDeleted] ExpansionUh1h_Resistance (id=7E58789E884B0C9BFDFE56A53B231078 pos=<7926.04, 169.15, 11835.8>)
19:16:09.301 [VehicleDestroyed] ExpansionUh1h (id=5A7A2236E54FC0F5C7F36BA8D4E82E03 pos=<1228.19, 169.14, 7566.17>)
19:16:20.984 [VehicleDestroyed] ExpansionUh1h_Medical (id=6840B130E04F2177E9585CA2085931EC pos=<7924.86, 169.42, 11833.6>)
19:22:16.629 [VehicleDeleted] ExpansionUh1h (id=5A7A2236E54FC0F5C7F36BA8D4E82E03 pos=<1230.61, 168.74, 7567.05>)
19:22:44.976 [VehicleDeleted] ExpansionUh1h_Medical (id=6840B130E04F2177E9585CA2085931EC pos=<7926.43, 169.95, 11832.5>)
19:25:01.138 [VehicleDestroyed] ExpansionUh1h_Resistance (id=2B31DC906A47D00A082311B816FF591F pos=<1228.15, 169.14, 7566.16>)
19:25:19.524 [VehicleDestroyed] ExpansionUh1h_Uber (id=0D5B200FEC4412977FFEA896F367E241 pos=<7924.85, 169.42, 11833.5>)
19:28:08.885 [AI Object Patrol 00120] Spawning 2 West bots at <5517.733887, 386.339569, 4915.212402>
19:28:08.916 [AI Object Patrol 00120] Global patrol count: 1
19:28:08.926 [AI Object Patrol 00120] HelicopterWreck category patrol count: 1
19:31:10.165 [VehicleDeleted] ExpansionUh1h_Resistance (id=2B31DC906A47D00A082311B816FF591F pos=<1230.6, 168.78, 7566.91>)
19:31:38.157 [VehicleDeleted] ExpansionUh1h_Uber (id=0D5B200FEC4412977FFEA896F367E241 pos=<7924.71, 169.4, 11833.4>)
19:33:52.850 [VehicleDestroyed] ExpansionUh1h_Resistance (id=5D8B08228F47368183D70B84F566B931 pos=<1228.11, 169.15, 7566.15>)
19:34:08.899 [VehicleDestroyed] ExpansionUh1h_Uber (id=B833BC3E794CEA364BF474B9735297CB pos=<7924.87, 169.45, 11833.5>)
19:38:16.798 [VehicleEnter] Player "snake" (id=0nsyEhm9INQy3se8y-fXlbMHVv4YsIXloUCLC2unDyo=) entered vehicle Gyrocopter (id=961DFC0DD54BCF458A74E6A5EF960114 pos=<8340.55, 334.75, 1641.71>) as pilot
19:38:37.339 [VehicleEngine] Player "snake" (id=0nsyEhm9INQy3se8y-fXlbMHVv4YsIXloUCLC2unDyo=) started vehicle Gyrocopter (id=961DFC0DD54BCF458A74E6A5EF960114 pos=<8340.55, 334.75, 1641.9>)
19:38:42.063 [VehicleEngine] Player "NULL" (id=NULL) stopped vehicle Gyrocopter (id=961DFC0DD54BCF458A74E6A5EF960114 pos=<8340.55, 334.75, 1641.95>)
19:38:42.077 [VehicleLeave] Player "snake" (id=0nsyEhm9INQy3se8y-fXlbMHVv4YsIXloUCLC2unDyo=) left vehicle Gyrocopter (id=961DFC0DD54BCF458A74E6A5EF960114 pos=<8340.55, 334.75, 1641.95>)
19:39:33.162 [VehicleEnter] Player "snake" (id=0nsyEhm9INQy3se8y-fXlbMHVv4YsIXloUCLC2unDyo=) entered vehicle Gyrocopter (id=961DFC0DD54BCF458A74E6A5EF960114 pos=<8340.55, 334.75, 1642.35>) as pilot
19:40:00.050 [VehicleDeleted] ExpansionUh1h_Resistance (id=5D8B08228F47368183D70B84F566B931 pos=<1230.47, 168.73, 7567.13>)
19:40:22.385 [AI Object Patrol 00120] Despawning 2 West bots (spawn position <5517.733887, 386.339569, 4915.212402>, 0/2 deceased)
19:40:22.395 [AI Object Patrol 00120] Global patrol count: 0
19:40:22.406 [AI Object Patrol 00120] HelicopterWreck category patrol count: 0
