2025-07-12T16:57:42Z [AreaTriggerEvents] Created trigger Temple_EG_A12 at 183.2 4.0 1906.6 ori: 0 0 0
2025-07-12T16:57:42Z [AreaTriggerEvents] Created trigger Temple_EG_GreatHallway at 247.4 61.3  1860.3 ori: 0 0 0
2025-07-12T16:57:42Z [AreaTriggerEvents] Created trigger Temple_EG_Entrance at 378.2 132.1 1479.8 ori: 0 0 0
2025-07-12T16:57:42Z [AreaTriggerEvents] Created trigger ArcticCrypt at 15621 231.4 14845 ori: 0 0 0
2025-07-12T16:57:42Z [AreaTriggerEvents] Created trigger ArcticCrypt2 at 15640 258.6 14828 ori: 0 0 0
2025-07-12T16:57:42Z [AreaTriggerEvents] Created trigger ArcticCrypt3 at 15642 208.9 14788 ori: 0 0 0
2025-07-12T16:57:42Z [AreaTriggerEvents] Created trigger KMUCMain at 7059 573.5 11620 ori: 0 0 0
2025-07-12T16:57:42Z [AreaTriggerEvents] Created trigger KMUCMainBottom at 7249 224.8 11617 ori: 0 0 0
2025-07-12T16:57:42Z [AreaTriggerEvents] Created trigger TempleBridgeJump at 371 49.6 526 ori: 0 0 0
2025-07-12T16:57:42Z [AreaTriggerEvents] Created trigger TempleOutsideTop1 at 739.5 38 483 ori: 0 0 0
2025-07-12T16:57:42Z [AreaTriggerEvents] Created trigger TempleOutsideTop2 at 670 49.5 306 ori: 0 0 0
2025-07-12T16:57:42Z [AreaTriggerEvents] Created trigger TempleWolfTrap at 591 14.3 390 ori: 0 0 0
2025-07-12T16:57:42Z [AreaTriggerEvents] Created trigger TempleInside1 at 865 19.2 410 ori: 0 0 0
2025-07-12T16:57:42Z [AreaTriggerEvents] Created trigger TempleInside2 at 828 38 484 ori: 0 0 0
2025-07-12T16:57:42Z [AreaTriggerEvents] Created trigger TempleHammerTrigger at 366 54.3 868 ori: 0 0 0
2025-07-12T16:57:42Z [AreaTriggerEvents] Created trigger TemplePartB1 at 405 130 1517 ori: 0 0 0
2025-07-12T16:57:42Z [AreaTriggerEvents] Created trigger TemplePartB2 at 417 2.4 1591 ori: 0 0 0
2025-07-12T17:06:08Z [AreaTriggerEvents] Created trigger Temple_EG_A12 at 183.2 4.0 1906.6 ori: 0 0 0
2025-07-12T17:06:08Z [AreaTriggerEvents] Created trigger Temple_EG_GreatHallway at 247.4 61.3  1860.3 ori: 0 0 0
2025-07-12T17:06:09Z [AreaTriggerEvents] Created trigger Temple_EG_Entrance at 378.2 132.1 1479.8 ori: 0 0 0
2025-07-12T17:06:09Z [AreaTriggerEvents] Created trigger ArcticCrypt at 15621 231.4 14845 ori: 0 0 0
2025-07-12T17:06:09Z [AreaTriggerEvents] Created trigger ArcticCrypt2 at 15640 258.6 14828 ori: 0 0 0
2025-07-12T17:06:09Z [AreaTriggerEvents] Created trigger ArcticCrypt3 at 15642 208.9 14788 ori: 0 0 0
2025-07-12T17:06:09Z [AreaTriggerEvents] Created trigger KMUCMain at 7059 573.5 11620 ori: 0 0 0
2025-07-12T17:06:09Z [AreaTriggerEvents] Created trigger KMUCMainBottom at 7249 224.8 11617 ori: 0 0 0
2025-07-12T17:06:09Z [AreaTriggerEvents] Created trigger TempleBridgeJump at 371 49.6 526 ori: 0 0 0
2025-07-12T17:06:09Z [AreaTriggerEvents] Created trigger TempleOutsideTop1 at 739.5 38 483 ori: 0 0 0
2025-07-12T17:06:09Z [AreaTriggerEvents] Created trigger TempleOutsideTop2 at 670 49.5 306 ori: 0 0 0
2025-07-12T17:06:09Z [AreaTriggerEvents] Created trigger TempleWolfTrap at 591 14.3 390 ori: 0 0 0
2025-07-12T17:06:09Z [AreaTriggerEvents] Created trigger TempleInside1 at 865 19.2 410 ori: 0 0 0
2025-07-12T17:06:09Z [AreaTriggerEvents] Created trigger TempleInside2 at 828 38 484 ori: 0 0 0
2025-07-12T17:06:09Z [AreaTriggerEvents] Created trigger TempleHammerTrigger at 366 54.3 868 ori: 0 0 0
2025-07-12T17:06:09Z [AreaTriggerEvents] Created trigger TemplePartB1 at 405 130 1517 ori: 0 0 0
2025-07-12T17:06:09Z [AreaTriggerEvents] Created trigger TemplePartB2 at 417 2.4 1591 ori: 0 0 0
2025-07-12T20:03:48Z [AreaTriggerEvents] Created trigger Temple_EG_A12 at 183.2 4.0 1906.6 ori: 0 0 0
2025-07-12T20:03:48Z [AreaTriggerEvents] Created trigger Temple_EG_GreatHallway at 247.4 61.3  1860.3 ori: 0 0 0
2025-07-12T20:03:48Z [AreaTriggerEvents] Created trigger Temple_EG_Entrance at 378.2 132.1 1479.8 ori: 0 0 0
2025-07-12T20:03:48Z [AreaTriggerEvents] Created trigger ArcticCrypt at 15621 231.4 14845 ori: 0 0 0
2025-07-12T20:03:48Z [AreaTriggerEvents] Created trigger ArcticCrypt2 at 15640 258.6 14828 ori: 0 0 0
2025-07-12T20:03:48Z [AreaTriggerEvents] Created trigger ArcticCrypt3 at 15642 208.9 14788 ori: 0 0 0
2025-07-12T20:03:48Z [AreaTriggerEvents] Created trigger KMUCMain at 7059 573.5 11620 ori: 0 0 0
2025-07-12T20:03:48Z [AreaTriggerEvents] Created trigger KMUCMainBottom at 7249 224.8 11617 ori: 0 0 0
2025-07-12T20:03:48Z [AreaTriggerEvents] Created trigger TempleBridgeJump at 371 49.6 526 ori: 0 0 0
2025-07-12T20:03:48Z [AreaTriggerEvents] Created trigger TempleOutsideTop1 at 739.5 38 483 ori: 0 0 0
2025-07-12T20:03:48Z [AreaTriggerEvents] Created trigger TempleOutsideTop2 at 670 49.5 306 ori: 0 0 0
2025-07-12T20:03:48Z [AreaTriggerEvents] Created trigger TempleWolfTrap at 591 14.3 390 ori: 0 0 0
2025-07-12T20:03:48Z [AreaTriggerEvents] Created trigger TempleInside1 at 865 19.2 410 ori: 0 0 0
2025-07-12T20:03:48Z [AreaTriggerEvents] Created trigger TempleInside2 at 828 38 484 ori: 0 0 0
2025-07-12T20:03:48Z [AreaTriggerEvents] Created trigger TempleHammerTrigger at 366 54.3 868 ori: 0 0 0
2025-07-12T20:03:48Z [AreaTriggerEvents] Created trigger TemplePartB1 at 405 130 1517 ori: 0 0 0
2025-07-12T20:03:48Z [AreaTriggerEvents] Created trigger TemplePartB2 at 417 2.4 1591 ori: 0 0 0
2025-07-12T20:19:21Z [AreaTriggerEvents] Created trigger Temple_EG_A12 at 183.2 4.0 1906.6 ori: 0 0 0
2025-07-12T20:19:21Z [AreaTriggerEvents] Created trigger Temple_EG_GreatHallway at 247.4 61.3  1860.3 ori: 0 0 0
2025-07-12T20:19:21Z [AreaTriggerEvents] Created trigger Temple_EG_Entrance at 378.2 132.1 1479.8 ori: 0 0 0
2025-07-12T20:19:21Z [AreaTriggerEvents] Created trigger ArcticCrypt at 15621 231.4 14845 ori: 0 0 0
2025-07-12T20:19:21Z [AreaTriggerEvents] Created trigger ArcticCrypt2 at 15640 258.6 14828 ori: 0 0 0
2025-07-12T20:19:21Z [AreaTriggerEvents] Created trigger ArcticCrypt3 at 15642 208.9 14788 ori: 0 0 0
2025-07-12T20:19:21Z [AreaTriggerEvents] Created trigger KMUCMain at 7059 573.5 11620 ori: 0 0 0
2025-07-12T20:19:21Z [AreaTriggerEvents] Created trigger KMUCMainBottom at 7249 224.8 11617 ori: 0 0 0
2025-07-12T20:19:21Z [AreaTriggerEvents] Created trigger TempleBridgeJump at 371 49.6 526 ori: 0 0 0
2025-07-12T20:19:21Z [AreaTriggerEvents] Created trigger TempleOutsideTop1 at 739.5 38 483 ori: 0 0 0
2025-07-12T20:19:21Z [AreaTriggerEvents] Created trigger TempleOutsideTop2 at 670 49.5 306 ori: 0 0 0
2025-07-12T20:19:21Z [AreaTriggerEvents] Created trigger TempleWolfTrap at 591 14.3 390 ori: 0 0 0
2025-07-12T20:19:21Z [AreaTriggerEvents] Created trigger TempleInside1 at 865 19.2 410 ori: 0 0 0
2025-07-12T20:19:21Z [AreaTriggerEvents] Created trigger TempleInside2 at 828 38 484 ori: 0 0 0
2025-07-12T20:19:21Z [AreaTriggerEvents] Created trigger TempleHammerTrigger at 366 54.3 868 ori: 0 0 0
2025-07-12T20:19:21Z [AreaTriggerEvents] Created trigger TemplePartB1 at 405 130 1517 ori: 0 0 0
2025-07-12T20:19:21Z [AreaTriggerEvents] Created trigger TemplePartB2 at 417 2.4 1591 ori: 0 0 0
2025-07-12T20:34:21Z [AreaTriggerEvents] Created trigger Temple_EG_A12 at 183.2 4.0 1906.6 ori: 0 0 0
2025-07-12T20:34:21Z [AreaTriggerEvents] Created trigger Temple_EG_GreatHallway at 247.4 61.3  1860.3 ori: 0 0 0
2025-07-12T20:34:21Z [AreaTriggerEvents] Created trigger Temple_EG_Entrance at 378.2 132.1 1479.8 ori: 0 0 0
2025-07-12T20:34:21Z [AreaTriggerEvents] Created trigger ArcticCrypt at 15621 231.4 14845 ori: 0 0 0
2025-07-12T20:34:21Z [AreaTriggerEvents] Created trigger ArcticCrypt2 at 15640 258.6 14828 ori: 0 0 0
2025-07-12T20:34:21Z [AreaTriggerEvents] Created trigger ArcticCrypt3 at 15642 208.9 14788 ori: 0 0 0
2025-07-12T20:34:21Z [AreaTriggerEvents] Created trigger KMUCMain at 7059 573.5 11620 ori: 0 0 0
2025-07-12T20:34:21Z [AreaTriggerEvents] Created trigger KMUCMainBottom at 7249 224.8 11617 ori: 0 0 0
2025-07-12T20:34:21Z [AreaTriggerEvents] Created trigger TempleBridgeJump at 371 49.6 526 ori: 0 0 0
2025-07-12T20:34:21Z [AreaTriggerEvents] Created trigger TempleOutsideTop1 at 739.5 38 483 ori: 0 0 0
2025-07-12T20:34:21Z [AreaTriggerEvents] Created trigger TempleOutsideTop2 at 670 49.5 306 ori: 0 0 0
2025-07-12T20:34:21Z [AreaTriggerEvents] Created trigger TempleWolfTrap at 591 14.3 390 ori: 0 0 0
2025-07-12T20:34:21Z [AreaTriggerEvents] Created trigger TempleInside1 at 865 19.2 410 ori: 0 0 0
2025-07-12T20:34:21Z [AreaTriggerEvents] Created trigger TempleInside2 at 828 38 484 ori: 0 0 0
2025-07-12T20:34:21Z [AreaTriggerEvents] Created trigger TempleHammerTrigger at 366 54.3 868 ori: 0 0 0
2025-07-12T20:34:21Z [AreaTriggerEvents] Created trigger TemplePartB1 at 405 130 1517 ori: 0 0 0
2025-07-12T20:34:21Z [AreaTriggerEvents] Created trigger TemplePartB2 at 417 2.4 1591 ori: 0 0 0
2025-07-22T04:44:23Z [AreaTriggerEvents] Created trigger Temple_EG_A12 at 183.2 4.0 1906.6 ori: 0 0 0
2025-07-22T04:44:23Z [AreaTriggerEvents] Created trigger Temple_EG_GreatHallway at 247.4 61.3  1860.3 ori: 0 0 0
2025-07-22T04:44:23Z [AreaTriggerEvents] Created trigger Temple_EG_Entrance at 378.2 132.1 1479.8 ori: 0 0 0
2025-07-22T04:44:23Z [AreaTriggerEvents] Created trigger ArcticCrypt at 15621 231.4 14845 ori: 0 0 0
2025-07-22T04:44:23Z [AreaTriggerEvents] Created trigger ArcticCrypt2 at 15640 258.6 14828 ori: 0 0 0
2025-07-22T04:44:23Z [AreaTriggerEvents] Created trigger ArcticCrypt3 at 15642 208.9 14788 ori: 0 0 0
2025-07-22T04:44:23Z [AreaTriggerEvents] Created trigger KMUCMain at 7059 573.5 11620 ori: 0 0 0
2025-07-22T04:44:23Z [AreaTriggerEvents] Created trigger KMUCMainBottom at 7249 224.8 11617 ori: 0 0 0
2025-07-22T04:44:23Z [AreaTriggerEvents] Created trigger TempleBridgeJump at 371 49.6 526 ori: 0 0 0
2025-07-22T04:44:23Z [AreaTriggerEvents] Created trigger TempleOutsideTop1 at 739.5 38 483 ori: 0 0 0
2025-07-22T04:44:23Z [AreaTriggerEvents] Created trigger TempleOutsideTop2 at 670 49.5 306 ori: 0 0 0
2025-07-22T04:44:23Z [AreaTriggerEvents] Created trigger TempleWolfTrap at 591 14.3 390 ori: 0 0 0
2025-07-22T04:44:23Z [AreaTriggerEvents] Created trigger TempleInside1 at 865 19.2 410 ori: 0 0 0
2025-07-22T04:44:23Z [AreaTriggerEvents] Created trigger TempleInside2 at 828 38 484 ori: 0 0 0
2025-07-22T04:44:23Z [AreaTriggerEvents] Created trigger TempleHammerTrigger at 366 54.3 868 ori: 0 0 0
2025-07-22T04:44:23Z [AreaTriggerEvents] Created trigger TemplePartB1 at 405 130 1517 ori: 0 0 0
2025-07-22T04:44:23Z [AreaTriggerEvents] Created trigger TemplePartB2 at 417 2.4 1591 ori: 0 0 0
2025-07-22T04:52:27Z [AreaTriggerEvents] Created trigger Temple_EG_A12 at 183.2 4.0 1906.6 ori: 0 0 0
2025-07-22T04:52:27Z [AreaTriggerEvents] Created trigger Temple_EG_GreatHallway at 247.4 61.3  1860.3 ori: 0 0 0
2025-07-22T04:52:27Z [AreaTriggerEvents] Created trigger Temple_EG_Entrance at 378.2 132.1 1479.8 ori: 0 0 0
2025-07-22T04:52:27Z [AreaTriggerEvents] Created trigger ArcticCrypt at 15621 231.4 14845 ori: 0 0 0
2025-07-22T04:52:28Z [AreaTriggerEvents] Created trigger ArcticCrypt2 at 15640 258.6 14828 ori: 0 0 0
2025-07-22T04:52:28Z [AreaTriggerEvents] Created trigger ArcticCrypt3 at 15642 208.9 14788 ori: 0 0 0
2025-07-22T04:52:28Z [AreaTriggerEvents] Created trigger KMUCMain at 7059 573.5 11620 ori: 0 0 0
2025-07-22T04:52:28Z [AreaTriggerEvents] Created trigger KMUCMainBottom at 7249 224.8 11617 ori: 0 0 0
2025-07-22T04:52:28Z [AreaTriggerEvents] Created trigger TempleBridgeJump at 371 49.6 526 ori: 0 0 0
2025-07-22T04:52:28Z [AreaTriggerEvents] Created trigger TempleOutsideTop1 at 739.5 38 483 ori: 0 0 0
2025-07-22T04:52:28Z [AreaTriggerEvents] Created trigger TempleOutsideTop2 at 670 49.5 306 ori: 0 0 0
2025-07-22T04:52:28Z [AreaTriggerEvents] Created trigger TempleWolfTrap at 591 14.3 390 ori: 0 0 0
2025-07-22T04:52:28Z [AreaTriggerEvents] Created trigger TempleInside1 at 865 19.2 410 ori: 0 0 0
2025-07-22T04:52:28Z [AreaTriggerEvents] Created trigger TempleInside2 at 828 38 484 ori: 0 0 0
2025-07-22T04:52:28Z [AreaTriggerEvents] Created trigger TempleHammerTrigger at 366 54.3 868 ori: 0 0 0
2025-07-22T04:52:28Z [AreaTriggerEvents] Created trigger TemplePartB1 at 405 130 1517 ori: 0 0 0
2025-07-22T04:52:28Z [AreaTriggerEvents] Created trigger TemplePartB2 at 417 2.4 1591 ori: 0 0 0
2025-07-22T19:24:01Z [AreaTriggerEvents] Created trigger Temple_EG_A12 at 183.2 4.0 1906.6 ori: 0 0 0
2025-07-22T19:24:01Z [AreaTriggerEvents] Created trigger Temple_EG_GreatHallway at 247.4 61.3  1860.3 ori: 0 0 0
2025-07-22T19:24:01Z [AreaTriggerEvents] Created trigger Temple_EG_Entrance at 378.2 132.1 1479.8 ori: 0 0 0
2025-07-22T19:24:01Z [AreaTriggerEvents] Created trigger ArcticCrypt at 15621 231.4 14845 ori: 0 0 0
2025-07-22T19:24:01Z [AreaTriggerEvents] Created trigger ArcticCrypt2 at 15640 258.6 14828 ori: 0 0 0
2025-07-22T19:24:01Z [AreaTriggerEvents] Created trigger ArcticCrypt3 at 15642 208.9 14788 ori: 0 0 0
2025-07-22T19:24:01Z [AreaTriggerEvents] Created trigger KMUCMain at 7059 573.5 11620 ori: 0 0 0
2025-07-22T19:24:01Z [AreaTriggerEvents] Created trigger KMUCMainBottom at 7249 224.8 11617 ori: 0 0 0
2025-07-22T19:24:01Z [AreaTriggerEvents] Created trigger TempleBridgeJump at 371 49.6 526 ori: 0 0 0
2025-07-22T19:24:01Z [AreaTriggerEvents] Created trigger TempleOutsideTop1 at 739.5 38 483 ori: 0 0 0
2025-07-22T19:24:01Z [AreaTriggerEvents] Created trigger TempleOutsideTop2 at 670 49.5 306 ori: 0 0 0
2025-07-22T19:24:01Z [AreaTriggerEvents] Created trigger TempleWolfTrap at 591 14.3 390 ori: 0 0 0
2025-07-22T19:24:01Z [AreaTriggerEvents] Created trigger TempleInside1 at 865 19.2 410 ori: 0 0 0
2025-07-22T19:24:01Z [AreaTriggerEvents] Created trigger TempleInside2 at 828 38 484 ori: 0 0 0
2025-07-22T19:24:01Z [AreaTriggerEvents] Created trigger TempleHammerTrigger at 366 54.3 868 ori: 0 0 0
2025-07-22T19:24:01Z [AreaTriggerEvents] Created trigger TemplePartB1 at 405 130 1517 ori: 0 0 0
2025-07-22T19:24:01Z [AreaTriggerEvents] Created trigger TemplePartB2 at 417 2.4 1591 ori: 0 0 0
