[GachaCubesLog - 2025-09-15 21:23:47] PoiiZoner3 (76561198152775385) has opened: NomNom_Gacha_Chibi and received: NomNom_Chibi_Jinbe (x1) | Opened at: X: 6464.85, Y: 392.78, Z: 3796.5
[GachaCubesLog - 2025-09-15 23:01:31] PoiiZoner3 (76561198152775385) has opened: NomNom_Gacha_Music and received: NomNom_Vinyl_1nonly_Stepback (x1) | Opened at: X: 6454.56, Y: 175.55, Z: 11096.4
[GachaCubesLog - 2025-09-16 00:13:00] PoiiZoner3 (76561198152775385) has opened: NomNom_Gacha_Chibi_Pr and received: NomNom_Chibi_Brook (x1) | Opened at: X: 6464.52, Y: 392.78, Z: 3796.57
[GachaCubesLog - 2025-09-16 04:07:22] PoiiZoner3 (76561198152775385) has opened: NomNom_Gacha_Comics_Pr and received: NomNom_Comic_Captain_America1941 (x1) | Opened at: X: 6054.83, Y: 386.44, Z: 4240.72
[GachaCubesLog - 2025-09-16 04:17:12] PoiiZoner3 (76561198152775385) has opened: NomNom_Gacha_Chibi_Rd and received: NomNom_Chibi_Chopper (x1) | Opened at: X: 6139.02, Y: 387.09, Z: 4160.25
[GachaCubesLog - 2025-09-16 04:29:52] Saint (76561199699133167) has opened: NomNom_Gacha_Comics_Or and received: NomNom_Comic_Marvel_Comics1939 (x1) | Opened at: X: 9178.63, Y: 337.19, Z: 4389.91
[GachaCubesLog - 2025-09-16 06:22:17] Snake (76561198024482897) has opened: NomNom_Gacha_FP_Or and received: NomNom_FP_BlueRanger (x1) | Opened at: X: 8341.37, Y: 325.7, Z: 1646.66
[GachaCubesLog - 2025-09-16 06:23:21] Snake (76561198024482897) has opened: NomNom_Gacha_Chibi_Pr and received: NomNom_Chibi_Usopp (x1) | Opened at: X: 8348.55, Y: 334.7, Z: 1636.73
[GachaCubesLog - 2025-09-16 06:23:38] Snake (76561198024482897) has opened: NomNom_Gacha_Music_Rd and received: NomNom_Vinyl_1nonly_Stepback (x1) | Opened at: X: 8348.48, Y: 334.7, Z: 1637.42
[GachaCubesLog - 2025-09-16 06:24:09] Snake (76561198024482897) has opened: NomNom_Gacha_Devices_Pr and received: NomNom_Vinyl_Stack (x1) | Opened at: X: 8348.48, Y: 334.7, Z: 1637.42
[GachaCubesLog - 2025-09-16 06:24:30] Snake (76561198024482897) has opened: NomNom_Gacha_Devices_Pr and received: NomNom_Walkman (x1) | Opened at: X: 8348.48, Y: 334.7, Z: 1637.42
[GachaCubesLog - 2025-09-16 06:24:49] Snake (76561198024482897) has opened: NomNom_Gacha_Devices_Or and received: NomNom_Small_Speaker (x1) | Opened at: X: 8348.48, Y: 334.7, Z: 1637.42
[GachaCubesLog - 2025-09-16 06:24:56] Snake (76561198024482897) has opened: NomNom_Gacha_Devices_Rd and received: NomNom_Vinyl_Stack (x1) | Opened at: X: 8348.48, Y: 334.7, Z: 1637.42
[GachaCubesLog - 2025-09-16 06:25:15] Snake (76561198024482897) has opened: NomNom_Gacha_Devices_Ye and received: NomNom_Walkman (x1) | Opened at: X: 8348.48, Y: 334.7, Z: 1637.42
[GachaCubesLog - 2025-09-16 06:25:30] Snake (76561198024482897) has opened: NomNom_Gacha_Devices_Gr and received: NomNom_Walkman (x1) | Opened at: X: 8348.48, Y: 334.7, Z: 1637.42
[GachaCubesLog - 2025-09-16 06:25:43] Snake (76561198024482897) has opened: NomNom_Gacha_Comics_Or and received: NomNom_Comic_All_Star_Comics1941 (x1) | Opened at: X: 8348.48, Y: 334.7, Z: 1637.42
[GachaCubesLog - 2025-09-16 06:26:03] Snake (76561198024482897) has opened: NomNom_Gacha_Misc_Ye and received: NomNom_Funko_Pop_Display_Modern_Kitbox (x1) | Opened at: X: 8348.48, Y: 334.7, Z: 1637.42
[GachaCubesLog - 2025-09-16 06:31:03] Snake (76561198024482897) has opened: NomNom_Gacha_Devices_Rd and received: NomNom_Small_Speaker (x1) | Opened at: X: 8348.48, Y: 334.7, Z: 1637.42
[GachaCubesLog - 2025-09-16 06:32:19] Snake (76561198024482897) has opened: NomNom_Gacha_Misc_Pr and received: NomNom_Halloween_Posters_Halloween (x1) | Opened at: X: 8348.48, Y: 334.7, Z: 1637.42
[GachaCubesLog - 2025-09-16 06:33:44] Saint (76561199699133167) has opened: NomNom_Gacha_Music_Rd and received: NomNom_Vinyl_Kordhell_Murder_In_My_Mind (x1) | Opened at: X: 9133.59, Y: 340.66, Z: 4434.33
[GachaCubesLog - 2025-09-16 06:35:25] Snake (76561198024482897) has opened: NomNom_Gacha_FP_Bl and received: NomNom_FP_IronMan (x1) | Opened at: X: 8348.48, Y: 334.7, Z: 1637.42
