[COT 2025-09-16 06:46:36] 76561198024482897: Activated Community Online Tools [guid=0nsyEhm9INQy3se8y-fXlbMHVv4YsIXloUCLC2unDyo=]
[COT 2025-09-16 06:46:43] 76561198024482897: Spawned Entity Screwdriver (Screwdriver<eabe0a60>, 100, 100, 15, 0) at <8340.723633, 325.696503, 1648.233154>
[COT 2025-09-16 06:46:48] 76561198024482897: Deactivated Community Online Tools [guid=0nsyEhm9INQy3se8y-fXlbMHVv4YsIXloUCLC2unDyo=]
[COT 2025-09-16 06:54:48] 76561198024482897: Activated Community Online Tools [guid=0nsyEhm9INQy3se8y-fXlbMHVv4YsIXloUCLC2unDyo=]
[COT 2025-09-16 20:06:32] 76561198024482897: Activated Community Online Tools [guid=0nsyEhm9INQy3se8y-fXlbMHVv4YsIXloUCLC2unDyo=]
[COT 2025-09-16 20:07:42] 76561198024482897: Spectating [guid=ANEdOJIkD5SE_xUE8dsGoUtK7_DQWPOQrDLnkBdTc8U=]
[COT 2025-09-16 20:09:29] 76561198024482897: Entered the Free Camera
[COT 2025-09-16 20:11:13] 76561198024482897: Deactivated Community Online Tools [guid=0nsyEhm9INQy3se8y-fXlbMHVv4YsIXloUCLC2unDyo=]
[COT 2025-09-16 20:11:16] 76561198024482897: Activated Community Online Tools [guid=0nsyEhm9INQy3se8y-fXlbMHVv4YsIXloUCLC2unDyo=]
[COT 2025-09-16 20:11:28] 76561198024482897: Stopped spectating
[COT 2025-09-16 20:11:31] 76561198024482897: Left the Free Camera
[COT 2025-09-16 20:17:13] 76561198024482897: ESP: Viewing ESP
[COT 2025-09-16 20:17:29] 76561198024482897: Spawned Entity Wall Kit (ExpansionWallKit<6ca7e70>, 100, 100, 15, 0) at <12115.666992, 350.209991, 2786.074463>
[COT 2025-09-16 20:17:30] 76561198024482897: Spawned Entity Wall Kit (ExpansionWallKit<aea4ffa0>, 100, 100, 15, 0) at <12115.756836, 350.367065, 2786.138184>
[COT 2025-09-16 20:17:30] 76561198024482897: Spawned Entity Wall Kit (ExpansionWallKit<aea4f410>, 100, 100, 15, 0) at <12115.848633, 350.528046, 2786.203369>
[COT 2025-09-16 20:17:30] 76561198024482897: Spawned Entity Wall Kit (ExpansionWallKit<aea4aeb0>, 100, 100, 15, 0) at <12115.975586, 350.749207, 2786.293213>
[COT 2025-09-16 20:17:31] 76561198024482897: Spawned Entity Wall Kit (ExpansionWallKit<aea53970>, 100, 100, 15, 0) at <12116.101563, 350.970367, 2786.382813>
[COT 2025-09-16 20:17:47] 76561198024482897: ESP: Clearing ESP
[COT 2025-09-16 20:17:48] 76561198024482897: ESP: Viewing ESP
[COT 2025-09-16 20:17:48] 76561198024482897: ESP: Clearing ESP
[COT 2025-09-16 20:32:39] 76561198024482897: Entered the Free Camera
[COT 2025-09-16 20:34:27] 76561198024482897: Left the Free Camera
[COT 2025-09-16 20:37:39] 76561198024482897: Entered the Free Camera
[COT 2025-09-16 20:44:12] 76561198024482897: Left the Free Camera
[COT 2025-09-16 20:45:21] 76561198024482897: Entered the Free Camera
[COT 2025-09-16 20:46:11] 76561198024482897: ESP: Viewing ESP
[COT 2025-09-16 20:46:13] 76561198024482897: ESP: Clearing ESP
[COT 2025-09-16 20:46:16] 76561198024482897: ESP: Viewing ESP
[COT 2025-09-16 20:46:23] 76561198024482897: Left the Free Camera
[COT 2025-09-16 20:46:29] 76561198024482897: ESP: Clearing ESP
[COT 2025-09-16 20:47:30] 76561198024482897: Teleported 76561198024482897 to position <7134.919922, 348.959625, 4248.959473>
[COT 2025-09-16 20:47:34] 76561198024482897: Teleported 76561198024482897 to position <10109.212891, 321.365356, 3318.755371>
[COT 2025-09-16 20:48:03] 76561198024482897: Teleported 76561198024482897 to position <8341.310547, 331.384369, 1633.472412>
[COT 2025-09-16 20:48:12] 76561198024482897: Entered the Free Camera
[COT 2025-09-16 20:48:14] 76561198024482897: Left the Free Camera
[COT 2025-09-16 20:48:15] 76561198024482897: Entered the Free Camera
[COT 2025-09-16 20:49:06] 76561198024482897: Spawned Entity Infected (ZmbM_CitizenASkinny_Base<6331d7a0>, 100, 100, 15, 0) at <7815.097168, 342.924255, 1016.356934>
[COT 2025-09-16 20:49:07] 76561198024482897: Spawned Entity Infected (ZmbM_CitizenBFat_Base<37d5ca80>, 100, 100, 15, 0) at <7815.069824, 343.062164, 1016.095093>
[COT 2025-09-16 20:49:07] 76561198024482897: Spawned Entity Infected (ZmbM_CitizenBFat_Base<37d5dea0>, 100, 100, 15, 0) at <7815.042969, 343.200073, 1015.833191>
[COT 2025-09-16 20:49:08] 76561198024482897: Spawned Entity Infected (ZmbM_CitizenASkinny_Base<84f1f160>, 100, 100, 15, 0) at <7815.097168, 342.924255, 1016.356934>
[COT 2025-09-16 20:49:08] 76561198024482897: Spawned Entity Infected (ZmbM_CitizenBFat_Base<94b77eb0>, 100, 100, 15, 0) at <7815.069824, 343.062164, 1016.095093>
[COT 2025-09-16 20:49:09] 76561198024482897: Spawned Entity Infected (ZmbF_CitizenBSkinny_Base<9e282e80>, 100, 100, 15, 0) at <7815.042969, 343.200562, 1015.832214>
[COT 2025-09-16 20:49:09] 76561198024482897: Spawned Entity Infected (ZmbM_FishermanOld_Base<9e25bea0>, 100, 100, 15, 0) at <7815.015625, 343.338470, 1015.570374>
[COT 2025-09-16 20:49:10] 76561198024482897: Spawned Entity Infected (ZmbM_FishermanOld_Base<a8eb1340>, 100, 100, 15, 0) at <7814.988770, 343.476379, 1015.308472>
[COT 2025-09-16 20:49:10] 76561198024482897: Spawned Entity Infected (ZmbM_PrisonerSkinny_Base<a8eab8b0>, 100, 100, 15, 0) at <7814.961426, 343.614227, 1015.046753>
[COT 2025-09-16 20:49:10] 76561198024482897: Spawned Entity Infected (ZmbM_FishermanOld_Base<4a14fa30>, 100, 100, 15, 0) at <7814.928711, 343.781860, 1014.728394>
[COT 2025-09-16 20:49:10] 76561198024482897: Spawned Entity Infected (ZmbM_FishermanOld_Base<4a165a60>, 100, 100, 15, 0) at <7814.901855, 343.919769, 1014.466492>
[COT 2025-09-16 20:50:31] 76561198024482897: Left the Free Camera
[COT 2025-09-16 20:50:42] 76561198024482897: Spawned Entity Sledgehammer (SledgeHammer<717d78b0>, 100, 300, 15, 0) at <8338.406250, 331.704285, 1634.814697>
[COT 2025-09-16 20:51:07] 76561198024482897: Spawned Entity Hand Saw (HandSaw<717e48d0>, 100, 100, 15, 0) at <8349.570313, 331.702911, 1635.758667>
[COT 2025-09-16 20:51:25] 76561198024482897: Spawned Entity Hammer (Hammer<717ef640>, 100, 100, 15, 0) at <8349.596680, 331.702911, 1636.391602>
[COT 2025-09-16 20:52:04] 76561198024482897: Spawned Entity Hatchet (Hatchet<b0131520>, 100, 150, 15, 0) at <8349.504883, 331.702911, 1636.232910>
[COT 2025-09-16 20:54:09] 76561198024482897: Deactivated Community Online Tools [guid=0nsyEhm9INQy3se8y-fXlbMHVv4YsIXloUCLC2unDyo=]
[COT 2025-09-16 20:54:19] 76561198024482897: Activated Community Online Tools [guid=0nsyEhm9INQy3se8y-fXlbMHVv4YsIXloUCLC2unDyo=]
[COT 2025-09-16 20:54:24] 76561198024482897: Teleported 76561198024482897 to position <12118.542969, 349.694672, 2796.142578>
[COT 2025-09-16 20:56:55] 76561198024482897: Spawned Entity Wall Kit (ExpansionWallKit<7df12b20>, 100, 100, 15, 0) at <12118.786133, 349.926361, 2792.533936>
[COT 2025-09-16 20:57:24] 76561198024482897: Set GodMode To true [guid=0nsyEhm9INQy3se8y-fXlbMHVv4YsIXloUCLC2unDyo=]
[COT 2025-09-16 20:57:25] 76561198024482897: Set GodMode To false [guid=0nsyEhm9INQy3se8y-fXlbMHVv4YsIXloUCLC2unDyo=]
[COT 2025-09-16 20:57:26] 76561198024482897: Set GodMode To true [guid=0nsyEhm9INQy3se8y-fXlbMHVv4YsIXloUCLC2unDyo=]
[COT 2025-09-16 20:57:39] 76561198024482897: Spawned Entity Wall Kit (ExpansionWallKit<ac0fe060>, 100, 100, 15, 0) at <12120.658203, 349.737427, 2793.883545>
[COT 2025-09-16 20:57:45] 76561198024482897: Deleted Entity ExpansionFloor6x6:24931 at <12113.468750, 350.098846, 2798.246582>
[COT 2025-09-16 20:57:48] 76561198024482897: Deleted Entity ExpansionWall6x3:5981 at <12115.133789, 350.099304, 2800.742676>
[COT 2025-09-16 20:57:57] 76561198024482897: Deleted Entity ExpansionWall6x3:9225 at <12110.972656, 350.098389, 2799.911133>
[COT 2025-09-16 20:58:07] 76561198024482897: Deleted Entity ExpansionWall6x3:30476 at <12107.643555, 350.097931, 2794.919189>
[COT 2025-09-16 20:58:17] 76561198024482897: Spawned Entity Wall Kit (ExpansionWallKit<88aa26b0>, 100, 100, 15, 0) at <12120.733398, 349.815552, 2792.608887>
[COT 2025-09-16 20:58:26] 76561198024482897: Spawned Entity Wall Kit (ExpansionWallKit<74c59bb0>, 100, 100, 15, 0) at <12119.541016, 350.140900, 2788.010986>
[COT 2025-09-16 20:58:27] 76561198024482897: Spawned Entity Wall Kit (ExpansionWallKit<74c1dc00>, 100, 100, 15, 0) at <12119.591797, 350.300354, 2788.104248>
[COT 2025-09-16 20:58:27] 76561198024482897: Spawned Entity Wall Kit (ExpansionWallKit<74c25b30>, 100, 100, 15, 0) at <12119.590820, 350.301056, 2788.104004>
[COT 2025-09-16 20:59:21] 76561198024482897: ESP: Viewing ESP
[COT 2025-09-16 20:59:28] 76561198024482897: ESP target=ExpansionWallBase<b02c2d70> action=built part=wood_base required_materials=false
[COT 2025-09-16 20:59:31] 76561198024482897: ESP target=ExpansionWallBase<b02c2d70> action=built part=wood_wallframe required_materials=false
[COT 2025-09-16 20:59:33] 76561198024482897: ESP target=ExpansionWallBase<b02c2d70> action=built part=wood_wallfinished required_materials=false
[COT 2025-09-16 20:59:37] 76561198024482897: Set GodMode To false [guid=0nsyEhm9INQy3se8y-fXlbMHVv4YsIXloUCLC2unDyo=]
[COT 2025-09-16 20:59:41] 76561198024482897: ESP target=ExpansionWallBase<3da2b640> action=built part=wood_base required_materials=false
[COT 2025-09-16 20:59:44] 76561198024482897: ESP target=ExpansionWallBase<3da2b640> action=built part=wood_wallframe required_materials=false
[COT 2025-09-16 20:59:45] 76561198024482897: ESP target=ExpansionWallBase<3da2b640> action=built part=wood_wallfinished required_materials=false
[COT 2025-09-16 20:59:50] 76561198024482897: ESP target=ExpansionWallBase<3da39b70> action=built part=wood_base required_materials=false
[COT 2025-09-16 20:59:52] 76561198024482897: ESP target=ExpansionWallBase<3da39b70> action=built part=wood_wallframe required_materials=false
[COT 2025-09-16 20:59:54] 76561198024482897: ESP target=ExpansionWallBase<3da39b70> action=built part=wood_wallfinished required_materials=false
[COT 2025-09-16 21:00:09] 76561198024482897: ESP target=ExpansionWallBase<abfe3880> action=built part=wood_base required_materials=false
[COT 2025-09-16 21:00:11] 76561198024482897: ESP target=ExpansionWallBase<abfe3880> action=built part=wood_doorframe required_materials=false
[COT 2025-09-16 21:00:16] 76561198024482897: ESP target=ExpansionWallBase<abfe3880> action=dismantle part=wood_doorframe
[COT 2025-09-16 21:00:18] 76561198024482897: ESP target=ExpansionWallBase<abfe3880> action=built part=wood_wallframe required_materials=false
[COT 2025-09-16 21:00:20] 76561198024482897: ESP target=ExpansionWallBase<abfe3880> action=built part=wood_wallfinished required_materials=false
[COT 2025-09-16 21:00:52] 76561198024482897: ESP target=ExpansionWallBase<3da33af0> action=built part=wood_base_third required_materials=false
[COT 2025-09-16 21:00:55] 76561198024482897: ESP target=ExpansionWallBase<3da33af0> action=built part=wood_wallframe_third required_materials=false
[COT 2025-09-16 21:00:56] 76561198024482897: ESP target=ExpansionWallBase<3da33af0> action=built part=wood_wallfinished_third required_materials=false
[COT 2025-09-16 21:01:45] 76561198024482897: ESP: Clearing ESP
[COT 2025-09-16 21:01:47] 76561198024482897: ESP: ESP updating
[COT 2025-09-16 21:01:53] 76561198024482897: ESP target=ExpansionWall6x3:4409 position=<12110.972656, 347.098846, 2799.911133> action=delete
[COT 2025-09-16 21:01:54] 76561198024482897: ESP: Clearing ESP
[COT 2025-09-16 21:01:56] 76561198024482897: ESP: ESP updating
[COT 2025-09-16 21:02:08] 76561198024482897: Created Deletion Backup '2025-09-16_21-02-08'
[COT 2025-09-16 21:02:15] 76561198024482897: Deleted Entity ExpansionWall6x3:10890 at <12110.383789, 350.214569, 2800.329590>
[COT 2025-09-16 21:02:29] 76561198024482897: ESP: Clearing ESP
[COT 2025-09-16 21:02:34] 76561198024482897: ESP: ESP updating
[COT 2025-09-16 21:02:36] 76561198024482897: ESP target=ExpansionWallBase<6ead9180> action=built part=wood_base required_materials=false
[COT 2025-09-16 21:02:39] 76561198024482897: ESP target=ExpansionWallBase<6ead9180> action=built part=wood_wallframe required_materials=false
[COT 2025-09-16 21:02:40] 76561198024482897: ESP target=ExpansionWallBase<6ead9180> action=built part=wood_wallfinished required_materials=false
[COT 2025-09-16 21:02:45] 76561198024482897: ESP target=ExpansionWallBase<3da3d7c0> action=built part=wood_base required_materials=false
[COT 2025-09-16 21:02:47] 76561198024482897: ESP target=ExpansionWallBase<3da3d7c0> action=built part=wood_wallframe required_materials=false
[COT 2025-09-16 21:02:48] 76561198024482897: ESP target=ExpansionWallBase<3da3d7c0> action=built part=wood_wallfinished required_materials=false
[COT 2025-09-16 21:02:54] 76561198024482897: ESP: Clearing ESP
[COT 2025-09-16 21:03:10] 76561198024482897: Deleted Entity ExpansionWall6x3:8531 at <12110.972656, 347.098846, 2799.911133>
[COT 2025-09-16 21:03:18] 76561198024482897: ESP: ESP updating
[COT 2025-09-16 21:03:25] 76561198024482897: ESP target=ExpansionWallBase<92ac2a90> action=built part=wood_base required_materials=false
[COT 2025-09-16 21:03:27] 76561198024482897: ESP target=ExpansionWallBase<92ac2a90> action=built part=wood_wallframe required_materials=false
[COT 2025-09-16 21:03:29] 76561198024482897: ESP target=ExpansionWallBase<92ac2a90> action=built part=wood_wallfinished required_materials=false
[COT 2025-09-16 21:03:48] 76561198024482897: ESP: Clearing ESP
[COT 2025-09-16 21:04:05] 76561198024482897: ESP: ESP updating
[COT 2025-09-16 21:04:08] 76561198024482897: ESP target=ExpansionWallBase<98906520> action=built part=wood_base required_materials=false
[COT 2025-09-16 21:04:10] 76561198024482897: ESP target=ExpansionWallBase<98906520> action=built part=wood_wallframe required_materials=false
[COT 2025-09-16 21:04:11] 76561198024482897: ESP target=ExpansionWallBase<98906520> action=built part=wood_wallfinished required_materials=false
[COT 2025-09-16 21:04:58] 76561198024482897: Teleported 76561198024482897 to position <8343.011719, 330.661804, 1631.150879>
[COT 2025-09-16 21:05:11] 76561198024482897: ESP: Clearing ESP
[COT 2025-09-16 22:33:30] 76561198024482897: Activated Community Online Tools [guid=0nsyEhm9INQy3se8y-fXlbMHVv4YsIXloUCLC2unDyo=]
[COT 2025-09-16 23:03:03] 76561198024482897: ESP: Viewing ESP
[COT 2025-09-16 23:03:14] 76561198024482897: ESP target=ExpansionFloorBase<9b2f2ca0> action=dismantle part=wood_hatchfinished
[COT 2025-09-16 23:03:18] 76561198024482897: ESP target=ExpansionFloorBase<9b2f2ca0> action=dismantle part=wood_hatchframe
[COT 2025-09-16 23:03:23] 76561198024482897: ESP target=ExpansionFloorBase<9b2f2ca0> action=built part=wood_floorframe required_materials=false
[COT 2025-09-16 23:03:29] 76561198024482897: ESP target=ExpansionFloorBase<9b2f2ca0> action=built part=wood_floorfinished required_materials=false
[COT 2025-09-16 23:03:37] 76561198024482897: ESP target=ExpansionStairS1_5x3x3:20148 position=<8346.540039, 325.449066, 1652.396851> action=delete
[COT 2025-09-16 23:03:45] 76561198024482897: ESP: Clearing ESP
[COT 2025-09-16 23:05:12] 76561198024482897: Spawned Entity #str_Mega_Display_Modern (NomNom_Mega_Display_Modern<943f01a0>, 100, 1000, 15, 0) at <8340.410156, 325.696503, 1644.307007>
[COT 2025-09-16 23:05:24] 76561198024482897: Deleted Entity NomNom_Mega_Display_Modern:16281 at <8340.410156, 325.696228, 1644.307007>
[COT 2025-09-16 23:06:22] 76561198024482897: Entered the Free Camera
[COT 2025-09-16 23:06:30] 76561198024482897: Left the Free Camera
[COT 2025-09-16 23:10:48] 76561198024482897: Deactivated Community Online Tools [guid=0nsyEhm9INQy3se8y-fXlbMHVv4YsIXloUCLC2unDyo=]
[COT 2025-09-16 23:11:56] 76561198024482897: Activated Community Online Tools [guid=0nsyEhm9INQy3se8y-fXlbMHVv4YsIXloUCLC2unDyo=]
[COT 2025-09-16 23:11:56] 76561198024482897: Entered the Free Camera
[COT 2025-09-16 23:11:58] 76561198024482897: Left the Free Camera
[COT 2025-09-16 23:12:57] 76561198024482897: Deactivated Community Online Tools [guid=0nsyEhm9INQy3se8y-fXlbMHVv4YsIXloUCLC2unDyo=]
[COT 2025-09-16 23:21:44] 76561198024482897: Activated Community Online Tools [guid=0nsyEhm9INQy3se8y-fXlbMHVv4YsIXloUCLC2unDyo=]
[COT 2025-09-16 23:31:14] 76561198024482897: Set GodMode To true [guid=0nsyEhm9INQy3se8y-fXlbMHVv4YsIXloUCLC2unDyo=]
[COT 2025-09-16 23:31:15] 76561198024482897: Set GodMode To false [guid=0nsyEhm9INQy3se8y-fXlbMHVv4YsIXloUCLC2unDyo=]
[COT 2025-09-16 23:32:01] 76561198024482897: Teleported 76561198024482897 to position <8242.318359, 264.260590, 1436.434204>
[COT 2025-09-17 00:08:21] 76561198024482897: Spectating [guid=cZC_vl4onJwtCEZaOtA89yPcwyGnN7Qy01WI28TQhbU=]
[COT 2025-09-17 00:08:55] 76561198024482897: Stopped spectating
[COT 2025-09-17 00:09:02] 76561198024482897: Spectating [guid=ANEdOJIkD5SE_xUE8dsGoUtK7_DQWPOQrDLnkBdTc8U=]
[COT 2025-09-17 00:09:13] 76561198024482897: Entered the Free Camera
[COT 2025-09-17 00:09:23] 76561198024482897: Set AdminNVG To true [guid=0nsyEhm9INQy3se8y-fXlbMHVv4YsIXloUCLC2unDyo=]
[COT 2025-09-17 00:09:31] 76561198024482897: Left the Free Camera
[COT 2025-09-17 00:10:22] 76561198024482897: Set UnlimitedStamina To true [guid=0nsyEhm9INQy3se8y-fXlbMHVv4YsIXloUCLC2unDyo=]
[COT 2025-09-17 00:10:23] 76561198024482897: Set UnlimitedAmmo To true [guid=0nsyEhm9INQy3se8y-fXlbMHVv4YsIXloUCLC2unDyo=]
[COT 2025-09-17 00:10:36] 76561198024482897: Stopped spectating
[COT 2025-09-17 00:11:20] 76561198024482897: Teleported 76561198024482897 to position <8343.563477, 322.611481, 1632.368408>
[COT 2025-09-17 00:12:02] 76561198024482897: Set GodMode To true [guid=0nsyEhm9INQy3se8y-fXlbMHVv4YsIXloUCLC2unDyo=]
[COT 2025-09-17 00:12:02] 76561198024482897: Set Invisibility To 1 [guid=0nsyEhm9INQy3se8y-fXlbMHVv4YsIXloUCLC2unDyo=]
[COT 2025-09-17 00:12:03] 76561198024482897: Set cannot be targeted by AI to true [guid=0nsyEhm9INQy3se8y-fXlbMHVv4YsIXloUCLC2unDyo=]
[COT 2025-09-17 00:12:09] 76561198024482897: Set AdminNVG To false [guid=0nsyEhm9INQy3se8y-fXlbMHVv4YsIXloUCLC2unDyo=]
[COT 2025-09-17 00:12:46] 76561198024482897: Entered the Free Camera
[COT 2025-09-17 00:12:47] 76561198024482897: Left the Free Camera
[COT 2025-09-17 00:13:40] 76561198024482897: Set GodMode To false [guid=0nsyEhm9INQy3se8y-fXlbMHVv4YsIXloUCLC2unDyo=]
[COT 2025-09-17 00:13:40] 76561198024482897: Set Invisibility To 0 [guid=0nsyEhm9INQy3se8y-fXlbMHVv4YsIXloUCLC2unDyo=]
[COT 2025-09-17 00:13:41] 76561198024482897: Set cannot be targeted by AI to false [guid=0nsyEhm9INQy3se8y-fXlbMHVv4YsIXloUCLC2unDyo=]
[COT 2025-09-17 00:13:41] 76561198024482897: Set UnlimitedStamina To false [guid=0nsyEhm9INQy3se8y-fXlbMHVv4YsIXloUCLC2unDyo=]
[COT 2025-09-17 00:13:42] 76561198024482897: Set UnlimitedAmmo To false [guid=0nsyEhm9INQy3se8y-fXlbMHVv4YsIXloUCLC2unDyo=]
[COT 2025-09-17 00:19:20] 76561198024482897: Updated roles [guid=0nsyEhm9INQy3se8y-fXlbMHVv4YsIXloUCLC2unDyo=]
