[COT 2025-09-17 03:45:42] 76561198024482897: Activated Community Online Tools [guid=0nsyEhm9INQy3se8y-fXlbMHVv4YsIXloUCLC2unDyo=]
[COT 2025-09-17 03:45:50] 76561198024482897: Date 1000/7/17 0:0
[COT 2025-09-17 03:46:07] 76561198024482897: Storm 1, 0.7, 25
[COT 2025-09-17 03:46:07] 76561198024482897: Overcast 0.815983, 0, 240
[COT 2025-09-17 03:46:07] 76561198024482897: Rain 0.705115, 0, 240
[COT 2025-09-17 03:46:07] 76561198024482897: Snow 0, 0, 240
[COT 2025-09-17 03:46:07] 76561198024482897: Fog 0.0164512, 0, 240
[COT 2025-09-17 03:46:07] 76561198024482897: DynamicFog 0, 0, 0
[COT 2025-09-17 03:46:07] 76561198024482897: WindMagnitude 7.18101, 0, 240
[COT 2025-09-17 03:46:07] 76561198024482897: WindDirection 0.944551, 0, 240
[COT 2025-09-17 03:46:07] 76561198024482897: WindFunction 0.652669, 0.88871, 12.5541
[COT 2025-09-17 03:46:38] 76561198024482897: Set Energy To 5000 [guid=0nsyEhm9INQy3se8y-fXlbMHVv4YsIXloUCLC2unDyo=]
[COT 2025-09-17 03:46:38] 76561198024482897: Set Water To 5000 [guid=0nsyEhm9INQy3se8y-fXlbMHVv4YsIXloUCLC2unDyo=]
[COT 2025-09-17 04:11:22] 76561198024482897: Activated Community Online Tools [guid=0nsyEhm9INQy3se8y-fXlbMHVv4YsIXloUCLC2unDyo=]
[COT 2025-09-17 04:11:38] 76561198024482897: Teleported 76561198024482897 to position <9129.015625, 331.939667, 4261.250977>
[COT 2025-09-17 04:11:41] 76561198024482897: Set GodMode To true [guid=0nsyEhm9INQy3se8y-fXlbMHVv4YsIXloUCLC2unDyo=]
[COT 2025-09-17 04:16:04] 76561198024482897: Set GodMode To false [guid=0nsyEhm9INQy3se8y-fXlbMHVv4YsIXloUCLC2unDyo=]
[COT 2025-09-17 04:17:57] 76561198024482897: Set GodMode To true [guid=0nsyEhm9INQy3se8y-fXlbMHVv4YsIXloUCLC2unDyo=]
[COT 2025-09-17 04:29:01] 76561198024482897: ESP: Viewing ESP
[COT 2025-09-17 04:29:01] 76561198024482897: ESP: Clearing ESP
[COT 2025-09-17 04:29:01] 76561198024482897: ESP: Viewing ESP
[COT 2025-09-17 04:29:05] 76561198024482897: ESP: Clearing ESP
[COT 2025-09-17 04:29:06] 76561198024482897: ESP: Viewing ESP
[COT 2025-09-17 04:30:03] 76561198024482897: Teleported 76561198024482897 to position <8340.195313, 331.395081, 1636.397583>
[COT 2025-09-17 04:31:57] 76561198024482897: ESP: Clearing ESP
[COT 2025-09-17 04:37:36] 76561198024482897: Deactivated Community Online Tools [guid=0nsyEhm9INQy3se8y-fXlbMHVv4YsIXloUCLC2unDyo=]
[COT 2025-09-17 04:37:37] 76561198024482897: Activated Community Online Tools [guid=0nsyEhm9INQy3se8y-fXlbMHVv4YsIXloUCLC2unDyo=]
[COT 2025-09-17 04:42:54] 76561198024482897: Deactivated Community Online Tools [guid=0nsyEhm9INQy3se8y-fXlbMHVv4YsIXloUCLC2unDyo=]
[COT 2025-09-17 04:42:56] 76561198024482897: Activated Community Online Tools [guid=0nsyEhm9INQy3se8y-fXlbMHVv4YsIXloUCLC2unDyo=]
[COT 2025-09-17 04:43:06] 76561198024482897: Teleported 76561198024482897 to position <9056.041992, 342.280334, 4443.733887>
[COT 2025-09-17 04:43:13] 76561198024482897: Deactivated Community Online Tools [guid=0nsyEhm9INQy3se8y-fXlbMHVv4YsIXloUCLC2unDyo=]
[COT 2025-09-17 04:43:27] 76561198024482897: Activated Community Online Tools [guid=0nsyEhm9INQy3se8y-fXlbMHVv4YsIXloUCLC2unDyo=]
[COT 2025-09-17 04:43:32] 76561198024482897: Set UnlimitedAmmo To true [guid=0nsyEhm9INQy3se8y-fXlbMHVv4YsIXloUCLC2unDyo=]
[COT 2025-09-17 04:45:09] 76561198024482897: Repaired Transport [guid=0nsyEhm9INQy3se8y-fXlbMHVv4YsIXloUCLC2unDyo=]
[COT 2025-09-17 04:47:05] 76561198024482897: Dried [guid=0nsyEhm9INQy3se8y-fXlbMHVv4YsIXloUCLC2unDyo=]
[COT 2025-09-17 04:47:07] 76561198024482897: Healed [guid=0nsyEhm9INQy3se8y-fXlbMHVv4YsIXloUCLC2unDyo=]
[COT 2025-09-17 04:47:10] 76561198024482897: Repaired Transport [guid=0nsyEhm9INQy3se8y-fXlbMHVv4YsIXloUCLC2unDyo=]
[COT 2025-09-17 04:47:55] 76561198024482897: Spawned Entity UH-1H (ExpansionUh1h<e8c3ec70>, 100, 7500, 15, 0) at <9019.407227, 348.784485, 4561.116699>
[COT 2025-09-17 04:48:33] 76561198024482897: Deleted Entity ExpansionUh1hDoor_2_1:27053 at <9016.995117, 348.904297, 4560.842773>
[COT 2025-09-17 04:48:37] 76561198024482897: Deleted Entity ExpansionUh1hDoor_1_1:24498 at <9017.557617, 348.929596, 4563.236328>
[COT 2025-09-17 04:48:52] 76561198024482897: Deleted Entity ExpansionUh1hDoor_2_2:6820 at <9021.818359, 348.857208, 4559.830566>
[COT 2025-09-17 04:49:05] 76561198024482897: Deleted Entity ExpansionUh1h_Uber:32674 at <9019.826172, 348.864258, 4569.837891>
[COT 2025-09-17 05:03:38] 76561198024482897: Teleported 76561198024482897 to position <8341.658203, 331.561951, 1633.690674>
[COT 2025-09-17 05:05:49] 76561198024482897: Set UnlimitedAmmo To false [guid=0nsyEhm9INQy3se8y-fXlbMHVv4YsIXloUCLC2unDyo=]
[COT 2025-09-17 05:05:50] 76561198024482897: Set GodMode To false [guid=0nsyEhm9INQy3se8y-fXlbMHVv4YsIXloUCLC2unDyo=]
[COT 2025-09-17 05:06:06] 76561198024482897: Spawned Entity Combat Gas Mask (GasMask<13cee370>, 225, 120, 15, 0) at <8346.337891, 322.624786, 1646.725464>
[COT 2025-09-17 05:06:57] 76561198024482897: Teleported 76561198024482897 to position <5724.979980, 423.311401, 3803.076904>
[COT 2025-09-17 05:09:10] 76561198024482897: Teleported 76561198024482897 to position <8342.160156, 331.534088, 1633.409180>
[COT 2025-09-17 05:09:23] 76561198024482897: Updated roles [guid=0nsyEhm9INQy3se8y-fXlbMHVv4YsIXloUCLC2unDyo=]
[COT 2025-09-17 13:46:06] 76561198962655176: Activated Community Online Tools [guid=_AiYSOqBTsXk7V79zSlYdl-x8y50J1nzzpoqKcKH0v8=]
[COT 2025-09-17 13:46:06] 76561198962655176: Deactivated Community Online Tools [guid=_AiYSOqBTsXk7V79zSlYdl-x8y50J1nzzpoqKcKH0v8=]
[COT 2025-09-17 13:46:13] 76561198962655176: Activated Community Online Tools [guid=_AiYSOqBTsXk7V79zSlYdl-x8y50J1nzzpoqKcKH0v8=]
[COT 2025-09-17 13:46:14] 76561198962655176: Deactivated Community Online Tools [guid=_AiYSOqBTsXk7V79zSlYdl-x8y50J1nzzpoqKcKH0v8=]
[COT 2025-09-17 13:46:16] 76561198962655176: Activated Community Online Tools [guid=_AiYSOqBTsXk7V79zSlYdl-x8y50J1nzzpoqKcKH0v8=]
[COT 2025-09-17 13:46:20] 76561198962655176: Set GodMode To true [guid=_AiYSOqBTsXk7V79zSlYdl-x8y50J1nzzpoqKcKH0v8=]
[COT 2025-09-17 13:46:22] 76561198962655176: Set GodMode To false [guid=_AiYSOqBTsXk7V79zSlYdl-x8y50J1nzzpoqKcKH0v8=]
[COT 2025-09-17 13:46:49] 76561198962655176: Deleted Entity TerritoryFlag:26919 at <10787.430664, 196.698853, 10995.374023>
[COT 2025-09-17 13:46:55] 76561198962655176: Deactivated Community Online Tools [guid=_AiYSOqBTsXk7V79zSlYdl-x8y50J1nzzpoqKcKH0v8=]
[COT 2025-09-17 13:49:07] 76561198962655176: Activated Community Online Tools [guid=_AiYSOqBTsXk7V79zSlYdl-x8y50J1nzzpoqKcKH0v8=]
[COT 2025-09-17 13:49:12] 76561198962655176: Deleted Entity ExpansionWall6x3:27422 at <10790.256836, 197.195282, 10990.813477>
[COT 2025-09-17 13:49:16] 76561198962655176: Deactivated Community Online Tools [guid=_AiYSOqBTsXk7V79zSlYdl-x8y50J1nzzpoqKcKH0v8=]
[COT 2025-09-17 13:49:28] 76561198962655176: Activated Community Online Tools [guid=_AiYSOqBTsXk7V79zSlYdl-x8y50J1nzzpoqKcKH0v8=]
[COT 2025-09-17 13:49:28] 76561198962655176: Set GodMode To true [guid=_AiYSOqBTsXk7V79zSlYdl-x8y50J1nzzpoqKcKH0v8=]
[COT 2025-09-17 13:49:35] 76561198962655176: Deactivated Community Online Tools [guid=_AiYSOqBTsXk7V79zSlYdl-x8y50J1nzzpoqKcKH0v8=]
[COT 2025-09-17 13:49:38] 76561198962655176: Activated Community Online Tools [guid=_AiYSOqBTsXk7V79zSlYdl-x8y50J1nzzpoqKcKH0v8=]
[COT 2025-09-17 13:49:39] 76561198962655176: Set GodMode To false [guid=_AiYSOqBTsXk7V79zSlYdl-x8y50J1nzzpoqKcKH0v8=]
[COT 2025-09-17 13:49:40] 76561198962655176: Deactivated Community Online Tools [guid=_AiYSOqBTsXk7V79zSlYdl-x8y50J1nzzpoqKcKH0v8=]
[COT 2025-09-17 13:50:07] 76561198962655176: Activated Community Online Tools [guid=_AiYSOqBTsXk7V79zSlYdl-x8y50J1nzzpoqKcKH0v8=]
[COT 2025-09-17 13:50:07] 76561198962655176: Set GodMode To true [guid=_AiYSOqBTsXk7V79zSlYdl-x8y50J1nzzpoqKcKH0v8=]
[COT 2025-09-17 14:03:49] 76561198962655176: Deactivated Community Online Tools [guid=_AiYSOqBTsXk7V79zSlYdl-x8y50J1nzzpoqKcKH0v8=]
[COT 2025-09-17 15:30:12] 76561198962655176: Activated Community Online Tools [guid=_AiYSOqBTsXk7V79zSlYdl-x8y50J1nzzpoqKcKH0v8=]
[COT 2025-09-17 15:32:08] 76561198962655176: Spawned Entity IV Saline Bag (SalineBagIV<69c3780>, 100, 20, 15, 0) at <9857.174805, 352.214447, 3790.985107>
[COT 2025-09-17 15:33:21] 76561198962655176: Spawned Entity Disinfectant Spray (DisinfectantSpray<12a392a0>, 500, 50, 15, 0) at <9857.174805, 352.214447, 3790.985107>
[COT 2025-09-17 15:47:58] 76561198962655176: Deactivated Community Online Tools [guid=_AiYSOqBTsXk7V79zSlYdl-x8y50J1nzzpoqKcKH0v8=]
[COT 2025-09-17 15:48:24] 76561198962655176: Activated Community Online Tools [guid=_AiYSOqBTsXk7V79zSlYdl-x8y50J1nzzpoqKcKH0v8=]
[COT 2025-09-17 15:48:30] 76561198962655176: Deactivated Community Online Tools [guid=_AiYSOqBTsXk7V79zSlYdl-x8y50J1nzzpoqKcKH0v8=]
[COT 2025-09-17 16:19:03] 76561198962655176: Activated Community Online Tools [guid=_AiYSOqBTsXk7V79zSlYdl-x8y50J1nzzpoqKcKH0v8=]
[COT 2025-09-17 16:19:04] 76561198962655176: Set GodMode To true [guid=_AiYSOqBTsXk7V79zSlYdl-x8y50J1nzzpoqKcKH0v8=]
[COT 2025-09-17 16:19:06] 76561198962655176: Set GodMode To false [guid=_AiYSOqBTsXk7V79zSlYdl-x8y50J1nzzpoqKcKH0v8=]
[COT 2025-09-17 16:20:19] 76561198962655176: Spawned Entity MK47 16in (SNAFU_MK4716Gun<93125a30>, 100, 200, 15, 0) at <11317.833984, 351.841156, 4219.200684>
[COT 2025-09-17 16:22:36] 76561198962655176: Spawned Entity 75rd KA-M Drum Mag (Mag_AKM_Drum75Rnd<ae3af190>, 75, 100, 15, 0) at <11317.833984, 351.841156, 4219.200684>
[COT 2025-09-17 16:22:46] 76561198962655176: Spawned Entity 75rd KA-M Drum Mag (Mag_AKM_Drum75Rnd<ae3afd20>, 75, 100, 15, 0) at <11317.833984, 351.841156, 4219.200684>
[COT 2025-09-17 16:22:46] 76561198962655176: Spawned Entity 75rd KA-M Drum Mag (Mag_AKM_Drum75Rnd<ae3acee0>, 75, 100, 15, 0) at <11317.833984, 351.841156, 4219.200684>
[COT 2025-09-17 16:22:52] 76561198962655176: Deactivated Community Online Tools [guid=_AiYSOqBTsXk7V79zSlYdl-x8y50J1nzzpoqKcKH0v8=]
[COT 2025-09-17 16:22:53] 76561198962655176: Activated Community Online Tools [guid=_AiYSOqBTsXk7V79zSlYdl-x8y50J1nzzpoqKcKH0v8=]
[COT 2025-09-17 16:22:54] 76561198962655176: Set GodMode To true [guid=_AiYSOqBTsXk7V79zSlYdl-x8y50J1nzzpoqKcKH0v8=]
[COT 2025-09-17 16:22:55] 76561198962655176: Set GodMode To false [guid=_AiYSOqBTsXk7V79zSlYdl-x8y50J1nzzpoqKcKH0v8=]
[COT 2025-09-17 16:22:55] 76561198962655176: Deactivated Community Online Tools [guid=_AiYSOqBTsXk7V79zSlYdl-x8y50J1nzzpoqKcKH0v8=]
[COT 2025-09-17 17:12:35] 76561198962655176: Activated Community Online Tools [guid=_AiYSOqBTsXk7V79zSlYdl-x8y50J1nzzpoqKcKH0v8=]
[COT 2025-09-17 17:12:35] 76561198962655176: Set GodMode To true [guid=_AiYSOqBTsXk7V79zSlYdl-x8y50J1nzzpoqKcKH0v8=]
[COT 2025-09-17 17:16:02] 76561198962655176: Teleported _AiYSOqBTsXk7V79zSlYdl-x8y50J1nzzpoqKcKH0v8= to (Skala, <2997.483643, 544.557983, 1954.930176>)
[COT 2025-09-17 17:16:51] 76561198962655176: Teleported _AiYSOqBTsXk7V79zSlYdl-x8y50J1nzzpoqKcKH0v8= to (Rodzanica, <8882.902344, 474.730865, 2041.294556>)
[COT 2025-09-17 17:17:36] 76561198962655176: Set GodMode To false [guid=_AiYSOqBTsXk7V79zSlYdl-x8y50J1nzzpoqKcKH0v8=]
[COT 2025-09-17 17:17:38] 76561198962655176: Set GodMode To true [guid=_AiYSOqBTsXk7V79zSlYdl-x8y50J1nzzpoqKcKH0v8=]
[COT 2025-09-17 17:21:45] 76561198962655176: Spawned Entity Hooded Parka (FOG_Hooded_Parka_ALP<76152d30>, 100, 300, 15, 0) at <8507.288086, 376.867554, 2889.505859>
[COT 2025-09-17 17:21:47] 76561198962655176: Spawned Entity Hooded Cloak (FOG_Hooded_Cloak_Black<7615b7f0>, 100, 300, 15, 0) at <8507.288086, 376.867554, 2889.505859>
[COT 2025-09-17 17:30:06] 76561198962655176: Teleported _AiYSOqBTsXk7V79zSlYdl-x8y50J1nzzpoqKcKH0v8= to (Gieraltów, <11241.749023, 339.059998, 4379.298828>)
[COT 2025-09-17 17:30:57] 76561198962655176: Set GodMode To false [guid=_AiYSOqBTsXk7V79zSlYdl-x8y50J1nzzpoqKcKH0v8=]
[COT 2025-09-17 17:30:57] 76561198962655176: Deactivated Community Online Tools [guid=_AiYSOqBTsXk7V79zSlYdl-x8y50J1nzzpoqKcKH0v8=]
[COT 2025-09-17 17:40:17] 76561198962655176: Activated Community Online Tools [guid=_AiYSOqBTsXk7V79zSlYdl-x8y50J1nzzpoqKcKH0v8=]
[COT 2025-09-17 17:40:26] 76561198962655176: Teleported _AiYSOqBTsXk7V79zSlYdl-x8y50J1nzzpoqKcKH0v8= to (Rodzanica, <8879.697266, 473.877136, 2043.666748>)
[COT 2025-09-17 17:40:39] 76561198962655176: Set GodMode To true [guid=_AiYSOqBTsXk7V79zSlYdl-x8y50J1nzzpoqKcKH0v8=]
[COT 2025-09-17 17:59:25] 76561198962655176: Activated Community Online Tools [guid=_AiYSOqBTsXk7V79zSlYdl-x8y50J1nzzpoqKcKH0v8=]
[COT 2025-09-17 17:59:34] 76561198962655176: Deactivated Community Online Tools [guid=_AiYSOqBTsXk7V79zSlYdl-x8y50J1nzzpoqKcKH0v8=]
[COT 2025-09-17 18:05:56] 76561198962655176: Activated Community Online Tools [guid=_AiYSOqBTsXk7V79zSlYdl-x8y50J1nzzpoqKcKH0v8=]
[COT 2025-09-17 18:05:57] 76561198962655176: Set GodMode To true [guid=_AiYSOqBTsXk7V79zSlYdl-x8y50J1nzzpoqKcKH0v8=]
[COT 2025-09-17 18:05:58] 76561198962655176: Deactivated Community Online Tools [guid=_AiYSOqBTsXk7V79zSlYdl-x8y50J1nzzpoqKcKH0v8=]
[COT 2025-09-17 18:05:59] 76561198962655176: Activated Community Online Tools [guid=_AiYSOqBTsXk7V79zSlYdl-x8y50J1nzzpoqKcKH0v8=]
[COT 2025-09-17 18:06:01] 76561198962655176: Set GodMode To false [guid=_AiYSOqBTsXk7V79zSlYdl-x8y50J1nzzpoqKcKH0v8=]
[COT 2025-09-17 18:06:02] 76561198962655176: Set GodMode To true [guid=_AiYSOqBTsXk7V79zSlYdl-x8y50J1nzzpoqKcKH0v8=]
[COT 2025-09-17 18:06:31] 76561198962655176: Set Broken Legs To false [guid=_AiYSOqBTsXk7V79zSlYdl-x8y50J1nzzpoqKcKH0v8=]
[COT 2025-09-17 18:06:34] 76561198962655176: Healed [guid=_AiYSOqBTsXk7V79zSlYdl-x8y50J1nzzpoqKcKH0v8=]
[COT 2025-09-17 18:06:39] 76561198962655176: Set GodMode To false [guid=_AiYSOqBTsXk7V79zSlYdl-x8y50J1nzzpoqKcKH0v8=]
[COT 2025-09-17 18:06:57] 76561198962655176: Set GodMode To true [guid=_AiYSOqBTsXk7V79zSlYdl-x8y50J1nzzpoqKcKH0v8=]
[COT 2025-09-17 18:31:19] 76561198962655176: Teleported _AiYSOqBTsXk7V79zSlYdl-x8y50J1nzzpoqKcKH0v8= to (Swarog, <4856.881348, 526.282410, 2224.444092>)
[COT 2025-09-17 18:42:01] 76561198962655176: Spawned Entity Boxed 7.62x39mm Tracer Rounds (AmmoBox_762x39Tracer_20Rnd<75f701e0>, 10, 100, 15, 0) at <5011.275879, 518.109314, 2112.482422>
[COT 2025-09-17 18:42:01] 76561198962655176: Spawned Entity Boxed 7.62x39mm Tracer Rounds (AmmoBox_762x39Tracer_20Rnd<75f699d0>, 10, 100, 15, 0) at <5011.275879, 518.109314, 2112.482422>
[COT 2025-09-17 18:42:02] 76561198962655176: Spawned Entity Boxed 7.62x39mm Tracer Rounds (AmmoBox_762x39Tracer_20Rnd<75f72490>, 10, 100, 15, 0) at <5011.275879, 518.109314, 2112.482422>
[COT 2025-09-17 18:42:02] 76561198962655176: Spawned Entity Boxed 7.62x39mm Tracer Rounds (AmmoBox_762x39Tracer_20Rnd<75f74740>, 10, 100, 15, 0) at <5011.275879, 518.109314, 2112.482422>
[COT 2025-09-17 18:42:02] 76561198962655176: Spawned Entity Boxed 7.62x39mm Tracer Rounds (AmmoBox_762x39Tracer_20Rnd<75f7d200>, 10, 100, 15, 0) at <5011.275879, 518.109314, 2112.482422>
[COT 2025-09-17 18:42:03] 76561198962655176: Spawned Entity Boxed 7.62x39mm Tracer Rounds (AmmoBox_762x39Tracer_20Rnd<75f769f0>, 10, 100, 15, 0) at <5011.275879, 518.109314, 2112.482422>
[COT 2025-09-17 18:42:03] 76561198962655176: Spawned Entity Boxed 7.62x39mm Tracer Rounds (AmmoBox_762x39Tracer_20Rnd<75f7e920>, 10, 100, 15, 0) at <5011.275879, 518.109314, 2112.482422>
[COT 2025-09-17 18:42:03] 76561198962655176: Spawned Entity Boxed 7.62x39mm Tracer Rounds (AmmoBox_762x39Tracer_20Rnd<75f78110>, 10, 100, 15, 0) at <5011.275879, 518.109314, 2112.482422>
[COT 2025-09-17 18:42:04] 76561198962655176: Spawned Entity Boxed 7.62x39mm Tracer Rounds (AmmoBox_762x39Tracer_20Rnd<75f845a0>, 10, 100, 15, 0) at <5011.275879, 518.109314, 2112.482422>
[COT 2025-09-17 18:42:04] 76561198962655176: Spawned Entity Boxed 7.62x39mm Tracer Rounds (AmmoBox_762x39Tracer_20Rnd<75f822f0>, 10, 100, 15, 0) at <5011.275879, 518.109314, 2112.482422>
[COT 2025-09-17 18:42:06] 76561198962655176: Spawned Entity Boxed 7.62x39mm Tracer Rounds (AmmoBox_762x39Tracer_20Rnd<75f81760>, 10, 100, 15, 0) at <5011.275879, 518.109314, 2112.482422>
[COT 2025-09-17 18:42:07] 76561198962655176: Spawned Entity Boxed 7.62x39mm Tracer Rounds (AmmoBox_762x39Tracer_20Rnd<75f85130>, 10, 100, 15, 0) at <5011.275879, 518.109314, 2112.482422>
[COT 2025-09-17 18:42:07] 76561198962655176: Spawned Entity Boxed 7.62x39mm Tracer Rounds (AmmoBox_762x39Tracer_20Rnd<ebb0fee0>, 10, 100, 15, 0) at <5011.275879, 518.109314, 2112.482422>
[COT 2025-09-17 18:42:07] 76561198962655176: Spawned Entity Boxed 7.62x39mm Tracer Rounds (AmmoBox_762x39Tracer_20Rnd<ebb0c510>, 10, 100, 15, 0) at <5011.275879, 518.109314, 2112.482422>
[COT 2025-09-17 18:42:07] 76561198962655176: Spawned Entity Boxed 7.62x39mm Tracer Rounds (AmmoBox_762x39Tracer_20Rnd<ebb0a260>, 10, 100, 15, 0) at <5011.275879, 518.109314, 2112.482422>
[COT 2025-09-17 18:42:08] 76561198962655176: Spawned Entity Boxed 7.62x39mm Tracer Rounds (AmmoBox_762x39Tracer_20Rnd<ebb0adf0>, 10, 100, 15, 0) at <5011.275879, 518.109314, 2112.482422>
[COT 2025-09-17 18:42:08] 76561198962655176: Spawned Entity Boxed 7.62x39mm Tracer Rounds (AmmoBox_762x39Tracer_20Rnd<ebb12d20>, 10, 100, 15, 0) at <5011.275879, 518.109314, 2112.482422>
[COT 2025-09-17 18:42:09] 76561198962655176: Spawned Entity Boxed 7.62x39mm Tracer Rounds (AmmoBox_762x39Tracer_20Rnd<ebb12190>, 10, 100, 15, 0) at <5011.275879, 518.109314, 2112.482422>
[COT 2025-09-17 18:42:09] 76561198962655176: Spawned Entity Boxed 7.62x39mm Tracer Rounds (AmmoBox_762x39Tracer_20Rnd<ebb0d0a0>, 10, 100, 15, 0) at <5011.275879, 518.109314, 2112.482422>
[COT 2025-09-17 18:42:09] 76561198962655176: Spawned Entity Boxed 7.62x39mm Tracer Rounds (AmmoBox_762x39Tracer_20Rnd<ebb1b7e0>, 10, 100, 15, 0) at <5011.275879, 518.109314, 2112.482422>
[COT 2025-09-17 18:45:53] 76561198962655176: Spawned Entity 6SH118 Raid Backpack (FOG_Bag_6ShBagT_BlackEMR<dcefdc90>, 100, 300, 15, 0) at <5060.382813, 515.013550, 2138.919434>
[COT 2025-09-17 19:01:21] 76561198962655176: Teleported 76561198962655176 to position <11171.291016, 343.164246, 4323.931641>
[COT 2025-09-17 19:01:22] 76561198962655176: Teleported 76561198962655176 to position <11171.291016, 343.164246, 4323.931641>
[COT 2025-09-17 19:01:23] 76561198962655176: Teleported 76561198962655176 to position <11171.291016, 343.164246, 4323.931641>
[COT 2025-09-17 19:01:24] 76561198962655176: Teleported 76561198962655176 to position <11171.291016, 343.164246, 4323.931641>
[COT 2025-09-17 19:04:52] 76561198962655176: Spawned Entity Car Battery (CarBattery<a973df00>, 50, 200, 15, 0) at <11311.842773, 355.856842, 4226.214844>
[COT 2025-09-17 19:35:32] 76561198962655176: Spawned Entity Punched Card (PunchedCard<82532cf0>, 100, 15, 15, 0) at <11312.157227, 351.841248, 4224.724609>
[COT 2025-09-17 19:35:55] 76561198962655176: Teleported _AiYSOqBTsXk7V79zSlYdl-x8y50J1nzzpoqKcKH0v8= to (Dambog, <577.569031, 612.114990, 1122.835449>)
[COT 2025-09-17 19:57:49] 76561198962655176: Teleported _AiYSOqBTsXk7V79zSlYdl-x8y50J1nzzpoqKcKH0v8= to (Gieraltów, <11240.808594, 339.059998, 4378.616699>)
[COT 2025-09-17 20:01:32] 76561198962655176: Teleported 76561198962655176 to position <10770.913086, 196.721603, 11000.395508>
[COT 2025-09-17 20:03:46] 76561198962655176: Teleported 76561198962655176 to position <11311.976563, 355.816895, 4222.106934>
[COT 2025-09-17 20:04:58] 76561198962655176: Spawned Entity Large Safe (ExpansionSafeLarge<81d8d310>, 100, 20000, 15, 0) at <11301.688477, 351.841217, 4225.372070>
[COT 2025-09-17 20:05:46] 76561198962655176: Set GodMode To false [guid=_AiYSOqBTsXk7V79zSlYdl-x8y50J1nzzpoqKcKH0v8=]
[COT 2025-09-17 20:05:50] 76561198962655176: Set GodMode To true [guid=_AiYSOqBTsXk7V79zSlYdl-x8y50J1nzzpoqKcKH0v8=]
[COT 2025-09-17 20:06:29] 76561198962655176: Spawned Entity 5Rnd AWM Mag (Mag_Expansion_AWM_5rnd<ac5dbfc0>, 5, 100, 15, 0) at <11310.787109, 351.841248, 4224.224121>
[COT 2025-09-17 20:06:30] 76561198962655176: Spawned Entity 5Rnd AWM Mag (Mag_Expansion_AWM_5rnd<ac5dcb50>, 5, 100, 15, 0) at <11310.787109, 351.841248, 4224.224121>
[COT 2025-09-17 20:06:32] 76561198962655176: Spawned Entity Магазин для винтовки AWM (SkyFall_Mag_AWM_10Rnd<ac5d6340>, 10, 100, 15, 0) at <11310.787109, 351.841248, 4224.224121>
[COT 2025-09-17 20:06:32] 76561198962655176: Spawned Entity Магазин для винтовки AWM (SkyFall_Mag_AWM_10Rnd<ac5d7a60>, 10, 100, 15, 0) at <11310.787109, 351.841248, 4224.224121>
[COT 2025-09-17 20:14:01] 76561198962655176: Set GodMode To false [guid=_AiYSOqBTsXk7V79zSlYdl-x8y50J1nzzpoqKcKH0v8=]
[COT 2025-09-17 20:14:03] 76561198962655176: Set GodMode To true [guid=_AiYSOqBTsXk7V79zSlYdl-x8y50J1nzzpoqKcKH0v8=]
[COT 2025-09-17 20:14:21] 76561198962655176: Teleported 76561198962655176 to position <6429.100098, 357.126007, 4761.510254>
[COT 2025-09-17 20:14:25] 76561198962655176: Deactivated Community Online Tools [guid=_AiYSOqBTsXk7V79zSlYdl-x8y50J1nzzpoqKcKH0v8=]
[COT 2025-09-17 20:14:26] 76561198962655176: Activated Community Online Tools [guid=_AiYSOqBTsXk7V79zSlYdl-x8y50J1nzzpoqKcKH0v8=]
[COT 2025-09-17 20:14:27] 76561198962655176: Set GodMode To false [guid=_AiYSOqBTsXk7V79zSlYdl-x8y50J1nzzpoqKcKH0v8=]
[COT 2025-09-17 20:14:29] 76561198962655176: Deactivated Community Online Tools [guid=_AiYSOqBTsXk7V79zSlYdl-x8y50J1nzzpoqKcKH0v8=]
[COT 2025-09-17 20:18:21] 76561198962655176: Activated Community Online Tools [guid=_AiYSOqBTsXk7V79zSlYdl-x8y50J1nzzpoqKcKH0v8=]
[COT 2025-09-17 20:18:22] 76561198962655176: Set GodMode To true [guid=_AiYSOqBTsXk7V79zSlYdl-x8y50J1nzzpoqKcKH0v8=]
[COT 2025-09-17 20:20:31] 76561198962655176: Teleported 76561198962655176 to position <1924.834106, 223.352234, 7314.958008>
[COT 2025-09-17 20:20:53] 76561198962655176: Deactivated Community Online Tools [guid=_AiYSOqBTsXk7V79zSlYdl-x8y50J1nzzpoqKcKH0v8=]
[COT 2025-09-17 20:20:54] 76561198962655176: Activated Community Online Tools [guid=_AiYSOqBTsXk7V79zSlYdl-x8y50J1nzzpoqKcKH0v8=]
[COT 2025-09-17 20:20:55] 76561198962655176: Set GodMode To false [guid=_AiYSOqBTsXk7V79zSlYdl-x8y50J1nzzpoqKcKH0v8=]
[COT 2025-09-17 20:20:57] 76561198962655176: Deactivated Community Online Tools [guid=_AiYSOqBTsXk7V79zSlYdl-x8y50J1nzzpoqKcKH0v8=]
[COT 2025-09-17 20:24:03] 76561198962655176: Activated Community Online Tools [guid=_AiYSOqBTsXk7V79zSlYdl-x8y50J1nzzpoqKcKH0v8=]
[COT 2025-09-17 20:24:04] 76561198962655176: Set GodMode To true [guid=_AiYSOqBTsXk7V79zSlYdl-x8y50J1nzzpoqKcKH0v8=]
[COT 2025-09-17 20:24:47] 76561198962655176: Spawned Entity Land Rover Defender Wheel (Expansion_Landrover_Wheel<e86e8770>, 100, 800, 15, 0) at <1810.694946, 200.114868, 7363.916016>
[COT 2025-09-17 20:24:48] 76561198962655176: Spawned Entity Land Rover Defender Wheel (Expansion_Landrover_Wheel<e86e9300>, 100, 800, 15, 0) at <1810.694946, 200.411697, 7363.916016>
[COT 2025-09-17 20:25:13] 76561198962655176: Spawned Entity Car Radiator (CarRadiator<25426b20>, 100, 250, 15, 0) at <1810.702271, 200.113022, 7363.942383>
[COT 2025-09-17 20:25:35] 76561198962655176: Spawned Entity Spark Plug (SparkPlug<25442280>, 100, 20, 15, 0) at <1810.702271, 200.113022, 7363.942383>
[COT 2025-09-17 20:27:17] 76561198962655176: Healed [guid=_AiYSOqBTsXk7V79zSlYdl-x8y50J1nzzpoqKcKH0v8=]
[COT 2025-09-17 20:28:49] 76561198962655176: Spawned Entity Jerrycan (CanisterGasoline<85d3c560>, 20000, 300, 15, 1024) at <1810.399658, 199.965500, 7366.290527>
[COT 2025-09-17 20:29:55] 76561198962655176: Spawned Entity Jerrycan (CanisterGasoline<a5c5c690>, 20000, 300, 15, 512) at <1810.122070, 199.928421, 7366.767578>
[COT 2025-09-17 20:31:46] 76561198962655176: Teleported 76561198962655176 to position <11197.886719, 341.141693, 4335.935059>
[COT 2025-09-17 20:31:48] 76561198962655176: Teleported 76561198962655176 to position <11197.886719, 341.324432, 4331.381836>
[COT 2025-09-17 20:32:53] 76561198962655176: Spawned Entity Keys (ExpansionCarKey<5d3361d0>, 100, 100, 15, 0) at <11306.712891, 346.924957, 4237.889648>
[COT 2025-09-17 20:33:18] 76561198962655176: Spawned Entity Keys (ExpansionCarKey<a8ac9a80>, 100, 100, 15, 0) at <11309.478516, 347.825653, 4227.057617>
[COT 2025-09-17 20:36:25] 76561198962655176: Spawned Entity Lumber Pile (PileOfWoodenPlanks<6caf37c0>, 252, 100, 15, 0) at <11297.479492, 346.899994, 4227.862793>
[COT 2025-09-17 20:37:22] 76561198962655176: Spawned Entity Chainsaw (Chainsaw<57759ca0>, 100, 300, 15, 0) at <11297.737305, 347.855286, 4228.422363>
[COT 2025-09-17 20:38:03] 76561198962655176: Spawned Entity Hand Saw (HandSaw<57599ca0>, 100, 100, 15, 0) at <11291.884766, 346.182526, 4262.177246>
[COT 2025-09-17 20:38:03] 76561198962655176: Spawned Entity Hand Saw (HandSaw<57598580>, 100, 100, 15, 0) at <11291.904297, 346.216888, 4262.075684>
[COT 2025-09-17 20:43:48] 76561198962655176: Deleted Entity PileOfWoodenPlanks:14854 at <11297.479492, 346.898163, 4227.862793>
[COT 2025-09-17 20:46:54] 76561198962655176: Deactivated Community Online Tools [guid=_AiYSOqBTsXk7V79zSlYdl-x8y50J1nzzpoqKcKH0v8=]
[COT 2025-09-17 20:46:55] 76561198962655176: Activated Community Online Tools [guid=_AiYSOqBTsXk7V79zSlYdl-x8y50J1nzzpoqKcKH0v8=]
[COT 2025-09-17 21:08:19] 76561198962655176: Set GodMode To false [guid=_AiYSOqBTsXk7V79zSlYdl-x8y50J1nzzpoqKcKH0v8=]
[COT 2025-09-17 21:08:19] 76561198962655176: Set GodMode To true [guid=_AiYSOqBTsXk7V79zSlYdl-x8y50J1nzzpoqKcKH0v8=]
[COT 2025-09-17 21:20:59] 76561198962655176: Spawned Entity Land Rover Defender Front-Left Door (Expansion_Landrover_Driverdoor<34f9550>, 100, 500, 15, 0) at <11296.309570, 346.778046, 4247.602051>
[COT 2025-09-17 21:21:01] 76561198962655176: Spawned Entity Land Rover Defender Front-Right Door (Expansion_Landrover_Codriverdoor<34f5b80>, 100, 500, 15, 0) at <11296.496094, 346.911865, 4247.361328>
[COT 2025-09-17 21:21:04] 76561198962655176: Spawned Entity Land Rover Defender Back-Left Door (Expansion_Landrover_Left<35008f0>, 100, 500, 15, 0) at <11296.761719, 347.102692, 4247.019531>
[COT 2025-09-17 21:21:06] 76561198962655176: Spawned Entity Land Rover Defender Back- Right Door (Expansion_Landrover_Right<34ffd60>, 100, 500, 15, 0) at <11296.943359, 347.232971, 4246.792480>
[COT 2025-09-17 21:21:08] 76561198962655176: Spawned Entity Land Rover Defender Hood (Expansion_Landrover_Hood<3502ba0>, 100, 500, 15, 0) at <11297.144531, 347.377014, 4246.532715>
[COT 2025-09-17 21:21:15] 76561198962655176: Deleted Entity Expansion_Landrover_Left:14469 at <11296.761719, 347.154266, 4247.019531>
[COT 2025-09-17 21:21:17] 76561198962655176: Deleted Entity Expansion_Landrover_Right:29197 at <11296.943359, 347.306061, 4246.792480>
[COT 2025-09-17 21:21:20] 76561198962655176: Deleted Entity Expansion_Landrover_Hood:27093 at <11297.144531, 347.917145, 4246.532715>
[COT 2025-09-17 21:21:34] 76561198962655176: Deleted Entity Expansion_Landrover_Driverdoor:4695 at <11296.309570, 346.897675, 4247.602051>
[COT 2025-09-17 21:21:36] 76561198962655176: Deleted Entity Expansion_Landrover_Codriverdoor:28897 at <11296.496094, 346.969513, 4247.361328>
[COT 2025-09-17 21:21:46] 76561198962655176: Spawned Entity Land Rover Defender Front-Left Door (Expansion_Landrover_Driverdoor<ad5eca90>, 100, 500, 15, 0) at <11296.443359, 346.775787, 4247.741211>
[COT 2025-09-17 21:21:48] 76561198962655176: Spawned Entity Land Rover Defender Front-Right Door (Expansion_Landrover_Codriverdoor<ad5e6280>, 100, 500, 15, 0) at <11296.605469, 346.909637, 4247.652832>
[COT 2025-09-17 21:21:49] 76561198962655176: Spawned Entity Land Rover Defender Back-Left Door (Expansion_Landrover_Left<ad5ed620>, 100, 500, 15, 0) at <11296.838867, 347.100464, 4247.527344>
[COT 2025-09-17 21:21:51] 76561198962655176: Spawned Entity Land Rover Defender Back- Right Door (Expansion_Landrover_Right<ad5e6e10>, 100, 500, 15, 0) at <11297.000977, 347.230743, 4247.430664>
[COT 2025-09-17 21:21:54] 76561198962655176: Spawned Entity Land Rover Defender Hood (Expansion_Landrover_Hood<ad5ee1b0>, 100, 500, 15, 0) at <11297.172852, 347.374786, 4247.329590>
[COT 2025-09-17 21:21:57] 76561198962655176: Spawned Entity Land Rover Defender Wheel (Expansion_Landrover_Wheel<ad5e8530>, 100, 800, 15, 0) at <11297.219727, 347.411102, 4247.310059>
[COT 2025-09-17 21:25:14] 76561198962655176: Set GodMode To false [guid=_AiYSOqBTsXk7V79zSlYdl-x8y50J1nzzpoqKcKH0v8=]
[COT 2025-09-17 21:25:15] 76561198962655176: Set GodMode To true [guid=_AiYSOqBTsXk7V79zSlYdl-x8y50J1nzzpoqKcKH0v8=]
[COT 2025-09-17 21:25:27] 76561198962655176: Spawned Entity Lumber (3m) (ExpansionLumber3<ac3fa490>, 10, 100, 15, 0) at <11299.546875, 346.899994, 4234.084473>
[COT 2025-09-17 21:25:28] 76561198962655176: Spawned Entity Lumber (3m) (ExpansionLumber3<ac3fbbb0>, 10, 100, 15, 0) at <11300.020508, 347.033691, 4233.942383>
[COT 2025-09-17 21:25:29] 76561198962655176: Spawned Entity Lumber (3m) (ExpansionLumber3<65787290>, 10, 100, 15, 0) at <11300.223633, 347.090668, 4233.880859>
[COT 2025-09-17 21:33:04] 76561198962655176: Spawned Entity Nails (Nail<eefe1870>, 99, 80, 15, 0) at <11305.260742, 350.622162, 4233.259277>
[COT 2025-09-17 21:43:44] 76561198962655176: Spawned Entity Nails (Nail<68f1bf30>, 99, 80, 15, 0) at <11316.432617, 347.825684, 4219.020996>
[COT 2025-09-17 21:43:44] 76561198962655176: Spawned Entity Nails (Nail<68f16e40>, 99, 80, 15, 0) at <11316.432617, 347.825684, 4219.020996>
[COT 2025-09-17 21:43:45] 76561198962655176: Spawned Entity Nails (Nail<68f1b3a0>, 99, 80, 15, 0) at <11316.432617, 347.825684, 4219.020996>
[COT 2025-09-17 21:43:45] 76561198962655176: Spawned Entity Nails (Nail<68f15720>, 99, 80, 15, 0) at <11316.432617, 347.825684, 4219.020996>
[COT 2025-09-17 21:43:45] 76561198962655176: Spawned Entity Nails (Nail<68f1f900>, 99, 80, 15, 0) at <11316.432617, 347.825684, 4219.020996>
[COT 2025-09-17 21:43:46] 76561198962655176: Spawned Entity Nails (Nail<68f1e1e0>, 99, 80, 15, 0) at <11316.432617, 347.825684, 4219.020996>
[COT 2025-09-17 21:43:46] 76561198962655176: Spawned Entity Nails (Nail<68f1ed70>, 99, 80, 15, 0) at <11316.432617, 347.825684, 4219.020996>
[COT 2025-09-17 21:43:46] 76561198962655176: Spawned Entity Nails (Nail<68f26ca0>, 99, 80, 15, 0) at <11316.432617, 347.825684, 4219.020996>
[COT 2025-09-17 21:43:46] 76561198962655176: Spawned Entity Nails (Nail<68f26110>, 99, 80, 15, 0) at <11316.432617, 347.825684, 4219.020996>
[COT 2025-09-17 21:43:47] 76561198962655176: Spawned Entity Nails (Nail<68f21bb0>, 99, 80, 15, 0) at <11316.432617, 347.825684, 4219.020996>
[COT 2025-09-17 21:43:57] 76561198962655176: Spawned Entity Lumber (1m) (ExpansionLumber1<ad5c7ce0>, 10, 100, 15, 0) at <11316.432617, 347.825684, 4219.020996>
[COT 2025-09-17 21:43:57] 76561198962655176: Spawned Entity Lumber (1m) (ExpansionLumber1<ad5cf080>, 10, 100, 15, 0) at <11316.432617, 347.825684, 4219.020996>
[COT 2025-09-17 21:43:58] 76561198962655176: Spawned Entity Lumber (1m) (ExpansionLumber1<ad5c8870>, 10, 100, 15, 0) at <11316.432617, 347.825684, 4219.020996>
[COT 2025-09-17 21:43:58] 76561198962655176: Spawned Entity Lumber (1m) (ExpansionLumber1<ad5c9400>, 10, 100, 15, 0) at <11316.432617, 347.825684, 4219.020996>
[COT 2025-09-17 21:43:58] 76561198962655176: Spawned Entity Lumber (1m) (ExpansionLumber1<ad5d6420>, 10, 100, 15, 0) at <11316.432617, 347.825684, 4219.020996>
[COT 2025-09-17 21:44:00] 76561198962655176: Spawned Entity Lumber (1.5m) (ExpansionLumber1_5<ad5d1ec0>, 10, 100, 15, 0) at <11316.432617, 347.825684, 4219.020996>
[COT 2025-09-17 21:44:00] 76561198962655176: Spawned Entity Lumber (1.5m) (ExpansionLumber1_5<ad5d2a50>, 10, 100, 15, 0) at <11316.432617, 347.825684, 4219.020996>
[COT 2025-09-17 21:45:04] 76561198962655176: Spawned Entity Hatchet (Hatchet<6f25a390>, 10, 150, 15, 0) at <11318.000977, 347.825684, 4218.066895>
[COT 2025-09-17 21:46:06] 76561198962655176: Spawned Entity Wall Kit (ExpansionWallKit<64d43b40>, 100, 100, 15, 0) at <11319.860352, 347.825684, 4218.243164>
[COT 2025-09-17 21:49:44] 76561198962655176: Deleted Entity ExpansionLumber1_5:24824 at <11316.432617, 347.898773, 4219.020996>
[COT 2025-09-17 21:49:45] 76561198962655176: Deleted Entity ExpansionLumber1_5:5992 at <11316.432617, 347.898773, 4219.020996>
[COT 2025-09-17 21:49:46] 76561198962655176: Deleted Entity ExpansionLumber1:33700 at <11316.432617, 347.898773, 4219.020996>
[COT 2025-09-17 21:49:48] 76561198962655176: Deleted Entity ExpansionLumber1:13008 at <11316.460938, 347.858795, 4219.106445>
[COT 2025-09-17 21:49:49] 76561198962655176: Deleted Entity ExpansionLumber1:34265 at <11316.432617, 347.898773, 4219.020996>
[COT 2025-09-17 21:49:50] 76561198962655176: Deleted Entity ExpansionLumber1:15825 at <11316.432617, 347.898773, 4219.020996>
[COT 2025-09-17 21:53:31] 76561198962655176: Deleted Entity ExpansionWall6x3:24824 at <11317.277344, 349.330231, 4225.148438>
[COT 2025-09-17 21:54:03] 76561198962655176: Spawned Entity Wall Kit (ExpansionWallKit<ab054710>, 100, 100, 15, 0) at <11314.983398, 348.154449, 4224.389160>
[COT 2025-09-17 22:00:48] 76561198962655176: Deleted Entity ExpansionWall6x3:25421 at <11309.983398, 347.787079, 4232.020508>
[COT 2025-09-17 22:01:08] 76561198962655176: Spawned Entity Wall Kit (ExpansionWallKit<5b520e0>, 100, 100, 15, 0) at <11313.641602, 347.825623, 4228.323730>
[COT 2025-09-17 22:01:23] 76561198962655176: Spawned Entity Lumber (3m) (ExpansionLumber3<a75159a0>, 10, 100, 15, 0) at <11313.641602, 347.986481, 4228.323730>
[COT 2025-09-17 22:03:47] 76561198962655176: Spawned Entity Plank (WoodenPlank<82b56390>, 10, 100, 15, 0) at <11302.645508, 347.825653, 4225.674805>
[COT 2025-09-17 22:03:48] 76561198962655176: Spawned Entity Plank (WoodenPlank<82b56f20>, 10, 100, 15, 0) at <11302.645508, 347.825653, 4225.674805>
[COT 2025-09-17 22:03:48] 76561198962655176: Spawned Entity Plank (WoodenPlank<82b5a8f0>, 10, 100, 15, 0) at <11302.645508, 347.825653, 4225.674805>
[COT 2025-09-17 22:08:26] 76561198962655176: Spawned Entity Lumber (3m) (ExpansionLumber3<aa59cf20>, 10, 100, 15, 0) at <11309.298828, 351.841248, 4224.374512>
[COT 2025-09-17 22:13:33] 76561198962655176: Spawned Entity Code Lock (ExpansionCodeLock<82798ea0>, 100, 100, 15, 0) at <11311.400391, 351.841248, 4226.964844>
[COT 2025-09-17 22:13:33] 76561198962655176: Spawned Entity Code Lock (ExpansionCodeLock<827a0240>, 100, 100, 15, 0) at <11311.400391, 351.841248, 4226.964844>
[COT 2025-09-17 22:13:33] 76561198962655176: Spawned Entity Code Lock (ExpansionCodeLock<827a75e0>, 100, 100, 15, 0) at <11311.400391, 351.841248, 4226.964844>
[COT 2025-09-17 22:13:34] 76561198962655176: Spawned Entity Code Lock (ExpansionCodeLock<827a0dd0>, 100, 100, 15, 0) at <11311.400391, 351.841248, 4226.964844>
[COT 2025-09-17 22:16:36] 76561198962655176: Spawned Entity Патроны .338Lm (SkyFall_Ammo_338lm<1e946400>, 20, 100, 15, 0) at <11310.969727, 351.841248, 4226.669922>
[COT 2025-09-17 22:16:37] 76561198962655176: Spawned Entity Патроны .338Lm (SkyFall_Ammo_338lm<1e947b20>, 20, 100, 15, 0) at <11310.969727, 351.841248, 4226.669922>
[COT 2025-09-17 22:16:37] 76561198962655176: Spawned Entity Патроны .338Lm (SkyFall_Ammo_338lm<1e942a30>, 20, 100, 15, 0) at <11310.969727, 351.841248, 4226.669922>
[COT 2025-09-17 22:17:42] 76561198962655176: Spawned Entity Stove (ExpansionStove<6d5ea560>, 100, 100, 15, 0) at <11310.969727, 351.841248, 4226.669922>
[COT 2025-09-17 22:19:04] 76561198962655176: Spawned Entity Fridge (BIS_Fridge<7f1bbe10>, 100, 100, 15, 0) at <11304.307617, 351.841217, 4220.968262>
[COT 2025-09-17 22:19:54] 76561198962655176: Spawned Entity Cooking Pot (Pot<abd5a0b0>, 2000, 200, 15, 512) at <11304.309570, 351.841217, 4220.509766>
[COT 2025-09-17 22:19:55] 76561198962655176: Spawned Entity Cooking Pot (Pot<abd75f00>, 2000, 200, 15, 512) at <11304.309570, 351.841217, 4220.509766>
[COT 2025-09-17 22:20:35] 76561198962655176: Set GodMode To false [guid=_AiYSOqBTsXk7V79zSlYdl-x8y50J1nzzpoqKcKH0v8=]
[COT 2025-09-17 22:21:51] 76561198962655176: Spawned Entity Beef Steak (CowSteakMeat<a76e5ed0>, 500, 50, 15, 1) at <11305.629883, 351.841217, 4221.055664>
[COT 2025-09-17 22:21:51] 76561198962655176: Spawned Entity Beef Steak (CowSteakMeat<a76ea430>, 500, 50, 15, 1) at <11305.629883, 351.841217, 4221.055664>
[COT 2025-09-17 22:21:52] 76561198962655176: Spawned Entity Beef Steak (CowSteakMeat<a76f2ef0>, 500, 50, 15, 1) at <11305.629883, 351.841217, 4221.055664>
[COT 2025-09-17 22:21:52] 76561198962655176: Spawned Entity Beef Steak (CowSteakMeat<a76f68c0>, 500, 50, 15, 1) at <11305.629883, 351.841217, 4221.055664>
[COT 2025-09-17 22:21:53] 76561198962655176: Spawned Entity Beef Steak (CowSteakMeat<a76f00b0>, 500, 50, 15, 1) at <11305.629883, 351.841217, 4221.055664>
[COT 2025-09-17 22:21:53] 76561198962655176: Spawned Entity Beef Steak (CowSteakMeat<a76f0c40>, 500, 50, 15, 1) at <11305.629883, 351.841217, 4221.055664>
[COT 2025-09-17 22:21:53] 76561198962655176: Spawned Entity Beef Steak (CowSteakMeat<a76fa290>, 500, 50, 15, 1) at <11305.629883, 351.841217, 4221.055664>
[COT 2025-09-17 22:21:53] 76561198962655176: Spawned Entity Beef Steak (CowSteakMeat<a76fae20>, 500, 50, 15, 1) at <11305.629883, 351.841217, 4221.055664>
[COT 2025-09-17 22:30:13] 76561198962655176: Spawned Entity Oven (TLC_Oven<afb81c10>, 100, 10000, 15, 0) at <11306.413086, 351.841278, 4216.812012>
[COT 2025-09-17 22:35:25] 76561198962655176: Spawned Entity Tracer testing mag (Mag_AKM_Drum75Rnd<a7178ea0>, 300, 100, 15, 0) at <11317.192383, 351.841187, 4219.512207>
[COT 2025-09-17 22:35:26] 76561198962655176: Spawned Entity Tracer testing mag (Mag_AKM_Drum75Rnd<a7189890>, 300, 100, 15, 0) at <11317.192383, 351.841187, 4219.512207>
[COT 2025-09-17 22:35:27] 76561198962655176: Spawned Entity Tracer testing mag (Mag_AKM_Drum75Rnd<a718c6d0>, 300, 100, 15, 0) at <11317.192383, 351.841187, 4219.512207>
[COT 2025-09-17 22:35:59] 76561198962655176: Set GodMode To true [guid=_AiYSOqBTsXk7V79zSlYdl-x8y50J1nzzpoqKcKH0v8=]
[COT 2025-09-17 22:36:01] 76561198962655176: Deactivated Community Online Tools [guid=_AiYSOqBTsXk7V79zSlYdl-x8y50J1nzzpoqKcKH0v8=]
[COT 2025-09-17 22:36:03] 76561198962655176: Activated Community Online Tools [guid=_AiYSOqBTsXk7V79zSlYdl-x8y50J1nzzpoqKcKH0v8=]
[COT 2025-09-17 22:36:04] 76561198962655176: Set GodMode To false [guid=_AiYSOqBTsXk7V79zSlYdl-x8y50J1nzzpoqKcKH0v8=]
[COT 2025-09-17 22:36:06] 76561198962655176: Deactivated Community Online Tools [guid=_AiYSOqBTsXk7V79zSlYdl-x8y50J1nzzpoqKcKH0v8=]
[COT 2025-09-17 22:39:52] 76561198962655176: Activated Community Online Tools [guid=_AiYSOqBTsXk7V79zSlYdl-x8y50J1nzzpoqKcKH0v8=]
[COT 2025-09-17 22:46:55] 76561198962655176: Spawned Entity Keys (ExpansionCarKey<ac4bd060>, 100, 100, 15, 0) at <9083.406250, 341.879852, 4440.393555>
[COT 2025-09-18 00:53:31] 76561198962655176: Activated Community Online Tools [guid=_AiYSOqBTsXk7V79zSlYdl-x8y50J1nzzpoqKcKH0v8=]
[COT 2025-09-18 00:54:01] 76561198962655176: Teleported 76561198962655176 to position <6555.239258, 355.093018, 4158.235352>
[COT 2025-09-18 00:54:58] 76561198962655176: Set GodMode To true [guid=_AiYSOqBTsXk7V79zSlYdl-x8y50J1nzzpoqKcKH0v8=]
[COT 2025-09-18 00:54:59] 76561198962655176: Set remove collision to true [guid=_AiYSOqBTsXk7V79zSlYdl-x8y50J1nzzpoqKcKH0v8=]
[COT 2025-09-18 00:56:20] 76561198962655176: Set GodMode To false [guid=_AiYSOqBTsXk7V79zSlYdl-x8y50J1nzzpoqKcKH0v8=]
[COT 2025-09-18 00:56:22] 76561198962655176: Set GodMode To true [guid=_AiYSOqBTsXk7V79zSlYdl-x8y50J1nzzpoqKcKH0v8=]
[COT 2025-09-18 00:57:10] 76561198962655176: Entered the Free Camera
[COT 2025-09-18 00:57:32] 76561198962655176: Set GodMode To false [guid=_AiYSOqBTsXk7V79zSlYdl-x8y50J1nzzpoqKcKH0v8=]
[COT 2025-09-18 00:58:11] 76561198962655176: ESP: Viewing ESP
[COT 2025-09-18 00:58:19] 76561198962655176: ESP: Clearing ESP
[COT 2025-09-18 00:58:20] 76561198962655176: ESP: Viewing ESP
[COT 2025-09-18 00:58:28] 76561198962655176: Left the Free Camera
[COT 2025-09-18 00:59:47] 76561198962655176: Deactivated Community Online Tools [guid=_AiYSOqBTsXk7V79zSlYdl-x8y50J1nzzpoqKcKH0v8=]
[COT 2025-09-18 00:59:48] 76561198962655176: Activated Community Online Tools [guid=_AiYSOqBTsXk7V79zSlYdl-x8y50J1nzzpoqKcKH0v8=]
[COT 2025-09-18 00:59:49] 76561198962655176: Entered the Free Camera
[COT 2025-09-18 01:03:09] 76561198962655176: Left the Free Camera
[COT 2025-09-18 01:03:23] 76561198962655176: Teleported [guid=f-_TR5GiRJHALUs-Bpx5ZJmLko5lr6ptvdfijtGV8Dw=] to <6574.719727, 352.300995, 4175.073730>
[COT 2025-09-18 01:04:39] 76561198962655176: Set GodMode To true [guid=f-_TR5GiRJHALUs-Bpx5ZJmLko5lr6ptvdfijtGV8Dw=]
[COT 2025-09-18 01:04:44] 76561198962655176: ESP: Clearing ESP
[COT 2025-09-18 01:05:40] 76561198962655176: Entered the Free Camera
[COT 2025-09-18 01:05:48] 76561198962655176: Set GodMode To true [guid=f-_TR5GiRJHALUs-Bpx5ZJmLko5lr6ptvdfijtGV8Dw=]
[COT 2025-09-18 01:05:52] 76561198962655176: ESP: Viewing ESP
[COT 2025-09-18 01:05:53] 76561198962655176: Set GodMode To true [guid=f-_TR5GiRJHALUs-Bpx5ZJmLko5lr6ptvdfijtGV8Dw=]
[COT 2025-09-18 01:05:55] 76561198962655176: Set GodMode To true [guid=f-_TR5GiRJHALUs-Bpx5ZJmLko5lr6ptvdfijtGV8Dw=]
[COT 2025-09-18 01:05:57] 76561198962655176: ESP: Clearing ESP
[COT 2025-09-18 01:06:00] 76561198962655176: Left the Free Camera
[COT 2025-09-18 01:09:41] 76561198962655176: Entered the Free Camera
[COT 2025-09-18 01:09:47] 76561198962655176: Set GodMode To true [guid=_AiYSOqBTsXk7V79zSlYdl-x8y50J1nzzpoqKcKH0v8=]
[COT 2025-09-18 01:09:49] 76561198962655176: ESP: Viewing ESP
[COT 2025-09-18 01:09:53] 76561198962655176: ESP: Clearing ESP
[COT 2025-09-18 01:09:55] 76561198962655176: Left the Free Camera
[COT 2025-09-18 01:09:57] 76561198962655176: Set GodMode To false [guid=_AiYSOqBTsXk7V79zSlYdl-x8y50J1nzzpoqKcKH0v8=]
[COT 2025-09-18 01:11:16] 76561198962655176: Set GodMode To false [guid=f-_TR5GiRJHALUs-Bpx5ZJmLko5lr6ptvdfijtGV8Dw=]
[COT 2025-09-18 01:26:08] 76561198962655176: Spawned Entity Gas Mask Filter (GasMask_Filter<a9553160>, 150, 80, 15, 0) at <4530.334473, 225.132736, 10413.716797>
[COT 2025-09-18 01:26:08] 76561198962655176: Spawned Entity Gas Mask Filter (GasMask_Filter<a954ec00>, 150, 80, 15, 0) at <4530.334473, 225.132736, 10413.716797>
[COT 2025-09-18 01:26:08] 76561198962655176: Spawned Entity Gas Mask Filter (GasMask_Filter<a9551a40>, 150, 80, 15, 0) at <4530.334473, 225.132736, 10413.716797>
[COT 2025-09-18 01:37:02] 76561198962655176: Spawned Entity Vodnik (ExpansionVodnik<e8c57900>, 100, 10000, 15, 0) at <4015.331055, 238.492859, 10428.656250>
[COT 2025-09-18 01:45:51] 76561198962655176: Teleported 76561198962655176 to position <11193.774414, 347.525360, 4236.418945>
[COT 2025-09-18 02:00:19] 76561198962655176: Spawned Entity Keys (ExpansionCarKey<70a47f0>, 100, 100, 15, 0) at <11305.301758, 346.924957, 4232.849609>
[COT 2025-09-18 02:01:13] 76561198962655176: Spawned Entity Container Key (ShippingContainerKeys_Blue<13dd4f00>, 100, 25, 15, 0) at <11305.301758, 346.924957, 4232.849609>
[COT 2025-09-18 02:07:55] 76561198962655176: Spawned Entity #str_Gameboy_Cartridge_Case (ItemBase<78cf9160>, 100, 50, 15, 0) at <11305.897461, 351.841248, 4224.582520>
[COT 2025-09-18 02:08:25] 76561198962655176: Spawned Entity #str_Comic_Book_Display (NomNom_Comic_Display_Vintage<a8ec59a0>, 100, 1000, 15, 0) at <11305.897461, 351.841248, 4224.582520>
[COT 2025-09-18 02:08:41] 76561198962655176: Spawned Entity #str_Case_Chibi (NomNom_Case_Chibi_OP_BW<911bc00>, 100, 50, 15, 0) at <11306.231445, 351.841248, 4224.258789>
[COT 2025-09-18 02:08:49] 76561198962655176: Spawned Entity #str_Funko_Pop_Display (NomNom_Funko_Pop_Display_Vintage<d64e02a0>, 100, 1000, 15, 0) at <11306.231445, 351.841248, 4224.258789>
[COT 2025-09-18 02:09:01] 76561198962655176: Spawned Entity #str_Case_Funko_Pop (NomNom_Case_Funko_Pop<d64db1b0>, 100, 50, 15, 0) at <11306.321289, 351.841217, 4223.949707>
[COT 2025-09-18 02:12:51] 76561198962655176: Deleted Entity NomNom_FP_Thor:6451 at <11306.321289, 351.839813, 4223.949707>
[COT 2025-09-18 02:12:53] 76561198962655176: Deleted Entity NomNom_FP_Thor:7947 at <11306.321289, 351.839813, 4223.949707>
[COT 2025-09-18 02:12:55] 76561198962655176: Deleted Entity NomNom_FP_Thor:27974 at <11306.321289, 351.839813, 4223.949707>
[COT 2025-09-18 02:12:56] 76561198962655176: Deleted Entity NomNom_FP_Thor:14747 at <11306.321289, 351.839813, 4223.949707>
[COT 2025-09-18 02:12:57] 76561198962655176: Deleted Entity NomNom_FP_Thor:9505 at <11306.321289, 351.839813, 4223.949707>
[COT 2025-09-18 02:12:59] 76561198962655176: Deleted Entity NomNom_FP_Thor:7658 at <11306.321289, 351.839813, 4223.949707>
[COT 2025-09-18 02:13:00] 76561198962655176: Deleted Entity NomNom_FP_Thor:8121 at <11306.321289, 351.839813, 4223.949707>
[COT 2025-09-18 02:13:02] 76561198962655176: Deleted Entity NomNom_FP_Thor:10412 at <11306.321289, 351.839813, 4223.949707>
[COT 2025-09-18 02:13:03] 76561198962655176: Deleted Entity NomNom_FP_Thor:20169 at <11306.321289, 351.839813, 4223.949707>
[COT 2025-09-18 02:13:05] 76561198962655176: Deleted Entity NomNom_FP_Thor:30766 at <11306.321289, 351.839813, 4223.949707>
[COT 2025-09-18 02:13:06] 76561198962655176: Deleted Entity NomNom_FP_Thor:29031 at <11306.321289, 351.839813, 4223.949707>
[COT 2025-09-18 02:13:07] 76561198962655176: Deleted Entity NomNom_FP_Thor:33197 at <11306.321289, 351.839813, 4223.949707>
[COT 2025-09-18 02:13:08] 76561198962655176: Deleted Entity NomNom_FP_Thor:23211 at <11306.321289, 351.839813, 4223.949707>
[COT 2025-09-18 02:13:10] 76561198962655176: Deleted Entity NomNom_FP_Thor:6383 at <11306.321289, 351.839813, 4223.949707>
[COT 2025-09-18 02:13:11] 76561198962655176: Deleted Entity NomNom_Chibi_Brook:16480 at <11306.321289, 351.839813, 4223.949707>
[COT 2025-09-18 02:13:13] 76561198962655176: Deleted Entity NomNom_FP_Thor:8231 at <11306.321289, 351.839813, 4223.949707>
[COT 2025-09-18 02:13:14] 76561198962655176: Deleted Entity NomNom_FP_Thor:4208 at <11306.321289, 351.839813, 4223.949707>
[COT 2025-09-18 02:13:16] 76561198962655176: Deleted Entity NomNom_FP_Thor:20894 at <11306.321289, 351.839813, 4223.949707>
[COT 2025-09-18 02:13:18] 76561198962655176: Deleted Entity NomNom_FP_Thor:22503 at <11306.321289, 351.839813, 4223.949707>
[COT 2025-09-18 02:13:19] 76561198962655176: Deleted Entity NomNom_FP_Thor:24300 at <11306.321289, 351.839813, 4223.949707>
[COT 2025-09-18 02:13:20] 76561198962655176: Deleted Entity NomNom_Chibi_Brook:32994 at <11306.321289, 351.839813, 4223.949707>
[COT 2025-09-18 02:13:21] 76561198962655176: Deleted Entity NomNom_Chibi_Brook:14348 at <11306.321289, 351.839813, 4223.949707>
[COT 2025-09-18 02:13:23] 76561198962655176: Deleted Entity NomNom_Chibi_Brook:29597 at <11306.321289, 351.839813, 4223.949707>
[COT 2025-09-18 02:13:24] 76561198962655176: Deleted Entity NomNom_Chibi_Brook:33373 at <11306.321289, 351.839813, 4223.949707>
[COT 2025-09-18 02:13:26] 76561198962655176: Deleted Entity NomNom_Chibi_Brook:9267 at <11306.321289, 351.839813, 4223.949707>
[COT 2025-09-18 02:13:28] 76561198962655176: Deleted Entity NomNom_Chibi_Brook:29995 at <11306.321289, 351.839813, 4223.949707>
[COT 2025-09-18 02:13:29] 76561198962655176: Deleted Entity NomNom_Chibi_Brook:33856 at <11306.321289, 351.839813, 4223.949707>
[COT 2025-09-18 02:13:31] 76561198962655176: Deleted Entity NomNom_Chibi_Brook:8431 at <11306.321289, 351.839813, 4223.949707>
[COT 2025-09-18 02:13:32] 76561198962655176: Deleted Entity NomNom_FP_Thor:4596 at <11306.548828, 351.806915, 4223.954102>
[COT 2025-09-18 02:13:34] 76561198962655176: Deleted Entity NomNom_Chibi_Brook:33842 at <11306.548828, 351.801453, 4223.954102>
[COT 2025-09-18 02:13:35] 76561198962655176: Deleted Entity NomNom_Adv_Cartridge_Crash_Nitro_Kart:27205 at <11306.588867, 351.810944, 4223.922852>
[COT 2025-09-18 02:13:37] 76561198962655176: Deleted Entity NomNom_Adv_Cartridge_Crash_Nitro_Kart:29785 at <11306.588867, 351.810944, 4223.922852>
[COT 2025-09-18 02:13:39] 76561198962655176: Deleted Entity NomNom_Adv_Cartridge_Crash_Nitro_Kart:22862 at <11306.588867, 351.810944, 4223.922852>
[COT 2025-09-18 02:13:40] 76561198962655176: Deleted Entity NomNom_Adv_Cartridge_Crash_Nitro_Kart:30046 at <11306.588867, 351.810944, 4223.922852>
[COT 2025-09-18 02:13:41] 76561198962655176: Deleted Entity NomNom_Adv_Cartridge_Crash_Nitro_Kart:33797 at <11306.588867, 351.810944, 4223.922852>
[COT 2025-09-18 02:13:42] 76561198962655176: Deleted Entity NomNom_Adv_Cartridge_Crash_Nitro_Kart:34062 at <11306.588867, 351.810944, 4223.922852>
[COT 2025-09-18 02:13:43] 76561198962655176: Deleted Entity NomNom_Adv_Cartridge_Crash_Nitro_Kart:33176 at <11306.588867, 351.810944, 4223.922852>
[COT 2025-09-18 02:13:46] 76561198962655176: Deleted Entity NomNom_Adv_Cartridge_Crash_Nitro_Kart:6171 at <11306.588867, 351.810944, 4223.922852>
[COT 2025-09-18 02:13:49] 76561198962655176: Deleted Entity NomNom_Adv_Cartridge_Crash_Nitro_Kart:9266 at <11306.588867, 351.810944, 4223.922852>
[COT 2025-09-18 02:13:50] 76561198962655176: Deleted Entity NomNom_Adv_Cartridge_Crash_Nitro_Kart:28878 at <11306.588867, 351.810944, 4223.922852>
[COT 2025-09-18 02:13:51] 76561198962655176: Deleted Entity NomNom_Adv_Cartridge_Crash_Nitro_Kart:30257 at <11306.588867, 351.810944, 4223.922852>
[COT 2025-09-18 02:13:52] 76561198962655176: Deleted Entity NomNom_Adv_Cartridge_Crash_Nitro_Kart:14810 at <11306.588867, 351.810944, 4223.922852>
[COT 2025-09-18 02:13:54] 76561198962655176: Deleted Entity NomNom_Adv_Cartridge_Crash_Nitro_Kart:17208 at <11306.588867, 351.810944, 4223.922852>
[COT 2025-09-18 02:13:55] 76561198962655176: Deleted Entity NomNom_Adv_Cartridge_Crash_Nitro_Kart:32769 at <11306.588867, 351.810944, 4223.922852>
[COT 2025-09-18 02:13:57] 76561198962655176: Deleted Entity NomNom_Adv_Cartridge_Crash_Nitro_Kart:6894 at <11306.588867, 351.810944, 4223.922852>
[COT 2025-09-18 02:13:58] 76561198962655176: Deleted Entity NomNom_Adv_Cartridge_Crash_Nitro_Kart:7760 at <11306.588867, 351.810944, 4223.922852>
[COT 2025-09-18 02:13:59] 76561198962655176: Deleted Entity NomNom_Adv_Cartridge_Crash_Nitro_Kart:8780 at <11306.588867, 351.810944, 4223.922852>
[COT 2025-09-18 02:14:01] 76561198962655176: Deleted Entity NomNom_Adv_Cartridge_Crash_Nitro_Kart:18771 at <11306.588867, 351.810944, 4223.922852>
[COT 2025-09-18 02:14:02] 76561198962655176: Deleted Entity NomNom_Adv_Cartridge_Crash_Nitro_Kart:30484 at <11306.588867, 351.810944, 4223.922852>
[COT 2025-09-18 02:14:04] 76561198962655176: Deleted Entity NomNom_Adv_Cartridge_Crash_Nitro_Kart:29275 at <11306.588867, 351.810944, 4223.922852>
[COT 2025-09-18 02:14:05] 76561198962655176: Deleted Entity NomNom_Adv_Cartridge_Crash_Nitro_Kart:25935 at <11306.588867, 351.810944, 4223.922852>
[COT 2025-09-18 02:14:06] 76561198962655176: Deleted Entity NomNom_FP_Thor:29216 at <11306.644531, 351.801453, 4223.922852>
[COT 2025-09-18 02:14:07] 76561198962655176: Deleted Entity NomNom_FP_Thor:9107 at <11306.644531, 351.801453, 4223.922852>
[COT 2025-09-18 02:14:08] 76561198962655176: Deleted Entity NomNom_FP_Thor:6960 at <11306.644531, 351.801453, 4223.922852>
[COT 2025-09-18 02:14:10] 76561198962655176: Deleted Entity NomNom_FP_Thor:34559 at <11306.644531, 351.801453, 4223.922852>
[COT 2025-09-18 02:14:12] 76561198962655176: Deleted Entity NomNom_FP_Thor:9520 at <11306.644531, 351.801453, 4223.922852>
[COT 2025-09-18 02:14:13] 76561198962655176: Deleted Entity NomNom_FP_Thor:11495 at <11306.644531, 351.801453, 4223.922852>
[COT 2025-09-18 02:14:14] 76561198962655176: Deleted Entity NomNom_FP_Thor:14657 at <11306.644531, 351.801453, 4223.922852>
[COT 2025-09-18 02:14:16] 76561198962655176: Deleted Entity NomNom_FP_Thor:17804 at <11306.644531, 351.801453, 4223.922852>
[COT 2025-09-18 02:14:18] 76561198962655176: Deleted Entity NomNom_FP_Thor:30835 at <11306.644531, 351.801453, 4223.922852>
[COT 2025-09-18 02:14:20] 76561198962655176: Deleted Entity NomNom_FP_Thor:33179 at <11306.644531, 351.801453, 4223.922852>
[COT 2025-09-18 02:14:21] 76561198962655176: Deleted Entity NomNom_FP_Thor:27344 at <11306.644531, 351.801453, 4223.922852>
[COT 2025-09-18 02:14:22] 76561198962655176: Deleted Entity NomNom_FP_Thor:9417 at <11306.644531, 351.801453, 4223.922852>
[COT 2025-09-18 02:14:25] 76561198962655176: Deleted Entity NomNom_FP_Thor:26719 at <11306.644531, 351.801453, 4223.922852>
[COT 2025-09-18 02:14:26] 76561198962655176: Deleted Entity NomNom_FP_Thor:27142 at <11306.644531, 351.801453, 4223.922852>
[COT 2025-09-18 02:14:27] 76561198962655176: Deleted Entity NomNom_FP_Thor:26589 at <11306.644531, 351.801453, 4223.922852>
[COT 2025-09-18 02:14:28] 76561198962655176: Deleted Entity NomNom_FP_Thor:17162 at <11306.644531, 351.801453, 4223.922852>
[COT 2025-09-18 02:14:30] 76561198962655176: Deleted Entity NomNom_FP_Thor:5692 at <11306.644531, 351.801453, 4223.922852>
[COT 2025-09-18 02:14:31] 76561198962655176: Deleted Entity NomNom_FP_Thor:4705 at <11306.644531, 351.801453, 4223.922852>
[COT 2025-09-18 02:14:33] 76561198962655176: Deleted Entity NomNom_FP_Thor:9739 at <11306.644531, 351.801453, 4223.922852>
[COT 2025-09-18 02:14:34] 76561198962655176: Deleted Entity NomNom_Comic_Action_Comics1938:24783 at <11306.645508, 351.816406, 4223.922852>
[COT 2025-09-18 02:14:36] 76561198962655176: Deleted Entity NomNom_Comic_Action_Comics1938:18248 at <11306.645508, 351.816406, 4223.922852>
[COT 2025-09-18 02:14:37] 76561198962655176: Deleted Entity NomNom_FP_Thor:27278 at <11306.644531, 351.801453, 4223.922852>
[COT 2025-09-18 02:14:47] 76561198962655176: Deleted Entity NomNom_Comic_Action_Comics1938:30790 at <11305.075195, 351.854767, 4224.513184>
