[COT 2025-08-19 03:44:03] 76561198024482897: Activated Community Online Tools [guid=0nsyEhm9INQy3se8y-fXlbMHVv4YsIXloUCLC2unDyo=]
[COT 2025-08-19 03:44:16] 76561198024482897: Teleported 76561198024482897 to position <909.736267, 242.927490, 5526.014160>
[COT 2025-08-19 03:46:34] 76561198024482897: Teleported 76561198024482897 to position <3102.865723, 234.076996, 6809.127930>
[COT 2025-08-19 03:49:25] 76561198024482897: Teleported 76561198024482897 to position <3342.723145, 487.168365, 2052.503174>
[COT 2025-08-19 03:51:15] 76561198024482897: Teleported 76561198024482897 to position <3327.135498, 494.197357, 2124.197266>
[COT 2025-08-19 03:51:28] 76561198024482897: Healed [guid=0nsyEhm9INQy3se8y-fXlbMHVv4YsIXloUCLC2unDyo=]
[COT 2025-08-19 03:52:15] 76561198024482897: Teleported 76561198024482897 to position <7337.713867, 318.231262, 2470.657227>
[COT 2025-08-19 03:54:02] 76561198024482897: Teleported 76561198024482897 to position <7332.186035, 287.040009, 2574.965576>
[COT 2025-08-19 03:54:25] 76561198024482897: Set GodMode To true [guid=0nsyEhm9INQy3se8y-fXlbMHVv4YsIXloUCLC2unDyo=]
[COT 2025-08-19 03:54:31] 76561198024482897: Teleported 76561198024482897 to position <7327.892090, 289.250000, 2853.883301>
[COT 2025-08-19 03:55:33] 76561198024482897: Teleported 76561198024482897 to position <11485.029297, 347.807556, 2909.099609>
[COT 2025-08-19 03:55:47] 76561198024482897: Set Invisibility To 1 [guid=0nsyEhm9INQy3se8y-fXlbMHVv4YsIXloUCLC2unDyo=]
[COT 2025-08-19 03:57:42] 76561198024482897: Teleported 76561198024482897 to position <11422.110352, 351.579407, 2918.395264>
[COT 2025-08-19 03:58:22] 76561198024482897: Teleported 76561198024482897 to position <11546.294922, 329.890442, 4681.468750>
[COT 2025-08-19 03:59:12] 76561198024482897: Teleported 76561198024482897 to position <11319.734375, 346.899994, 4229.989746>
[COT 2025-08-19 03:59:36] 76561198024482897: Teleported 76561198024482897 to position <11059.397461, 346.178223, 4342.357422>
[COT 2025-08-19 04:00:37] 76561198024482897: Teleported 76561198024482897 to position <11611.096680, 212.643585, 382.586670>
[COT 2025-08-19 04:01:19] 76561198024482897: Teleported 76561198024482897 to position <11306.108398, 215.910004, 672.837830>
[COT 2025-08-19 04:01:45] 76561198024482897: Teleported 76561198024482897 to position <11411.416992, 214.688339, 591.523743>
[COT 2025-08-19 04:02:30] 76561198024482897: Teleported 76561198024482897 to position <10221.806641, 242.678497, 2168.862061>
[COT 2025-08-19 04:03:07] 76561198024482897: Teleported 76561198024482897 to position <10291.976563, 242.520004, 2128.918457>
[COT 2025-08-19 04:04:17] 76561198024482897: Teleported 76561198024482897 to position <9868.384766, 210.560776, 8462.990234>
[COT 2025-08-19 04:05:03] 76561198024482897: Teleported 76561198024482897 to position <9818.576172, 208.246262, 8598.573242>
