[COT 2025-08-28 01:19:28] 76561198024482897: Activated Community Online Tools [guid=0nsyEhm9INQy3se8y-fXlbMHVv4YsIXloUCLC2unDyo=]
[COT 2025-08-28 01:19:37] 76561198024482897: Set GodMode To true [guid=0nsyEhm9INQy3se8y-fXlbMHVv4YsIXloUCLC2unDyo=]
[COT 2025-08-28 01:20:03] 76561198024482897: Teleported 76561198024482897 to position <5099.938477, 510.465363, 2096.734619>
[COT 2025-08-28 01:20:53] 76561198024482897: Teleported 76561198024482897 to position <5022.699707, 517.820007, 2116.260498>
[COT 2025-08-28 01:21:32] 76561198024482897: Teleported 76561198024482897 to position <9058.665039, 299.208893, 6602.407715>
[COT 2025-08-28 01:23:46] 76561198024482897: Teleported 76561198024482897 to position <8999.420898, 303.610901, 6602.520508>
[COT 2025-08-28 01:24:16] 76561198024482897: Teleported 76561198024482897 to position <7851.366211, 246.012192, 5814.919434>
[COT 2025-08-28 01:27:43] 76561198024482897: Teleported 76561198024482897 to position <2065.252197, 287.708496, 11158.396484>
[COT 2025-08-28 01:29:50] 76561198024482897: Teleported 76561198024482897 to position <8346.272461, 322.623291, 1645.804565>
[COT 2025-08-28 01:38:57] 76561198024482897: ESP: Viewing ESP
[COT 2025-08-28 01:39:10] 76561198024482897: ESP target=TLC_Picture<ed75e670> action=position value=<8350.639648, 332.881012, 1635.910034>
[COT 2025-08-28 01:39:10] 76561198024482897: ESP target=TLC_Picture<ed75e670> action=position value=<8350.639648, 332.881012, 1636.910034>
[COT 2025-08-28 01:39:13] 76561198024482897: ESP target=TLC_Picture<ed75e670> action=position value=<8350.639648, 332.881012, 1636.810059>
[COT 2025-08-28 01:39:14] 76561198024482897: ESP target=TLC_Picture<ed75e670> action=position value=<8350.639648, 332.881012, 1636.709961>
[COT 2025-08-28 01:39:16] 76561198024482897: ESP target=TLC_Picture<ed75e670> action=position value=<8350.639648, 332.881012, 1636.609985>
[COT 2025-08-28 01:39:16] 76561198024482897: ESP target=TLC_Picture<ed75e670> action=position value=<8350.639648, 332.881012, 1636.510010>
[COT 2025-08-28 01:39:17] 76561198024482897: ESP target=TLC_Picture<ed75e670> action=position value=<8350.639648, 332.881012, 1636.410034>
[COT 2025-08-28 01:39:17] 76561198024482897: ESP target=TLC_Picture<ed75e670> action=position value=<8350.639648, 332.881012, 1636.310059>
[COT 2025-08-28 01:39:18] 76561198024482897: ESP target=TLC_Picture<ed75e670> action=position value=<8350.639648, 332.881012, 1636.209961>
[COT 2025-08-28 01:39:18] 76561198024482897: ESP target=TLC_Picture<ed75e670> action=position value=<8350.639648, 332.881012, 1636.109985>
[COT 2025-08-28 01:39:19] 76561198024482897: ESP target=TLC_Picture<ed75e670> action=position value=<8350.639648, 332.881012, 1636.010010>
[COT 2025-08-28 01:39:19] 76561198024482897: ESP target=TLC_Picture<ed75e670> action=position value=<8350.639648, 332.881012, 1635.910034>
[COT 2025-08-28 01:39:20] 76561198024482897: ESP target=TLC_Picture<ed75e670> action=position value=<8350.639648, 332.881012, 1635.810059>
[COT 2025-08-28 01:39:21] 76561198024482897: ESP target=TLC_Picture<ed75e670> action=position value=<8350.639648, 332.881012, 1635.709961>
[COT 2025-08-28 01:39:21] 76561198024482897: ESP target=TLC_Picture<ed75e670> action=position value=<8350.639648, 332.881012, 1635.609985>
[COT 2025-08-28 01:39:22] 76561198024482897: ESP target=TLC_Picture<ed75e670> action=position value=<8350.639648, 332.881012, 1635.510010>
[COT 2025-08-28 01:39:23] 76561198024482897: ESP target=TLC_Picture<ed75e670> action=position value=<8350.639648, 332.881012, 1635.410034>
[COT 2025-08-28 01:39:23] 76561198024482897: ESP target=TLC_Picture<ed75e670> action=position value=<8350.639648, 332.881012, 1635.310059>
[COT 2025-08-28 01:39:24] 76561198024482897: ESP target=TLC_Picture<ed75e670> action=position value=<8350.639648, 332.881012, 1635.209961>
[COT 2025-08-28 01:39:24] 76561198024482897: ESP target=TLC_Picture<ed75e670> action=position value=<8350.639648, 332.881012, 1635.109985>
[COT 2025-08-28 01:39:25] 76561198024482897: ESP target=TLC_Picture<ed75e670> action=position value=<8350.639648, 332.881012, 1635.010010>
[COT 2025-08-28 01:39:25] 76561198024482897: ESP target=TLC_Picture<ed75e670> action=position value=<8350.639648, 332.881012, 1634.910034>
[COT 2025-08-28 01:39:30] 76561198024482897: ESP target=TLC_Picture<ed75e670> action=position value=<8350.540039, 332.881012, 1634.910034>
[COT 2025-08-28 01:39:30] 76561198024482897: ESP target=TLC_Picture<ed75e670> action=position value=<8350.440430, 332.881012, 1634.910034>
[COT 2025-08-28 01:39:31] 76561198024482897: ESP target=TLC_Picture<ed75e670> action=position value=<8351.440430, 332.881012, 1634.910034>
[COT 2025-08-28 01:39:33] 76561198024482897: ESP target=TLC_Picture<ed75e670> action=position value=<8351.339844, 332.881012, 1634.910034>
[COT 2025-08-28 01:39:33] 76561198024482897: ESP target=TLC_Picture<ed75e670> action=position value=<8351.240234, 332.881012, 1634.910034>
[COT 2025-08-28 01:39:33] 76561198024482897: ESP target=TLC_Picture<ed75e670> action=position value=<8351.139648, 332.881012, 1634.910034>
[COT 2025-08-28 01:39:33] 76561198024482897: ESP target=TLC_Picture<ed75e670> action=position value=<8351.040039, 332.881012, 1634.910034>
[COT 2025-08-28 01:39:33] 76561198024482897: ESP target=TLC_Picture<ed75e670> action=position value=<8350.940430, 332.881012, 1634.910034>
[COT 2025-08-28 01:39:33] 76561198024482897: ESP target=TLC_Picture<ed75e670> action=position value=<8350.839844, 332.881012, 1634.910034>
[COT 2025-08-28 01:39:43] 76561198024482897: ESP target=TLC_Picture<ed75e670> action=position value=<8350.839844, 332.881012, 1635.910034>
[COT 2025-08-28 01:39:44] 76561198024482897: ESP target=TLC_Picture<ed75e670> action=position value=<8350.839844, 332.881012, 1635.810059>
[COT 2025-08-28 01:39:45] 76561198024482897: ESP target=TLC_Picture<ed75e670> action=position value=<8350.839844, 332.881012, 1635.709961>
[COT 2025-08-28 01:39:45] 76561198024482897: ESP target=TLC_Picture<ed75e670> action=position value=<8350.839844, 332.881012, 1635.609985>
[COT 2025-08-28 01:39:45] 76561198024482897: ESP target=TLC_Picture<ed75e670> action=position value=<8350.839844, 332.881012, 1635.510010>
[COT 2025-08-28 01:39:46] 76561198024482897: ESP target=TLC_Picture<ed75e670> action=position value=<8350.839844, 332.881012, 1635.410034>
[COT 2025-08-28 01:39:46] 76561198024482897: ESP target=TLC_Picture<ed75e670> action=position value=<8350.839844, 332.881012, 1635.310059>
[COT 2025-08-28 01:39:48] 76561198024482897: ESP target=TLC_Picture<ed75e670> action=position value=<8350.839844, 332.881012, 1635.209961>
[COT 2025-08-28 01:39:48] 76561198024482897: ESP target=TLC_Picture<ed75e670> action=position value=<8350.839844, 332.881012, 1635.109985>
[COT 2025-08-28 01:39:49] 76561198024482897: ESP target=TLC_Picture<ed75e670> action=position value=<8350.839844, 332.881012, 1635.010010>
[COT 2025-08-28 01:39:49] 76561198024482897: ESP target=TLC_Picture<ed75e670> action=position value=<8350.839844, 332.881012, 1634.910034>
[COT 2025-08-28 01:39:50] 76561198024482897: ESP target=TLC_Picture<ed75e670> action=position value=<8350.839844, 332.881012, 1634.810059>
[COT 2025-08-28 01:39:51] 76561198024482897: ESP target=TLC_Picture<ed75e670> action=position value=<8350.839844, 332.881012, 1634.709961>
[COT 2025-08-28 01:39:56] 76561198024482897: ESP target=TLC_Picture<ed75e670> action=position value=<8350.839844, 332.881012, 1634.609985>
[COT 2025-08-28 01:39:56] 76561198024482897: ESP target=TLC_Picture<ed75e670> action=position value=<8350.839844, 332.881012, 1634.510010>
[COT 2025-08-28 01:39:57] 76561198024482897: ESP target=TLC_Picture<ed75e670> action=position value=<8350.839844, 332.881012, 1635.510010>
[COT 2025-08-28 01:39:59] 76561198024482897: ESP target=TLC_Picture<ed75e670> action=position value=<8350.839844, 332.881012, 1635.410034>
[COT 2025-08-28 01:39:59] 76561198024482897: ESP target=TLC_Picture<ed75e670> action=position value=<8350.839844, 332.881012, 1635.310059>
[COT 2025-08-28 01:39:59] 76561198024482897: ESP target=TLC_Picture<ed75e670> action=position value=<8350.839844, 332.881012, 1635.209961>
[COT 2025-08-28 01:40:00] 76561198024482897: ESP target=TLC_Picture<ed75e670> action=position value=<8350.839844, 332.881012, 1635.109985>
[COT 2025-08-28 01:40:01] 76561198024482897: ESP target=TLC_Picture<ed75e670> action=position value=<8350.839844, 332.881012, 1635.010010>
[COT 2025-08-28 01:40:01] 76561198024482897: ESP target=TLC_Picture<ed75e670> action=position value=<8350.839844, 332.881012, 1634.910034>
[COT 2025-08-28 01:40:01] 76561198024482897: ESP target=TLC_Picture<ed75e670> action=position value=<8350.839844, 332.881012, 1634.810059>
[COT 2025-08-28 01:40:24] 76561198024482897: ESP target=TLC_Picture2<ec2751c0> action=position value=<8350.639648, 332.209991, 1635.910034>
[COT 2025-08-28 01:40:25] 76561198024482897: ESP target=TLC_Picture2<ec2751c0> action=position value=<8350.639648, 332.209991, 1635.810059>
[COT 2025-08-28 01:40:25] 76561198024482897: ESP target=TLC_Picture2<ec2751c0> action=position value=<8350.639648, 332.209991, 1635.709961>
[COT 2025-08-28 01:40:25] 76561198024482897: ESP target=TLC_Picture2<ec2751c0> action=position value=<8350.639648, 332.209991, 1635.609985>
[COT 2025-08-28 01:40:26] 76561198024482897: ESP target=TLC_Picture2<ec2751c0> action=position value=<8350.639648, 332.209991, 1635.510010>
[COT 2025-08-28 01:40:26] 76561198024482897: ESP target=TLC_Picture2<ec2751c0> action=position value=<8350.639648, 332.209991, 1635.410034>
[COT 2025-08-28 01:40:26] 76561198024482897: ESP target=TLC_Picture2<ec2751c0> action=position value=<8350.639648, 332.209991, 1635.310059>
[COT 2025-08-28 01:40:26] 76561198024482897: ESP target=TLC_Picture2<ec2751c0> action=position value=<8350.639648, 332.209991, 1635.209961>
[COT 2025-08-28 01:40:27] 76561198024482897: ESP target=TLC_Picture2<ec2751c0> action=position value=<8350.639648, 332.209991, 1635.109985>
[COT 2025-08-28 01:40:27] 76561198024482897: ESP target=TLC_Picture2<ec2751c0> action=position value=<8350.639648, 332.209991, 1635.010010>
[COT 2025-08-28 01:40:27] 76561198024482897: ESP target=TLC_Picture2<ec2751c0> action=position value=<8350.639648, 332.209991, 1634.910034>
[COT 2025-08-28 01:40:28] 76561198024482897: ESP target=TLC_Picture2<ec2751c0> action=position value=<8350.540039, 332.209991, 1634.910034>
[COT 2025-08-28 01:40:29] 76561198024482897: ESP target=TLC_Picture2<ec2751c0> action=position value=<8351.540039, 332.209991, 1634.910034>
[COT 2025-08-28 01:40:32] 76561198024482897: ESP target=TLC_Picture2<ec2751c0> action=position value=<8351.440430, 332.209991, 1634.910034>
[COT 2025-08-28 01:40:32] 76561198024482897: ESP target=TLC_Picture2<ec2751c0> action=position value=<8351.339844, 332.209991, 1634.910034>
[COT 2025-08-28 01:40:32] 76561198024482897: ESP target=TLC_Picture2<ec2751c0> action=position value=<8351.240234, 332.209991, 1634.910034>
[COT 2025-08-28 01:40:33] 76561198024482897: ESP target=TLC_Picture2<ec2751c0> action=position value=<8351.139648, 332.209991, 1634.910034>
[COT 2025-08-28 01:40:33] 76561198024482897: ESP target=TLC_Picture2<ec2751c0> action=position value=<8351.040039, 332.209991, 1634.910034>
[COT 2025-08-28 01:40:35] 76561198024482897: ESP target=TLC_Picture2<ec2751c0> action=position value=<8350.940430, 332.209991, 1634.910034>
[COT 2025-08-28 01:40:35] 76561198024482897: ESP target=TLC_Picture2<ec2751c0> action=position value=<8350.839844, 332.209991, 1634.910034>
[COT 2025-08-28 01:40:45] 76561198024482897: ESP target=TLC_Picture2<ec2751c0> action=position value=<8350.839844, 332.209991, 1635.910034>
[COT 2025-08-28 01:40:47] 76561198024482897: ESP target=TLC_Picture2<ec2751c0> action=position value=<8350.839844, 332.209991, 1635.810059>
[COT 2025-08-28 01:40:47] 76561198024482897: ESP target=TLC_Picture2<ec2751c0> action=position value=<8350.839844, 332.209991, 1635.709961>
[COT 2025-08-28 01:40:48] 76561198024482897: ESP target=TLC_Picture2<ec2751c0> action=position value=<8350.839844, 332.209991, 1635.609985>
[COT 2025-08-28 01:40:48] 76561198024482897: ESP target=TLC_Picture2<ec2751c0> action=position value=<8350.839844, 332.209991, 1635.510010>
[COT 2025-08-28 01:40:50] 76561198024482897: ESP target=TLC_Picture2<ec2751c0> action=position value=<8350.839844, 332.209991, 1635.410034>
[COT 2025-08-28 01:40:50] 76561198024482897: ESP target=TLC_Picture2<ec2751c0> action=position value=<8350.839844, 332.209991, 1635.310059>
[COT 2025-08-28 01:40:50] 76561198024482897: ESP target=TLC_Picture2<ec2751c0> action=position value=<8350.839844, 332.209991, 1635.209961>
[COT 2025-08-28 01:40:51] 76561198024482897: ESP target=TLC_Picture2<ec2751c0> action=position value=<8350.839844, 332.209991, 1635.109985>
[COT 2025-08-28 01:41:00] 76561198024482897: ESP target=TLC_Picture2<ec2751c0> action=position value=<8351.839844, 332.209991, 1635.109985>
[COT 2025-08-28 01:41:01] 76561198024482897: ESP target=TLC_Picture2<ec2751c0> action=position value=<8351.740234, 332.209991, 1635.109985>
[COT 2025-08-28 01:41:01] 76561198024482897: ESP target=TLC_Picture2<ec2751c0> action=position value=<8351.639648, 332.209991, 1635.109985>
[COT 2025-08-28 01:41:02] 76561198024482897: ESP target=TLC_Picture2<ec2751c0> action=position value=<8351.540039, 332.209991, 1635.109985>
[COT 2025-08-28 01:41:02] 76561198024482897: ESP target=TLC_Picture2<ec2751c0> action=position value=<8351.440430, 332.209991, 1635.109985>
[COT 2025-08-28 01:41:02] 76561198024482897: ESP target=TLC_Picture2<ec2751c0> action=position value=<8351.339844, 332.209991, 1635.109985>
[COT 2025-08-28 01:41:03] 76561198024482897: ESP target=TLC_Picture2<ec2751c0> action=position value=<8351.240234, 332.209991, 1635.109985>
[COT 2025-08-28 01:41:03] 76561198024482897: ESP target=TLC_Picture2<ec2751c0> action=position value=<8351.139648, 332.209991, 1635.109985>
[COT 2025-08-28 01:41:03] 76561198024482897: ESP target=TLC_Picture2<ec2751c0> action=position value=<8351.040039, 332.209991, 1635.109985>
[COT 2025-08-28 01:41:04] 76561198024482897: ESP target=TLC_Picture2<ec2751c0> action=position value=<8350.940430, 332.209991, 1635.109985>
[COT 2025-08-28 01:41:05] 76561198024482897: ESP target=TLC_Picture2<ec2751c0> action=position value=<8350.839844, 332.209991, 1635.109985>
[COT 2025-08-28 01:41:05] 76561198024482897: ESP target=TLC_Picture2<ec2751c0> action=position value=<8350.740234, 332.209991, 1635.109985>
[COT 2025-08-28 01:41:06] 76561198024482897: ESP target=TLC_Picture2<ec2751c0> action=position value=<8350.639648, 332.209991, 1635.109985>
[COT 2025-08-28 01:41:06] 76561198024482897: ESP target=TLC_Picture2<ec2751c0> action=position value=<8350.540039, 332.209991, 1635.109985>
[COT 2025-08-28 01:41:10] 76561198024482897: ESP target=TLC_Picture2<ec2751c0> action=position value=<8350.540039, 332.209991, 1636.109985>
[COT 2025-08-28 01:41:12] 76561198024482897: ESP target=TLC_Picture2<ec2751c0> action=position value=<8350.540039, 332.209991, 1636.010010>
[COT 2025-08-28 01:41:12] 76561198024482897: ESP target=TLC_Picture2<ec2751c0> action=position value=<8350.540039, 332.209991, 1635.910034>
[COT 2025-08-28 01:41:13] 76561198024482897: ESP target=TLC_Picture2<ec2751c0> action=position value=<8350.540039, 332.209991, 1635.810059>
[COT 2025-08-28 01:41:13] 76561198024482897: ESP target=TLC_Picture2<ec2751c0> action=position value=<8350.540039, 332.209991, 1635.709961>
[COT 2025-08-28 01:41:14] 76561198024482897: ESP target=TLC_Picture2<ec2751c0> action=position value=<8350.540039, 332.209991, 1636.709961>
[COT 2025-08-28 01:41:15] 76561198024482897: ESP target=TLC_Picture2<ec2751c0> action=position value=<8350.540039, 332.209991, 1636.609985>
[COT 2025-08-28 01:41:15] 76561198024482897: ESP target=TLC_Picture2<ec2751c0> action=position value=<8350.540039, 332.209991, 1636.510010>
[COT 2025-08-28 01:41:17] 76561198024482897: ESP target=TLC_Picture2<ec2751c0> action=position value=<8350.540039, 332.209991, 1636.410034>
[COT 2025-08-28 01:41:17] 76561198024482897: ESP target=TLC_Picture2<ec2751c0> action=position value=<8350.540039, 332.209991, 1636.310059>
[COT 2025-08-28 01:41:17] 76561198024482897: ESP target=TLC_Picture2<ec2751c0> action=position value=<8350.540039, 332.209991, 1636.209961>
[COT 2025-08-28 01:41:18] 76561198024482897: ESP target=TLC_Picture2<ec2751c0> action=position value=<8350.540039, 332.209991, 1636.109985>
[COT 2025-08-28 01:41:18] 76561198024482897: ESP target=TLC_Picture2<ec2751c0> action=position value=<8350.540039, 332.209991, 1636.010010>
[COT 2025-08-28 01:41:18] 76561198024482897: ESP target=TLC_Picture2<ec2751c0> action=position value=<8350.540039, 332.209991, 1635.910034>
[COT 2025-08-28 01:41:18] 76561198024482897: ESP target=TLC_Picture2<ec2751c0> action=position value=<8350.540039, 332.209991, 1635.810059>
[COT 2025-08-28 01:41:18] 76561198024482897: ESP target=TLC_Picture2<ec2751c0> action=position value=<8350.540039, 332.209991, 1635.709961>
[COT 2025-08-28 01:41:19] 76561198024482897: ESP target=TLC_Picture2<ec2751c0> action=position value=<8350.540039, 332.209991, 1635.609985>
[COT 2025-08-28 01:41:19] 76561198024482897: ESP target=TLC_Picture2<ec2751c0> action=position value=<8350.540039, 332.209991, 1635.510010>
[COT 2025-08-28 01:41:19] 76561198024482897: ESP target=TLC_Picture2<ec2751c0> action=position value=<8350.540039, 332.209991, 1635.410034>
[COT 2025-08-28 01:41:19] 76561198024482897: ESP target=TLC_Picture2<ec2751c0> action=position value=<8350.540039, 332.209991, 1635.310059>
[COT 2025-08-28 01:41:20] 76561198024482897: ESP target=TLC_Picture2<ec2751c0> action=position value=<8350.540039, 332.209991, 1635.209961>
[COT 2025-08-28 01:41:20] 76561198024482897: ESP target=TLC_Picture2<ec2751c0> action=position value=<8350.540039, 332.209991, 1635.109985>
[COT 2025-08-28 01:41:21] 76561198024482897: ESP target=TLC_Picture2<ec2751c0> action=position value=<8350.540039, 332.209991, 1635.010010>
[COT 2025-08-28 01:41:21] 76561198024482897: ESP target=TLC_Picture2<ec2751c0> action=position value=<8350.540039, 332.209991, 1634.910034>
[COT 2025-08-28 01:41:22] 76561198024482897: ESP target=TLC_Picture2<ec2751c0> action=position value=<8350.540039, 332.209991, 1634.810059>
[COT 2025-08-28 01:41:28] 76561198024482897: ESP target=TLC_Picture2<ec2751c0> action=position value=<8350.540039, 332.209991, 1634.709961>
[COT 2025-08-28 01:41:33] 76561198024482897: ESP target=TLC_Picture2<ec2751c0> action=position value=<8350.440430, 332.209991, 1634.709961>
[COT 2025-08-28 01:41:34] 76561198024482897: ESP target=TLC_Picture2<ec2751c0> action=position value=<8351.440430, 332.209991, 1634.709961>
[COT 2025-08-28 01:41:35] 76561198024482897: ESP target=TLC_Picture2<ec2751c0> action=position value=<8351.339844, 332.209991, 1634.709961>
[COT 2025-08-28 01:41:35] 76561198024482897: ESP target=TLC_Picture2<ec2751c0> action=position value=<8351.240234, 332.209991, 1634.709961>
[COT 2025-08-28 01:41:35] 76561198024482897: ESP target=TLC_Picture2<ec2751c0> action=position value=<8351.139648, 332.209991, 1634.709961>
[COT 2025-08-28 01:41:36] 76561198024482897: ESP target=TLC_Picture2<ec2751c0> action=position value=<8351.040039, 332.209991, 1634.709961>
[COT 2025-08-28 01:41:36] 76561198024482897: ESP target=TLC_Picture2<ec2751c0> action=position value=<8350.940430, 332.209991, 1634.709961>
[COT 2025-08-28 01:41:37] 76561198024482897: ESP target=TLC_Picture2<ec2751c0> action=position value=<8350.839844, 332.209991, 1634.709961>
[COT 2025-08-28 01:41:38] 76561198024482897: ESP target=TLC_Picture2<ec2751c0> action=position value=<8350.740234, 332.209991, 1634.709961>
[COT 2025-08-28 01:41:47] 76561198024482897: ESP: Clearing ESP
[COT 2025-08-28 01:45:14] 76561198024482897: Spawned Entity MMG Weapon Crate Wood (mmg_weapon_crate_base<45206ce0>, 150, 5500, 15, 0) at <8338.705078, 331.702271, 1641.866821>
[COT 2025-08-28 01:45:30] 76561198024482897: Deleted Entity mmg_weapon_crate_wood:20805 at <8338.705078, 331.748230, 1641.866821>
[COT 2025-08-28 01:45:37] 76561198024482897: Spawned Entity MMG Weapon Crate Wood (mmg_weapon_crate_base<45206ce0>, 150, 5500, 15, 0) at <8338.695313, 331.702271, 1642.111450>
[COT 2025-08-28 01:47:46] 76561198024482897: ESP: Viewing ESP
[COT 2025-08-28 01:47:54] 76561198024482897: ESP: Clearing ESP
[COT 2025-08-28 01:47:56] 76561198024482897: ESP: ESP updating
[COT 2025-08-28 01:48:01] 76561198024482897: ESP: Clearing ESP
[COT 2025-08-28 01:48:01] 76561198024482897: ESP: ESP updating
[COT 2025-08-28 01:48:12] 76561198024482897: ESP target=mmg_weapon_crate_base<45206ce0> action=orientation value=<132.985992, 1.000700, 0.001603>
[COT 2025-08-28 01:48:13] 76561198024482897: ESP target=mmg_weapon_crate_base<45206ce0> action=orientation value=<132.985992, 2.000700, 0.001603>
[COT 2025-08-28 01:48:13] 76561198024482897: ESP target=mmg_weapon_crate_base<45206ce0> action=orientation value=<132.985992, 1.900700, 0.001624>
[COT 2025-08-28 01:48:14] 76561198024482897: ESP target=mmg_weapon_crate_base<45206ce0> action=orientation value=<132.983994, 1.800700, 0.004013>
[COT 2025-08-28 01:48:14] 76561198024482897: ESP target=mmg_weapon_crate_base<45206ce0> action=orientation value=<132.983994, 1.700700, 0.004013>
[COT 2025-08-28 01:48:14] 76561198024482897: ESP target=mmg_weapon_crate_base<45206ce0> action=orientation value=<132.985992, 1.600700, 0.029445>
[COT 2025-08-28 01:48:14] 76561198024482897: ESP target=mmg_weapon_crate_base<45206ce0> action=orientation value=<132.985992, 1.500700, 0.029445>
[COT 2025-08-28 01:48:15] 76561198024482897: ESP target=mmg_weapon_crate_base<45206ce0> action=orientation value=<132.987000, 1.400700, -0.022041>
[COT 2025-08-28 01:48:15] 76561198024482897: ESP target=mmg_weapon_crate_base<45206ce0> action=orientation value=<132.987000, 1.300700, -0.022041>
[COT 2025-08-28 01:48:15] 76561198024482897: ESP target=mmg_weapon_crate_base<45206ce0> action=orientation value=<132.987000, 1.200700, 0.016428>
[COT 2025-08-28 01:48:15] 76561198024482897: ESP target=mmg_weapon_crate_base<45206ce0> action=orientation value=<132.987000, 1.100700, 0.016428>
[COT 2025-08-28 01:48:15] 76561198024482897: ESP target=mmg_weapon_crate_base<45206ce0> action=orientation value=<132.988998, 1.000700, -0.054212>
[COT 2025-08-28 01:48:15] 76561198024482897: ESP target=mmg_weapon_crate_base<45206ce0> action=orientation value=<132.988007, 0.900700, -0.145205>
[COT 2025-08-28 01:48:15] 76561198024482897: ESP target=mmg_weapon_crate_base<45206ce0> action=orientation value=<132.988007, 0.800700, -0.145205>
[COT 2025-08-28 01:48:15] 76561198024482897: ESP target=mmg_weapon_crate_base<45206ce0> action=orientation value=<132.988007, 0.700700, -0.145205>
[COT 2025-08-28 01:48:16] 76561198024482897: ESP target=mmg_weapon_crate_base<45206ce0> action=orientation value=<132.988007, 0.600700, -0.069832>
[COT 2025-08-28 01:48:16] 76561198024482897: ESP target=mmg_weapon_crate_base<45206ce0> action=orientation value=<132.988007, 0.500700, -0.069832>
[COT 2025-08-28 01:48:16] 76561198024482897: ESP target=mmg_weapon_crate_base<45206ce0> action=orientation value=<132.990005, 0.400700, -0.183235>
[COT 2025-08-28 01:48:16] 76561198024482897: ESP target=mmg_weapon_crate_base<45206ce0> action=orientation value=<132.990005, 0.300700, -0.183235>
[COT 2025-08-28 01:48:16] 76561198024482897: ESP target=mmg_weapon_crate_base<45206ce0> action=orientation value=<132.990997, 0.200700, 0.064385>
[COT 2025-08-28 01:48:16] 76561198024482897: ESP target=mmg_weapon_crate_base<45206ce0> action=orientation value=<132.990997, 0.100700, 0.064385>
[COT 2025-08-28 01:48:17] 76561198024482897: ESP target=mmg_weapon_crate_base<45206ce0> action=orientation value=<132.992004, 0.000700, 0.081078>
[COT 2025-08-28 01:48:21] 76561198024482897: ESP target=mmg_weapon_crate_base<45206ce0> action=position value=<8339.389648, 334.411987, 1635.189941>
[COT 2025-08-28 01:48:25] 76561198024482897: ESP target=mmg_weapon_crate_base<45206ce0> action=position value=<8339.389648, 334.312012, 1635.189941>
[COT 2025-08-28 01:48:25] 76561198024482897: ESP target=mmg_weapon_crate_base<45206ce0> action=position value=<8339.389648, 334.212006, 1635.189941>
[COT 2025-08-28 01:48:26] 76561198024482897: ESP target=mmg_weapon_crate_base<45206ce0> action=position value=<8339.389648, 334.112000, 1635.189941>
[COT 2025-08-28 01:48:26] 76561198024482897: ESP target=mmg_weapon_crate_base<45206ce0> action=position value=<8339.389648, 334.011993, 1635.189941>
[COT 2025-08-28 01:48:28] 76561198024482897: ESP target=mmg_weapon_crate_base<45206ce0> action=position value=<8339.389648, 333.911987, 1635.189941>
[COT 2025-08-28 01:48:28] 76561198024482897: ESP target=mmg_weapon_crate_base<45206ce0> action=position value=<8339.389648, 333.812012, 1635.189941>
[COT 2025-08-28 01:48:29] 76561198024482897: ESP target=mmg_weapon_crate_base<45206ce0> action=position value=<8339.389648, 333.712006, 1635.189941>
[COT 2025-08-28 01:48:29] 76561198024482897: ESP target=mmg_weapon_crate_base<45206ce0> action=position value=<8339.389648, 333.612000, 1635.189941>
[COT 2025-08-28 01:48:30] 76561198024482897: ESP target=mmg_weapon_crate_base<45206ce0> action=position value=<8339.389648, 333.511993, 1635.189941>
[COT 2025-08-28 01:48:30] 76561198024482897: ESP target=mmg_weapon_crate_base<45206ce0> action=position value=<8339.389648, 333.411987, 1635.189941>
[COT 2025-08-28 01:48:31] 76561198024482897: ESP target=mmg_weapon_crate_base<45206ce0> action=position value=<8339.389648, 333.312012, 1635.189941>
[COT 2025-08-28 01:48:31] 76561198024482897: ESP target=mmg_weapon_crate_base<45206ce0> action=position value=<8339.389648, 333.212006, 1635.189941>
[COT 2025-08-28 01:48:46] 76561198024482897: ESP target=mmg_weapon_crate_base<45206ce0> action=position value=<8339.389648, 333.112000, 1635.189941>
[COT 2025-08-28 01:48:46] 76561198024482897: ESP target=mmg_weapon_crate_base<45206ce0> action=position value=<8339.389648, 333.011993, 1635.189941>
[COT 2025-08-28 01:48:46] 76561198024482897: ESP target=mmg_weapon_crate_base<45206ce0> action=position value=<8339.389648, 332.911987, 1635.189941>
[COT 2025-08-28 01:48:49] 76561198024482897: ESP target=mmg_weapon_crate_base<45206ce0> action=position value=<8339.389648, 332.812012, 1635.189941>
[COT 2025-08-28 01:48:49] 76561198024482897: ESP target=mmg_weapon_crate_base<45206ce0> action=position value=<8339.389648, 332.712006, 1635.189941>
[COT 2025-08-28 01:48:57] 76561198024482897: ESP target=mmg_weapon_crate_base<45206ce0> action=position value=<8339.389648, 332.612000, 1635.189941>
[COT 2025-08-28 01:49:11] 76561198024482897: ESP target=mmg_weapon_crate_base<45206ce0> action=position value=<8340.389648, 332.612000, 1635.189941>
[COT 2025-08-28 01:49:13] 76561198024482897: ESP target=mmg_weapon_crate_base<45206ce0> action=position value=<8340.389648, 332.612000, 1635.089966>
[COT 2025-08-28 01:49:13] 76561198024482897: ESP target=mmg_weapon_crate_base<45206ce0> action=position value=<8340.389648, 332.612000, 1634.989990>
[COT 2025-08-28 01:49:14] 76561198024482897: ESP target=mmg_weapon_crate_base<45206ce0> action=position value=<8340.389648, 332.612000, 1634.890015>
[COT 2025-08-28 01:49:14] 76561198024482897: ESP target=mmg_weapon_crate_base<45206ce0> action=position value=<8340.389648, 332.612000, 1634.790039>
[COT 2025-08-28 01:49:15] 76561198024482897: ESP target=mmg_weapon_crate_base<45206ce0> action=position value=<8340.389648, 332.612000, 1634.689941>
[COT 2025-08-28 01:49:15] 76561198024482897: ESP target=mmg_weapon_crate_base<45206ce0> action=position value=<8340.389648, 332.612000, 1634.589966>
[COT 2025-08-28 01:49:17] 76561198024482897: ESP target=mmg_weapon_crate_base<45206ce0> action=position value=<8340.290039, 332.612000, 1634.589966>
[COT 2025-08-28 01:49:18] 76561198024482897: ESP target=mmg_weapon_crate_base<45206ce0> action=position value=<8340.190430, 332.612000, 1634.589966>
[COT 2025-08-28 01:49:18] 76561198024482897: ESP target=mmg_weapon_crate_base<45206ce0> action=position value=<8340.089844, 332.612000, 1634.589966>
[COT 2025-08-28 01:49:21] 76561198024482897: ESP target=mmg_weapon_crate_base<45206ce0> action=position value=<8340.089844, 332.612000, 1634.489990>
[COT 2025-08-28 01:49:32] 76561198024482897: ESP: Clearing ESP
[COT 2025-08-28 02:14:38] 76561198024482897: Spawned Entity MMG SupplyCrate Grey (mmg_crate03_base<532f2980>, 150, 5000, 15, 0) at <8334.717773, 331.702911, 1641.880981>
[COT 2025-08-28 02:15:06] 76561198024482897: Deleted Entity mmg_supply_crate_grey:28122 at <8334.166992, 331.702911, 1642.313599>
[COT 2025-08-28 02:15:08] 76561198024482897: Spawned Entity MMG SupplyCrate Grey (mmg_crate03_base<3c3c7a70>, 150, 5000, 15, 0) at <8333.927734, 331.702911, 1642.384888>
[COT 2025-08-28 02:18:23] 76561198024482897: Teleported 76561198024482897 to position <7347.322754, 318.219910, 2464.520264>
[COT 2025-08-28 02:19:06] 76561198024482897: Teleported 76561198024482897 to position <8330.450195, 321.044739, 1626.229858>
[COT 2025-08-28 02:22:21] 76561198024482897: Deleted Entity Barrel_Yellow:19086 at <8344.383789, 331.702911, 1635.321899>
[COT 2025-08-28 02:22:23] 76561198024482897: Deleted Entity Barrel_Yellow:17334 at <8344.859375, 331.702911, 1634.813599>
[COT 2025-08-28 03:21:10] 76561198024482897: Activated Community Online Tools [guid=0nsyEhm9INQy3se8y-fXlbMHVv4YsIXloUCLC2unDyo=]
[COT 2025-08-28 03:22:08] 76561198024482897: Spawned Entity MMG Gun Rack Lockable (mmg_lockable_gun_rack_base<d3632fc0>, 100, 7500, 15, 0) at <8342.639648, 331.703827, 1632.603394>
[COT 2025-08-28 03:24:37] 76561198024482897: Spawned Entity MMG Old Safe Green (mmg_old_safe_base<d7d22a70>, 100, 10000, 15, 0) at <8344.217773, 331.703827, 1631.977173>
[COT 2025-08-28 03:28:49] 76561198024482897: Activated Community Online Tools [guid=0nsyEhm9INQy3se8y-fXlbMHVv4YsIXloUCLC2unDyo=]
[COT 2025-08-28 03:29:15] 76561198024482897: Spawned Entity MMG Armored Cabinet Green (mmg_armored_cabinet_base<e705ad20>, 100, 7500, 15, 0) at <8342.875000, 331.703827, 1630.812378>
[COT 2025-08-28 03:29:30] 76561198024482897: Deleted Entity mmg_armored_cabinet_green:10316 at <8342.875000, 331.735840, 1630.812378>
[COT 2025-08-28 03:29:36] 76561198024482897: Spawned Entity MMG TA-50 Locker Tan (mmg_locker02_base<f4142150>, 100, 7000, 15, 0) at <8342.286133, 331.703827, 1630.638794>
[COT 2025-08-28 03:29:47] 76561198024482897: Deleted Entity mmg_locker02_tan:6035 at <8342.286133, 331.729889, 1630.638794>
[COT 2025-08-28 03:29:51] 76561198024482897: Deleted Entity mmg_lockable_gun_rack_grey:20981 at <8342.639648, 331.764618, 1632.603394>
[COT 2025-08-28 03:29:54] 76561198024482897: Deleted Entity mmg_old_safe_green:23307 at <8344.217773, 331.732208, 1631.977173>
[COT 2025-08-28 03:31:00] 76561198024482897: Spawned Entity MMG Toolwagon Kit (mmg_toolwagon_kit<f4ce6a80>, 100, 1000, 15, 0) at <8343.929688, 331.703827, 1631.903564>
[COT 2025-08-28 03:31:07] 76561198024482897: Deleted Entity mmg_toolwagon_kit:6952 at <8343.929688, 331.714752, 1631.903564>
