[COT 2025-08-20 01:52:41] 76561198024482897: Activated Community Online Tools [guid=0nsyEhm9INQy3se8y-fXlbMHVv4YsIXloUCLC2unDyo=]
[COT 2025-08-20 01:55:20] 76561198024482897: Spawned Entity Pillbox Kit (TLC_Pillbox_Kit<6ed87c60>, 20, 400, 15, 0) at <8340.718750, 334.705200, 1642.083618>
[COT 2025-08-20 02:02:49] 76561198024482897: Spawned Entity Набор для возведения мешков с песком (Frontier_SandbagLong_Kit<77e5cee0>, 20, 400, 15, 0) at <8342.617188, 334.706848, 1634.356812>
[COT 2025-08-20 02:04:08] 76561198024482897: Spawned Entity Набор для возведения военного гнезда (Frontier_MilitaryNest_Kit<77e77ab0>, 20, 400, 15, 0) at <8341.082031, 336.347321, 1634.589478>
[COT 2025-08-20 02:09:22] 76561198024482897: Spawned Entity Набор для возведения мешков с песком (Frontier_SandbagLong_Kit<7a8431a0>, 100, 400, 15, 0) at <8340.752930, 334.707031, 1630.989136>
[COT 2025-08-20 02:09:52] 76561198024482897: Spawned Entity Набор для возведения мешков с песком (Frontier_SandbagLong_Kit<7be4b790>, 100, 400, 15, 0) at <8342.611328, 334.707031, 1630.193848>
[COT 2025-08-20 02:10:41] 76561198024482897: ESP: Viewing ESP
[COT 2025-08-20 02:10:49] 76561198024482897: ESP: Clearing ESP
[COT 2025-08-20 02:10:49] 76561198024482897: ESP: Viewing ESP
[COT 2025-08-20 02:11:50] 76561198024482897: ESP target=Frontier_Sandbag_Long<7be4ac00> action=position value=<8340.599609, 334.778015, 1631.060059>
[COT 2025-08-20 02:11:50] 76561198024482897: ESP target=Frontier_Sandbag_Long<7be4ac00> action=position value=<8340.599609, 334.778015, 1631.160034>
[COT 2025-08-20 02:11:53] 76561198024482897: ESP target=Frontier_Sandbag_Long<7be4ac00> action=position value=<8340.500000, 334.778015, 1631.160034>
[COT 2025-08-20 02:11:54] 76561198024482897: ESP target=Frontier_Sandbag_Long<7be4ac00> action=position value=<8340.400391, 334.778015, 1631.160034>
[COT 2025-08-20 02:11:55] 76561198024482897: ESP target=Frontier_Sandbag_Long<7be4ac00> action=position value=<8340.299805, 334.778015, 1631.160034>
[COT 2025-08-20 02:11:55] 76561198024482897: ESP target=Frontier_Sandbag_Long<7be4ac00> action=position value=<8340.200195, 334.778015, 1631.160034>
[COT 2025-08-20 02:11:55] 76561198024482897: ESP target=Frontier_Sandbag_Long<7be4ac00> action=position value=<8340.099609, 334.778015, 1631.160034>
[COT 2025-08-20 02:11:55] 76561198024482897: ESP target=Frontier_Sandbag_Long<7be4ac00> action=position value=<8340.000000, 334.778015, 1631.160034>
[COT 2025-08-20 02:11:56] 76561198024482897: ESP target=Frontier_Sandbag_Long<7be4ac00> action=position value=<8339.900391, 334.778015, 1631.160034>
[COT 2025-08-20 02:11:56] 76561198024482897: ESP target=Frontier_Sandbag_Long<7be4ac00> action=position value=<8339.799805, 334.778015, 1631.160034>
[COT 2025-08-20 02:11:57] 76561198024482897: ESP target=Frontier_Sandbag_Long<7be4ac00> action=position value=<8339.700195, 334.778015, 1631.160034>
[COT 2025-08-20 02:11:57] 76561198024482897: ESP target=Frontier_Sandbag_Long<7be4ac00> action=position value=<8339.599609, 334.778015, 1631.160034>
[COT 2025-08-20 02:11:57] 76561198024482897: ESP target=Frontier_Sandbag_Long<7be4ac00> action=position value=<8339.500000, 334.778015, 1631.160034>
[COT 2025-08-20 02:11:58] 76561198024482897: ESP target=Frontier_Sandbag_Long<7be4ac00> action=position value=<8339.400391, 334.778015, 1631.160034>
[COT 2025-08-20 02:12:01] 76561198024482897: ESP target=Frontier_Sandbag_Long<7be4ac00> action=position value=<8340.400391, 334.778015, 1631.160034>
[COT 2025-08-20 02:12:01] 76561198024482897: ESP target=Frontier_Sandbag_Long<7be4ac00> action=position value=<8341.400391, 334.778015, 1631.160034>
[COT 2025-08-20 02:12:02] 76561198024482897: ESP target=Frontier_Sandbag_Long<7be4ac00> action=position value=<8341.299805, 334.778015, 1631.160034>
[COT 2025-08-20 02:12:02] 76561198024482897: ESP target=Frontier_Sandbag_Long<7be4ac00> action=position value=<8341.200195, 334.778015, 1631.160034>
[COT 2025-08-20 02:12:02] 76561198024482897: ESP target=Frontier_Sandbag_Long<7be4ac00> action=position value=<8341.099609, 334.778015, 1631.160034>
[COT 2025-08-20 02:12:03] 76561198024482897: ESP target=Frontier_Sandbag_Long<7be4ac00> action=position value=<8341.000000, 334.778015, 1631.160034>
[COT 2025-08-20 02:12:03] 76561198024482897: ESP target=Frontier_Sandbag_Long<7be4ac00> action=position value=<8340.900391, 334.778015, 1631.160034>
[COT 2025-08-20 02:12:03] 76561198024482897: ESP target=Frontier_Sandbag_Long<7be4ac00> action=position value=<8340.799805, 334.778015, 1631.160034>
[COT 2025-08-20 02:12:03] 76561198024482897: ESP target=Frontier_Sandbag_Long<7be4ac00> action=position value=<8340.700195, 334.778015, 1631.160034>
[COT 2025-08-20 02:12:04] 76561198024482897: ESP target=Frontier_Sandbag_Long<7be4ac00> action=position value=<8340.599609, 334.778015, 1631.160034>
[COT 2025-08-20 02:12:04] 76561198024482897: ESP target=Frontier_Sandbag_Long<7be4ac00> action=position value=<8340.500000, 334.778015, 1631.160034>
[COT 2025-08-20 02:12:04] 76561198024482897: ESP target=Frontier_Sandbag_Long<7be4ac00> action=position value=<8340.400391, 334.778015, 1631.160034>
[COT 2025-08-20 02:12:04] 76561198024482897: ESP target=Frontier_Sandbag_Long<7be4ac00> action=position value=<8340.299805, 334.778015, 1631.160034>
[COT 2025-08-20 02:12:05] 76561198024482897: ESP target=Frontier_Sandbag_Long<7be4ac00> action=position value=<8340.200195, 334.778015, 1631.160034>
[COT 2025-08-20 02:12:05] 76561198024482897: ESP target=Frontier_Sandbag_Long<7be4ac00> action=position value=<8340.099609, 334.778015, 1631.160034>
[COT 2025-08-20 02:12:05] 76561198024482897: ESP target=Frontier_Sandbag_Long<7be4ac00> action=position value=<8340.000000, 334.778015, 1631.160034>
[COT 2025-08-20 02:12:05] 76561198024482897: ESP target=Frontier_Sandbag_Long<7be4ac00> action=position value=<8339.900391, 334.778015, 1631.160034>
[COT 2025-08-20 02:12:06] 76561198024482897: ESP target=Frontier_Sandbag_Long<7be4ac00> action=position value=<8339.799805, 334.778015, 1631.160034>
[COT 2025-08-20 02:12:06] 76561198024482897: ESP target=Frontier_Sandbag_Long<7be4ac00> action=position value=<8339.700195, 334.778015, 1631.160034>
[COT 2025-08-20 02:12:07] 76561198024482897: ESP target=Frontier_Sandbag_Long<7be4ac00> action=position value=<8339.599609, 334.778015, 1631.160034>
[COT 2025-08-20 02:12:08] 76561198024482897: ESP target=Frontier_Sandbag_Long<7be4ac00> action=position value=<8339.500000, 334.778015, 1631.160034>
[COT 2025-08-20 02:12:12] 76561198024482897: ESP target=Frontier_Sandbag_Long<7be4ac00> action=orientation value=<-137.337997, 0.000000, -0.000000>
[COT 2025-08-20 02:12:14] 76561198024482897: ESP target=Frontier_Sandbag_Long<7be4ac00> action=orientation value=<-137.438004, 0.000000, -0.000000>
[COT 2025-08-20 02:12:15] 76561198024482897: ESP target=Frontier_Sandbag_Long<7be4ac00> action=orientation value=<-137.537994, 0.000000, -0.000000>
[COT 2025-08-20 02:12:15] 76561198024482897: ESP target=Frontier_Sandbag_Long<7be4ac00> action=orientation value=<-137.638000, 0.000000, -0.000000>
[COT 2025-08-20 02:12:15] 76561198024482897: ESP target=Frontier_Sandbag_Long<7be4ac00> action=orientation value=<-137.738007, 0.000000, -0.000000>
[COT 2025-08-20 02:12:16] 76561198024482897: ESP target=Frontier_Sandbag_Long<7be4ac00> action=orientation value=<-136.738007, 0.000000, -0.000000>
[COT 2025-08-20 02:12:16] 76561198024482897: ESP target=Frontier_Sandbag_Long<7be4ac00> action=orientation value=<-135.738007, 0.000000, -0.000000>
[COT 2025-08-20 02:12:16] 76561198024482897: ESP target=Frontier_Sandbag_Long<7be4ac00> action=orientation value=<-134.738007, 0.000000, -0.000000>
[COT 2025-08-20 02:12:16] 76561198024482897: ESP target=Frontier_Sandbag_Long<7be4ac00> action=orientation value=<-133.738007, 0.000000, -0.000000>
[COT 2025-08-20 02:12:16] 76561198024482897: ESP target=Frontier_Sandbag_Long<7be4ac00> action=orientation value=<-132.738007, 0.000000, -0.000000>
[COT 2025-08-20 02:12:16] 76561198024482897: ESP target=Frontier_Sandbag_Long<7be4ac00> action=orientation value=<-132.837997, 0.000000, -0.000000>
[COT 2025-08-20 02:12:16] 76561198024482897: ESP target=Frontier_Sandbag_Long<7be4ac00> action=orientation value=<-132.938004, 0.000000, -0.000000>
[COT 2025-08-20 02:12:16] 76561198024482897: ESP target=Frontier_Sandbag_Long<7be4ac00> action=orientation value=<-133.037994, 0.000000, -0.000000>
[COT 2025-08-20 02:12:17] 76561198024482897: ESP target=Frontier_Sandbag_Long<7be4ac00> action=orientation value=<-133.138000, 0.000000, -0.000000>
[COT 2025-08-20 02:12:17] 76561198024482897: ESP target=Frontier_Sandbag_Long<7be4ac00> action=orientation value=<-133.238007, 0.000000, -0.000000>
[COT 2025-08-20 02:12:17] 76561198024482897: ESP target=Frontier_Sandbag_Long<7be4ac00> action=orientation value=<-133.337997, 0.000000, -0.000000>
[COT 2025-08-20 02:12:17] 76561198024482897: ESP target=Frontier_Sandbag_Long<7be4ac00> action=orientation value=<-133.438004, 0.000000, -0.000000>
[COT 2025-08-20 02:12:17] 76561198024482897: ESP target=Frontier_Sandbag_Long<7be4ac00> action=orientation value=<-133.537994, 0.000000, -0.000000>
[COT 2025-08-20 02:12:17] 76561198024482897: ESP target=Frontier_Sandbag_Long<7be4ac00> action=orientation value=<-133.638000, 0.000000, -0.000000>
[COT 2025-08-20 02:12:17] 76561198024482897: ESP target=Frontier_Sandbag_Long<7be4ac00> action=orientation value=<-133.738007, 0.000000, -0.000000>
[COT 2025-08-20 02:12:17] 76561198024482897: ESP target=Frontier_Sandbag_Long<7be4ac00> action=orientation value=<-133.837997, 0.000000, -0.000000>
[COT 2025-08-20 02:12:17] 76561198024482897: ESP target=Frontier_Sandbag_Long<7be4ac00> action=orientation value=<-133.938004, 0.000000, -0.000000>
[COT 2025-08-20 02:12:17] 76561198024482897: ESP target=Frontier_Sandbag_Long<7be4ac00> action=orientation value=<-134.037994, 0.000000, -0.000000>
[COT 2025-08-20 02:12:17] 76561198024482897: ESP target=Frontier_Sandbag_Long<7be4ac00> action=orientation value=<-134.138000, 0.000000, -0.000000>
[COT 2025-08-20 02:12:17] 76561198024482897: ESP target=Frontier_Sandbag_Long<7be4ac00> action=orientation value=<-134.238007, 0.000000, -0.000000>
[COT 2025-08-20 02:12:17] 76561198024482897: ESP target=Frontier_Sandbag_Long<7be4ac00> action=orientation value=<-134.337997, 0.000000, -0.000000>
[COT 2025-08-20 02:12:17] 76561198024482897: ESP target=Frontier_Sandbag_Long<7be4ac00> action=orientation value=<-134.438004, 0.000000, -0.000000>
[COT 2025-08-20 02:12:18] 76561198024482897: ESP target=Frontier_Sandbag_Long<7be4ac00> action=orientation value=<-134.537994, 0.000000, -0.000000>
[COT 2025-08-20 02:12:18] 76561198024482897: ESP target=Frontier_Sandbag_Long<7be4ac00> action=orientation value=<-134.638000, 0.000000, -0.000000>
[COT 2025-08-20 02:12:18] 76561198024482897: ESP target=Frontier_Sandbag_Long<7be4ac00> action=orientation value=<-134.738007, 0.000000, -0.000000>
[COT 2025-08-20 02:12:18] 76561198024482897: ESP target=Frontier_Sandbag_Long<7be4ac00> action=orientation value=<-134.837997, 0.000000, -0.000000>
[COT 2025-08-20 02:12:18] 76561198024482897: ESP target=Frontier_Sandbag_Long<7be4ac00> action=orientation value=<-134.938004, 0.000000, -0.000000>
[COT 2025-08-20 02:12:18] 76561198024482897: ESP target=Frontier_Sandbag_Long<7be4ac00> action=orientation value=<-135.037994, 0.000000, -0.000000>
[COT 2025-08-20 02:12:18] 76561198024482897: ESP target=Frontier_Sandbag_Long<7be4ac00> action=orientation value=<-135.138000, 0.000000, -0.000000>
[COT 2025-08-20 02:12:18] 76561198024482897: ESP target=Frontier_Sandbag_Long<7be4ac00> action=orientation value=<-135.238007, 0.000000, -0.000000>
[COT 2025-08-20 02:12:19] 76561198024482897: ESP target=Frontier_Sandbag_Long<7be4ac00> action=orientation value=<-135.337997, 0.000000, -0.000000>
[COT 2025-08-20 02:12:19] 76561198024482897: ESP target=Frontier_Sandbag_Long<7be4ac00> action=orientation value=<-135.438004, 0.000000, -0.000000>
[COT 2025-08-20 02:12:19] 76561198024482897: ESP target=Frontier_Sandbag_Long<7be4ac00> action=orientation value=<-135.537994, 0.000000, -0.000000>
[COT 2025-08-20 02:12:19] 76561198024482897: ESP target=Frontier_Sandbag_Long<7be4ac00> action=orientation value=<-135.638000, 0.000000, -0.000000>
[COT 2025-08-20 02:12:19] 76561198024482897: ESP target=Frontier_Sandbag_Long<7be4ac00> action=orientation value=<-135.738007, 0.000000, -0.000000>
[COT 2025-08-20 02:12:19] 76561198024482897: ESP target=Frontier_Sandbag_Long<7be4ac00> action=orientation value=<-135.837997, 0.000000, -0.000000>
[COT 2025-08-20 02:12:19] 76561198024482897: ESP target=Frontier_Sandbag_Long<7be4ac00> action=orientation value=<-135.938004, 0.000000, -0.000000>
[COT 2025-08-20 02:12:19] 76561198024482897: ESP target=Frontier_Sandbag_Long<7be4ac00> action=orientation value=<-136.037994, 0.000000, -0.000000>
[COT 2025-08-20 02:12:19] 76561198024482897: ESP target=Frontier_Sandbag_Long<7be4ac00> action=orientation value=<-136.138000, 0.000000, -0.000000>
[COT 2025-08-20 02:12:19] 76561198024482897: ESP target=Frontier_Sandbag_Long<7be4ac00> action=orientation value=<-136.238007, 0.000000, -0.000000>
[COT 2025-08-20 02:12:19] 76561198024482897: ESP target=Frontier_Sandbag_Long<7be4ac00> action=orientation value=<-136.337997, 0.000000, -0.000000>
[COT 2025-08-20 02:12:19] 76561198024482897: ESP target=Frontier_Sandbag_Long<7be4ac00> action=orientation value=<-136.438004, 0.000000, -0.000000>
[COT 2025-08-20 02:12:19] 76561198024482897: ESP target=Frontier_Sandbag_Long<7be4ac00> action=orientation value=<-136.537994, 0.000000, -0.000000>
[COT 2025-08-20 02:12:19] 76561198024482897: ESP target=Frontier_Sandbag_Long<7be4ac00> action=orientation value=<-136.638000, 0.000000, -0.000000>
[COT 2025-08-20 02:12:24] 76561198024482897: ESP target=Frontier_Sandbag_Long<7be4ac00> action=position value=<8339.500000, 335.778015, 1631.160034>
[COT 2025-08-20 02:12:25] 76561198024482897: ESP target=Frontier_Sandbag_Long<7be4ac00> action=position value=<8339.500000, 335.678009, 1631.160034>
[COT 2025-08-20 02:12:26] 76561198024482897: ESP target=Frontier_Sandbag_Long<7be4ac00> action=position value=<8339.500000, 335.578003, 1631.160034>
[COT 2025-08-20 02:12:26] 76561198024482897: ESP target=Frontier_Sandbag_Long<7be4ac00> action=position value=<8339.500000, 335.477997, 1631.160034>
[COT 2025-08-20 02:12:26] 76561198024482897: ESP target=Frontier_Sandbag_Long<7be4ac00> action=position value=<8339.500000, 335.377991, 1631.160034>
[COT 2025-08-20 02:13:18] 76561198024482897: Deleted Entity ExpansionWall6x3:16815 at <8341.514648, 334.456390, 1629.024414>
[COT 2025-08-20 02:13:51] 76561198024482897: ESP target=Frontier_Sandbag_Long<7be66ef0> action=position value=<8344.580078, 334.756989, 1628.260010>
[COT 2025-08-20 02:13:53] 76561198024482897: ESP target=Frontier_Sandbag_Long<7be66ef0> action=position value=<8344.480469, 334.756989, 1628.260010>
[COT 2025-08-20 02:13:53] 76561198024482897: ESP target=Frontier_Sandbag_Long<7be66ef0> action=position value=<8344.379883, 334.756989, 1628.260010>
[COT 2025-08-20 02:13:53] 76561198024482897: ESP target=Frontier_Sandbag_Long<7be66ef0> action=position value=<8344.280273, 334.756989, 1628.260010>
[COT 2025-08-20 02:13:53] 76561198024482897: ESP target=Frontier_Sandbag_Long<7be66ef0> action=position value=<8344.179688, 334.756989, 1628.260010>
[COT 2025-08-20 02:13:53] 76561198024482897: ESP target=Frontier_Sandbag_Long<7be66ef0> action=position value=<8344.080078, 334.756989, 1628.260010>
[COT 2025-08-20 02:13:55] 76561198024482897: ESP target=Frontier_Sandbag_Long<7be66ef0> action=position value=<8343.980469, 334.756989, 1628.260010>
[COT 2025-08-20 02:13:55] 76561198024482897: ESP target=Frontier_Sandbag_Long<7be66ef0> action=position value=<8343.879883, 334.756989, 1628.260010>
[COT 2025-08-20 02:13:55] 76561198024482897: ESP target=Frontier_Sandbag_Long<7be66ef0> action=position value=<8343.780273, 334.756989, 1628.260010>
[COT 2025-08-20 02:13:56] 76561198024482897: ESP target=Frontier_Sandbag_Long<7be66ef0> action=position value=<8343.679688, 334.756989, 1628.260010>
[COT 2025-08-20 02:13:56] 76561198024482897: ESP target=Frontier_Sandbag_Long<7be66ef0> action=position value=<8343.580078, 334.756989, 1628.260010>
[COT 2025-08-20 02:13:56] 76561198024482897: ESP target=Frontier_Sandbag_Long<7be66ef0> action=position value=<8343.480469, 334.756989, 1628.260010>
[COT 2025-08-20 02:13:56] 76561198024482897: ESP target=Frontier_Sandbag_Long<7be66ef0> action=position value=<8343.379883, 334.756989, 1628.260010>
[COT 2025-08-20 02:13:56] 76561198024482897: ESP target=Frontier_Sandbag_Long<7be66ef0> action=position value=<8343.280273, 334.756989, 1628.260010>
[COT 2025-08-20 02:13:56] 76561198024482897: ESP target=Frontier_Sandbag_Long<7be66ef0> action=position value=<8343.179688, 334.756989, 1628.260010>
[COT 2025-08-20 02:13:57] 76561198024482897: ESP target=Frontier_Sandbag_Long<7be66ef0> action=position value=<8343.080078, 334.756989, 1628.260010>
[COT 2025-08-20 02:13:57] 76561198024482897: ESP target=Frontier_Sandbag_Long<7be66ef0> action=position value=<8342.980469, 334.756989, 1628.260010>
[COT 2025-08-20 02:13:58] 76561198024482897: ESP target=Frontier_Sandbag_Long<7be66ef0> action=position value=<8342.879883, 334.756989, 1628.260010>
[COT 2025-08-20 02:13:58] 76561198024482897: ESP target=Frontier_Sandbag_Long<7be66ef0> action=position value=<8342.780273, 334.756989, 1628.260010>
[COT 2025-08-20 02:13:58] 76561198024482897: ESP target=Frontier_Sandbag_Long<7be66ef0> action=position value=<8342.679688, 334.756989, 1628.260010>
[COT 2025-08-20 02:13:59] 76561198024482897: ESP target=Frontier_Sandbag_Long<7be66ef0> action=position value=<8342.580078, 334.756989, 1628.260010>
[COT 2025-08-20 02:13:59] 76561198024482897: ESP target=Frontier_Sandbag_Long<7be66ef0> action=position value=<8342.480469, 334.756989, 1628.260010>
[COT 2025-08-20 02:14:03] 76561198024482897: ESP target=Frontier_Sandbag_Long<7be66ef0> action=position value=<8342.480469, 334.756989, 1628.160034>
[COT 2025-08-20 02:14:04] 76561198024482897: ESP target=Frontier_Sandbag_Long<7be66ef0> action=position value=<8342.480469, 334.756989, 1629.160034>
[COT 2025-08-20 02:14:12] 76561198024482897: ESP target=Frontier_Sandbag_Long<7be66ef0> action=position value=<8343.480469, 334.756989, 1629.160034>
[COT 2025-08-20 02:14:14] 76561198024482897: ESP target=Frontier_Sandbag_Long<7be66ef0> action=position value=<8343.379883, 334.756989, 1629.160034>
[COT 2025-08-20 02:14:14] 76561198024482897: ESP target=Frontier_Sandbag_Long<7be66ef0> action=position value=<8343.280273, 334.756989, 1629.160034>
[COT 2025-08-20 02:14:14] 76561198024482897: ESP target=Frontier_Sandbag_Long<7be66ef0> action=position value=<8343.179688, 334.756989, 1629.160034>
[COT 2025-08-20 02:14:14] 76561198024482897: ESP target=Frontier_Sandbag_Long<7be66ef0> action=position value=<8343.080078, 334.756989, 1629.160034>
[COT 2025-08-20 02:14:14] 76561198024482897: ESP target=Frontier_Sandbag_Long<7be66ef0> action=position value=<8342.980469, 334.756989, 1629.160034>
[COT 2025-08-20 02:14:16] 76561198024482897: ESP target=Frontier_Sandbag_Long<7be66ef0> action=position value=<8342.879883, 334.756989, 1629.160034>
[COT 2025-08-20 02:14:16] 76561198024482897: ESP target=Frontier_Sandbag_Long<7be66ef0> action=position value=<8342.780273, 334.756989, 1629.160034>
[COT 2025-08-20 02:14:17] 76561198024482897: ESP target=Frontier_Sandbag_Long<7be66ef0> action=position value=<8342.679688, 334.756989, 1629.160034>
[COT 2025-08-20 02:14:17] 76561198024482897: ESP target=Frontier_Sandbag_Long<7be66ef0> action=position value=<8342.580078, 334.756989, 1629.160034>
[COT 2025-08-20 02:14:17] 76561198024482897: ESP target=Frontier_Sandbag_Long<7be66ef0> action=position value=<8342.480469, 334.756989, 1629.160034>
[COT 2025-08-20 02:14:17] 76561198024482897: ESP target=Frontier_Sandbag_Long<7be66ef0> action=position value=<8342.379883, 334.756989, 1629.160034>
[COT 2025-08-20 02:14:19] 76561198024482897: ESP target=Frontier_Sandbag_Long<7be66ef0> action=position value=<8342.480469, 334.756989, 1629.160034>
[COT 2025-08-20 02:14:20] 76561198024482897: ESP target=Frontier_Sandbag_Long<7be66ef0> action=position value=<8342.379883, 334.756989, 1629.160034>
[COT 2025-08-20 02:14:20] 76561198024482897: ESP target=Frontier_Sandbag_Long<7be66ef0> action=position value=<8342.280273, 334.756989, 1629.160034>
[COT 2025-08-20 02:14:20] 76561198024482897: ESP target=Frontier_Sandbag_Long<7be66ef0> action=position value=<8342.179688, 334.756989, 1629.160034>
[COT 2025-08-20 02:14:21] 76561198024482897: ESP target=Frontier_Sandbag_Long<7be66ef0> action=position value=<8342.080078, 334.756989, 1629.160034>
[COT 2025-08-20 02:14:23] 76561198024482897: ESP target=Frontier_Sandbag_Long<7be66ef0> action=position value=<8342.080078, 334.756989, 1629.060059>
[COT 2025-08-20 02:14:24] 76561198024482897: ESP target=Frontier_Sandbag_Long<7be66ef0> action=position value=<8342.080078, 334.756989, 1628.959961>
[COT 2025-08-20 02:14:24] 76561198024482897: ESP target=Frontier_Sandbag_Long<7be66ef0> action=position value=<8342.080078, 334.756989, 1628.859985>
[COT 2025-08-20 02:14:25] 76561198024482897: ESP target=Frontier_Sandbag_Long<7be66ef0> action=position value=<8342.080078, 334.756989, 1628.760010>
[COT 2025-08-20 02:14:48] 76561198024482897: ESP target=Frontier_Sandbag_Long<7be66ef0> action=position value=<8342.080078, 334.657013, 1628.760010>
[COT 2025-08-20 02:14:49] 76561198024482897: ESP target=Frontier_Sandbag_Long<7be66ef0> action=position value=<8342.080078, 334.557007, 1628.760010>
[COT 2025-08-20 02:14:50] 76561198024482897: ESP target=Frontier_Sandbag_Long<7be66ef0> action=position value=<8342.080078, 334.457001, 1628.760010>
[COT 2025-08-20 02:14:51] 76561198024482897: ESP target=Frontier_Sandbag_Long<7be66ef0> action=position value=<8342.080078, 334.356995, 1628.760010>
[COT 2025-08-20 02:14:51] 76561198024482897: ESP target=Frontier_Sandbag_Long<7be66ef0> action=position value=<8342.080078, 334.256989, 1628.760010>
[COT 2025-08-20 02:15:20] 76561198024482897: ESP target=Frontier_MilitaryNest<78c600a0> action=position value=<8338.160156, 335.609985, 1634.290039>
[COT 2025-08-20 02:15:21] 76561198024482897: ESP target=Frontier_MilitaryNest<78c600a0> action=position value=<8338.160156, 335.510010, 1634.290039>
[COT 2025-08-20 02:15:22] 76561198024482897: ESP target=Frontier_MilitaryNest<78c600a0> action=position value=<8338.160156, 335.410004, 1634.290039>
[COT 2025-08-20 02:15:23] 76561198024482897: ESP target=Frontier_MilitaryNest<78c600a0> action=position value=<8338.160156, 335.309998, 1634.290039>
[COT 2025-08-20 02:16:02] 76561198024482897: ESP target=Frontier_Sandbag_Long<7be4ac00> action=orientation value=<-136.740005, 0.000000, -0.000000>
[COT 2025-08-20 02:16:03] 76561198024482897: ESP target=Frontier_Sandbag_Long<7be4ac00> action=orientation value=<-136.839996, 0.000000, -0.000000>
[COT 2025-08-20 02:16:03] 76561198024482897: ESP target=Frontier_Sandbag_Long<7be4ac00> action=orientation value=<-136.940002, 0.000000, -0.000000>
[COT 2025-08-20 02:16:03] 76561198024482897: ESP target=Frontier_Sandbag_Long<7be4ac00> action=orientation value=<-137.039993, 0.000000, -0.000000>
[COT 2025-08-20 02:16:03] 76561198024482897: ESP target=Frontier_Sandbag_Long<7be4ac00> action=orientation value=<-137.139999, 0.000000, -0.000000>
[COT 2025-08-20 02:16:03] 76561198024482897: ESP target=Frontier_Sandbag_Long<7be4ac00> action=orientation value=<-137.240005, 0.000000, -0.000000>
[COT 2025-08-20 02:16:03] 76561198024482897: ESP target=Frontier_Sandbag_Long<7be4ac00> action=orientation value=<-137.339996, 0.000000, -0.000000>
[COT 2025-08-20 02:16:03] 76561198024482897: ESP target=Frontier_Sandbag_Long<7be4ac00> action=orientation value=<-137.440002, 0.000000, -0.000000>
[COT 2025-08-20 02:16:03] 76561198024482897: ESP target=Frontier_Sandbag_Long<7be4ac00> action=orientation value=<-137.539993, 0.000000, -0.000000>
[COT 2025-08-20 02:16:04] 76561198024482897: ESP target=Frontier_Sandbag_Long<7be4ac00> action=orientation value=<-137.639999, 0.000000, -0.000000>
[COT 2025-08-20 02:16:04] 76561198024482897: ESP target=Frontier_Sandbag_Long<7be4ac00> action=orientation value=<-137.740005, 0.000000, -0.000000>
[COT 2025-08-20 02:16:04] 76561198024482897: ESP target=Frontier_Sandbag_Long<7be4ac00> action=orientation value=<-137.839996, 0.000000, -0.000000>
[COT 2025-08-20 02:16:04] 76561198024482897: ESP target=Frontier_Sandbag_Long<7be4ac00> action=orientation value=<-137.940002, 0.000000, -0.000000>
[COT 2025-08-20 02:16:04] 76561198024482897: ESP target=Frontier_Sandbag_Long<7be4ac00> action=orientation value=<-138.039993, 0.000000, -0.000000>
[COT 2025-08-20 02:16:04] 76561198024482897: ESP target=Frontier_Sandbag_Long<7be4ac00> action=orientation value=<-138.139999, 0.000000, -0.000000>
[COT 2025-08-20 02:16:04] 76561198024482897: ESP target=Frontier_Sandbag_Long<7be4ac00> action=orientation value=<-138.240005, 0.000000, -0.000000>
[COT 2025-08-20 02:16:04] 76561198024482897: ESP target=Frontier_Sandbag_Long<7be4ac00> action=orientation value=<-138.339996, 0.000000, -0.000000>
[COT 2025-08-20 02:16:04] 76561198024482897: ESP target=Frontier_Sandbag_Long<7be4ac00> action=orientation value=<-138.440002, 0.000000, -0.000000>
[COT 2025-08-20 02:16:04] 76561198024482897: ESP target=Frontier_Sandbag_Long<7be4ac00> action=orientation value=<-138.539993, 0.000000, -0.000000>
[COT 2025-08-20 02:16:04] 76561198024482897: ESP target=Frontier_Sandbag_Long<7be4ac00> action=orientation value=<-138.639999, 0.000000, -0.000000>
[COT 2025-08-20 02:16:04] 76561198024482897: ESP target=Frontier_Sandbag_Long<7be4ac00> action=orientation value=<-138.740005, 0.000000, -0.000000>
[COT 2025-08-20 02:16:04] 76561198024482897: ESP target=Frontier_Sandbag_Long<7be4ac00> action=orientation value=<-138.839996, 0.000000, -0.000000>
[COT 2025-08-20 02:16:05] 76561198024482897: ESP target=Frontier_Sandbag_Long<7be4ac00> action=orientation value=<-138.940002, 0.000000, -0.000000>
[COT 2025-08-20 02:16:05] 76561198024482897: ESP target=Frontier_Sandbag_Long<7be4ac00> action=orientation value=<-139.039993, 0.000000, -0.000000>
[COT 2025-08-20 02:16:06] 76561198024482897: ESP target=Frontier_Sandbag_Long<7be4ac00> action=orientation value=<-139.139999, 0.000000, -0.000000>
[COT 2025-08-20 02:16:06] 76561198024482897: ESP target=Frontier_Sandbag_Long<7be4ac00> action=orientation value=<-139.240005, 0.000000, -0.000000>
[COT 2025-08-20 02:16:17] 76561198024482897: ESP target=Frontier_Sandbag_Long<7be4ac00> action=position value=<8339.500000, 335.377991, 1632.160034>
[COT 2025-08-20 02:16:18] 76561198024482897: ESP target=Frontier_Sandbag_Long<7be4ac00> action=position value=<8339.500000, 335.377991, 1632.060059>
[COT 2025-08-20 02:16:18] 76561198024482897: ESP target=Frontier_Sandbag_Long<7be4ac00> action=position value=<8339.500000, 335.377991, 1631.959961>
[COT 2025-08-20 02:16:19] 76561198024482897: ESP target=Frontier_Sandbag_Long<7be4ac00> action=position value=<8339.500000, 335.377991, 1631.859985>
[COT 2025-08-20 02:16:19] 76561198024482897: ESP target=Frontier_Sandbag_Long<7be4ac00> action=position value=<8339.500000, 335.377991, 1631.760010>
[COT 2025-08-20 02:16:19] 76561198024482897: ESP target=Frontier_Sandbag_Long<7be4ac00> action=position value=<8339.500000, 335.377991, 1631.660034>
[COT 2025-08-20 02:16:19] 76561198024482897: ESP target=Frontier_Sandbag_Long<7be4ac00> action=position value=<8339.500000, 335.377991, 1631.560059>
[COT 2025-08-20 02:16:19] 76561198024482897: ESP target=Frontier_Sandbag_Long<7be4ac00> action=position value=<8339.500000, 335.377991, 1631.459961>
[COT 2025-08-20 02:16:20] 76561198024482897: ESP target=Frontier_Sandbag_Long<7be4ac00> action=position value=<8339.500000, 335.377991, 1631.359985>
[COT 2025-08-20 02:16:20] 76561198024482897: ESP target=Frontier_Sandbag_Long<7be4ac00> action=position value=<8339.500000, 335.377991, 1631.260010>
[COT 2025-08-20 02:16:20] 76561198024482897: ESP target=Frontier_Sandbag_Long<7be4ac00> action=position value=<8339.500000, 335.377991, 1631.160034>
[COT 2025-08-20 02:16:23] 76561198024482897: ESP target=Frontier_Sandbag_Long<7be4ac00> action=position value=<8339.500000, 335.377991, 1631.060059>
[COT 2025-08-20 02:16:25] 76561198024482897: ESP target=Frontier_Sandbag_Long<7be4ac00> action=position value=<8339.400391, 335.377991, 1631.060059>
[COT 2025-08-20 02:16:25] 76561198024482897: ESP target=Frontier_Sandbag_Long<7be4ac00> action=position value=<8339.299805, 335.377991, 1631.060059>
[COT 2025-08-20 02:16:26] 76561198024482897: ESP target=Frontier_Sandbag_Long<7be4ac00> action=position value=<8339.200195, 335.377991, 1631.060059>
[COT 2025-08-20 02:16:32] 76561198024482897: ESP target=Frontier_Sandbag_Long<7be4ac00> action=position value=<8339.099609, 335.377991, 1631.060059>
[COT 2025-08-20 02:16:51] 76561198024482897: ESP target=Frontier_Sandbag_Long<7be4ac00> action=position value=<8340.099609, 335.377991, 1631.060059>
[COT 2025-08-20 02:16:52] 76561198024482897: ESP target=Frontier_Sandbag_Long<7be4ac00> action=position value=<8340.000000, 335.377991, 1631.060059>
[COT 2025-08-20 02:16:52] 76561198024482897: ESP target=Frontier_Sandbag_Long<7be4ac00> action=position value=<8339.900391, 335.377991, 1631.060059>
[COT 2025-08-20 02:16:52] 76561198024482897: ESP target=Frontier_Sandbag_Long<7be4ac00> action=position value=<8339.799805, 335.377991, 1631.060059>
[COT 2025-08-20 02:16:52] 76561198024482897: ESP target=Frontier_Sandbag_Long<7be4ac00> action=position value=<8339.700195, 335.377991, 1631.060059>
[COT 2025-08-20 02:16:52] 76561198024482897: ESP target=Frontier_Sandbag_Long<7be4ac00> action=position value=<8339.599609, 335.377991, 1631.060059>
[COT 2025-08-20 02:16:53] 76561198024482897: ESP target=Frontier_Sandbag_Long<7be4ac00> action=position value=<8339.500000, 335.377991, 1631.060059>
[COT 2025-08-20 02:16:53] 76561198024482897: ESP target=Frontier_Sandbag_Long<7be4ac00> action=position value=<8339.400391, 335.377991, 1631.060059>
[COT 2025-08-20 02:16:53] 76561198024482897: ESP target=Frontier_Sandbag_Long<7be4ac00> action=position value=<8339.299805, 335.377991, 1631.060059>
[COT 2025-08-20 02:16:58] 76561198024482897: ESP target=Frontier_Sandbag_Long<7be4ac00> action=position value=<8340.299805, 335.377991, 1631.060059>
[COT 2025-08-20 02:17:01] 76561198024482897: ESP target=Frontier_Sandbag_Long<7be4ac00> action=position value=<8340.200195, 335.377991, 1631.060059>
[COT 2025-08-20 02:17:01] 76561198024482897: ESP target=Frontier_Sandbag_Long<7be4ac00> action=position value=<8340.099609, 335.377991, 1631.060059>
[COT 2025-08-20 02:17:02] 76561198024482897: ESP target=Frontier_Sandbag_Long<7be4ac00> action=position value=<8340.000000, 335.377991, 1631.060059>
[COT 2025-08-20 02:17:06] 76561198024482897: ESP target=Frontier_Sandbag_Long<7be4ac00> action=position value=<8339.900391, 335.377991, 1631.060059>
[COT 2025-08-20 02:17:07] 76561198024482897: ESP target=Frontier_Sandbag_Long<7be4ac00> action=position value=<8339.799805, 335.377991, 1631.060059>
[COT 2025-08-20 02:17:08] 76561198024482897: ESP target=Frontier_Sandbag_Long<7be4ac00> action=position value=<8339.700195, 335.377991, 1631.060059>
[COT 2025-08-20 02:17:09] 76561198024482897: ESP target=Frontier_Sandbag_Long<7be4ac00> action=position value=<8339.599609, 335.377991, 1631.060059>
[COT 2025-08-20 02:24:48] 76561198024482897: Created Deletion Backup '2025-08-20_02-24-48'
[COT 2025-08-20 02:25:01] 76561198024482897: Deleted Entity ExpansionWall6x3:16592 at <8336.870117, 335.459595, 1637.297241>
