[COT 2025-09-11 07:59:26] 76561198024482897: Activated Community Online Tools [guid=0nsyEhm9INQy3se8y-fXlbMHVv4YsIXloUCLC2unDyo=]
[COT 2025-09-11 07:59:27] 76561198024482897: Set GodMode To true [guid=0nsyEhm9INQy3se8y-fXlbMHVv4YsIXloUCLC2unDyo=]
[COT 2025-09-11 07:59:38] 76561198024482897: Deactivated Community Online Tools [guid=0nsyEhm9INQy3se8y-fXlbMHVv4YsIXloUCLC2unDyo=]
[COT 2025-09-11 07:59:41] 76561198024482897: Activated Community Online Tools [guid=0nsyEhm9INQy3se8y-fXlbMHVv4YsIXloUCLC2unDyo=]
[COT 2025-09-11 07:59:44] 76561198024482897: Set GodMode To false [guid=0nsyEhm9INQy3se8y-fXlbMHVv4YsIXloUCLC2unDyo=]
[COT 2025-09-11 07:59:46] 76561198024482897: Set GodMode To true [guid=0nsyEhm9INQy3se8y-fXlbMHVv4YsIXloUCLC2unDyo=]
[COT 2025-09-11 07:59:51] 76561198024482897: Set UnlimitedAmmo To true [guid=0nsyEhm9INQy3se8y-fXlbMHVv4YsIXloUCLC2unDyo=]
[COT 2025-09-11 07:59:51] 76561198024482897: Set UnlimitedStamina To true [guid=0nsyEhm9INQy3se8y-fXlbMHVv4YsIXloUCLC2unDyo=]
[COT 2025-09-11 07:59:52] 76561198024482897: Set AdminNVG To true [guid=0nsyEhm9INQy3se8y-fXlbMHVv4YsIXloUCLC2unDyo=]
[COT 2025-09-11 08:02:25] 76561198024482897: Entered the Free Camera
[COT 2025-09-11 08:02:38] 76561198024482897: Left the Free Camera
[COT 2025-09-11 08:03:05] 76561198024482897: Entered the Free Camera
[COT 2025-09-11 08:03:20] 76561198024482897: Left the Free Camera
[COT 2025-09-11 08:03:22] 76561198024482897: Entered the Free Camera
[COT 2025-09-11 08:03:38] 76561198024482897: Left the Free Camera
[COT 2025-09-11 08:06:06] 76561198024482897: Entered the Free Camera
[COT 2025-09-11 08:06:17] 76561198024482897: Left the Free Camera
[COT 2025-09-11 08:07:05] 76561198024482897: Teleported 76561198024482897 to position <8344.826172, 325.449890, 1639.801025>
[COT 2025-09-11 08:07:12] 76561198024482897: Set GodMode To false [guid=0nsyEhm9INQy3se8y-fXlbMHVv4YsIXloUCLC2unDyo=]
[COT 2025-09-11 08:07:12] 76561198024482897: Set UnlimitedStamina To false [guid=0nsyEhm9INQy3se8y-fXlbMHVv4YsIXloUCLC2unDyo=]
[COT 2025-09-11 08:07:13] 76561198024482897: Set UnlimitedAmmo To false [guid=0nsyEhm9INQy3se8y-fXlbMHVv4YsIXloUCLC2unDyo=]
[COT 2025-09-11 08:07:47] 76561198024482897: Set AdminNVG To false [guid=0nsyEhm9INQy3se8y-fXlbMHVv4YsIXloUCLC2unDyo=]
[COT 2025-09-11 08:09:36] 76561198024482897: Updated roles [guid=0nsyEhm9INQy3se8y-fXlbMHVv4YsIXloUCLC2unDyo=]
