[COT 2025-09-14 07:30:24] 76561198024482897: Activated Community Online Tools [guid=0nsyEhm9INQy3se8y-fXlbMHVv4YsIXloUCLC2unDyo=]
[COT 2025-09-14 07:30:46] 76561198024482897: Spawned Entity Punched Card (PunchedCard<6bd4c890>, 100, 15, 15, 0) at <8337.341797, 331.704285, 1636.133545>
[COT 2025-09-14 07:31:10] 76561198024482897: Deleted Entity PunchedCard:22468 at <8338.290039, 331.710358, 1635.262939>
[COT 2025-09-14 07:31:32] 76561198024482897: Spawned Entity #str_Gameboy_Cartridge_Case (ItemBase<6b3c7ae0>, 100, 50, 15, 0) at <8338.297852, 331.704285, 1635.280151>
[COT 2025-09-14 07:31:32] 76561198024482897: Spawned Entity #str_Gameboy_Cartridge_Case (ItemBase<6b3d6220>, 100, 50, 15, 0) at <8338.310547, 331.756104, 1635.265869>
[COT 2025-09-14 07:31:37] 76561198024482897: Deleted Entity NomNom_Case_Cartridges:29170 at <8338.297852, 331.729584, 1635.280151>
[COT 2025-09-14 07:31:47] 76561198024482897: Deleted Entity NomNom_Case_Cartridges:31514 at <8338.844727, 331.729401, 1634.637085>
[COT 2025-09-14 07:31:56] 76561198024482897: Spawned Entity #str_Chibi_Display2 (NomNom_Chibi_Display_Vintage<6a56f200>, 100, 1000, 15, 0) at <8338.825195, 331.704285, 1634.662598>
[COT 2025-09-14 07:32:01] 76561198024482897: Deleted Entity NomNom_Chibi_Display_Vintage:31515 at <8338.825195, 331.704163, 1634.662598>
[COT 2025-09-14 07:32:24] 76561198024482897: Spawned Entity #str_electronic_display2 (NomNom_Electronic_Display_Vintage<6c54c930>, 100, 1000, 15, 0) at <8337.709961, 331.704285, 1635.680542>
[COT 2025-09-14 07:32:37] 76561198024482897: Set GodMode To true [guid=0nsyEhm9INQy3se8y-fXlbMHVv4YsIXloUCLC2unDyo=]
[COT 2025-09-14 07:32:38] 76561198024482897: Set GodMode To false [guid=0nsyEhm9INQy3se8y-fXlbMHVv4YsIXloUCLC2unDyo=]
[COT 2025-09-14 07:32:42] 76561198024482897: Deleted Entity NomNom_Electronic_Display_Vintage:26490 at <8337.709961, 331.848694, 1635.680542>
[COT 2025-09-14 07:32:54] 76561198024482897: Spawned Entity #str_KitBox12 (NomNom_Electronic_Display_Vintage_Kitbox<6c579610>, 100, 5000, 15, 0) at <8338.680664, 331.704285, 1635.326294>
[COT 2025-09-14 07:33:38] 76561198024482897: Spawned Entity #str_device9 (NomNom_Device_Nintendo64<6c6cade0>, 100, 150, 15, 0) at <8343.990234, 331.702911, 1638.308350>
[COT 2025-09-14 07:34:11] 76561198024482897: ESP: Viewing ESP
[COT 2025-09-14 07:34:16] 76561198024482897: ESP target=TLC_Flower1<1ffef2b0> action=position value=<8341.919922, 331.703003, 1637.430054>
[COT 2025-09-14 07:34:17] 76561198024482897: ESP target=TLC_Flower1<1ffef2b0> action=position value=<8341.919922, 331.703003, 1637.530029>
[COT 2025-09-14 07:34:18] 76561198024482897: ESP target=TLC_Flower1<1ffef2b0> action=position value=<8341.919922, 331.703003, 1637.630005>
[COT 2025-09-14 07:34:19] 76561198024482897: ESP target=TLC_Flower1<1ffef2b0> action=position value=<8342.019531, 331.703003, 1637.630005>
[COT 2025-09-14 07:34:20] 76561198024482897: ESP target=TLC_Flower1<1ffef2b0> action=position value=<8341.919922, 331.703003, 1637.630005>
[COT 2025-09-14 07:34:20] 76561198024482897: ESP target=TLC_Flower1<1ffef2b0> action=position value=<8341.820313, 331.703003, 1637.630005>
[COT 2025-09-14 07:34:21] 76561198024482897: ESP target=TLC_Flower1<1ffef2b0> action=position value=<8341.719727, 331.703003, 1637.630005>
[COT 2025-09-14 07:34:34] 76561198024482897: ESP: Clearing ESP
[COT 2025-09-14 07:34:56] 76561198024482897: Spawned Entity #str_device10 (NomNom_Device_NintendoGameCube<6cb2e150>, 100, 150, 15, 0) at <8344.213867, 331.702911, 1637.110474>
[COT 2025-09-14 07:34:59] 76561198024482897: Spawned Entity #str_device19 (NomNom_Device_GameboyAdv_Zelda<6cb45ee0>, 100, 150, 15, 0) at <8344.229492, 331.848938, 1637.194092>
[COT 2025-09-14 07:35:47] 76561198024482897: Deleted Entity NomNom_Electronic_Display_Vintage:21208 at <8342.625977, 331.702911, 1636.793823>
[COT 2025-09-14 07:37:23] 76561198024482897: Set GodMode To true [guid=0nsyEhm9INQy3se8y-fXlbMHVv4YsIXloUCLC2unDyo=]
[COT 2025-09-14 07:37:24] 76561198024482897: Set cannot be targeted by AI to true [guid=0nsyEhm9INQy3se8y-fXlbMHVv4YsIXloUCLC2unDyo=]
[COT 2025-09-14 07:37:24] 76561198024482897: Set GodMode To true [guid=0nsyEhm9INQy3se8y-fXlbMHVv4YsIXloUCLC2unDyo=]
[COT 2025-09-14 07:37:25] 76561198024482897: Set UnlimitedStamina To true [guid=0nsyEhm9INQy3se8y-fXlbMHVv4YsIXloUCLC2unDyo=]
[COT 2025-09-14 07:37:25] 76561198024482897: Set UnlimitedAmmo To true [guid=0nsyEhm9INQy3se8y-fXlbMHVv4YsIXloUCLC2unDyo=]
[COT 2025-09-14 07:38:04] 76561198024482897: Teleported 76561198024482897 to position <10958.024414, 342.920013, 4159.568848>
[COT 2025-09-14 07:38:21] 76561198024482897: Spawned Entity #str_Boardgames2 (NomNom_Boardgames_Checkers_New<6afb1e50>, 100, 50, 15, 0) at <10965.589844, 342.927307, 4167.946777>
[COT 2025-09-14 07:38:29] 76561198024482897: ESP: Viewing ESP
[COT 2025-09-14 07:38:35] 76561198024482897: Set GodMode To false [guid=0nsyEhm9INQy3se8y-fXlbMHVv4YsIXloUCLC2unDyo=]
[COT 2025-09-14 07:38:35] 76561198024482897: Set GodMode To true [guid=0nsyEhm9INQy3se8y-fXlbMHVv4YsIXloUCLC2unDyo=]
[COT 2025-09-14 07:38:40] 76561198024482897: Entered the Free Camera
[COT 2025-09-14 07:39:16] 76561198024482897: ESP: Clearing ESP
[COT 2025-09-14 07:39:17] 76561198024482897: ESP: ESP updating
[COT 2025-09-14 07:42:13] 76561198024482897: Spawned Entity #str_KitBox2 (NomNom_Mega_Display_Vintage_Kitbox<71a9c4f0>, 100, 5000, 15, 0) at <9064.032227, 342.672241, 4449.955566>
[COT 2025-09-14 07:42:14] 76561198024482897: ESP: Clearing ESP
[COT 2025-09-14 07:42:14] 76561198024482897: ESP: ESP updating
[COT 2025-09-14 07:42:18] 76561198024482897: ESP: Clearing ESP
[COT 2025-09-14 07:42:19] 76561198024482897: ESP: ESP updating
[COT 2025-09-14 07:42:33] 76561198024482897: ESP: Clearing ESP
[COT 2025-09-14 07:42:35] 76561198024482897: ESP: ESP updating
[COT 2025-09-14 07:42:48] 76561198024482897: Left the Free Camera
[COT 2025-09-14 07:42:57] 76561198024482897: Deleted Entity NomNom_Mega_Display_Vintage_Kitbox:17336 at <9064.032227, 342.671478, 4449.955566>
[COT 2025-09-14 07:44:42] 76561198024482897: ESP: Clearing ESP
[COT 2025-09-14 07:44:45] 76561198024482897: ESP: ESP updating
[COT 2025-09-14 07:44:45] 76561198024482897: ESP: Clearing ESP
[COT 2025-09-14 07:44:51] 76561198024482897: ESP: Viewing ESP
[COT 2025-09-14 07:44:51] 76561198024482897: ESP: Clearing ESP
