[COT 2025-10-06 04:30:55] 76561198024482897: Activated Community Online Tools [guid=0nsyEhm9INQy3se8y-fXlbMHVv4YsIXloUCLC2unDyo=]
[COT 2025-10-06 04:31:07] 76561198024482897: ESP: Viewing ESP
[COT 2025-10-06 04:31:10] 76561198024482897: ESP target=NomNom_Posters_Base<623a15e0> action=position value=<8348.990234, 333.399994, 1638.310059>
[COT 2025-10-06 04:31:10] 76561198024482897: ESP target=NomNom_Posters_Base<623a15e0> action=position value=<8348.990234, 333.500000, 1638.310059>
[COT 2025-10-06 04:31:11] 76561198024482897: ESP target=NomNom_Posters_Base<623a15e0> action=position value=<8348.990234, 333.600006, 1638.310059>
[COT 2025-10-06 04:31:12] 76561198024482897: ESP target=NomNom_Posters_Base<623a15e0> action=position value=<8348.990234, 333.700012, 1638.310059>
[COT 2025-10-06 04:31:12] 76561198024482897: ESP target=NomNom_Posters_Base<623a15e0> action=position value=<8348.990234, 333.799988, 1638.310059>
[COT 2025-10-06 04:31:13] 76561198024482897: ESP target=NomNom_Posters_Base<623a15e0> action=position value=<8348.990234, 333.899994, 1638.310059>
[COT 2025-10-06 04:31:20] 76561198024482897: ESP target=NomNom_Posters_Base<623a15e0> action=position value=<8348.990234, 334.000000, 1638.310059>
[COT 2025-10-06 04:31:28] 76561198024482897: ESP target=NomNom_Posters_Base<623a15e0> action=orientation value=<50.530899, 0.000000, 0.000000>
[COT 2025-10-06 04:31:28] 76561198024482897: ESP target=NomNom_Posters_Base<623a15e0> action=orientation value=<49.530899, 0.000000, 0.000000>
[COT 2025-10-06 04:31:28] 76561198024482897: ESP target=NomNom_Posters_Base<623a15e0> action=orientation value=<48.530899, 0.000000, -0.000000>
[COT 2025-10-06 04:31:28] 76561198024482897: ESP target=NomNom_Posters_Base<623a15e0> action=orientation value=<47.530899, 0.000000, -0.000000>
[COT 2025-10-06 04:31:28] 76561198024482897: ESP target=NomNom_Posters_Base<623a15e0> action=orientation value=<45.530899, 0.000000, -0.000000>
[COT 2025-10-06 04:31:28] 76561198024482897: ESP target=NomNom_Posters_Base<623a15e0> action=orientation value=<44.530899, 0.000000, -0.000000>
[COT 2025-10-06 04:31:28] 76561198024482897: ESP target=NomNom_Posters_Base<623a15e0> action=orientation value=<43.530899, 0.000000, -0.000000>
[COT 2025-10-06 04:31:29] 76561198024482897: ESP target=NomNom_Posters_Base<623a15e0> action=orientation value=<42.530899, 0.000000, -0.000000>
[COT 2025-10-06 04:31:29] 76561198024482897: ESP target=NomNom_Posters_Base<623a15e0> action=orientation value=<41.530899, 0.000000, -0.000000>
[COT 2025-10-06 04:31:29] 76561198024482897: ESP target=NomNom_Posters_Base<623a15e0> action=orientation value=<40.530899, 0.000000, -0.000000>
[COT 2025-10-06 04:31:29] 76561198024482897: ESP target=NomNom_Posters_Base<623a15e0> action=orientation value=<39.530899, 0.000000, -0.000000>
[COT 2025-10-06 04:31:29] 76561198024482897: ESP target=NomNom_Posters_Base<623a15e0> action=orientation value=<40.530899, 0.000000, -0.000000>
[COT 2025-10-06 04:31:29] 76561198024482897: ESP target=NomNom_Posters_Base<623a15e0> action=orientation value=<41.530899, 0.000000, -0.000000>
[COT 2025-10-06 04:31:31] 76561198024482897: ESP target=NomNom_Posters_Base<623a15e0> action=position value=<8348.889648, 334.000000, 1638.310059>
[COT 2025-10-06 04:31:32] 76561198024482897: ESP target=NomNom_Posters_Base<623a15e0> action=position value=<8348.990234, 334.000000, 1638.310059>
[COT 2025-10-06 04:31:32] 76561198024482897: ESP target=NomNom_Posters_Base<623a15e0> action=position value=<8349.089844, 334.000000, 1638.310059>
[COT 2025-10-06 04:31:33] 76561198024482897: ESP target=NomNom_Posters_Base<623a15e0> action=position value=<8349.089844, 334.000000, 1638.209961>
[COT 2025-10-06 04:31:34] 76561198024482897: ESP target=NomNom_Posters_Base<623a15e0> action=position value=<8349.190430, 334.000000, 1638.209961>
[COT 2025-10-06 04:31:35] 76561198024482897: ESP target=NomNom_Posters_Base<623a15e0> action=position value=<8349.190430, 334.000000, 1638.109985>
[COT 2025-10-06 04:31:36] 76561198024482897: ESP target=NomNom_Posters_Base<623a15e0> action=position value=<8349.290039, 334.000000, 1638.109985>
[COT 2025-10-06 04:31:37] 76561198024482897: ESP target=NomNom_Posters_Base<623a15e0> action=position value=<8349.290039, 334.000000, 1638.010010>
[COT 2025-10-06 04:31:38] 76561198024482897: ESP target=NomNom_Posters_Base<623a15e0> action=position value=<8349.389648, 334.000000, 1638.010010>
[COT 2025-10-06 04:31:39] 76561198024482897: ESP target=NomNom_Posters_Base<623a15e0> action=position value=<8349.389648, 334.000000, 1637.910034>
[COT 2025-10-06 04:31:42] 76561198024482897: ESP target=NomNom_Posters_Base<623a15e0> action=position value=<8349.389648, 334.100006, 1637.910034>
[COT 2025-10-06 04:31:46] 76561198024482897: ESP target=NomNom_Posters_Base<623a15e0> action=position value=<8349.490234, 334.100006, 1637.910034>
[COT 2025-10-06 04:31:49] 76561198024482897: ESP target=NomNom_Posters_Base<623a15e0> action=position value=<8349.389648, 334.100006, 1637.910034>
[COT 2025-10-06 04:31:50] 76561198024482897: ESP target=NomNom_Posters_Base<623a15e0> action=position value=<8349.389648, 334.100006, 1638.010010>
[COT 2025-10-06 04:31:51] 76561198024482897: ESP target=NomNom_Posters_Base<623a15e0> action=position value=<8349.389648, 334.100006, 1638.109985>
[COT 2025-10-06 04:31:51] 76561198024482897: ESP target=NomNom_Posters_Base<623a15e0> action=position value=<8349.389648, 334.100006, 1638.209961>
[COT 2025-10-06 04:31:52] 76561198024482897: ESP target=NomNom_Posters_Base<623a15e0> action=position value=<8349.389648, 334.100006, 1638.109985>
[COT 2025-10-06 04:31:52] 76561198024482897: ESP target=NomNom_Posters_Base<623a15e0> action=position value=<8349.389648, 334.100006, 1638.010010>
[COT 2025-10-06 04:31:53] 76561198024482897: ESP target=NomNom_Posters_Base<623a15e0> action=position value=<8349.389648, 334.100006, 1637.910034>
[COT 2025-10-06 04:31:53] 76561198024482897: ESP target=NomNom_Posters_Base<623a15e0> action=position value=<8349.389648, 334.100006, 1637.810059>
[COT 2025-10-06 04:32:12] 76561198024482897: ESP target=NomNom_Posters_Base<623a15e0> action=position value=<8349.389648, 334.100006, 1637.800049>
[COT 2025-10-06 04:32:16] 76561198024482897: ESP target=NomNom_Posters_Base<623a15e0> action=position value=<8349.389648, 334.100006, 1637.780029>
[COT 2025-10-06 04:32:21] 76561198024482897: ESP target=NomNom_Posters_Base<623a15e0> action=position value=<8349.389648, 334.100006, 1637.810059>
[COT 2025-10-06 04:32:25] 76561198024482897: ESP target=NomNom_Posters_Base<623a15e0> action=position value=<8349.389648, 334.100006, 1637.819946>
[COT 2025-10-06 04:33:02] 76561198024482897: ESP: Clearing ESP
[COT 2025-10-06 04:33:03] 76561198024482897: ESP: Viewing ESP
[COT 2025-10-06 04:33:07] 76561198024482897: ESP target=NomNom_Posters_Base<623a3890> action=position value=<8349.389648, 334.100006, 1637.819946>
[COT 2025-10-06 04:33:14] 76561198024482897: ESP target=NomNom_Posters_Base<623a3890> action=position value=<8349.389648, 334.100006, 1637.719971>
[COT 2025-10-06 04:33:15] 76561198024482897: ESP target=NomNom_Posters_Base<623a3890> action=position value=<8349.490234, 334.100006, 1637.719971>
[COT 2025-10-06 04:33:17] 76561198024482897: ESP target=NomNom_Posters_Base<623a3890> action=position value=<8349.490234, 334.100006, 1637.619995>
[COT 2025-10-06 04:33:17] 76561198024482897: ESP target=NomNom_Posters_Base<623a3890> action=position value=<8349.589844, 334.100006, 1637.619995>
[COT 2025-10-06 04:33:18] 76561198024482897: ESP target=NomNom_Posters_Base<623a3890> action=position value=<8349.589844, 334.100006, 1637.520020>
[COT 2025-10-06 04:33:19] 76561198024482897: ESP target=NomNom_Posters_Base<623a3890> action=position value=<8349.690430, 334.100006, 1637.520020>
[COT 2025-10-06 04:33:26] 76561198024482897: ESP target=NomNom_Posters_Base<623a3890> action=position value=<8349.790039, 334.100006, 1637.520020>
[COT 2025-10-06 04:33:28] 76561198024482897: ESP target=NomNom_Posters_Base<623a3890> action=position value=<8349.889648, 334.100006, 1637.520020>
[COT 2025-10-06 04:33:28] 76561198024482897: ESP target=NomNom_Posters_Base<623a3890> action=position value=<8349.790039, 334.100006, 1637.520020>
[COT 2025-10-06 04:33:28] 76561198024482897: ESP target=NomNom_Posters_Base<623a3890> action=position value=<8349.690430, 334.100006, 1637.520020>
[COT 2025-10-06 04:33:47] 76561198024482897: ESP target=NomNom_Posters_Base<623a3890> action=orientation value=<39.725201, 0.000000, 0.000000>
[COT 2025-10-06 04:33:47] 76561198024482897: ESP target=NomNom_Posters_Base<623a3890> action=orientation value=<39.825199, 0.000000, -0.000000>
[COT 2025-10-06 04:33:47] 76561198024482897: ESP target=NomNom_Posters_Base<623a3890> action=orientation value=<39.725201, 0.000000, -0.000000>
[COT 2025-10-06 04:33:48] 76561198024482897: ESP target=NomNom_Posters_Base<623a3890> action=orientation value=<39.625198, 0.000000, -0.000000>
[COT 2025-10-06 04:33:51] 76561198024482897: ESP target=NomNom_Posters_Base<623a3890> action=orientation value=<40.000000, 0.000000, -0.000000>
[COT 2025-10-06 04:34:00] 76561198024482897: ESP target=NomNom_Posters_Base<623a15e0> action=orientation value=<41.530998, 0.000000, -0.000000>
[COT 2025-10-06 04:34:08] 76561198024482897: ESP target=NomNom_Posters_Base<623a15e0> action=orientation value=<40.000000, 0.000000, -0.000000>
[COT 2025-10-06 04:34:17] 76561198024482897: Set GodMode To true [guid=0nsyEhm9INQy3se8y-fXlbMHVv4YsIXloUCLC2unDyo=]
[COT 2025-10-06 04:34:18] 76561198024482897: Set GodMode To false [guid=0nsyEhm9INQy3se8y-fXlbMHVv4YsIXloUCLC2unDyo=]
[COT 2025-10-06 04:34:24] 76561198024482897: ESP target=NomNom_Posters_Base<623a3890> action=position value=<8349.690430, 334.000000, 1637.520020>
[COT 2025-10-06 04:34:45] 76561198024482897: ESP target=NomNom_Posters_Base<623a15e0> action=position value=<8349.389648, 333.899994, 1637.819946>
[COT 2025-10-06 04:34:52] 76561198024482897: ESP target=NomNom_Posters_Base<623a15e0> action=position value=<8349.389648, 334.000000, 1637.819946>
[COT 2025-10-06 04:35:17] 76561198024482897: ESP target=NomNom_Posters_Base<623a4fb0> action=position value=<8349.690430, 334.000000, 1637.520020>
[COT 2025-10-06 04:35:28] 76561198024482897: ESP target=NomNom_Posters_Base<623a4fb0> action=position value=<8349.690430, 334.000000, 1637.420044>
[COT 2025-10-06 04:35:30] 76561198024482897: ESP target=NomNom_Posters_Base<623a4fb0> action=position value=<8349.589844, 334.000000, 1637.420044>
[COT 2025-10-06 04:35:31] 76561198024482897: ESP target=NomNom_Posters_Base<623a4fb0> action=position value=<8349.690430, 334.000000, 1637.420044>
[COT 2025-10-06 04:35:32] 76561198024482897: ESP target=NomNom_Posters_Base<623a4fb0> action=position value=<8349.790039, 334.000000, 1637.420044>
[COT 2025-10-06 04:35:33] 76561198024482897: ESP target=NomNom_Posters_Base<623a4fb0> action=position value=<8349.790039, 334.000000, 1637.319946>
[COT 2025-10-06 04:35:34] 76561198024482897: ESP target=NomNom_Posters_Base<623a4fb0> action=position value=<8349.889648, 334.000000, 1637.319946>
[COT 2025-10-06 04:35:35] 76561198024482897: ESP target=NomNom_Posters_Base<623a4fb0> action=position value=<8349.889648, 334.000000, 1637.219971>
[COT 2025-10-06 04:35:36] 76561198024482897: ESP target=NomNom_Posters_Base<623a4fb0> action=position value=<8349.990234, 334.000000, 1637.219971>
[COT 2025-10-06 04:35:45] 76561198024482897: ESP: Clearing ESP
[COT 2025-10-06 04:35:57] 76561198024482897: ESP: ESP updating
[COT 2025-10-06 04:35:59] 76561198024482897: ESP target=NomNom_Posters_Base<6239add0> action=position value=<8349.690430, 334.000000, 1637.520020>
[COT 2025-10-06 04:36:09] 76561198024482897: ESP target=NomNom_Posters_Base<623a4fb0> action=position value=<8349.990234, 334.000000, 1637.119995>
[COT 2025-10-06 04:36:10] 76561198024482897: ESP target=NomNom_Posters_Base<623a4fb0> action=position value=<8350.089844, 334.000000, 1637.119995>
[COT 2025-10-06 04:36:13] 76561198024482897: ESP target=NomNom_Posters_Base<623a4fb0> action=position value=<8350.089844, 334.000000, 1637.020020>
[COT 2025-10-06 04:36:14] 76561198024482897: ESP target=NomNom_Posters_Base<623a4fb0> action=position value=<8350.089844, 334.000000, 1637.119995>
[COT 2025-10-06 04:36:15] 76561198024482897: ESP target=NomNom_Posters_Base<623a4fb0> action=position value=<8349.990234, 334.000000, 1637.119995>
[COT 2025-10-06 04:36:16] 76561198024482897: ESP target=NomNom_Posters_Base<623a4fb0> action=position value=<8349.990234, 334.000000, 1637.219971>
[COT 2025-10-06 04:36:25] 76561198024482897: ESP target=NomNom_Posters_Base<6239add0> action=position value=<8349.690430, 334.000000, 1637.420044>
[COT 2025-10-06 04:36:28] 76561198024482897: ESP target=NomNom_Posters_Base<6239add0> action=position value=<8349.790039, 334.000000, 1637.420044>
[COT 2025-10-06 04:36:29] 76561198024482897: ESP target=NomNom_Posters_Base<6239add0> action=position value=<8349.790039, 334.000000, 1637.319946>
[COT 2025-10-06 04:36:30] 76561198024482897: ESP target=NomNom_Posters_Base<6239add0> action=position value=<8349.889648, 334.000000, 1637.319946>
[COT 2025-10-06 04:36:31] 76561198024482897: ESP target=NomNom_Posters_Base<6239add0> action=position value=<8349.889648, 334.000000, 1637.219971>
[COT 2025-10-06 04:36:32] 76561198024482897: ESP target=NomNom_Posters_Base<6239add0> action=position value=<8349.990234, 334.000000, 1637.219971>
[COT 2025-10-06 04:36:33] 76561198024482897: ESP target=NomNom_Posters_Base<6239add0> action=position value=<8349.990234, 334.000000, 1637.119995>
[COT 2025-10-06 04:36:34] 76561198024482897: ESP target=NomNom_Posters_Base<6239add0> action=position value=<8350.089844, 334.000000, 1637.119995>
[COT 2025-10-06 04:36:35] 76561198024482897: ESP target=NomNom_Posters_Base<6239add0> action=position value=<8350.089844, 334.000000, 1637.020020>
[COT 2025-10-06 04:36:35] 76561198024482897: ESP target=NomNom_Posters_Base<6239add0> action=position value=<8350.190430, 334.000000, 1637.020020>
[COT 2025-10-06 04:36:36] 76561198024482897: ESP target=NomNom_Posters_Base<6239add0> action=position value=<8350.190430, 334.000000, 1636.920044>
[COT 2025-10-06 04:36:37] 76561198024482897: ESP target=NomNom_Posters_Base<6239add0> action=position value=<8350.290039, 334.000000, 1636.920044>
[COT 2025-10-06 04:36:41] 76561198024482897: ESP: Clearing ESP
[COT 2025-10-06 04:39:56] 76561198024482897: Spawned Entity Road Flare (Roadflare<68d995b0>, 20, 100, 15, 0) at <8332.880859, 333.052368, 1638.057983>
[COT 2025-10-06 04:41:38] 76561198024482897: Set GodMode To true [guid=0nsyEhm9INQy3se8y-fXlbMHVv4YsIXloUCLC2unDyo=]
[COT 2025-10-06 04:42:02] 76561198024482897: Set UnlimitedAmmo To true [guid=0nsyEhm9INQy3se8y-fXlbMHVv4YsIXloUCLC2unDyo=]
[COT 2025-10-06 04:43:45] 76561198024482897: Set GodMode To false [guid=0nsyEhm9INQy3se8y-fXlbMHVv4YsIXloUCLC2unDyo=]
[COT 2025-10-06 04:43:47] 76561198024482897: Deactivated Community Online Tools [guid=0nsyEhm9INQy3se8y-fXlbMHVv4YsIXloUCLC2unDyo=]
[COT 2025-10-06 04:43:48] 76561198024482897: Activated Community Online Tools [guid=0nsyEhm9INQy3se8y-fXlbMHVv4YsIXloUCLC2unDyo=]
[COT 2025-10-06 04:43:49] 76561198024482897: Set GodMode To true [guid=0nsyEhm9INQy3se8y-fXlbMHVv4YsIXloUCLC2unDyo=]
[COT 2025-10-06 04:43:49] 76561198024482897: Set GodMode To false [guid=0nsyEhm9INQy3se8y-fXlbMHVv4YsIXloUCLC2unDyo=]
[COT 2025-10-06 04:44:01] 76561198024482897: Set GodMode To true [guid=0nsyEhm9INQy3se8y-fXlbMHVv4YsIXloUCLC2unDyo=]
[COT 2025-10-06 04:44:02] 76561198024482897: Set GodMode To false [guid=0nsyEhm9INQy3se8y-fXlbMHVv4YsIXloUCLC2unDyo=]
[COT 2025-10-06 04:44:08] 76561198024482897: Set UnlimitedAmmo To false [guid=0nsyEhm9INQy3se8y-fXlbMHVv4YsIXloUCLC2unDyo=]
[COT 2025-10-06 04:44:09] 76561198024482897: Set UnlimitedAmmo To false [guid=0nsyEhm9INQy3se8y-fXlbMHVv4YsIXloUCLC2unDyo=]
[COT 2025-10-06 04:44:15] 76561198024482897: Updated roles [guid=0nsyEhm9INQy3se8y-fXlbMHVv4YsIXloUCLC2unDyo=]
[COT 2025-10-06 05:34:21] 76561198024482897: Activated Community Online Tools [guid=0nsyEhm9INQy3se8y-fXlbMHVv4YsIXloUCLC2unDyo=]
[COT 2025-10-06 05:34:36] 76561198024482897: Set GodMode To true [guid=0nsyEhm9INQy3se8y-fXlbMHVv4YsIXloUCLC2unDyo=]
[COT 2025-10-06 05:34:38] 76561198024482897: Set cannot be targeted by AI to true [guid=0nsyEhm9INQy3se8y-fXlbMHVv4YsIXloUCLC2unDyo=]
[COT 2025-10-06 05:34:53] 76561198024482897: Teleported 76561198024482897 to position <3360.347412, 486.638733, 2020.052368>
[COT 2025-10-06 05:39:02] 76561198024482897: Teleported 76561198024482897 to position <3843.680664, 524.616028, 2102.487305>
[COT 2025-10-06 05:39:51] 76561198024482897: Teleported 76561198024482897 to position <7349.499512, 288.000000, 2694.522949>
[COT 2025-10-06 05:43:59] 76561198024482897: Teleported 76561198024482897 to position <6424.077637, 316.673431, 4758.889160>
[COT 2025-10-06 05:44:09] 76561198024482897: Teleported 76561198024482897 to position <6396.205566, 326.015228, 4783.414551>
[COT 2025-10-06 05:47:49] 76561198024482897: Teleported 76561198024482897 to position <1868.812988, 201.211639, 7366.190430>
