[COT 2025-08-21 05:46:35] 76561198024482897: Activated Community Online Tools [guid=0nsyEhm9INQy3se8y-fXlbMHVv4YsIXloUCLC2unDyo=]
[COT 2025-08-21 05:46:45] 76561198024482897: Healed [guid=0nsyEhm9INQy3se8y-fXlbMHVv4YsIXloUCLC2unDyo=]
[COT 2025-08-21 05:46:53] 76561198024482897: Set GodMode To true [guid=0nsyEhm9INQy3se8y-fXlbMHVv4YsIXloUCLC2unDyo=]
[COT 2025-08-21 05:46:55] 76561198024482897: Set Invisibility To 1 [guid=0nsyEhm9INQy3se8y-fXlbMHVv4YsIXloUCLC2unDyo=]
[COT 2025-08-21 05:47:10] 76561198024482897: Teleported 76561198024482897 to position <5091.740723, 510.320007, 2096.302734>
[COT 2025-08-21 05:49:36] 76561198024482897: Teleported 76561198024482897 to position <8333.389648, 322.462372, 1639.479858>
[COT 2025-08-21 05:54:50] 76561198024482897: Set Invisibility To 0 [guid=0nsyEhm9INQy3se8y-fXlbMHVv4YsIXloUCLC2unDyo=]
[COT 2025-08-21 06:04:54] 76561198024482897: Teleported 76561198024482897 to position <5088.289551, 510.429993, 2093.121338>
[COT 2025-08-21 06:05:09] 76561198024482897: Teleported 76561198024482897 to position <5021.842285, 517.820007, 2117.838379>
[COT 2025-08-21 06:05:57] 76561198024482897: Teleported 76561198024482897 to position <4957.579102, 523.999023, 2135.200439>
[COT 2025-08-21 06:08:47] 76561198024482897: Teleported 76561198024482897 to position <9057.808594, 299.157135, 6601.475586>
[COT 2025-08-21 06:13:50] 76561198024482897: ESP: Viewing ESP
[COT 2025-08-21 06:15:15] 76561198024482897: Teleported 76561198024482897 to position <4265.177734, 239.576309, 10396.455078>
[COT 2025-08-21 06:16:03] 76561198024482897: Teleported 76561198024482897 to position <1792.471680, 200.315247, 7337.231445>
[COT 2025-08-21 06:16:14] 76561198024482897: Set cannot be targeted by AI to true [guid=0nsyEhm9INQy3se8y-fXlbMHVv4YsIXloUCLC2unDyo=]
[COT 2025-08-21 06:16:48] 76561198024482897: Set GodMode To false [guid=0nsyEhm9INQy3se8y-fXlbMHVv4YsIXloUCLC2unDyo=]
[COT 2025-08-21 06:16:49] 76561198024482897: Set GodMode To true [guid=0nsyEhm9INQy3se8y-fXlbMHVv4YsIXloUCLC2unDyo=]
[COT 2025-08-21 06:17:59] 76561198024482897: Set GodMode To false [guid=0nsyEhm9INQy3se8y-fXlbMHVv4YsIXloUCLC2unDyo=]
[COT 2025-08-21 06:18:00] 76561198024482897: Set GodMode To true [guid=0nsyEhm9INQy3se8y-fXlbMHVv4YsIXloUCLC2unDyo=]
[COT 2025-08-21 06:18:35] 76561198024482897: Teleported 76561198024482897 to position <2157.901855, 286.683868, 10965.248047>
[COT 2025-08-21 06:19:18] 76561198024482897: Teleported 76561198024482897 to position <7831.968750, 246.187317, 5838.137695>
[COT 2025-08-21 06:20:46] 76561198024482897: Set GodMode To false [guid=0nsyEhm9INQy3se8y-fXlbMHVv4YsIXloUCLC2unDyo=]
[COT 2025-08-21 06:20:47] 76561198024482897: Set GodMode To true [guid=0nsyEhm9INQy3se8y-fXlbMHVv4YsIXloUCLC2unDyo=]
[COT 2025-08-21 06:20:52] 76561198024482897: Teleported 76561198024482897 to position <6107.178711, 386.840057, 4116.011230>
[COT 2025-08-21 06:21:40] 76561198024482897: Teleported 76561198024482897 to position <545.309143, 612.760010, 1119.676270>
