[COT 2025-08-17 04:50:46] 76561198024482897: Activated Community Online Tools [guid=0nsyEhm9INQy3se8y-fXlbMHVv4YsIXloUCLC2unDyo=]
[COT 2025-08-17 05:10:27] 76561198024482897: Deactivated Community Online Tools [guid=0nsyEhm9INQy3se8y-fXlbMHVv4YsIXloUCLC2unDyo=]
[COT 2025-08-17 05:10:30] 76561198024482897: Activated Community Online Tools [guid=0nsyEhm9INQy3se8y-fXlbMHVv4YsIXloUCLC2unDyo=]
[COT 2025-08-17 05:10:49] 76561198024482897: Teleported 76561198024482897 to position <8345.376953, 322.619995, 1641.318481>
[COT 2025-08-17 05:11:05] 76561198024482897: Deactivated Community Online Tools [guid=0nsyEhm9INQy3se8y-fXlbMHVv4YsIXloUCLC2unDyo=]
[COT 2025-08-17 05:11:07] 76561198024482897: Activated Community Online Tools [guid=0nsyEhm9INQy3se8y-fXlbMHVv4YsIXloUCLC2unDyo=]
[COT 2025-08-17 05:11:15] 76561198024482897: ESP: Viewing ESP
[COT 2025-08-17 05:13:45] 76561198024482897: ESP: Clearing ESP
[COT 2025-08-17 05:14:34] 76561198024482897: ESP: Viewing ESP
[COT 2025-08-17 05:14:39] 76561198024482897: ESP target=FAL_Base<220b51e0> action=position value=<8335.009766, 334.739990, 1643.880005>
[COT 2025-08-17 05:14:39] 76561198024482897: ESP target=FAL_Base<220b51e0> action=position value=<8335.009766, 334.739990, 1643.780029>
[COT 2025-08-17 05:14:59] 76561198024482897: ESP: Clearing ESP
[COT 2025-08-17 05:15:31] 76561198024482897: Healed [guid=0nsyEhm9INQy3se8y-fXlbMHVv4YsIXloUCLC2unDyo=]
[COT 2025-08-17 05:16:08] 76561198024482897: Spawned Entity Field Backpack (AliceBag_Green<7b91fed0>, 100, 160, 15, 0) at <8343.785156, 331.702911, 1638.830811>
[COT 2025-08-17 05:16:29] 76561198024482897: Deleted Entity AliceBag_NearBubble:20213 at <8343.785156, 331.962616, 1638.830811>
[COT 2025-08-17 05:16:49] 76561198024482897: Spawned Entity Hunter Backpack (HuntingBag_Hannah<7b934290>, 100, 160, 15, 0) at <8343.665039, 331.702911, 1639.052124>
[COT 2025-08-17 05:16:59] 76561198024482897: Deleted Entity HuntingBag_Hannah:5812 at <8343.665039, 331.798492, 1639.052124>
[COT 2025-08-17 05:17:16] 76561198024482897: Spawned Entity Shemagh Facemask (Shemagh_Facemask_ColorBase<170f8950>, 100, 75, 15, 0) at <8343.546875, 331.702911, 1639.282349>
[COT 2025-08-17 05:17:29] 76561198024482897: Spawned Entity Full Shemagh (Shemagh_Bandit_ColorBase<1a0cf8c0>, 100, 75, 15, 0) at <8343.550781, 331.702911, 1639.276367>
[COT 2025-08-17 05:18:21] 76561198024482897: ESP: Viewing ESP
[COT 2025-08-17 05:18:32] 76561198024482897: ESP: Clearing ESP
[COT 2025-08-17 05:18:32] 76561198024482897: ESP: Viewing ESP
[COT 2025-08-17 05:18:33] 76561198024482897: ESP: Clearing ESP
[COT 2025-08-17 05:18:36] 76561198024482897: ESP: Viewing ESP
[COT 2025-08-17 05:18:37] 76561198024482897: ESP: Clearing ESP
[COT 2025-08-17 05:18:42] 76561198024482897: ESP: Viewing ESP
[COT 2025-08-17 05:18:42] 76561198024482897: ESP: Clearing ESP
[COT 2025-08-17 05:18:55] 76561198024482897: ESP: Viewing ESP
[COT 2025-08-17 05:18:59] 76561198024482897: ESP target=SmershVest<69b6c5d0> action=health value=3.2
[COT 2025-08-17 05:26:50] 76561198024482897: ESP: Clearing ESP
[COT 2025-08-17 05:27:18] 76561198024482897: Deleted Entity ExpansionWall6x3:17430 at <8341.109375, 331.453186, 1637.500244>
[COT 2025-08-17 05:28:47] 76561198024482897: Spawned Entity Wall Kit (ExpansionWallKit<7eafdbf0>, 150, 100, 15, 0) at <8342.533203, 331.703827, 1633.114014>
[COT 2025-08-17 05:29:06] 76561198024482897: ESP: Viewing ESP
[COT 2025-08-17 05:29:12] 76561198024482897: ESP target=ExpansionWallBase<6c2fbff0> action=built part=wood_base required_materials=false
[COT 2025-08-17 05:29:18] 76561198024482897: ESP target=ExpansionWallBase<6c2fbff0> action=built part=wood_windowframe required_materials=false
[COT 2025-08-17 05:29:21] 76561198024482897: ESP target=ExpansionWallBase<6c2fbff0> action=built part=wood_windowfinished required_materials=false
[COT 2025-08-17 05:29:53] 76561198024482897: ESP: Clearing ESP
[COT 2025-08-17 05:30:44] 76561198024482897: Deactivated Community Online Tools [guid=0nsyEhm9INQy3se8y-fXlbMHVv4YsIXloUCLC2unDyo=]
[COT 2025-08-17 05:34:11] 76561198024482897: Activated Community Online Tools [guid=0nsyEhm9INQy3se8y-fXlbMHVv4YsIXloUCLC2unDyo=]
[COT 2025-08-17 05:34:17] 76561198024482897: ESP: Viewing ESP
[COT 2025-08-17 05:34:17] 76561198024482897: ESP: Clearing ESP
[COT 2025-08-17 05:34:28] 76561198024482897: Spawned Entity PKP - Pecheneg (SkyFall_PKP<1d7ff8a0>, 150, 5000, 15, 0) at <8343.076172, 331.703827, 1631.504395>
[COT 2025-08-17 05:34:34] 76561198024482897: Deleted Entity SkyFall_PKP:13969 at <8343.076172, 331.775024, 1631.504395>
[COT 2025-08-17 05:34:48] 76561198024482897: Spawned Entity Karabiner98K Scope (ExpansionKar98ScopeOptic<1f1069a0>, 150, 50, 15, 0) at <8343.003906, 331.703827, 1631.456177>
[COT 2025-08-17 05:34:49] 76561198024482897: Spawned Entity PU Scope (PUScopeOptic<4ce99170>, 150, 50, 15, 0) at <8342.951172, 331.790924, 1631.454346>
[COT 2025-08-17 05:34:56] 76561198024482897: Deleted Entity ExpansionKar98ScopeOptic:14825 at <8343.003906, 331.765900, 1631.456177>
[COT 2025-08-17 05:34:58] 76561198024482897: Deleted Entity PUScopeOptic:17014 at <8342.951172, 331.826630, 1631.454346>
[COT 2025-08-17 05:35:33] 76561198024482897: Spawned Entity ATOG 4x32 Scope (ACOGOptic<2b1e37e0>, 150, 50, 15, 0) at <8343.008789, 331.703827, 1631.455688>
[COT 2025-08-17 05:35:35] 76561198024482897: Spawned Entity ATOG 6x48 Scope (ACOGOptic_6x<2b1e7430>, 150, 50, 15, 0) at <8342.980469, 331.740265, 1631.454346>
[COT 2025-08-17 05:35:43] 76561198024482897: Deleted Entity ACOGOptic:12088 at <8343.008789, 331.736115, 1631.455688>
[COT 2025-08-17 05:35:45] 76561198024482897: Deleted Entity ACOGOptic_6x:4225 at <8342.980469, 331.777008, 1631.454346>
[COT 2025-08-17 05:37:56] 76561198024482897: Spawned Entity M248 Bipod (M249_Bipod<1466bd70>, 150, 100, 15, 0) at <8342.725586, 331.703827, 1631.397705>
[COT 2025-08-17 05:37:56] 76561198024482897: Spawned Entity ATLAS Bipod (AtlasBipod<14666c80>, 150, 100, 15, 0) at <8342.721680, 331.804016, 1631.393921>
[COT 2025-08-17 05:38:37] 76561198024482897: Deactivated Community Online Tools [guid=0nsyEhm9INQy3se8y-fXlbMHVv4YsIXloUCLC2unDyo=]
[COT 2025-08-17 05:38:38] 76561198024482897: Activated Community Online Tools [guid=0nsyEhm9INQy3se8y-fXlbMHVv4YsIXloUCLC2unDyo=]
[COT 2025-08-17 05:39:23] 76561198024482897: Spawned Entity PSO-6 Scope (PSO6Optic<cb276910>, 10, 50, 15, 0) at <8342.572266, 331.703827, 1631.397461>
[COT 2025-08-17 05:39:24] 76561198024482897: Spawned Entity PSO-1-1 Scope (PSO11Optic<1f1069a0>, 10, 50, 15, 0) at <8342.525391, 331.783295, 1631.396240>
[COT 2025-08-17 05:39:26] 76561198024482897: Spawned Entity PSO-1 Scope (PSO1Optic<117bc000>, 10, 50, 15, 0) at <8342.485352, 331.862762, 1631.399170>
[COT 2025-08-17 05:40:05] 76561198024482897: Deleted Entity PSO6Optic:22885 at <8342.485352, 331.746521, 1631.399170>
[COT 2025-08-17 05:40:09] 76561198024482897: Deleted Entity PSO1Optic:15355 at <8342.525391, 331.746521, 1631.396240>
[COT 2025-08-17 05:40:15] 76561198024482897: Deleted Entity PSO11Optic:26493 at <8341.523438, 331.736145, 1631.401123>
[COT 2025-08-17 05:42:20] 76561198024482897: ESP: Viewing ESP
[COT 2025-08-17 05:42:27] 76561198024482897: ESP: Clearing ESP
[COT 2025-08-17 05:42:29] 76561198024482897: ESP: Viewing ESP
[COT 2025-08-17 05:43:05] 76561198024482897: ESP: Clearing ESP
[COT 2025-08-17 05:45:28] 76561198024482897: Spawned Entity PSO-1 Scope (PSO1Optic<1df3d4f0>, 10, 50, 15, 0) at <8342.787109, 331.790955, 1639.128906>
[COT 2025-08-17 05:45:29] 76561198024482897: Spawned Entity PSO-1-1 Scope (PSO11Optic<28f05cb0>, 10, 50, 15, 0) at <8342.749023, 331.858429, 1639.153564>
[COT 2025-08-17 05:45:29] 76561198024482897: Spawned Entity PSO-6 Scope (PSO6Optic<1f82a810>, 10, 50, 15, 0) at <8342.705078, 331.937897, 1639.183838>
[COT 2025-08-17 05:45:36] 76561198024482897: Deleted Entity TLC_Carpet:16405 at <8341.096680, 331.752899, 1639.477051>
[COT 2025-08-17 05:45:41] 76561198024482897: Deleted Entity PSO1Optic:21459 at <8342.787109, 331.823456, 1639.128906>
[COT 2025-08-17 05:45:45] 76561198024482897: Deleted Entity PSO11Optic:9868 at <8342.749023, 331.890930, 1639.153564>
[COT 2025-08-17 05:45:47] 76561198024482897: Deleted Entity PSO6Optic:20428 at <8342.705078, 331.980774, 1639.183838>
[COT 2025-08-17 05:45:57] 76561198024482897: Spawned Entity Carpet Kit (TLC_Carpet_Kit<1ede8ea0>, 10, 400, 15, 0) at <8342.710938, 331.702911, 1639.462402>
[COT 2025-08-17 05:49:58] 76561198024482897: Deactivated Community Online Tools [guid=0nsyEhm9INQy3se8y-fXlbMHVv4YsIXloUCLC2unDyo=]
[COT 2025-08-17 05:49:59] 76561198024482897: Activated Community Online Tools [guid=0nsyEhm9INQy3se8y-fXlbMHVv4YsIXloUCLC2unDyo=]
[COT 2025-08-17 05:50:05] 76561198024482897: ESP: Viewing ESP
[COT 2025-08-17 05:50:35] 76561198024482897: ESP: Clearing ESP
[COT 2025-08-17 05:59:46] 76561198024482897: Deactivated Community Online Tools [guid=0nsyEhm9INQy3se8y-fXlbMHVv4YsIXloUCLC2unDyo=]
[COT 2025-08-17 06:06:31] 76561198024482897: Activated Community Online Tools [guid=0nsyEhm9INQy3se8y-fXlbMHVv4YsIXloUCLC2unDyo=]
[COT 2025-08-17 06:06:47] 76561198024482897: Spawned Entity 9V Battery (Battery9V<143545c0>, 50, 20, 15, 0) at <8344.291016, 331.703827, 1631.832886>
[COT 2025-08-17 06:06:47] 76561198024482897: Spawned Entity 9V Battery (Battery9V<14353a30>, 50, 20, 15, 0) at <8344.280273, 331.764282, 1631.829102>
[COT 2025-08-17 06:06:47] 76561198024482897: Spawned Entity 9V Battery (Battery9V<14355ce0>, 50, 20, 15, 0) at <8344.269531, 331.825562, 1631.825317>
[COT 2025-08-17 06:06:48] 76561198024482897: Spawned Entity 9V Battery (Battery9V<14352310>, 50, 20, 15, 0) at <8344.258789, 331.886139, 1631.821411>
[COT 2025-08-17 06:06:48] 76561198024482897: Spawned Entity 9V Battery (Battery9V<1435a240>, 50, 20, 15, 0) at <8344.248047, 331.947052, 1631.817505>
[COT 2025-08-17 06:06:48] 76561198024482897: Spawned Entity 9V Battery (Battery9V<14362d00>, 50, 20, 15, 0) at <8344.248047, 331.947052, 1631.817505>
[COT 2025-08-17 06:06:48] 76561198024482897: Spawned Entity 9V Battery (Battery9V<1435c4f0>, 50, 20, 15, 0) at <8344.237305, 332.007080, 1631.813721>
[COT 2025-08-17 06:06:48] 76561198024482897: Spawned Entity 9V Battery (Battery9V<14364fb0>, 50, 20, 15, 0) at <8344.226563, 332.067719, 1631.809937>
[COT 2025-08-17 06:06:48] 76561198024482897: Spawned Entity 9V Battery (Battery9V<1436cee0>, 50, 20, 15, 0) at <8344.215820, 332.128998, 1631.806030>
[COT 2025-08-17 06:06:48] 76561198024482897: Spawned Entity 9V Battery (Battery9V<14369510>, 50, 20, 15, 0) at <8344.205078, 332.189240, 1631.802246>
[COT 2025-08-17 06:06:49] 76561198024482897: Spawned Entity 9V Battery (Battery9V<14374280>, 50, 20, 15, 0) at <8344.194336, 332.249298, 1631.798340>
[COT 2025-08-17 06:06:49] 76561198024482897: Spawned Entity 9V Battery (Battery9V<1436e600>, 50, 20, 15, 0) at <8344.183594, 332.310028, 1631.794556>
[COT 2025-08-17 06:06:49] 76561198024482897: Spawned Entity 9V Battery (Battery9V<14379370>, 50, 20, 15, 0) at <8344.172852, 332.370819, 1631.790649>
[COT 2025-08-17 06:06:49] 76561198024482897: Spawned Entity 9V Battery (Battery9V<1437cd40>, 50, 20, 15, 0) at <8344.162109, 332.432129, 1631.786743>
[COT 2025-08-17 06:06:49] 76561198024482897: Spawned Entity 9V Battery (Battery9V<143840e0>, 50, 20, 15, 0) at <8344.151367, 332.493347, 1631.782837>
[COT 2025-08-17 06:10:06] 76561198024482897: Spawned Entity 9V Battery (Battery9V<85eec730>, 50, 20, 15, 0) at <8344.189453, 331.703827, 1631.906372>
[COT 2025-08-17 06:10:06] 76561198024482897: Spawned Entity 9V Battery (Battery9V<85eede50>, 50, 20, 15, 0) at <8344.166016, 331.759247, 1631.907104>
[COT 2025-08-17 06:10:07] 76561198024482897: Spawned Entity 9V Battery (Battery9V<85eed2c0>, 50, 20, 15, 0) at <8344.158203, 331.820526, 1631.896240>
[COT 2025-08-17 06:10:07] 76561198024482897: Spawned Entity 9V Battery (Battery9V<85eee9e0>, 50, 20, 15, 0) at <8344.153320, 331.881439, 1631.888916>
[COT 2025-08-17 06:10:07] 76561198024482897: Spawned Entity 9V Battery (Battery9V<820f09c0>, 50, 20, 15, 0) at <8344.146484, 331.941254, 1631.879272>
[COT 2025-08-17 06:16:03] 76561198024482897: Deactivated Community Online Tools [guid=0nsyEhm9INQy3se8y-fXlbMHVv4YsIXloUCLC2unDyo=]
[COT 2025-08-17 06:18:08] 76561198024482897: Activated Community Online Tools [guid=0nsyEhm9INQy3se8y-fXlbMHVv4YsIXloUCLC2unDyo=]
[COT 2025-08-17 06:21:46] 76561198024482897: Spawned Entity Combat Sights (M68Optic<ef835a0>, 20000, 50, 15, 0) at <8344.266602, 332.648529, 1641.612183>
[COT 2025-08-17 06:21:47] 76561198024482897: Spawned Entity RVN Sights (M4_T3NRDSOptic<ef8f6a0>, 20000, 50, 15, 0) at <8344.259766, 332.662018, 1641.610229>
[COT 2025-08-17 06:21:49] 76561198024482897: Spawned Entity Mini Sights (FNP45_MRDSOptic<2538ab50>, 20000, 30, 15, 0) at <8344.221680, 332.709717, 1641.584473>
[COT 2025-08-17 06:21:51] 76561198024482897: Spawned Entity Baraka Sights (ReflexOptic<2538e7a0>, 20000, 30, 15, 0) at <8344.204102, 332.735260, 1641.568115>
[COT 2025-08-17 06:21:52] 76561198024482897: Spawned Entity ATOG 4x32 Scope (ACOGOptic<253a69a0>, 20000, 50, 15, 0) at <8344.148438, 332.813782, 1641.532349>
[COT 2025-08-17 06:21:54] 76561198024482897: Spawned Entity ATOG 6x48 Scope (ACOGOptic_6x<168b8080>, 20000, 50, 15, 0) at <8344.098633, 332.879913, 1641.497070>
[COT 2025-08-17 06:22:36] 76561198024482897: Spawned Entity PU Scope (PUScopeOptic<a86a9a0>, 20000, 50, 15, 0) at <8344.319336, 332.648499, 1641.602661>
[COT 2025-08-17 06:22:42] 76561198024482897: Spawned Entity P1-87-L Scope (KashtanOptic<a8308d0>, 20000, 50, 15, 0) at <8344.319336, 332.648499, 1641.602173>
[COT 2025-08-17 06:22:43] 76561198024482897: Spawned Entity Long Range Scope (LongrangeOptic<a835130>, 20000, 100, 15, 0) at <8344.185547, 332.760986, 1641.573608>
[COT 2025-08-17 06:22:45] 76561198024482897: Spawned Entity Hunting Scope (HuntingOptic<117ac2b0>, 20000, 50, 15, 0) at <8344.123047, 332.818848, 1641.563477>
[COT 2025-08-17 06:22:47] 76561198024482897: Spawned Entity Handgun Scope (PistolOptic<276f4a50>, 20000, 30, 15, 0) at <8344.091797, 332.843445, 1641.558105>
[COT 2025-08-17 06:22:48] 76561198024482897: Spawned Entity Sportpoint Sights (SportingOptic<27717530>, 20000, 30, 15, 0) at <8344.069336, 332.863678, 1641.553223>
[COT 2025-08-17 06:22:50] 76561198024482897: Spawned Entity Marksman Scope (MK4Optic_Tan<28f16610>, 20000, 100, 15, 0) at <8344.045898, 332.884308, 1641.548462>
[COT 2025-08-17 06:25:24] 76561198024482897: Spawned Entity PO4x34 Scope (GrozaOptic<fa7f8d0>, 20000, 100, 15, 0) at <8344.218750, 332.648560, 1641.759521>
[COT 2025-08-17 06:25:25] 76561198024482897: Spawned Entity Kobra Sights (KobraOptic<fa9e760>, 20000, 50, 15, 0) at <8344.105469, 332.763519, 1641.716309>
[COT 2025-08-17 06:25:27] 76561198024482897: Spawned Entity 1PN51 Scope (KazuarOptic<896e40f0>, 20000, 30, 15, 0) at <8344.011719, 332.854248, 1641.684692>
[COT 2025-08-17 06:27:21] 76561198024482897: Spawned Entity Aimpoint Micro H-2 Optic (CS_AimpointMicroH2_Optic_Base<1d6e4490>, 100, 50, 15, 0) at <8344.257813, 332.648529, 1641.772339>
[COT 2025-08-17 06:27:22] 76561198024482897: Spawned Entity AR536 Optic (CS_AKMount_AR536_Optic_Base<1d6f5a00>, 100, 50, 15, 0) at <8344.191406, 332.707062, 1641.752319>
[COT 2025-08-17 06:27:23] 76561198024482897: Spawned Entity AR536 Optic (CS_AR536_Optic_Base<853ec130>, 100, 50, 15, 0) at <8344.150391, 332.746948, 1641.736816>
[COT 2025-08-17 06:27:24] 76561198024482897: Spawned Entity Barska ARX Optic (CS_BarskaARX_Optic_Base<853c8a40>, 100, 50, 15, 0) at <8344.068359, 332.826233, 1641.703735>
[COT 2025-08-17 06:27:26] 76561198024482897: Spawned Entity Primary Arms GLx 2X Optic (CS_GLX2X_Optic_Base<853cae70>, 100, 50, 15, 0) at <8343.981445, 332.906067, 1641.673706>
[COT 2025-08-17 06:27:26] 76561198024482897: Spawned Entity Leupold Carbine Optic (CS_LCO_Optic_Base<fa92660>, 100, 50, 15, 0) at <8343.970703, 332.919464, 1641.666992>
[COT 2025-08-17 06:27:28] 76561198024482897: Spawned Entity Rachet GEN 2 Optic (CS_RatchetGEN2_Optic_Base<faa53f0>, 100, 50, 15, 0) at <8343.891602, 332.989868, 1641.642700>
[COT 2025-08-17 06:27:29] 76561198024482897: Spawned Entity Spina Optic (CS_Spina_Optic_Base<23f45950>, 100, 50, 15, 0) at <8343.810547, 333.072235, 1641.607666>
[COT 2025-08-17 06:27:31] 76561198024482897: Spawned Entity VX-6HD Optic (CS_VX6HD_Optic_Base<23f313a0>, 100, 50, 15, 0) at <8343.787109, 333.088531, 1641.601807>
[COT 2025-08-17 06:29:08] 76561198024482897: Deactivated Community Online Tools [guid=0nsyEhm9INQy3se8y-fXlbMHVv4YsIXloUCLC2unDyo=]
[COT 2025-08-17 06:31:03] 76561198024482897: Activated Community Online Tools [guid=0nsyEhm9INQy3se8y-fXlbMHVv4YsIXloUCLC2unDyo=]
[COT 2025-08-17 06:33:34] 76561198024482897: Spawned Entity VX-6HD Optic (CS_VX6HD_Optic_Base<14f9e690>, 100, 50, 15, 0) at <8345.067383, 332.640442, 1640.948120>
[COT 2025-08-17 06:34:45] 76561198024482897: Spawned Entity Leupold Deltapoint Reflex Sight (ExpansionDeltapointOptic<1bc090e0>, 100, 30, 15, 0) at <8345.208984, 332.644714, 1640.800049>
[COT 2025-08-17 06:34:47] 76561198024482897: Spawned Entity EOTech XPS3 Holo Sight (ExpansionEXPS3HoloOptic<853b80e0>, 100, 100, 15, 0) at <8345.209961, 332.644684, 1640.805176>
[COT 2025-08-17 06:34:49] 76561198024482897: Spawned Entity Leupold Mark 4 HAMR Scope (ExpansionHAMROptic<853b50a0>, 100, 100, 15, 0) at <8345.215820, 332.654419, 1640.790649>
[COT 2025-08-17 06:34:51] 76561198024482897: Spawned Entity Karabiner98K Scope (ExpansionKar98ScopeOptic<853b8cf0>, 100, 50, 15, 0) at <8345.215820, 332.655090, 1640.790039>
[COT 2025-08-17 06:34:53] 76561198024482897: Spawned Entity SB PMII 25x Sniper Scope (Expansion_PMII25Optic<853b2060>, 100, 100, 15, 0) at <8345.254883, 332.706940, 1640.746216>
[COT 2025-08-17 06:34:58] 76561198024482897: Spawned Entity Walther MRS Sight (ExpansionReflexMRSOptic<853d93a0>, 100, 100, 15, 0) at <8345.328125, 332.810608, 1640.646851>
[COT 2025-08-17 06:36:44] 76561198024482897: Spawned Entity MP5 Scope Mount (ItemBase<2a54f8d0>, 100, 100, 15, 0) at <8345.265625, 332.644714, 1640.861572>
[COT 2025-08-17 06:38:56] 76561198024482897: Spawned Entity zeppelin (ADM_Zepplin<70a38970>, 6000, 150, 15, 0) at <8340.178711, 334.705200, 1644.147095>
[COT 2025-08-17 06:39:40] 76561198024482897: Deleted Entity ADM_Zepplin:22969 at <8340.178711, 334.705200, 1644.147095>
[COT 2025-08-17 06:43:22] 76561198024482897: Deleted Entity InediaPain_FirstAidCase_Black:26183 at <8343.584961, 331.761841, 1632.248535>
[COT 2025-08-17 06:43:44] 76561198024482897: Spawned Entity Small First Aid Kit (InediaPain_FirstAidKit_Black<25946c60>, 12, 80, 15, 0) at <8341.895508, 331.703827, 1632.282471>
[COT 2025-08-17 06:44:10] 76561198024482897: Deactivated Community Online Tools [guid=0nsyEhm9INQy3se8y-fXlbMHVv4YsIXloUCLC2unDyo=]
[COT 2025-08-17 06:46:41] 76561198024482897: Activated Community Online Tools [guid=0nsyEhm9INQy3se8y-fXlbMHVv4YsIXloUCLC2unDyo=]
[COT 2025-08-17 06:47:06] 76561198024482897: Date 1000/7/18 18:0
[COT 2025-08-17 06:47:09] 76561198024482897: Date 1000/7/18 6:0
[COT 2025-08-17 06:47:12] 76561198024482897: Date 1000/7/18 0:0
[COT 2025-08-17 06:54:01] 76561198024482897: Date 1000/7/18 0:0
[COT 2025-08-17 06:54:32] 76561198024482897: Deactivated Community Online Tools [guid=0nsyEhm9INQy3se8y-fXlbMHVv4YsIXloUCLC2unDyo=]
[COT 2025-08-17 06:54:34] 76561198024482897: Activated Community Online Tools [guid=0nsyEhm9INQy3se8y-fXlbMHVv4YsIXloUCLC2unDyo=]
[COT 2025-08-17 06:54:40] 76561198024482897: ESP: Viewing ESP
[COT 2025-08-17 06:54:48] 76561198024482897: ESP: Clearing ESP
[COT 2025-08-17 06:54:49] 76561198024482897: ESP: Viewing ESP
[COT 2025-08-17 06:55:17] 76561198024482897: Deactivated Community Online Tools [guid=0nsyEhm9INQy3se8y-fXlbMHVv4YsIXloUCLC2unDyo=]
[COT 2025-08-17 06:55:19] 76561198024482897: Activated Community Online Tools [guid=0nsyEhm9INQy3se8y-fXlbMHVv4YsIXloUCLC2unDyo=]
[COT 2025-08-17 06:55:22] 76561198024482897: ESP: Clearing ESP
[COT 2025-08-17 07:00:43] 76561198024482897: Activated Community Online Tools [guid=0nsyEhm9INQy3se8y-fXlbMHVv4YsIXloUCLC2unDyo=]
[COT 2025-08-17 07:00:46] 76561198024482897: ESP: Viewing ESP
[COT 2025-08-17 07:00:48] 76561198024482897: ESP: Clearing ESP
[COT 2025-08-17 07:00:50] 76561198024482897: ESP: Viewing ESP
[COT 2025-08-17 07:00:57] 76561198024482897: ESP: Clearing ESP
[COT 2025-08-17 07:00:58] 76561198024482897: ESP: Viewing ESP
[COT 2025-08-17 07:01:04] 76561198024482897: ESP: Clearing ESP
[COT 2025-08-17 07:01:23] 76561198024482897: Deactivated Community Online Tools [guid=0nsyEhm9INQy3se8y-fXlbMHVv4YsIXloUCLC2unDyo=]
[COT 2025-08-17 07:03:25] 76561198024482897: Activated Community Online Tools [guid=0nsyEhm9INQy3se8y-fXlbMHVv4YsIXloUCLC2unDyo=]
[COT 2025-08-17 07:03:52] 76561198024482897: Spawned Entity First Aid Case (InediaPain_FirstAidCase_Black<1a935480>, 100, 750, 15, 0) at <8346.774414, 331.704742, 1628.481201>
[COT 2025-08-17 07:04:39] 76561198024482897: Spawned Entity Tramadol (InediaPain_Tramadol<853c41e0>, 10, 30, 15, 0) at <8346.924805, 331.704742, 1628.965454>
[COT 2025-08-17 07:04:40] 76561198024482897: Spawned Entity Tramadol (InediaPain_Tramadol<853cba80>, 10, 30, 15, 0) at <8346.947266, 331.783661, 1628.955933>
[COT 2025-08-17 07:04:48] 76561198024482897: Spawned Entity Calcium hydroxyapatite caps (InediaPain_Calcium<853c4df0>, 10, 30, 15, 0) at <8347.062500, 331.704742, 1629.190186>
[COT 2025-08-17 07:04:48] 76561198024482897: Spawned Entity Calcium hydroxyapatite caps (InediaPain_Calcium<853c7e30>, 10, 30, 15, 0) at <8347.079102, 331.775024, 1629.169922>
[COT 2025-08-17 07:04:48] 76561198024482897: Spawned Entity Calcium hydroxyapatite caps (InediaPain_Calcium<853d3f30>, 10, 30, 15, 0) at <8347.088867, 331.836884, 1629.155396>
[COT 2025-08-17 07:04:54] 76561198024482897: Spawned Entity Sorbifer Durules (InediaPain_Sorbifer<853cf6d0>, 10, 30, 15, 0) at <8347.332031, 331.704742, 1629.353760>
[COT 2025-08-17 07:04:54] 76561198024482897: Spawned Entity Sorbifer Durules (InediaPain_Sorbifer<853cd2a0>, 10, 30, 15, 0) at <8347.336914, 331.783661, 1629.327637>
[COT 2025-08-17 07:04:55] 76561198024482897: Spawned Entity Sorbifer Durules (InediaPain_Sorbifer<853d02e0>, 10, 30, 15, 0) at <8347.346680, 331.852783, 1629.295898>
[COT 2025-08-17 07:04:59] 76561198024482897: Spawned Entity Tranexam (InediaPain_Tranexam<853d6f70>, 10, 30, 15, 0) at <8347.634766, 331.704742, 1629.368896>
[COT 2025-08-17 07:04:59] 76561198024482897: Spawned Entity Tranexam (InediaPain_Tranexam<1f80b980>, 10, 30, 15, 0) at <8347.629883, 331.773865, 1629.341309>
[COT 2025-08-17 07:05:00] 76561198024482897: Spawned Entity Tranexam (InediaPain_Tranexam<1f81cef0>, 10, 30, 15, 0) at <8347.628906, 331.773834, 1629.339966>
[COT 2025-08-17 07:05:04] 76561198024482897: Spawned Entity Tranexam (InediaPain_Vikasol<22626c80>, 10, 30, 15, 0) at <8347.930664, 331.704742, 1629.145508>
[COT 2025-08-17 07:05:05] 76561198024482897: Spawned Entity Tranexam (InediaPain_Vikasol<226290b0>, 10, 30, 15, 0) at <8347.912109, 331.783691, 1629.123413>
[COT 2025-08-17 07:05:05] 76561198024482897: Spawned Entity Tranexam (InediaPain_Vikasol<22639a10>, 10, 30, 15, 0) at <8347.898438, 331.852814, 1629.107422>
[COT 2025-08-17 07:05:09] 76561198024482897: Spawned Entity Metoclopramide (InediaPain_Metoclopramide<72052510>, 10, 30, 15, 0) at <8348.166992, 331.704742, 1628.715820>
[COT 2025-08-17 07:05:09] 76561198024482897: Spawned Entity Metoclopramide (InediaPain_Metoclopramide<72053120>, 10, 30, 15, 0) at <8348.138672, 331.783691, 1628.709595>
[COT 2025-08-17 07:05:10] 76561198024482897: Spawned Entity Metoclopramide (InediaPain_Metoclopramide<7204c490>, 10, 30, 15, 0) at <8348.112305, 331.852844, 1628.704102>
[COT 2025-08-17 07:05:14] 76561198024482897: Spawned Entity Surgical Kit (InediaPain_SurgicalKit<a45cdd0>, 100, 50, 15, 0) at <8348.386719, 331.704742, 1628.487793>
[COT 2025-08-17 07:05:14] 76561198024482897: Spawned Entity Surgical Kit (InediaPain_SurgicalKit<a4565c0>, 100, 50, 15, 0) at <8348.367188, 331.743591, 1628.490601>
[COT 2025-08-17 07:05:14] 76561198024482897: Spawned Entity Surgical Kit (InediaPain_SurgicalKit<a464d00>, 100, 50, 15, 0) at <8348.349609, 331.782990, 1628.490967>
[COT 2025-08-17 07:05:15] 76561198024482897: Spawned Entity Surgical Kit (InediaPain_SurgicalKit<a462a50>, 100, 50, 15, 0) at <8348.333008, 331.822388, 1628.489868>
[COT 2025-08-17 07:05:16] 76561198024482897: Spawned Entity Surgical Kit (InediaPain_SurgicalKit<a4635e0>, 100, 50, 15, 0) at <8348.308594, 331.861786, 1628.489380>
[COT 2025-08-17 07:05:17] 76561198024482897: Spawned Entity Surgical Kit (InediaPain_SurgicalKit<a4607a0>, 100, 50, 15, 0) at <8348.298828, 331.900635, 1628.494019>
[COT 2025-08-17 07:05:21] 76561198024482897: Spawned Entity Splint Kit (InediaPain_SplintKit<a465890>, 100, 80, 15, 0) at <8348.404297, 331.704742, 1627.988647>
[COT 2025-08-17 07:05:22] 76561198024482897: Spawned Entity Splint Kit (InediaPain_SplintKit<a46eee0>, 100, 80, 15, 0) at <8348.406250, 331.704742, 1627.987793>
[COT 2025-08-17 07:07:25] 76561198024482897: ESP: Viewing ESP
[COT 2025-08-17 07:07:31] 76561198024482897: Created Deletion Backup '2025-08-17_07-07-31'
[COT 2025-08-17 07:07:31] 76561198024482897: ESP index=0 target=Animal_CervusElaphus:275 position=<8313.168945, 287.580414, 1515.234741> action=delete
[COT 2025-08-17 07:07:31] 76561198024482897: ESP index=1 target=Animal_CervusElaphusF:276 position=<8282.801758, 276.392578, 1477.645508> action=delete
[COT 2025-08-17 07:07:31] 76561198024482897: ESP index=2 target=Animal_CervusElaphusF:277 position=<8267.137695, 271.123444, 1463.605835> action=delete
[COT 2025-08-17 07:07:31] 76561198024482897: ESP action=delete_all count=3 attempted=3
[COT 2025-08-17 07:07:42] 76561198024482897: ESP: Clearing ESP
[COT 2025-08-17 07:08:29] 76561198024482897: Spawned Entity IV Blood Bag (BloodBagIV<1f7b4bb0>, 500, 20, 15, 3) at <8349.196289, 331.704742, 1628.106079>
[COT 2025-08-17 07:09:18] 76561198024482897: Spawned Entity IV Blood Bag (BloodBagIV<10edb7a0>, 500, 20, 15, 3) at <8348.748047, 331.744537, 1630.321533>
[COT 2025-08-17 07:09:26] 76561198024482897: Spawned Entity IV Blood Bag (BloodBagIV<10ed5b20>, 500, 20, 15, 3) at <8348.752930, 331.744568, 1630.323975>
[COT 2025-08-17 07:13:33] 76561198024482897: Spawned Entity Sorbifer Durules (InediaPain_Sorbifer<25bbe4b0>, 10, 30, 15, 0) at <8338.326172, 331.704285, 1637.493896>
[COT 2025-08-17 07:13:34] 76561198024482897: Spawned Entity Sorbifer Durules (InediaPain_Sorbifer<25bc8180>, 10, 30, 15, 0) at <8338.307617, 331.782013, 1637.451660>
[COT 2025-08-17 07:14:36] 76561198024482897: Spawned Entity Tramadol (InediaPain_Tramadol<117a9270>, 10, 30, 15, 0) at <8338.021484, 331.704285, 1636.046509>
[COT 2025-08-17 07:14:36] 76561198024482897: Spawned Entity Tramadol (InediaPain_Tramadol<117b9bd0>, 10, 30, 15, 0) at <8337.987305, 331.783203, 1636.039795>
[COT 2025-08-17 07:14:36] 76561198024482897: Spawned Entity Tramadol (InediaPain_Tramadol<117c68e0>, 10, 30, 15, 0) at <8337.960938, 331.852356, 1636.034912>
[COT 2025-08-17 07:15:43] 76561198024482897: Spawned Entity Tranexam (InediaPain_Vikasol<2aad28a0>, 10, 30, 15, 0) at <8337.720703, 331.704285, 1635.899780>
[COT 2025-08-17 07:33:57] 76561198024482897: Deactivated Community Online Tools [guid=0nsyEhm9INQy3se8y-fXlbMHVv4YsIXloUCLC2unDyo=]
[COT 2025-08-17 07:40:56] 76561198024482897: Activated Community Online Tools [guid=0nsyEhm9INQy3se8y-fXlbMHVv4YsIXloUCLC2unDyo=]
[COT 2025-08-17 07:46:53] 76561198024482897: Deactivated Community Online Tools [guid=0nsyEhm9INQy3se8y-fXlbMHVv4YsIXloUCLC2unDyo=]
[COT 2025-08-17 08:24:29] 76561198024482897: Activated Community Online Tools [guid=0nsyEhm9INQy3se8y-fXlbMHVv4YsIXloUCLC2unDyo=]
[COT 2025-08-17 08:25:27] 76561198024482897: Set GodMode To true [guid=0nsyEhm9INQy3se8y-fXlbMHVv4YsIXloUCLC2unDyo=]
[COT 2025-08-17 08:25:27] 76561198024482897: Set GodMode To true [guid=0nsyEhm9INQy3se8y-fXlbMHVv4YsIXloUCLC2unDyo=]
[COT 2025-08-17 08:32:24] 76561198024482897: Spawned Entity Experimental Jet Pack (ADM_JetPack_Green<896dec80>, 6000, 150, 15, 0) at <8344.058594, 331.702911, 1639.170288>
[COT 2025-08-17 08:33:36] 76561198024482897: Deleted Entity ADM_JetPack_Green:9869 at <8348.894531, 331.604828, 1636.274292>
[COT 2025-08-17 08:34:10] 76561198024482897: Spawned Entity Full Shemagh (Shemagh_Bandit_ColorBase<1f812610>, 6000, 75, 15, 0) at <8349.261719, 331.702911, 1636.082520>
[COT 2025-08-17 08:34:26] 76561198024482897: Deleted Entity Shemagh_Bandit_Red:12141 at <8349.261719, 331.758148, 1636.082520>
[COT 2025-08-17 08:35:41] 76561198024482897: Spawned Entity Bushlat Jacket (BushlatPoliceJacket_Blue<277e7c20>, 6000, 120, 15, 0) at <8349.259766, 331.702911, 1636.078491>
[COT 2025-08-17 08:36:18] 76561198024482897: Deleted Entity BushlatPoliceJacket_Blue:5513 at <8349.259766, 331.704895, 1636.078491>
[COT 2025-08-17 08:36:56] 76561198024482897: Spawned Entity Witch Hood (WitchHood_Black<791ef9b0>, 6000, 250, 15, 0) at <8349.247070, 331.702911, 1636.088501>
[COT 2025-08-17 08:37:08] 76561198024482897: Deleted Entity WitchHood_Black:19126 at <8349.247070, 331.702606, 1636.088501>
[COT 2025-08-17 08:37:33] 76561198024482897: Spawned Entity Field Jacket (M65Jacket_Black<1e084c20>, 6000, 180, 15, 0) at <8349.178711, 331.702911, 1636.074829>
[COT 2025-08-17 08:37:54] 76561198024482897: Deleted Entity M65Jacket_Black:19510 at <8349.178711, 331.704895, 1636.074829>
[COT 2025-08-17 08:38:06] 76561198024482897: Spawned Entity Jeans with Knee Pads (Kneepads_Jeans_Black<253771b0>, 6000, 180, 15, 0) at <8349.178711, 331.702911, 1636.078857>
[COT 2025-08-17 08:38:21] 76561198024482897: Deleted Entity Kneepads_Jeans_Black:5785 at <8349.178711, 331.776581, 1636.078857>
[COT 2025-08-17 08:38:44] 76561198024482897: Spawned Entity Canvas Backpack (Canvas_Backpack_Base<fa8d1f0>, 6000, 130, 15, 0) at <8349.197266, 331.702911, 1636.098022>
[COT 2025-08-17 08:40:14] 76561198024482897: Set GodMode To false [guid=0nsyEhm9INQy3se8y-fXlbMHVv4YsIXloUCLC2unDyo=]
[COT 2025-08-17 08:40:16] 76561198024482897: Set GodMode To true [guid=0nsyEhm9INQy3se8y-fXlbMHVv4YsIXloUCLC2unDyo=]
[COT 2025-08-17 08:40:27] 76561198024482897: Deleted Entity Canvas_Backpack_Black:15438 at <8349.197266, 331.880035, 1636.098022>
[COT 2025-08-17 08:40:36] 76561198024482897: Deactivated Community Online Tools [guid=0nsyEhm9INQy3se8y-fXlbMHVv4YsIXloUCLC2unDyo=]
