[COT 2025-09-25 02:30:33] 76561198024482897: Activated Community Online Tools [guid=0nsyEhm9INQy3se8y-fXlbMHVv4YsIXloUCLC2unDyo=]
[COT 2025-09-25 02:30:46] 76561198024482897: ESP: Viewing ESP
[COT 2025-09-25 02:31:06] 76561198024482897: ESP target=Expansion_Gravecross<dd64ef80> action=position value=<10584.200195, 235.210007, 1606.530029>
[COT 2025-09-25 02:31:09] 76561198024482897: ESP target=Expansion_Gravecross<dd64ef80> action=position value=<10584.200195, 235.210007, 1606.430054>
[COT 2025-09-25 02:31:09] 76561198024482897: ESP target=Expansion_Gravecross<dd64ef80> action=position value=<10584.200195, 235.210007, 1606.329956>
[COT 2025-09-25 02:31:10] 76561198024482897: ESP target=Expansion_Gravecross<dd64ef80> action=position value=<10584.200195, 235.210007, 1606.229980>
[COT 2025-09-25 02:31:10] 76561198024482897: ESP target=Expansion_Gravecross<dd64ef80> action=position value=<10584.200195, 235.210007, 1606.130005>
[COT 2025-09-25 02:31:10] 76561198024482897: ESP target=Expansion_Gravecross<dd64ef80> action=position value=<10584.200195, 235.210007, 1606.030029>
[COT 2025-09-25 02:31:10] 76561198024482897: ESP target=Expansion_Gravecross<dd64ef80> action=position value=<10584.200195, 235.210007, 1605.930054>
[COT 2025-09-25 02:31:10] 76561198024482897: ESP target=Expansion_Gravecross<dd64ef80> action=position value=<10584.200195, 235.210007, 1605.829956>
[COT 2025-09-25 02:31:11] 76561198024482897: ESP target=Expansion_Gravecross<dd64ef80> action=position value=<10584.200195, 235.210007, 1605.729980>
[COT 2025-09-25 02:31:11] 76561198024482897: ESP target=Expansion_Gravecross<dd64ef80> action=position value=<10584.200195, 235.210007, 1605.630005>
[COT 2025-09-25 02:31:11] 76561198024482897: ESP target=Expansion_Gravecross<dd64ef80> action=position value=<10584.200195, 235.210007, 1605.530029>
[COT 2025-09-25 02:31:11] 76561198024482897: ESP target=Expansion_Gravecross<dd64ef80> action=position value=<10584.200195, 235.210007, 1605.430054>
[COT 2025-09-25 02:31:11] 76561198024482897: ESP target=Expansion_Gravecross<dd64ef80> action=position value=<10584.200195, 235.210007, 1605.329956>
[COT 2025-09-25 02:31:11] 76561198024482897: ESP target=Expansion_Gravecross<dd64ef80> action=position value=<10584.200195, 235.210007, 1605.229980>
[COT 2025-09-25 02:31:11] 76561198024482897: ESP target=Expansion_Gravecross<dd64ef80> action=position value=<10584.200195, 235.210007, 1605.130005>
[COT 2025-09-25 02:31:11] 76561198024482897: ESP target=Expansion_Gravecross<dd64ef80> action=position value=<10584.200195, 235.210007, 1605.030029>
[COT 2025-09-25 02:31:11] 76561198024482897: ESP target=Expansion_Gravecross<dd64ef80> action=position value=<10584.200195, 235.210007, 1604.930054>
[COT 2025-09-25 02:31:11] 76561198024482897: ESP target=Expansion_Gravecross<dd64ef80> action=position value=<10584.200195, 235.210007, 1604.829956>
[COT 2025-09-25 02:31:11] 76561198024482897: ESP target=Expansion_Gravecross<dd64ef80> action=position value=<10584.200195, 235.210007, 1604.729980>
[COT 2025-09-25 02:31:12] 76561198024482897: ESP target=Expansion_Gravecross<dd64ef80> action=position value=<10584.200195, 235.210007, 1604.630005>
[COT 2025-09-25 02:31:12] 76561198024482897: ESP target=Expansion_Gravecross<dd64ef80> action=position value=<10584.200195, 235.210007, 1604.530029>
[COT 2025-09-25 02:31:12] 76561198024482897: ESP target=Expansion_Gravecross<dd64ef80> action=position value=<10584.200195, 235.210007, 1604.430054>
[COT 2025-09-25 02:31:12] 76561198024482897: ESP target=Expansion_Gravecross<dd64ef80> action=position value=<10584.200195, 235.210007, 1604.329956>
[COT 2025-09-25 02:31:12] 76561198024482897: ESP target=Expansion_Gravecross<dd64ef80> action=position value=<10584.200195, 235.210007, 1604.229980>
[COT 2025-09-25 02:31:12] 76561198024482897: ESP target=Expansion_Gravecross<dd64ef80> action=position value=<10584.200195, 235.210007, 1604.130005>
[COT 2025-09-25 02:31:12] 76561198024482897: ESP target=Expansion_Gravecross<dd64ef80> action=position value=<10584.200195, 235.210007, 1604.030029>
[COT 2025-09-25 02:31:12] 76561198024482897: ESP target=Expansion_Gravecross<dd64ef80> action=position value=<10584.200195, 235.210007, 1603.930054>
[COT 2025-09-25 02:31:12] 76561198024482897: ESP target=Expansion_Gravecross<dd64ef80> action=position value=<10584.200195, 235.210007, 1603.829956>
[COT 2025-09-25 02:31:12] 76561198024482897: ESP target=Expansion_Gravecross<dd64ef80> action=position value=<10584.200195, 235.210007, 1603.729980>
[COT 2025-09-25 02:31:13] 76561198024482897: ESP target=Expansion_Gravecross<dd64ef80> action=position value=<10584.200195, 235.210007, 1603.630005>
[COT 2025-09-25 02:31:13] 76561198024482897: ESP target=Expansion_Gravecross<dd64ef80> action=position value=<10584.200195, 235.210007, 1603.530029>
[COT 2025-09-25 02:31:13] 76561198024482897: ESP target=Expansion_Gravecross<dd64ef80> action=position value=<10584.200195, 235.210007, 1603.430054>
[COT 2025-09-25 02:31:13] 76561198024482897: ESP target=Expansion_Gravecross<dd64ef80> action=position value=<10584.200195, 235.210007, 1603.329956>
[COT 2025-09-25 02:31:13] 76561198024482897: ESP target=Expansion_Gravecross<dd64ef80> action=position value=<10584.200195, 235.210007, 1603.229980>
[COT 2025-09-25 02:31:15] 76561198024482897: ESP target=Expansion_Gravecross<dd64ef80> action=position value=<10584.200195, 235.210007, 1603.130005>
[COT 2025-09-25 02:31:15] 76561198024482897: ESP target=Expansion_Gravecross<dd64ef80> action=position value=<10584.200195, 235.210007, 1603.030029>
[COT 2025-09-25 02:31:15] 76561198024482897: ESP target=Expansion_Gravecross<dd64ef80> action=position value=<10584.200195, 235.210007, 1602.930054>
[COT 2025-09-25 02:31:15] 76561198024482897: ESP target=Expansion_Gravecross<dd64ef80> action=position value=<10584.200195, 235.210007, 1602.829956>
[COT 2025-09-25 02:31:15] 76561198024482897: ESP target=Expansion_Gravecross<dd64ef80> action=position value=<10584.200195, 235.210007, 1602.729980>
[COT 2025-09-25 02:31:15] 76561198024482897: ESP target=Expansion_Gravecross<dd64ef80> action=position value=<10584.200195, 235.210007, 1602.630005>
[COT 2025-09-25 02:31:15] 76561198024482897: ESP target=Expansion_Gravecross<dd64ef80> action=position value=<10584.200195, 235.210007, 1602.530029>
[COT 2025-09-25 02:31:15] 76561198024482897: ESP target=Expansion_Gravecross<dd64ef80> action=position value=<10584.200195, 235.210007, 1602.430054>
[COT 2025-09-25 02:31:15] 76561198024482897: ESP target=Expansion_Gravecross<dd64ef80> action=position value=<10584.200195, 235.210007, 1602.329956>
[COT 2025-09-25 02:31:15] 76561198024482897: ESP target=Expansion_Gravecross<dd64ef80> action=position value=<10584.200195, 235.210007, 1602.229980>
[COT 2025-09-25 02:31:15] 76561198024482897: ESP target=Expansion_Gravecross<dd64ef80> action=position value=<10584.200195, 235.210007, 1602.130005>
[COT 2025-09-25 02:31:15] 76561198024482897: ESP target=Expansion_Gravecross<dd64ef80> action=position value=<10584.200195, 235.210007, 1602.030029>
[COT 2025-09-25 02:31:17] 76561198024482897: ESP target=Expansion_Gravecross<dd64ef80> action=position value=<10584.200195, 235.210007, 1601.930054>
[COT 2025-09-25 02:31:17] 76561198024482897: ESP target=Expansion_Gravecross<dd64ef80> action=position value=<10584.200195, 235.210007, 1601.829956>
[COT 2025-09-25 02:31:17] 76561198024482897: ESP target=Expansion_Gravecross<dd64ef80> action=position value=<10584.200195, 235.210007, 1601.729980>
[COT 2025-09-25 02:31:17] 76561198024482897: ESP target=Expansion_Gravecross<dd64ef80> action=position value=<10584.200195, 235.210007, 1601.630005>
[COT 2025-09-25 02:31:17] 76561198024482897: ESP target=Expansion_Gravecross<dd64ef80> action=position value=<10584.200195, 235.210007, 1601.530029>
[COT 2025-09-25 02:31:17] 76561198024482897: ESP target=Expansion_Gravecross<dd64ef80> action=position value=<10584.200195, 235.210007, 1601.430054>
[COT 2025-09-25 02:31:18] 76561198024482897: ESP target=Expansion_Gravecross<dd64ef80> action=position value=<10584.200195, 235.210007, 1601.329956>
[COT 2025-09-25 02:31:18] 76561198024482897: ESP target=Expansion_Gravecross<dd64ef80> action=position value=<10584.200195, 235.210007, 1601.229980>
[COT 2025-09-25 02:31:18] 76561198024482897: ESP target=Expansion_Gravecross<dd64ef80> action=position value=<10584.200195, 235.210007, 1601.130005>
[COT 2025-09-25 02:31:18] 76561198024482897: ESP target=Expansion_Gravecross<dd64ef80> action=position value=<10584.200195, 235.210007, 1601.030029>
[COT 2025-09-25 02:31:18] 76561198024482897: ESP target=Expansion_Gravecross<dd64ef80> action=position value=<10584.200195, 235.210007, 1600.930054>
[COT 2025-09-25 02:31:19] 76561198024482897: ESP target=Expansion_Gravecross<dd64ef80> action=position value=<10584.099609, 235.210007, 1600.930054>
[COT 2025-09-25 02:31:19] 76561198024482897: ESP target=Expansion_Gravecross<dd64ef80> action=position value=<10584.000000, 235.210007, 1600.930054>
[COT 2025-09-25 02:31:19] 76561198024482897: ESP target=Expansion_Gravecross<dd64ef80> action=position value=<10583.900391, 235.210007, 1600.930054>
[COT 2025-09-25 02:31:20] 76561198024482897: ESP target=Expansion_Gravecross<dd64ef80> action=position value=<10583.799805, 235.210007, 1600.930054>
[COT 2025-09-25 02:31:20] 76561198024482897: ESP target=Expansion_Gravecross<dd64ef80> action=position value=<10583.700195, 235.210007, 1600.930054>
[COT 2025-09-25 02:31:20] 76561198024482897: ESP target=Expansion_Gravecross<dd64ef80> action=position value=<10583.599609, 235.210007, 1600.930054>
[COT 2025-09-25 02:31:20] 76561198024482897: ESP target=Expansion_Gravecross<dd64ef80> action=position value=<10583.500000, 235.210007, 1600.930054>
[COT 2025-09-25 02:31:21] 76561198024482897: ESP target=Expansion_Gravecross<dd64ef80> action=position value=<10583.400391, 235.210007, 1600.930054>
[COT 2025-09-25 02:31:21] 76561198024482897: ESP target=Expansion_Gravecross<dd64ef80> action=position value=<10583.299805, 235.210007, 1600.930054>
[COT 2025-09-25 02:31:21] 76561198024482897: ESP target=Expansion_Gravecross<dd64ef80> action=position value=<10583.200195, 235.210007, 1600.930054>
[COT 2025-09-25 02:31:21] 76561198024482897: ESP target=Expansion_Gravecross<dd64ef80> action=position value=<10583.099609, 235.210007, 1600.930054>
[COT 2025-09-25 02:31:21] 76561198024482897: ESP target=Expansion_Gravecross<dd64ef80> action=position value=<10583.000000, 235.210007, 1600.930054>
[COT 2025-09-25 02:31:21] 76561198024482897: ESP target=Expansion_Gravecross<dd64ef80> action=position value=<10582.900391, 235.210007, 1600.930054>
[COT 2025-09-25 02:31:21] 76561198024482897: ESP target=Expansion_Gravecross<dd64ef80> action=position value=<10582.799805, 235.210007, 1600.930054>
[COT 2025-09-25 02:31:23] 76561198024482897: ESP target=Expansion_Gravecross<dd64ef80> action=position value=<10582.700195, 235.210007, 1600.930054>
[COT 2025-09-25 02:31:23] 76561198024482897: ESP target=Expansion_Gravecross<dd64ef80> action=position value=<10582.599609, 235.210007, 1600.930054>
[COT 2025-09-25 02:31:23] 76561198024482897: ESP target=Expansion_Gravecross<dd64ef80> action=position value=<10582.500000, 235.210007, 1600.930054>
[COT 2025-09-25 02:31:23] 76561198024482897: ESP target=Expansion_Gravecross<dd64ef80> action=position value=<10582.400391, 235.210007, 1600.930054>
[COT 2025-09-25 02:31:23] 76561198024482897: ESP target=Expansion_Gravecross<dd64ef80> action=position value=<10582.299805, 235.210007, 1600.930054>
[COT 2025-09-25 02:31:23] 76561198024482897: ESP target=Expansion_Gravecross<dd64ef80> action=position value=<10582.200195, 235.210007, 1600.930054>
[COT 2025-09-25 02:31:26] 76561198024482897: ESP target=Expansion_Gravecross<dd64ef80> action=position value=<10582.099609, 235.210007, 1600.930054>
[COT 2025-09-25 02:31:26] 76561198024482897: ESP target=Expansion_Gravecross<dd64ef80> action=position value=<10582.000000, 235.210007, 1600.930054>
[COT 2025-09-25 02:31:26] 76561198024482897: ESP target=Expansion_Gravecross<dd64ef80> action=position value=<10581.900391, 235.210007, 1600.930054>
[COT 2025-09-25 02:31:26] 76561198024482897: ESP target=Expansion_Gravecross<dd64ef80> action=position value=<10581.799805, 235.210007, 1600.930054>
[COT 2025-09-25 02:31:26] 76561198024482897: ESP target=Expansion_Gravecross<dd64ef80> action=position value=<10581.700195, 235.210007, 1600.930054>
[COT 2025-09-25 02:31:26] 76561198024482897: ESP target=Expansion_Gravecross<dd64ef80> action=position value=<10581.599609, 235.210007, 1600.930054>
[COT 2025-09-25 02:31:26] 76561198024482897: ESP target=Expansion_Gravecross<dd64ef80> action=position value=<10581.500000, 235.210007, 1600.930054>
[COT 2025-09-25 02:31:26] 76561198024482897: ESP target=Expansion_Gravecross<dd64ef80> action=position value=<10581.400391, 235.210007, 1600.930054>
[COT 2025-09-25 02:31:26] 76561198024482897: ESP target=Expansion_Gravecross<dd64ef80> action=position value=<10581.299805, 235.210007, 1600.930054>
[COT 2025-09-25 02:31:31] 76561198024482897: ESP target=Expansion_Gravecross<dd64ef80> action=position value=<10581.200195, 235.210007, 1600.930054>
[COT 2025-09-25 02:31:31] 76561198024482897: ESP target=Expansion_Gravecross<dd64ef80> action=position value=<10581.099609, 235.210007, 1600.930054>
[COT 2025-09-25 02:31:31] 76561198024482897: ESP target=Expansion_Gravecross<dd64ef80> action=position value=<10581.000000, 235.210007, 1600.930054>
[COT 2025-09-25 02:31:31] 76561198024482897: ESP target=Expansion_Gravecross<dd64ef80> action=position value=<10580.900391, 235.210007, 1600.930054>
[COT 2025-09-25 02:31:31] 76561198024482897: ESP target=Expansion_Gravecross<dd64ef80> action=position value=<10580.799805, 235.210007, 1600.930054>
[COT 2025-09-25 02:31:31] 76561198024482897: ESP target=Expansion_Gravecross<dd64ef80> action=position value=<10580.700195, 235.210007, 1600.930054>
[COT 2025-09-25 02:31:31] 76561198024482897: ESP target=Expansion_Gravecross<dd64ef80> action=position value=<10580.599609, 235.210007, 1600.930054>
[COT 2025-09-25 02:31:31] 76561198024482897: ESP target=Expansion_Gravecross<dd64ef80> action=position value=<10580.500000, 235.210007, 1600.930054>
[COT 2025-09-25 02:31:31] 76561198024482897: ESP target=Expansion_Gravecross<dd64ef80> action=position value=<10580.400391, 235.210007, 1600.930054>
[COT 2025-09-25 02:31:31] 76561198024482897: ESP target=Expansion_Gravecross<dd64ef80> action=position value=<10580.299805, 235.210007, 1600.930054>
[COT 2025-09-25 02:31:31] 76561198024482897: ESP target=Expansion_Gravecross<dd64ef80> action=position value=<10580.200195, 235.210007, 1600.930054>
[COT 2025-09-25 02:31:31] 76561198024482897: ESP target=Expansion_Gravecross<dd64ef80> action=position value=<10580.099609, 235.210007, 1600.930054>
[COT 2025-09-25 02:31:33] 76561198024482897: ESP target=Expansion_Gravecross<dd64ef80> action=position value=<10580.099609, 235.210007, 1600.829956>
[COT 2025-09-25 02:31:34] 76561198024482897: ESP target=Expansion_Gravecross<dd64ef80> action=position value=<10580.099609, 235.210007, 1600.729980>
[COT 2025-09-25 02:31:34] 76561198024482897: ESP target=Expansion_Gravecross<dd64ef80> action=position value=<10580.099609, 235.210007, 1600.630005>
[COT 2025-09-25 02:31:34] 76561198024482897: ESP target=Expansion_Gravecross<dd64ef80> action=position value=<10580.099609, 235.210007, 1600.530029>
[COT 2025-09-25 02:31:34] 76561198024482897: ESP target=Expansion_Gravecross<dd64ef80> action=position value=<10580.099609, 235.210007, 1600.430054>
[COT 2025-09-25 02:31:34] 76561198024482897: ESP target=Expansion_Gravecross<dd64ef80> action=position value=<10580.099609, 235.210007, 1600.329956>
[COT 2025-09-25 02:31:34] 76561198024482897: ESP target=Expansion_Gravecross<dd64ef80> action=position value=<10580.099609, 235.210007, 1600.229980>
[COT 2025-09-25 02:31:34] 76561198024482897: ESP target=Expansion_Gravecross<dd64ef80> action=position value=<10580.099609, 235.210007, 1600.130005>
[COT 2025-09-25 02:31:34] 76561198024482897: ESP target=Expansion_Gravecross<dd64ef80> action=position value=<10580.099609, 235.210007, 1600.030029>
[COT 2025-09-25 02:31:35] 76561198024482897: ESP target=Expansion_Gravecross<dd64ef80> action=position value=<10580.099609, 235.210007, 1599.930054>
[COT 2025-09-25 02:31:35] 76561198024482897: ESP target=Expansion_Gravecross<dd64ef80> action=position value=<10580.099609, 235.210007, 1599.829956>
[COT 2025-09-25 02:31:35] 76561198024482897: ESP target=Expansion_Gravecross<dd64ef80> action=position value=<10580.099609, 235.210007, 1599.729980>
[COT 2025-09-25 02:31:35] 76561198024482897: ESP target=Expansion_Gravecross<dd64ef80> action=position value=<10580.099609, 235.210007, 1599.630005>
[COT 2025-09-25 02:31:35] 76561198024482897: ESP target=Expansion_Gravecross<dd64ef80> action=position value=<10580.099609, 235.210007, 1599.530029>
[COT 2025-09-25 02:31:35] 76561198024482897: ESP target=Expansion_Gravecross<dd64ef80> action=position value=<10580.099609, 235.210007, 1599.430054>
[COT 2025-09-25 02:31:35] 76561198024482897: ESP target=Expansion_Gravecross<dd64ef80> action=position value=<10580.099609, 235.210007, 1599.329956>
[COT 2025-09-25 02:31:35] 76561198024482897: ESP target=Expansion_Gravecross<dd64ef80> action=position value=<10580.099609, 235.210007, 1599.229980>
[COT 2025-09-25 02:31:35] 76561198024482897: ESP target=Expansion_Gravecross<dd64ef80> action=position value=<10580.099609, 235.210007, 1599.130005>
[COT 2025-09-25 02:31:35] 76561198024482897: ESP target=Expansion_Gravecross<dd64ef80> action=position value=<10580.099609, 235.210007, 1599.030029>
[COT 2025-09-25 02:31:36] 76561198024482897: ESP target=Expansion_Gravecross<dd64ef80> action=position value=<10580.099609, 235.210007, 1598.930054>
[COT 2025-09-25 02:31:36] 76561198024482897: ESP target=Expansion_Gravecross<dd64ef80> action=position value=<10580.099609, 235.210007, 1598.829956>
[COT 2025-09-25 02:31:36] 76561198024482897: ESP target=Expansion_Gravecross<dd64ef80> action=position value=<10580.099609, 235.210007, 1598.729980>
[COT 2025-09-25 02:31:36] 76561198024482897: ESP target=Expansion_Gravecross<dd64ef80> action=position value=<10580.099609, 235.210007, 1598.630005>
[COT 2025-09-25 02:31:36] 76561198024482897: ESP target=Expansion_Gravecross<dd64ef80> action=position value=<10580.099609, 235.210007, 1598.530029>
[COT 2025-09-25 02:31:36] 76561198024482897: ESP target=Expansion_Gravecross<dd64ef80> action=position value=<10580.099609, 235.210007, 1598.430054>
[COT 2025-09-25 02:31:36] 76561198024482897: ESP target=Expansion_Gravecross<dd64ef80> action=position value=<10580.099609, 235.210007, 1598.329956>
[COT 2025-09-25 02:31:36] 76561198024482897: ESP target=Expansion_Gravecross<dd64ef80> action=position value=<10580.099609, 235.210007, 1598.229980>
[COT 2025-09-25 02:31:36] 76561198024482897: ESP target=Expansion_Gravecross<dd64ef80> action=position value=<10580.099609, 235.210007, 1598.130005>
[COT 2025-09-25 02:31:36] 76561198024482897: ESP target=Expansion_Gravecross<dd64ef80> action=position value=<10580.099609, 235.210007, 1598.030029>
[COT 2025-09-25 02:31:36] 76561198024482897: ESP target=Expansion_Gravecross<dd64ef80> action=position value=<10580.099609, 235.210007, 1597.930054>
[COT 2025-09-25 02:31:36] 76561198024482897: ESP target=Expansion_Gravecross<dd64ef80> action=position value=<10580.099609, 235.210007, 1597.829956>
[COT 2025-09-25 02:31:36] 76561198024482897: ESP target=Expansion_Gravecross<dd64ef80> action=position value=<10580.099609, 235.210007, 1597.729980>
[COT 2025-09-25 02:31:36] 76561198024482897: ESP target=Expansion_Gravecross<dd64ef80> action=position value=<10580.099609, 235.210007, 1597.630005>
[COT 2025-09-25 02:31:36] 76561198024482897: ESP target=Expansion_Gravecross<dd64ef80> action=position value=<10580.099609, 235.210007, 1597.530029>
[COT 2025-09-25 02:31:37] 76561198024482897: ESP target=Expansion_Gravecross<dd64ef80> action=position value=<10580.099609, 235.210007, 1597.430054>
[COT 2025-09-25 02:31:38] 76561198024482897: ESP target=Expansion_Gravecross<dd64ef80> action=position value=<10580.099609, 235.210007, 1597.329956>
[COT 2025-09-25 02:31:38] 76561198024482897: ESP target=Expansion_Gravecross<dd64ef80> action=position value=<10580.099609, 235.210007, 1597.229980>
[COT 2025-09-25 02:31:38] 76561198024482897: ESP target=Expansion_Gravecross<dd64ef80> action=position value=<10580.099609, 235.210007, 1597.130005>
[COT 2025-09-25 02:31:38] 76561198024482897: ESP target=Expansion_Gravecross<dd64ef80> action=position value=<10580.099609, 235.210007, 1597.030029>
[COT 2025-09-25 02:31:38] 76561198024482897: ESP target=Expansion_Gravecross<dd64ef80> action=position value=<10580.099609, 235.210007, 1596.930054>
[COT 2025-09-25 02:31:38] 76561198024482897: ESP target=Expansion_Gravecross<dd64ef80> action=position value=<10580.099609, 235.210007, 1596.829956>
[COT 2025-09-25 02:31:39] 76561198024482897: ESP target=Expansion_Gravecross<dd64ef80> action=position value=<10580.099609, 235.210007, 1596.729980>
[COT 2025-09-25 02:31:39] 76561198024482897: ESP target=Expansion_Gravecross<dd64ef80> action=position value=<10580.099609, 235.210007, 1596.630005>
[COT 2025-09-25 02:31:39] 76561198024482897: ESP target=Expansion_Gravecross<dd64ef80> action=position value=<10580.099609, 235.210007, 1596.530029>
[COT 2025-09-25 02:31:39] 76561198024482897: ESP target=Expansion_Gravecross<dd64ef80> action=position value=<10580.099609, 235.210007, 1596.430054>
[COT 2025-09-25 02:31:39] 76561198024482897: ESP target=Expansion_Gravecross<dd64ef80> action=position value=<10580.099609, 235.210007, 1596.329956>
[COT 2025-09-25 02:31:40] 76561198024482897: ESP target=Expansion_Gravecross<dd64ef80> action=position value=<10580.099609, 235.210007, 1596.229980>
[COT 2025-09-25 02:31:40] 76561198024482897: ESP target=Expansion_Gravecross<dd64ef80> action=position value=<10580.099609, 235.210007, 1596.130005>
[COT 2025-09-25 02:31:40] 76561198024482897: ESP target=Expansion_Gravecross<dd64ef80> action=position value=<10580.099609, 235.210007, 1596.030029>
[COT 2025-09-25 02:31:40] 76561198024482897: ESP target=Expansion_Gravecross<dd64ef80> action=position value=<10580.099609, 235.210007, 1595.930054>
[COT 2025-09-25 02:31:40] 76561198024482897: ESP target=Expansion_Gravecross<dd64ef80> action=position value=<10580.099609, 235.210007, 1595.829956>
[COT 2025-09-25 02:31:40] 76561198024482897: ESP target=Expansion_Gravecross<dd64ef80> action=position value=<10580.099609, 235.210007, 1595.729980>
[COT 2025-09-25 02:31:41] 76561198024482897: ESP target=Expansion_Gravecross<dd64ef80> action=position value=<10580.099609, 235.210007, 1595.630005>
[COT 2025-09-25 02:31:41] 76561198024482897: ESP target=Expansion_Gravecross<dd64ef80> action=position value=<10580.099609, 235.210007, 1595.530029>
[COT 2025-09-25 02:31:41] 76561198024482897: ESP target=Expansion_Gravecross<dd64ef80> action=position value=<10580.099609, 235.210007, 1595.430054>
[COT 2025-09-25 02:31:41] 76561198024482897: ESP target=Expansion_Gravecross<dd64ef80> action=position value=<10580.099609, 235.210007, 1595.329956>
[COT 2025-09-25 02:31:41] 76561198024482897: ESP target=Expansion_Gravecross<dd64ef80> action=position value=<10580.099609, 235.210007, 1595.229980>
[COT 2025-09-25 02:33:09] 76561198024482897: Spawned Entity PKM (SkyFall_PKM<36dcf210>, 100, 5000, 15, 0) at <10578.707031, 234.604065, 1593.714722>
[COT 2025-09-25 02:33:17] 76561198024482897: Deleted Entity SkyFall_PKM:9528 at <10578.707031, 234.691467, 1593.714722>
[COT 2025-09-25 02:33:31] 76561198024482897: Spawned Entity KA-M (AKM_Base<36dcf210>, 130, 300, 15, 0) at <10578.502930, 234.631226, 1593.684448>
[COT 2025-09-25 02:34:25] 76561198024482897: ESP: Clearing ESP
[COT 2025-09-25 02:49:14] 76561198024482897: Set Blood To 4556.29 [guid=0nsyEhm9INQy3se8y-fXlbMHVv4YsIXloUCLC2unDyo=]
[COT 2025-09-25 02:49:14] 76561198024482897: Set Energy To 2871.96 [guid=0nsyEhm9INQy3se8y-fXlbMHVv4YsIXloUCLC2unDyo=]
[COT 2025-09-25 02:49:14] 76561198024482897: Set Water To 3050.77 [guid=0nsyEhm9INQy3se8y-fXlbMHVv4YsIXloUCLC2unDyo=]
