[COT 2025-09-11 02:51:37] 76561198024482897: Activated Community Online Tools [guid=0nsyEhm9INQy3se8y-fXlbMHVv4YsIXloUCLC2unDyo=]
[COT 2025-09-11 02:51:38] 76561198024482897: Set GodMode To true [guid=0nsyEhm9INQy3se8y-fXlbMHVv4YsIXloUCLC2unDyo=]
[COT 2025-09-11 02:51:42] 76561198024482897: Set Invisibility To 1 [guid=0nsyEhm9INQy3se8y-fXlbMHVv4YsIXloUCLC2unDyo=]
[COT 2025-09-11 02:51:43] 76561198024482897: Set Invisibility To 0 [guid=0nsyEhm9INQy3se8y-fXlbMHVv4YsIXloUCLC2unDyo=]
[COT 2025-09-11 02:51:46] 76561198024482897: Set AdminNVG To true [guid=0nsyEhm9INQy3se8y-fXlbMHVv4YsIXloUCLC2unDyo=]
[COT 2025-09-11 02:51:47] 76561198024482897: Set UnlimitedAmmo To true [guid=0nsyEhm9INQy3se8y-fXlbMHVv4YsIXloUCLC2unDyo=]
[COT 2025-09-11 02:51:47] 76561198024482897: Set UnlimitedStamina To true [guid=0nsyEhm9INQy3se8y-fXlbMHVv4YsIXloUCLC2unDyo=]
[COT 2025-09-11 02:52:03] 76561198024482897: ESP: Viewing ESP
[COT 2025-09-11 02:53:53] 76561198024482897: Set GodMode To false [guid=0nsyEhm9INQy3se8y-fXlbMHVv4YsIXloUCLC2unDyo=]
[COT 2025-09-11 02:53:54] 76561198024482897: Set GodMode To true [guid=0nsyEhm9INQy3se8y-fXlbMHVv4YsIXloUCLC2unDyo=]
[COT 2025-09-11 03:01:47] 76561198024482897: Teleported 76561198024482897 to position <751.132751, 531.404846, 1227.155273>
[COT 2025-09-11 03:01:53] 76561198024482897: Set AdminNVG To false [guid=0nsyEhm9INQy3se8y-fXlbMHVv4YsIXloUCLC2unDyo=]
[COT 2025-09-11 03:05:41] 76561198024482897: Entered the Free Camera
[COT 2025-09-11 03:07:00] 76561198024482897: Left the Free Camera
[COT 2025-09-11 03:07:03] 76561198024482897: Set GodMode To false [guid=0nsyEhm9INQy3se8y-fXlbMHVv4YsIXloUCLC2unDyo=]
[COT 2025-09-11 03:07:03] 76561198024482897: Set GodMode To true [guid=0nsyEhm9INQy3se8y-fXlbMHVv4YsIXloUCLC2unDyo=]
[COT 2025-09-11 03:07:07] 76561198024482897: Teleported 76561198024482897 to position <940.040710, 524.035828, 1183.903564>
[COT 2025-09-11 03:07:18] 76561198024482897: Created Deletion Backup '2025-09-11_03-07-18'
[COT 2025-09-11 03:07:18] 76561198024482897: ESP index=0 target=ZmbM_usSoldier_Officer_Desert:628 position=<550.054138, 595.012878, 1184.973877> action=delete
[COT 2025-09-11 03:07:18] 76561198024482897: ESP index=1 target=ZmbM_SoldierNormal:626 position=<567.971558, 612.237305, 1102.207275> action=delete
[COT 2025-09-11 03:07:18] 76561198024482897: ESP index=2 target=ZmbM_PatrolNormal_PautRev:625 position=<564.061218, 611.854126, 1099.331543> action=delete
[COT 2025-09-11 03:07:18] 76561198024482897: ESP index=3 target=ZmbM_SoldierNormal:624 position=<507.991425, 592.950256, 1174.266357> action=delete
[COT 2025-09-11 03:07:18] 76561198024482897: ESP index=4 target=ZmbM_PatrolNormal_Flat:627 position=<505.145508, 591.559021, 1177.496216> action=delete
[COT 2025-09-11 03:07:18] 76561198024482897: ESP action=delete_all count=5 attempted=5
[COT 2025-09-11 03:43:57] 76561198024482897: Set GodMode To false [guid=0nsyEhm9INQy3se8y-fXlbMHVv4YsIXloUCLC2unDyo=]
[COT 2025-09-11 03:43:58] 76561198024482897: Set GodMode To true [guid=0nsyEhm9INQy3se8y-fXlbMHVv4YsIXloUCLC2unDyo=]
[COT 2025-09-11 03:44:25] 76561198024482897: Teleported 76561198024482897 to position <7334.977051, 227.437958, 6232.309570>
[COT 2025-09-11 03:44:39] 76561198024482897: Teleported 76561198024482897 to position <1888.241821, 201.642242, 7315.055176>
[COT 2025-09-11 03:55:16] 76561198024482897: ESP: Clearing ESP
[COT 2025-09-11 04:06:02] 76561198024482897: Entered the Free Camera
[COT 2025-09-11 04:06:33] 76561198024482897: Left the Free Camera
[COT 2025-09-11 04:12:04] 76561198024482897: Set GodMode To false [guid=0nsyEhm9INQy3se8y-fXlbMHVv4YsIXloUCLC2unDyo=]
[COT 2025-09-11 04:12:04] 76561198024482897: Set GodMode To true [guid=0nsyEhm9INQy3se8y-fXlbMHVv4YsIXloUCLC2unDyo=]
[COT 2025-09-11 04:13:19] 76561198024482897: Set GodMode To false [guid=0nsyEhm9INQy3se8y-fXlbMHVv4YsIXloUCLC2unDyo=]
[COT 2025-09-11 04:13:19] 76561198024482897: Set GodMode To true [guid=0nsyEhm9INQy3se8y-fXlbMHVv4YsIXloUCLC2unDyo=]
[COT 2025-09-11 04:13:53] 76561198024482897: Spawned Entity Land Rover Defender (Expansion_Landrover_Red<64d395a0>, 100, 3000, 15, 0) at <1812.854614, 200.008179, 7366.744629>
[COT 2025-09-11 04:14:13] 76561198024482897: Deleted Entity Expansion_Landrover_Red:9630 at <1812.858032, 199.975647, 7366.763672>
[COT 2025-09-11 04:14:19] 76561198024482897: Spawned Entity Land Rover Defender (Expansion_Landrover_Red<64d395a0>, 100, 3000, 15, 0) at <1811.850098, 199.994171, 7366.357422>
[COT 2025-09-11 04:15:12] 76561198024482897: Spawned Entity Land Rover Defender (Expansion_Landrover_Blue<d101070>, 100, 3000, 15, 0) at <2026.252441, 208.307755, 7375.456055>
[COT 2025-09-11 04:15:37] 76561198024482897: Set GodMode To false [guid=0nsyEhm9INQy3se8y-fXlbMHVv4YsIXloUCLC2unDyo=]
[COT 2025-09-11 04:15:37] 76561198024482897: Set GodMode To true [guid=0nsyEhm9INQy3se8y-fXlbMHVv4YsIXloUCLC2unDyo=]
[COT 2025-09-11 04:15:43] 76561198024482897: Spawned Entity Land Rover Defender (Expansion_Landrover_Green<97a7d2f0>, 100, 3000, 15, 0) at <1965.837646, 206.987442, 7367.228027>
[COT 2025-09-11 04:15:55] 76561198024482897: Deleted Entity Expansion_Landrover_Green:9369 at <1965.911377, 208.105728, 7368.082520>
[COT 2025-09-11 04:16:00] 76561198024482897: Spawned Entity Land Rover Defender (Expansion_Landrover_Green<fdea770>, 100, 3000, 15, 0) at <1978.419556, 206.762817, 7370.626953>
[COT 2025-09-11 04:16:27] 76561198024482897: Teleported 76561198024482897 to position <1592.901855, 196.472153, 7307.479980>
[COT 2025-09-11 04:16:34] 76561198024482897: Spawned Entity Land Rover Defender (Expansion_Landrover_Orange<fde7b60>, 100, 3000, 15, 0) at <1585.836792, 196.519714, 7303.039551>
[COT 2025-09-11 04:17:02] 76561198024482897: Spawned Entity Ada 4x4 (OffroadHatchback<fdeff90>, 100, 1000, 15, 0) at <1709.187622, 198.446518, 7317.972656>
[COT 2025-09-11 04:19:30] 76561198024482897: Spawned Entity UAZ 469 Cargo (ExpansionUAZ<fdf2ba0>, 100, 1000, 15, 0) at <1738.291992, 200.151413, 7354.131836>
[COT 2025-09-11 04:20:21] 76561198024482897: Entered the Free Camera
[COT 2025-09-11 04:20:28] 76561198024482897: Left the Free Camera
[COT 2025-09-11 04:25:22] 76561198024482897: Set GodMode To false [guid=0nsyEhm9INQy3se8y-fXlbMHVv4YsIXloUCLC2unDyo=]
[COT 2025-09-11 04:25:23] 76561198024482897: Set GodMode To true [guid=0nsyEhm9INQy3se8y-fXlbMHVv4YsIXloUCLC2unDyo=]
[COT 2025-09-11 04:25:25] 76561198024482897: Deleted Entity ExpansionUh1h_Resistance:29725 at <1907.275879, 204.750381, 7357.600098>
[COT 2025-09-11 04:55:20] 76561198024482897: Set GodMode To false [guid=0nsyEhm9INQy3se8y-fXlbMHVv4YsIXloUCLC2unDyo=]
[COT 2025-09-11 04:55:21] 76561198024482897: Set GodMode To true [guid=0nsyEhm9INQy3se8y-fXlbMHVv4YsIXloUCLC2unDyo=]
[COT 2025-09-11 05:04:39] 76561198024482897: ESP: Viewing ESP
[COT 2025-09-11 05:04:40] 76561198024482897: ESP: Clearing ESP
