[COT 2025-09-25 18:49:58] 76561198024482897: Activated Community Online Tools [guid=0nsyEhm9INQy3se8y-fXlbMHVv4YsIXloUCLC2unDyo=]
[COT 2025-09-25 18:50:21] 76561198024482897: Spawned Entity Boxed .308 WIN Rounds (AmmoBox_308Win_20Rnd<ee972d10>, 100, 100, 15, 0) at <8344.399414, 331.702911, 1637.622314>
[COT 2025-09-25 18:50:35] 76561198024482897: Spawned Entity .308 WIN Rounds (Ammo_308Win<e8102de0>, 20, 100, 15, 0) at <8344.735352, 331.702911, 1638.032471>
[COT 2025-09-25 20:51:03] 76561198024482897: Activated Community Online Tools [guid=0nsyEhm9INQy3se8y-fXlbMHVv4YsIXloUCLC2unDyo=]
[COT 2025-09-25 23:27:11] 76561198024482897: Activated Community Online Tools [guid=0nsyEhm9INQy3se8y-fXlbMHVv4YsIXloUCLC2unDyo=]
[COT 2025-09-25 23:29:40] 76561198024482897: Spawned Entity Land Rover Defender (Expansion_Landrover_Orange<27092160>, 100, 3000, 15, 0) at <8335.142578, 335.709778, 1638.991455>
[COT 2025-09-25 23:29:49] 76561198024482897: Deactivated Community Online Tools [guid=0nsyEhm9INQy3se8y-fXlbMHVv4YsIXloUCLC2unDyo=]
[COT 2025-09-25 23:29:50] 76561198024482897: Activated Community Online Tools [guid=0nsyEhm9INQy3se8y-fXlbMHVv4YsIXloUCLC2unDyo=]
[COT 2025-09-25 23:29:57] 76561198024482897: Set AdminNVG To true [guid=0nsyEhm9INQy3se8y-fXlbMHVv4YsIXloUCLC2unDyo=]
[COT 2025-09-25 23:32:34] 76561198024482897: Deleted Entity Expansion_Landrover_Orange:17588 at <8335.143555, 335.678345, 1638.992310>
[COT 2025-09-25 23:32:45] 76561198024482897: Spawned Entity Land Rover Defender (Expansion_Landrover_Orange<27081900>, 100, 3000, 15, 0) at <8335.247070, 335.709778, 1639.985596>
[COT 2025-09-25 23:35:51] 76561198024482897: Spawned Entity Land Rover Defender Wheel (Expansion_Landrover_Wheel<ea1aef00>, 100, 800, 15, 0) at <8337.957031, 335.709778, 1637.641602>
[COT 2025-09-25 23:47:20] 76561198024482897: Activated Community Online Tools [guid=0nsyEhm9INQy3se8y-fXlbMHVv4YsIXloUCLC2unDyo=]
[COT 2025-09-25 23:47:25] 76561198024482897: Deleted Entity Expansion_Landrover_Right_Orange:29083 at <8337.859375, 334.778107, 1641.088257>
[COT 2025-09-25 23:47:33] 76561198024482897: Deleted Entity Expansion_Landrover_Codriverdoor_Orange:22084 at <8333.948242, 335.767242, 1639.711670>
[COT 2025-09-25 23:47:35] 76561198024482897: Deleted Entity Expansion_Landrover_Left_Orange:22095 at <8333.935547, 335.761169, 1639.536987>
[COT 2025-09-25 23:49:05] 76561198024482897: Teleported 76561198024482897 to position <5949.970215, 170.421097, 10523.080078>
[COT 2025-09-25 23:54:41] 76561198024482897: Teleported 76561198024482897 to position <8345.118164, 330.653351, 1629.491455>
[COT 2025-09-25 23:54:49] 76561198024482897: Teleported 76561198024482897 to position <8344.306641, 334.558838, 1630.572510>
[COT 2025-09-26 02:45:14] 76561198024482897: Activated Community Online Tools [guid=0nsyEhm9INQy3se8y-fXlbMHVv4YsIXloUCLC2unDyo=]
[COT 2025-09-26 02:46:08] 76561198024482897: Spawned Entity HCO (ItemOptics<c30d99c0>, 10, 800, 15, 0) at <8343.353516, 331.703827, 1631.379395>
[COT 2025-09-26 03:10:06] 76561198024482897: Deactivated Community Online Tools [guid=0nsyEhm9INQy3se8y-fXlbMHVv4YsIXloUCLC2unDyo=]
[COT 2025-09-26 03:16:04] 76561198024482897: Activated Community Online Tools [guid=0nsyEhm9INQy3se8y-fXlbMHVv4YsIXloUCLC2unDyo=]
[COT 2025-09-26 03:22:18] 76561198024482897: Deactivated Community Online Tools [guid=0nsyEhm9INQy3se8y-fXlbMHVv4YsIXloUCLC2unDyo=]
[COT 2025-09-26 03:33:21] 76561198024482897: Activated Community Online Tools [guid=0nsyEhm9INQy3se8y-fXlbMHVv4YsIXloUCLC2unDyo=]
[COT 2025-09-26 03:33:38] 76561198024482897: ESP: Viewing ESP
[COT 2025-09-26 03:34:00] 76561198024482897: ESP: Clearing ESP
