[COT 2025-09-12 05:51:41] 76561198024482897: Activated Community Online Tools [guid=0nsyEhm9INQy3se8y-fXlbMHVv4YsIXloUCLC2unDyo=]
[COT 2025-09-12 05:51:42] 76561198024482897: Set GodMode To true [guid=0nsyEhm9INQy3se8y-fXlbMHVv4YsIXloUCLC2unDyo=]
[COT 2025-09-12 05:52:01] 76561198024482897: Entered the Free Camera
[COT 2025-09-12 05:52:39] 76561198024482897: Left the Free Camera
[COT 2025-09-12 05:52:58] 76561198024482897: Set UnlimitedStamina To true [guid=0nsyEhm9INQy3se8y-fXlbMHVv4YsIXloUCLC2unDyo=]
[COT 2025-09-12 05:52:58] 76561198024482897: Set UnlimitedAmmo To true [guid=0nsyEhm9INQy3se8y-fXlbMHVv4YsIXloUCLC2unDyo=]
[COT 2025-09-12 06:37:45] 76561198024482897: Spawned Entity Aviation Flight Suit (FOG_FlightSuit_ColorBase<4326570>, 5, 300, 15, 0) at <6853.888184, 376.816956, 4192.480957>
[COT 2025-09-12 06:39:43] 76561198024482897: Spawned Entity G99 Pants (FOG_G99_Pants_CB<f56dcf10>, 5, 300, 15, 0) at <6857.081543, 376.998169, 4193.174316>
[COT 2025-09-12 06:44:53] 76561198024482897: Spawned Entity Electrical Repair Kit (ElectronicRepairKit<433b4c0>, 100, 50, 15, 0) at <6860.206055, 376.827637, 4193.635254>
[COT 2025-09-12 06:44:53] 76561198024482897: Spawned Entity Electrical Repair Kit (ElectronicRepairKit<433c050>, 100, 50, 15, 0) at <6860.186523, 376.897827, 4193.649414>
[COT 2025-09-12 06:44:53] 76561198024482897: Spawned Entity Electrical Repair Kit (ElectronicRepairKit<433ee90>, 100, 50, 15, 0) at <6860.187012, 376.898102, 4193.649414>
[COT 2025-09-12 06:45:04] 76561198024482897: Spawned Entity Gun Cleaning Kit (WeaponCleaningKit<6c2fdb80>, 100, 100, 15, 0) at <6860.007813, 376.899536, 4191.787598>
[COT 2025-09-12 06:45:05] 76561198024482897: Spawned Entity Gun Cleaning Kit (WeaponCleaningKit<6c304f20>, 100, 100, 15, 0) at <6859.980957, 377.002197, 4191.816406>
[COT 2025-09-12 06:45:05] 76561198024482897: Spawned Entity Gun Cleaning Kit (WeaponCleaningKit<6c2ff2a0>, 100, 100, 15, 0) at <6859.953613, 377.104645, 4191.843750>
[COT 2025-09-12 06:45:05] 76561198024482897: Spawned Entity Gun Cleaning Kit (WeaponCleaningKit<6c306640>, 100, 100, 15, 0) at <6859.954590, 377.104706, 4191.843262>
[COT 2025-09-12 06:45:34] 76561198024482897: Set GodMode To false [guid=0nsyEhm9INQy3se8y-fXlbMHVv4YsIXloUCLC2unDyo=]
[COT 2025-09-12 06:45:35] 76561198024482897: Set GodMode To true [guid=0nsyEhm9INQy3se8y-fXlbMHVv4YsIXloUCLC2unDyo=]
[COT 2025-09-12 06:45:56] 76561198024482897: Spawned Entity Gyrocopter (ExpansionGyrocopter<e5109d70>, 100, 2750, 15, 0) at <6859.146973, 376.899170, 4189.442383>
[COT 2025-09-12 06:54:09] 76561198024482897: Entered the Free Camera
[COT 2025-09-12 06:54:32] 76561198024482897: Left the Free Camera
[COT 2025-09-12 06:54:34] 76561198024482897: Set GodMode To false [guid=0nsyEhm9INQy3se8y-fXlbMHVv4YsIXloUCLC2unDyo=]
[COT 2025-09-12 06:54:35] 76561198024482897: Set GodMode To true [guid=0nsyEhm9INQy3se8y-fXlbMHVv4YsIXloUCLC2unDyo=]
[COT 2025-09-12 06:54:55] 76561198024482897: Set GodMode To false [guid=0nsyEhm9INQy3se8y-fXlbMHVv4YsIXloUCLC2unDyo=]
[COT 2025-09-12 06:54:55] 76561198024482897: Set GodMode To true [guid=0nsyEhm9INQy3se8y-fXlbMHVv4YsIXloUCLC2unDyo=]
[COT 2025-09-12 06:55:04] 76561198024482897: Spawned Entity Gyrocopter (ExpansionGyrocopter<e50e0880>, 100, 2750, 15, 0) at <3717.619385, 238.020004, 10097.312500>
[COT 2025-09-12 06:55:08] 76561198024482897: Spawned Entity Gyrocopter (ExpansionGyrocopter<e50e8cb0>, 100, 2750, 15, 0) at <3710.285156, 238.020004, 10090.081055>
[COT 2025-09-12 06:55:11] 76561198024482897: Spawned Entity Gyrocopter (ExpansionGyrocopter<e50f6900>, 100, 2750, 15, 0) at <3701.597900, 238.020004, 10080.972656>
[COT 2025-09-12 06:55:26] 76561198024482897: Spawned Entity UH-1H (ExpansionUh1h<e51121a0>, 100, 7500, 15, 0) at <3728.657959, 238.020020, 10066.376953>
[COT 2025-09-12 06:55:30] 76561198024482897: Deleted Entity ExpansionUh1h_Resistance:17422 at <3728.658203, 238.117340, 10066.365234>
[COT 2025-09-12 06:55:33] 76561198024482897: Spawned Entity UH-1H (ExpansionUh1h<e51121a0>, 100, 7500, 15, 0) at <3730.384521, 238.020004, 10066.432617>
[COT 2025-09-12 06:55:50] 76561198024482897: Deleted Entity ExpansionGyrocopter:32392 at <3710.250488, 238.098297, 10090.081055>
[COT 2025-09-12 06:55:53] 76561198024482897: Deleted Entity ExpansionGyrocopter:32456 at <3717.579834, 238.098297, 10097.312500>
[COT 2025-09-12 06:55:55] 76561198024482897: Set GodMode To false [guid=0nsyEhm9INQy3se8y-fXlbMHVv4YsIXloUCLC2unDyo=]
[COT 2025-09-12 06:55:56] 76561198024482897: Set GodMode To true [guid=0nsyEhm9INQy3se8y-fXlbMHVv4YsIXloUCLC2unDyo=]
[COT 2025-09-12 06:56:04] 76561198024482897: Spawned Entity Gyrocopter (ExpansionGyrocopter<e50e0880>, 100, 2750, 15, 0) at <3716.756592, 238.020004, 10097.555664>
[COT 2025-09-12 06:56:21] 76561198024482897: Spawned Entity Gyrocopter (ExpansionGyrocopter<e50e8cb0>, 100, 2750, 15, 0) at <3710.643799, 238.020004, 10090.529297>
[COT 2025-09-12 06:56:26] 76561198024482897: Set GodMode To false [guid=0nsyEhm9INQy3se8y-fXlbMHVv4YsIXloUCLC2unDyo=]
[COT 2025-09-12 06:56:27] 76561198024482897: Deleted Entity ExpansionGyrocopter:8814 at <3710.622314, 238.098297, 10090.530273>
[COT 2025-09-12 06:56:30] 76561198024482897: Deleted Entity ExpansionGyrocopter:10124 at <3716.503662, 238.098343, 10097.554688>
[COT 2025-09-12 06:56:31] 76561198024482897: Set GodMode To true [guid=0nsyEhm9INQy3se8y-fXlbMHVv4YsIXloUCLC2unDyo=]
[COT 2025-09-12 06:56:34] 76561198024482897: Spawned Entity Gyrocopter (ExpansionGyrocopter<e50e0880>, 100, 2750, 15, 0) at <3715.600830, 238.020004, 10096.041992>
[COT 2025-09-12 06:56:49] 76561198024482897: Spawned Entity Gyrocopter (ExpansionGyrocopter<e50e8cb0>, 100, 2750, 15, 0) at <3708.564453, 238.019989, 10087.952148>
[COT 2025-09-12 06:57:01] 76561198024482897: Spawned Entity Merlin (ExpansionMerlin<e510c980>, 100, 10000, 15, 0) at <3734.747803, 238.019989, 10093.241211>
[COT 2025-09-12 06:57:58] 76561198024482897: Teleported 76561198024482897 to position <6878.598633, 377.641266, 4170.852051>
[COT 2025-09-12 06:58:17] 76561198024482897: Spawned Entity Gyrocopter (ExpansionGyrocopter<e510f590>, 100, 2750, 15, 0) at <6864.185059, 376.870300, 4143.147949>
[COT 2025-09-12 06:58:35] 76561198024482897: Set GodMode To false [guid=0nsyEhm9INQy3se8y-fXlbMHVv4YsIXloUCLC2unDyo=]
[COT 2025-09-12 06:58:35] 76561198024482897: Set GodMode To true [guid=0nsyEhm9INQy3se8y-fXlbMHVv4YsIXloUCLC2unDyo=]
