[COT 2025-09-02 17:17:13] 76561198024482897: Activated Community Online Tools [guid=0nsyEhm9INQy3se8y-fXlbMHVv4YsIXloUCLC2unDyo=]
[COT 2025-09-02 17:18:20] 76561198024482897: Deactivated Community Online Tools [guid=0nsyEhm9INQy3se8y-fXlbMHVv4YsIXloUCLC2unDyo=]
[COT 2025-09-02 17:18:21] 76561198024482897: Activated Community Online Tools [guid=0nsyEhm9INQy3se8y-fXlbMHVv4YsIXloUCLC2unDyo=]
[COT 2025-09-02 17:18:42] 76561198024482897: Spectating [guid=7EOOpe6Cv8QB45p22zWB29TPheQCYualmurDzSA3CR0=]
[COT 2025-09-02 17:22:26] 76561198024482897: Stopped spectating
[COT 2025-09-02 17:35:25] 76561198024482897: Spawned Entity Heavy Riders Jacket (FOG_HeavyRiders_Jacket_RB<6f591a90>, 100, 300, 15, 0) at <8343.877930, 331.702911, 1639.264771>
[COT 2025-09-02 17:35:38] 76561198024482897: Deleted Entity FOG_HeavyRiders_Jacket_RB:27598 at <8343.877930, 331.702118, 1639.264771>
[COT 2025-09-02 17:36:01] 76561198024482897: Spawned Entity Tactical Winter Coat (FOG_Shirt_Tactical_Coat_Black<6f59df20>, 100, 300, 15, 0) at <8343.902344, 331.702911, 1639.035034>
[COT 2025-09-02 17:36:35] 76561198024482897: Deleted Entity FOG_Shirt_Tactical_Coat_Black:29829 at <8345.176758, 331.703033, 1637.765381>
[COT 2025-09-02 17:36:53] 76561198024482897: Spawned Entity Hooded Parka (FOG_Hooded_Parka_RG<6f2c9310>, 100, 300, 15, 0) at <8344.528320, 331.702911, 1638.419556>
[COT 2025-09-02 17:37:06] 76561198024482897: Deleted Entity FOG_Hooded_Parka_RG:29805 at <8344.528320, 331.704529, 1638.419556>
[COT 2025-09-02 17:41:04] 76561198024482897: Deactivated Community Online Tools [guid=0nsyEhm9INQy3se8y-fXlbMHVv4YsIXloUCLC2unDyo=]
[COT 2025-09-02 17:41:04] 76561198024482897: Activated Community Online Tools [guid=0nsyEhm9INQy3se8y-fXlbMHVv4YsIXloUCLC2unDyo=]
[COT 2025-09-02 17:45:13] 76561198024482897: Set GodMode To true [guid=0nsyEhm9INQy3se8y-fXlbMHVv4YsIXloUCLC2unDyo=]
[COT 2025-09-02 17:45:14] 76561198024482897: Set GodMode To false [guid=0nsyEhm9INQy3se8y-fXlbMHVv4YsIXloUCLC2unDyo=]
[COT 2025-09-02 17:46:22] 76561198024482897: Deactivated Community Online Tools [guid=0nsyEhm9INQy3se8y-fXlbMHVv4YsIXloUCLC2unDyo=]
[COT 2025-09-02 17:46:24] 76561198024482897: Activated Community Online Tools [guid=0nsyEhm9INQy3se8y-fXlbMHVv4YsIXloUCLC2unDyo=]
[COT 2025-09-02 17:46:33] 76561198024482897: Teleported 76561198024482897 to position <8344.354492, 329.292694, 1636.939209>
[COT 2025-09-02 17:47:39] 76561198024482897: Set GodMode To true [guid=0nsyEhm9INQy3se8y-fXlbMHVv4YsIXloUCLC2unDyo=]
[COT 2025-09-02 17:47:39] 76561198024482897: Set GodMode To false [guid=0nsyEhm9INQy3se8y-fXlbMHVv4YsIXloUCLC2unDyo=]
[COT 2025-09-02 17:47:44] 76561198024482897: Deleted Entity TaloonBag_Violet:15790 at <8350.160156, 322.735596, 1638.616821>
[COT 2025-09-02 17:59:10] 76561198024482897: Updated roles [guid=0nsyEhm9INQy3se8y-fXlbMHVv4YsIXloUCLC2unDyo=]
