[COT 2025-09-23 01:27:28] 76561198962655176: Activated Community Online Tools [guid=_AiYSOqBTsXk7V79zSlYdl-x8y50J1nzzpoqKcKH0v8=]
[COT 2025-09-23 01:27:32] 76561198962655176: Teleported _AiYSOqBTsXk7V79zSlYdl-x8y50J1nzzpoqKcKH0v8= to (Gieraltów, <11238.810547, 339.059998, 4380.425293>)
[COT 2025-09-23 01:27:57] 76561198962655176: Deactivated Community Online Tools [guid=_AiYSOqBTsXk7V79zSlYdl-x8y50J1nzzpoqKcKH0v8=]
[COT 2025-09-23 01:33:15] 76561198962655176: Activated Community Online Tools [guid=_AiYSOqBTsXk7V79zSlYdl-x8y50J1nzzpoqKcKH0v8=]
[COT 2025-09-23 01:33:19] 76561198962655176: Deactivated Community Online Tools [guid=_AiYSOqBTsXk7V79zSlYdl-x8y50J1nzzpoqKcKH0v8=]
[COT 2025-09-23 01:36:47] 76561198962655176: Activated Community Online Tools [guid=_AiYSOqBTsXk7V79zSlYdl-x8y50J1nzzpoqKcKH0v8=]
[COT 2025-09-23 01:36:59] 76561198962655176: Deactivated Community Online Tools [guid=_AiYSOqBTsXk7V79zSlYdl-x8y50J1nzzpoqKcKH0v8=]
[COT 2025-09-23 01:37:26] 76561198962655176: Activated Community Online Tools [guid=_AiYSOqBTsXk7V79zSlYdl-x8y50J1nzzpoqKcKH0v8=]
[COT 2025-09-23 01:37:58] 76561198962655176: Spawned Entity MMG Equipment Locker Green Kit (mmg_equipment_locker_green_kit<d9c73e60>, 100, 1000, 15, 0) at <11310.272461, 351.841187, 4216.011719>
[COT 2025-09-23 01:38:04] 76561198962655176: Spawned Entity MMG TA-50 Locker Kit Blue (mmg_locker02_blue_kit<d9c6e1e0>, 100, 1000, 15, 0) at <11310.272461, 351.841187, 4216.011719>
[COT 2025-09-23 01:54:51] 76561198962655176: Spawned Entity Gunrack (ExpansionGunrack<ef6cc020>, 100, 600, 15, 0) at <11311.663086, 351.841156, 4213.961914>
[COT 2025-09-23 01:54:52] 76561198962655176: Spawned Entity Gunrack (ExpansionGunrack<ef6c5810>, 100, 600, 15, 0) at <11311.663086, 351.841156, 4213.961914>
[COT 2025-09-23 01:55:09] 76561198962655176: Deleted Entity ExpansionGunrack:7415 at <11311.663086, 351.840607, 4213.961914>
[COT 2025-09-23 01:55:11] 76561198962655176: Deleted Entity ExpansionGunrack:10752 at <11311.663086, 351.840607, 4213.961914>
[COT 2025-09-23 01:55:22] 76561198962655176: Spawned Entity Gunrack (ExpansionGunrack<c30900f0>, 100, 600, 15, 0) at <11309.963867, 351.841187, 4212.878906>
[COT 2025-09-23 01:55:23] 76561198962655176: Spawned Entity Gunrack (ExpansionGunrack<c308c720>, 100, 600, 15, 0) at <11309.963867, 351.841187, 4212.878906>
[COT 2025-09-23 02:01:47] 76561198962655176: Spawned Entity Firewood (Firewood<c2c44330>, 3, 500, 15, 0) at <11306.201172, 355.856720, 4228.856934>
[COT 2025-09-23 02:01:48] 76561198962655176: Spawned Entity Firewood (Firewood<c2c3f240>, 3, 500, 15, 0) at <11306.201172, 355.856720, 4228.856934>
[COT 2025-09-23 02:01:48] 76561198962655176: Spawned Entity Firewood (Firewood<c2c4c260>, 3, 500, 15, 0) at <11306.201172, 355.856720, 4228.856934>
[COT 2025-09-23 02:05:01] 76561198962655176: Spawned Entity #str_TCG_Book1 (ItemBase<cfd7c9c0>, 1, 100, 15, 0) at <11302.789063, 351.841217, 4224.145996>
