[COT 2025-08-29 03:21:51] 76561198024482897: Activated Community Online Tools [guid=0nsyEhm9INQy3se8y-fXlbMHVv4YsIXloUCLC2unDyo=]
[COT 2025-08-29 03:26:27] 76561198024482897: Deactivated Community Online Tools [guid=0nsyEhm9INQy3se8y-fXlbMHVv4YsIXloUCLC2unDyo=]
[COT 2025-08-29 03:26:28] 76561198024482897: Activated Community Online Tools [guid=0nsyEhm9INQy3se8y-fXlbMHVv4YsIXloUCLC2unDyo=]
[COT 2025-08-29 03:26:29] 76561198024482897: Deactivated Community Online Tools [guid=0nsyEhm9INQy3se8y-fXlbMHVv4YsIXloUCLC2unDyo=]
[COT 2025-08-29 04:36:21] 76561198024482897: Activated Community Online Tools [guid=0nsyEhm9INQy3se8y-fXlbMHVv4YsIXloUCLC2unDyo=]
[COT 2025-08-29 04:45:46] 76561198024482897: Deactivated Community Online Tools [guid=0nsyEhm9INQy3se8y-fXlbMHVv4YsIXloUCLC2unDyo=]
[COT 2025-08-29 05:14:06] 76561198024482897: Activated Community Online Tools [guid=0nsyEhm9INQy3se8y-fXlbMHVv4YsIXloUCLC2unDyo=]
[COT 2025-08-29 05:14:08] 76561198024482897: Deactivated Community Online Tools [guid=0nsyEhm9INQy3se8y-fXlbMHVv4YsIXloUCLC2unDyo=]
[COT 2025-08-29 06:00:34] 76561198024482897: Activated Community Online Tools [guid=0nsyEhm9INQy3se8y-fXlbMHVv4YsIXloUCLC2unDyo=]
[COT 2025-08-29 06:05:45] 76561198024482897: Deactivated Community Online Tools [guid=0nsyEhm9INQy3se8y-fXlbMHVv4YsIXloUCLC2unDyo=]
[COT 2025-08-29 06:08:08] 76561198024482897: Activated Community Online Tools [guid=0nsyEhm9INQy3se8y-fXlbMHVv4YsIXloUCLC2unDyo=]
[COT 2025-08-29 06:18:59] 76561198024482897: Deactivated Community Online Tools [guid=0nsyEhm9INQy3se8y-fXlbMHVv4YsIXloUCLC2unDyo=]
[COT 2025-08-29 06:19:00] 76561198024482897: Activated Community Online Tools [guid=0nsyEhm9INQy3se8y-fXlbMHVv4YsIXloUCLC2unDyo=]
[COT 2025-08-29 06:20:40] 76561198024482897: Spawned Entity Ada 4x4 (OffroadHatchback<78a87ed0>, 100, 1000, 15, 0) at <8352.095703, 322.619995, 1637.545288>
[COT 2025-08-29 07:06:37] 76561198024482897: Spawned Entity KAS-74U (AKS74U<e1cdd8f0>, 100, 250, 15, 0) at <8343.428711, 331.703827, 1632.298096>
[COT 2025-08-29 07:06:40] 76561198024482897: Deactivated Community Online Tools [guid=0nsyEhm9INQy3se8y-fXlbMHVv4YsIXloUCLC2unDyo=]
[COT 2025-08-29 07:06:42] 76561198024482897: Activated Community Online Tools [guid=0nsyEhm9INQy3se8y-fXlbMHVv4YsIXloUCLC2unDyo=]
[COT 2025-08-29 07:07:36] 76561198024482897: Teleported 76561198024482897 to position <2018.658081, 208.222610, 7405.160645>
[COT 2025-08-29 07:17:13] 76561198024482897: Deactivated Community Online Tools [guid=0nsyEhm9INQy3se8y-fXlbMHVv4YsIXloUCLC2unDyo=]
[COT 2025-08-29 07:17:15] 76561198024482897: Activated Community Online Tools [guid=0nsyEhm9INQy3se8y-fXlbMHVv4YsIXloUCLC2unDyo=]
[COT 2025-08-29 07:18:34] 76561198024482897: ESP: Viewing ESP
[COT 2025-08-29 07:22:08] 76561198024482897: ESP: Clearing ESP
[COT 2025-08-29 07:23:09] 76561198024482897: Deactivated Community Online Tools [guid=0nsyEhm9INQy3se8y-fXlbMHVv4YsIXloUCLC2unDyo=]
[COT 2025-08-29 07:26:32] 76561198024482897: Activated Community Online Tools [guid=0nsyEhm9INQy3se8y-fXlbMHVv4YsIXloUCLC2unDyo=]
[COT 2025-08-29 07:26:49] 76561198024482897: Spawned Entity SSG 82 (SSG82_Base<f02acb40>, 100, 250, 15, 0) at <1940.595947, 225.757599, 7268.379395>
[COT 2025-08-29 07:35:43] 76561198024482897: Spawned Entity VSD (SVD_Wooden<ee42d4a0>, 100, 250, 15, 0) at <1946.611694, 229.347504, 7279.603027>
[COT 2025-08-29 07:38:55] 76561198024482897: Spawned Entity M70 Tundra (Winchester70_Base<e1cf53c0>, 100, 200, 15, 0) at <1942.761963, 229.347504, 7278.850586>
[COT 2025-08-29 07:41:48] 76561198024482897: Spawned Entity M79 (M79<d9320850>, 100, 200, 15, 0) at <1945.975586, 229.347504, 7280.053711>
[COT 2025-08-29 07:42:23] 76561198024482897: Spawned Entity M1918 Browning Rifle (SNAFU_M1918A2<e9fca210>, 100, 200, 15, 0) at <1946.280029, 229.347504, 7281.090820>
[COT 2025-08-29 07:42:56] 76561198024482897: Spawned Entity MP5SD (Expansion_MP5SD<e4eb64c0>, 100, 225, 15, 0) at <1946.961548, 229.451462, 7279.687012>
[COT 2025-08-29 07:43:22] 76561198024482897: Spawned Entity AWM (Expansion_AWM<f8256c30>, 100, 200, 15, 0) at <1945.920044, 229.347504, 7278.897461>
[COT 2025-08-29 07:45:24] 76561198024482897: Spawned Entity CR-527 (CZ527_Base<ee437e70>, 100, 300, 15, 0) at <1941.257813, 229.347504, 7277.344727>
[COT 2025-08-29 08:14:44] 76561198024482897: Activated Community Online Tools [guid=0nsyEhm9INQy3se8y-fXlbMHVv4YsIXloUCLC2unDyo=]
[COT 2025-08-29 08:19:23] 76561198024482897: Spawned Entity VSS (VSS<e4ec1ba0>, 100, 250, 15, 0) at <1936.663452, 229.347504, 7275.312500>
[COT 2025-08-29 08:20:14] 76561198024482897: Deactivated Community Online Tools [guid=0nsyEhm9INQy3se8y-fXlbMHVv4YsIXloUCLC2unDyo=]
[COT 2025-08-29 08:21:33] 76561198024482897: Activated Community Online Tools [guid=0nsyEhm9INQy3se8y-fXlbMHVv4YsIXloUCLC2unDyo=]
[COT 2025-08-29 08:22:16] 76561198024482897: Teleported 76561198024482897 to position <8351.370117, 322.619995, 1642.678101>
[COT 2025-08-29 08:22:51] 76561198024482897: Set GodMode To true [guid=0nsyEhm9INQy3se8y-fXlbMHVv4YsIXloUCLC2unDyo=]
[COT 2025-08-29 08:22:51] 76561198024482897: Set Invisibility To 1 [guid=0nsyEhm9INQy3se8y-fXlbMHVv4YsIXloUCLC2unDyo=]
[COT 2025-08-29 08:25:20] 76561198024482897: Teleported 76561198024482897 to position <4679.664063, 308.330933, 5040.215332>
[COT 2025-08-29 08:27:06] 76561198024482897: Teleported 76561198024482897 to position <5229.191406, 368.631989, 5582.481445>
[COT 2025-08-29 08:30:50] 76561198024482897: Healed [guid=0nsyEhm9INQy3se8y-fXlbMHVv4YsIXloUCLC2unDyo=]
[COT 2025-08-29 08:33:21] 76561198024482897: Teleported 76561198024482897 to position <8346.332031, 322.622162, 1645.108032>
[COT 2025-08-29 08:33:26] 76561198024482897: Set GodMode To false [guid=0nsyEhm9INQy3se8y-fXlbMHVv4YsIXloUCLC2unDyo=]
[COT 2025-08-29 08:33:27] 76561198024482897: Set Invisibility To 0 [guid=0nsyEhm9INQy3se8y-fXlbMHVv4YsIXloUCLC2unDyo=]
[COT 2025-08-29 08:38:06] 76561198024482897: Set GodMode To true [guid=0nsyEhm9INQy3se8y-fXlbMHVv4YsIXloUCLC2unDyo=]
[COT 2025-08-29 08:38:12] 76561198024482897: Teleported 76561198024482897 to position <1749.302734, 199.719391, 7340.344238>
[COT 2025-08-29 08:38:40] 76561198024482897: Spawned Entity Land Rover Defender (Expansion_Landrover_Orange<78a66e10>, 100, 3000, 15, 0) at <1748.624023, 199.765045, 7341.649902>
[COT 2025-08-29 08:43:05] 76561198024482897: Spawned Entity UH-1H (ExpansionUh1h<78a98730>, 100, 7500, 15, 0) at <1944.477417, 229.347488, 7271.474121>
[COT 2025-08-29 08:45:51] 76561198024482897: Teleported 76561198024482897 to position <1882.502686, 201.122513, 7330.290039>
[COT 2025-08-29 08:46:08] 76561198024482897: Spawned Entity Vodnik (ExpansionVodnik<5c15dd80>, 100, 10000, 15, 0) at <1880.505615, 201.047348, 7330.405273>
[COT 2025-08-29 08:52:32] 76561198024482897: Spawned Entity Vodnik (ExpansionVodnik<78a71e50>, 100, 10000, 15, 0) at <1876.986084, 200.961365, 7339.844727>
[COT 2025-08-29 08:54:27] 76561198024482897: Spawned Entity HK23e (SkyFall_HK23e<e4eaef30>, 100, 5000, 15, 0) at <1863.949219, 200.616714, 7311.844727>
[COT 2025-08-29 08:57:20] 76561198024482897: Spawned Entity Handcuffs (Handcuffs<f50c5460>, 100, 200, 15, 0) at <1899.408325, 208.393082, 7258.048828>
[COT 2025-08-29 09:01:17] 76561198024482897: Spawned Entity Handcuffs (Handcuffs<db564070>, 100, 200, 15, 0) at <1787.147583, 200.309769, 7353.938477>
[COT 2025-08-29 09:01:28] 76561198024482897: Spawned Entity PKP - Pecheneg (SkyFall_PKP<f02b7510>, 100, 5000, 15, 0) at <1786.776611, 200.305618, 7353.562988>
[COT 2025-08-29 09:01:28] 76561198024482897: Spawned Entity PKP - Pecheneg (SkyFall_PKP<f02d3e40>, 100, 5000, 15, 0) at <1786.799683, 200.426483, 7353.588867>
[COT 2025-08-29 09:01:28] 76561198024482897: Spawned Entity PKP - Pecheneg (SkyFall_PKP<f02cfcf0>, 100, 5000, 15, 0) at <1786.823364, 200.550369, 7353.614746>
[COT 2025-08-29 09:01:41] 76561198024482897: Deleted Entity SkyFall_PKP:14107 at <1786.799683, 200.497681, 7353.588867>
[COT 2025-08-29 09:01:47] 76561198024482897: Deleted Entity SkyFall_PKP:7123 at <1786.823364, 200.645126, 7353.614746>
[COT 2025-08-29 09:02:19] 76561198024482897: Spawned Entity Olga 24 (CivilianSedan_Black<78a69a20>, 100, 1000, 15, 0) at <1814.194458, 200.028564, 7304.647949>
[COT 2025-08-29 09:04:58] 76561198024482897: Spawned Entity M3S Covered (Truck_01_Covered_Blue<78aa0b60>, 100, 1500, 15, 0) at <1849.130249, 200.332993, 7300.207520>
[COT 2025-08-29 09:07:12] 76561198024482897: Spawned Entity UAZ 469 (ExpansionUAZ<78a69a20>, 100, 1000, 15, 0) at <1980.934204, 207.055145, 7376.376953>
[COT 2025-08-29 09:08:25] 76561198024482897: Teleported 76561198024482897 to position <8344.169922, 329.448792, 1636.800415>
[COT 2025-08-29 09:09:09] 76561198024482897: Deleted Entity SkyFall_PKP:20460 at <8343.201172, 331.774841, 1632.370361>
