[COT 2025-08-15 03:02:42] 76561198024482897: Activated Community Online Tools [guid=0nsyEhm9INQy3se8y-fXlbMHVv4YsIXloUCLC2unDyo=]
[COT 2025-08-15 03:03:09] 76561198024482897: Set Invisibility To 1 [guid=OKxcsvV2KsCqlVzELkqmfegOmuewD7pyeAvtZiRRMOU=]
[COT 2025-08-15 03:03:10] 76561198024482897: Set GodMode To true [guid=OKxcsvV2KsCqlVzELkqmfegOmuewD7pyeAvtZiRRMOU=]
[COT 2025-08-15 03:03:24] 76561198024482897: Set GodMode To false [guid=OKxcsvV2KsCqlVzELkqmfegOmuewD7pyeAvtZiRRMOU=]
[COT 2025-08-15 03:03:24] 76561198024482897: Set Invisibility To 0 [guid=OKxcsvV2KsCqlVzELkqmfegOmuewD7pyeAvtZiRRMOU=]
[COT 2025-08-15 03:06:27] 76561198024482897: ESP: Viewing ESP
[COT 2025-08-15 03:06:29] 76561198024482897: ESP: Clearing ESP
[COT 2025-08-15 03:06:30] 76561198024482897: ESP: Viewing ESP
[COT 2025-08-15 03:06:35] 76561198024482897: ESP: Clearing ESP
[COT 2025-08-15 03:06:40] 76561198024482897: ESP: Viewing ESP
[COT 2025-08-15 03:06:42] 76561198024482897: ESP: Clearing ESP
[COT 2025-08-15 03:06:47] 76561198024482897: ESP: Viewing ESP
[COT 2025-08-15 03:06:56] 76561198024482897: ESP target=TLC_Bench4<9a44bb60> action=position value=<8345.679688, 338.058014, 1634.449951>
[COT 2025-08-15 03:06:57] 76561198024482897: ESP target=TLC_Bench4<9a44bb60> action=position value=<8345.679688, 338.058014, 1634.550049>
[COT 2025-08-15 03:06:57] 76561198024482897: ESP target=TLC_Bench4<9a44bb60> action=position value=<8345.679688, 338.058014, 1634.650024>
[COT 2025-08-15 03:06:58] 76561198024482897: ESP target=TLC_Bench4<9a44bb60> action=position value=<8345.780273, 338.058014, 1634.650024>
[COT 2025-08-15 03:06:58] 76561198024482897: ESP target=TLC_Bench4<9a44bb60> action=position value=<8345.879883, 338.058014, 1634.650024>
[COT 2025-08-15 03:06:59] 76561198024482897: ESP target=TLC_Bench4<9a44bb60> action=position value=<8345.780273, 338.058014, 1634.650024>
[COT 2025-08-15 03:07:00] 76561198024482897: ESP target=TLC_Bench4<9a44bb60> action=position value=<8345.879883, 338.058014, 1634.650024>
[COT 2025-08-15 03:07:01] 76561198024482897: ESP target=TLC_Bench4<9a44bb60> action=position value=<8345.879883, 338.058014, 1634.750000>
[COT 2025-08-15 03:07:09] 76561198024482897: ESP: Clearing ESP
[COT 2025-08-15 04:21:54] 76561198024482897: Activated Community Online Tools [guid=0nsyEhm9INQy3se8y-fXlbMHVv4YsIXloUCLC2unDyo=]
[COT 2025-08-15 04:34:21] 76561198024482897: Deactivated Community Online Tools [guid=0nsyEhm9INQy3se8y-fXlbMHVv4YsIXloUCLC2unDyo=]
[COT 2025-08-15 04:36:13] 76561198024482897: Activated Community Online Tools [guid=0nsyEhm9INQy3se8y-fXlbMHVv4YsIXloUCLC2unDyo=]
[COT 2025-08-15 04:36:50] 76561198024482897: Spawned Entity MMG Army Box Medic (mmg_army_box_medic<86f8bf90>, 20, 5000, 15, 0) at <8334.343750, 322.493713, 1639.635742>
[COT 2025-08-15 04:36:55] 76561198024482897: Deleted Entity mmg_army_box_medic:18251 at <8334.343750, 322.503601, 1639.635742>
[COT 2025-08-15 04:37:32] 76561198024482897: Spawned Entity First Aid Pouch (FirstAidKit<a917ec0>, 150, 80, 15, 0) at <8334.482422, 322.498840, 1639.533447>
[COT 2025-08-15 04:37:37] 76561198024482897: Deleted Entity FirstAidKit:14196 at <8334.482422, 322.555206, 1639.533447>
[COT 2025-08-15 04:37:59] 76561198024482897: Spawned Entity Small First Aid Kit (InediaPain_FirstAidKit_Black<a924350>, 100, 80, 15, 0) at <8334.442383, 322.497528, 1639.528076>
[COT 2025-08-15 04:38:12] 76561198024482897: Deleted Entity InediaPain_FirstAidKit_Black:21111 at <8334.491211, 322.552795, 1640.092896>
[COT 2025-08-15 04:38:45] 76561198024482897: Spawned Entity First Aid Case (InediaPain_FirstAidCase_Black<a927190>, 12, 750, 15, 0) at <8334.186523, 322.485687, 1640.202271>
[COT 2025-08-15 04:39:05] 76561198024482897: Spawned Entity Small First Aid Kit (InediaPain_FirstAidKit_Black<a9341b0>, 12, 80, 15, 0) at <8334.727539, 322.504639, 1640.033936>
[COT 2025-08-15 04:39:33] 76561198024482897: Spawned Entity Surgical Kit (InediaPain_SurgicalKit<a943480>, 100, 50, 15, 0) at <8334.520508, 322.495605, 1640.502441>
[COT 2025-08-15 04:39:35] 76561198024482897: Spawned Entity Surgical Kit (InediaPain_SurgicalKit<a9411d0>, 100, 50, 15, 0) at <8334.514648, 322.534454, 1640.507446>
[COT 2025-08-15 04:39:36] 76561198024482897: Spawned Entity Splint Kit (InediaPain_SplintKit<a945730>, 100, 80, 15, 0) at <8334.508789, 322.573853, 1640.512451>
[COT 2025-08-15 04:39:48] 76561198024482897: Deleted Entity InediaPain_SurgicalKit:5561 at <8334.520508, 322.515778, 1640.502441>
[COT 2025-08-15 04:39:51] 76561198024482897: Deleted Entity InediaPain_SurgicalKit:19432 at <8334.514648, 322.555847, 1640.507446>
[COT 2025-08-15 04:39:52] 76561198024482897: Deleted Entity InediaPain_SplintKit:22978 at <8334.508789, 322.620819, 1640.512451>
[COT 2025-08-15 04:39:56] 76561198024482897: Spawned Entity Surgical Kit (InediaPain_SurgicalKit<ef4f9060>, 100, 50, 15, 0) at <8334.510742, 322.495270, 1640.520752>
[COT 2025-08-15 04:40:04] 76561198024482897: Spawned Entity Surgical Kit (InediaPain_SurgicalKit<ef500400>, 100, 50, 15, 0) at <8334.510742, 322.495270, 1640.520752>
[COT 2025-08-15 04:40:33] 76561198024482897: Deleted Entity InediaPain_FirstAidKit_Black:22304 at <8334.727539, 322.561005, 1640.033936>
[COT 2025-08-15 04:56:42] 76561198024482897: Deactivated Community Online Tools [guid=0nsyEhm9INQy3se8y-fXlbMHVv4YsIXloUCLC2unDyo=]
[COT 2025-08-15 05:00:28] 76561198024482897: Activated Community Online Tools [guid=0nsyEhm9INQy3se8y-fXlbMHVv4YsIXloUCLC2unDyo=]
[COT 2025-08-15 05:01:06] 76561198024482897: Spawned Entity Splint Kit (InediaPain_SplintKit<8c29b7d0>, 100, 80, 15, 0) at <8337.235352, 331.704285, 1636.217896>
[COT 2025-08-15 05:01:06] 76561198024482897: Spawned Entity Splint Kit (InediaPain_SplintKit<8c2a59b0>, 100, 80, 15, 0) at <8337.281250, 331.806183, 1636.186401>
[COT 2025-08-15 05:01:06] 76561198024482897: Spawned Entity Splint Kit (InediaPain_SplintKit<a4071550>, 100, 80, 15, 0) at <8337.329102, 331.911865, 1636.153687>
[COT 2025-08-15 05:01:08] 76561198024482897: Spawned Entity Surgical Kit (InediaPain_SurgicalKit<a407b730>, 100, 50, 15, 0) at <8337.375977, 332.017548, 1636.121094>
[COT 2025-08-15 05:01:09] 76561198024482897: Spawned Entity Surgical Kit (InediaPain_SurgicalKit<a4079480>, 100, 50, 15, 0) at <8337.393555, 332.056946, 1636.109131>
[COT 2025-08-15 05:02:50] 76561198024482897: Deleted Entity InediaPain_SplintKit:14703 at <8342.547852, 331.750610, 1632.315186>
