[COT 2025-09-01 20:10:48] 76561198024482897: Activated Community Online Tools [guid=0nsyEhm9INQy3se8y-fXlbMHVv4YsIXloUCLC2unDyo=]
[COT 2025-09-01 20:10:49] 76561198024482897: Deactivated Community Online Tools [guid=0nsyEhm9INQy3se8y-fXlbMHVv4YsIXloUCLC2unDyo=]
[COT 2025-09-01 20:10:52] 76561198024482897: Activated Community Online Tools [guid=0nsyEhm9INQy3se8y-fXlbMHVv4YsIXloUCLC2unDyo=]
[COT 2025-09-01 20:12:46] 76561198024482897: Teleported 76561198024482897 to position <1306.624756, 398.480225, 11307.521484>
[COT 2025-09-01 20:13:48] 76561198024482897: Spawned Entity Code Lock (ExpansionCodeLock<a5c1640>, 100, 100, 15, 0) at <1351.379028, 397.504639, 11296.255859>
[COT 2025-09-01 20:13:48] 76561198024482897: Spawned Entity Code Lock (ExpansionCodeLock<a5c89e0>, 100, 100, 15, 0) at <1351.383057, 397.526276, 11296.246094>
[COT 2025-09-01 20:16:31] 76561198024482897: Spawned Entity Hammer (Hammer<9dc5a630>, 100, 100, 15, 0) at <1348.804688, 397.321838, 11298.312500>
[COT 2025-09-01 20:16:31] 76561198024482897: Spawned Entity Hammer (Hammer<9dc53e20>, 100, 100, 15, 0) at <1348.849731, 397.418854, 11298.300781>
[COT 2025-09-01 20:16:31] 76561198024482897: Spawned Entity Hammer (Hammer<9dc5b1c0>, 100, 100, 15, 0) at <1348.892822, 397.514404, 11298.291016>
[COT 2025-09-01 20:16:44] 76561198024482897: Spawned Entity Boxed Nails (NailBox<70080570>, 100, 80, 15, 0) at <1348.796265, 397.321289, 11298.324219>
[COT 2025-09-01 20:16:44] 76561198024482897: Spawned Entity Boxed Nails (NailBox<70081100>, 100, 80, 15, 0) at <1348.884399, 397.510681, 11298.299805>
[COT 2025-09-01 20:16:44] 76561198024482897: Spawned Entity Boxed Nails (NailBox<70082820>, 100, 80, 15, 0) at <1348.884399, 397.510773, 11298.299805>
[COT 2025-09-01 20:16:44] 76561198024482897: Spawned Entity Boxed Nails (NailBox<7007d730>, 100, 80, 15, 0) at <1348.978760, 397.710114, 11298.273438>
[COT 2025-09-01 20:16:44] 76561198024482897: Spawned Entity Boxed Nails (NailBox<700861f0>, 100, 80, 15, 0) at <1349.072876, 397.908051, 11298.247070>
[COT 2025-09-01 20:16:44] 76561198024482897: Spawned Entity Boxed Nails (NailBox<70086d80>, 100, 80, 15, 0) at <1349.163940, 398.098877, 11298.221680>
[COT 2025-09-01 20:16:45] 76561198024482897: Spawned Entity Boxed Nails (NailBox<70087910>, 100, 80, 15, 0) at <1349.261230, 398.293976, 11298.193359>
[COT 2025-09-01 20:17:01] 76561198024482897: Spawned Entity Boxed Nails (NailBox<70089bc0>, 100, 80, 15, 0) at <1348.797363, 397.321442, 11298.320313>
[COT 2025-09-01 20:17:07] 76561198024482897: Spawned Entity Boxed Nails (NailBox<5f0d3680>, 100, 80, 15, 0) at <1348.803101, 397.321747, 11298.314453>
[COT 2025-09-01 20:17:07] 76561198024482897: Spawned Entity Boxed Nails (NailBox<5f0dc140>, 100, 80, 15, 0) at <1348.895508, 397.521179, 11298.290039>
[COT 2025-09-01 20:17:07] 76561198024482897: Spawned Entity Boxed Nails (NailBox<5f0e06a0>, 100, 80, 15, 0) at <1348.985962, 397.717529, 11298.267578>
[COT 2025-09-01 20:17:17] 76561198024482897: Spawned Entity Boxed Nails (NailBox<5f0db5b0>, 100, 80, 15, 0) at <1348.797852, 397.321228, 11298.324219>
[COT 2025-09-01 20:18:40] 76561198024482897: Teleported 76561198024482897 to position <8346.931641, 322.619995, 1643.755371>
[COT 2025-09-01 20:21:19] 76561198024482897: Deactivated Community Online Tools [guid=0nsyEhm9INQy3se8y-fXlbMHVv4YsIXloUCLC2unDyo=]
[COT 2025-09-01 23:26:41] 76561198024482897: Activated Community Online Tools [guid=0nsyEhm9INQy3se8y-fXlbMHVv4YsIXloUCLC2unDyo=]
[COT 2025-09-01 23:27:25] 76561198024482897: Teleported 76561198024482897 to position <3235.819336, 517.547424, 2199.985596>
[COT 2025-09-01 23:28:04] 76561198024482897: Teleported 76561198024482897 to position <8343.874023, 329.188751, 1637.511475>
[COT 2025-09-01 23:29:07] 76561198024482897: Spectating [guid=X_wFxqugxpZUwEzdlaMdSaSlNaLnyaCC9U973Rj3-5E=]
[COT 2025-09-01 23:29:47] 76561198024482897: Stopped spectating
[COT 2025-09-02 00:13:23] 76561198024482897: Spawned Entity Tourist Map (ChernarusMap<efd7f6b0>, 40, 50, 15, 0) at <8339.680664, 331.704285, 1634.202515>
[COT 2025-09-02 00:38:44] 76561198024482897: Activated Community Online Tools [guid=0nsyEhm9INQy3se8y-fXlbMHVv4YsIXloUCLC2unDyo=]
[COT 2025-09-02 00:44:29] 76561198024482897: Deactivated Community Online Tools [guid=0nsyEhm9INQy3se8y-fXlbMHVv4YsIXloUCLC2unDyo=]
[COT 2025-09-02 00:45:08] 76561198024482897: Activated Community Online Tools [guid=0nsyEhm9INQy3se8y-fXlbMHVv4YsIXloUCLC2unDyo=]
[COT 2025-09-02 00:48:02] 76561198024482897: Teleported 76561198024482897 to position <8344.522461, 325.696320, 1649.499512>
[COT 2025-09-02 00:51:59] 76561198024482897: Bleeding stopped [guid=0nsyEhm9INQy3se8y-fXlbMHVv4YsIXloUCLC2unDyo=]
[COT 2025-09-02 00:56:31] 76561198024482897: ESP: Viewing ESP
[COT 2025-09-02 01:04:57] 76561198024482897: ESP: Clearing ESP
[COT 2025-09-02 01:11:59] 76561198024482897: Spawned Entity Fireplace (FireplaceIndoor<1e5fd910>, 100, 100, 15, 0) at <8389.585938, 331.451294, 1653.250488>
[COT 2025-09-02 01:12:08] 76561198024482897: Deleted Entity FireplaceIndoor:12894 at <8389.585938, 331.451294, 1653.250488>
[COT 2025-09-02 01:12:14] 76561198024482897: Spawned Entity Fireplace (Fireplace<1e5fd910>, 100, 100, 15, 0) at <8389.621094, 331.473053, 1653.772705>
[COT 2025-09-02 01:12:25] 76561198024482897: Deactivated Community Online Tools [guid=0nsyEhm9INQy3se8y-fXlbMHVv4YsIXloUCLC2unDyo=]
[COT 2025-09-02 01:20:16] 76561198024482897: Activated Community Online Tools [guid=0nsyEhm9INQy3se8y-fXlbMHVv4YsIXloUCLC2unDyo=]
[COT 2025-09-02 01:20:23] 76561198024482897: Spawned Entity Tourist Map (ChernarusMap<84056c10>, 100, 50, 15, 0) at <8329.756836, 322.039337, 1630.639893>
[COT 2025-09-02 01:21:38] 76561198024482897: Spawned Entity GPS Receiver (GPSReceiver<f924ae70>, 100, 50, 15, 0) at <8343.050781, 331.703827, 1630.806396>
[COT 2025-09-02 01:22:40] 76561198024482897: Spawned Entity GPS Receiver (GPSReceiver<987519c0>, 100, 50, 15, 0) at <8330.492188, 322.288300, 1632.589600>
[COT 2025-09-02 01:22:55] 76561198024482897: Spawned Entity Tourist Map (ChernarusMap<98725870>, 100, 50, 15, 0) at <8330.661133, 322.285980, 1632.789551>
[COT 2025-09-02 01:28:21] 76561198024482897: Spawned Entity Compass (Compass<69c716b0>, 100, 70, 15, 0) at <8340.600586, 326.195007, 1632.584473>
[COT 2025-09-02 01:28:39] 76561198024482897: Set Energy To 739.52 [guid=0nsyEhm9INQy3se8y-fXlbMHVv4YsIXloUCLC2unDyo=]
[COT 2025-09-02 01:31:21] 76561198024482897: Healed [guid=0nsyEhm9INQy3se8y-fXlbMHVv4YsIXloUCLC2unDyo=]
[COT 2025-09-02 02:00:52] 76561198024482897: Set UnlimitedAmmo To true [guid=0nsyEhm9INQy3se8y-fXlbMHVv4YsIXloUCLC2unDyo=]
[COT 2025-09-02 02:01:14] 76561198024482897: Set GodMode To true [guid=0nsyEhm9INQy3se8y-fXlbMHVv4YsIXloUCLC2unDyo=]
[COT 2025-09-02 02:01:56] 76561198024482897: Set GodMode To false [guid=0nsyEhm9INQy3se8y-fXlbMHVv4YsIXloUCLC2unDyo=]
[COT 2025-09-02 02:02:34] 76561198024482897: Deactivated Community Online Tools [guid=0nsyEhm9INQy3se8y-fXlbMHVv4YsIXloUCLC2unDyo=]
[COT 2025-09-02 02:09:57] 76561198024482897: Activated Community Online Tools [guid=0nsyEhm9INQy3se8y-fXlbMHVv4YsIXloUCLC2unDyo=]
[COT 2025-09-02 03:18:48] 76561198024482897: Teleported 76561198024482897 to position <8112.435059, 279.747406, 1514.860596>
[COT 2025-09-02 03:49:41] 76561198024482897: Spawned Entity Lumber Pile (PileOfWoodenPlanks<86abda50>, 252, 100, 15, 0) at <8331.673828, 322.745148, 1635.918823>
[COT 2025-09-02 03:50:14] 76561198024482897: Deleted Entity PileOfWoodenPlanks:6040 at <8331.673828, 322.743317, 1635.918823>
[COT 2025-09-02 04:00:39] 76561198024482897: Updated roles [guid=0nsyEhm9INQy3se8y-fXlbMHVv4YsIXloUCLC2unDyo=]
