[COT 2025-10-05 16:46:55] 76561198024482897: Activated Community Online Tools [guid=0nsyEhm9INQy3se8y-fXlbMHVv4YsIXloUCLC2unDyo=]
[COT 2025-10-05 16:47:11] 76561198024482897: Storm 1, 0.7, 59
[COT 2025-10-05 16:48:30] 76561198024482897: Storm 1, 0.7, 25
[COT 2025-10-05 16:48:37] 76561198024482897: Storm 1, 0.7, 25
[COT 2025-10-05 16:48:40] 76561198024482897: Storm 1, 0.7, 25
[COT 2025-10-05 16:48:40] 76561198024482897: Overcast 0.501013, 0, 240
[COT 2025-10-05 16:48:40] 76561198024482897: RainThreshold 0.5, 1, 120
[COT 2025-10-05 16:48:40] 76561198024482897: Rain 0.726951, 0, 240
[COT 2025-10-05 16:48:40] 76561198024482897: Snow 0, 0, 240
[COT 2025-10-05 16:48:40] 76561198024482897: Fog 0.0785846, 0, 240
[COT 2025-10-05 16:48:40] 76561198024482897: DynamicFog 0, 0, 0
[COT 2025-10-05 16:48:40] 76561198024482897: WindMagnitude 13.715, 0, 240
[COT 2025-10-05 16:48:40] 76561198024482897: WindDirection 5.37996, 0, 240
[COT 2025-10-05 16:48:40] 76561198024482897: WindFunction 0.589251, 0.955549, 8.24732
[COT 2025-10-05 16:48:46] 76561198024482897: Storm 1, 0.7, 25
[COT 2025-10-05 16:48:46] 76561198024482897: Overcast 0.775286, 0, 240
[COT 2025-10-05 16:48:46] 76561198024482897: Rain 0.736137, 0, 240
[COT 2025-10-05 16:48:46] 76561198024482897: Snow 0, 0, 240
[COT 2025-10-05 16:48:46] 76561198024482897: Fog 0.414804, 0, 240
[COT 2025-10-05 16:48:46] 76561198024482897: DynamicFog 0, 0, 0
[COT 2025-10-05 16:48:46] 76561198024482897: WindMagnitude 2.53304, 0, 240
[COT 2025-10-05 16:48:46] 76561198024482897: WindDirection 2.0435, 0, 240
[COT 2025-10-05 16:48:46] 76561198024482897: WindFunction 0.338755, 0.562191, 17.3168
[COT 2025-10-05 16:50:50] 76561198024482897: Deactivated Community Online Tools [guid=0nsyEhm9INQy3se8y-fXlbMHVv4YsIXloUCLC2unDyo=]
