[COT 2025-09-14 08:13:57] 76561198024482897: Activated Community Online Tools [guid=0nsyEhm9INQy3se8y-fXlbMHVv4YsIXloUCLC2unDyo=]
[COT 2025-09-14 08:13:57] 76561198024482897: Set GodMode To true [guid=0nsyEhm9INQy3se8y-fXlbMHVv4YsIXloUCLC2unDyo=]
[COT 2025-09-14 08:14:13] 76561198024482897: ESP: Viewing ESP
[COT 2025-09-14 08:14:15] 76561198024482897: Entered the Free Camera
[COT 2025-09-14 08:15:12] 76561198024482897: Teleported 76561198024482897 to position <6121.758301, 386.286224, 4143.539551>
[COT 2025-09-14 08:15:22] 76561198024482897: Left the Free Camera
[COT 2025-09-14 08:15:25] 76561198024482897: Entered the Free Camera
[COT 2025-09-14 08:18:52] 76561198024482897: Left the Free Camera
[COT 2025-09-14 08:19:09] 76561198024482897: Teleported 76561198024482897 to position <7313.160645, 226.991150, 6363.478027>
[COT 2025-09-14 08:19:24] 76561198024482897: Teleported 76561198024482897 to position <9270.694336, 199.549118, 10875.552734>
[COT 2025-09-14 08:19:28] 76561198024482897: Entered the Free Camera
[COT 2025-09-14 08:19:58] 76561198024482897: Teleported 76561198024482897 to position <10674.705078, 180.793152, 10980.500977>
[COT 2025-09-14 08:20:02] 76561198024482897: Left the Free Camera
[COT 2025-09-14 08:20:04] 76561198024482897: Entered the Free Camera
[COT 2025-09-14 08:21:23] 76561198024482897: ESP: Clearing ESP
[COT 2025-09-14 08:21:25] 76561198024482897: ESP: ESP updating
[COT 2025-09-14 08:21:49] 76561198024482897: Teleported 76561198024482897 to position <8484.065430, 276.567352, 6860.838379>
[COT 2025-09-14 08:21:56] 76561198024482897: Left the Free Camera
[COT 2025-09-14 08:22:01] 76561198024482897: Entered the Free Camera
[COT 2025-09-14 08:22:18] 76561198024482897: Teleported 76561198024482897 to position <7666.121582, 240.201370, 5317.628418>
[COT 2025-09-14 08:22:22] 76561198024482897: Left the Free Camera
[COT 2025-09-14 08:22:24] 76561198024482897: Entered the Free Camera
[COT 2025-09-14 08:24:32] 76561198024482897: Teleported 76561198024482897 to position <6455.313965, 308.375427, 4687.881348>
[COT 2025-09-14 08:24:35] 76561198024482897: Left the Free Camera
[COT 2025-09-14 08:24:38] 76561198024482897: Entered the Free Camera
