[COT 2025-09-14 09:18:29] 76561198024482897: Activated Community Online Tools [guid=0nsyEhm9INQy3se8y-fXlbMHVv4YsIXloUCLC2unDyo=]
[COT 2025-09-14 09:18:41] 76561198024482897: ESP: ESP updating
[COT 2025-09-14 09:18:44] 76561198024482897: Entered the Free Camera
[COT 2025-09-14 09:19:03] 76561198024482897: Teleported 76561198024482897 to position <11445.065430, 181.523193, 9527.732422>
[COT 2025-09-14 09:19:06] 76561198024482897: Left the Free Camera
[COT 2025-09-14 09:19:09] 76561198024482897: Entered the Free Camera
[COT 2025-09-14 09:20:35] 76561198024482897: Teleported 76561198024482897 to position <9279.412109, 200.272141, 10808.746094>
[COT 2025-09-14 09:20:43] 76561198024482897: Left the Free Camera
[COT 2025-09-14 09:20:44] 76561198024482897: Entered the Free Camera
[COT 2025-09-14 09:23:16] 76561198024482897: Teleported 76561198024482897 to position <3311.228271, 405.820007, 3701.914307>
[COT 2025-09-14 09:23:18] 76561198024482897: Left the Free Camera
[COT 2025-09-14 09:23:22] 76561198024482897: Entered the Free Camera
[COT 2025-09-14 09:23:45] 76561198024482897: Teleported 76561198024482897 to position <3243.309326, 404.394440, 5034.512207>
[COT 2025-09-14 09:23:53] 76561198024482897: Left the Free Camera
[COT 2025-09-14 09:23:54] 76561198024482897: Entered the Free Camera
[COT 2025-09-14 09:25:13] 76561198024482897: Teleported 76561198024482897 to position <862.982483, 242.158615, 5508.693848>
[COT 2025-09-14 09:25:15] 76561198024482897: Left the Free Camera
[COT 2025-09-14 09:25:17] 76561198024482897: Entered the Free Camera
[COT 2025-09-14 09:25:42] 76561198024482897: Left the Free Camera
[COT 2025-09-14 09:27:41] 76561198024482897: Spawned Entity Funko Pop Gacha Cube (NomNom_Gacha_Cube_Base<eccdc9a0>, 100, 80, 15, 0) at <855.700806, 247.305069, 5433.440918>
[COT 2025-09-14 09:28:03] 76561198024482897: Spawned Entity Comics Orange Gacha Cube (NomNom_Gacha_Cube_Base<ecce48d0>, 100, 80, 15, 0) at <857.554016, 247.304520, 5434.061035>
[COT 2025-09-14 09:29:40] 76561198024482897: Spawned Entity #str_TCG_BoosterPack4 (ItemBase<c6082df0>, 100, 100, 15, 0) at <857.373901, 247.304413, 5433.570801>
[COT 2025-09-14 09:29:55] 76561198024482897: Spawned Entity #str_TCG_BoosterPack1 (NomNom_Booster_Pack_Base<ad211510>, 1, 100, 15, 0) at <857.906982, 247.304016, 5433.170410>
[COT 2025-09-14 09:33:13] 76561198024482897: Entered the Free Camera
[COT 2025-09-14 09:33:36] 76561198024482897: Teleported 76561198024482897 to position <1441.727295, 274.468811, 9754.291016>
[COT 2025-09-14 09:33:38] 76561198024482897: Left the Free Camera
[COT 2025-09-14 09:33:42] 76561198024482897: Entered the Free Camera
[COT 2025-09-14 09:34:18] 76561198024482897: Teleported 76561198024482897 to position <3735.136475, 251.985764, 11777.780273>
[COT 2025-09-14 09:34:22] 76561198024482897: Left the Free Camera
[COT 2025-09-14 09:34:23] 76561198024482897: Entered the Free Camera
[COT 2025-09-14 09:35:12] 76561198024482897: Teleported 76561198024482897 to position <6476.177734, 184.381851, 11264.461914>
[COT 2025-09-14 09:35:14] 76561198024482897: Left the Free Camera
[COT 2025-09-14 09:35:17] 76561198024482897: Entered the Free Camera
[COT 2025-09-14 09:35:35] 76561198024482897: Teleported 76561198024482897 to position <10967.721680, 185.490005, 9017.787109>
[COT 2025-09-14 09:35:37] 76561198024482897: Left the Free Camera
[COT 2025-09-14 09:35:39] 76561198024482897: Entered the Free Camera
[COT 2025-09-14 09:56:27] 76561198024482897: Activated Community Online Tools [guid=0nsyEhm9INQy3se8y-fXlbMHVv4YsIXloUCLC2unDyo=]
[COT 2025-09-14 09:56:55] 76561198024482897: Teleported 76561198024482897 to position <8343.204102, 329.895569, 1636.750000>
[COT 2025-09-14 10:00:07] 76561198024482897: Spawned Entity #str_KitBox7 (NomNom_Funko_Pop_Display_Modern_Kitbox<7915fe0>, 100, 5000, 15, 0) at <8340.342773, 331.704285, 1633.868042>
[COT 2025-09-14 10:00:36] 76561198024482897: Deleted Entity NomNom_Funko_Pop_Display_Modern:4317 at <8342.586914, 331.702911, 1636.791260>
[COT 2025-09-14 10:00:40] 76561198024482897: Spawned Entity #str_KitBox11 (NomNom_Electronic_Display_Modern_Kitbox<78e7be0>, 100, 5000, 15, 0) at <8342.661133, 331.702911, 1636.783691>
[COT 2025-09-14 10:01:07] 76561198024482897: Deleted Entity NomNom_Electronic_Display_Modern:5115 at <8342.615234, 331.702911, 1636.893555>
