[COT 2025-09-13 20:02:23] 76561198024482897: Activated Community Online Tools [guid=0nsyEhm9INQy3se8y-fXlbMHVv4YsIXloUCLC2unDyo=]
[COT 2025-09-13 20:04:15] 76561198024482897: Set GodMode To true [guid=0nsyEhm9INQy3se8y-fXlbMHVv4YsIXloUCLC2unDyo=]
[COT 2025-09-13 20:06:27] 76561198024482897: Deleted Entity ExpansionUh1h:19206 at <7924.755859, 169.394592, 11833.500000>
[COT 2025-09-13 20:07:04] 76561198024482897: Deleted Entity ExpansionUh1h_Medical:28171 at <1229.693481, 168.967987, 7566.414063>
[COT 2025-09-13 20:08:01] 76561198024482897: Set UnlimitedStamina To true [guid=0nsyEhm9INQy3se8y-fXlbMHVv4YsIXloUCLC2unDyo=]
[COT 2025-09-13 20:08:02] 76561198024482897: Set UnlimitedAmmo To true [guid=0nsyEhm9INQy3se8y-fXlbMHVv4YsIXloUCLC2unDyo=]
[COT 2025-09-13 20:14:09] 76561198024482897: Activated Community Online Tools [guid=0nsyEhm9INQy3se8y-fXlbMHVv4YsIXloUCLC2unDyo=]
[COT 2025-09-13 20:14:13] 76561198024482897: Set GodMode To true [guid=0nsyEhm9INQy3se8y-fXlbMHVv4YsIXloUCLC2unDyo=]
[COT 2025-09-13 20:14:14] 76561198024482897: Set cannot be targeted by AI to true [guid=0nsyEhm9INQy3se8y-fXlbMHVv4YsIXloUCLC2unDyo=]
[COT 2025-09-13 20:14:14] 76561198024482897: Set cannot be targeted by AI to false [guid=0nsyEhm9INQy3se8y-fXlbMHVv4YsIXloUCLC2unDyo=]
[COT 2025-09-13 20:14:15] 76561198024482897: Set UnlimitedStamina To true [guid=0nsyEhm9INQy3se8y-fXlbMHVv4YsIXloUCLC2unDyo=]
[COT 2025-09-13 20:14:15] 76561198024482897: Set UnlimitedAmmo To true [guid=0nsyEhm9INQy3se8y-fXlbMHVv4YsIXloUCLC2unDyo=]
[COT 2025-09-13 20:15:02] 76561198024482897: Teleported 76561198024482897 to position <6425.980957, 309.966644, 4821.632324>
[COT 2025-09-13 20:16:00] 76561198024482897: Spawned Entity UAZ 469 Cargo Roofless (ExpansionUAZCargoRoofless<61860650>, 100, 1000, 15, 0) at <6423.953613, 310.708710, 4797.188965>
[COT 2025-09-13 20:16:10] 76561198024482897: Teleported 76561198024482897 to position <6430.522949, 310.572479, 4728.187012>
[COT 2025-09-13 20:16:22] 76561198024482897: Spawned Entity Vodnik (ExpansionVodnik<61858220>, 100, 10000, 15, 0) at <6445.725098, 309.677826, 4714.902344>
[COT 2025-09-13 20:16:45] 76561198024482897: Teleported 76561198024482897 to position <6523.194336, 308.380005, 4685.232422>
[COT 2025-09-13 20:16:51] 76561198024482897: Spawned Entity UAZ 469 Cargo Roofless (ExpansionUAZCargoRoofless<61855610>, 100, 1000, 15, 0) at <6543.817383, 309.282562, 4709.527344>
[COT 2025-09-13 20:16:59] 76561198024482897: Deleted Entity ExpansionUAZCargoRoofless_Black:6337 at <6543.286621, 308.098328, 4709.353516>
[COT 2025-09-13 20:17:02] 76561198024482897: Set GodMode To false [guid=0nsyEhm9INQy3se8y-fXlbMHVv4YsIXloUCLC2unDyo=]
[COT 2025-09-13 20:17:02] 76561198024482897: Set GodMode To true [guid=0nsyEhm9INQy3se8y-fXlbMHVv4YsIXloUCLC2unDyo=]
[COT 2025-09-13 20:17:05] 76561198024482897: Spawned Entity UAZ 469 Cargo Roofless (ExpansionUAZCargoRoofless<6185ae30>, 100, 1000, 15, 0) at <6531.376465, 308.380005, 4700.969238>
[COT 2025-09-13 20:17:27] 76561198024482897: Teleported 76561198024482897 to position <6495.546875, 307.474976, 4640.510742>
[COT 2025-09-13 20:17:35] 76561198024482897: Set GodMode To false [guid=0nsyEhm9INQy3se8y-fXlbMHVv4YsIXloUCLC2unDyo=]
[COT 2025-09-13 20:17:35] 76561198024482897: Set GodMode To true [guid=0nsyEhm9INQy3se8y-fXlbMHVv4YsIXloUCLC2unDyo=]
[COT 2025-09-13 20:17:50] 76561198024482897: Spawned Entity Land Rover Defender (Expansion_Landrover_Red<618421a0>, 100, 3000, 15, 0) at <6512.812988, 308.380005, 4620.153809>
[COT 2025-09-13 20:18:11] 76561198024482897: Teleported 76561198024482897 to position <7339.221191, 287.040009, 2617.754395>
[COT 2025-09-13 20:18:23] 76561198024482897: Spawned Entity Land Rover Defender (Expansion_Landrover_Blue<61868a80>, 100, 3000, 15, 0) at <7349.522949, 287.040009, 2616.465088>
[COT 2025-09-13 20:18:37] 76561198024482897: Teleported 76561198024482897 to position <7322.113281, 287.040009, 2672.892090>
[COT 2025-09-13 20:18:48] 76561198024482897: Spawned Entity Vodnik (ExpansionVodnik<61855610>, 100, 10000, 15, 0) at <7330.994141, 287.428986, 2684.467285>
[COT 2025-09-13 20:18:53] 76561198024482897: Set GodMode To false [guid=0nsyEhm9INQy3se8y-fXlbMHVv4YsIXloUCLC2unDyo=]
[COT 2025-09-13 20:18:53] 76561198024482897: Set GodMode To true [guid=0nsyEhm9INQy3se8y-fXlbMHVv4YsIXloUCLC2unDyo=]
[COT 2025-09-13 20:18:57] 76561198024482897: Teleported 76561198024482897 to position <7390.252930, 288.572571, 2728.362305>
[COT 2025-09-13 20:19:10] 76561198024482897: Spawned Entity UAZ 469 Roofless (ExpansionUAZRoofless<61870eb0>, 100, 1000, 15, 0) at <7391.185547, 288.567902, 2729.602051>
[COT 2025-09-13 20:19:21] 76561198024482897: Teleported 76561198024482897 to position <7509.470215, 287.146637, 2577.173584>
[COT 2025-09-13 20:19:32] 76561198024482897: Spawned Entity M3S Covered (Truck_01_Covered<61873ac0>, 100, 1500, 15, 0) at <7507.030273, 287.129791, 2579.049561>
[COT 2025-09-13 20:19:49] 76561198024482897: Teleported 76561198024482897 to position <7334.318359, 289.250000, 2800.747559>
[COT 2025-09-13 20:19:59] 76561198024482897: Spawned Entity Land Rover Defender (Expansion_Landrover_Yellow<6187bef0>, 100, 3000, 15, 0) at <7327.408691, 289.250000, 2800.520508>
[COT 2025-09-13 20:20:42] 76561198024482897: Teleported 76561198024482897 to position <7432.304199, 287.040009, 2573.301025>
[COT 2025-09-13 20:21:08] 76561198024482897: Spawned Entity Gunter 2 (Hatchback_02_Blue<618766d0>, 100, 1000, 15, 0) at <7433.066895, 287.040009, 2570.006836>
[COT 2025-09-13 20:21:29] 76561198024482897: Teleported 76561198024482897 to position <3351.593750, 487.384430, 2055.683105>
[COT 2025-09-13 20:21:48] 76561198024482897: Spawned Entity M1025 (Offroad_02<51eefd30>, 100, 1000, 15, 0) at <3368.517822, 488.050934, 2085.527588>
[COT 2025-09-13 20:22:07] 76561198024482897: Teleported 76561198024482897 to position <3279.056152, 485.995667, 2012.857056>
[COT 2025-09-13 20:22:16] 76561198024482897: Spawned Entity Land Rover Defender (Expansion_Landrover<618766d0>, 100, 3000, 15, 0) at <3275.084473, 486.316772, 2012.602295>
[COT 2025-09-13 20:22:28] 76561198024482897: Teleported 76561198024482897 to position <3195.056396, 500.160248, 2035.604858>
[COT 2025-09-13 20:22:51] 76561198024482897: Spawned Entity Gunter 2 (Hatchback_02<6186e2a0>, 100, 1000, 15, 0) at <3207.014893, 503.990295, 2089.674561>
[COT 2025-09-13 20:23:05] 76561198024482897: Storm 1, 0.7, 25
[COT 2025-09-13 20:23:05] 76561198024482897: Overcast 0.613389, 0, 240
[COT 2025-09-13 20:23:05] 76561198024482897: Rain 0, 0, 240
[COT 2025-09-13 20:23:05] 76561198024482897: Snow 0, 0, 240
[COT 2025-09-13 20:23:05] 76561198024482897: Fog 0, 0, 240
[COT 2025-09-13 20:23:05] 76561198024482897: DynamicFog 0, 0, 0
[COT 2025-09-13 20:23:05] 76561198024482897: WindMagnitude 19.9615, 0, 240
[COT 2025-09-13 20:23:05] 76561198024482897: WindDirection 1.80108, 0, 240
[COT 2025-09-13 20:23:05] 76561198024482897: WindFunction 0.510929, 0.891415, 11.8894
[COT 2025-09-13 20:23:42] 76561198024482897: Teleported 76561198024482897 to position <3264.082031, 507.131775, 2143.530273>
[COT 2025-09-13 20:23:52] 76561198024482897: Spawned Entity Transit Bus (ExpansionBus<6185da40>, 100, 5000, 15, 0) at <3269.172852, 508.467499, 2153.025635>
[COT 2025-09-13 20:23:58] 76561198024482897: Deleted Entity ExpansionBus_Weeb:24412 at <3270.678955, 508.859497, 2152.038086>
[COT 2025-09-13 20:24:19] 76561198024482897: Spawned Entity Gunter 2 (Hatchback_02<6185da40>, 100, 1000, 15, 0) at <3272.273682, 506.835205, 2139.499512>
[COT 2025-09-13 20:24:36] 76561198024482897: Spawned Entity UAZ 469 Cargo Roofless (ExpansionUAZCargoRoofless<6186b690>, 100, 1000, 15, 0) at <3234.322021, 506.870911, 2122.585693>
[COT 2025-09-13 20:24:50] 76561198024482897: Teleported 76561198024482897 to position <835.988892, 531.341248, 1202.011108>
[COT 2025-09-13 20:25:39] 76561198024482897: Spawned Entity Vodnik (ExpansionVodnik<618792e0>, 100, 10000, 15, 0) at <829.399597, 531.269958, 1183.809448>
[COT 2025-09-13 20:26:36] 76561198024482897: Spawned Entity M1025 (Offroad_02<6186e2a0>, 100, 1000, 15, 0) at <817.807373, 531.270020, 1239.455811>
[COT 2025-09-13 20:26:53] 76561198024482897: Spawned Entity Gunter 2 (Hatchback_02<61865e70>, 100, 1000, 15, 0) at <868.307190, 531.270020, 1202.129028>
[COT 2025-09-13 20:27:51] 76561198024482897: Teleported 76561198024482897 to position <5955.629883, 218.978622, 8081.431641>
[COT 2025-09-13 20:28:00] 76561198024482897: Spawned Entity Land Rover Defender (Expansion_Landrover_Blue<3aa46d70>, 100, 3000, 15, 0) at <5965.614258, 218.919510, 8082.539551>
[COT 2025-09-13 20:28:11] 76561198024482897: Teleported 76561198024482897 to position <6151.528320, 214.386826, 8223.328125>
[COT 2025-09-13 20:28:19] 76561198024482897: Spawned Entity UAZ 469 (ExpansionUAZ<3098f0a0>, 100, 1000, 15, 0) at <6148.645508, 214.534866, 8210.618164>
[COT 2025-09-13 20:28:23] 76561198024482897: Teleported 76561198024482897 to position <6412.446777, 223.505981, 8169.416992>
[COT 2025-09-13 20:28:55] 76561198024482897: Spawned Entity M1025 (Offroad_02<d4f9a010>, 100, 1000, 15, 0) at <6406.946777, 223.480621, 8177.504395>
[COT 2025-09-13 20:29:01] 76561198024482897: Spawned Entity M1025 (Offroad_02<8aa2d6e0>, 100, 1000, 15, 0) at <6423.880371, 223.283279, 8197.946289>
[COT 2025-09-13 20:29:15] 76561198024482897: Spawned Entity M3S Covered (Truck_01_Covered<8aa27ec0>, 100, 1500, 15, 0) at <6428.590820, 223.670502, 8158.260254>
[COT 2025-09-13 20:29:47] 76561198024482897: Teleported 76561198024482897 to position <9417.097656, 242.032639, 10377.200195>
[COT 2025-09-13 20:30:02] 76561198024482897: Spawned Entity Transit Bus (ExpansionBus<8aa252b0>, 100, 5000, 15, 0) at <9425.882813, 242.000000, 10378.684570>
[COT 2025-09-13 20:30:54] 76561198024482897: Teleported 76561198024482897 to position <9383.289063, 234.632919, 10542.999023>
[COT 2025-09-13 20:31:03] 76561198024482897: Spawned Entity Gunter 2 (Hatchback_02<8aa2aad0>, 100, 1000, 15, 0) at <9392.614258, 234.122467, 10546.285156>
[COT 2025-09-13 20:31:15] 76561198024482897: Set GodMode To false [guid=0nsyEhm9INQy3se8y-fXlbMHVv4YsIXloUCLC2unDyo=]
[COT 2025-09-13 20:31:15] 76561198024482897: Set GodMode To true [guid=0nsyEhm9INQy3se8y-fXlbMHVv4YsIXloUCLC2unDyo=]
[COT 2025-09-13 20:31:18] 76561198024482897: Spawned Entity Ada 4x4 (OffroadHatchback<8aa32f00>, 100, 1000, 15, 0) at <9499.908203, 242.169662, 10357.709961>
[COT 2025-09-13 20:31:38] 76561198024482897: Spawned Entity Sarka 120 (Sedan_02<8aa302f0>, 100, 1000, 15, 0) at <9393.355469, 251.656097, 10264.506836>
[COT 2025-09-13 20:31:57] 76561198024482897: Deleted Entity ExpansionUh1h_Uber:30061 at <7960.632324, 295.308380, 9368.928711>
[COT 2025-09-13 20:32:25] 76561198024482897: Spawned Entity Vodnik (ExpansionVodnik<8aa35b10>, 100, 10000, 15, 0) at <7884.479980, 321.037079, 9831.926758>
[COT 2025-09-13 20:32:28] 76561198024482897: Entered the Free Camera
[COT 2025-09-13 20:32:37] 76561198024482897: Spawned Entity UAZ 469 (ExpansionUAZ<8aa226a0>, 100, 1000, 15, 0) at <7958.659668, 318.844543, 9832.278320>
[COT 2025-09-13 20:32:56] 76561198024482897: Spawned Entity M1025 (Offroad_02<8aa40b50>, 100, 1000, 15, 0) at <7911.608887, 319.326904, 9756.935547>
[COT 2025-09-13 20:33:11] 76561198024482897: Spawned Entity UH-1H (ExpansionUh1h<8aa46370>, 100, 7500, 15, 0) at <7855.160156, 318.113861, 9625.258789>
[COT 2025-09-13 20:33:50] 76561198024482897: Spawned Entity Ada 4x4 (OffroadHatchback<8aa4bb90>, 100, 1000, 15, 0) at <7800.741211, 339.119995, 10079.600586>
[COT 2025-09-13 20:34:11] 76561198024482897: Left the Free Camera
[COT 2025-09-13 20:34:21] 76561198024482897: Deleted Entity Boat_01_Orange:29206 at <11795.297852, 169.329575, 10940.340820>
[COT 2025-09-13 20:35:42] 76561198024482897: Teleported 76561198024482897 to position <11055.010742, 346.309998, 4258.373047>
[COT 2025-09-13 20:35:50] 76561198024482897: Spawned Entity Sarka 120 (Sedan_02<8aa3b330>, 100, 1000, 15, 0) at <11041.370117, 346.313812, 4261.906738>
[COT 2025-09-13 20:35:53] 76561198024482897: Teleported 76561198024482897 to position <11222.742188, 339.312897, 4339.569824>
[COT 2025-09-13 20:36:06] 76561198024482897: Spawned Entity Land Rover Defender (Expansion_Landrover_Orange<8aa513b0>, 100, 3000, 15, 0) at <11220.800781, 339.314545, 4343.916016>
[COT 2025-09-13 20:36:45] 76561198024482897: Teleported 76561198024482897 to position <11047.064453, 345.890015, 4425.309082>
[COT 2025-09-13 20:36:51] 76561198024482897: Spawned Entity Sarka 120 (Sedan_02<8aa3df40>, 100, 1000, 15, 0) at <11045.749023, 345.890015, 4431.592773>
[COT 2025-09-13 20:37:49] 76561198024482897: Teleported 76561198024482897 to position <4038.853027, 238.160004, 10222.647461>
[COT 2025-09-13 20:37:59] 76561198024482897: Spawned Entity UAZ 469 Cargo (ExpansionUAZ<8aa53fc0>, 100, 1000, 15, 0) at <4052.534912, 238.045898, 10210.187500>
[COT 2025-09-13 20:38:00] 76561198024482897: Spawned Entity UAZ 469 Cargo (ExpansionUAZ<8aa5f000>, 100, 1000, 15, 0) at <4052.535645, 238.045929, 10210.185547>
[COT 2025-09-13 20:38:05] 76561198024482897: Deleted Entity ExpansionUAZCargo_Black:8527 at <4053.402344, 237.986832, 10210.263672>
[COT 2025-09-13 20:38:22] 76561198024482897: Spawned Entity M3S Covered (Truck_01_Covered_Blue<8aa56bd0>, 100, 1500, 15, 0) at <4080.284912, 238.160004, 10264.267578>
[COT 2025-09-13 20:39:24] 76561198024482897: Spawned Entity Vodnik (ExpansionVodnik<8aa597e0>, 100, 10000, 15, 0) at <4150.291016, 238.600006, 10322.625000>
[COT 2025-09-13 20:40:02] 76561198024482897: Deleted Entity ExpansionMh6_Shadow:30533 at <4186.825195, 238.239990, 10478.017578>
[COT 2025-09-13 20:40:06] 76561198024482897: Spawned Entity Mh-6 Little Bird (ExpansionMh6<1952b6c0>, 100, 5000, 15, 0) at <4188.267090, 238.159988, 10479.753906>
[COT 2025-09-13 20:40:15] 76561198024482897: Entered the Free Camera
[COT 2025-09-13 20:40:20] 76561198024482897: Left the Free Camera
[COT 2025-09-13 20:40:25] 76561198024482897: Deleted Entity ExpansionMh6_Wasp:7866 at <4188.266602, 238.240005, 10479.748047>
[COT 2025-09-13 20:40:26] 76561198024482897: Entered the Free Camera
[COT 2025-09-13 20:40:31] 76561198024482897: Spawned Entity Mh-6 Little Bird (ExpansionMh6<51ef2940>, 100, 5000, 15, 0) at <4224.051758, 238.438293, 10507.040039>
[COT 2025-09-13 20:40:36] 76561198024482897: Spawned Entity UH-1H (ExpansionUh1h<19551fa0>, 100, 7500, 15, 0) at <4149.552246, 238.400391, 10429.740234>
[COT 2025-09-13 20:40:44] 76561198024482897: Spawned Entity Mh-6 Little Bird (ExpansionMh6<2d8c95c0>, 100, 5000, 15, 0) at <4110.286133, 238.372757, 10389.007813>
[COT 2025-09-13 20:41:07] 76561198024482897: Left the Free Camera
[COT 2025-09-13 20:41:23] 76561198024482897: Teleported 76561198024482897 to position <8345.398438, 328.963837, 1636.711182>
[COT 2025-09-13 20:43:58] 76561198024482897: Set UnlimitedStamina To false [guid=0nsyEhm9INQy3se8y-fXlbMHVv4YsIXloUCLC2unDyo=]
[COT 2025-09-13 20:43:58] 76561198024482897: Set UnlimitedAmmo To false [guid=0nsyEhm9INQy3se8y-fXlbMHVv4YsIXloUCLC2unDyo=]
[COT 2025-09-13 20:43:59] 76561198024482897: Set GodMode To false [guid=0nsyEhm9INQy3se8y-fXlbMHVv4YsIXloUCLC2unDyo=]
[COT 2025-09-13 20:44:02] 76561198024482897: Updated roles [guid=0nsyEhm9INQy3se8y-fXlbMHVv4YsIXloUCLC2unDyo=]
[COT 2025-09-14 03:54:39] 76561198024482897: Activated Community Online Tools [guid=0nsyEhm9INQy3se8y-fXlbMHVv4YsIXloUCLC2unDyo=]
[COT 2025-09-14 03:55:02] 76561198024482897: Repaired Transport [guid=0nsyEhm9INQy3se8y-fXlbMHVv4YsIXloUCLC2unDyo=]
[COT 2025-09-14 03:55:18] 76561198024482897: Set Health To 100 [guid=0nsyEhm9INQy3se8y-fXlbMHVv4YsIXloUCLC2unDyo=]
[COT 2025-09-14 03:56:48] 76561198024482897: Spawned Entity Mh-6 Little Bird (ExpansionMh6<8aa2d6e0>, 100, 5000, 15, 0) at <1943.474487, 229.347504, 7272.590332>
[COT 2025-09-14 03:57:14] 76561198024482897: Deleted Entity ExpansionMh6_Resistance:28422 at <1943.469727, 229.406250, 7272.232422>
[COT 2025-09-14 03:57:30] 76561198024482897: Deleted Entity Expansion_Mh6_Door_2_1:6017 at <1939.752686, 229.546722, 7271.752441>
[COT 2025-09-14 03:57:44] 76561198024482897: Spawned Entity Mh-6 Little Bird (ExpansionMh6<8aa2d6e0>, 100, 5000, 15, 0) at <1942.436890, 229.347504, 7272.867676>
[COT 2025-09-14 03:59:13] 76561198024482897: Spawned Entity Hydraulic Hoses (ExpansionHydraulicHoses<66bd1a50>, 100, 80, 15, 0) at <1942.037476, 229.347504, 7278.027344>
[COT 2025-09-14 03:59:30] 76561198024482897: Spawned Entity Aircraft Battery (ExpansionAircraftBattery<66bf4550>, 50, 100, 15, 0) at <1942.035522, 229.347504, 7278.028320>
[COT 2025-09-14 03:59:53] 76561198024482897: Spawned Entity Helicopter Battery (ExpansionHelicopterBattery<24650980>, 50, 100, 15, 0) at <1941.800781, 229.347504, 7278.409180>
[COT 2025-09-14 04:00:18] 76561198024482897: Repaired Transport [guid=0nsyEhm9INQy3se8y-fXlbMHVv4YsIXloUCLC2unDyo=]
[COT 2025-09-14 04:14:59] 76561198024482897: Deactivated Community Online Tools [guid=0nsyEhm9INQy3se8y-fXlbMHVv4YsIXloUCLC2unDyo=]
[COT 2025-09-14 04:27:05] 76561198024482897: Activated Community Online Tools [guid=0nsyEhm9INQy3se8y-fXlbMHVv4YsIXloUCLC2unDyo=]
[COT 2025-09-14 04:27:26] 76561198024482897: Spawned Entity Infected (ZmbM_FarmerFat_Base<ae641860>, 100, 100, 15, 0) at <1889.499146, 201.582077, 7358.671875>
[COT 2025-09-14 04:27:27] 76561198024482897: Spawned Entity Infected (ZmbM_CitizenASkinny_Base<ae643690>, 100, 100, 15, 0) at <1889.420410, 201.577759, 7358.602539>
[COT 2025-09-14 04:27:27] 76561198024482897: Spawned Entity Infected (ZmbM_CitizenBFat_Base<ae644ab0>, 100, 100, 15, 0) at <1889.378296, 201.581329, 7358.576660>
[COT 2025-09-14 04:27:28] 76561198024482897: Spawned Entity Infected (ZmbM_FishermanOld_Base<dc30cde0>, 100, 100, 15, 0) at <1889.326050, 201.587433, 7358.542969>
[COT 2025-09-14 04:27:29] 76561198024482897: Spawned Entity Infected (ZmbF_JournalistNormal_Base<dc31d380>, 100, 100, 15, 0) at <1889.429443, 201.578247, 7358.608887>
[COT 2025-09-14 04:28:35] 76561198024482897: Deactivated Community Online Tools [guid=0nsyEhm9INQy3se8y-fXlbMHVv4YsIXloUCLC2unDyo=]
[COT 2025-09-14 06:16:56] 76561198024482897: Activated Community Online Tools [guid=0nsyEhm9INQy3se8y-fXlbMHVv4YsIXloUCLC2unDyo=]
[COT 2025-09-14 06:19:21] 76561198024482897: Deactivated Community Online Tools [guid=0nsyEhm9INQy3se8y-fXlbMHVv4YsIXloUCLC2unDyo=]
[COT 2025-09-14 06:30:54] 76561198024482897: Activated Community Online Tools [guid=0nsyEhm9INQy3se8y-fXlbMHVv4YsIXloUCLC2unDyo=]
[COT 2025-09-14 06:31:12] 76561198024482897: Spawned Entity Flag (Flag_NAPA<104b55c0>, 100, 100, 15, 0) at <8337.498047, 331.704285, 1635.414063>
[COT 2025-09-14 06:31:24] 76561198024482897: Deleted Entity Flag_NAPA:23871 at <8337.029297, 331.712860, 1636.139038>
[COT 2025-09-14 06:31:47] 76561198024482897: Spawned Entity Flag Roll (ItemBase<a0884870>, 100, 300, 15, 0) at <8337.285156, 331.704285, 1635.837280>
[COT 2025-09-14 06:32:18] 76561198024482897: Deleted Entity FOG_FlagRoll_US:25111 at <8336.270508, 331.756927, 1636.376587>
[COT 2025-09-14 06:32:27] 76561198024482897: Spawned Entity Flag Roll (ItemBase<aa379d0>, 100, 300, 15, 0) at <8337.392578, 331.704285, 1635.903809>
[COT 2025-09-14 06:32:39] 76561198024482897: Deleted Entity FOG_FlagRoll_US_Black:29068 at <8336.446289, 331.756927, 1635.876221>
