[COT 2025-09-10 19:14:56] 76561198024482897: Activated Community Online Tools [guid=0nsyEhm9INQy3se8y-fXlbMHVv4YsIXloUCLC2unDyo=]
[COT 2025-09-10 19:27:26] 76561198024482897: Deactivated Community Online Tools [guid=0nsyEhm9INQy3se8y-fXlbMHVv4YsIXloUCLC2unDyo=]
[COT 2025-09-10 19:27:27] 76561198024482897: Activated Community Online Tools [guid=0nsyEhm9INQy3se8y-fXlbMHVv4YsIXloUCLC2unDyo=]
[COT 2025-09-10 19:27:41] 76561198024482897: Teleported 76561198024482897 to position <9035.842773, 341.113525, 4393.934570>
[COT 2025-09-10 19:29:16] 76561198024482897: Spawned Entity KA-74 (AK74<f896d0c0>, 100, 250, 15, 0) at <9050.941406, 342.761902, 4419.754395>
[COT 2025-09-10 19:31:41] 76561198024482897: Spawned Entity Wooden Box Kit (BIS_WoodStorage_Kit<f1781a40>, 1, 400, 15, 0) at <9144.130859, 339.829987, 4440.967773>
[COT 2025-09-10 19:32:00] 76561198024482897: Deleted Entity BIS_WoodStorage:12197 at <9145.845703, 340.830078, 4440.591309>
[COT 2025-09-10 19:32:05] 76561198024482897: Spawned Entity Wood Storage (BIS_WoodStorage<f1781a40>, 1, 100, 15, 0) at <9145.945313, 339.829987, 4440.309570>
[COT 2025-09-10 19:32:16] 76561198024482897: Set GodMode To true [guid=0nsyEhm9INQy3se8y-fXlbMHVv4YsIXloUCLC2unDyo=]
[COT 2025-09-10 19:32:17] 76561198024482897: Set GodMode To false [guid=0nsyEhm9INQy3se8y-fXlbMHVv4YsIXloUCLC2unDyo=]
[COT 2025-09-10 19:32:18] 76561198024482897: Set GodMode To true [guid=0nsyEhm9INQy3se8y-fXlbMHVv4YsIXloUCLC2unDyo=]
[COT 2025-09-10 19:32:37] 76561198024482897: Spawned Entity Plank (WoodenPlank<e46f7260>, 10, 100, 15, 0) at <9144.265625, 339.829987, 4440.297363>
[COT 2025-09-10 19:32:37] 76561198024482897: Spawned Entity Plank (WoodenPlank<e46f66d0>, 10, 100, 15, 0) at <9144.250000, 339.979340, 4440.343262>
[COT 2025-09-10 19:32:37] 76561198024482897: Spawned Entity Plank (WoodenPlank<e46f9510>, 10, 100, 15, 0) at <9144.235352, 340.128845, 4440.389160>
[COT 2025-09-10 19:32:37] 76561198024482897: Spawned Entity Plank (WoodenPlank<e4706530>, 10, 100, 15, 0) at <9144.220703, 340.278168, 4440.435059>
[COT 2025-09-10 19:32:38] 76561198024482897: Spawned Entity Plank (WoodenPlank<e4711e30>, 10, 100, 15, 0) at <9144.205078, 340.427490, 4440.481445>
[COT 2025-09-10 19:32:38] 76561198024482897: Spawned Entity Plank (WoodenPlank<e4715800>, 10, 100, 15, 0) at <9144.190430, 340.577057, 4440.527344>
[COT 2025-09-10 19:32:38] 76561198024482897: Spawned Entity Plank (WoodenPlank<e4716390>, 10, 100, 15, 0) at <9144.175781, 340.726410, 4440.573242>
[COT 2025-09-10 19:32:59] 76561198024482897: Spawned Entity Plank (WoodenPlank<e4715800>, 10, 100, 15, 0) at <9144.212891, 339.829987, 4440.352539>
[COT 2025-09-10 19:33:31] 76561198024482897: Spawned Entity MMG SupplyCrate Grey (mmg_crate03_base<e502daf0>, 150, 5000, 15, 0) at <9141.575195, 339.829987, 4444.159668>
[COT 2025-09-10 19:34:04] 76561198024482897: Spawned Entity Lumber (3m) (ExpansionLumber3<e11f3970>, 10, 100, 15, 0) at <9141.553711, 339.829987, 4442.437988>
[COT 2025-09-10 19:34:04] 76561198024482897: Spawned Entity Lumber (3m) (ExpansionLumber3<e11f5090>, 10, 100, 15, 0) at <9141.587891, 339.963684, 4442.490234>
[COT 2025-09-10 19:34:04] 76561198024482897: Spawned Entity Lumber (3m) (ExpansionLumber3<e11ee880>, 10, 100, 15, 0) at <9141.621094, 340.097382, 4442.542480>
[COT 2025-09-10 19:34:05] 76561198024482897: Spawned Entity Lumber (3m) (ExpansionLumber3<e11f8a60>, 10, 100, 15, 0) at <9141.654297, 340.231079, 4442.594727>
[COT 2025-09-10 19:34:05] 76561198024482897: Spawned Entity Lumber (3m) (ExpansionLumber3<e1211380>, 10, 100, 15, 0) at <9141.687500, 340.364777, 4442.646973>
[COT 2025-09-10 19:34:05] 76561198024482897: Spawned Entity Lumber (3m) (ExpansionLumber3<e1211f10>, 10, 100, 15, 0) at <9141.720703, 340.498474, 4442.699219>
[COT 2025-09-10 19:34:05] 76561198024482897: Spawned Entity Lumber (3m) (ExpansionLumber3<e120d9b0>, 10, 100, 15, 0) at <9141.753906, 340.632172, 4442.751465>
[COT 2025-09-10 19:34:06] 76561198024482897: Spawned Entity Lumber (3m) (ExpansionLumber3<e12141c0>, 10, 100, 15, 0) at <9141.787109, 340.765869, 4442.803711>
[COT 2025-09-10 19:34:06] 76561198024482897: Spawned Entity Lumber (3m) (ExpansionLumber3<ffcb0000>, 10, 100, 15, 0) at <9141.821289, 340.899567, 4442.855469>
[COT 2025-09-10 19:34:38] 76561198024482897: Spawned Entity MMG SupplyCrate Grey (mmg_crate03_base<ffca69b0>, 150, 5000, 15, 0) at <9139.758789, 341.126617, 4442.579102>
[COT 2025-09-10 19:34:40] 76561198024482897: Set GodMode To false [guid=0nsyEhm9INQy3se8y-fXlbMHVv4YsIXloUCLC2unDyo=]
[COT 2025-09-10 19:34:41] 76561198024482897: Deleted Entity mmg_supply_crate_grey:8017 at <9139.758789, 341.161072, 4442.579102>
[COT 2025-09-10 19:34:43] 76561198024482897: Set GodMode To true [guid=0nsyEhm9INQy3se8y-fXlbMHVv4YsIXloUCLC2unDyo=]
[COT 2025-09-10 19:34:47] 76561198024482897: Spawned Entity MMG SupplyCrate Grey (mmg_crate03_base<1d718dd0>, 150, 5000, 15, 0) at <9137.920898, 339.829987, 4443.433594>
[COT 2025-09-10 19:35:15] 76561198024482897: Spawned Entity Lumber (3m) (ExpansionLumber3<de7b8550>, 10, 100, 15, 0) at <9139.364258, 339.829987, 4444.059082>
[COT 2025-09-10 19:35:16] 76561198024482897: Spawned Entity Lumber (3m) (ExpansionLumber3<de7b5710>, 10, 100, 15, 0) at <9139.364258, 339.963684, 4444.007813>
[COT 2025-09-10 19:35:45] 76561198024482897: Spawned Entity Barrel (Barrel_Green<f0fe81d0>, 200000, 1300, 15, 512) at <9139.748047, 341.463623, 4442.951172>
[COT 2025-09-10 19:35:49] 76561198024482897: Deleted Entity Barrel_Green:9395 at <9139.748047, 341.454834, 4442.951172>
[COT 2025-09-10 19:36:16] 76561198024482897: Spawned Entity Barrel (Barrel_Green<1d23bfa0>, 0, 1300, 15, 512) at <9139.791992, 339.829987, 4444.333496>
[COT 2025-09-10 19:36:23] 76561198024482897: Spawned Entity Sharpening Stone (Whetstone<1d24ec40>, 0, 50, 15, 0) at <9140.364258, 339.829895, 4443.614258>
[COT 2025-09-10 19:36:24] 76561198024482897: Spawned Entity Sharpening Stone (Whetstone<1d24ec40>, 0, 50, 15, 0) at <9140.364258, 339.829895, 4443.614258>
[COT 2025-09-10 19:36:24] 76561198024482897: Spawned Entity Sharpening Stone (Whetstone<1d24ec40>, 0, 50, 15, 0) at <9140.364258, 339.829895, 4443.614258>
[COT 2025-09-10 19:36:24] 76561198024482897: Spawned Entity Sharpening Stone (Whetstone<1d24ec40>, 0, 50, 15, 0) at <9140.339844, 339.887390, 4443.600586>
[COT 2025-09-10 19:36:24] 76561198024482897: Spawned Entity Sharpening Stone (Whetstone<1d24ec40>, 0, 50, 15, 0) at <9140.364258, 339.829895, 4443.614258>
[COT 2025-09-10 19:36:24] 76561198024482897: Spawned Entity Sharpening Stone (Whetstone<1d24ec40>, 0, 50, 15, 0) at <9140.364258, 339.829895, 4443.614258>
[COT 2025-09-10 19:36:24] 76561198024482897: Spawned Entity Sharpening Stone (Whetstone<1d24ec40>, 0, 50, 15, 0) at <9140.339844, 339.887512, 4443.600586>
[COT 2025-09-10 19:36:25] 76561198024482897: Spawned Entity Sharpening Stone (Whetstone<1d24ec40>, 0, 50, 15, 0) at <9140.316406, 339.944580, 4443.586914>
[COT 2025-09-10 19:36:25] 76561198024482897: Spawned Entity Sharpening Stone (Whetstone<1d24ec40>, 0, 50, 15, 0) at <9140.364258, 339.829895, 4443.614258>
[COT 2025-09-10 19:36:39] 76561198024482897: Spawned Entity Sharpening Stone (Whetstone<1d24ec40>, 0, 50, 15, 0) at <9138.700195, 339.829987, 4443.801270>
[COT 2025-09-10 19:36:39] 76561198024482897: Spawned Entity Sharpening Stone (Whetstone<1d24ec40>, 0, 50, 15, 0) at <9138.700195, 339.829987, 4443.801270>
[COT 2025-09-10 19:36:39] 76561198024482897: Spawned Entity Sharpening Stone (Whetstone<1d24ec40>, 0, 50, 15, 0) at <9138.700195, 339.829987, 4443.801270>
[COT 2025-09-10 19:36:39] 76561198024482897: Spawned Entity Sharpening Stone (Whetstone<1d24ec40>, 0, 50, 15, 0) at <9138.725586, 339.887817, 4443.798340>
[COT 2025-09-10 19:36:39] 76561198024482897: Spawned Entity Sharpening Stone (Whetstone<1d24ec40>, 0, 50, 15, 0) at <9138.700195, 339.829987, 4443.801270>
[COT 2025-09-10 19:36:40] 76561198024482897: Spawned Entity Sharpening Stone (Whetstone<1d24ec40>, 0, 50, 15, 0) at <9138.700195, 339.829987, 4443.801270>
[COT 2025-09-10 19:36:53] 76561198024482897: Spawned Entity Sharpening Stone (Whetstone<1e8a78d0>, 5.7, 50, 15, 0) at <9137.576172, 339.829987, 4441.287598>
[COT 2025-09-10 19:36:53] 76561198024482897: Spawned Entity Sharpening Stone (Whetstone<1e8aec70>, 5.7, 50, 15, 0) at <9137.599609, 339.887299, 4441.305176>
[COT 2025-09-10 19:36:53] 76561198024482897: Spawned Entity Sharpening Stone (Whetstone<1e8b5480>, 5.7, 50, 15, 0) at <9137.622070, 339.944122, 4441.322754>
[COT 2025-09-10 19:36:53] 76561198024482897: Spawned Entity Sharpening Stone (Whetstone<1e8b3d60>, 5.7, 50, 15, 0) at <9137.644531, 339.999817, 4441.339844>
[COT 2025-09-10 19:37:00] 76561198024482897: Deleted Entity Whetstone:21146 at <9137.576172, 339.837433, 4441.287598>
[COT 2025-09-10 19:37:02] 76561198024482897: Deleted Entity Whetstone:22445 at <9137.599609, 339.894745, 4441.305176>
[COT 2025-09-10 19:37:03] 76561198024482897: Deleted Entity Whetstone:7997 at <9137.622070, 339.951996, 4441.322754>
[COT 2025-09-10 19:37:04] 76561198024482897: Deleted Entity Whetstone:27236 at <9137.644531, 340.007690, 4441.339844>
[COT 2025-09-10 19:37:08] 76561198024482897: Spawned Entity Sharpening Stone (Whetstone<1e8b5480>, 100, 50, 15, 0) at <9137.753906, 339.829987, 4441.712891>
[COT 2025-09-10 19:37:08] 76561198024482897: Spawned Entity Sharpening Stone (Whetstone<1e8aec70>, 100, 50, 15, 0) at <9137.771484, 339.887421, 4441.719238>
[COT 2025-09-10 19:37:09] 76561198024482897: Spawned Entity Sharpening Stone (Whetstone<1e8af800>, 100, 50, 15, 0) at <9137.789063, 339.944641, 4441.725586>
[COT 2025-09-10 19:37:09] 76561198024482897: Spawned Entity Sharpening Stone (Whetstone<1e8b0f20>, 100, 50, 15, 0) at <9137.807617, 340.001984, 4441.731934>
[COT 2025-09-10 19:37:09] 76561198024482897: Spawned Entity Sharpening Stone (Whetstone<1e8b31d0>, 100, 50, 15, 0) at <9137.807617, 340.002106, 4441.731934>
[COT 2025-09-10 19:37:09] 76561198024482897: Spawned Entity Sharpening Stone (Whetstone<1e8b3d60>, 100, 50, 15, 0) at <9137.826172, 340.059814, 4441.738281>
[COT 2025-09-10 19:37:09] 76561198024482897: Spawned Entity Sharpening Stone (Whetstone<1e8b6ba0>, 100, 50, 15, 0) at <9137.843750, 340.117645, 4441.744629>
[COT 2025-09-10 19:37:09] 76561198024482897: Spawned Entity Sharpening Stone (Whetstone<1e8b1ab0>, 100, 50, 15, 0) at <9137.862305, 340.175232, 4441.750977>
[COT 2025-09-10 19:37:22] 76561198024482897: Spawned Entity Sharpening Stone (Whetstone<17acea90>, 100, 50, 15, 0) at <9138.058594, 339.829987, 4441.762695>
[COT 2025-09-10 19:37:22] 76561198024482897: Spawned Entity Sharpening Stone (Whetstone<17ac99a0>, 100, 50, 15, 0) at <9138.075195, 339.886414, 4441.790527>
[COT 2025-09-10 19:37:31] 76561198024482897: Spawned Entity Hammer (Hammer<e1656970>, 100, 100, 15, 0) at <9138.037109, 339.830017, 4441.743652>
[COT 2025-09-10 19:37:31] 76561198024482897: Spawned Entity Hammer (Hammer<e1650160>, 100, 100, 15, 0) at <9138.066406, 339.926727, 4441.792480>
[COT 2025-09-10 19:37:31] 76561198024482897: Spawned Entity Hammer (Hammer<e1657500>, 100, 100, 15, 0) at <9138.096680, 340.022461, 4441.840820>
[COT 2025-09-10 19:37:32] 76561198024482897: Spawned Entity Hammer (Hammer<e1650cf0>, 100, 100, 15, 0) at <9138.126953, 340.121246, 4441.891113>
[COT 2025-09-10 19:37:32] 76561198024482897: Spawned Entity Hammer (Hammer<e1658090>, 100, 100, 15, 0) at <9138.157227, 340.218445, 4441.939941>
[COT 2025-09-10 19:37:32] 76561198024482897: Spawned Entity Hammer (Hammer<e165d180>, 100, 100, 15, 0) at <9138.157227, 340.218201, 4441.939941>
[COT 2025-09-10 19:37:46] 76561198024482897: Spawned Entity Hand Saw (HandSaw<e1675aa0>, 100, 100, 15, 0) at <9138.342773, 339.829956, 4441.699219>
[COT 2025-09-10 19:37:46] 76561198024482897: Spawned Entity Hand Saw (HandSaw<e166fe20>, 100, 100, 15, 0) at <9138.356445, 339.890320, 4441.731445>
[COT 2025-09-10 19:37:55] 76561198024482897: Spawned Entity Boxed Nails (NailBox<60425b50>, 100, 80, 15, 0) at <9138.302734, 339.829956, 4441.725098>
[COT 2025-09-10 19:37:56] 76561198024482897: Spawned Entity Boxed Nails (NailBox<6042da80>, 100, 80, 15, 0) at <9138.345703, 340.007721, 4441.819336>
[COT 2025-09-10 19:37:56] 76561198024482897: Spawned Entity Boxed Nails (NailBox<604387f0>, 100, 80, 15, 0) at <9138.391602, 340.192566, 4441.916992>
[COT 2025-09-10 19:37:56] 76561198024482897: Spawned Entity Boxed Nails (NailBox<60431fe0>, 100, 80, 15, 0) at <9138.438477, 340.387512, 4442.020020>
[COT 2025-09-10 19:37:56] 76561198024482897: Spawned Entity Boxed Nails (NailBox<60439380>, 100, 80, 15, 0) at <9138.484375, 340.575439, 4442.119629>
[COT 2025-09-10 19:37:56] 76561198024482897: Spawned Entity Boxed Nails (NailBox<60439f10>, 100, 80, 15, 0) at <9138.531250, 340.765961, 4442.220703>
[COT 2025-09-10 19:38:09] 76561198024482897: Spawned Entity Boxed Nails (NailBox<60444c80>, 100, 80, 15, 0) at <9138.302734, 339.829956, 4441.725098>
[COT 2025-09-10 19:38:09] 76561198024482897: Spawned Entity Boxed Nails (NailBox<6043f000>, 100, 80, 15, 0) at <9138.344727, 340.002075, 4441.815918>
[COT 2025-09-10 19:38:09] 76561198024482897: Spawned Entity Boxed Nails (NailBox<604463a0>, 100, 80, 15, 0) at <9138.344727, 340.002075, 4441.815918>
[COT 2025-09-10 19:38:09] 76561198024482897: Spawned Entity Boxed Nails (NailBox<6043fb90>, 100, 80, 15, 0) at <9138.389648, 340.184845, 4441.913086>
[COT 2025-09-10 19:38:51] 76561198024482897: ESP: Viewing ESP
[COT 2025-09-10 19:38:51] 76561198024482897: ESP: Clearing ESP
[COT 2025-09-10 19:38:53] 76561198024482897: ESP: Viewing ESP
[COT 2025-09-10 19:39:01] 76561198024482897: ESP: Clearing ESP
[COT 2025-09-10 19:39:01] 76561198024482897: ESP: Viewing ESP
[COT 2025-09-10 19:39:07] 76561198024482897: ESP target=mmg_crate03_base<e502daf0> action=orientation value=<52.277802, 0.000000, -0.000000>
[COT 2025-09-10 19:39:07] 76561198024482897: ESP target=mmg_crate03_base<e502daf0> action=orientation value=<52.377800, 0.000000, -0.000000>
[COT 2025-09-10 19:39:07] 76561198024482897: ESP target=mmg_crate03_base<e502daf0> action=orientation value=<52.477798, 0.000000, -0.000000>
[COT 2025-09-10 19:39:07] 76561198024482897: ESP target=mmg_crate03_base<e502daf0> action=orientation value=<52.577801, 0.000000, -0.000000>
[COT 2025-09-10 19:39:07] 76561198024482897: ESP target=mmg_crate03_base<e502daf0> action=orientation value=<52.677799, 0.000000, -0.000000>
[COT 2025-09-10 19:39:07] 76561198024482897: ESP target=mmg_crate03_base<e502daf0> action=orientation value=<52.777802, 0.000000, -0.000000>
[COT 2025-09-10 19:39:07] 76561198024482897: ESP target=mmg_crate03_base<e502daf0> action=orientation value=<52.877800, 0.000000, -0.000000>
[COT 2025-09-10 19:39:07] 76561198024482897: ESP target=mmg_crate03_base<e502daf0> action=orientation value=<53.877800, 0.000000, -0.000000>
[COT 2025-09-10 19:39:07] 76561198024482897: ESP target=mmg_crate03_base<e502daf0> action=orientation value=<54.877800, 0.000000, -0.000000>
[COT 2025-09-10 19:39:07] 76561198024482897: ESP target=mmg_crate03_base<e502daf0> action=orientation value=<56.877800, 0.000000, -0.000000>
[COT 2025-09-10 19:39:07] 76561198024482897: ESP target=mmg_crate03_base<e502daf0> action=orientation value=<57.877800, 0.000000, -0.000000>
[COT 2025-09-10 19:39:07] 76561198024482897: ESP target=mmg_crate03_base<e502daf0> action=orientation value=<58.877800, 0.000000, -0.000000>
[COT 2025-09-10 19:39:07] 76561198024482897: ESP target=mmg_crate03_base<e502daf0> action=orientation value=<59.877800, 0.000000, -0.000000>
[COT 2025-09-10 19:39:07] 76561198024482897: ESP target=mmg_crate03_base<e502daf0> action=orientation value=<60.877800, 0.000000, -0.000000>
[COT 2025-09-10 19:39:07] 76561198024482897: ESP target=mmg_crate03_base<e502daf0> action=orientation value=<61.877800, 0.000000, -0.000000>
[COT 2025-09-10 19:39:08] 76561198024482897: ESP target=mmg_crate03_base<e502daf0> action=orientation value=<62.877800, 0.000000, -0.000000>
[COT 2025-09-10 19:39:08] 76561198024482897: ESP target=mmg_crate03_base<e502daf0> action=orientation value=<63.877800, 0.000000, -0.000000>
[COT 2025-09-10 19:39:08] 76561198024482897: ESP target=mmg_crate03_base<e502daf0> action=orientation value=<64.877800, 0.000000, -0.000000>
[COT 2025-09-10 19:39:08] 76561198024482897: ESP target=mmg_crate03_base<e502daf0> action=orientation value=<65.877800, 0.000000, -0.000000>
[COT 2025-09-10 19:39:08] 76561198024482897: ESP target=mmg_crate03_base<e502daf0> action=orientation value=<66.877800, 0.000000, -0.000000>
[COT 2025-09-10 19:39:08] 76561198024482897: ESP target=mmg_crate03_base<e502daf0> action=orientation value=<67.877800, 0.000000, -0.000000>
[COT 2025-09-10 19:39:08] 76561198024482897: ESP target=mmg_crate03_base<e502daf0> action=orientation value=<68.877800, 0.000000, -0.000000>
[COT 2025-09-10 19:39:08] 76561198024482897: ESP target=mmg_crate03_base<e502daf0> action=orientation value=<69.877800, 0.000000, -0.000000>
[COT 2025-09-10 19:39:08] 76561198024482897: ESP target=mmg_crate03_base<e502daf0> action=orientation value=<70.877800, 0.000000, -0.000000>
[COT 2025-09-10 19:39:08] 76561198024482897: ESP target=mmg_crate03_base<e502daf0> action=orientation value=<71.877800, 0.000000, -0.000000>
[COT 2025-09-10 19:39:08] 76561198024482897: ESP target=mmg_crate03_base<e502daf0> action=orientation value=<73.877800, 0.000000, -0.000000>
[COT 2025-09-10 19:39:08] 76561198024482897: ESP target=mmg_crate03_base<e502daf0> action=orientation value=<74.877800, 0.000000, -0.000000>
[COT 2025-09-10 19:39:08] 76561198024482897: ESP target=mmg_crate03_base<e502daf0> action=orientation value=<76.877800, 0.000000, -0.000000>
[COT 2025-09-10 19:39:08] 76561198024482897: ESP target=mmg_crate03_base<e502daf0> action=orientation value=<77.877800, 0.000000, -0.000000>
[COT 2025-09-10 19:39:08] 76561198024482897: ESP target=mmg_crate03_base<e502daf0> action=orientation value=<78.877800, 0.000000, -0.000000>
[COT 2025-09-10 19:39:08] 76561198024482897: ESP target=mmg_crate03_base<e502daf0> action=orientation value=<79.877800, 0.000000, -0.000000>
[COT 2025-09-10 19:39:08] 76561198024482897: ESP target=mmg_crate03_base<e502daf0> action=orientation value=<80.877800, 0.000000, -0.000000>
[COT 2025-09-10 19:39:08] 76561198024482897: ESP target=mmg_crate03_base<e502daf0> action=orientation value=<81.877800, 0.000000, -0.000000>
[COT 2025-09-10 19:39:08] 76561198024482897: ESP target=mmg_crate03_base<e502daf0> action=orientation value=<82.877800, 0.000000, -0.000000>
[COT 2025-09-10 19:39:09] 76561198024482897: ESP target=mmg_crate03_base<e502daf0> action=orientation value=<83.877800, 0.000000, -0.000000>
[COT 2025-09-10 19:39:09] 76561198024482897: ESP target=mmg_crate03_base<e502daf0> action=orientation value=<85.877800, 0.000000, -0.000000>
[COT 2025-09-10 19:39:09] 76561198024482897: ESP target=mmg_crate03_base<e502daf0> action=orientation value=<86.877800, 0.000000, -0.000000>
[COT 2025-09-10 19:39:09] 76561198024482897: ESP target=mmg_crate03_base<e502daf0> action=orientation value=<87.877800, 0.000000, -0.000000>
[COT 2025-09-10 19:39:09] 76561198024482897: ESP target=mmg_crate03_base<e502daf0> action=orientation value=<88.877800, 0.000000, -0.000000>
[COT 2025-09-10 19:39:09] 76561198024482897: ESP target=mmg_crate03_base<e502daf0> action=orientation value=<89.877800, 0.000000, -0.000000>
[COT 2025-09-10 19:39:09] 76561198024482897: ESP target=mmg_crate03_base<e502daf0> action=orientation value=<90.877800, 0.000000, -0.000000>
[COT 2025-09-10 19:39:09] 76561198024482897: ESP target=mmg_crate03_base<e502daf0> action=orientation value=<91.877800, 0.000000, -0.000000>
[COT 2025-09-10 19:39:09] 76561198024482897: ESP target=mmg_crate03_base<e502daf0> action=orientation value=<93.877800, 0.000000, -0.000000>
[COT 2025-09-10 19:39:09] 76561198024482897: ESP target=mmg_crate03_base<e502daf0> action=orientation value=<94.877800, 0.000000, -0.000000>
[COT 2025-09-10 19:39:09] 76561198024482897: ESP target=mmg_crate03_base<e502daf0> action=orientation value=<95.877800, 0.000000, -0.000000>
[COT 2025-09-10 19:39:09] 76561198024482897: ESP target=mmg_crate03_base<e502daf0> action=orientation value=<96.877800, 0.000000, -0.000000>
[COT 2025-09-10 19:39:09] 76561198024482897: ESP target=mmg_crate03_base<e502daf0> action=orientation value=<97.877800, 0.000000, -0.000000>
[COT 2025-09-10 19:39:09] 76561198024482897: ESP target=mmg_crate03_base<e502daf0> action=orientation value=<99.877800, 0.000000, -0.000000>
[COT 2025-09-10 19:39:09] 76561198024482897: ESP target=mmg_crate03_base<e502daf0> action=orientation value=<100.877998, 0.000000, -0.000000>
[COT 2025-09-10 19:39:09] 76561198024482897: ESP target=mmg_crate03_base<e502daf0> action=orientation value=<101.877998, 0.000000, -0.000000>
[COT 2025-09-10 19:39:09] 76561198024482897: ESP target=mmg_crate03_base<e502daf0> action=orientation value=<102.877998, 0.000000, -0.000000>
[COT 2025-09-10 19:39:09] 76561198024482897: ESP target=mmg_crate03_base<e502daf0> action=orientation value=<104.877998, 0.000000, -0.000000>
[COT 2025-09-10 19:39:10] 76561198024482897: ESP target=mmg_crate03_base<e502daf0> action=orientation value=<105.877998, 0.000000, -0.000000>
[COT 2025-09-10 19:39:10] 76561198024482897: ESP target=mmg_crate03_base<e502daf0> action=orientation value=<106.877998, 0.000000, -0.000000>
[COT 2025-09-10 19:39:10] 76561198024482897: ESP target=mmg_crate03_base<e502daf0> action=orientation value=<107.877998, 0.000000, -0.000000>
[COT 2025-09-10 19:39:10] 76561198024482897: ESP target=mmg_crate03_base<e502daf0> action=orientation value=<108.877998, 0.000000, -0.000000>
[COT 2025-09-10 19:39:10] 76561198024482897: ESP target=mmg_crate03_base<e502daf0> action=orientation value=<109.877998, 0.000000, -0.000000>
[COT 2025-09-10 19:39:10] 76561198024482897: ESP target=mmg_crate03_base<e502daf0> action=orientation value=<111.877998, 0.000000, -0.000000>
[COT 2025-09-10 19:39:10] 76561198024482897: ESP target=mmg_crate03_base<e502daf0> action=orientation value=<112.877998, 0.000000, -0.000000>
[COT 2025-09-10 19:39:10] 76561198024482897: ESP target=mmg_crate03_base<e502daf0> action=orientation value=<113.877998, 0.000000, -0.000000>
[COT 2025-09-10 19:39:10] 76561198024482897: ESP target=mmg_crate03_base<e502daf0> action=orientation value=<114.877998, 0.000000, -0.000000>
[COT 2025-09-10 19:39:10] 76561198024482897: ESP target=mmg_crate03_base<e502daf0> action=orientation value=<115.877998, 0.000000, -0.000000>
[COT 2025-09-10 19:39:10] 76561198024482897: ESP target=mmg_crate03_base<e502daf0> action=orientation value=<116.877998, 0.000000, -0.000000>
[COT 2025-09-10 19:39:10] 76561198024482897: ESP target=mmg_crate03_base<e502daf0> action=orientation value=<117.877998, 0.000000, -0.000000>
[COT 2025-09-10 19:39:10] 76561198024482897: ESP target=mmg_crate03_base<e502daf0> action=orientation value=<118.877998, 0.000000, -0.000000>
[COT 2025-09-10 19:39:10] 76561198024482897: ESP target=mmg_crate03_base<e502daf0> action=orientation value=<119.877998, 0.000000, -0.000000>
[COT 2025-09-10 19:39:10] 76561198024482897: ESP target=mmg_crate03_base<e502daf0> action=orientation value=<120.877998, 0.000000, -0.000000>
[COT 2025-09-10 19:39:10] 76561198024482897: ESP target=mmg_crate03_base<e502daf0> action=orientation value=<121.877998, 0.000000, -0.000000>
[COT 2025-09-10 19:39:10] 76561198024482897: ESP target=mmg_crate03_base<e502daf0> action=orientation value=<122.877998, 0.000000, -0.000000>
[COT 2025-09-10 19:39:10] 76561198024482897: ESP target=mmg_crate03_base<e502daf0> action=orientation value=<123.877998, 0.000000, -0.000000>
[COT 2025-09-10 19:39:10] 76561198024482897: ESP target=mmg_crate03_base<e502daf0> action=orientation value=<124.877998, 0.000000, -0.000000>
[COT 2025-09-10 19:39:11] 76561198024482897: ESP target=mmg_crate03_base<e502daf0> action=orientation value=<125.877998, 0.000000, -0.000000>
[COT 2025-09-10 19:39:11] 76561198024482897: ESP target=mmg_crate03_base<e502daf0> action=orientation value=<126.877998, 0.000000, -0.000000>
[COT 2025-09-10 19:39:11] 76561198024482897: ESP target=mmg_crate03_base<e502daf0> action=orientation value=<127.877998, 0.000000, -0.000000>
[COT 2025-09-10 19:39:11] 76561198024482897: ESP target=mmg_crate03_base<e502daf0> action=orientation value=<128.878006, 0.000000, -0.000000>
[COT 2025-09-10 19:39:11] 76561198024482897: ESP target=mmg_crate03_base<e502daf0> action=orientation value=<129.878006, 0.000000, -0.000000>
[COT 2025-09-10 19:39:11] 76561198024482897: ESP target=mmg_crate03_base<e502daf0> action=orientation value=<130.878006, 0.000000, -0.000000>
[COT 2025-09-10 19:39:11] 76561198024482897: ESP target=mmg_crate03_base<e502daf0> action=orientation value=<131.878006, 0.000000, -0.000000>
[COT 2025-09-10 19:39:12] 76561198024482897: ESP target=mmg_crate03_base<e502daf0> action=orientation value=<130.878006, 0.000000, -0.000000>
[COT 2025-09-10 19:39:12] 76561198024482897: ESP target=mmg_crate03_base<e502daf0> action=orientation value=<129.878006, 0.000000, -0.000000>
[COT 2025-09-10 19:39:35] 76561198024482897: Spawned Entity Floor Kit (ExpansionFloorKit<179321b0>, 100, 100, 15, 0) at <9138.821289, 339.830017, 4443.350586>
[COT 2025-09-10 19:39:35] 76561198024482897: Spawned Entity Floor Kit (ExpansionFloorKit<1793ac70>, 100, 100, 15, 0) at <9138.894531, 339.989075, 4443.392090>
[COT 2025-09-10 19:39:35] 76561198024482897: Spawned Entity Floor Kit (ExpansionFloorKit<1793f1d0>, 100, 100, 15, 0) at <9138.992188, 340.200745, 4443.446777>
[COT 2025-09-10 19:39:48] 76561198024482897: Spawned Entity Roof Kit (ExpansionRoofKit<168bd1b0>, 100, 100, 15, 0) at <9138.941406, 339.829987, 4443.002930>
[COT 2025-09-10 19:39:48] 76561198024482897: Spawned Entity Roof Kit (ExpansionRoofKit<168bf460>, 100, 100, 15, 0) at <9139.022461, 340.051147, 4443.091797>
[COT 2025-09-10 19:39:49] 76561198024482897: Spawned Entity Roof Kit (ExpansionRoofKit<168d09e0>, 100, 100, 15, 0) at <9139.104492, 340.272278, 4443.180664>
[COT 2025-09-10 19:40:01] 76561198024482897: Spawned Entity Stair Kit (ExpansionStairKit<168cf2c0>, 100, 100, 15, 0) at <9138.941406, 339.829987, 4443.002930>
[COT 2025-09-10 19:40:01] 76561198024482897: Spawned Entity Stair Kit (ExpansionStairKit<a899710>, 100, 100, 15, 0) at <9139.000977, 339.990967, 4443.067383>
[COT 2025-09-10 19:40:05] 76561198024482897: Spawned Entity Stair Kit (ExpansionStairKit<a89a2a0>, 100, 100, 15, 0) at <9139.060547, 340.151917, 4443.132324>
[COT 2025-09-10 19:40:38] 76561198024482897: Spawned Entity Shelter Kit (ShelterKit<dabeb030>, 100, 200, 15, 0) at <9138.878906, 339.829987, 4443.052246>
[COT 2025-09-10 19:41:58] 76561198024482897: ESP: Clearing ESP
[COT 2025-09-10 19:42:53] 76561198024482897: Spawned Entity Code Lock (ExpansionCodeLock<a00d1000>, 10, 100, 15, 0) at <9140.989258, 339.829987, 4439.749512>
[COT 2025-09-10 19:42:54] 76561198024482897: Spawned Entity Code Lock (ExpansionCodeLock<a00db1e0>, 10, 100, 15, 0) at <9140.989258, 339.850281, 4439.747559>
[COT 2025-09-10 19:42:55] 76561198024482897: Spawned Entity Code Lock (ExpansionCodeLock<e8ca34f0>, 10, 100, 15, 0) at <9140.989258, 339.870575, 4439.745605>
[COT 2025-09-10 19:45:48] 76561198024482897: Set GodMode To false [guid=0nsyEhm9INQy3se8y-fXlbMHVv4YsIXloUCLC2unDyo=]
[COT 2025-09-10 19:45:48] 76561198024482897: Set GodMode To true [guid=0nsyEhm9INQy3se8y-fXlbMHVv4YsIXloUCLC2unDyo=]
[COT 2025-09-10 19:45:58] 76561198024482897: Spawned Entity MMG TA-50 Locker Kit Green (mmg_locker02_green_kit<1bcfc9d0>, 10, 1000, 15, 0) at <9132.983398, 339.829987, 4441.354492>
[COT 2025-09-10 19:48:06] 76561198024482897: Teleported 76561198024482897 to position <8349.549805, 322.639069, 1650.195313>
[COT 2025-09-10 19:51:29] 76561198024482897: Set GodMode To false [guid=0nsyEhm9INQy3se8y-fXlbMHVv4YsIXloUCLC2unDyo=]
[COT 2025-09-10 20:25:07] 76561198024482897: Set GodMode To true [guid=0nsyEhm9INQy3se8y-fXlbMHVv4YsIXloUCLC2unDyo=]
[COT 2025-09-10 20:25:07] 76561198024482897: Set GodMode To false [guid=0nsyEhm9INQy3se8y-fXlbMHVv4YsIXloUCLC2unDyo=]
[COT 2025-09-10 20:25:14] 76561198024482897: Deactivated Community Online Tools [guid=0nsyEhm9INQy3se8y-fXlbMHVv4YsIXloUCLC2unDyo=]
[COT 2025-09-10 20:25:15] 76561198024482897: Activated Community Online Tools [guid=0nsyEhm9INQy3se8y-fXlbMHVv4YsIXloUCLC2unDyo=]
[COT 2025-09-10 20:25:25] 76561198024482897: Teleported 76561198024482897 to position <9135.007813, 339.829987, 4446.947266>
[COT 2025-09-10 20:26:09] 76561198024482897: Spawned Entity Hammer (Hammer<eb10eec0>, 100, 100, 15, 0) at <9140.845703, 339.829987, 4443.157715>
[COT 2025-09-10 20:26:09] 76561198024482897: Spawned Entity Hammer (Hammer<eb0d17f0>, 100, 100, 15, 0) at <9140.814453, 339.927155, 4443.183594>
[COT 2025-09-10 20:26:09] 76561198024482897: Spawned Entity Hammer (Hammer<eb0d51c0>, 100, 100, 15, 0) at <9140.782227, 340.023834, 4443.208984>
[COT 2025-09-10 20:26:09] 76561198024482897: Spawned Entity Hammer (Hammer<eb0d9720>, 100, 100, 15, 0) at <9140.750977, 340.120483, 4443.234375>
[COT 2025-09-10 20:26:21] 76561198024482897: Spawned Entity Hammer (Hammer<19aef6e0>, 100, 100, 15, 0) at <9140.974609, 339.829987, 4443.214355>
[COT 2025-09-10 20:26:21] 76561198024482897: Spawned Entity Hammer (Hammer<19ae8ed0>, 100, 100, 15, 0) at <9140.938477, 339.925537, 4443.236328>
[COT 2025-09-10 20:26:21] 76561198024482897: Spawned Entity Hammer (Hammer<19af1990>, 100, 100, 15, 0) at <9140.902344, 340.022034, 4443.258301>
[COT 2025-09-10 20:26:21] 76561198024482897: Spawned Entity Hammer (Hammer<19afc700>, 100, 100, 15, 0) at <9140.866211, 340.117249, 4443.280273>
[COT 2025-09-10 20:26:21] 76561198024482897: Spawned Entity Hammer (Hammer<19afde20>, 100, 100, 15, 0) at <9140.866211, 340.117249, 4443.280273>
[COT 2025-09-10 20:26:21] 76561198024482897: Spawned Entity Hammer (Hammer<19afe9b0>, 100, 100, 15, 0) at <9140.830078, 340.213562, 4443.302734>
[COT 2025-09-10 20:26:21] 76561198024482897: Spawned Entity Hammer (Hammer<19af81a0>, 100, 100, 15, 0) at <9140.830078, 340.213593, 4443.302734>
[COT 2025-09-10 20:26:32] 76561198024482897: Spawned Entity Hammer (Hammer<1d083a40>, 100, 100, 15, 0) at <9140.919922, 339.924866, 4443.271973>
[COT 2025-09-10 20:26:33] 76561198024482897: Spawned Entity Hammer (Hammer<1d085cf0>, 100, 100, 15, 0) at <9140.884766, 340.022583, 4443.292480>
[COT 2025-09-10 20:26:33] 76561198024482897: Spawned Entity Hammer (Hammer<1d086880>, 100, 100, 15, 0) at <9140.850586, 340.118073, 4443.312012>
[COT 2025-09-10 20:26:33] 76561198024482897: Spawned Entity Hammer (Hammer<1d080070>, 100, 100, 15, 0) at <9140.850586, 340.118073, 4443.312012>
[COT 2025-09-10 20:26:55] 76561198024482897: Entered the Free Camera
[COT 2025-09-10 21:00:09] 76561198024482897: Left the Free Camera
[COT 2025-09-10 22:56:32] 76561198024482897: Deactivated Community Online Tools [guid=0nsyEhm9INQy3se8y-fXlbMHVv4YsIXloUCLC2unDyo=]
[COT 2025-09-10 22:56:34] 76561198024482897: Activated Community Online Tools [guid=0nsyEhm9INQy3se8y-fXlbMHVv4YsIXloUCLC2unDyo=]
