[COT 2025-08-28 06:33:09] 76561198024482897: Activated Community Online Tools [guid=0nsyEhm9INQy3se8y-fXlbMHVv4YsIXloUCLC2unDyo=]
[COT 2025-08-28 06:34:50] 76561198024482897: Entered the Free Camera
[COT 2025-08-28 06:35:39] 76561198024482897: Left the Free Camera
[COT 2025-08-28 06:35:42] 76561198024482897: Entered the Free Camera
[COT 2025-08-28 06:36:45] 76561198024482897: Left the Free Camera
[COT 2025-08-28 06:36:59] 76561198024482897: Entered the Free Camera
[COT 2025-08-28 06:37:33] 76561198024482897: Left the Free Camera
[COT 2025-08-28 06:37:35] 76561198024482897: Entered the Free Camera
[COT 2025-08-28 06:37:39] 76561198024482897: Left the Free Camera
[COT 2025-08-28 06:37:41] 76561198024482897: Entered the Free Camera
[COT 2025-08-28 06:43:00] 76561198024482897: Left the Free Camera
[COT 2025-08-28 06:43:15] 76561198024482897: Spawned Entity Dark Bark (Bark_Oak<bdf5ec60>, 8, 25, 15, 0) at <8391.495117, 331.645660, 1653.592407>
[COT 2025-08-28 06:43:16] 76561198024482897: Set GodMode To true [guid=0nsyEhm9INQy3se8y-fXlbMHVv4YsIXloUCLC2unDyo=]
[COT 2025-08-28 06:43:23] 76561198024482897: Spawned Entity Firewood (Firewood<bdf5c9b0>, 3, 500, 15, 0) at <8391.915039, 331.679626, 1653.418823>
[COT 2025-08-28 06:43:47] 76561198024482897: Entered the Free Camera
[COT 2025-08-28 06:43:55] 76561198024482897: Left the Free Camera
[COT 2025-08-28 06:43:59] 76561198024482897: Entered the Free Camera
[COT 2025-08-28 06:44:17] 76561198024482897: Left the Free Camera
[COT 2025-08-28 06:44:24] 76561198024482897: Entered the Free Camera
[COT 2025-08-28 06:47:43] 76561198024482897: Left the Free Camera
[COT 2025-08-28 06:48:04] 76561198024482897: Entered the Free Camera
[COT 2025-08-28 07:12:24] 76561198024482897: Left the Free Camera
[COT 2025-08-28 07:50:27] 76561198024482897: Entered the Free Camera
[COT 2025-08-28 07:51:29] 76561198024482897: ESP: Viewing ESP
[COT 2025-08-28 07:51:46] 76561198024482897: Left the Free Camera
[COT 2025-08-28 07:51:56] 76561198024482897: ESP: Clearing ESP
[COT 2025-08-28 07:56:48] 76561198024482897: Spawned Entity STR_EXPANSION_MOBILE_GENERATOR (ItemBase<6bf13740>, 10, 100, 15, 0) at <8343.099609, 331.703827, 1631.922363>
[COT 2025-08-28 07:57:09] 76561198024482897: Deleted Entity ExpansionGenerator_Small:14956 at <8343.699219, 331.687988, 1630.688232>
[COT 2025-08-28 07:58:04] 76561198024482897: Set GodMode To false [guid=0nsyEhm9INQy3se8y-fXlbMHVv4YsIXloUCLC2unDyo=]
[COT 2025-08-28 07:58:04] 76561198024482897: Set GodMode To true [guid=0nsyEhm9INQy3se8y-fXlbMHVv4YsIXloUCLC2unDyo=]
[COT 2025-08-28 07:58:07] 76561198024482897: Set GodMode To false [guid=0nsyEhm9INQy3se8y-fXlbMHVv4YsIXloUCLC2unDyo=]
[COT 2025-08-28 07:58:07] 76561198024482897: Deactivated Community Online Tools [guid=0nsyEhm9INQy3se8y-fXlbMHVv4YsIXloUCLC2unDyo=]
[COT 2025-08-28 07:58:09] 76561198024482897: Activated Community Online Tools [guid=0nsyEhm9INQy3se8y-fXlbMHVv4YsIXloUCLC2unDyo=]
[COT 2025-08-28 07:58:20] 76561198024482897: Teleported 76561198024482897 to position <10332.370117, 216.960220, 5930.162598>
[COT 2025-08-28 07:58:44] 76561198024482897: Spawned Entity Rubber Boat (Boat_01_Black<b7d800d0>, 100, 600, 15, 0) at <10319.517578, 211.904755, 5890.636719>
[COT 2025-08-28 08:01:04] 76561198024482897: Set GodMode To true [guid=0nsyEhm9INQy3se8y-fXlbMHVv4YsIXloUCLC2unDyo=]
[COT 2025-08-28 08:01:31] 76561198024482897: Teleported 76561198024482897 to position <8343.169922, 325.429565, 1641.213989>
