[COT 2025-09-09 09:22:18] 76561198024482897: Activated Community Online Tools [guid=0nsyEhm9INQy3se8y-fXlbMHVv4YsIXloUCLC2unDyo=]
[COT 2025-09-09 19:40:54] 76561198024482897: Activated Community Online Tools [guid=0nsyEhm9INQy3se8y-fXlbMHVv4YsIXloUCLC2unDyo=]
[COT 2025-09-09 19:40:54] 76561198024482897: Set GodMode To true [guid=0nsyEhm9INQy3se8y-fXlbMHVv4YsIXloUCLC2unDyo=]
[COT 2025-09-09 19:40:55] 76561198024482897: Set GodMode To false [guid=0nsyEhm9INQy3se8y-fXlbMHVv4YsIXloUCLC2unDyo=]
[COT 2025-09-09 19:41:03] 76561198024482897: Spawned Entity Fence Kit (FenceKit<ee6cc270>, 100, 200, 15, 0) at <8337.654297, 331.702271, 1642.104614>
[COT 2025-09-09 19:41:34] 76561198024482897: ESP: Viewing ESP
[COT 2025-09-09 19:41:57] 76561198024482897: ESP: Clearing ESP
[COT 2025-09-09 19:41:59] 76561198024482897: ESP: ESP updating
[COT 2025-09-09 19:42:05] 76561198024482897: ESP: Clearing ESP
[COT 2025-09-09 19:42:09] 76561198024482897: ESP: ESP updating
[COT 2025-09-09 19:42:22] 76561198024482897: ESP target=Fence<5aefd50> action=built part=base required_materials=false
[COT 2025-09-09 19:42:24] 76561198024482897: ESP target=Fence<5aefd50> action=built part=wall_platform required_materials=false
[COT 2025-09-09 19:42:27] 76561198024482897: ESP target=Fence<5aefd50> action=dismantle part=wall_platform
[COT 2025-09-09 19:42:29] 76561198024482897: ESP target=Fence<5aefd50> action=built part=wall_base_down required_materials=false
[COT 2025-09-09 19:42:36] 76561198024482897: ESP target=Fence<5aefd50> action=built part=wall_metal_down required_materials=false
[COT 2025-09-09 19:42:51] 76561198024482897: ESP target=Fence<5aefd50> action=position value=<8335.030273, 331.601990, 1644.089966>
[COT 2025-09-09 19:42:52] 76561198024482897: ESP target=Fence<5aefd50> action=position value=<8335.030273, 331.502014, 1644.089966>
[COT 2025-09-09 19:42:52] 76561198024482897: ESP target=Fence<5aefd50> action=position value=<8335.030273, 331.402008, 1644.089966>
[COT 2025-09-09 19:42:53] 76561198024482897: ESP target=Fence<5aefd50> action=position value=<8335.030273, 331.302002, 1644.089966>
[COT 2025-09-09 19:42:54] 76561198024482897: ESP target=Fence<5aefd50> action=position value=<8335.030273, 331.201996, 1644.089966>
[COT 2025-09-09 19:42:55] 76561198024482897: ESP target=Fence<5aefd50> action=position value=<8335.030273, 331.101990, 1644.089966>
[COT 2025-09-09 19:43:10] 76561198024482897: ESP: Clearing ESP
[COT 2025-09-09 19:45:58] 76561198024482897: ESP: ESP updating
[COT 2025-09-09 19:46:01] 76561198024482897: ESP target=TLC_Flower2<8f772f20> action=position value=<8342.889648, 331.703003, 1642.359985>
[COT 2025-09-09 19:46:03] 76561198024482897: ESP target=TLC_Flower2<8f772f20> action=position value=<8342.889648, 331.703003, 1642.459961>
[COT 2025-09-09 19:46:03] 76561198024482897: ESP target=TLC_Flower2<8f772f20> action=position value=<8342.889648, 331.703003, 1642.560059>
[COT 2025-09-09 19:46:03] 76561198024482897: ESP target=TLC_Flower2<8f772f20> action=position value=<8342.889648, 331.703003, 1642.660034>
[COT 2025-09-09 19:46:04] 76561198024482897: ESP target=TLC_Flower2<8f772f20> action=position value=<8342.889648, 331.703003, 1642.760010>
[COT 2025-09-09 19:46:05] 76561198024482897: ESP target=TLC_Flower2<8f772f20> action=position value=<8342.889648, 331.703003, 1642.859985>
[COT 2025-09-09 19:46:06] 76561198024482897: ESP target=TLC_Flower2<8f772f20> action=position value=<8342.990234, 331.703003, 1642.859985>
[COT 2025-09-09 19:46:07] 76561198024482897: ESP target=TLC_Flower2<8f772f20> action=position value=<8342.990234, 331.703003, 1642.959961>
[COT 2025-09-09 19:46:09] 76561198024482897: ESP target=TLC_Flower2<8f772f20> action=position value=<8343.089844, 331.703003, 1642.959961>
[COT 2025-09-09 19:46:10] 76561198024482897: ESP target=TLC_Flower2<8f772f20> action=position value=<8342.990234, 331.703003, 1642.959961>
[COT 2025-09-09 19:46:11] 76561198024482897: ESP target=TLC_Flower2<8f772f20> action=position value=<8342.990234, 331.703003, 1643.060059>
[COT 2025-09-09 19:46:15] 76561198024482897: ESP: Clearing ESP
[COT 2025-09-09 20:17:22] 76561198024482897: Set GodMode To true [guid=0nsyEhm9INQy3se8y-fXlbMHVv4YsIXloUCLC2unDyo=]
[COT 2025-09-09 20:18:10] 76561198024482897: Set GodMode To false [guid=0nsyEhm9INQy3se8y-fXlbMHVv4YsIXloUCLC2unDyo=]
[COT 2025-09-09 20:41:25] 76561198024482897: Entered the Free Camera
[COT 2025-09-09 20:43:59] 76561198024482897: Set GodMode To true [guid=0nsyEhm9INQy3se8y-fXlbMHVv4YsIXloUCLC2unDyo=]
[COT 2025-09-09 20:44:00] 76561198024482897: Set GodMode To false [guid=0nsyEhm9INQy3se8y-fXlbMHVv4YsIXloUCLC2unDyo=]
[COT 2025-09-09 20:48:54] 76561198024482897: ESP: Viewing ESP
[COT 2025-09-09 20:49:01] 76561198024482897: Left the Free Camera
[COT 2025-09-09 20:51:33] 76561198024482897: ESP: Clearing ESP
[COT 2025-09-09 20:57:11] 76561198024482897: Entered the Free Camera
[COT 2025-09-09 20:57:40] 76561198024482897: ESP: Viewing ESP
[COT 2025-09-09 20:57:50] 76561198024482897: ESP: Clearing ESP
[COT 2025-09-09 20:57:51] 76561198024482897: ESP: ESP updating
[COT 2025-09-09 20:58:00] 76561198024482897: ESP: Clearing ESP
[COT 2025-09-09 20:58:02] 76561198024482897: ESP: ESP updating
[COT 2025-09-09 21:01:05] 76561198024482897: Left the Free Camera
[COT 2025-09-09 21:01:14] 76561198024482897: ESP: Clearing ESP
[COT 2025-09-09 21:46:00] 76561198024482897: Deactivated Community Online Tools [guid=0nsyEhm9INQy3se8y-fXlbMHVv4YsIXloUCLC2unDyo=]
[COT 2025-09-09 21:49:09] 76561198024482897: Activated Community Online Tools [guid=0nsyEhm9INQy3se8y-fXlbMHVv4YsIXloUCLC2unDyo=]
[COT 2025-09-09 21:49:23] 76561198024482897: ESP: Viewing ESP
[COT 2025-09-09 21:49:24] 76561198024482897: ESP: Clearing ESP
[COT 2025-09-09 21:49:25] 76561198024482897: ESP: Viewing ESP
[COT 2025-09-09 21:49:32] 76561198024482897: ESP target=Spotlight<917915f0> action=orientation value=<88.533897, 0.000000, -0.000000>
[COT 2025-09-09 21:49:32] 76561198024482897: ESP target=Spotlight<917915f0> action=orientation value=<88.433899, 0.000000, -0.000000>
[COT 2025-09-09 21:49:32] 76561198024482897: ESP target=Spotlight<917915f0> action=orientation value=<88.333900, 0.000000, -0.000000>
[COT 2025-09-09 21:49:32] 76561198024482897: ESP target=Spotlight<917915f0> action=orientation value=<88.033897, 0.000000, -0.000000>
[COT 2025-09-09 21:49:33] 76561198024482897: ESP target=Spotlight<917915f0> action=orientation value=<87.833900, 0.000000, -0.000000>
[COT 2025-09-09 21:49:33] 76561198024482897: ESP target=Spotlight<917915f0> action=orientation value=<87.733902, 0.000000, -0.000000>
[COT 2025-09-09 21:49:33] 76561198024482897: ESP target=Spotlight<917915f0> action=orientation value=<87.333900, 0.000000, -0.000000>
[COT 2025-09-09 21:49:33] 76561198024482897: ESP target=Spotlight<917915f0> action=orientation value=<87.033897, 0.000000, -0.000000>
[COT 2025-09-09 21:49:33] 76561198024482897: ESP target=Spotlight<917915f0> action=orientation value=<86.733902, 0.000000, -0.000000>
[COT 2025-09-09 21:49:33] 76561198024482897: ESP target=Spotlight<917915f0> action=orientation value=<86.433899, 0.000000, -0.000000>
[COT 2025-09-09 21:49:33] 76561198024482897: ESP target=Spotlight<917915f0> action=orientation value=<86.333900, 0.000000, -0.000000>
[COT 2025-09-09 21:50:18] 76561198024482897: ESP: Clearing ESP
[COT 2025-09-09 21:51:58] 76561198024482897: ESP: Viewing ESP
[COT 2025-09-09 21:52:03] 76561198024482897: ESP target=TLC_Flower1<9516c1d0> action=position value=<8350.929688, 331.703003, 1633.790039>
[COT 2025-09-09 21:52:03] 76561198024482897: ESP target=TLC_Flower1<9516c1d0> action=position value=<8350.929688, 331.703003, 1633.689941>
[COT 2025-09-09 21:52:04] 76561198024482897: ESP target=TLC_Flower1<9516c1d0> action=position value=<8350.929688, 331.703003, 1633.790039>
[COT 2025-09-09 21:52:04] 76561198024482897: ESP target=TLC_Flower1<9516c1d0> action=position value=<8350.929688, 331.703003, 1633.890015>
[COT 2025-09-09 21:52:05] 76561198024482897: ESP target=TLC_Flower1<9516c1d0> action=position value=<8351.030273, 331.703003, 1633.890015>
[COT 2025-09-09 21:52:05] 76561198024482897: ESP target=TLC_Flower1<9516c1d0> action=position value=<8351.129883, 331.703003, 1633.890015>
[COT 2025-09-09 21:52:06] 76561198024482897: ESP target=TLC_Flower1<9516c1d0> action=position value=<8351.230469, 331.703003, 1633.890015>
[COT 2025-09-09 21:52:06] 76561198024482897: ESP target=TLC_Flower1<9516c1d0> action=position value=<8351.330078, 331.703003, 1633.890015>
[COT 2025-09-09 21:52:07] 76561198024482897: ESP target=TLC_Flower1<9516c1d0> action=position value=<8351.330078, 331.703003, 1633.689941>
[COT 2025-09-09 21:52:07] 76561198024482897: ESP target=TLC_Flower1<9516c1d0> action=position value=<8351.330078, 331.703003, 1633.589966>
[COT 2025-09-09 21:52:08] 76561198024482897: ESP target=TLC_Flower1<9516c1d0> action=position value=<8351.330078, 331.703003, 1633.790039>
[COT 2025-09-09 21:52:08] 76561198024482897: ESP target=TLC_Flower1<9516c1d0> action=position value=<8351.330078, 331.703003, 1633.890015>
[COT 2025-09-09 21:52:08] 76561198024482897: ESP target=TLC_Flower1<9516c1d0> action=position value=<8351.330078, 331.703003, 1633.989990>
[COT 2025-09-09 21:52:09] 76561198024482897: ESP target=TLC_Flower1<9516c1d0> action=position value=<8351.330078, 331.703003, 1634.089966>
[COT 2025-09-09 21:52:09] 76561198024482897: ESP target=TLC_Flower1<9516c1d0> action=position value=<8351.330078, 331.703003, 1634.390015>
[COT 2025-09-09 21:52:09] 76561198024482897: ESP target=TLC_Flower1<9516c1d0> action=position value=<8351.330078, 331.703003, 1634.489990>
[COT 2025-09-09 21:52:10] 76561198024482897: ESP target=TLC_Flower1<9516c1d0> action=position value=<8351.230469, 331.703003, 1634.489990>
[COT 2025-09-09 21:52:10] 76561198024482897: ESP target=TLC_Flower1<9516c1d0> action=position value=<8351.030273, 331.703003, 1634.489990>
[COT 2025-09-09 21:52:10] 76561198024482897: ESP target=TLC_Flower1<9516c1d0> action=position value=<8350.929688, 331.703003, 1634.489990>
[COT 2025-09-09 21:52:11] 76561198024482897: ESP target=TLC_Flower1<9516c1d0> action=position value=<8351.030273, 331.703003, 1634.489990>
[COT 2025-09-09 21:52:11] 76561198024482897: ESP target=TLC_Flower1<9516c1d0> action=position value=<8351.230469, 331.703003, 1634.489990>
[COT 2025-09-09 21:52:11] 76561198024482897: ESP target=TLC_Flower1<9516c1d0> action=position value=<8351.330078, 331.703003, 1634.489990>
[COT 2025-09-09 21:52:12] 76561198024482897: ESP target=TLC_Flower1<9516c1d0> action=position value=<8351.429688, 331.703003, 1634.489990>
[COT 2025-09-09 21:52:12] 76561198024482897: ESP target=TLC_Flower1<9516c1d0> action=position value=<8351.530273, 331.703003, 1634.489990>
[COT 2025-09-09 21:52:13] 76561198024482897: ESP target=TLC_Flower1<9516c1d0> action=position value=<8351.530273, 331.703003, 1634.589966>
[COT 2025-09-09 21:52:13] 76561198024482897: ESP target=TLC_Flower1<9516c1d0> action=position value=<8351.530273, 331.703003, 1634.689941>
[COT 2025-09-09 21:52:14] 76561198024482897: ESP target=TLC_Flower1<9516c1d0> action=position value=<8351.429688, 331.703003, 1634.689941>
[COT 2025-09-09 21:52:15] 76561198024482897: ESP target=TLC_Flower1<9516c1d0> action=position value=<8351.530273, 331.703003, 1634.689941>
[COT 2025-09-09 21:52:15] 76561198024482897: ESP target=TLC_Flower1<9516c1d0> action=position value=<8351.629883, 331.703003, 1634.689941>
[COT 2025-09-09 21:52:16] 76561198024482897: ESP target=TLC_Flower1<9516c1d0> action=position value=<8351.629883, 331.703003, 1634.589966>
[COT 2025-09-09 21:52:16] 76561198024482897: ESP target=TLC_Flower1<9516c1d0> action=position value=<8351.629883, 331.703003, 1634.489990>
[COT 2025-09-09 21:52:17] 76561198024482897: ESP target=TLC_Flower1<9516c1d0> action=position value=<8351.629883, 331.703003, 1634.689941>
[COT 2025-09-09 21:52:18] 76561198024482897: ESP target=TLC_Flower1<9516c1d0> action=position value=<8351.629883, 331.703003, 1634.790039>
[COT 2025-09-09 21:52:19] 76561198024482897: ESP target=TLC_Flower1<9516c1d0> action=position value=<8351.730469, 331.703003, 1634.790039>
[COT 2025-09-09 21:52:20] 76561198024482897: ESP target=TLC_Flower1<9516c1d0> action=position value=<8351.730469, 331.703003, 1634.890015>
[COT 2025-09-09 21:52:21] 76561198024482897: Set GodMode To true [guid=0nsyEhm9INQy3se8y-fXlbMHVv4YsIXloUCLC2unDyo=]
[COT 2025-09-09 21:52:22] 76561198024482897: Set GodMode To false [guid=0nsyEhm9INQy3se8y-fXlbMHVv4YsIXloUCLC2unDyo=]
[COT 2025-09-09 21:52:25] 76561198024482897: ESP: Clearing ESP
[COT 2025-09-09 22:41:02] 76561198024482897: Activated Community Online Tools [guid=0nsyEhm9INQy3se8y-fXlbMHVv4YsIXloUCLC2unDyo=]
[COT 2025-09-09 22:50:42] 76561198024482897: Deactivated Community Online Tools [guid=0nsyEhm9INQy3se8y-fXlbMHVv4YsIXloUCLC2unDyo=]
[COT 2025-09-09 22:50:43] 76561198024482897: Activated Community Online Tools [guid=0nsyEhm9INQy3se8y-fXlbMHVv4YsIXloUCLC2unDyo=]
