[COT 2025-09-14 08:31:38] 76561198024482897: Activated Community Online Tools [guid=0nsyEhm9INQy3se8y-fXlbMHVv4YsIXloUCLC2unDyo=]
[COT 2025-09-14 08:32:03] 76561198024482897: Entered the Free Camera
[COT 2025-09-14 08:32:18] 76561198024482897: ESP: Viewing ESP
[COT 2025-09-14 08:33:02] 76561198024482897: Teleported 76561198024482897 to position <3241.241455, 404.862488, 5023.394531>
[COT 2025-09-14 08:33:07] 76561198024482897: Left the Free Camera
[COT 2025-09-14 08:33:10] 76561198024482897: Entered the Free Camera
[COT 2025-09-14 08:33:50] 76561198024482897: Teleported 76561198024482897 to position <1922.639038, 220.739029, 7054.323730>
[COT 2025-09-14 08:33:52] 76561198024482897: Left the Free Camera
[COT 2025-09-14 08:33:54] 76561198024482897: Entered the Free Camera
[COT 2025-09-14 08:35:26] 76561198024482897: Deleted Entity ExpansionUh1h:5975 at <1229.569458, 168.903809, 7566.711914>
[COT 2025-09-14 08:44:49] 76561198024482897: Left the Free Camera
[COT 2025-09-14 08:45:19] 76561198024482897: Deleted Entity NomNom_Poster_BigD1:8085 at <2020.230225, 242.135529, 6759.399902>
[COT 2025-09-14 08:45:19] 76561198024482897: Entered the Free Camera
[COT 2025-09-14 08:45:46] 76561198024482897: Teleported 76561198024482897 to position <5958.917969, 223.649277, 8111.840820>
[COT 2025-09-14 08:45:50] 76561198024482897: Left the Free Camera
[COT 2025-09-14 08:45:52] 76561198024482897: Entered the Free Camera
[COT 2025-09-14 08:46:48] 76561198024482897: Left the Free Camera
[COT 2025-09-14 08:47:14] 76561198024482897: Set GodMode To true [guid=0nsyEhm9INQy3se8y-fXlbMHVv4YsIXloUCLC2unDyo=]
[COT 2025-09-14 08:47:14] 76561198024482897: Set cannot be targeted by AI to true [guid=0nsyEhm9INQy3se8y-fXlbMHVv4YsIXloUCLC2unDyo=]
[COT 2025-09-14 08:47:15] 76561198024482897: Set UnlimitedStamina To true [guid=0nsyEhm9INQy3se8y-fXlbMHVv4YsIXloUCLC2unDyo=]
[COT 2025-09-14 08:47:15] 76561198024482897: Set UnlimitedAmmo To true [guid=0nsyEhm9INQy3se8y-fXlbMHVv4YsIXloUCLC2unDyo=]
[COT 2025-09-14 08:47:16] 76561198024482897: Set Invisibility To 1 [guid=0nsyEhm9INQy3se8y-fXlbMHVv4YsIXloUCLC2unDyo=]
[COT 2025-09-14 08:47:17] 76561198024482897: Entered the Free Camera
[COT 2025-09-14 08:48:06] 76561198024482897: Teleported 76561198024482897 to position <5512.998047, 307.269989, 8719.583008>
[COT 2025-09-14 08:48:09] 76561198024482897: Left the Free Camera
[COT 2025-09-14 08:48:10] 76561198024482897: Entered the Free Camera
[COT 2025-09-14 08:48:24] 76561198024482897: Teleported 76561198024482897 to position <4031.161133, 208.285187, 7946.298340>
[COT 2025-09-14 08:48:26] 76561198024482897: Left the Free Camera
[COT 2025-09-14 08:48:28] 76561198024482897: Entered the Free Camera
[COT 2025-09-14 08:54:40] 76561198024482897: Teleported 76561198024482897 to position <11574.348633, 243.009995, 7087.502930>
[COT 2025-09-14 08:54:42] 76561198024482897: Left the Free Camera
[COT 2025-09-14 08:54:44] 76561198024482897: Entered the Free Camera
[COT 2025-09-14 08:58:13] 76561198024482897: Teleported 76561198024482897 to position <7388.182129, 287.040009, 2621.589600>
[COT 2025-09-14 08:58:16] 76561198024482897: Left the Free Camera
[COT 2025-09-14 08:58:22] 76561198024482897: Entered the Free Camera
[COT 2025-09-14 08:59:30] 76561198024482897: Left the Free Camera
[COT 2025-09-14 09:00:10] 76561198024482897: Entered the Free Camera
[COT 2025-09-14 09:01:30] 76561198024482897: Set GodMode To false [guid=0nsyEhm9INQy3se8y-fXlbMHVv4YsIXloUCLC2unDyo=]
[COT 2025-09-14 09:01:31] 76561198024482897: Set GodMode To true [guid=0nsyEhm9INQy3se8y-fXlbMHVv4YsIXloUCLC2unDyo=]
