[COT 2025-09-05 18:22:59] 76561198024482897: Activated Community Online Tools [guid=0nsyEhm9INQy3se8y-fXlbMHVv4YsIXloUCLC2unDyo=]
[COT 2025-09-05 18:23:15] 76561198024482897: Spawned Entity Land Rover Defender (Expansion_Landrover_Yellow<9eb7c0a0>, 100, 3000, 15, 0) at <3341.110352, 487.134888, 2042.488647>
[COT 2025-09-05 18:23:23] 76561198024482897: Set GodMode To true [guid=0nsyEhm9INQy3se8y-fXlbMHVv4YsIXloUCLC2unDyo=]
[COT 2025-09-05 18:25:11] 76561198024482897: Deleted Entity WoodenCrate:12593 at <3339.583496, 487.163055, 2042.683350>
[COT 2025-09-05 18:25:14] 76561198024482897: Deleted Entity Expansion_Landrover_Driverdoor_Yellow:13634 at <3339.573730, 487.264648, 2042.681396>
[COT 2025-09-05 18:25:17] 76561198024482897: Deleted Entity WoodenCrate:14249 at <3339.583496, 487.163055, 2042.683350>
[COT 2025-09-05 18:25:19] 76561198024482897: Deleted Entity WoodenCrate:9270 at <3339.583496, 487.163055, 2042.683350>
[COT 2025-09-05 18:25:21] 76561198024482897: Deleted Entity Expansion_Landrover_Trunk_Yellow:16791 at <3339.578369, 487.225403, 2042.682373>
[COT 2025-09-05 18:25:23] 76561198024482897: Deleted Entity Expansion_Landrover_Left_Yellow:19303 at <3339.638672, 487.196289, 2042.694580>
[COT 2025-09-05 18:25:30] 76561198024482897: Deleted Entity Expansion_Landrover_Hood_Yellow:4660 at <3340.106934, 487.735687, 2043.106445>
[COT 2025-09-05 18:25:43] 76561198024482897: Deleted Entity Expansion_Landrover_Codriverdoor_Yellow:9798 at <3342.404541, 487.184967, 2042.806641>
[COT 2025-09-05 18:25:45] 76561198024482897: Deleted Entity Expansion_Landrover_Right_Yellow:24867 at <3342.403809, 487.200195, 2042.806885>
[COT 2025-09-05 18:26:26] 76561198024482897: Spawned Entity M3S Covered (Truck_01_Covered<64d6a100>, 100, 1500, 15, 0) at <3362.591797, 488.037445, 2083.408447>
[COT 2025-09-05 18:27:38] 76561198024482897: Deleted Entity Truck_01_Hood:21999 at <3364.022461, 488.806915, 2085.098877>
[COT 2025-09-05 18:27:40] 76561198024482897: Deleted Entity Truck_01_Door_2_1:16242 at <3364.019775, 488.236298, 2085.444336>
[COT 2025-09-05 18:28:22] 76561198024482897: Deleted Entity Truck_01_Door_1_1:13038 at <3361.076660, 488.227386, 2084.640381>
[COT 2025-09-05 18:29:37] 76561198024482897: Spawned Entity Ada 4x4 (OffroadHatchback<d6967800>, 100, 1000, 15, 0) at <3350.900635, 487.027557, 2020.668213>
[COT 2025-09-05 18:30:03] 76561198024482897: Spawned Entity Ada 4x4 (OffroadHatchback<9eb9fd70>, 100, 1000, 15, 0) at <3345.825195, 487.024261, 2020.083374>
[COT 2025-09-05 18:30:34] 76561198024482897: Deleted Entity HatchbackDoors_Driver_GreenRust:16535 at <3344.551514, 487.149994, 2020.472900>
[COT 2025-09-05 18:30:42] 76561198024482897: Deleted Entity OffroadHatchback_GreenRust:10681 at <3350.900879, 486.868469, 2020.666992>
[COT 2025-09-05 18:34:02] 76561198024482897: Teleported 76561198024482897 to position <8342.417969, 330.458923, 1636.344116>
[COT 2025-09-05 18:35:39] 76561198024482897: Spawned Entity Mh-6 Little Bird (ExpansionMh6<d6967800>, 100, 5000, 15, 0) at <8338.356445, 334.705200, 1643.910767>
[COT 2025-09-05 18:36:58] 76561198024482897: Deleted Entity ExpansionMh6_Vrana:17640 at <8338.480469, 334.763275, 1643.721313>
[COT 2025-09-05 18:37:17] 76561198024482897: Spawned Entity Mh-6 Little Bird (ExpansionMh6<28f5a4d0>, 100, 5000, 15, 0) at <8325.455078, 317.870148, 1617.605713>
[COT 2025-09-05 18:37:53] 76561198024482897: Deactivated Community Online Tools [guid=0nsyEhm9INQy3se8y-fXlbMHVv4YsIXloUCLC2unDyo=]
[COT 2025-09-05 18:38:01] 76561198024482897: Activated Community Online Tools [guid=0nsyEhm9INQy3se8y-fXlbMHVv4YsIXloUCLC2unDyo=]
[COT 2025-09-05 18:38:03] 76561198024482897: Deactivated Community Online Tools [guid=0nsyEhm9INQy3se8y-fXlbMHVv4YsIXloUCLC2unDyo=]
[COT 2025-09-05 18:38:12] 76561198024482897: Activated Community Online Tools [guid=0nsyEhm9INQy3se8y-fXlbMHVv4YsIXloUCLC2unDyo=]
[COT 2025-09-05 18:38:16] 76561198024482897: Healed [guid=0nsyEhm9INQy3se8y-fXlbMHVv4YsIXloUCLC2unDyo=]
[COT 2025-09-05 18:38:17] 76561198024482897: Repaired Transport [guid=0nsyEhm9INQy3se8y-fXlbMHVv4YsIXloUCLC2unDyo=]
[COT 2025-09-05 18:38:32] 76561198024482897: Deleted Entity ExpansionMh6_Resistance:25359 at <8322.956055, 317.255402, 1616.342407>
[COT 2025-09-05 18:38:36] 76561198024482897: Spawned Entity Mh-6 Little Bird (ExpansionMh6<64d6a100>, 100, 5000, 15, 0) at <8324.228516, 317.533173, 1616.992676>
[COT 2025-09-05 18:39:36] 76561198024482897: Set GodMode To false [guid=0nsyEhm9INQy3se8y-fXlbMHVv4YsIXloUCLC2unDyo=]
[COT 2025-09-05 18:45:46] 76561198024482897: Spawned Entity Bren (SNAFU_Bren<bb1d6bc0>, 100, 300, 15, 0) at <1978.571899, 230.165695, 7313.415527>
[COT 2025-09-05 19:17:31] 76561198024482897: Activated Community Online Tools [guid=0nsyEhm9INQy3se8y-fXlbMHVv4YsIXloUCLC2unDyo=]
[COT 2025-09-05 19:17:43] 76561198024482897: Updated roles [guid=_AiYSOqBTsXk7V79zSlYdl-x8y50J1nzzpoqKcKH0v8=]
[COT 2025-09-05 19:20:04] 76561198962655176: Activated Community Online Tools [guid=_AiYSOqBTsXk7V79zSlYdl-x8y50J1nzzpoqKcKH0v8=]
[COT 2025-09-05 19:20:09] 76561198962655176: Set GodMode To true [guid=_AiYSOqBTsXk7V79zSlYdl-x8y50J1nzzpoqKcKH0v8=]
[COT 2025-09-05 19:21:03] 76561198962655176: Teleported _AiYSOqBTsXk7V79zSlYdl-x8y50J1nzzpoqKcKH0v8= to (Nadbór, <6107.634277, 387.756805, 3983.128662>)
[COT 2025-09-05 19:23:38] 76561198962655176: Spawned Entity Door Locker (BS_DoorLocker<dd8e2df0>, 1, 100, 15, 0) at <6097.317871, 404.654755, 4032.834717>
[COT 2025-09-05 19:24:28] 76561198962655176: Spawned Entity Military Case (CJ_StaticCrate_Base<610b2510>, 100, 100, 15, 0) at <6095.224121, 404.732910, 4029.664551>
[COT 2025-09-05 19:24:49] 76561198962655176: Deleted Entity BS_Box1_Green:26409 at <6095.224121, 404.737732, 4029.664551>
[COT 2025-09-05 19:25:04] 76561198962655176: Spawned Entity Military Case (CJ_StaticCrate_Base<1deff800>, 100, 100, 15, 0) at <6095.812988, 404.654755, 4030.300049>
[COT 2025-09-05 19:25:17] 76561198962655176: Deleted Entity BS_Box1_Green:4824 at <6095.812988, 404.659576, 4030.300049>
[COT 2025-09-05 19:25:32] 76561198962655176: Spawned Entity Military Case (CJ_StaticCrate_Base<1def6d40>, 100, 100, 15, 0) at <6095.180664, 404.654755, 4032.052002>
[COT 2025-09-05 19:25:35] 76561198962655176: Spawned Entity Military Case (CJ_StaticCrate_Base<1def0530>, 100, 100, 15, 0) at <6095.513184, 405.154968, 4032.445313>
[COT 2025-09-05 19:25:42] 76561198962655176: Deleted Entity BS_Box1_Green:22355 at <6095.180664, 404.659576, 4032.052002>
[COT 2025-09-05 19:25:44] 76561198962655176: Deleted Entity BS_Box1_Green:16775 at <6095.513184, 405.159790, 4032.445313>
[COT 2025-09-05 19:26:04] 76561198962655176: Spawned Entity Military Case (CJ_StaticCrate_Base<f4cd81d0>, 100, 100, 15, 0) at <6096.747070, 404.654724, 4033.154297>
[COT 2025-09-05 19:26:24] 76561198962655176: Deleted Entity BS_Box1_Green:23576 at <6096.747070, 404.659546, 4033.154297>
[COT 2025-09-05 19:26:37] 76561198962655176: Spawned Entity #STR_BSHC_HackedCrate_DisplayName (BS_Hacked_Crate<a6bad990>, 100, 13000, 15, 0) at <6097.641113, 404.654694, 4034.002197>
[COT 2025-09-05 19:26:52] 76561198962655176: Deleted Entity BS_Hacked_Crate:15932 at <6097.641113, 404.654694, 4034.002197>
[COT 2025-09-05 19:27:03] 76561198962655176: Spawned Entity Military Case (CJ_StaticCrate_Base<1ef47000>, 100, 100, 15, 0) at <6096.838867, 404.654755, 4032.632324>
[COT 2025-09-05 19:27:26] 76561198962655176: Spawned Entity Military small Case (CJ_StaticCrate_Base<1ef50650>, 1, 100, 15, 0) at <6097.006836, 404.654755, 4028.979248>
[COT 2025-09-05 19:36:13] 76561198962655176: Spawned Entity HoneyBadger .300blk (SkyFall_HoneyBadger_Base<144db370>, 100, 5000, 15, 0) at <6098.580078, 408.245941, 4050.708252>
