[COT 2025-09-23 03:08:41] 76561198024482897: Activated Community Online Tools [guid=0nsyEhm9INQy3se8y-fXlbMHVv4YsIXloUCLC2unDyo=]
[COT 2025-09-23 03:08:46] 76561198024482897: Set GodMode To true [guid=0nsyEhm9INQy3se8y-fXlbMHVv4YsIXloUCLC2unDyo=]
[COT 2025-09-23 03:08:47] 76561198024482897: Set Invisibility To 1 [guid=0nsyEhm9INQy3se8y-fXlbMHVv4YsIXloUCLC2unDyo=]
[COT 2025-09-23 03:08:48] 76561198024482897: Set cannot be targeted by AI to false [guid=0nsyEhm9INQy3se8y-fXlbMHVv4YsIXloUCLC2unDyo=]
[COT 2025-09-23 03:08:49] 76561198024482897: Set UnlimitedStamina To true [guid=0nsyEhm9INQy3se8y-fXlbMHVv4YsIXloUCLC2unDyo=]
[COT 2025-09-23 03:08:49] 76561198024482897: Set Invisibility To 0 [guid=0nsyEhm9INQy3se8y-fXlbMHVv4YsIXloUCLC2unDyo=]
[COT 2025-09-23 03:08:49] 76561198024482897: Set cannot be targeted by AI to true [guid=0nsyEhm9INQy3se8y-fXlbMHVv4YsIXloUCLC2unDyo=]
[COT 2025-09-23 03:08:50] 76561198024482897: Set Invisibility To 1 [guid=0nsyEhm9INQy3se8y-fXlbMHVv4YsIXloUCLC2unDyo=]
[COT 2025-09-23 03:08:50] 76561198024482897: Set UnlimitedAmmo To true [guid=0nsyEhm9INQy3se8y-fXlbMHVv4YsIXloUCLC2unDyo=]
[COT 2025-09-23 03:10:20] 76561198024482897: Teleported 76561198024482897 to position <5138.006836, 358.162079, 5507.986328>
[COT 2025-09-23 03:10:25] 76561198024482897: Spawned Entity Military Airdrop (ExpansionAirdropContainerBase_Server<a2a81da0>, 100, 100000, 15, 0) at <5132.891602, 356.986633, 5500.593262>
[COT 2025-09-23 03:10:31] 76561198024482897: Deleted Entity ExpansionAirdropContainer_Military:31276 at <5132.874512, 357.024017, 5500.596191>
[COT 2025-09-23 03:13:07] 76561198024482897: Teleported 76561198024482897 to position <6054.221191, 173.376785, 10672.927734>
[COT 2025-09-23 03:15:03] 76561198024482897: Spawned Entity MMG SupplyCrate Grey (mmg_crate03_base<aa488540>, 100, 5000, 15, 0) at <6060.129883, 173.177765, 10692.156250>
[COT 2025-09-23 03:15:08] 76561198024482897: Spawned Entity MMG SupplyCrate Grey (mmg_crate03_base<aa49bd70>, 100, 5000, 15, 0) at <6058.951660, 173.112320, 10693.076172>
[COT 2025-09-23 03:15:11] 76561198024482897: Spawned Entity MMG SupplyCrate Grey (mmg_crate03_base<abce9cf0>, 100, 5000, 15, 0) at <6060.054688, 173.276016, 10694.634766>
[COT 2025-09-23 03:15:59] 76561198024482897: Spawned Entity Wood Storage (BIS_WoodStorage<abd0a540>, 1, 100, 15, 0) at <6061.716797, 173.519180, 10695.825195>
[COT 2025-09-23 03:16:16] 76561198024482897: Spawned Entity Lumber (3m) (ExpansionLumber3<ac0e7240>, 10, 100, 15, 0) at <6061.808594, 173.457901, 10693.927734>
[COT 2025-09-23 03:16:16] 76561198024482897: Spawned Entity Lumber (3m) (ExpansionLumber3<ac0e8960>, 10, 100, 15, 0) at <6061.727539, 173.578400, 10694.000977>
[COT 2025-09-23 03:16:17] 76561198024482897: Spawned Entity Lumber (3m) (ExpansionLumber3<ac0ee5e0>, 10, 100, 15, 0) at <6061.637695, 173.712112, 10694.082031>
[COT 2025-09-23 03:16:17] 76561198024482897: Spawned Entity Lumber (3m) (ExpansionLumber3<ac0e7dd0>, 10, 100, 15, 0) at <6061.548340, 173.845825, 10694.163086>
[COT 2025-09-23 03:16:17] 76561198024482897: Spawned Entity Lumber (3m) (ExpansionLumber3<ac0ef170>, 10, 100, 15, 0) at <6061.458496, 173.979538, 10694.244141>
[COT 2025-09-23 03:16:18] 76561198024482897: Spawned Entity Lumber (3m) (ExpansionLumber3<ac0efd00>, 10, 100, 15, 0) at <6061.379395, 174.099182, 10694.316406>
[COT 2025-09-23 03:16:18] 76561198024482897: Spawned Entity Lumber (3m) (ExpansionLumber3<ac0eac10>, 10, 100, 15, 0) at <6061.288574, 174.232895, 10694.397461>
[COT 2025-09-23 03:16:18] 76561198024482897: Spawned Entity Lumber (3m) (ExpansionLumber3<ac0e94f0>, 10, 100, 15, 0) at <6061.198730, 174.366608, 10694.478516>
[COT 2025-09-23 03:16:54] 76561198024482897: Spawned Entity Lumber (3m) (ExpansionLumber3<ac0eb7a0>, 10, 100, 15, 0) at <6061.434082, 173.417847, 10693.832031>
[COT 2025-09-23 03:16:54] 76561198024482897: Spawned Entity Lumber (3m) (ExpansionLumber3<ac0f1420>, 10, 100, 15, 0) at <6061.395996, 173.551559, 10693.794922>
[COT 2025-09-23 03:16:55] 76561198024482897: Spawned Entity Lumber (3m) (ExpansionLumber3<ac0f1fb0>, 10, 100, 15, 0) at <6061.357422, 173.685272, 10693.758789>
[COT 2025-09-23 03:16:56] 76561198024482897: Spawned Entity Lumber (3m) (ExpansionLumber3<ac0f2b40>, 10, 100, 15, 0) at <6061.319336, 173.818985, 10693.721680>
[COT 2025-09-23 03:16:56] 76561198024482897: Spawned Entity Lumber (3m) (ExpansionLumber3<ac0ec330>, 10, 100, 15, 0) at <6061.281250, 173.952698, 10693.685547>
[COT 2025-09-23 03:16:57] 76561198024482897: Spawned Entity Lumber (3m) (ExpansionLumber3<ac0f87c0>, 10, 100, 15, 0) at <6061.243164, 174.086411, 10693.648438>
[COT 2025-09-23 03:16:57] 76561198024482897: Spawned Entity Lumber (3m) (ExpansionLumber3<ac0f5980>, 10, 100, 15, 0) at <6061.204590, 174.220123, 10693.612305>
[COT 2025-09-23 03:17:24] 76561198024482897: Spawned Entity Plank (WoodenPlank<ac3cf9d0>, 10, 100, 15, 0) at <6061.773438, 173.453873, 10693.867188>
[COT 2025-09-23 03:17:24] 76561198024482897: Spawned Entity Plank (WoodenPlank<ac3ccb90>, 10, 100, 15, 0) at <6061.701172, 173.602692, 10693.817383>
[COT 2025-09-23 03:17:25] 76561198024482897: Spawned Entity Plank (WoodenPlank<ac3d0560>, 10, 100, 15, 0) at <6061.628418, 173.751984, 10693.766602>
[COT 2025-09-23 03:17:25] 76561198024482897: Spawned Entity Plank (WoodenPlank<ac3cd720>, 10, 100, 15, 0) at <6061.555664, 173.901306, 10693.716797>
[COT 2025-09-23 03:17:25] 76561198024482897: Spawned Entity Plank (WoodenPlank<ac3cb470>, 10, 100, 15, 0) at <6061.483398, 174.050613, 10693.666992>
[COT 2025-09-23 03:17:26] 76561198024482897: Spawned Entity Plank (WoodenPlank<ac3d1c80>, 10, 100, 15, 0) at <6061.410645, 174.199921, 10693.617188>
[COT 2025-09-23 03:17:26] 76561198024482897: Spawned Entity Plank (WoodenPlank<ac3ce2b0>, 10, 100, 15, 0) at <6061.337891, 174.349243, 10693.567383>
[COT 2025-09-23 03:17:26] 76561198024482897: Spawned Entity Plank (WoodenPlank<ac3d2810>, 10, 100, 15, 0) at <6061.265137, 174.498947, 10693.516602>
[COT 2025-09-23 03:17:27] 76561198024482897: Spawned Entity Plank (WoodenPlank<ac3d5650>, 10, 100, 15, 0) at <6061.192383, 174.648392, 10693.466797>
[COT 2025-09-23 03:17:27] 76561198024482897: Spawned Entity Plank (WoodenPlank<ac3d9bb0>, 10, 100, 15, 0) at <6061.120117, 174.797684, 10693.416992>
[COT 2025-09-23 03:17:53] 76561198024482897: Spawned Entity Plank (WoodenPlank<ac3d1c80>, 10, 100, 15, 0) at <6061.663086, 173.442703, 10693.972656>
[COT 2025-09-23 03:17:53] 76561198024482897: Spawned Entity Plank (WoodenPlank<ac3d4ac0>, 10, 100, 15, 0) at <6061.590332, 173.592010, 10693.921875>
[COT 2025-09-23 03:18:28] 76561198024482897: Spawned Entity Hatchet (Hatchet<ac3e03c0>, 10, 150, 15, 0) at <6062.160645, 173.495239, 10693.971680>
[COT 2025-09-23 03:18:28] 76561198024482897: Spawned Entity Hatchet (Hatchet<ac3dbe60>, 10, 150, 15, 0) at <6062.141602, 173.564835, 10693.958008>
[COT 2025-09-23 03:18:28] 76561198024482897: Spawned Entity Hatchet (Hatchet<ac3dd580>, 10, 150, 15, 0) at <6062.122070, 173.635345, 10693.944336>
[COT 2025-09-23 03:18:56] 76561198024482897: Spawned Entity Nails (Nail<ac3fa400>, 99, 80, 15, 0) at <6062.099121, 173.484390, 10693.698242>
[COT 2025-09-23 03:18:57] 76561198024482897: Spawned Entity Nails (Nail<ac3faf90>, 99, 80, 15, 0) at <6062.054688, 173.559219, 10693.687500>
[COT 2025-09-23 03:18:57] 76561198024482897: Spawned Entity Nails (Nail<ac4017a0>, 99, 80, 15, 0) at <6062.010254, 173.634003, 10693.675781>
[COT 2025-09-23 03:18:57] 76561198024482897: Spawned Entity Nails (Nail<ac3fddd0>, 99, 80, 15, 0) at <6061.966309, 173.708801, 10693.664063>
[COT 2025-09-23 03:18:58] 76561198024482897: Spawned Entity Nails (Nail<ac402330>, 99, 80, 15, 0) at <6061.921875, 173.783615, 10693.652344>
[COT 2025-09-23 03:18:58] 76561198024482897: Spawned Entity Nails (Nail<ac402ec0>, 99, 80, 15, 0) at <6061.921875, 173.783615, 10693.652344>
[COT 2025-09-23 03:18:58] 76561198024482897: Spawned Entity Nails (Nail<ac403a50>, 99, 80, 15, 0) at <6061.877441, 173.858429, 10693.640625>
[COT 2025-09-23 03:19:11] 76561198024482897: Spawned Entity Nails (Nail<ac975360>, 99, 80, 15, 0) at <6062.099121, 173.484390, 10693.698242>
[COT 2025-09-23 03:19:12] 76561198024482897: Spawned Entity Nails (Nail<ac975ef0>, 99, 80, 15, 0) at <6062.054688, 173.559219, 10693.687500>
[COT 2025-09-23 03:19:12] 76561198024482897: Spawned Entity Nails (Nail<ac9781a0>, 99, 80, 15, 0) at <6062.010254, 173.634018, 10693.675781>
[COT 2025-09-23 03:19:12] 76561198024482897: Spawned Entity Nails (Nail<ac973c40>, 99, 80, 15, 0) at <6061.966309, 173.708832, 10693.664063>
[COT 2025-09-23 03:19:13] 76561198024482897: Spawned Entity Nails (Nail<ac971990>, 99, 80, 15, 0) at <6061.921875, 173.783646, 10693.652344>
[COT 2025-09-23 03:19:13] 76561198024482897: Spawned Entity Nails (Nail<ac978d30>, 99, 80, 15, 0) at <6061.877441, 173.858459, 10693.640625>
[COT 2025-09-23 03:19:13] 76561198024482897: Spawned Entity Nails (Nail<ac9798c0>, 99, 80, 15, 0) at <6061.833008, 173.933273, 10693.628906>
[COT 2025-09-23 03:19:14] 76561198024482897: Spawned Entity Nails (Nail<ac9730b0>, 99, 80, 15, 0) at <6061.788574, 174.008072, 10693.618164>
[COT 2025-09-23 03:19:14] 76561198024482897: Spawned Entity Nails (Nail<ac97bb70>, 99, 80, 15, 0) at <6061.788574, 174.008087, 10693.618164>
[COT 2025-09-23 03:19:14] 76561198024482897: Spawned Entity Nails (Nail<ac97a450>, 99, 80, 15, 0) at <6061.744141, 174.082870, 10693.606445>
[COT 2025-09-23 03:19:31] 76561198024482897: Spawned Entity Nails (Nail<ac980c60>, 99, 80, 15, 0) at <6062.099121, 173.484390, 10693.698242>
[COT 2025-09-23 03:19:41] 76561198024482897: Spawned Entity Sharpening Stone (Whetstone<ac9851c0>, 100, 50, 15, 0) at <6062.099121, 173.484390, 10693.698242>
[COT 2025-09-23 03:19:41] 76561198024482897: Spawned Entity Sharpening Stone (Whetstone<ac9800d0>, 100, 50, 15, 0) at <6062.064941, 173.542252, 10693.689453>
[COT 2025-09-23 03:19:42] 76561198024482897: Spawned Entity Sharpening Stone (Whetstone<ac985d50>, 100, 50, 15, 0) at <6062.030762, 173.600128, 10693.680664>
[COT 2025-09-23 03:19:42] 76561198024482897: Spawned Entity Sharpening Stone (Whetstone<ac97f540>, 100, 50, 15, 0) at <6061.996582, 173.657227, 10693.671875>
[COT 2025-09-23 03:19:42] 76561198024482897: Spawned Entity Sharpening Stone (Whetstone<ac988b90>, 100, 50, 15, 0) at <6061.963867, 173.712357, 10693.663086>
[COT 2025-09-23 03:19:43] 76561198024482897: Spawned Entity Sharpening Stone (Whetstone<ac98a2b0>, 100, 50, 15, 0) at <6061.929688, 173.769699, 10693.654297>
[COT 2025-09-23 03:19:43] 76561198024482897: Spawned Entity Sharpening Stone (Whetstone<ac9868e0>, 100, 50, 15, 0) at <6061.895508, 173.827286, 10693.645508>
[COT 2025-09-23 03:19:43] 76561198024482897: Spawned Entity Sharpening Stone (Whetstone<ac987470>, 100, 50, 15, 0) at <6061.861328, 173.885178, 10693.636719>
[COT 2025-09-23 03:19:43] 76561198024482897: Spawned Entity Sharpening Stone (Whetstone<ac98b9d0>, 100, 50, 15, 0) at <6061.827148, 173.942795, 10693.627930>
[COT 2025-09-23 03:20:03] 76561198024482897: Spawned Entity Sharpening Stone (Whetstone<ac98ae40>, 100, 50, 15, 0) at <6062.099121, 173.484390, 10693.698242>
[COT 2025-09-23 03:20:16] 76561198024482897: Spawned Entity Nails (Nail<ac993900>, 99, 80, 15, 0) at <6061.669922, 173.430328, 10693.562500>
[COT 2025-09-23 03:20:16] 76561198024482897: Spawned Entity Nails (Nail<ac990ac0>, 99, 80, 15, 0) at <6061.648438, 173.505127, 10693.557617>
[COT 2025-09-23 03:20:16] 76561198024482897: Spawned Entity Nails (Nail<ac996740>, 99, 80, 15, 0) at <6061.626953, 173.579941, 10693.552734>
[COT 2025-09-23 03:20:16] 76561198024482897: Spawned Entity Nails (Nail<ac994490>, 99, 80, 15, 0) at <6061.605469, 173.654739, 10693.547852>
[COT 2025-09-23 03:20:17] 76561198024482897: Spawned Entity Nails (Nail<ac99b830>, 99, 80, 15, 0) at <6061.583984, 173.729553, 10693.542969>
[COT 2025-09-23 03:20:27] 76561198024482897: Spawned Entity Nails (Nail<ac999580>, 99, 80, 15, 0) at <6061.669922, 173.430328, 10693.562500>
[COT 2025-09-23 03:20:45] 76561198024482897: Spawned Entity Flag Pole Kit (TerritoryFlagKit<ac99c3c0>, 99, 200, 15, 0) at <6061.391113, 173.397324, 10693.505859>
[COT 2025-09-23 03:20:57] 76561198024482897: Spawned Entity Code Lock (ExpansionCodeLock<ac9989f0>, 99, 100, 15, 0) at <6061.391113, 173.397324, 10693.505859>
[COT 2025-09-23 03:20:58] 76561198024482897: Spawned Entity Code Lock (ExpansionCodeLock<ac997e60>, 99, 100, 15, 0) at <6061.389160, 173.418945, 10693.505859>
[COT 2025-09-23 03:21:04] 76561198024482897: Spawned Entity Code Lock (ExpansionCodeLock<ac9a4e80>, 99, 100, 15, 0) at <6061.391113, 173.397324, 10693.505859>
[COT 2025-09-23 03:21:20] 76561198024482897: Spawned Entity Floor Kit (ExpansionFloorKit<af8875e0>, 99, 100, 15, 0) at <6061.391113, 173.397324, 10693.505859>
[COT 2025-09-23 03:21:22] 76561198024482897: Spawned Entity Floor Kit (ExpansionFloorKit<af8824f0>, 99, 100, 15, 0) at <6061.171387, 173.368164, 10693.413086>
[COT 2025-09-23 03:21:33] 76561198024482897: Spawned Entity Roof Kit (ExpansionRoofKit<af890c30>, 99, 100, 15, 0) at <6061.287598, 173.390015, 10693.562500>
[COT 2025-09-23 03:21:34] 76561198024482897: Spawned Entity Roof Kit (ExpansionRoofKit<af8996f0>, 99, 100, 15, 0) at <6061.231934, 173.611130, 10693.544922>
[COT 2025-09-23 03:21:46] 76561198024482897: Spawned Entity Stair Kit (ExpansionStairKit<af89e7e0>, 99, 100, 15, 0) at <6061.088867, 173.365524, 10693.507813>
[COT 2025-09-23 03:21:46] 76561198024482897: Spawned Entity Stair Kit (ExpansionStairKit<af89ae10>, 99, 100, 15, 0) at <6061.069336, 173.526474, 10693.501953>
[COT 2025-09-23 03:21:54] 76561198024482897: Spawned Entity Wall Kit (ExpansionWallKit<af89a280>, 99, 100, 15, 0) at <6061.088867, 173.365524, 10693.507813>
[COT 2025-09-23 03:21:54] 76561198024482897: Spawned Entity Wall Kit (ExpansionWallKit<af8a21b0>, 99, 100, 15, 0) at <6061.061523, 173.586639, 10693.500000>
[COT 2025-09-23 03:21:54] 76561198024482897: Spawned Entity Wall Kit (ExpansionWallKit<af89f370>, 99, 100, 15, 0) at <6061.035156, 173.807755, 10693.490234>
[COT 2025-09-23 03:22:21] 76561198024482897: Spawned Entity Plank (WoodenPlank<af8adab0>, 10, 100, 15, 0) at <6061.848145, 173.462662, 10694.070313>
[COT 2025-09-23 03:22:21] 76561198024482897: Spawned Entity Plank (WoodenPlank<af8b42c0>, 10, 100, 15, 0) at <6061.798340, 173.611984, 10694.125977>
[COT 2025-09-23 03:22:22] 76561198024482897: Spawned Entity Plank (WoodenPlank<af8b2ba0>, 10, 100, 15, 0) at <6061.748535, 173.761322, 10694.182617>
[COT 2025-09-23 03:22:22] 76561198024482897: Spawned Entity Plank (WoodenPlank<af8b2010>, 10, 100, 15, 0) at <6061.698730, 173.910629, 10694.238281>
[COT 2025-09-23 03:22:22] 76561198024482897: Spawned Entity Plank (WoodenPlank<af8afd60>, 10, 100, 15, 0) at <6061.648926, 174.059937, 10694.293945>
[COT 2025-09-23 03:22:23] 76561198024482897: Spawned Entity Plank (WoodenPlank<af8b4e50>, 10, 100, 15, 0) at <6061.599121, 174.209259, 10694.350586>
[COT 2025-09-23 03:22:23] 76561198024482897: Spawned Entity Plank (WoodenPlank<af8ae640>, 10, 100, 15, 0) at <6061.549316, 174.358582, 10694.406250>
[COT 2025-09-23 03:22:23] 76561198024482897: Spawned Entity Plank (WoodenPlank<af8b59e0>, 10, 100, 15, 0) at <6061.499512, 174.507874, 10694.461914>
[COT 2025-09-23 03:25:14] 76561198024482897: Teleported 76561198024482897 to position <8748.755859, 186.444626, 12126.754883>
[COT 2025-09-23 03:26:32] 76561198024482897: Spawned Entity Military Airdrop (ExpansionAirdropContainerBase_Server<a2a81da0>, 10, 100000, 15, 0) at <8738.176758, 185.520126, 12120.968750>
[COT 2025-09-23 03:26:38] 76561198024482897: Deleted Entity ExpansionAirdropContainer_Military_OliveCamo2:31951 at <8738.187500, 185.559189, 12120.969727>
[COT 2025-09-23 03:27:15] 76561198024482897: Deleted Entity ExpansionAirdropContainer_Medical:25433 at <8739.791016, 187.254028, 12140.872070>
[COT 2025-09-23 03:27:44] 76561198024482897: Teleported 76561198024482897 to position <8343.498047, 330.799500, 1631.022705>
[COT 2025-09-23 03:30:08] 76561198024482897: Set GodMode To false [guid=0nsyEhm9INQy3se8y-fXlbMHVv4YsIXloUCLC2unDyo=]
[COT 2025-09-23 03:30:09] 76561198024482897: Set Invisibility To 0 [guid=0nsyEhm9INQy3se8y-fXlbMHVv4YsIXloUCLC2unDyo=]
[COT 2025-09-23 03:30:09] 76561198024482897: Set cannot be targeted by AI to false [guid=0nsyEhm9INQy3se8y-fXlbMHVv4YsIXloUCLC2unDyo=]
[COT 2025-09-23 03:30:10] 76561198024482897: Set UnlimitedStamina To false [guid=0nsyEhm9INQy3se8y-fXlbMHVv4YsIXloUCLC2unDyo=]
[COT 2025-09-23 03:30:10] 76561198024482897: Set UnlimitedAmmo To false [guid=0nsyEhm9INQy3se8y-fXlbMHVv4YsIXloUCLC2unDyo=]
[COT 2025-09-23 03:31:02] 76561198024482897: Spawned Entity MMG Planter Box (GardenPlotPolytunnel<b48940b0>, 100, 100, 15, 0) at <8341.401367, 331.704102, 1633.605347>
[COT 2025-09-23 03:31:18] 76561198024482897: Deleted Entity mmg_planter_box:24918 at <8341.401367, 331.728027, 1633.605347>
[COT 2025-09-23 03:34:16] 76561198024482897: Bleeding stopped [guid=0nsyEhm9INQy3se8y-fXlbMHVv4YsIXloUCLC2unDyo=]
[COT 2025-09-23 03:35:41] 76561198024482897: Spawned Entity Fence Kit (FenceKit<bac2fc80>, 100, 200, 15, 0) at <8337.725586, 328.699249, 1641.495483>
[COT 2025-09-23 03:36:53] 76561198024482897: ESP: Viewing ESP
[COT 2025-09-23 03:36:56] 76561198024482897: ESP: Clearing ESP
[COT 2025-09-23 03:37:02] 76561198024482897: ESP: Viewing ESP
[COT 2025-09-23 03:37:11] 76561198024482897: ESP target=Fence<65c35bc0> action=built part=base required_materials=false
[COT 2025-09-23 03:37:14] 76561198024482897: ESP target=Fence<65c35bc0> action=built part=wall_base_down required_materials=false
[COT 2025-09-23 03:37:18] 76561198024482897: ESP target=Fence<65c35bc0> action=built part=wall_base_up required_materials=false
[COT 2025-09-23 03:37:20] 76561198024482897: ESP target=Fence<65c35bc0> action=dismantle part=wall_base_up
[COT 2025-09-23 03:37:24] 76561198024482897: ESP target=Fence<65c35bc0> action=built part=wall_metal_down required_materials=false
[COT 2025-09-23 03:37:56] 76561198024482897: ESP target=Fence<65c3bc40> action=built part=base required_materials=false
[COT 2025-09-23 03:37:59] 76561198024482897: ESP target=Fence<65c3bc40> action=built part=wall_base_down required_materials=false
[COT 2025-09-23 03:38:04] 76561198024482897: ESP target=Fence<65c3bc40> action=built part=wall_metal_down required_materials=false
[COT 2025-09-23 03:38:54] 76561198024482897: ESP target=Fence<692e2160> action=built part=base required_materials=false
[COT 2025-09-23 03:38:56] 76561198024482897: ESP target=Fence<692e2160> action=built part=wall_base_down required_materials=false
[COT 2025-09-23 03:38:58] 76561198024482897: ESP target=Fence<692e2160> action=built part=wall_metal_down required_materials=false
[COT 2025-09-23 03:40:19] 76561198024482897: ESP target=Fence<67849650> action=built part=base required_materials=false
[COT 2025-09-23 03:40:22] 76561198024482897: ESP target=Fence<67849650> action=built part=wall_base_down required_materials=false
[COT 2025-09-23 03:40:23] 76561198024482897: ESP target=Fence<67849650> action=built part=wall_metal_down required_materials=false
[COT 2025-09-23 03:40:32] 76561198024482897: ESP target=Fence<67849650> action=position value=<8349.110352, 329.023987, 1633.390015>
[COT 2025-09-23 03:40:34] 76561198024482897: ESP target=Fence<67849650> action=position value=<8350.110352, 329.023987, 1633.390015>
[COT 2025-09-23 03:40:37] 76561198024482897: ESP target=Fence<67849650> action=position value=<8350.009766, 329.023987, 1633.390015>
[COT 2025-09-23 03:40:38] 76561198024482897: ESP target=Fence<67849650> action=position value=<8349.910156, 329.023987, 1633.390015>
[COT 2025-09-23 03:40:38] 76561198024482897: ESP target=Fence<67849650> action=position value=<8349.809570, 329.023987, 1633.390015>
[COT 2025-09-23 03:40:40] 76561198024482897: ESP target=Fence<67849650> action=position value=<8349.709961, 329.023987, 1633.390015>
[COT 2025-09-23 03:40:40] 76561198024482897: ESP target=Fence<67849650> action=position value=<8349.610352, 329.023987, 1633.390015>
[COT 2025-09-23 03:40:41] 76561198024482897: ESP target=Fence<67849650> action=position value=<8349.509766, 329.023987, 1633.390015>
[COT 2025-09-23 03:40:41] 76561198024482897: ESP target=Fence<67849650> action=position value=<8349.410156, 329.023987, 1633.390015>
[COT 2025-09-23 03:40:42] 76561198024482897: ESP target=Fence<67849650> action=position value=<8349.410156, 329.023987, 1634.390015>
[COT 2025-09-23 03:40:42] 76561198024482897: ESP target=Fence<67849650> action=position value=<8349.410156, 329.023987, 1634.489990>
[COT 2025-09-23 03:40:45] 76561198024482897: ESP target=Fence<67849650> action=position value=<8349.410156, 329.023987, 1634.390015>
[COT 2025-09-23 03:40:45] 76561198024482897: ESP target=Fence<67849650> action=position value=<8349.410156, 329.023987, 1634.290039>
[COT 2025-09-23 03:40:46] 76561198024482897: ESP target=Fence<67849650> action=position value=<8349.410156, 329.023987, 1634.189941>
[COT 2025-09-23 03:40:46] 76561198024482897: ESP target=Fence<67849650> action=position value=<8349.410156, 329.023987, 1634.089966>
[COT 2025-09-23 03:40:47] 76561198024482897: ESP target=Fence<67849650> action=position value=<8349.410156, 329.023987, 1633.989990>
[COT 2025-09-23 03:40:47] 76561198024482897: ESP target=Fence<67849650> action=position value=<8349.410156, 329.023987, 1633.890015>
[COT 2025-09-23 03:40:47] 76561198024482897: ESP target=Fence<67849650> action=position value=<8349.410156, 329.023987, 1633.790039>
[COT 2025-09-23 03:40:48] 76561198024482897: ESP target=Fence<67849650> action=position value=<8349.410156, 329.023987, 1633.689941>
[COT 2025-09-23 03:40:48] 76561198024482897: ESP target=Fence<67849650> action=position value=<8349.410156, 329.023987, 1633.589966>
[COT 2025-09-23 03:40:48] 76561198024482897: ESP target=Fence<67849650> action=position value=<8349.410156, 329.023987, 1633.489990>
[COT 2025-09-23 03:40:48] 76561198024482897: ESP target=Fence<67849650> action=position value=<8349.410156, 329.023987, 1633.390015>
[COT 2025-09-23 03:40:49] 76561198024482897: ESP target=Fence<67849650> action=position value=<8349.410156, 329.023987, 1633.290039>
[COT 2025-09-23 03:40:49] 76561198024482897: ESP target=Fence<67849650> action=position value=<8349.410156, 329.023987, 1633.189941>
[COT 2025-09-23 03:40:49] 76561198024482897: ESP target=Fence<67849650> action=position value=<8349.410156, 329.023987, 1633.089966>
[COT 2025-09-23 03:40:49] 76561198024482897: ESP target=Fence<67849650> action=position value=<8349.410156, 329.023987, 1632.989990>
[COT 2025-09-23 03:40:52] 76561198024482897: ESP target=Fence<67849650> action=position value=<8349.410156, 329.023987, 1632.890015>
[COT 2025-09-23 03:40:52] 76561198024482897: ESP target=Fence<67849650> action=position value=<8349.410156, 329.023987, 1632.790039>
[COT 2025-09-23 03:40:53] 76561198024482897: ESP target=Fence<67849650> action=position value=<8349.410156, 329.023987, 1632.689941>
[COT 2025-09-23 03:40:53] 76561198024482897: ESP target=Fence<67849650> action=position value=<8349.410156, 329.023987, 1632.589966>
[COT 2025-09-23 03:40:54] 76561198024482897: ESP target=Fence<67849650> action=position value=<8349.410156, 329.023987, 1632.489990>
[COT 2025-09-23 03:40:54] 76561198024482897: ESP target=Fence<67849650> action=position value=<8349.410156, 329.023987, 1632.390015>
[COT 2025-09-23 03:40:55] 76561198024482897: ESP target=Fence<67849650> action=position value=<8349.410156, 329.023987, 1632.290039>
[COT 2025-09-23 03:40:55] 76561198024482897: ESP target=Fence<67849650> action=position value=<8349.410156, 329.023987, 1632.189941>
[COT 2025-09-23 03:40:56] 76561198024482897: ESP target=Fence<67849650> action=position value=<8349.309570, 329.023987, 1632.189941>
[COT 2025-09-23 03:40:56] 76561198024482897: ESP target=Fence<67849650> action=position value=<8349.209961, 329.023987, 1632.189941>
[COT 2025-09-23 03:40:57] 76561198024482897: ESP target=Fence<67849650> action=position value=<8349.110352, 329.023987, 1632.189941>
[COT 2025-09-23 03:40:57] 76561198024482897: ESP target=Fence<67849650> action=position value=<8349.009766, 329.023987, 1632.189941>
[COT 2025-09-23 03:40:59] 76561198024482897: ESP target=Fence<67849650> action=position value=<8349.009766, 329.023987, 1632.089966>
[COT 2025-09-23 03:40:59] 76561198024482897: ESP target=Fence<67849650> action=position value=<8349.009766, 329.023987, 1631.989990>
[COT 2025-09-23 03:41:00] 76561198024482897: ESP target=Fence<67849650> action=position value=<8348.910156, 329.023987, 1631.989990>
[COT 2025-09-23 03:41:01] 76561198024482897: ESP target=Fence<67849650> action=position value=<8348.809570, 329.023987, 1631.989990>
[COT 2025-09-23 03:41:02] 76561198024482897: ESP target=Fence<67849650> action=position value=<8348.709961, 329.023987, 1631.989990>
[COT 2025-09-23 03:41:02] 76561198024482897: ESP target=Fence<67849650> action=position value=<8348.610352, 329.023987, 1631.989990>
[COT 2025-09-23 03:41:03] 76561198024482897: ESP target=Fence<67849650> action=position value=<8348.509766, 329.023987, 1631.989990>
[COT 2025-09-23 03:41:03] 76561198024482897: ESP target=Fence<67849650> action=position value=<8348.410156, 329.023987, 1631.989990>
[COT 2025-09-23 03:41:06] 76561198024482897: ESP target=Fence<67849650> action=position value=<8348.309570, 329.023987, 1631.989990>
[COT 2025-09-23 03:41:06] 76561198024482897: ESP target=Fence<67849650> action=position value=<8348.209961, 329.023987, 1631.989990>
[COT 2025-09-23 03:41:08] 76561198024482897: ESP target=Fence<67849650> action=position value=<8348.209961, 329.023987, 1631.890015>
[COT 2025-09-23 03:41:10] 76561198024482897: ESP target=Fence<67849650> action=position value=<8348.209961, 329.023987, 1631.790039>
[COT 2025-09-23 03:41:20] 76561198024482897: ESP target=Fence<67849650> action=built part=wall_base_up required_materials=false
[COT 2025-09-23 03:41:22] 76561198024482897: ESP target=Fence<67849650> action=built part=wall_metal_up required_materials=false
[COT 2025-09-23 03:41:56] 76561198024482897: ESP: Clearing ESP
[COT 2025-09-23 03:42:39] 76561198024482897: ESP: ESP updating
[COT 2025-09-23 03:42:46] 76561198024482897: ESP target=Fence<5eb44ed0> action=dismantle part=wall_wood_down
[COT 2025-09-23 03:42:48] 76561198024482897: ESP target=Fence<5eb44ed0> action=built part=wall_metal_down required_materials=false
[COT 2025-09-23 03:42:56] 76561198024482897: ESP: Clearing ESP
[COT 2025-09-23 03:44:45] 76561198024482897: ESP: Viewing ESP
[COT 2025-09-23 03:44:53] 76561198024482897: ESP target=Barrel_Yellow<5ca18fe0> action=position value=<8345.160156, 335.545013, 1635.000000>
[COT 2025-09-23 03:44:53] 76561198024482897: ESP target=Barrel_Yellow<5ca18fe0> action=position value=<8346.160156, 335.545013, 1635.000000>
[COT 2025-09-23 03:44:57] 76561198024482897: ESP target=Barrel_Yellow<5ca18fe0> action=position value=<8346.059570, 335.545013, 1635.000000>
[COT 2025-09-23 03:44:57] 76561198024482897: ESP target=Barrel_Yellow<5ca18fe0> action=position value=<8345.959961, 335.545013, 1635.000000>
[COT 2025-09-23 03:44:57] 76561198024482897: ESP target=Barrel_Yellow<5ca18fe0> action=position value=<8345.860352, 335.545013, 1635.000000>
[COT 2025-09-23 03:44:58] 76561198024482897: ESP target=Barrel_Yellow<5ca18fe0> action=position value=<8345.759766, 335.545013, 1635.000000>
[COT 2025-09-23 03:44:59] 76561198024482897: ESP target=Barrel_Yellow<5ca18fe0> action=position value=<8345.660156, 335.545013, 1635.000000>
[COT 2025-09-23 03:44:59] 76561198024482897: ESP target=Barrel_Yellow<5ca18fe0> action=position value=<8345.559570, 335.545013, 1635.000000>
[COT 2025-09-23 03:44:59] 76561198024482897: ESP target=Barrel_Yellow<5ca18fe0> action=position value=<8345.459961, 335.545013, 1635.000000>
[COT 2025-09-23 03:45:02] 76561198024482897: ESP target=Barrel_Yellow<5ca18fe0> action=position value=<8345.360352, 335.545013, 1635.000000>
[COT 2025-09-23 03:45:02] 76561198024482897: ESP target=Barrel_Yellow<5ca18fe0> action=position value=<8345.259766, 335.545013, 1635.000000>
[COT 2025-09-23 03:45:03] 76561198024482897: ESP target=Barrel_Yellow<5ca18fe0> action=position value=<8345.259766, 335.545013, 1634.900024>
[COT 2025-09-23 03:45:04] 76561198024482897: ESP target=Barrel_Yellow<5ca18fe0> action=position value=<8345.259766, 335.545013, 1635.900024>
[COT 2025-09-23 03:45:08] 76561198024482897: ESP target=Barrel_Yellow<5ca18fe0> action=position value=<8345.160156, 335.545013, 1635.900024>
[COT 2025-09-23 03:45:08] 76561198024482897: ESP target=Barrel_Yellow<5ca18fe0> action=position value=<8345.059570, 335.545013, 1635.900024>
[COT 2025-09-23 03:45:10] 76561198024482897: ESP target=Barrel_Yellow<5ca18fe0> action=position value=<8345.059570, 335.545013, 1635.800049>
[COT 2025-09-23 03:45:10] 76561198024482897: ESP target=Barrel_Yellow<5ca18fe0> action=position value=<8345.059570, 335.545013, 1635.699951>
[COT 2025-09-23 03:45:11] 76561198024482897: ESP target=Barrel_Yellow<5ca18fe0> action=position value=<8345.059570, 335.545013, 1635.599976>
[COT 2025-09-23 03:45:12] 76561198024482897: ESP target=Barrel_Yellow<5ca18fe0> action=position value=<8344.959961, 335.545013, 1635.599976>
[COT 2025-09-23 03:45:12] 76561198024482897: ESP target=Barrel_Yellow<5ca18fe0> action=position value=<8344.860352, 335.545013, 1635.599976>
[COT 2025-09-23 03:45:12] 76561198024482897: ESP target=Barrel_Yellow<5ca18fe0> action=position value=<8344.759766, 335.545013, 1635.599976>
[COT 2025-09-23 03:45:12] 76561198024482897: ESP target=Barrel_Yellow<5ca18fe0> action=position value=<8344.660156, 335.545013, 1635.599976>
[COT 2025-09-23 03:45:18] 76561198024482897: ESP target=Barrel_Yellow<5ca18fe0> action=position value=<8344.660156, 335.545013, 1635.500000>
[COT 2025-09-23 03:45:18] 76561198024482897: ESP target=Barrel_Yellow<5ca18fe0> action=position value=<8344.660156, 335.545013, 1635.400024>
[COT 2025-09-23 03:45:18] 76561198024482897: ESP target=Barrel_Yellow<5ca18fe0> action=position value=<8344.660156, 335.545013, 1635.300049>
[COT 2025-09-23 03:45:19] 76561198024482897: ESP target=Barrel_Yellow<5ca18fe0> action=position value=<8344.559570, 335.545013, 1635.300049>
[COT 2025-09-23 03:45:19] 76561198024482897: ESP target=Barrel_Yellow<5ca18fe0> action=position value=<8344.459961, 335.545013, 1635.300049>
[COT 2025-09-23 03:45:20] 76561198024482897: ESP target=Barrel_Yellow<5ca18fe0> action=position value=<8344.459961, 335.545013, 1635.199951>
[COT 2025-09-23 03:45:20] 76561198024482897: ESP target=Barrel_Yellow<5ca18fe0> action=position value=<8344.459961, 335.545013, 1635.099976>
[COT 2025-09-23 03:45:25] 76561198024482897: ESP target=Barrel_Yellow<5ca18fe0> action=position value=<8344.360352, 335.545013, 1635.099976>
[COT 2025-09-23 03:45:25] 76561198024482897: ESP target=Barrel_Yellow<5ca18fe0> action=position value=<8344.259766, 335.545013, 1635.099976>
[COT 2025-09-23 03:45:38] 76561198024482897: ESP: Clearing ESP
