[COT 2025-09-09 23:25:06] 76561198024482897: Activated Community Online Tools [guid=0nsyEhm9INQy3se8y-fXlbMHVv4YsIXloUCLC2unDyo=]
[COT 2025-09-09 23:25:10] 76561198024482897: Teleported 76561198024482897 to position <8670.259766, 297.122864, 1179.644043>
[COT 2025-09-09 23:25:16] 76561198024482897: Teleported 76561198024482897 to position <8344.542969, 331.554718, 1638.121826>
[COT 2025-09-09 23:32:23] 76561198024482897: ESP: Viewing ESP
[COT 2025-09-09 23:32:24] 76561198024482897: Set GodMode To true [guid=0nsyEhm9INQy3se8y-fXlbMHVv4YsIXloUCLC2unDyo=]
[COT 2025-09-09 23:32:25] 76561198024482897: Set GodMode To false [guid=0nsyEhm9INQy3se8y-fXlbMHVv4YsIXloUCLC2unDyo=]
[COT 2025-09-09 23:32:30] 76561198024482897: Created Deletion Backup '2025-09-09_23-32-30'
[COT 2025-09-09 23:32:30] 76561198024482897: ESP index=0 target=Animal_CanisLupus_White:439 position=<8343.599609, 307.785522, 1569.064941> action=delete
[COT 2025-09-09 23:32:30] 76561198024482897: ESP index=1 target=Animal_CanisLupus_Grey:438 position=<8349.786133, 307.629608, 1554.375854> action=delete
[COT 2025-09-09 23:32:30] 76561198024482897: ESP index=2 target=Animal_CanisLupus_Grey:437 position=<8349.386719, 308.399139, 1563.329102> action=delete
[COT 2025-09-09 23:32:30] 76561198024482897: ESP index=3 target=Animal_CanisLupus_White:440 position=<8347.082031, 307.196533, 1553.880493> action=delete
[COT 2025-09-09 23:32:30] 76561198024482897: ESP action=delete_all count=4 attempted=4
[COT 2025-09-09 23:48:43] 76561198024482897: Created Deletion Backup '2025-09-09_23-48-43'
[COT 2025-09-09 23:48:43] 76561198024482897: ESP index=0 target=Animal_CanisLupus_Grey:471 position=<8345.335938, 322.938751, 1656.587891> action=delete
[COT 2025-09-09 23:48:43] 76561198024482897: ESP action=delete_all count=1 attempted=1
[COT 2025-09-09 23:48:54] 76561198024482897: Created Deletion Backup '2025-09-09_23-48-54'
[COT 2025-09-09 23:48:54] 76561198024482897: ESP index=0 target=Animal_CanisLupus_White:615 position=<8336.195313, 306.751556, 1556.513428> action=delete
[COT 2025-09-09 23:48:54] 76561198024482897: ESP index=1 target=Animal_CanisLupus_White:438 position=<8337.760742, 306.951630, 1556.903809> action=delete
[COT 2025-09-09 23:48:54] 76561198024482897: ESP index=2 target=Animal_CanisLupus_Grey:437 position=<8348.024414, 309.684143, 1573.106689> action=delete
[COT 2025-09-09 23:48:54] 76561198024482897: ESP index=3 target=Animal_CanisLupus_White:439 position=<8339.558594, 307.048462, 1558.016479> action=delete
[COT 2025-09-09 23:48:54] 76561198024482897: ESP action=delete_all count=4 attempted=4
[COT 2025-09-09 23:50:01] 76561198024482897: Deleted Entity TaloonBag_Blue:23563 at <8345.166992, 331.819244, 1633.406860>
[COT 2025-09-09 23:50:03] 76561198024482897: Deleted Entity CanvasPants_Red:22893 at <8345.166992, 331.686615, 1633.406860>
[COT 2025-09-09 23:50:09] 76561198024482897: Set GodMode To true [guid=0nsyEhm9INQy3se8y-fXlbMHVv4YsIXloUCLC2unDyo=]
[COT 2025-09-09 23:50:10] 76561198024482897: Set GodMode To false [guid=0nsyEhm9INQy3se8y-fXlbMHVv4YsIXloUCLC2unDyo=]
[COT 2025-09-09 23:50:13] 76561198024482897: Deleted Entity AthleticShoes_Blue:23031 at <8345.166992, 331.704926, 1633.406860>
[COT 2025-09-09 23:50:16] 76561198024482897: Deleted Entity TShirt_Black:22008 at <8345.166992, 331.705811, 1633.406860>
[COT 2025-09-09 23:53:50] 76561198024482897: Set GodMode To true [guid=0nsyEhm9INQy3se8y-fXlbMHVv4YsIXloUCLC2unDyo=]
[COT 2025-09-09 23:53:50] 76561198024482897: Set GodMode To false [guid=0nsyEhm9INQy3se8y-fXlbMHVv4YsIXloUCLC2unDyo=]
[COT 2025-09-09 23:53:54] 76561198024482897: Created Deletion Backup '2025-09-09_23-53-54'
[COT 2025-09-09 23:53:54] 76561198024482897: ESP index=0 target=Animal_CanisLupus_Grey:440 position=<8346.530273, 322.606140, 1626.142700> action=delete
[COT 2025-09-09 23:53:54] 76561198024482897: ESP action=delete_all count=1 attempted=1
[COT 2025-09-09 23:57:08] 76561198024482897: Spawned Entity AUG A3 Black (SNAFUAUG_BK<697c75f0>, 30, 220, 15, 0) at <8337.858398, 331.704285, 1635.954468>
[COT 2025-09-09 23:57:23] 76561198024482897: Deleted Entity SNAFUAUG_BK:27929 at <8338.477539, 331.751648, 1635.152710>
[COT 2025-09-10 00:07:52] 76561198024482897: Set GodMode To true [guid=0nsyEhm9INQy3se8y-fXlbMHVv4YsIXloUCLC2unDyo=]
[COT 2025-09-10 00:09:26] 76561198024482897: Updated roles [guid=0nsyEhm9INQy3se8y-fXlbMHVv4YsIXloUCLC2unDyo=]
[COT 2025-09-10 01:43:56] 76561198024482897: Activated Community Online Tools [guid=0nsyEhm9INQy3se8y-fXlbMHVv4YsIXloUCLC2unDyo=]
[COT 2025-09-10 01:44:16] 76561198024482897: Teleported 76561198024482897 to position <740.748718, 538.657104, 1228.578979>
[COT 2025-09-10 01:44:22] 76561198024482897: Set GodMode To true [guid=0nsyEhm9INQy3se8y-fXlbMHVv4YsIXloUCLC2unDyo=]
[COT 2025-09-10 01:44:44] 76561198024482897: Teleported [guid=0nsyEhm9INQy3se8y-fXlbMHVv4YsIXloUCLC2unDyo=] to <742.565979, 531.422974, 1223.089966>
[COT 2025-09-10 01:44:54] 76561198024482897: Teleported [guid=0nsyEhm9INQy3se8y-fXlbMHVv4YsIXloUCLC2unDyo=] to <738.684998, 531.422974, 1223.089966>
[COT 2025-09-10 01:45:15] 76561198024482897: Set AdminNVG To true [guid=0nsyEhm9INQy3se8y-fXlbMHVv4YsIXloUCLC2unDyo=]
[COT 2025-09-10 01:45:27] 76561198024482897: Set UnlimitedStamina To true [guid=0nsyEhm9INQy3se8y-fXlbMHVv4YsIXloUCLC2unDyo=]
[COT 2025-09-10 01:45:57] 76561198024482897: Spawned Entity AUG A3 Black (SNAFUAUG_BK<76706de0>, 30, 220, 15, 0) at <675.557373, 532.158936, 1184.936768>
[COT 2025-09-10 01:46:03] 76561198024482897: Deleted Entity SNAFUAUG_BK:13103 at <675.557373, 532.206482, 1184.936768>
[COT 2025-09-10 01:46:06] 76561198024482897: Spawned Entity AUG A3 Black (SNAFUAUG_BK<76706de0>, 30, 220, 15, 0) at <675.557434, 532.387207, 1184.929443>
[COT 2025-09-10 01:46:10] 76561198024482897: Deleted Entity SNAFUAUG_BK:22972 at <675.557434, 532.434753, 1184.929443>
[COT 2025-09-10 01:46:13] 76561198024482897: Spawned Entity AUG A3 Black (SNAFUAUG_BK<76706de0>, 30, 220, 15, 0) at <675.557556, 532.188538, 1184.894653>
[COT 2025-09-10 01:47:47] 76561198024482897: Spawned Entity HoneyBadger .300blk (SkyFall_HoneyBadger_Base<6f1a6890>, 30, 5000, 15, 0) at <628.143433, 532.586792, 1162.434448>
[COT 2025-09-10 01:48:23] 76561198024482897: Spawned Entity Deagle (Deagle_Gold<7f6b24a0>, 30, 220, 15, 0) at <631.001770, 532.551025, 1153.699219>
[COT 2025-09-10 01:48:50] 76561198024482897: Spawned Entity PKP Bullpap (SkyFall_PKP_Bullpap<7f6e1a40>, 30, 5000, 15, 0) at <621.712952, 532.758545, 1122.764526>
[COT 2025-09-10 01:50:05] 76561198024482897: Spawned Entity R700 Tactical (SkyFall_R700_Tactical<9ba65270>, 30, 5000, 15, 0) at <604.762146, 532.140320, 1131.281738>
[COT 2025-09-10 01:50:51] 76561198024482897: Spawned Entity SNAFU Scar-H DKMC (Snafu_ScarH_DKMC_GUN<1b5ae260>, 30, 200, 15, 0) at <604.719482, 532.633362, 1122.460693>
[COT 2025-09-10 01:52:09] 76561198024482897: Spawned Entity Holster (PlateCarrierHolster_Black<7c187b00>, 30, 100, 15, 0) at <644.269043, 486.362030, 1148.275879>
[COT 2025-09-10 01:53:05] 76561198024482897: Spawned Entity IOTV Gen4 Body Armor (FOG_Vest_Gen4_ColorBase<59eb7cf0>, 30, 350, 15, 0) at <649.852600, 486.362030, 1150.520386>
[COT 2025-09-10 01:53:33] 76561198024482897: Spawned Entity Thor Integrated Carrier (FOG_Vest_Thor_ColorBase<7b6916d0>, 30, 315, 15, 0) at <649.848083, 487.319916, 1147.139648>
[COT 2025-09-10 01:54:25] 76561198024482897: Set GodMode To false [guid=0nsyEhm9INQy3se8y-fXlbMHVv4YsIXloUCLC2unDyo=]
[COT 2025-09-10 01:54:26] 76561198024482897: Set GodMode To true [guid=0nsyEhm9INQy3se8y-fXlbMHVv4YsIXloUCLC2unDyo=]
[COT 2025-09-10 01:54:38] 76561198024482897: Teleported 76561198024482897 to position <608.738159, 605.161377, 1151.760864>
[COT 2025-09-10 01:54:56] 76561198024482897: Set GodMode To false [guid=0nsyEhm9INQy3se8y-fXlbMHVv4YsIXloUCLC2unDyo=]
[COT 2025-09-10 01:55:04] 76561198024482897: Spawned Entity Sniper Hood (FOG_SniperHood_MCB<167d18a0>, 30, 300, 15, 0) at <587.403137, 623.811890, 1121.935303>
[COT 2025-09-10 01:55:12] 76561198024482897: Spawned Entity Sniper Hood (FOG_SniperHood_Grey<167f20f0>, 30, 300, 15, 0) at <589.275391, 620.761963, 1121.245117>
[COT 2025-09-10 01:55:40] 76561198024482897: Spawned Entity Gevar Mk-3 Black (SNAFUGevar_Black<98d1dd30>, 30, 300, 15, 0) at <589.810730, 617.661926, 1121.756470>
[COT 2025-09-10 01:56:20] 76561198024482897: Spawned Entity Bren (SNAFU_Bren<94c1eed0>, 30, 300, 15, 0) at <589.844666, 612.626770, 1121.039307>
[COT 2025-09-10 01:57:22] 76561198024482897: Spawned Entity MAR10 Black (SNAFU_MAR10_Black_GUN<94c1e1c0>, 30, 300, 15, 0) at <561.736816, 612.909851, 1124.075684>
[COT 2025-09-10 01:58:33] 76561198024482897: Spawned Entity Crossbow (ExpansionCrossbow_Base<5fc92de0>, 30, 200, 15, 0) at <544.789490, 618.901489, 1123.707275>
[COT 2025-09-10 01:59:07] 76561198024482897: Set GodMode To true [guid=0nsyEhm9INQy3se8y-fXlbMHVv4YsIXloUCLC2unDyo=]
[COT 2025-09-10 01:59:07] 76561198024482897: Set Invisibility To 1 [guid=0nsyEhm9INQy3se8y-fXlbMHVv4YsIXloUCLC2unDyo=]
[COT 2025-09-10 01:59:10] 76561198024482897: Teleported 76561198024482897 to position <826.609497, 531.270020, 1190.193115>
[COT 2025-09-10 01:59:37] 76561198024482897: Spawned Entity SNAFU RSASS OD (SNAFURSASS_od_GUN<697c9d20>, 30, 300, 15, 0) at <821.686279, 531.420776, 1192.868530>
[COT 2025-09-10 02:00:45] 76561198024482897: Spawned Entity Hockey Mask (HockeyMask<1b5642c0>, 225, 90, 15, 0) at <849.818298, 531.557495, 1190.261108>
[COT 2025-09-10 02:00:56] 76561198024482897: Set GodMode To false [guid=0nsyEhm9INQy3se8y-fXlbMHVv4YsIXloUCLC2unDyo=]
[COT 2025-09-10 02:00:56] 76561198024482897: Set GodMode To true [guid=0nsyEhm9INQy3se8y-fXlbMHVv4YsIXloUCLC2unDyo=]
[COT 2025-09-10 02:01:02] 76561198024482897: Spawned Entity Ghost's New Mask (FOG_Ghost_Mask_Black_Gold<1b53a420>, 225, 300, 15, 0) at <843.642273, 531.557495, 1190.089355>
[COT 2025-09-10 02:01:17] 76561198024482897: Spawned Entity M50 Gasmask (GasMask<1b563730>, 225, 300, 15, 0) at <839.986694, 531.569275, 1192.123535>
[COT 2025-09-10 02:02:03] 76561198024482897: Spawned Entity TAR-21 (SNAFUTAR21_Black<8e955300>, 225, 200, 15, 0) at <839.144287, 531.573364, 1190.858276>
[COT 2025-09-10 02:02:28] 76561198024482897: Teleported 76561198024482897 to position <821.152405, 530.174500, 1220.040161>
[COT 2025-09-10 02:03:10] 76561198024482897: Spawned Entity PKP - Pecheneg (SkyFall_PKP<8e9791c0>, 225, 5000, 15, 0) at <842.863647, 531.659790, 1220.478271>
[COT 2025-09-10 02:04:01] 76561198024482897: Teleported 76561198024482897 to position <8342.903320, 325.558441, 1640.739502>
[COT 2025-09-10 02:04:12] 76561198024482897: Set Invisibility To 0 [guid=0nsyEhm9INQy3se8y-fXlbMHVv4YsIXloUCLC2unDyo=]
[COT 2025-09-10 02:04:12] 76561198024482897: Set GodMode To false [guid=0nsyEhm9INQy3se8y-fXlbMHVv4YsIXloUCLC2unDyo=]
[COT 2025-09-10 02:04:14] 76561198024482897: Set AdminNVG To false [guid=0nsyEhm9INQy3se8y-fXlbMHVv4YsIXloUCLC2unDyo=]
[COT 2025-09-10 02:04:16] 76561198024482897: Set remove collision to false [guid=0nsyEhm9INQy3se8y-fXlbMHVv4YsIXloUCLC2unDyo=]
[COT 2025-09-10 02:04:16] 76561198024482897: Set cannot be targeted by AI to false [guid=0nsyEhm9INQy3se8y-fXlbMHVv4YsIXloUCLC2unDyo=]
[COT 2025-09-10 02:04:16] 76561198024482897: Set UnlimitedStamina To false [guid=0nsyEhm9INQy3se8y-fXlbMHVv4YsIXloUCLC2unDyo=]
[COT 2025-09-10 02:06:38] 76561198024482897: Set GodMode To true [guid=0nsyEhm9INQy3se8y-fXlbMHVv4YsIXloUCLC2unDyo=]
[COT 2025-09-10 02:06:39] 76561198024482897: Set GodMode To false [guid=0nsyEhm9INQy3se8y-fXlbMHVv4YsIXloUCLC2unDyo=]
[COT 2025-09-10 02:06:46] 76561198024482897: ESP: Viewing ESP
[COT 2025-09-10 02:06:50] 76561198024482897: Created Deletion Backup '2025-09-10_02-06-50'
[COT 2025-09-10 02:06:50] 76561198024482897: ESP index=0 target=Animal_CanisLupus_Grey:656 position=<8331.112305, 322.445862, 1640.650757> action=delete
[COT 2025-09-10 02:06:50] 76561198024482897: ESP index=1 target=Animal_CanisLupus_White:597 position=<8330.209961, 322.582855, 1640.666260> action=delete
[COT 2025-09-10 02:06:50] 76561198024482897: ESP action=delete_all count=2 attempted=2
[COT 2025-09-10 02:06:53] 76561198024482897: Created Deletion Backup '2025-09-10_02-06-53'
[COT 2025-09-10 02:06:55] 76561198024482897: Created Deletion Backup '2025-09-10_02-06-55'
[COT 2025-09-10 02:06:55] 76561198024482897: ESP index=0 target=Animal_CanisLupus_White:286 position=<8341.263672, 322.436646, 1626.799194> action=delete
[COT 2025-09-10 02:06:55] 76561198024482897: ESP action=delete_all count=1 attempted=1
[COT 2025-09-10 02:06:59] 76561198024482897: Created Deletion Backup '2025-09-10_02-06-59'
[COT 2025-09-10 02:06:59] 76561198024482897: ESP index=0 target=Animal_CanisLupus_Grey:610 position=<8334.927734, 323.042419, 1646.442383> action=delete
[COT 2025-09-10 02:06:59] 76561198024482897: ESP action=delete_all count=1 attempted=1
[COT 2025-09-10 02:07:32] 76561198024482897: Spectating [guid=cZC_vl4onJwtCEZaOtA89yPcwyGnN7Qy01WI28TQhbU=]
[COT 2025-09-10 02:31:42] 76561198024482897: Stopped spectating
[COT 2025-09-10 02:31:54] 76561198024482897: Set Invisibility To 1 [guid=0nsyEhm9INQy3se8y-fXlbMHVv4YsIXloUCLC2unDyo=]
[COT 2025-09-10 02:31:54] 76561198024482897: Set GodMode To true [guid=0nsyEhm9INQy3se8y-fXlbMHVv4YsIXloUCLC2unDyo=]
[COT 2025-09-10 02:31:58] 76561198024482897: Set GodMode To true [guid=0nsyEhm9INQy3se8y-fXlbMHVv4YsIXloUCLC2unDyo=]
[COT 2025-09-10 02:31:58] 76561198024482897: Set Invisibility To 1 [guid=0nsyEhm9INQy3se8y-fXlbMHVv4YsIXloUCLC2unDyo=]
[COT 2025-09-10 02:32:17] 76561198024482897: Teleported 76561198024482897 to position <580.532776, 512.460449, 1124.481934>
[COT 2025-09-10 02:32:28] 76561198024482897: Teleported 76561198024482897 to position <581.681396, 611.772278, 1126.062744>
[COT 2025-09-10 02:33:05] 76561198024482897: Spawned Entity Ammo Box (AmmoBox<fd435ce0>, 100, 300, 15, 0) at <590.210083, 618.472534, 1123.484009>
[COT 2025-09-10 02:33:13] 76561198024482897: Deleted Entity AmmoBox:11375 at <590.210083, 618.583374, 1123.484009>
[COT 2025-09-10 02:33:20] 76561198024482897: Spawned Entity Ammo Box (AmmoBox<6ec3f1d0>, 100, 300, 15, 0) at <590.260071, 618.522705, 1123.484009>
[COT 2025-09-10 02:33:28] 76561198024482897: Spawned Entity Ammo Box (AmmoBox<6ec3b800>, 100, 300, 15, 0) at <590.271667, 618.420105, 1123.484009>
[COT 2025-09-10 02:33:36] 76561198024482897: Spawned Entity Boxed 5.56x45mm Tracer Rounds (AmmoBox_556x45Tracer_20Rnd<6ec3a0e0>, 100, 100, 15, 0) at <590.569519, 617.661926, 1123.021851>
[COT 2025-09-10 02:33:37] 76561198024482897: Spawned Entity Boxed 5.56x45mm Rounds (AmmoBox_556x45_20Rnd<6ec42010>, 100, 100, 15, 0) at <590.568237, 617.681519, 1123.020386>
[COT 2025-09-10 02:33:37] 76561198024482897: Spawned Entity Boxed 5.56x45mm Tracer Rounds (AmmoBox_556x45Tracer_20Rnd<6ec43730>, 100, 100, 15, 0) at <590.566956, 617.701111, 1123.019043>
[COT 2025-09-10 02:33:38] 76561198024482897: Spawned Entity Boxed 5.56x45mm Rounds (AmmoBox_556x45_20Rnd<6ec0d400>, 100, 100, 15, 0) at <590.565491, 617.720703, 1123.017578>
[COT 2025-09-10 02:33:56] 76561198024482897: Spawned Entity Boxed 7.62x39mm Tracer Rounds (AmmoBox_762x39Tracer_20Rnd<a057a330>, 100, 100, 15, 0) at <590.620117, 617.661926, 1123.143188>
[COT 2025-09-10 02:33:56] 76561198024482897: Spawned Entity Boxed 7.62x39mm Tracer Rounds (AmmoBox_762x39Tracer_20Rnd<a0573b20>, 100, 100, 15, 0) at <590.613464, 617.715088, 1123.134766>
[COT 2025-09-10 02:33:56] 76561198024482897: Spawned Entity Boxed 7.62x39mm Tracer Rounds (AmmoBox_762x39Tracer_20Rnd<a0575240>, 100, 100, 15, 0) at <590.606750, 617.768372, 1123.126465>
[COT 2025-09-10 02:33:56] 76561198024482897: Spawned Entity Boxed 7.62x39mm Tracer Rounds (AmmoBox_762x39Tracer_20Rnd<a057dd00>, 100, 100, 15, 0) at <590.600037, 617.821594, 1123.118164>
[COT 2025-09-10 02:34:11] 76561198024482897: Spawned Entity Boxed 5.45x39mm Tracer Rounds (Box_Base<a058db60>, 5, 100, 15, 0) at <590.620117, 617.661926, 1123.143188>
[COT 2025-09-10 02:34:11] 76561198024482897: Spawned Entity Boxed 5.45x39mm Tracer Rounds (Box_Base<a058e6f0>, 5, 100, 15, 0) at <590.617004, 617.686340, 1123.139282>
[COT 2025-09-10 02:34:11] 76561198024482897: Spawned Entity Boxed 5.45x39mm Tracer Rounds (Box_Base<a0595a90>, 5, 100, 15, 0) at <590.616150, 617.693604, 1123.138184>
[COT 2025-09-10 02:34:11] 76561198024482897: Spawned Entity Boxed 5.45x39mm Tracer Rounds (Box_Base<a058fe10>, 5, 100, 15, 0) at <590.612976, 617.718933, 1123.134277>
[COT 2025-09-10 02:34:31] 76561198024482897: Spawned Entity Boxed .22 LR Rounds (AmmoBox_22_50Rnd<a0597d40>, 5, 100, 15, 0) at <590.620117, 617.661926, 1123.143188>
[COT 2025-09-10 02:34:35] 76561198024482897: Spawned Entity Boxed .22 LR Rounds (AmmoBox_22_50Rnd<a059fc70>, 5, 100, 15, 0) at <590.654541, 617.661926, 1123.155396>
[COT 2025-09-10 02:34:35] 76561198024482897: Spawned Entity Boxed .22 LR Rounds (AmmoBox_22_50Rnd<a059c2a0>, 5, 100, 15, 0) at <590.654541, 617.661926, 1123.155396>
[COT 2025-09-10 02:34:35] 76561198024482897: Spawned Entity Boxed .22 LR Rounds (AmmoBox_22_50Rnd<a05a8730>, 5, 100, 15, 0) at <590.649475, 617.698181, 1123.149414>
[COT 2025-09-10 02:35:05] 76561198024482897: Set GodMode To false [guid=0nsyEhm9INQy3se8y-fXlbMHVv4YsIXloUCLC2unDyo=]
[COT 2025-09-10 02:35:19] 76561198024482897: Spawned Entity Wolf Mask (PaydayMask_Wolf<7bc38340>, 225, 60, 15, 0) at <589.644653, 623.812195, 1121.353516>
[COT 2025-09-10 02:35:27] 76561198024482897: Set GodMode To true [guid=0nsyEhm9INQy3se8y-fXlbMHVv4YsIXloUCLC2unDyo=]
[COT 2025-09-10 02:35:28] 76561198024482897: Set GodMode To false [guid=0nsyEhm9INQy3se8y-fXlbMHVv4YsIXloUCLC2unDyo=]
[COT 2025-09-10 02:35:29] 76561198024482897: Set GodMode To true [guid=0nsyEhm9INQy3se8y-fXlbMHVv4YsIXloUCLC2unDyo=]
[COT 2025-09-10 02:35:34] 76561198024482897: Spawned Entity Ghost's New Mask (FOG_Ghost_Mask_RG<eff1e490>, 100, 300, 15, 0) at <590.732483, 620.773376, 1121.758667>
[COT 2025-09-10 02:35:43] 76561198024482897: Set GodMode To false [guid=0nsyEhm9INQy3se8y-fXlbMHVv4YsIXloUCLC2unDyo=]
[COT 2025-09-10 02:35:43] 76561198024482897: Set GodMode To true [guid=0nsyEhm9INQy3se8y-fXlbMHVv4YsIXloUCLC2unDyo=]
[COT 2025-09-10 02:35:49] 76561198024482897: Spawned Entity Half Mask (FOG_HalfMask_Black<efee3070>, 100, 300, 15, 0) at <588.769592, 617.661926, 1120.994385>
[COT 2025-09-10 02:35:55] 76561198024482897: Spawned Entity Ghost's New Mask (FOG_Ghost_Mask_Red_Gold<efef2340>, 225, 300, 15, 0) at <587.117920, 618.292725, 1121.566528>
[COT 2025-09-10 02:36:01] 76561198024482897: Set GodMode To false [guid=0nsyEhm9INQy3se8y-fXlbMHVv4YsIXloUCLC2unDyo=]
[COT 2025-09-10 02:36:01] 76561198024482897: Set GodMode To true [guid=0nsyEhm9INQy3se8y-fXlbMHVv4YsIXloUCLC2unDyo=]
[COT 2025-09-10 02:36:11] 76561198024482897: Teleported 76561198024482897 to position <8349.105469, 322.619995, 1643.233521>
[COT 2025-09-10 02:36:33] 76561198024482897: Set GodMode To false [guid=0nsyEhm9INQy3se8y-fXlbMHVv4YsIXloUCLC2unDyo=]
[COT 2025-09-10 02:36:34] 76561198024482897: Set Invisibility To 0 [guid=0nsyEhm9INQy3se8y-fXlbMHVv4YsIXloUCLC2unDyo=]
[COT 2025-09-10 02:37:11] 76561198024482897: Updated roles [guid=0nsyEhm9INQy3se8y-fXlbMHVv4YsIXloUCLC2unDyo=]
