[COT 2025-09-12 17:34:37] 76561198024482897: Activated Community Online Tools [guid=0nsyEhm9INQy3se8y-fXlbMHVv4YsIXloUCLC2unDyo=]
[COT 2025-09-12 17:34:38] 76561198024482897: Deactivated Community Online Tools [guid=0nsyEhm9INQy3se8y-fXlbMHVv4YsIXloUCLC2unDyo=]
[COT 2025-09-12 17:34:39] 76561198024482897: Activated Community Online Tools [guid=0nsyEhm9INQy3se8y-fXlbMHVv4YsIXloUCLC2unDyo=]
[COT 2025-09-12 17:44:03] 76561198024482897: Activated Community Online Tools [guid=0nsyEhm9INQy3se8y-fXlbMHVv4YsIXloUCLC2unDyo=]
[COT 2025-09-12 17:44:14] 76561198024482897: Entered the Free Camera
[COT 2025-09-12 17:44:28] 76561198024482897: Left the Free Camera
[COT 2025-09-12 17:44:39] 76561198024482897: Entered the Free Camera
[COT 2025-09-12 17:45:02] 76561198024482897: Left the Free Camera
[COT 2025-09-12 17:45:07] 76561198024482897: Entered the Free Camera
[COT 2025-09-12 17:45:21] 76561198024482897: Set Invisibility To 1 [guid=0nsyEhm9INQy3se8y-fXlbMHVv4YsIXloUCLC2unDyo=]
[COT 2025-09-12 17:45:22] 76561198024482897: Set GodMode To true [guid=0nsyEhm9INQy3se8y-fXlbMHVv4YsIXloUCLC2unDyo=]
[COT 2025-09-12 17:45:38] 76561198024482897: Left the Free Camera
[COT 2025-09-12 17:45:51] 76561198024482897: Entered the Free Camera
[COT 2025-09-12 17:47:03] 76561198024482897: ESP: Viewing ESP
[COT 2025-09-12 17:47:17] 76561198024482897: ESP target=mmg_weapon_crate_base<d50cdf0> action=orientation value=<133.197006, 0.000000, -0.000000>
[COT 2025-09-12 17:47:17] 76561198024482897: ESP target=mmg_weapon_crate_base<d50cdf0> action=orientation value=<135.197006, 0.000000, -0.000000>
[COT 2025-09-12 17:47:17] 76561198024482897: ESP target=mmg_weapon_crate_base<d50cdf0> action=orientation value=<137.197006, 0.000000, -0.000000>
[COT 2025-09-12 17:47:17] 76561198024482897: ESP target=mmg_weapon_crate_base<d50cdf0> action=orientation value=<139.197006, 0.000000, -0.000000>
[COT 2025-09-12 17:47:18] 76561198024482897: ESP target=mmg_weapon_crate_base<d50cdf0> action=orientation value=<144.197006, 0.000000, -0.000000>
[COT 2025-09-12 17:47:18] 76561198024482897: ESP target=mmg_weapon_crate_base<d50cdf0> action=orientation value=<147.197006, 0.000000, -0.000000>
[COT 2025-09-12 17:47:18] 76561198024482897: ESP target=mmg_weapon_crate_base<d50cdf0> action=orientation value=<148.197006, 0.000000, -0.000000>
[COT 2025-09-12 17:47:18] 76561198024482897: ESP target=mmg_weapon_crate_base<d50cdf0> action=orientation value=<152.197006, 0.000000, -0.000000>
[COT 2025-09-12 17:47:18] 76561198024482897: ESP target=mmg_weapon_crate_base<d50cdf0> action=orientation value=<156.197006, 0.000000, -0.000000>
[COT 2025-09-12 17:47:18] 76561198024482897: ESP target=mmg_weapon_crate_base<d50cdf0> action=orientation value=<158.197006, 0.000000, -0.000000>
[COT 2025-09-12 17:47:18] 76561198024482897: ESP target=mmg_weapon_crate_base<d50cdf0> action=orientation value=<159.197006, 0.000000, -0.000000>
[COT 2025-09-12 17:47:18] 76561198024482897: ESP target=mmg_weapon_crate_base<d50cdf0> action=orientation value=<162.197006, 0.000000, -0.000000>
[COT 2025-09-12 17:47:19] 76561198024482897: ESP target=mmg_weapon_crate_base<d50cdf0> action=orientation value=<165.197006, 0.000000, -0.000000>
[COT 2025-09-12 17:47:19] 76561198024482897: ESP target=mmg_weapon_crate_base<d50cdf0> action=orientation value=<167.197006, 0.000000, -0.000000>
[COT 2025-09-12 17:47:19] 76561198024482897: ESP target=mmg_weapon_crate_base<d50cdf0> action=orientation value=<168.197006, 0.000000, -0.000000>
[COT 2025-09-12 17:47:19] 76561198024482897: ESP target=mmg_weapon_crate_base<d50cdf0> action=orientation value=<172.197006, 0.000000, -0.000000>
[COT 2025-09-12 17:47:19] 76561198024482897: ESP target=mmg_weapon_crate_base<d50cdf0> action=orientation value=<175.197006, 0.000000, -0.000000>
[COT 2025-09-12 17:47:20] 76561198024482897: ESP target=mmg_weapon_crate_base<d50cdf0> action=orientation value=<178.197006, 0.000000, -0.000000>
[COT 2025-09-12 17:47:20] 76561198024482897: ESP target=mmg_weapon_crate_base<d50cdf0> action=orientation value=<179.197006, 0.000000, -0.000000>
[COT 2025-09-12 17:47:20] 76561198024482897: ESP target=mmg_weapon_crate_base<d50cdf0> action=orientation value=<180.197006, 0.000000, -0.000000>
[COT 2025-09-12 17:47:20] 76561198024482897: ESP target=mmg_weapon_crate_base<d50cdf0> action=orientation value=<185.197006, 0.000000, -0.000000>
[COT 2025-09-12 17:47:20] 76561198024482897: ESP target=mmg_weapon_crate_base<d50cdf0> action=orientation value=<189.197006, 0.000000, -0.000000>
[COT 2025-09-12 17:47:20] 76561198024482897: ESP target=mmg_weapon_crate_base<d50cdf0> action=orientation value=<190.197006, 0.000000, -0.000000>
[COT 2025-09-12 17:47:20] 76561198024482897: ESP target=mmg_weapon_crate_base<d50cdf0> action=orientation value=<194.197006, 0.000000, -0.000000>
[COT 2025-09-12 17:47:20] 76561198024482897: ESP target=mmg_weapon_crate_base<d50cdf0> action=orientation value=<198.197006, 0.000000, -0.000000>
[COT 2025-09-12 17:47:20] 76561198024482897: ESP target=mmg_weapon_crate_base<d50cdf0> action=orientation value=<200.197006, 0.000000, -0.000000>
[COT 2025-09-12 17:47:20] 76561198024482897: ESP target=mmg_weapon_crate_base<d50cdf0> action=orientation value=<201.197006, 0.000000, -0.000000>
[COT 2025-09-12 17:47:20] 76561198024482897: ESP target=mmg_weapon_crate_base<d50cdf0> action=orientation value=<205.197006, 0.000000, -0.000000>
[COT 2025-09-12 17:47:21] 76561198024482897: ESP target=mmg_weapon_crate_base<d50cdf0> action=orientation value=<208.197006, 0.000000, -0.000000>
[COT 2025-09-12 17:47:21] 76561198024482897: ESP target=mmg_weapon_crate_base<d50cdf0> action=orientation value=<210.197006, 0.000000, -0.000000>
[COT 2025-09-12 17:47:21] 76561198024482897: ESP target=mmg_weapon_crate_base<d50cdf0> action=orientation value=<213.197006, 0.000000, -0.000000>
[COT 2025-09-12 17:47:21] 76561198024482897: ESP target=mmg_weapon_crate_base<d50cdf0> action=orientation value=<217.197006, 0.000000, -0.000000>
[COT 2025-09-12 17:47:21] 76561198024482897: ESP target=mmg_weapon_crate_base<d50cdf0> action=orientation value=<219.197006, 0.000000, -0.000000>
[COT 2025-09-12 17:47:21] 76561198024482897: ESP target=mmg_weapon_crate_base<d50cdf0> action=orientation value=<220.197006, 0.000000, -0.000000>
[COT 2025-09-12 17:47:21] 76561198024482897: ESP target=mmg_weapon_crate_base<d50cdf0> action=orientation value=<224.197006, 0.000000, -0.000000>
[COT 2025-09-12 17:47:21] 76561198024482897: ESP target=mmg_weapon_crate_base<d50cdf0> action=orientation value=<227.197006, 0.000000, -0.000000>
[COT 2025-09-12 17:47:21] 76561198024482897: ESP target=mmg_weapon_crate_base<d50cdf0> action=orientation value=<229.197006, 0.000000, -0.000000>
[COT 2025-09-12 17:47:22] 76561198024482897: ESP target=mmg_weapon_crate_base<d50cdf0> action=orientation value=<234.197006, 0.000000, -0.000000>
[COT 2025-09-12 17:47:22] 76561198024482897: ESP target=mmg_weapon_crate_base<d50cdf0> action=orientation value=<237.197006, 0.000000, -0.000000>
[COT 2025-09-12 17:47:22] 76561198024482897: ESP target=mmg_weapon_crate_base<d50cdf0> action=orientation value=<239.197006, 0.000000, -0.000000>
[COT 2025-09-12 17:47:22] 76561198024482897: ESP target=mmg_weapon_crate_base<d50cdf0> action=orientation value=<244.197006, 0.000000, -0.000000>
[COT 2025-09-12 17:47:22] 76561198024482897: ESP target=mmg_weapon_crate_base<d50cdf0> action=orientation value=<247.197006, 0.000000, -0.000000>
[COT 2025-09-12 17:47:22] 76561198024482897: ESP target=mmg_weapon_crate_base<d50cdf0> action=orientation value=<249.197006, 0.000000, -0.000000>
[COT 2025-09-12 17:47:22] 76561198024482897: ESP target=mmg_weapon_crate_base<d50cdf0> action=orientation value=<250.197006, 0.000000, -0.000000>
[COT 2025-09-12 17:47:22] 76561198024482897: ESP target=mmg_weapon_crate_base<d50cdf0> action=orientation value=<252.197006, 0.000000, -0.000000>
[COT 2025-09-12 17:47:22] 76561198024482897: ESP target=mmg_weapon_crate_base<d50cdf0> action=orientation value=<256.196991, 0.000000, -0.000000>
[COT 2025-09-12 17:47:22] 76561198024482897: ESP target=mmg_weapon_crate_base<d50cdf0> action=orientation value=<258.196991, 0.000000, -0.000000>
[COT 2025-09-12 17:47:23] 76561198024482897: ESP target=mmg_weapon_crate_base<d50cdf0> action=orientation value=<259.196991, 0.000000, -0.000000>
[COT 2025-09-12 17:47:23] 76561198024482897: ESP target=mmg_weapon_crate_base<d50cdf0> action=orientation value=<260.196991, 0.000000, -0.000000>
[COT 2025-09-12 17:47:23] 76561198024482897: ESP target=mmg_weapon_crate_base<d50cdf0> action=orientation value=<261.196991, 0.000000, -0.000000>
[COT 2025-09-12 17:47:23] 76561198024482897: ESP target=mmg_weapon_crate_base<d50cdf0> action=orientation value=<265.196991, 0.000000, -0.000000>
[COT 2025-09-12 17:47:23] 76561198024482897: ESP target=mmg_weapon_crate_base<d50cdf0> action=orientation value=<269.196991, 0.000000, -0.000000>
[COT 2025-09-12 17:47:23] 76561198024482897: ESP target=mmg_weapon_crate_base<d50cdf0> action=orientation value=<270.196991, 0.000000, -0.000000>
[COT 2025-09-12 17:47:23] 76561198024482897: ESP target=mmg_weapon_crate_base<d50cdf0> action=orientation value=<272.196991, 0.000000, 0.000000>
[COT 2025-09-12 17:47:23] 76561198024482897: ESP target=mmg_weapon_crate_base<d50cdf0> action=orientation value=<276.196991, 0.000000, 0.000000>
[COT 2025-09-12 17:47:23] 76561198024482897: ESP target=mmg_weapon_crate_base<d50cdf0> action=orientation value=<279.196991, 0.000000, 0.000000>
[COT 2025-09-12 17:47:23] 76561198024482897: ESP target=mmg_weapon_crate_base<d50cdf0> action=orientation value=<281.196991, 0.000000, 0.000000>
[COT 2025-09-12 17:47:24] 76561198024482897: ESP target=mmg_weapon_crate_base<d50cdf0> action=orientation value=<285.196991, 0.000000, 0.000000>
[COT 2025-09-12 17:47:24] 76561198024482897: ESP target=mmg_weapon_crate_base<d50cdf0> action=orientation value=<289.196991, 0.000000, 0.000000>
[COT 2025-09-12 17:47:24] 76561198024482897: ESP target=mmg_weapon_crate_base<d50cdf0> action=orientation value=<291.196991, 0.000000, 0.000000>
[COT 2025-09-12 17:47:24] 76561198024482897: ESP target=mmg_weapon_crate_base<d50cdf0> action=orientation value=<294.196991, 0.000000, 0.000000>
[COT 2025-09-12 17:47:24] 76561198024482897: ESP target=mmg_weapon_crate_base<d50cdf0> action=orientation value=<298.196991, 0.000000, 0.000000>
[COT 2025-09-12 17:47:24] 76561198024482897: ESP target=mmg_weapon_crate_base<d50cdf0> action=orientation value=<300.196991, 0.000000, 0.000000>
[COT 2025-09-12 17:47:24] 76561198024482897: ESP target=mmg_weapon_crate_base<d50cdf0> action=orientation value=<301.196991, 0.000000, 0.000000>
[COT 2025-09-12 17:47:25] 76561198024482897: ESP target=mmg_weapon_crate_base<d50cdf0> action=orientation value=<302.196991, 0.000000, 0.000000>
[COT 2025-09-12 17:47:25] 76561198024482897: ESP target=mmg_weapon_crate_base<d50cdf0> action=orientation value=<303.196991, 0.000000, 0.000000>
[COT 2025-09-12 17:47:25] 76561198024482897: ESP target=mmg_weapon_crate_base<d50cdf0> action=orientation value=<304.196991, 0.000000, 0.000000>
[COT 2025-09-12 17:47:25] 76561198024482897: ESP target=mmg_weapon_crate_base<d50cdf0> action=orientation value=<305.196991, 0.000000, 0.000000>
[COT 2025-09-12 17:47:25] 76561198024482897: ESP target=mmg_weapon_crate_base<d50cdf0> action=orientation value=<306.196991, 0.000000, 0.000000>
[COT 2025-09-12 17:47:26] 76561198024482897: ESP target=mmg_weapon_crate_base<d50cdf0> action=orientation value=<307.196991, 0.000000, 0.000000>
[COT 2025-09-12 17:47:26] 76561198024482897: ESP target=mmg_weapon_crate_base<d50cdf0> action=orientation value=<308.196991, 0.000000, 0.000000>
[COT 2025-09-12 17:47:33] 76561198024482897: ESP: Clearing ESP
[COT 2025-09-12 17:47:39] 76561198024482897: ESP: Viewing ESP
[COT 2025-09-12 17:47:48] 76561198024482897: ESP target=mmg_weapon_crate_base<d50cdf0> action=orientation value=<-51.702900, 0.000000, 0.000000>
[COT 2025-09-12 17:47:48] 76561198024482897: ESP target=mmg_weapon_crate_base<d50cdf0> action=orientation value=<-51.602901, 0.000000, 0.000000>
[COT 2025-09-12 17:47:48] 76561198024482897: ESP target=mmg_weapon_crate_base<d50cdf0> action=orientation value=<-51.502899, 0.000000, 0.000000>
[COT 2025-09-12 17:47:48] 76561198024482897: ESP target=mmg_weapon_crate_base<d50cdf0> action=orientation value=<-51.402901, 0.000000, 0.000000>
[COT 2025-09-12 17:47:48] 76561198024482897: ESP target=mmg_weapon_crate_base<d50cdf0> action=orientation value=<-51.302898, 0.000000, 0.000000>
[COT 2025-09-12 17:47:48] 76561198024482897: ESP target=mmg_weapon_crate_base<d50cdf0> action=orientation value=<-51.202900, 0.000000, 0.000000>
[COT 2025-09-12 17:47:48] 76561198024482897: ESP target=mmg_weapon_crate_base<d50cdf0> action=orientation value=<-51.002899, 0.000000, 0.000000>
[COT 2025-09-12 17:47:48] 76561198024482897: ESP target=mmg_weapon_crate_base<d50cdf0> action=orientation value=<-50.702900, 0.000000, 0.000000>
[COT 2025-09-12 17:47:48] 76561198024482897: ESP target=mmg_weapon_crate_base<d50cdf0> action=orientation value=<-50.502899, 0.000000, 0.000000>
[COT 2025-09-12 17:47:48] 76561198024482897: ESP target=mmg_weapon_crate_base<d50cdf0> action=orientation value=<-50.402901, 0.000000, 0.000000>
[COT 2025-09-12 17:47:49] 76561198024482897: ESP target=mmg_weapon_crate_base<d50cdf0> action=orientation value=<-49.402901, 0.000000, 0.000000>
[COT 2025-09-12 17:47:49] 76561198024482897: ESP target=mmg_weapon_crate_base<d50cdf0> action=orientation value=<-48.402901, 0.000000, 0.000000>
[COT 2025-09-12 17:47:49] 76561198024482897: ESP target=mmg_weapon_crate_base<d50cdf0> action=orientation value=<-47.402901, 0.000000, 0.000000>
[COT 2025-09-12 17:47:49] 76561198024482897: ESP target=mmg_weapon_crate_base<d50cdf0> action=orientation value=<-46.402901, 0.000000, 0.000000>
[COT 2025-09-12 17:47:49] 76561198024482897: ESP target=mmg_weapon_crate_base<d50cdf0> action=orientation value=<-47.402901, 0.000000, 0.000000>
[COT 2025-09-12 17:47:55] 76561198024482897: ESP: Clearing ESP
[COT 2025-09-12 17:48:28] 76561198024482897: Set Invisibility To 0 [guid=0nsyEhm9INQy3se8y-fXlbMHVv4YsIXloUCLC2unDyo=]
[COT 2025-09-12 17:48:31] 76561198024482897: Left the Free Camera
[COT 2025-09-12 17:48:37] 76561198024482897: Entered the Free Camera
[COT 2025-09-12 17:51:14] 76561198024482897: Date 1000/7/18 12:0
[COT 2025-09-12 17:53:16] 76561198024482897: Date 1000/7/18 18:0
[COT 2025-09-12 17:53:17] 76561198024482897: Date 1000/7/18 0:0
[COT 2025-09-12 17:53:58] 76561198024482897: Left the Free Camera
[COT 2025-09-12 17:54:32] 76561198024482897: Entered the Free Camera
[COT 2025-09-12 17:55:26] 76561198024482897: Left the Free Camera
[COT 2025-09-12 17:55:40] 76561198024482897: Spawned Entity Stag (Animal_CervusElaphus<964cd320>, 100, 400, 15, 0) at <8329.578125, 317.134033, 1614.487061>
[COT 2025-09-12 17:55:40] 76561198024482897: Spawned Entity Hind (Animal_CervusElaphusF<964a5c00>, 100, 300, 15, 0) at <8329.853516, 318.181458, 1615.262207>
[COT 2025-09-12 17:55:53] 76561198024482897: Entered the Free Camera
[COT 2025-09-12 17:56:13] 76561198024482897: Spawned Entity Stag (Animal_CervusElaphus<964a8bd0>, 100, 400, 15, 0) at <8331.173828, 318.404419, 1617.942261>
[COT 2025-09-12 17:56:24] 76561198024482897: Spawned Entity Stag (Animal_CervusElaphus<964a9ef0>, 100, 400, 15, 0) at <8330.952148, 316.451538, 1612.180908>
[COT 2025-09-12 17:58:59] 76561198024482897: Date 1000/7/18 18:0
[COT 2025-09-12 17:59:21] 76561198024482897: Set UnlimitedStamina To true [guid=0nsyEhm9INQy3se8y-fXlbMHVv4YsIXloUCLC2unDyo=]
[COT 2025-09-12 17:59:21] 76561198024482897: Set UnlimitedAmmo To true [guid=0nsyEhm9INQy3se8y-fXlbMHVv4YsIXloUCLC2unDyo=]
[COT 2025-09-12 17:59:35] 76561198024482897: Left the Free Camera
[COT 2025-09-12 17:59:54] 76561198024482897: Spawned Entity  (Wreck_UH1Y<964b8470>, 100, 400, 15, 0) at <7357.131836, 287.040009, 2610.057861>
[COT 2025-09-12 18:00:22] 76561198024482897: Entered the Free Camera
[COT 2025-09-12 18:03:47] 76561198024482897: Left the Free Camera
[COT 2025-09-12 18:05:45] 76561198024482897: Entered the Free Camera
[COT 2025-09-12 18:05:58] 76561198024482897: Left the Free Camera
[COT 2025-09-12 18:06:26] 76561198024482897: Set GodMode To false [guid=0nsyEhm9INQy3se8y-fXlbMHVv4YsIXloUCLC2unDyo=]
[COT 2025-09-12 18:06:27] 76561198024482897: Set GodMode To true [guid=0nsyEhm9INQy3se8y-fXlbMHVv4YsIXloUCLC2unDyo=]
[COT 2025-09-12 18:06:44] 76561198024482897: ESP: Viewing ESP
[COT 2025-09-12 18:06:53] 76561198024482897: ESP: Clearing ESP
[COT 2025-09-12 18:07:11] 76561198024482897: ESP: Viewing ESP
[COT 2025-09-12 18:07:27] 76561198024482897: ESP: Clearing ESP
[COT 2025-09-12 18:08:21] 76561198024482897: Entered the Free Camera
[COT 2025-09-12 18:08:53] 76561198024482897: Teleported 76561198024482897 to position <746.491882, 532.027771, 1231.046265>
[COT 2025-09-12 18:09:00] 76561198024482897: Left the Free Camera
[COT 2025-09-12 18:09:10] 76561198024482897: Entered the Free Camera
[COT 2025-09-12 18:09:34] 76561198024482897: Left the Free Camera
[COT 2025-09-12 18:13:56] 76561198024482897: Entered the Free Camera
[COT 2025-09-12 18:14:11] 76561198024482897: ESP: ESP updating
[COT 2025-09-12 18:16:02] 76561198024482897: Left the Free Camera
[COT 2025-09-12 18:16:12] 76561198024482897: ESP: Clearing ESP
[COT 2025-09-12 18:16:33] 76561198024482897: Spawned Entity Infected (ZmbM_Mummy<1ed3e8c0>, 100, 1000, 15, 0) at <648.563171, 531.427307, 1143.876221>
[COT 2025-09-12 18:16:52] 76561198024482897: Entered the Free Camera
[COT 2025-09-12 18:16:54] 76561198024482897: Left the Free Camera
[COT 2025-09-12 18:16:55] 76561198024482897: Entered the Free Camera
[COT 2025-09-12 18:17:18] 76561198024482897: Left the Free Camera
[COT 2025-09-12 18:19:06] 76561198024482897: Spawned Entity Infected (ZmbM_Mummy<a384f070>, 100, 1000, 15, 0) at <685.053467, 531.411438, 1143.722656>
[COT 2025-09-12 18:19:47] 76561198024482897: Spawned Entity Infected (ZmbM_Mummy<a384dc50>, 100, 1000, 15, 0) at <653.090393, 532.742920, 1149.037598>
[COT 2025-09-12 18:20:32] 76561198024482897: Spawned Entity Infected (ZmbM_Mummy<a384fa80>, 100, 1000, 15, 0) at <652.617004, 532.867371, 1161.164185>
[COT 2025-09-12 18:20:49] 76561198024482897: Spawned Entity Infected (ZmbM_Mummy<a3844f70>, 100, 1000, 15, 0) at <651.515869, 533.147522, 1149.037598>
[COT 2025-09-12 18:21:18] 76561198024482897: Spawned Entity Infected (ZmbM_Mummy<a8e0f170>, 100, 1000, 15, 0) at <656.471558, 533.813660, 1150.372925>
[COT 2025-09-12 18:21:50] 76561198024482897: Spawned Entity Infected (ZmbM_Mummy<a8e21f50>, 100, 1000, 15, 0) at <653.985474, 533.165833, 1149.037598>
[COT 2025-09-12 18:22:12] 76561198024482897: Spawned Entity Infected (ZmbM_Mummy<120d26d0>, 100, 1000, 15, 0) at <652.505676, 532.124573, 1149.037598>
[COT 2025-09-12 18:22:44] 76561198024482897: Spawned Entity Infected (ZmbM_Mummy<90c7c760>, 100, 1000, 15, 0) at <652.144958, 532.949158, 1161.125488>
[COT 2025-09-12 18:23:25] 76561198024482897: Spawned Entity Infected (ZmbM_Mummy<fcfea4c0>, 100, 1000, 15, 0) at <651.258972, 532.835327, 1153.072510>
[COT 2025-09-12 18:25:13] 76561198024482897: Entered the Free Camera
[COT 2025-09-12 18:25:25] 76561198024482897: Left the Free Camera
[COT 2025-09-12 18:25:26] 76561198024482897: Entered the Free Camera
[COT 2025-09-12 18:29:00] 76561198024482897: Teleported 76561198024482897 to position <9056.361328, 298.706726, 6590.194824>
[COT 2025-09-12 18:29:03] 76561198024482897: Left the Free Camera
[COT 2025-09-12 18:29:28] 76561198024482897: Set GodMode To false [guid=0nsyEhm9INQy3se8y-fXlbMHVv4YsIXloUCLC2unDyo=]
[COT 2025-09-12 18:29:29] 76561198024482897: Set GodMode To true [guid=0nsyEhm9INQy3se8y-fXlbMHVv4YsIXloUCLC2unDyo=]
[COT 2025-09-12 18:30:22] 76561198024482897: Spawned Entity M249 (GCGN_M249<f3ace9e0>, 100, 100, 15, 0) at <9045.881836, 300.230469, 6605.219727>
[COT 2025-09-12 18:30:35] 76561198024482897: Deactivated Community Online Tools [guid=0nsyEhm9INQy3se8y-fXlbMHVv4YsIXloUCLC2unDyo=]
[COT 2025-09-12 18:30:36] 76561198024482897: Activated Community Online Tools [guid=0nsyEhm9INQy3se8y-fXlbMHVv4YsIXloUCLC2unDyo=]
[COT 2025-09-12 18:30:52] 76561198024482897: Deleted Entity GCGN_M249:28450 at <9045.881836, 300.296082, 6605.219727>
[COT 2025-09-12 18:36:48] 76561198024482897: Spawned Entity M249 (GCGN_M249<f9ed3490>, 100, 100, 15, 0) at <9045.837891, 300.018311, 6605.089844>
[COT 2025-09-12 18:36:53] 76561198024482897: Deleted Entity GCGN_M249:13206 at <9045.837891, 300.083923, 6605.089844>
[COT 2025-09-12 18:36:55] 76561198024482897: Set GodMode To false [guid=0nsyEhm9INQy3se8y-fXlbMHVv4YsIXloUCLC2unDyo=]
[COT 2025-09-12 18:36:56] 76561198024482897: Set GodMode To true [guid=0nsyEhm9INQy3se8y-fXlbMHVv4YsIXloUCLC2unDyo=]
[COT 2025-09-12 18:36:58] 76561198024482897: Spawned Entity M249 (GCGN_M249<f9ed3490>, 100, 100, 15, 0) at <9045.794922, 299.862427, 6604.966309>
[COT 2025-09-12 18:37:03] 76561198024482897: Deleted Entity GCGN_M249:7554 at <9045.794922, 299.928040, 6604.966309>
[COT 2025-09-12 18:37:08] 76561198024482897: Spawned Entity M249 (GCGN_M249<f9ed3490>, 100, 100, 15, 0) at <9045.797852, 299.955261, 6604.972656>
[COT 2025-09-12 18:37:13] 76561198024482897: Deleted Entity GCGN_M249:10165 at <9045.797852, 300.009491, 6604.972656>
[COT 2025-09-12 18:38:19] 76561198024482897: Spawned Entity M249 (GCGN_M249<1d3d48e0>, 100, 100, 15, 0) at <9030.282227, 299.440765, 6580.266602>
[COT 2025-09-12 18:38:44] 76561198024482897: Spawned Entity Knight's Mask (FOG_Knight_Mask<13f7d8b0>, 225, 300, 15, 0) at <9028.151367, 298.268005, 6579.792480>
[COT 2025-09-12 18:38:50] 76561198024482897: Entered the Free Camera
[COT 2025-09-12 18:40:51] 76561198024482897: Left the Free Camera
[COT 2025-09-12 18:41:04] 76561198024482897: Set GodMode To false [guid=0nsyEhm9INQy3se8y-fXlbMHVv4YsIXloUCLC2unDyo=]
[COT 2025-09-12 18:41:05] 76561198024482897: Set GodMode To true [guid=0nsyEhm9INQy3se8y-fXlbMHVv4YsIXloUCLC2unDyo=]
[COT 2025-09-12 18:41:07] 76561198024482897: Spawned Entity Knight's Mask (FOG_Knight_Mask<80aaf00>, 225, 300, 15, 0) at <9026.750977, 298.779907, 6580.943848>
[COT 2025-09-12 18:41:18] 76561198024482897: Deleted Entity FOG_Knight_Mask:14371 at <9026.750977, 298.825562, 6580.943848>
[COT 2025-09-12 18:41:24] 76561198024482897: Spawned Entity Knight's Mask (FOG_Knight_Mask<fa481950>, 225, 300, 15, 0) at <9025.951172, 298.268005, 6580.430664>
[COT 2025-09-12 18:41:39] 76561198024482897: Spawned Entity PKM (SkyFall_PKM<ea78c900>, 225, 5000, 15, 0) at <9027.316406, 299.440765, 6580.990723>
[COT 2025-09-12 18:41:45] 76561198024482897: Entered the Free Camera
[COT 2025-09-12 18:41:47] 76561198024482897: Left the Free Camera
[COT 2025-09-12 18:43:00] 76561198024482897: Spawned Entity Crye G3 Combat Pants (FOG_Pants_Crye_G3_RTGR<a97b1e20>, 225, 300, 15, 0) at <9026.786133, 298.818481, 6581.057617>
[COT 2025-09-12 18:43:03] 76561198024482897: Entered the Free Camera
[COT 2025-09-12 18:44:27] 76561198024482897: Left the Free Camera
[COT 2025-09-12 18:45:13] 76561198024482897: Entered the Free Camera
[COT 2025-09-12 18:45:58] 76561198024482897: Left the Free Camera
[COT 2025-09-12 18:46:48] 76561198024482897: Entered the Free Camera
[COT 2025-09-12 18:46:53] 76561198024482897: Left the Free Camera
[COT 2025-09-12 19:32:03] 76561198024482897: Teleported 76561198024482897 to position <8337.895508, 331.620331, 1637.004150>
[COT 2025-09-12 19:32:11] 76561198024482897: Entered the Free Camera
[COT 2025-09-12 19:32:19] 76561198024482897: Deactivated Community Online Tools [guid=0nsyEhm9INQy3se8y-fXlbMHVv4YsIXloUCLC2unDyo=]
[COT 2025-09-12 19:32:20] 76561198024482897: Activated Community Online Tools [guid=0nsyEhm9INQy3se8y-fXlbMHVv4YsIXloUCLC2unDyo=]
[COT 2025-09-12 19:32:20] 76561198024482897: Entered the Free Camera
[COT 2025-09-12 19:32:30] 76561198024482897: Left the Free Camera
[COT 2025-09-12 22:37:55] 76561198024482897: Activated Community Online Tools [guid=0nsyEhm9INQy3se8y-fXlbMHVv4YsIXloUCLC2unDyo=]
[COT 2025-09-12 23:10:12] 76561198024482897: Deactivated Community Online Tools [guid=0nsyEhm9INQy3se8y-fXlbMHVv4YsIXloUCLC2unDyo=]
[COT 2025-09-12 23:10:15] 76561198024482897: Activated Community Online Tools [guid=0nsyEhm9INQy3se8y-fXlbMHVv4YsIXloUCLC2unDyo=]
[COT 2025-09-12 23:10:32] 76561198024482897: Spectating [guid=Lw52hZyZO7pZP21eLhjYCVUz5rrRVAodhUgchUxGS8A=]
[COT 2025-09-12 23:14:54] 76561198024482897: Stopped spectating
[COT 2025-09-12 23:15:06] 76561198024482897: Spectating [guid=cZC_vl4onJwtCEZaOtA89yPcwyGnN7Qy01WI28TQhbU=]
[COT 2025-09-12 23:24:14] 76561198024482897: Stopped spectating
[COT 2025-09-12 23:27:56] 76561198024482897: Spectating [guid=Lw52hZyZO7pZP21eLhjYCVUz5rrRVAodhUgchUxGS8A=]
[COT 2025-09-12 23:31:25] 76561198024482897: Stopped spectating
[COT 2025-09-12 23:52:51] 76561198024482897: Spectating [guid=f-_TR5GiRJHALUs-Bpx5ZJmLko5lr6ptvdfijtGV8Dw=]
[COT 2025-09-13 00:04:59] 76561198024482897: Stopped spectating
[COT 2025-09-13 00:05:27] 76561198024482897: Teleported 76561198024482897 to position <8342.258789, 334.705017, 1638.340820>
[COT 2025-09-13 00:05:42] 76561198024482897: Teleported 76561198024482897 to position <8351.385742, 322.629730, 1649.216431>
[COT 2025-09-13 00:05:58] 76561198024482897: Teleported 76561198024482897 to position <8329.565430, 321.867218, 1629.904907>
[COT 2025-09-13 00:19:16] 76561198024482897: Activated Community Online Tools [guid=0nsyEhm9INQy3se8y-fXlbMHVv4YsIXloUCLC2unDyo=]
[COT 2025-09-13 00:20:28] 76561198024482897: Teleported 76561198024482897 to position <7352.317871, 317.274536, 2450.978027>
[COT 2025-09-13 00:33:21] 76561198024482897: Deactivated Community Online Tools [guid=0nsyEhm9INQy3se8y-fXlbMHVv4YsIXloUCLC2unDyo=]
[COT 2025-09-13 00:42:45] 76561198024482897: Activated Community Online Tools [guid=0nsyEhm9INQy3se8y-fXlbMHVv4YsIXloUCLC2unDyo=]
[COT 2025-09-13 01:41:55] 76561198024482897: Deactivated Community Online Tools [guid=0nsyEhm9INQy3se8y-fXlbMHVv4YsIXloUCLC2unDyo=]
[COT 2025-09-13 01:41:57] 76561198024482897: Activated Community Online Tools [guid=0nsyEhm9INQy3se8y-fXlbMHVv4YsIXloUCLC2unDyo=]
[COT 2025-09-13 01:47:36] 76561198024482897: Set Energy To 5000 [guid=0nsyEhm9INQy3se8y-fXlbMHVv4YsIXloUCLC2unDyo=]
[COT 2025-09-13 01:47:36] 76561198024482897: Set Water To 5000 [guid=0nsyEhm9INQy3se8y-fXlbMHVv4YsIXloUCLC2unDyo=]
[COT 2025-09-13 01:47:58] 76561198024482897: Spectating [guid=f-_TR5GiRJHALUs-Bpx5ZJmLko5lr6ptvdfijtGV8Dw=]
[COT 2025-09-13 01:50:15] 76561198024482897: Stopped spectating
[COT 2025-09-13 01:51:40] 76561198024482897: Spawned Entity Punched Card (PunchedCard<89143490>, 100, 15, 15, 0) at <8342.249023, 331.703827, 1632.223022>
[COT 2025-09-13 02:02:28] 76561198024482897: Set AdminNVG To true [guid=0nsyEhm9INQy3se8y-fXlbMHVv4YsIXloUCLC2unDyo=]
[COT 2025-09-13 02:02:39] 76561198024482897: Set AdminNVG To false [guid=0nsyEhm9INQy3se8y-fXlbMHVv4YsIXloUCLC2unDyo=]
[COT 2025-09-13 02:02:58] 76561198024482897: Deactivated Community Online Tools [guid=0nsyEhm9INQy3se8y-fXlbMHVv4YsIXloUCLC2unDyo=]
[COT 2025-09-13 02:02:59] 76561198024482897: Activated Community Online Tools [guid=0nsyEhm9INQy3se8y-fXlbMHVv4YsIXloUCLC2unDyo=]
[COT 2025-09-13 02:03:48] 76561198024482897: Spawned Entity 9V Battery (Battery9V<a9048f20>, 50, 20, 15, 0) at <737.662903, 531.422852, 1232.670166>
[COT 2025-09-13 02:11:36] 76561198024482897: Spawned Entity 9V Battery (Battery9V<92a6db50>, 50, 20, 15, 0) at <640.604492, 503.976349, 1158.432617>
[COT 2025-09-13 02:12:58] 76561198024482897: Deactivated Community Online Tools [guid=0nsyEhm9INQy3se8y-fXlbMHVv4YsIXloUCLC2unDyo=]
[COT 2025-09-13 02:16:12] 76561198024482897: Activated Community Online Tools [guid=0nsyEhm9INQy3se8y-fXlbMHVv4YsIXloUCLC2unDyo=]
[COT 2025-09-13 02:16:17] 76561198024482897: Set GodMode To true [guid=0nsyEhm9INQy3se8y-fXlbMHVv4YsIXloUCLC2unDyo=]
[COT 2025-09-13 02:16:20] 76561198024482897: Spectating [guid=f-_TR5GiRJHALUs-Bpx5ZJmLko5lr6ptvdfijtGV8Dw=]
[COT 2025-09-13 02:18:52] 76561198024482897: Stopped spectating
[COT 2025-09-13 02:21:24] 76561198024482897: Deactivated Community Online Tools [guid=0nsyEhm9INQy3se8y-fXlbMHVv4YsIXloUCLC2unDyo=]
[COT 2025-09-13 02:24:06] 76561198024482897: Activated Community Online Tools [guid=0nsyEhm9INQy3se8y-fXlbMHVv4YsIXloUCLC2unDyo=]
[COT 2025-09-13 02:24:10] 76561198024482897: Spectating [guid=f-_TR5GiRJHALUs-Bpx5ZJmLko5lr6ptvdfijtGV8Dw=]
[COT 2025-09-13 02:31:12] 76561198024482897: Stopped spectating
[COT 2025-09-13 02:32:04] 76561198024482897: Set GodMode To false [guid=0nsyEhm9INQy3se8y-fXlbMHVv4YsIXloUCLC2unDyo=]
[COT 2025-09-13 02:46:43] 76561198024482897: Spawned Entity Olga 24 (CivilianSedan_Wine<d52aba90>, 50, 1000, 15, 0) at <1302.911987, 581.820251, 1700.797241>
[COT 2025-09-13 02:46:59] 76561198024482897: Spawned Entity Gunter 2 (Hatchback_02_Black<d52ae6a0>, 50, 1000, 15, 0) at <1606.425537, 730.133667, 1906.774902>
[COT 2025-09-13 07:18:17] 76561198024482897: Activated Community Online Tools [guid=0nsyEhm9INQy3se8y-fXlbMHVv4YsIXloUCLC2unDyo=]
[COT 2025-09-13 07:18:29] 76561198024482897: Spectating [guid=wvhHOzdrtpIguVWymckDHtFfQcLi1rp3tRjwamgpvBQ=]
[COT 2025-09-13 07:18:51] 76561198024482897: Stopped spectating
[COT 2025-09-13 07:21:47] 76561198024482897: Spawned Entity 338 (SNAFU_Ammo_338<1ce5bce0>, 40, 100, 15, 0) at <8342.616211, 331.703827, 1631.972412>
[COT 2025-09-13 07:21:48] 76561198024482897: Spawned Entity 338 (SNAFU_Ammo_338<1ce5df90>, 40, 100, 15, 0) at <8342.621094, 331.713684, 1631.982910>
[COT 2025-09-13 07:30:56] 76561198024482897: Spawned Entity Gunrack (ExpansionGunrack<cb10ed60>, 40, 600, 15, 0) at <8336.845703, 331.742737, 1637.530151>
[COT 2025-09-13 07:31:01] 76561198024482897: Deleted Entity ExpansionGunrack:22621 at <8336.845703, 331.742188, 1637.530151>
[COT 2025-09-13 07:31:06] 76561198024482897: Spawned Entity Gunrack (ExpansionGunrack<f2011350>, 40, 600, 15, 0) at <8336.641602, 331.702911, 1637.782349>
[COT 2025-09-13 07:38:34] 76561198024482897: Teleported 76561198024482897 to position <7087.941895, 305.309143, 5118.211914>
[COT 2025-09-13 07:44:46] 76561198024482897: Deactivated Community Online Tools [guid=0nsyEhm9INQy3se8y-fXlbMHVv4YsIXloUCLC2unDyo=]
[COT 2025-09-13 07:48:40] 76561198024482897: Activated Community Online Tools [guid=0nsyEhm9INQy3se8y-fXlbMHVv4YsIXloUCLC2unDyo=]
[COT 2025-09-13 08:01:12] 76561198024482897: Updated roles [guid=0nsyEhm9INQy3se8y-fXlbMHVv4YsIXloUCLC2unDyo=]
