[COT 2025-08-19 04:56:28] 76561198024482897: Activated Community Online Tools [guid=0nsyEhm9INQy3se8y-fXlbMHVv4YsIXloUCLC2unDyo=]
[COT 2025-08-19 04:57:02] 76561198024482897: Spawned Entity M1A SOCOM (Expansion_M1A<208702c0>, 100, 250, 15, 0) at <8343.757813, 331.790680, 1632.669922>
[COT 2025-08-19 04:57:12] 76561198024482897: Deleted Entity Expansion_M1A_Green:18215 at <8343.757813, 331.839996, 1632.669922>
[COT 2025-08-19 05:01:04] 76561198024482897: Spawned Entity Firewood (Firewood<807a3d30>, 3, 500, 15, 0) at <8348.723633, 331.704742, 1626.316284>
[COT 2025-08-19 05:01:04] 76561198024482897: Spawned Entity Firewood (Firewood<807a5450>, 3, 500, 15, 0) at <8348.794922, 331.881317, 1626.382324>
[COT 2025-08-19 05:01:04] 76561198024482897: Spawned Entity Firewood (Firewood<807a7700>, 3, 500, 15, 0) at <8348.867188, 332.055481, 1626.448486>
[COT 2025-08-19 05:01:04] 76561198024482897: Spawned Entity Firewood (Firewood<807a2610>, 3, 500, 15, 0) at <8348.938477, 332.231995, 1626.515991>
[COT 2025-08-19 05:01:04] 76561198024482897: Spawned Entity Firewood (Firewood<807a99b0>, 3, 500, 15, 0) at <8349.009766, 332.408569, 1626.582275>
[COT 2025-08-19 05:01:34] 76561198024482897: Spawned Entity Firewood (Firewood<807b80f0>, 3, 500, 15, 0) at <8348.595703, 331.704742, 1625.761719>
[COT 2025-08-19 05:01:35] 76561198024482897: Spawned Entity Firewood (Firewood<807b9810>, 3, 500, 15, 0) at <8348.666992, 331.881348, 1625.826172>
[COT 2025-08-19 05:01:35] 76561198024482897: Spawned Entity Firewood (Firewood<807b7560>, 3, 500, 15, 0) at <8348.738281, 332.058197, 1625.892212>
[COT 2025-08-19 05:01:35] 76561198024482897: Spawned Entity Firewood (Firewood<807bf490>, 3, 500, 15, 0) at <8348.810547, 332.234680, 1625.955933>
[COT 2025-08-19 05:01:44] 76561198024482897: Spawned Entity Firewood (Firewood<807c22d0>, 3, 500, 15, 0) at <8348.589844, 331.704742, 1625.752930>
[COT 2025-08-19 05:01:45] 76561198024482897: Spawned Entity Firewood (Firewood<807c0020>, 3, 500, 15, 0) at <8348.589844, 331.704742, 1625.751709>
[COT 2025-08-19 05:01:45] 76561198024482897: Spawned Entity Firewood (Firewood<807c0bb0>, 3, 500, 15, 0) at <8348.662109, 331.881348, 1625.818604>
[COT 2025-08-19 05:01:45] 76561198024482897: Spawned Entity Firewood (Firewood<807bbac0>, 3, 500, 15, 0) at <8348.662109, 331.881348, 1625.818359>
[COT 2025-08-19 05:01:59] 76561198024482897: Spawned Entity Firewood (Firewood<807c1740>, 3, 500, 15, 0) at <8348.587891, 331.704742, 1625.754150>
[COT 2025-08-19 05:01:59] 76561198024482897: Spawned Entity Firewood (Firewood<807c2e60>, 3, 500, 15, 0) at <8348.663086, 331.881348, 1625.822266>
[COT 2025-08-19 05:01:59] 76561198024482897: Spawned Entity Firewood (Firewood<807bc650>, 3, 500, 15, 0) at <8348.736328, 332.057922, 1625.889771>
[COT 2025-08-19 05:01:59] 76561198024482897: Spawned Entity Firewood (Firewood<807c39f0>, 3, 500, 15, 0) at <8348.738281, 332.057922, 1625.888428>
[COT 2025-08-19 05:01:59] 76561198024482897: Spawned Entity Firewood (Firewood<807bd1e0>, 3, 500, 15, 0) at <8348.812500, 332.234528, 1625.955688>
[COT 2025-08-19 05:02:18] 76561198024482897: Spawned Entity Firewood (Firewood<77429b20>, 3, 500, 15, 0) at <8348.544922, 331.704742, 1625.253174>
[COT 2025-08-19 05:02:18] 76561198024482897: Spawned Entity Firewood (Firewood<7742bdd0>, 3, 500, 15, 0) at <8348.619141, 331.881317, 1625.321411>
[COT 2025-08-19 05:02:18] 76561198024482897: Spawned Entity Firewood (Firewood<7742a6b0>, 3, 500, 15, 0) at <8348.692383, 332.057617, 1625.388550>
[COT 2025-08-19 05:02:19] 76561198024482897: Spawned Entity Firewood (Firewood<77428f90>, 3, 500, 15, 0) at <8348.764648, 332.232635, 1625.455322>
[COT 2025-08-19 05:02:19] 76561198024482897: Spawned Entity Firewood (Firewood<77430330>, 3, 500, 15, 0) at <8348.837891, 332.408722, 1625.521973>
[COT 2025-08-19 05:02:33] 76561198024482897: Spawned Entity Firewood (Firewood<7d7c2150>, 3, 500, 15, 0) at <8348.541016, 331.704742, 1625.249268>
[COT 2025-08-19 05:02:33] 76561198024482897: Spawned Entity Firewood (Firewood<7d7c15c0>, 3, 500, 15, 0) at <8348.610352, 331.873840, 1625.315430>
[COT 2025-08-19 05:02:33] 76561198024482897: Spawned Entity Firewood (Firewood<7d7c3870>, 3, 500, 15, 0) at <8348.684570, 332.050415, 1625.383789>
[COT 2025-08-19 05:02:33] 76561198024482897: Spawned Entity Firewood (Firewood<7d7bd060>, 3, 500, 15, 0) at <8348.758789, 332.227234, 1625.451538>
[COT 2025-08-19 05:02:46] 76561198024482897: Spawned Entity Firewood (Firewood<7d7c4f90>, 3, 500, 15, 0) at <8348.533203, 331.704742, 1625.275635>
[COT 2025-08-19 05:02:47] 76561198024482897: Spawned Entity Firewood (Firewood<7d7ca080>, 3, 500, 15, 0) at <8348.607422, 331.881317, 1625.343872>
[COT 2025-08-19 05:02:47] 76561198024482897: Spawned Entity Firewood (Firewood<7d7c7dd0>, 3, 500, 15, 0) at <8348.681641, 332.057892, 1625.411743>
[COT 2025-08-19 05:02:47] 76561198024482897: Spawned Entity Firewood (Firewood<7d7cac10>, 3, 500, 15, 0) at <8348.755859, 332.234985, 1625.480469>
[COT 2025-08-19 05:02:47] 76561198024482897: Spawned Entity Firewood (Firewood<7d7c4400>, 3, 500, 15, 0) at <8348.829102, 332.410706, 1625.547974>
[COT 2025-08-19 05:03:00] 76561198024482897: Spawned Entity Firewood (Firewood<7d7c7240>, 3, 500, 15, 0) at <8348.513672, 331.704742, 1625.262817>
[COT 2025-08-19 05:03:00] 76561198024482897: Spawned Entity Firewood (Firewood<7d7c8960>, 3, 500, 15, 0) at <8348.592773, 331.880859, 1625.332764>
[COT 2025-08-19 05:03:00] 76561198024482897: Spawned Entity Firewood (Firewood<7d7c66b0>, 3, 500, 15, 0) at <8348.669922, 332.055908, 1625.402344>
[COT 2025-08-19 05:03:28] 76561198024482897: Spawned Entity Dark Bark (Bark_Oak<7d7cc330>, 8, 25, 15, 0) at <8348.503906, 331.704742, 1625.256104>
[COT 2025-08-19 05:03:29] 76561198024482897: Spawned Entity Dark Bark (Bark_Oak<7d7d36d0>, 8, 25, 15, 0) at <8348.554688, 331.820709, 1625.302612>
[COT 2025-08-19 05:03:29] 76561198024482897: Spawned Entity Dark Bark (Bark_Oak<7d7ccec0>, 8, 25, 15, 0) at <8348.605469, 331.936707, 1625.348389>
[COT 2025-08-19 05:03:29] 76561198024482897: Spawned Entity Dark Bark (Bark_Oak<7d7daa70>, 8, 25, 15, 0) at <8348.656250, 332.052704, 1625.395020>
[COT 2025-08-19 05:03:29] 76561198024482897: Spawned Entity Dark Bark (Bark_Oak<7d7d9350>, 8, 25, 15, 0) at <8348.706055, 332.168701, 1625.441040>
[COT 2025-08-19 05:03:29] 76561198024482897: Spawned Entity Dark Bark (Bark_Oak<7d7d9ee0>, 8, 25, 15, 0) at <8348.757813, 332.284698, 1625.487671>
[COT 2025-08-19 05:03:29] 76561198024482897: Spawned Entity Dark Bark (Bark_Oak<7d7d4260>, 8, 25, 15, 0) at <8348.810547, 332.400665, 1625.534302>
[COT 2025-08-19 05:03:29] 76561198024482897: Spawned Entity Dark Bark (Bark_Oak<7d7db600>, 8, 25, 15, 0) at <8348.860352, 332.513519, 1625.579712>
[COT 2025-08-19 05:03:52] 76561198024482897: Spawned Entity Dark Bark (Bark_Oak<7d7dcd20>, 8, 25, 15, 0) at <8348.814453, 331.704742, 1625.599121>
[COT 2025-08-19 05:03:52] 76561198024482897: Spawned Entity Dark Bark (Bark_Oak<7d7d6510>, 8, 25, 15, 0) at <8348.836914, 331.820709, 1625.618042>
[COT 2025-08-19 05:03:53] 76561198024482897: Spawned Entity Dark Bark (Bark_Oak<7d7de440>, 8, 25, 15, 0) at <8348.862305, 331.936676, 1625.637085>
[COT 2025-08-19 05:04:04] 76561198024482897: Spawned Entity Dark Bark (Bark_Oak<7d7e91b0>, 8, 25, 15, 0) at <8348.787109, 331.704742, 1625.583374>
[COT 2025-08-19 05:04:04] 76561198024482897: Spawned Entity Dark Bark (Bark_Oak<7d7e9d40>, 8, 25, 15, 0) at <8348.814453, 331.820709, 1625.603516>
[COT 2025-08-19 05:04:04] 76561198024482897: Spawned Entity Dark Bark (Bark_Oak<7d7ea8d0>, 8, 25, 15, 0) at <8348.840820, 331.936798, 1625.623901>
[COT 2025-08-19 05:04:05] 76561198024482897: Spawned Entity Dark Bark (Bark_Oak<7d7eb460>, 8, 25, 15, 0) at <8348.866211, 332.052795, 1625.644409>
[COT 2025-08-19 05:04:05] 76561198024482897: Spawned Entity Dark Bark (Bark_Oak<7d7f10e0>, 8, 25, 15, 0) at <8348.893555, 332.168793, 1625.665527>
[COT 2025-08-19 05:04:05] 76561198024482897: Spawned Entity Dark Bark (Bark_Oak<7d7eee30>, 8, 25, 15, 0) at <8348.918945, 332.284760, 1625.686890>
[COT 2025-08-19 05:04:18] 76561198024482897: Spawned Entity Dark Bark (Bark_Oak<7d7ee2a0>, 8, 25, 15, 0) at <8348.783203, 331.704742, 1625.578491>
[COT 2025-08-19 05:04:18] 76561198024482897: Spawned Entity Dark Bark (Bark_Oak<7d7f2800>, 8, 25, 15, 0) at <8348.782227, 331.704742, 1625.578491>
[COT 2025-08-19 05:04:18] 76561198024482897: Spawned Entity Dark Bark (Bark_Oak<7d7f1c70>, 8, 25, 15, 0) at <8348.808594, 331.820740, 1625.599976>
[COT 2025-08-19 05:04:18] 76561198024482897: Spawned Entity Dark Bark (Bark_Oak<7d7ed710>, 8, 25, 15, 0) at <8348.809570, 331.820740, 1625.599854>
[COT 2025-08-19 05:04:19] 76561198024482897: Spawned Entity Dark Bark (Bark_Oak<7d7ef9c0>, 8, 25, 15, 0) at <8348.808594, 331.820740, 1625.599365>
[COT 2025-08-19 05:05:58] 76561198024482897: Spawned Entity Lighter (PetrolLighter<8320eef0>, 20, 20, 15, 0) at <8350.020508, 331.703369, 1630.249390>
[COT 2025-08-19 05:05:59] 76561198024482897: Spawned Entity Lighter (PetrolLighter<8320fa80>, 20, 20, 15, 0) at <8350.017578, 331.715271, 1630.255859>
[COT 2025-08-19 05:05:59] 76561198024482897: Spawned Entity Lighter (PetrolLighter<83211d30>, 20, 20, 15, 0) at <8350.014648, 331.727295, 1630.261108>
[COT 2025-08-19 05:05:59] 76561198024482897: Spawned Entity Lighter (PetrolLighter<832111a0>, 20, 20, 15, 0) at <8350.014648, 331.739319, 1630.265503>
[COT 2025-08-19 05:06:18] 76561198024482897: Deactivated Community Online Tools [guid=0nsyEhm9INQy3se8y-fXlbMHVv4YsIXloUCLC2unDyo=]
[COT 2025-08-19 05:07:20] 76561198024482897: Activated Community Online Tools [guid=0nsyEhm9INQy3se8y-fXlbMHVv4YsIXloUCLC2unDyo=]
[COT 2025-08-19 05:08:38] 76561198024482897: Spawned Entity MMG Wall Shelf (mmg_wall_shelf_base<86348570>, 20, 5500, 15, 0) at <8342.632813, 331.703827, 1631.131958>
[COT 2025-08-19 05:08:46] 76561198024482897: Set GodMode To true [guid=0nsyEhm9INQy3se8y-fXlbMHVv4YsIXloUCLC2unDyo=]
[COT 2025-08-19 05:08:47] 76561198024482897: Set GodMode To false [guid=0nsyEhm9INQy3se8y-fXlbMHVv4YsIXloUCLC2unDyo=]
[COT 2025-08-19 05:08:50] 76561198024482897: Deleted Entity mmg_wall_shelf_wood:20895 at <8342.632813, 331.768188, 1631.131958>
[COT 2025-08-19 05:09:03] 76561198024482897: Spawned Entity MMG Fridge Kit Beige (mmg_fridge_kit_beige<7716a500>, 20, 1000, 15, 0) at <8342.622070, 331.703827, 1632.971924>
[COT 2025-08-19 05:09:40] 76561198024482897: ESP: Viewing ESP
[COT 2025-08-19 05:09:44] 76561198024482897: ESP target=Fireplace<c4cbd90> action=position value=<8353.370117, 322.627014, 1646.319946>
[COT 2025-08-19 05:09:44] 76561198024482897: ESP target=Fireplace<c4cbd90> action=position value=<8353.269531, 322.627014, 1646.319946>
[COT 2025-08-19 05:09:44] 76561198024482897: ESP target=Fireplace<c4cbd90> action=position value=<8353.169922, 322.627014, 1646.319946>
[COT 2025-08-19 05:09:44] 76561198024482897: ESP target=Fireplace<c4cbd90> action=position value=<8353.070313, 322.627014, 1646.319946>
[COT 2025-08-19 05:09:45] 76561198024482897: ESP target=Fireplace<c4cbd90> action=position value=<8352.969727, 322.627014, 1646.319946>
[COT 2025-08-19 05:09:45] 76561198024482897: ESP target=Fireplace<c4cbd90> action=position value=<8352.870117, 322.627014, 1646.319946>
[COT 2025-08-19 05:09:45] 76561198024482897: ESP target=Fireplace<c4cbd90> action=position value=<8352.769531, 322.627014, 1646.319946>
[COT 2025-08-19 05:09:45] 76561198024482897: ESP target=Fireplace<c4cbd90> action=position value=<8352.669922, 322.627014, 1646.319946>
[COT 2025-08-19 05:09:46] 76561198024482897: ESP target=Fireplace<c4cbd90> action=position value=<8352.769531, 322.627014, 1646.319946>
[COT 2025-08-19 05:09:46] 76561198024482897: ESP target=Fireplace<c4cbd90> action=position value=<8352.870117, 322.627014, 1646.319946>
[COT 2025-08-19 05:09:46] 76561198024482897: ESP target=Fireplace<c4cbd90> action=position value=<8352.969727, 322.627014, 1646.319946>
[COT 2025-08-19 05:09:46] 76561198024482897: ESP target=Fireplace<c4cbd90> action=position value=<8353.070313, 322.627014, 1646.319946>
[COT 2025-08-19 05:09:46] 76561198024482897: ESP target=Fireplace<c4cbd90> action=position value=<8353.169922, 322.627014, 1646.319946>
[COT 2025-08-19 05:09:46] 76561198024482897: ESP target=Fireplace<c4cbd90> action=position value=<8353.269531, 322.627014, 1646.319946>
[COT 2025-08-19 05:09:47] 76561198024482897: ESP target=Fireplace<c4cbd90> action=position value=<8353.370117, 322.627014, 1646.319946>
[COT 2025-08-19 05:09:50] 76561198024482897: ESP target=Fireplace<c4cbd90> action=position value=<8353.269531, 322.627014, 1646.319946>
[COT 2025-08-19 05:09:51] 76561198024482897: ESP target=Fireplace<c4cbd90> action=position value=<8353.370117, 322.627014, 1646.319946>
[COT 2025-08-19 05:09:51] 76561198024482897: ESP target=Fireplace<c4cbd90> action=position value=<8353.469727, 322.627014, 1646.319946>
[COT 2025-08-19 05:10:00] 76561198024482897: ESP: Clearing ESP
[COT 2025-08-19 05:10:01] 76561198024482897: ESP: Viewing ESP
[COT 2025-08-19 05:10:08] 76561198024482897: ESP target=mmg_fridge_minsk_base<77192c80> action=position value=<8347.519531, 331.602997, 1639.339966>
[COT 2025-08-19 05:10:09] 76561198024482897: ESP target=mmg_fridge_minsk_base<77192c80> action=position value=<8347.519531, 331.703003, 1639.339966>
[COT 2025-08-19 05:10:11] 76561198024482897: ESP target=mmg_fridge_minsk_base<77192c80> action=position value=<8347.519531, 331.803009, 1639.339966>
[COT 2025-08-19 05:10:53] 76561198024482897: Deleted Entity mmg_fridge_minsk_blue:15613 at <8348.880859, 331.702911, 1638.020874>
[COT 2025-08-19 05:11:02] 76561198024482897: ESP: Clearing ESP
[COT 2025-08-19 05:14:19] 76561198024482897: Spawned Entity MMG Gear Stand Kit (mmg_gear_stand_kit<84f27590>, 20, 1000, 15, 0) at <8345.010742, 326.188232, 1633.119751>
[COT 2025-08-19 05:15:06] 76561198024482897: Spawned Entity MMG Lockable Gun Rack Kit (mmg_lockable_gun_rack_kit_grey<84f40a40>, 20, 1000, 15, 0) at <8340.873047, 326.194458, 1632.641235>
[COT 2025-08-19 05:16:03] 76561198024482897: Spawned Entity MMG Gun Wall Kit Metal (mmg_gun_wall_kit_metal<70c9e6c0>, 20, 1000, 15, 0) at <8342.149414, 326.188202, 1633.295532>
[COT 2025-08-19 05:16:46] 76561198024482897: ESP: Viewing ESP
[COT 2025-08-19 05:16:55] 76561198024482897: ESP target=mmg_gun_wall_base<88795cb0> action=position value=<8346.040039, 326.806000, 1634.949951>
[COT 2025-08-19 05:16:57] 76561198024482897: ESP target=mmg_gun_wall_base<88795cb0> action=position value=<8346.040039, 326.806000, 1635.050049>
[COT 2025-08-19 05:17:01] 76561198024482897: ESP target=mmg_gun_wall_base<88795cb0> action=position value=<8345.940430, 326.806000, 1635.050049>
[COT 2025-08-19 05:17:02] 76561198024482897: ESP target=mmg_gun_wall_base<88795cb0> action=position value=<8345.940430, 326.806000, 1635.150024>
[COT 2025-08-19 05:17:04] 76561198024482897: ESP target=mmg_gun_wall_base<88795cb0> action=position value=<8345.839844, 326.806000, 1635.150024>
[COT 2025-08-19 05:17:05] 76561198024482897: ESP target=mmg_gun_wall_base<88795cb0> action=position value=<8345.839844, 326.806000, 1635.250000>
[COT 2025-08-19 05:17:07] 76561198024482897: ESP target=mmg_gun_wall_base<88795cb0> action=position value=<8345.740234, 326.806000, 1635.250000>
[COT 2025-08-19 05:17:12] 76561198024482897: ESP target=mmg_gun_wall_base<88795cb0> action=position value=<8345.740234, 326.705994, 1635.250000>
[COT 2025-08-19 05:17:18] 76561198024482897: ESP: Clearing ESP
[COT 2025-08-19 05:18:33] 76561198024482897: Spawned Entity MMG SupplyCrate Grey (mmg_crate03_base<86387de0>, 20, 5000, 15, 0) at <8340.353516, 326.194641, 1631.885010>
[COT 2025-08-19 05:20:46] 76561198024482897: Spawned Entity MMG Palette Storage Kit (mmg_palette_storage_kit<85f5ab30>, 20, 1000, 15, 0) at <8341.769531, 323.434265, 1630.969116>
[COT 2025-08-19 05:21:11] 76561198024482897: Spawned Entity Barrel (Barrel_Blue<2d9b6890>, 0, 1300, 15, 512) at <8342.036133, 323.434265, 1633.528320>
[COT 2025-08-19 05:21:31] 76561198024482897: ESP: Viewing ESP
[COT 2025-08-19 05:21:39] 76561198024482897: ESP target=mmg_palette_storage_base<85f54eb0> action=position value=<8340.299805, 323.394012, 1632.349976>
[COT 2025-08-19 05:21:40] 76561198024482897: ESP target=mmg_palette_storage_base<85f54eb0> action=position value=<8340.400391, 323.394012, 1632.349976>
[COT 2025-08-19 05:21:42] 76561198024482897: ESP target=mmg_palette_storage_base<85f54eb0> action=position value=<8340.400391, 323.493988, 1632.349976>
[COT 2025-08-19 05:21:44] 76561198024482897: ESP target=mmg_palette_storage_base<85f54eb0> action=position value=<8340.400391, 323.394012, 1632.349976>
[COT 2025-08-19 05:21:48] 76561198024482897: ESP target=mmg_palette_storage_base<85f54eb0> action=orientation value=<-49.742901, 0.000000, -0.000000>
[COT 2025-08-19 05:21:48] 76561198024482897: ESP target=mmg_palette_storage_base<85f54eb0> action=orientation value=<-49.842899, 0.000000, -0.000000>
[COT 2025-08-19 05:21:48] 76561198024482897: ESP target=mmg_palette_storage_base<85f54eb0> action=orientation value=<-49.942902, 0.000000, 0.000000>
[COT 2025-08-19 05:21:48] 76561198024482897: ESP target=mmg_palette_storage_base<85f54eb0> action=orientation value=<-50.042900, 0.000000, 0.000000>
[COT 2025-08-19 05:21:48] 76561198024482897: ESP target=mmg_palette_storage_base<85f54eb0> action=orientation value=<-50.142899, 0.000000, 0.000000>
[COT 2025-08-19 05:21:49] 76561198024482897: ESP target=mmg_palette_storage_base<85f54eb0> action=orientation value=<-50.242901, 0.000000, 0.000000>
[COT 2025-08-19 05:21:49] 76561198024482897: ESP target=mmg_palette_storage_base<85f54eb0> action=orientation value=<-50.342899, 0.000000, 0.000000>
[COT 2025-08-19 05:21:49] 76561198024482897: ESP target=mmg_palette_storage_base<85f54eb0> action=orientation value=<-50.442902, 0.000000, 0.000000>
[COT 2025-08-19 05:21:49] 76561198024482897: ESP target=mmg_palette_storage_base<85f54eb0> action=orientation value=<-50.542900, 0.000000, 0.000000>
[COT 2025-08-19 05:21:49] 76561198024482897: ESP target=mmg_palette_storage_base<85f54eb0> action=orientation value=<-50.642899, 0.000000, 0.000000>
[COT 2025-08-19 05:21:49] 76561198024482897: ESP target=mmg_palette_storage_base<85f54eb0> action=orientation value=<-50.742901, 0.000000, 0.000000>
[COT 2025-08-19 05:21:49] 76561198024482897: ESP target=mmg_palette_storage_base<85f54eb0> action=orientation value=<-50.842899, 0.000000, 0.000000>
[COT 2025-08-19 05:21:49] 76561198024482897: ESP target=mmg_palette_storage_base<85f54eb0> action=orientation value=<-50.942902, 0.000000, 0.000000>
[COT 2025-08-19 05:21:49] 76561198024482897: ESP target=mmg_palette_storage_base<85f54eb0> action=orientation value=<-51.042900, 0.000000, 0.000000>
[COT 2025-08-19 05:21:49] 76561198024482897: ESP target=mmg_palette_storage_base<85f54eb0> action=orientation value=<-51.142899, 0.000000, 0.000000>
[COT 2025-08-19 05:21:49] 76561198024482897: ESP target=mmg_palette_storage_base<85f54eb0> action=orientation value=<-51.242901, 0.000000, 0.000000>
[COT 2025-08-19 05:21:49] 76561198024482897: ESP target=mmg_palette_storage_base<85f54eb0> action=orientation value=<-51.342899, 0.000000, 0.000000>
[COT 2025-08-19 05:21:49] 76561198024482897: ESP target=mmg_palette_storage_base<85f54eb0> action=orientation value=<-51.442902, 0.000000, 0.000000>
[COT 2025-08-19 05:21:49] 76561198024482897: ESP target=mmg_palette_storage_base<85f54eb0> action=orientation value=<-51.542900, 0.000000, 0.000000>
[COT 2025-08-19 05:21:50] 76561198024482897: ESP target=mmg_palette_storage_base<85f54eb0> action=orientation value=<-51.642899, 0.000000, 0.000000>
[COT 2025-08-19 05:21:50] 76561198024482897: ESP target=mmg_palette_storage_base<85f54eb0> action=orientation value=<-51.742901, 0.000000, 0.000000>
[COT 2025-08-19 05:21:50] 76561198024482897: ESP target=mmg_palette_storage_base<85f54eb0> action=orientation value=<-51.842899, 0.000000, 0.000000>
[COT 2025-08-19 05:21:50] 76561198024482897: ESP target=mmg_palette_storage_base<85f54eb0> action=orientation value=<-51.942902, 0.000000, 0.000000>
[COT 2025-08-19 05:21:50] 76561198024482897: ESP target=mmg_palette_storage_base<85f54eb0> action=orientation value=<-52.042900, 0.000000, 0.000000>
[COT 2025-08-19 05:21:50] 76561198024482897: ESP target=mmg_palette_storage_base<85f54eb0> action=orientation value=<-52.142899, 0.000000, 0.000000>
[COT 2025-08-19 05:21:55] 76561198024482897: ESP target=mmg_palette_storage_base<85f54eb0> action=position value=<8340.400391, 323.394012, 1632.449951>
[COT 2025-08-19 05:21:56] 76561198024482897: ESP target=mmg_palette_storage_base<85f54eb0> action=position value=<8340.400391, 323.394012, 1632.349976>
[COT 2025-08-19 05:21:57] 76561198024482897: ESP target=mmg_palette_storage_base<85f54eb0> action=position value=<8340.400391, 323.394012, 1632.250000>
[COT 2025-08-19 05:21:59] 76561198024482897: ESP target=mmg_palette_storage_base<85f54eb0> action=position value=<8340.500000, 323.394012, 1632.250000>
[COT 2025-08-19 05:22:05] 76561198024482897: ESP target=mmg_palette_storage_base<85f54eb0> action=position value=<8340.599609, 323.394012, 1632.250000>
[COT 2025-08-19 05:22:11] 76561198024482897: ESP target=mmg_palette_storage_base<85f54eb0> action=position value=<8340.700195, 323.394012, 1632.250000>
[COT 2025-08-19 05:22:12] 76561198024482897: ESP target=mmg_palette_storage_base<85f54eb0> action=position value=<8340.599609, 323.394012, 1632.250000>
[COT 2025-08-19 05:22:13] 76561198024482897: ESP target=mmg_palette_storage_base<85f54eb0> action=position value=<8340.500000, 323.394012, 1632.250000>
[COT 2025-08-19 05:22:24] 76561198024482897: ESP: Clearing ESP
[COT 2025-08-19 05:24:15] 76561198024482897: Spawned Entity MMG TA-50 Locker Green (mmg_locker02_base<891f0500>, 100, 7000, 15, 0) at <8338.658203, 323.434265, 1635.769653>
[COT 2025-08-19 05:24:22] 76561198024482897: Deleted Entity mmg_locker02_green:22492 at <8338.658203, 323.460327, 1635.769653>
[COT 2025-08-19 05:24:30] 76561198024482897: Spawned Entity MMG Gun Rack Kit Green (mmg_gun_rack_kit_green<891f1c20>, 100, 1000, 15, 0) at <8337.737305, 323.540161, 1633.223022>
[COT 2025-08-19 05:25:03] 76561198024482897: Spawned Entity Wooden Crate (WoodenCrate<2d304ff0>, 100, 400, 15, 0) at <8338.341797, 323.434265, 1634.581665>
[COT 2025-08-19 05:26:09] 76561198024482897: Spawned Entity GM6Lynx (SkyFall_GM6Lynx<122065b0>, 150, 5000, 15, 0) at <8340.673828, 323.434265, 1638.097900>
[COT 2025-08-19 05:26:15] 76561198024482897: Deleted Entity SkyFall_GM6Lynx:20889 at <8340.673828, 323.457611, 1638.097900>
[COT 2025-08-19 05:26:18] 76561198024482897: Spawned Entity H&K G28 (SkyFall_HK_G28_Black<122065b0>, 150, 5000, 15, 0) at <8340.766602, 323.434265, 1637.905762>
[COT 2025-08-19 05:29:18] 76561198024482897: ESP: Viewing ESP
[COT 2025-08-19 05:29:24] 76561198024482897: ESP target=mmg_crate03_base<2712ecf0> action=position value=<8348.440430, 334.704987, 1636.780029>
[COT 2025-08-19 05:29:25] 76561198024482897: ESP target=mmg_crate03_base<2712ecf0> action=position value=<8348.440430, 334.704987, 1636.880005>
[COT 2025-08-19 05:29:26] 76561198024482897: ESP target=mmg_crate03_base<2712ecf0> action=position value=<8348.440430, 334.704987, 1636.979980>
[COT 2025-08-19 05:29:27] 76561198024482897: ESP target=mmg_crate03_base<2712ecf0> action=position value=<8348.339844, 334.704987, 1636.979980>
[COT 2025-08-19 05:29:28] 76561198024482897: ESP target=mmg_crate03_base<2712ecf0> action=position value=<8348.440430, 334.704987, 1636.979980>
[COT 2025-08-19 05:29:29] 76561198024482897: ESP target=mmg_crate03_base<2712ecf0> action=position value=<8348.540039, 334.704987, 1636.979980>
[COT 2025-08-19 05:29:30] 76561198024482897: ESP target=mmg_crate03_base<2712ecf0> action=position value=<8348.540039, 334.704987, 1637.079956>
[COT 2025-08-19 05:29:30] 76561198024482897: ESP target=mmg_crate03_base<2712ecf0> action=position value=<8348.639648, 334.704987, 1637.079956>
[COT 2025-08-19 05:29:31] 76561198024482897: ESP target=mmg_crate03_base<2712ecf0> action=position value=<8348.639648, 334.704987, 1637.180054>
[COT 2025-08-19 05:29:32] 76561198024482897: ESP target=mmg_crate03_base<2712ecf0> action=position value=<8348.740234, 334.704987, 1637.180054>
[COT 2025-08-19 05:29:33] 76561198024482897: ESP target=mmg_crate03_base<2712ecf0> action=position value=<8348.839844, 334.704987, 1637.180054>
[COT 2025-08-19 05:29:34] 76561198024482897: ESP target=mmg_crate03_base<2712ecf0> action=position value=<8348.839844, 334.704987, 1637.280029>
[COT 2025-08-19 05:29:35] 76561198024482897: ESP target=mmg_crate03_base<2712ecf0> action=position value=<8348.839844, 334.704987, 1637.380005>
[COT 2025-08-19 05:29:36] 76561198024482897: ESP target=mmg_crate03_base<2712ecf0> action=position value=<8348.940430, 334.704987, 1637.380005>
[COT 2025-08-19 05:29:36] 76561198024482897: ESP target=mmg_crate03_base<2712ecf0> action=position value=<8349.040039, 334.704987, 1637.380005>
[COT 2025-08-19 05:29:38] 76561198024482897: ESP target=mmg_crate03_base<2712ecf0> action=position value=<8349.040039, 334.704987, 1637.479980>
[COT 2025-08-19 05:29:41] 76561198024482897: ESP target=mmg_crate03_base<2712ecf0> action=position value=<8348.940430, 334.704987, 1637.479980>
[COT 2025-08-19 05:29:43] 76561198024482897: ESP target=mmg_crate03_base<2712ecf0> action=position value=<8349.040039, 334.704987, 1637.479980>
[COT 2025-08-19 05:29:43] 76561198024482897: ESP target=mmg_crate03_base<2712ecf0> action=position value=<8349.139648, 334.704987, 1637.479980>
[COT 2025-08-19 05:29:46] 76561198024482897: ESP target=mmg_crate03_base<2712ecf0> action=orientation value=<-47.297798, 0.000000, 0.000000>
[COT 2025-08-19 05:29:46] 76561198024482897: ESP target=mmg_crate03_base<2712ecf0> action=orientation value=<-47.397800, 0.000000, 0.000000>
[COT 2025-08-19 05:29:46] 76561198024482897: ESP target=mmg_crate03_base<2712ecf0> action=orientation value=<-47.497799, 0.000000, 0.000000>
[COT 2025-08-19 05:29:46] 76561198024482897: ESP target=mmg_crate03_base<2712ecf0> action=orientation value=<-47.597801, 0.000000, 0.000000>
[COT 2025-08-19 05:29:46] 76561198024482897: ESP target=mmg_crate03_base<2712ecf0> action=orientation value=<-47.697800, 0.000000, 0.000000>
[COT 2025-08-19 05:29:47] 76561198024482897: ESP target=mmg_crate03_base<2712ecf0> action=orientation value=<-47.797798, 0.000000, 0.000000>
[COT 2025-08-19 05:29:47] 76561198024482897: ESP target=mmg_crate03_base<2712ecf0> action=orientation value=<-47.897800, 0.000000, 0.000000>
[COT 2025-08-19 05:29:47] 76561198024482897: ESP target=mmg_crate03_base<2712ecf0> action=orientation value=<-47.997799, 0.000000, 0.000000>
[COT 2025-08-19 05:29:47] 76561198024482897: ESP target=mmg_crate03_base<2712ecf0> action=orientation value=<-48.097801, 0.000000, 0.000000>
[COT 2025-08-19 05:29:47] 76561198024482897: ESP target=mmg_crate03_base<2712ecf0> action=orientation value=<-48.197800, 0.000000, 0.000000>
[COT 2025-08-19 05:29:47] 76561198024482897: ESP target=mmg_crate03_base<2712ecf0> action=orientation value=<-48.297798, 0.000000, 0.000000>
[COT 2025-08-19 05:29:47] 76561198024482897: ESP target=mmg_crate03_base<2712ecf0> action=orientation value=<-48.397800, 0.000000, 0.000000>
[COT 2025-08-19 05:29:47] 76561198024482897: ESP target=mmg_crate03_base<2712ecf0> action=orientation value=<-48.497799, 0.000000, 0.000000>
[COT 2025-08-19 05:29:47] 76561198024482897: ESP target=mmg_crate03_base<2712ecf0> action=orientation value=<-48.597801, 0.000000, 0.000000>
[COT 2025-08-19 05:29:47] 76561198024482897: ESP target=mmg_crate03_base<2712ecf0> action=orientation value=<-48.697800, 0.000000, 0.000000>
[COT 2025-08-19 05:29:47] 76561198024482897: ESP target=mmg_crate03_base<2712ecf0> action=orientation value=<-48.797798, 0.000000, 0.000000>
[COT 2025-08-19 05:29:47] 76561198024482897: ESP target=mmg_crate03_base<2712ecf0> action=orientation value=<-48.897800, 0.000000, 0.000000>
[COT 2025-08-19 05:29:47] 76561198024482897: ESP target=mmg_crate03_base<2712ecf0> action=orientation value=<-48.997799, 0.000000, 0.000000>
[COT 2025-08-19 05:29:47] 76561198024482897: ESP target=mmg_crate03_base<2712ecf0> action=orientation value=<-49.097801, 0.000000, 0.000000>
[COT 2025-08-19 05:29:47] 76561198024482897: ESP target=mmg_crate03_base<2712ecf0> action=orientation value=<-49.197800, 0.000000, 0.000000>
[COT 2025-08-19 05:29:47] 76561198024482897: ESP target=mmg_crate03_base<2712ecf0> action=orientation value=<-49.297798, 0.000000, 0.000000>
[COT 2025-08-19 05:29:48] 76561198024482897: ESP target=mmg_crate03_base<2712ecf0> action=orientation value=<-49.397800, 0.000000, 0.000000>
[COT 2025-08-19 05:29:48] 76561198024482897: ESP target=mmg_crate03_base<2712ecf0> action=orientation value=<-49.497799, 0.000000, 0.000000>
[COT 2025-08-19 05:29:48] 76561198024482897: ESP target=mmg_crate03_base<2712ecf0> action=orientation value=<-49.597801, 0.000000, 0.000000>
[COT 2025-08-19 05:29:48] 76561198024482897: ESP target=mmg_crate03_base<2712ecf0> action=orientation value=<-49.697800, 0.000000, 0.000000>
[COT 2025-08-19 05:29:48] 76561198024482897: ESP target=mmg_crate03_base<2712ecf0> action=orientation value=<-49.797798, 0.000000, 0.000000>
[COT 2025-08-19 05:29:48] 76561198024482897: ESP target=mmg_crate03_base<2712ecf0> action=orientation value=<-49.897800, 0.000000, 0.000000>
[COT 2025-08-19 05:29:48] 76561198024482897: ESP target=mmg_crate03_base<2712ecf0> action=orientation value=<-49.997799, 0.000000, 0.000000>
[COT 2025-08-19 05:29:48] 76561198024482897: ESP target=mmg_crate03_base<2712ecf0> action=orientation value=<-50.097801, 0.000000, 0.000000>
[COT 2025-08-19 05:29:48] 76561198024482897: ESP target=mmg_crate03_base<2712ecf0> action=orientation value=<-50.197800, 0.000000, 0.000000>
[COT 2025-08-19 05:29:48] 76561198024482897: ESP target=mmg_crate03_base<2712ecf0> action=orientation value=<-50.297798, 0.000000, 0.000000>
[COT 2025-08-19 05:29:48] 76561198024482897: ESP target=mmg_crate03_base<2712ecf0> action=orientation value=<-50.397800, 0.000000, 0.000000>
[COT 2025-08-19 05:29:48] 76561198024482897: ESP target=mmg_crate03_base<2712ecf0> action=orientation value=<-50.497799, 0.000000, 0.000000>
[COT 2025-08-19 05:29:48] 76561198024482897: ESP target=mmg_crate03_base<2712ecf0> action=orientation value=<-50.597801, 0.000000, 0.000000>
[COT 2025-08-19 05:29:49] 76561198024482897: ESP target=mmg_crate03_base<2712ecf0> action=orientation value=<-50.697800, 0.000000, 0.000000>
[COT 2025-08-19 05:29:49] 76561198024482897: ESP target=mmg_crate03_base<2712ecf0> action=orientation value=<-50.797798, 0.000000, 0.000000>
[COT 2025-08-19 05:29:49] 76561198024482897: ESP target=mmg_crate03_base<2712ecf0> action=orientation value=<-50.897800, 0.000000, 0.000000>
[COT 2025-08-19 05:29:49] 76561198024482897: ESP target=mmg_crate03_base<2712ecf0> action=orientation value=<-50.997799, 0.000000, 0.000000>
[COT 2025-08-19 05:29:49] 76561198024482897: ESP target=mmg_crate03_base<2712ecf0> action=orientation value=<-51.097801, 0.000000, 0.000000>
[COT 2025-08-19 05:29:49] 76561198024482897: ESP target=mmg_crate03_base<2712ecf0> action=orientation value=<-51.197800, 0.000000, 0.000000>
[COT 2025-08-19 05:29:56] 76561198024482897: ESP target=mmg_crate03_base<2712ecf0> action=orientation value=<51.196201, 0.000000, 0.000000>
[COT 2025-08-19 05:30:00] 76561198024482897: ESP target=mmg_crate03_base<2712ecf0> action=orientation value=<151.196198, 0.000000, 0.000000>
[COT 2025-08-19 05:30:04] 76561198024482897: ESP target=mmg_crate03_base<2712ecf0> action=orientation value=<151.095993, 0.000000, -0.000000>
[COT 2025-08-19 05:30:04] 76561198024482897: ESP target=mmg_crate03_base<2712ecf0> action=orientation value=<150.996002, 0.000000, -0.000000>
[COT 2025-08-19 05:30:04] 76561198024482897: ESP target=mmg_crate03_base<2712ecf0> action=orientation value=<150.895996, 0.000000, -0.000000>
[COT 2025-08-19 05:30:04] 76561198024482897: ESP target=mmg_crate03_base<2712ecf0> action=orientation value=<150.796005, 0.000000, -0.000000>
[COT 2025-08-19 05:30:04] 76561198024482897: ESP target=mmg_crate03_base<2712ecf0> action=orientation value=<150.695999, 0.000000, -0.000000>
[COT 2025-08-19 05:30:04] 76561198024482897: ESP target=mmg_crate03_base<2712ecf0> action=orientation value=<150.595993, 0.000000, -0.000000>
[COT 2025-08-19 05:30:04] 76561198024482897: ESP target=mmg_crate03_base<2712ecf0> action=orientation value=<150.496002, 0.000000, -0.000000>
[COT 2025-08-19 05:30:04] 76561198024482897: ESP target=mmg_crate03_base<2712ecf0> action=orientation value=<150.395996, 0.000000, -0.000000>
[COT 2025-08-19 05:30:04] 76561198024482897: ESP target=mmg_crate03_base<2712ecf0> action=orientation value=<150.296005, 0.000000, -0.000000>
[COT 2025-08-19 05:30:04] 76561198024482897: ESP target=mmg_crate03_base<2712ecf0> action=orientation value=<150.195999, 0.000000, -0.000000>
[COT 2025-08-19 05:30:04] 76561198024482897: ESP target=mmg_crate03_base<2712ecf0> action=orientation value=<150.095993, 0.000000, -0.000000>
[COT 2025-08-19 05:30:04] 76561198024482897: ESP target=mmg_crate03_base<2712ecf0> action=orientation value=<149.996002, 0.000000, -0.000000>
[COT 2025-08-19 05:30:05] 76561198024482897: ESP target=mmg_crate03_base<2712ecf0> action=orientation value=<149.895996, 0.000000, -0.000000>
[COT 2025-08-19 05:30:05] 76561198024482897: ESP target=mmg_crate03_base<2712ecf0> action=orientation value=<149.695999, 0.000000, -0.000000>
[COT 2025-08-19 05:30:05] 76561198024482897: ESP target=mmg_crate03_base<2712ecf0> action=orientation value=<149.595993, 0.000000, -0.000000>
[COT 2025-08-19 05:30:05] 76561198024482897: ESP target=mmg_crate03_base<2712ecf0> action=orientation value=<149.395996, 0.000000, -0.000000>
[COT 2025-08-19 05:30:05] 76561198024482897: ESP target=mmg_crate03_base<2712ecf0> action=orientation value=<149.296005, 0.000000, -0.000000>
[COT 2025-08-19 05:30:05] 76561198024482897: ESP target=mmg_crate03_base<2712ecf0> action=orientation value=<149.095993, 0.000000, -0.000000>
[COT 2025-08-19 05:30:05] 76561198024482897: ESP target=mmg_crate03_base<2712ecf0> action=orientation value=<148.895996, 0.000000, -0.000000>
[COT 2025-08-19 05:30:05] 76561198024482897: ESP target=mmg_crate03_base<2712ecf0> action=orientation value=<148.695999, 0.000000, -0.000000>
[COT 2025-08-19 05:30:05] 76561198024482897: ESP target=mmg_crate03_base<2712ecf0> action=orientation value=<148.595993, 0.000000, -0.000000>
[COT 2025-08-19 05:30:05] 76561198024482897: ESP target=mmg_crate03_base<2712ecf0> action=orientation value=<148.496002, 0.000000, -0.000000>
[COT 2025-08-19 05:30:05] 76561198024482897: ESP target=mmg_crate03_base<2712ecf0> action=orientation value=<148.395996, 0.000000, -0.000000>
[COT 2025-08-19 05:30:06] 76561198024482897: ESP target=mmg_crate03_base<2712ecf0> action=orientation value=<148.296005, 0.000000, -0.000000>
[COT 2025-08-19 05:30:06] 76561198024482897: ESP target=mmg_crate03_base<2712ecf0> action=orientation value=<148.195999, 0.000000, -0.000000>
[COT 2025-08-19 05:30:06] 76561198024482897: ESP target=mmg_crate03_base<2712ecf0> action=orientation value=<147.996002, 0.000000, -0.000000>
[COT 2025-08-19 05:30:06] 76561198024482897: ESP target=mmg_crate03_base<2712ecf0> action=orientation value=<147.895996, 0.000000, -0.000000>
[COT 2025-08-19 05:30:06] 76561198024482897: ESP target=mmg_crate03_base<2712ecf0> action=orientation value=<147.796005, 0.000000, -0.000000>
[COT 2025-08-19 05:30:06] 76561198024482897: ESP target=mmg_crate03_base<2712ecf0> action=orientation value=<147.695999, 0.000000, -0.000000>
[COT 2025-08-19 05:30:06] 76561198024482897: ESP target=mmg_crate03_base<2712ecf0> action=orientation value=<147.595993, 0.000000, -0.000000>
[COT 2025-08-19 05:30:06] 76561198024482897: ESP target=mmg_crate03_base<2712ecf0> action=orientation value=<147.695999, 0.000000, -0.000000>
[COT 2025-08-19 05:30:06] 76561198024482897: ESP target=mmg_crate03_base<2712ecf0> action=orientation value=<147.895996, 0.000000, -0.000000>
[COT 2025-08-19 05:30:06] 76561198024482897: ESP target=mmg_crate03_base<2712ecf0> action=orientation value=<147.996002, 0.000000, -0.000000>
[COT 2025-08-19 05:30:06] 76561198024482897: ESP target=mmg_crate03_base<2712ecf0> action=orientation value=<148.195999, 0.000000, -0.000000>
[COT 2025-08-19 05:30:06] 76561198024482897: ESP target=mmg_crate03_base<2712ecf0> action=orientation value=<148.296005, 0.000000, -0.000000>
[COT 2025-08-19 05:30:06] 76561198024482897: ESP target=mmg_crate03_base<2712ecf0> action=orientation value=<148.395996, 0.000000, -0.000000>
[COT 2025-08-19 05:30:07] 76561198024482897: ESP target=mmg_crate03_base<2712ecf0> action=orientation value=<148.496002, 0.000000, -0.000000>
[COT 2025-08-19 05:30:07] 76561198024482897: ESP target=mmg_crate03_base<2712ecf0> action=orientation value=<148.595993, 0.000000, -0.000000>
[COT 2025-08-19 05:30:07] 76561198024482897: ESP target=mmg_crate03_base<2712ecf0> action=orientation value=<148.695999, 0.000000, -0.000000>
[COT 2025-08-19 05:30:07] 76561198024482897: ESP target=mmg_crate03_base<2712ecf0> action=orientation value=<148.796005, 0.000000, -0.000000>
[COT 2025-08-19 05:30:07] 76561198024482897: ESP target=mmg_crate03_base<2712ecf0> action=orientation value=<148.895996, 0.000000, -0.000000>
[COT 2025-08-19 05:30:10] 76561198024482897: ESP target=mmg_crate03_base<2712ecf0> action=orientation value=<-148.895996, 0.000000, -0.000000>
[COT 2025-08-19 05:30:15] 76561198024482897: ESP target=mmg_crate03_base<2712ecf0> action=orientation value=<-208.895996, 0.000000, -0.000000>
[COT 2025-08-19 05:30:30] 76561198024482897: ESP target=mmg_crate03_base<2712ecf0> action=orientation value=<-210.296005, 0.000000, -0.000000>
[COT 2025-08-19 05:30:30] 76561198024482897: ESP target=mmg_crate03_base<2712ecf0> action=orientation value=<-210.395996, 0.000000, -0.000000>
[COT 2025-08-19 05:30:30] 76561198024482897: ESP target=mmg_crate03_base<2712ecf0> action=orientation value=<-210.496002, 0.000000, -0.000000>
[COT 2025-08-19 05:30:31] 76561198024482897: ESP target=mmg_crate03_base<2712ecf0> action=orientation value=<-210.595993, 0.000000, -0.000000>
[COT 2025-08-19 05:30:31] 76561198024482897: ESP target=mmg_crate03_base<2712ecf0> action=orientation value=<-210.695999, 0.000000, -0.000000>
[COT 2025-08-19 05:30:31] 76561198024482897: ESP target=mmg_crate03_base<2712ecf0> action=orientation value=<-210.796005, 0.000000, -0.000000>
[COT 2025-08-19 05:30:31] 76561198024482897: ESP target=mmg_crate03_base<2712ecf0> action=orientation value=<-210.895996, 0.000000, -0.000000>
[COT 2025-08-19 05:30:31] 76561198024482897: ESP target=mmg_crate03_base<2712ecf0> action=orientation value=<-210.996002, 0.000000, -0.000000>
[COT 2025-08-19 05:30:31] 76561198024482897: ESP target=mmg_crate03_base<2712ecf0> action=orientation value=<-211.095993, 0.000000, -0.000000>
[COT 2025-08-19 05:30:31] 76561198024482897: ESP target=mmg_crate03_base<2712ecf0> action=orientation value=<-211.195999, 0.000000, -0.000000>
[COT 2025-08-19 05:30:31] 76561198024482897: ESP target=mmg_crate03_base<2712ecf0> action=orientation value=<-211.296005, 0.000000, -0.000000>
[COT 2025-08-19 05:30:31] 76561198024482897: ESP target=mmg_crate03_base<2712ecf0> action=orientation value=<-211.395996, 0.000000, -0.000000>
[COT 2025-08-19 05:30:31] 76561198024482897: ESP target=mmg_crate03_base<2712ecf0> action=orientation value=<-211.496002, 0.000000, -0.000000>
[COT 2025-08-19 05:30:31] 76561198024482897: ESP target=mmg_crate03_base<2712ecf0> action=orientation value=<-211.595993, 0.000000, -0.000000>
[COT 2025-08-19 05:30:31] 76561198024482897: ESP target=mmg_crate03_base<2712ecf0> action=orientation value=<-211.796005, 0.000000, -0.000000>
[COT 2025-08-19 05:30:31] 76561198024482897: ESP target=mmg_crate03_base<2712ecf0> action=orientation value=<-211.895996, 0.000000, -0.000000>
[COT 2025-08-19 05:30:31] 76561198024482897: ESP target=mmg_crate03_base<2712ecf0> action=orientation value=<-211.996002, 0.000000, -0.000000>
[COT 2025-08-19 05:30:31] 76561198024482897: ESP target=mmg_crate03_base<2712ecf0> action=orientation value=<-212.095993, 0.000000, -0.000000>
[COT 2025-08-19 05:30:31] 76561198024482897: ESP target=mmg_crate03_base<2712ecf0> action=orientation value=<-212.195999, 0.000000, -0.000000>
[COT 2025-08-19 05:30:32] 76561198024482897: ESP target=mmg_crate03_base<2712ecf0> action=orientation value=<-212.296005, 0.000000, -0.000000>
[COT 2025-08-19 05:30:32] 76561198024482897: ESP target=mmg_crate03_base<2712ecf0> action=orientation value=<-212.395996, 0.000000, -0.000000>
[COT 2025-08-19 05:30:32] 76561198024482897: ESP target=mmg_crate03_base<2712ecf0> action=orientation value=<-212.496002, 0.000000, -0.000000>
[COT 2025-08-19 05:30:32] 76561198024482897: ESP target=mmg_crate03_base<2712ecf0> action=orientation value=<-212.595993, 0.000000, -0.000000>
[COT 2025-08-19 05:30:32] 76561198024482897: ESP target=mmg_crate03_base<2712ecf0> action=orientation value=<-212.695999, 0.000000, -0.000000>
[COT 2025-08-19 05:30:32] 76561198024482897: ESP target=mmg_crate03_base<2712ecf0> action=orientation value=<-212.796005, 0.000000, -0.000000>
[COT 2025-08-19 05:30:32] 76561198024482897: ESP target=mmg_crate03_base<2712ecf0> action=orientation value=<-212.895996, 0.000000, -0.000000>
[COT 2025-08-19 05:30:32] 76561198024482897: ESP target=mmg_crate03_base<2712ecf0> action=orientation value=<-212.996002, 0.000000, -0.000000>
[COT 2025-08-19 05:30:32] 76561198024482897: ESP target=mmg_crate03_base<2712ecf0> action=orientation value=<-213.095993, 0.000000, -0.000000>
[COT 2025-08-19 05:30:32] 76561198024482897: ESP target=mmg_crate03_base<2712ecf0> action=orientation value=<-213.195999, 0.000000, -0.000000>
[COT 2025-08-19 05:30:32] 76561198024482897: ESP target=mmg_crate03_base<2712ecf0> action=orientation value=<-213.296005, 0.000000, -0.000000>
[COT 2025-08-19 05:30:32] 76561198024482897: ESP target=mmg_crate03_base<2712ecf0> action=orientation value=<-213.395996, 0.000000, -0.000000>
[COT 2025-08-19 05:30:32] 76561198024482897: ESP target=mmg_crate03_base<2712ecf0> action=orientation value=<-213.496002, 0.000000, -0.000000>
[COT 2025-08-19 05:30:32] 76561198024482897: ESP target=mmg_crate03_base<2712ecf0> action=orientation value=<-213.595993, 0.000000, -0.000000>
[COT 2025-08-19 05:30:32] 76561198024482897: ESP target=mmg_crate03_base<2712ecf0> action=orientation value=<-213.695999, 0.000000, -0.000000>
[COT 2025-08-19 05:30:33] 76561198024482897: ESP target=mmg_crate03_base<2712ecf0> action=orientation value=<-213.796005, 0.000000, -0.000000>
[COT 2025-08-19 05:30:33] 76561198024482897: ESP target=mmg_crate03_base<2712ecf0> action=orientation value=<-213.895996, 0.000000, -0.000000>
[COT 2025-08-19 05:30:33] 76561198024482897: ESP target=mmg_crate03_base<2712ecf0> action=orientation value=<-213.996002, 0.000000, -0.000000>
[COT 2025-08-19 05:30:33] 76561198024482897: ESP target=mmg_crate03_base<2712ecf0> action=orientation value=<-214.095993, 0.000000, -0.000000>
[COT 2025-08-19 05:30:33] 76561198024482897: ESP target=mmg_crate03_base<2712ecf0> action=orientation value=<-214.195999, 0.000000, -0.000000>
[COT 2025-08-19 05:30:33] 76561198024482897: ESP target=mmg_crate03_base<2712ecf0> action=orientation value=<-214.395996, 0.000000, -0.000000>
[COT 2025-08-19 05:30:33] 76561198024482897: ESP target=mmg_crate03_base<2712ecf0> action=orientation value=<-214.496002, 0.000000, -0.000000>
[COT 2025-08-19 05:30:33] 76561198024482897: ESP target=mmg_crate03_base<2712ecf0> action=orientation value=<-214.595993, 0.000000, -0.000000>
[COT 2025-08-19 05:30:33] 76561198024482897: ESP target=mmg_crate03_base<2712ecf0> action=orientation value=<-214.695999, 0.000000, -0.000000>
[COT 2025-08-19 05:30:33] 76561198024482897: ESP target=mmg_crate03_base<2712ecf0> action=orientation value=<-214.796005, 0.000000, -0.000000>
[COT 2025-08-19 05:30:33] 76561198024482897: ESP target=mmg_crate03_base<2712ecf0> action=orientation value=<-214.895996, 0.000000, -0.000000>
[COT 2025-08-19 05:30:33] 76561198024482897: ESP target=mmg_crate03_base<2712ecf0> action=orientation value=<-214.996002, 0.000000, -0.000000>
[COT 2025-08-19 05:30:33] 76561198024482897: ESP target=mmg_crate03_base<2712ecf0> action=orientation value=<-215.195999, 0.000000, -0.000000>
[COT 2025-08-19 05:30:33] 76561198024482897: ESP target=mmg_crate03_base<2712ecf0> action=orientation value=<-215.296005, 0.000000, -0.000000>
[COT 2025-08-19 05:30:33] 76561198024482897: ESP target=mmg_crate03_base<2712ecf0> action=orientation value=<-215.395996, 0.000000, -0.000000>
[COT 2025-08-19 05:30:34] 76561198024482897: ESP target=mmg_crate03_base<2712ecf0> action=orientation value=<-215.496002, 0.000000, -0.000000>
[COT 2025-08-19 05:30:34] 76561198024482897: ESP target=mmg_crate03_base<2712ecf0> action=orientation value=<-215.595993, 0.000000, -0.000000>
[COT 2025-08-19 05:30:34] 76561198024482897: ESP target=mmg_crate03_base<2712ecf0> action=orientation value=<-215.695999, 0.000000, -0.000000>
[COT 2025-08-19 05:30:34] 76561198024482897: ESP target=mmg_crate03_base<2712ecf0> action=orientation value=<-215.796005, 0.000000, -0.000000>
[COT 2025-08-19 05:30:34] 76561198024482897: ESP target=mmg_crate03_base<2712ecf0> action=orientation value=<-215.895996, 0.000000, -0.000000>
[COT 2025-08-19 05:30:34] 76561198024482897: ESP target=mmg_crate03_base<2712ecf0> action=orientation value=<-215.996002, 0.000000, -0.000000>
[COT 2025-08-19 05:30:34] 76561198024482897: ESP target=mmg_crate03_base<2712ecf0> action=orientation value=<-216.095993, 0.000000, -0.000000>
[COT 2025-08-19 05:30:34] 76561198024482897: ESP target=mmg_crate03_base<2712ecf0> action=orientation value=<-216.195999, 0.000000, -0.000000>
[COT 2025-08-19 05:30:34] 76561198024482897: ESP target=mmg_crate03_base<2712ecf0> action=orientation value=<-216.296005, 0.000000, -0.000000>
[COT 2025-08-19 05:30:34] 76561198024482897: ESP target=mmg_crate03_base<2712ecf0> action=orientation value=<-216.395996, 0.000000, -0.000000>
[COT 2025-08-19 05:30:34] 76561198024482897: ESP target=mmg_crate03_base<2712ecf0> action=orientation value=<-216.496002, 0.000000, -0.000000>
[COT 2025-08-19 05:30:34] 76561198024482897: ESP target=mmg_crate03_base<2712ecf0> action=orientation value=<-216.595993, 0.000000, -0.000000>
[COT 2025-08-19 05:30:34] 76561198024482897: ESP target=mmg_crate03_base<2712ecf0> action=orientation value=<-216.695999, 0.000000, -0.000000>
[COT 2025-08-19 05:30:34] 76561198024482897: ESP target=mmg_crate03_base<2712ecf0> action=orientation value=<-216.796005, 0.000000, -0.000000>
[COT 2025-08-19 05:30:34] 76561198024482897: ESP target=mmg_crate03_base<2712ecf0> action=orientation value=<-216.895996, 0.000000, -0.000000>
[COT 2025-08-19 05:30:35] 76561198024482897: ESP target=mmg_crate03_base<2712ecf0> action=orientation value=<-216.996002, 0.000000, -0.000000>
[COT 2025-08-19 05:30:35] 76561198024482897: ESP target=mmg_crate03_base<2712ecf0> action=orientation value=<-217.195999, 0.000000, -0.000000>
[COT 2025-08-19 05:30:35] 76561198024482897: ESP target=mmg_crate03_base<2712ecf0> action=orientation value=<-217.296005, 0.000000, -0.000000>
[COT 2025-08-19 05:30:35] 76561198024482897: ESP target=mmg_crate03_base<2712ecf0> action=orientation value=<-217.395996, 0.000000, -0.000000>
[COT 2025-08-19 05:30:35] 76561198024482897: ESP target=mmg_crate03_base<2712ecf0> action=orientation value=<-217.595993, 0.000000, -0.000000>
[COT 2025-08-19 05:30:35] 76561198024482897: ESP target=mmg_crate03_base<2712ecf0> action=orientation value=<-217.695999, 0.000000, -0.000000>
[COT 2025-08-19 05:30:35] 76561198024482897: ESP target=mmg_crate03_base<2712ecf0> action=orientation value=<-217.796005, 0.000000, -0.000000>
[COT 2025-08-19 05:30:35] 76561198024482897: ESP target=mmg_crate03_base<2712ecf0> action=orientation value=<-217.895996, 0.000000, -0.000000>
[COT 2025-08-19 05:30:35] 76561198024482897: ESP target=mmg_crate03_base<2712ecf0> action=orientation value=<-217.996002, 0.000000, -0.000000>
[COT 2025-08-19 05:30:35] 76561198024482897: ESP target=mmg_crate03_base<2712ecf0> action=orientation value=<-218.195999, 0.000000, -0.000000>
[COT 2025-08-19 05:30:35] 76561198024482897: ESP target=mmg_crate03_base<2712ecf0> action=orientation value=<-218.296005, 0.000000, -0.000000>
[COT 2025-08-19 05:30:35] 76561198024482897: ESP target=mmg_crate03_base<2712ecf0> action=orientation value=<-218.395996, 0.000000, -0.000000>
[COT 2025-08-19 05:30:36] 76561198024482897: ESP target=mmg_crate03_base<2712ecf0> action=orientation value=<-218.496002, 0.000000, -0.000000>
[COT 2025-08-19 05:30:36] 76561198024482897: ESP target=mmg_crate03_base<2712ecf0> action=orientation value=<-218.595993, 0.000000, -0.000000>
[COT 2025-08-19 05:30:36] 76561198024482897: ESP target=mmg_crate03_base<2712ecf0> action=orientation value=<-218.796005, 0.000000, -0.000000>
[COT 2025-08-19 05:30:36] 76561198024482897: ESP target=mmg_crate03_base<2712ecf0> action=orientation value=<-218.895996, 0.000000, -0.000000>
[COT 2025-08-19 05:30:36] 76561198024482897: ESP target=mmg_crate03_base<2712ecf0> action=orientation value=<-219.095993, 0.000000, -0.000000>
[COT 2025-08-19 05:30:36] 76561198024482897: ESP target=mmg_crate03_base<2712ecf0> action=orientation value=<-219.195999, 0.000000, -0.000000>
[COT 2025-08-19 05:30:36] 76561198024482897: ESP target=mmg_crate03_base<2712ecf0> action=orientation value=<-219.296005, 0.000000, -0.000000>
[COT 2025-08-19 05:30:36] 76561198024482897: ESP target=mmg_crate03_base<2712ecf0> action=orientation value=<-219.395996, 0.000000, -0.000000>
[COT 2025-08-19 05:30:36] 76561198024482897: ESP target=mmg_crate03_base<2712ecf0> action=orientation value=<-219.496002, 0.000000, -0.000000>
[COT 2025-08-19 05:30:36] 76561198024482897: ESP target=mmg_crate03_base<2712ecf0> action=orientation value=<-219.695999, 0.000000, -0.000000>
[COT 2025-08-19 05:30:36] 76561198024482897: ESP target=mmg_crate03_base<2712ecf0> action=orientation value=<-219.796005, 0.000000, -0.000000>
[COT 2025-08-19 05:30:36] 76561198024482897: ESP target=mmg_crate03_base<2712ecf0> action=orientation value=<-219.996002, 0.000000, -0.000000>
[COT 2025-08-19 05:30:36] 76561198024482897: ESP target=mmg_crate03_base<2712ecf0> action=orientation value=<-220.095993, 0.000000, -0.000000>
[COT 2025-08-19 05:30:36] 76561198024482897: ESP target=mmg_crate03_base<2712ecf0> action=orientation value=<-220.195999, 0.000000, -0.000000>
[COT 2025-08-19 05:30:36] 76561198024482897: ESP target=mmg_crate03_base<2712ecf0> action=orientation value=<-220.296005, 0.000000, -0.000000>
[COT 2025-08-19 05:30:37] 76561198024482897: ESP target=mmg_crate03_base<2712ecf0> action=orientation value=<-220.595993, 0.000000, -0.000000>
[COT 2025-08-19 05:30:37] 76561198024482897: ESP target=mmg_crate03_base<2712ecf0> action=orientation value=<-220.796005, 0.000000, -0.000000>
[COT 2025-08-19 05:30:37] 76561198024482897: ESP target=mmg_crate03_base<2712ecf0> action=orientation value=<-220.895996, 0.000000, -0.000000>
[COT 2025-08-19 05:30:37] 76561198024482897: ESP target=mmg_crate03_base<2712ecf0> action=orientation value=<-220.996002, 0.000000, -0.000000>
[COT 2025-08-19 05:30:37] 76561198024482897: ESP target=mmg_crate03_base<2712ecf0> action=orientation value=<-221.195999, 0.000000, -0.000000>
[COT 2025-08-19 05:30:37] 76561198024482897: ESP target=mmg_crate03_base<2712ecf0> action=orientation value=<-221.395996, 0.000000, -0.000000>
[COT 2025-08-19 05:30:37] 76561198024482897: ESP target=mmg_crate03_base<2712ecf0> action=orientation value=<-221.496002, 0.000000, -0.000000>
[COT 2025-08-19 05:30:37] 76561198024482897: ESP target=mmg_crate03_base<2712ecf0> action=orientation value=<-221.595993, 0.000000, -0.000000>
[COT 2025-08-19 05:30:37] 76561198024482897: ESP target=mmg_crate03_base<2712ecf0> action=orientation value=<-221.695999, 0.000000, -0.000000>
[COT 2025-08-19 05:30:37] 76561198024482897: ESP target=mmg_crate03_base<2712ecf0> action=orientation value=<-221.796005, 0.000000, -0.000000>
[COT 2025-08-19 05:30:37] 76561198024482897: ESP target=mmg_crate03_base<2712ecf0> action=orientation value=<-221.895996, 0.000000, -0.000000>
[COT 2025-08-19 05:30:37] 76561198024482897: ESP target=mmg_crate03_base<2712ecf0> action=orientation value=<-222.095993, 0.000000, -0.000000>
[COT 2025-08-19 05:30:37] 76561198024482897: ESP target=mmg_crate03_base<2712ecf0> action=orientation value=<-222.195999, 0.000000, -0.000000>
[COT 2025-08-19 05:30:37] 76561198024482897: ESP target=mmg_crate03_base<2712ecf0> action=orientation value=<-222.395996, 0.000000, -0.000000>
[COT 2025-08-19 05:30:37] 76561198024482897: ESP target=mmg_crate03_base<2712ecf0> action=orientation value=<-222.496002, 0.000000, -0.000000>
[COT 2025-08-19 05:30:38] 76561198024482897: ESP target=mmg_crate03_base<2712ecf0> action=orientation value=<-222.595993, 0.000000, -0.000000>
[COT 2025-08-19 05:30:38] 76561198024482897: ESP target=mmg_crate03_base<2712ecf0> action=orientation value=<-222.695999, 0.000000, -0.000000>
[COT 2025-08-19 05:30:38] 76561198024482897: ESP target=mmg_crate03_base<2712ecf0> action=orientation value=<-222.796005, 0.000000, -0.000000>
[COT 2025-08-19 05:30:38] 76561198024482897: ESP target=mmg_crate03_base<2712ecf0> action=orientation value=<-222.895996, 0.000000, -0.000000>
[COT 2025-08-19 05:30:38] 76561198024482897: ESP target=mmg_crate03_base<2712ecf0> action=orientation value=<-222.996002, 0.000000, -0.000000>
[COT 2025-08-19 05:30:38] 76561198024482897: ESP target=mmg_crate03_base<2712ecf0> action=orientation value=<-223.095993, 0.000000, -0.000000>
[COT 2025-08-19 05:30:38] 76561198024482897: ESP target=mmg_crate03_base<2712ecf0> action=orientation value=<-223.195999, 0.000000, -0.000000>
[COT 2025-08-19 05:30:38] 76561198024482897: ESP target=mmg_crate03_base<2712ecf0> action=orientation value=<-223.296005, 0.000000, -0.000000>
[COT 2025-08-19 05:30:38] 76561198024482897: ESP target=mmg_crate03_base<2712ecf0> action=orientation value=<-223.395996, 0.000000, -0.000000>
[COT 2025-08-19 05:30:38] 76561198024482897: ESP target=mmg_crate03_base<2712ecf0> action=orientation value=<-223.496002, 0.000000, -0.000000>
[COT 2025-08-19 05:30:38] 76561198024482897: ESP target=mmg_crate03_base<2712ecf0> action=orientation value=<-223.595993, 0.000000, -0.000000>
[COT 2025-08-19 05:30:38] 76561198024482897: ESP target=mmg_crate03_base<2712ecf0> action=orientation value=<-223.695999, 0.000000, -0.000000>
[COT 2025-08-19 05:30:38] 76561198024482897: ESP target=mmg_crate03_base<2712ecf0> action=orientation value=<-223.796005, 0.000000, -0.000000>
[COT 2025-08-19 05:30:38] 76561198024482897: ESP target=mmg_crate03_base<2712ecf0> action=orientation value=<-223.895996, 0.000000, -0.000000>
[COT 2025-08-19 05:30:39] 76561198024482897: ESP target=mmg_crate03_base<2712ecf0> action=orientation value=<-223.996002, 0.000000, -0.000000>
[COT 2025-08-19 05:30:39] 76561198024482897: ESP target=mmg_crate03_base<2712ecf0> action=orientation value=<-224.095993, 0.000000, -0.000000>
[COT 2025-08-19 05:30:39] 76561198024482897: ESP target=mmg_crate03_base<2712ecf0> action=orientation value=<-224.195999, 0.000000, -0.000000>
[COT 2025-08-19 05:30:39] 76561198024482897: ESP target=mmg_crate03_base<2712ecf0> action=orientation value=<-224.296005, 0.000000, -0.000000>
[COT 2025-08-19 05:30:39] 76561198024482897: ESP target=mmg_crate03_base<2712ecf0> action=orientation value=<-224.395996, 0.000000, -0.000000>
[COT 2025-08-19 05:30:39] 76561198024482897: ESP target=mmg_crate03_base<2712ecf0> action=orientation value=<-224.496002, 0.000000, -0.000000>
[COT 2025-08-19 05:30:39] 76561198024482897: ESP target=mmg_crate03_base<2712ecf0> action=orientation value=<-224.595993, 0.000000, -0.000000>
[COT 2025-08-19 05:30:39] 76561198024482897: ESP target=mmg_crate03_base<2712ecf0> action=orientation value=<-224.695999, 0.000000, -0.000000>
[COT 2025-08-19 05:30:39] 76561198024482897: ESP target=mmg_crate03_base<2712ecf0> action=orientation value=<-224.796005, 0.000000, -0.000000>
[COT 2025-08-19 05:30:39] 76561198024482897: ESP target=mmg_crate03_base<2712ecf0> action=orientation value=<-224.895996, 0.000000, -0.000000>
[COT 2025-08-19 05:30:39] 76561198024482897: ESP target=mmg_crate03_base<2712ecf0> action=orientation value=<-224.996002, 0.000000, -0.000000>
[COT 2025-08-19 05:30:39] 76561198024482897: ESP target=mmg_crate03_base<2712ecf0> action=orientation value=<-225.095993, 0.000000, -0.000000>
[COT 2025-08-19 05:30:39] 76561198024482897: ESP target=mmg_crate03_base<2712ecf0> action=orientation value=<-225.195999, 0.000000, -0.000000>
[COT 2025-08-19 05:30:40] 76561198024482897: ESP target=mmg_crate03_base<2712ecf0> action=orientation value=<-225.296005, 0.000000, -0.000000>
[COT 2025-08-19 05:30:40] 76561198024482897: ESP target=mmg_crate03_base<2712ecf0> action=orientation value=<-225.395996, 0.000000, -0.000000>
[COT 2025-08-19 05:30:40] 76561198024482897: ESP target=mmg_crate03_base<2712ecf0> action=orientation value=<-225.496002, 0.000000, -0.000000>
[COT 2025-08-19 05:30:40] 76561198024482897: ESP target=mmg_crate03_base<2712ecf0> action=orientation value=<-225.595993, 0.000000, -0.000000>
[COT 2025-08-19 05:30:40] 76561198024482897: ESP target=mmg_crate03_base<2712ecf0> action=orientation value=<-225.695999, 0.000000, -0.000000>
[COT 2025-08-19 05:30:40] 76561198024482897: ESP target=mmg_crate03_base<2712ecf0> action=orientation value=<-225.796005, 0.000000, -0.000000>
[COT 2025-08-19 05:30:40] 76561198024482897: ESP target=mmg_crate03_base<2712ecf0> action=orientation value=<-225.895996, 0.000000, -0.000000>
[COT 2025-08-19 05:30:41] 76561198024482897: ESP target=mmg_crate03_base<2712ecf0> action=orientation value=<-225.996002, 0.000000, -0.000000>
[COT 2025-08-19 05:30:41] 76561198024482897: ESP target=mmg_crate03_base<2712ecf0> action=orientation value=<-226.095993, 0.000000, -0.000000>
[COT 2025-08-19 05:30:41] 76561198024482897: ESP target=mmg_crate03_base<2712ecf0> action=orientation value=<-226.195999, 0.000000, -0.000000>
[COT 2025-08-19 05:30:41] 76561198024482897: ESP target=mmg_crate03_base<2712ecf0> action=orientation value=<-226.296005, 0.000000, -0.000000>
[COT 2025-08-19 05:30:47] 76561198024482897: ESP target=mmg_crate03_base<2712ecf0> action=position value=<8349.240234, 334.704987, 1637.479980>
[COT 2025-08-19 05:30:49] 76561198024482897: ESP target=mmg_crate03_base<2712ecf0> action=position value=<8349.240234, 334.704987, 1637.579956>
[COT 2025-08-19 05:30:49] 76561198024482897: ESP target=mmg_crate03_base<2712ecf0> action=position value=<8349.240234, 334.704987, 1637.680054>
[COT 2025-08-19 05:30:50] 76561198024482897: ESP target=mmg_crate03_base<2712ecf0> action=position value=<8349.240234, 334.704987, 1637.579956>
[COT 2025-08-19 05:31:03] 76561198024482897: ESP: Clearing ESP
[COT 2025-08-19 05:31:25] 76561198024482897: ESP: Viewing ESP
[COT 2025-08-19 05:31:30] 76561198024482897: ESP: Clearing ESP
[COT 2025-08-19 05:31:32] 76561198024482897: ESP: Viewing ESP
[COT 2025-08-19 05:32:15] 76561198024482897: ESP: Clearing ESP
[COT 2025-08-19 05:32:45] 76561198024482897: Deleted Entity SkyFall_HK_G28_Black:21658 at <8347.597656, 331.725555, 1633.495605>
