[COT 2025-09-20 13:55:06] 76561198024482897: Activated Community Online Tools [guid=0nsyEhm9INQy3se8y-fXlbMHVv4YsIXloUCLC2unDyo=]
[COT 2025-09-20 13:57:47] 76561198024482897: Deactivated Community Online Tools [guid=0nsyEhm9INQy3se8y-fXlbMHVv4YsIXloUCLC2unDyo=]
[COT 2025-09-20 13:57:49] 76561198024482897: Activated Community Online Tools [guid=0nsyEhm9INQy3se8y-fXlbMHVv4YsIXloUCLC2unDyo=]
[COT 2025-09-20 13:57:55] 76561198024482897: Set GodMode To true [guid=0nsyEhm9INQy3se8y-fXlbMHVv4YsIXloUCLC2unDyo=]
[COT 2025-09-20 13:57:56] 76561198024482897: Set Invisibility To 1 [guid=0nsyEhm9INQy3se8y-fXlbMHVv4YsIXloUCLC2unDyo=]
[COT 2025-09-20 13:57:58] 76561198024482897: Set Invisibility To 0 [guid=0nsyEhm9INQy3se8y-fXlbMHVv4YsIXloUCLC2unDyo=]
[COT 2025-09-20 13:57:58] 76561198024482897: Set UnlimitedStamina To true [guid=0nsyEhm9INQy3se8y-fXlbMHVv4YsIXloUCLC2unDyo=]
[COT 2025-09-20 13:57:59] 76561198024482897: Set UnlimitedAmmo To true [guid=0nsyEhm9INQy3se8y-fXlbMHVv4YsIXloUCLC2unDyo=]
[COT 2025-09-20 13:57:59] 76561198024482897: Set Invisibility To 1 [guid=0nsyEhm9INQy3se8y-fXlbMHVv4YsIXloUCLC2unDyo=]
[COT 2025-09-20 14:02:25] 76561198024482897: Teleported 76561198024482897 to position <6556.435547, 208.975662, 8329.175781>
[COT 2025-09-20 14:02:57] 76561198024482897: Teleported 76561198024482897 to position <6546.488281, 206.665970, 8399.969727>
[COT 2025-09-20 14:03:45] 76561198024482897: Spawned Entity MMG SupplyCrate Grey (mmg_crate03_base<b40eb280>, 150, 5000, 15, 0) at <6555.820313, 205.625214, 8381.700195>
[COT 2025-09-20 14:03:47] 76561198024482897: Spawned Entity MMG SupplyCrate Grey (mmg_crate03_base<b53dda40>, 150, 5000, 15, 0) at <6557.010254, 205.722000, 8381.878906>
[COT 2025-09-20 14:03:49] 76561198024482897: Spawned Entity MMG SupplyCrate Grey (mmg_crate03_base<b53ed8a0>, 150, 5000, 15, 0) at <6557.427734, 205.698761, 8380.995117>
[COT 2025-09-20 14:03:52] 76561198024482897: Deactivated Community Online Tools [guid=0nsyEhm9INQy3se8y-fXlbMHVv4YsIXloUCLC2unDyo=]
[COT 2025-09-20 14:03:53] 76561198024482897: Activated Community Online Tools [guid=0nsyEhm9INQy3se8y-fXlbMHVv4YsIXloUCLC2unDyo=]
[COT 2025-09-20 14:04:54] 76561198024482897: Spawned Entity Wood Storage (BIS_WoodStorage<b5655b80>, 1, 100, 15, 0) at <6558.326660, 205.775299, 8380.974609>
[COT 2025-09-20 14:05:00] 76561198024482897: Deleted Entity BIS_WoodStorage:19257 at <6558.326660, 206.772980, 8380.974609>
[COT 2025-09-20 14:05:05] 76561198024482897: Spawned Entity Wood Storage (BIS_WoodStorage<b565ac70>, 1, 100, 15, 0) at <6557.912598, 205.765289, 8381.408203>
[COT 2025-09-20 14:05:17] 76561198024482897: ESP: Viewing ESP
[COT 2025-09-20 14:05:23] 76561198024482897: ESP target=BIS_WoodStorage<b565ac70> action=orientation value=<129.686996, 0.000000, -0.000000>
[COT 2025-09-20 14:05:23] 76561198024482897: ESP target=BIS_WoodStorage<b565ac70> action=orientation value=<129.587006, 0.000000, -0.000000>
[COT 2025-09-20 14:05:23] 76561198024482897: ESP target=BIS_WoodStorage<b565ac70> action=orientation value=<129.487000, 0.000000, -0.000000>
[COT 2025-09-20 14:05:23] 76561198024482897: ESP target=BIS_WoodStorage<b565ac70> action=orientation value=<129.386993, 0.000000, -0.000000>
[COT 2025-09-20 14:05:23] 76561198024482897: ESP target=BIS_WoodStorage<b565ac70> action=orientation value=<129.287003, 0.000000, -0.000000>
[COT 2025-09-20 14:05:23] 76561198024482897: ESP target=BIS_WoodStorage<b565ac70> action=orientation value=<129.186996, 0.000000, -0.000000>
[COT 2025-09-20 14:05:23] 76561198024482897: ESP target=BIS_WoodStorage<b565ac70> action=orientation value=<129.087006, 0.000000, -0.000000>
[COT 2025-09-20 14:05:23] 76561198024482897: ESP target=BIS_WoodStorage<b565ac70> action=orientation value=<128.987000, 0.000000, -0.000000>
[COT 2025-09-20 14:05:23] 76561198024482897: ESP target=BIS_WoodStorage<b565ac70> action=orientation value=<128.886993, 0.000000, -0.000000>
[COT 2025-09-20 14:05:23] 76561198024482897: ESP target=BIS_WoodStorage<b565ac70> action=orientation value=<128.787003, 0.000000, -0.000000>
[COT 2025-09-20 14:05:23] 76561198024482897: ESP target=BIS_WoodStorage<b565ac70> action=orientation value=<129.787003, 0.000000, -0.000000>
[COT 2025-09-20 14:05:23] 76561198024482897: ESP target=BIS_WoodStorage<b565ac70> action=orientation value=<130.787003, 0.000000, -0.000000>
[COT 2025-09-20 14:05:24] 76561198024482897: ESP target=BIS_WoodStorage<b565ac70> action=orientation value=<131.787003, 0.000000, -0.000000>
[COT 2025-09-20 14:05:24] 76561198024482897: ESP target=BIS_WoodStorage<b565ac70> action=orientation value=<132.787003, 0.000000, -0.000000>
[COT 2025-09-20 14:05:24] 76561198024482897: ESP target=BIS_WoodStorage<b565ac70> action=orientation value=<133.787003, 0.000000, -0.000000>
[COT 2025-09-20 14:05:24] 76561198024482897: ESP target=BIS_WoodStorage<b565ac70> action=orientation value=<134.787003, 0.000000, -0.000000>
[COT 2025-09-20 14:05:24] 76561198024482897: ESP target=BIS_WoodStorage<b565ac70> action=orientation value=<135.787003, 0.000000, -0.000000>
[COT 2025-09-20 14:05:24] 76561198024482897: ESP target=BIS_WoodStorage<b565ac70> action=orientation value=<136.787003, 0.000000, -0.000000>
[COT 2025-09-20 14:05:24] 76561198024482897: ESP target=BIS_WoodStorage<b565ac70> action=orientation value=<137.787003, 0.000000, -0.000000>
[COT 2025-09-20 14:05:24] 76561198024482897: ESP target=BIS_WoodStorage<b565ac70> action=orientation value=<138.787003, 0.000000, -0.000000>
[COT 2025-09-20 14:05:24] 76561198024482897: ESP target=BIS_WoodStorage<b565ac70> action=orientation value=<139.787003, 0.000000, -0.000000>
[COT 2025-09-20 14:05:24] 76561198024482897: ESP target=BIS_WoodStorage<b565ac70> action=orientation value=<140.787003, 0.000000, -0.000000>
[COT 2025-09-20 14:05:24] 76561198024482897: ESP target=BIS_WoodStorage<b565ac70> action=orientation value=<141.787003, 0.000000, -0.000000>
[COT 2025-09-20 14:05:24] 76561198024482897: ESP target=BIS_WoodStorage<b565ac70> action=orientation value=<142.787003, 0.000000, -0.000000>
[COT 2025-09-20 14:05:24] 76561198024482897: ESP target=BIS_WoodStorage<b565ac70> action=orientation value=<143.787003, 0.000000, -0.000000>
[COT 2025-09-20 14:05:24] 76561198024482897: ESP target=BIS_WoodStorage<b565ac70> action=orientation value=<144.787003, 0.000000, -0.000000>
[COT 2025-09-20 14:05:24] 76561198024482897: ESP target=BIS_WoodStorage<b565ac70> action=orientation value=<145.787003, 0.000000, -0.000000>
[COT 2025-09-20 14:05:25] 76561198024482897: ESP target=BIS_WoodStorage<b565ac70> action=orientation value=<146.787003, 0.000000, -0.000000>
[COT 2025-09-20 14:05:25] 76561198024482897: ESP target=BIS_WoodStorage<b565ac70> action=orientation value=<147.787003, 0.000000, -0.000000>
[COT 2025-09-20 14:05:25] 76561198024482897: ESP target=BIS_WoodStorage<b565ac70> action=orientation value=<148.787003, 0.000000, -0.000000>
[COT 2025-09-20 14:05:25] 76561198024482897: ESP target=BIS_WoodStorage<b565ac70> action=orientation value=<149.787003, 0.000000, -0.000000>
[COT 2025-09-20 14:05:25] 76561198024482897: ESP target=BIS_WoodStorage<b565ac70> action=orientation value=<150.787003, 0.000000, -0.000000>
[COT 2025-09-20 14:05:25] 76561198024482897: ESP target=BIS_WoodStorage<b565ac70> action=orientation value=<151.787003, 0.000000, -0.000000>
[COT 2025-09-20 14:05:25] 76561198024482897: ESP target=BIS_WoodStorage<b565ac70> action=orientation value=<152.787003, 0.000000, -0.000000>
[COT 2025-09-20 14:05:25] 76561198024482897: ESP target=BIS_WoodStorage<b565ac70> action=orientation value=<153.787003, 0.000000, -0.000000>
[COT 2025-09-20 14:05:25] 76561198024482897: ESP target=BIS_WoodStorage<b565ac70> action=orientation value=<154.787003, 0.000000, -0.000000>
[COT 2025-09-20 14:05:25] 76561198024482897: ESP target=BIS_WoodStorage<b565ac70> action=orientation value=<155.787003, 0.000000, -0.000000>
[COT 2025-09-20 14:05:25] 76561198024482897: ESP target=BIS_WoodStorage<b565ac70> action=orientation value=<156.787003, 0.000000, -0.000000>
[COT 2025-09-20 14:05:25] 76561198024482897: ESP target=BIS_WoodStorage<b565ac70> action=orientation value=<157.787003, 0.000000, -0.000000>
[COT 2025-09-20 14:05:25] 76561198024482897: ESP target=BIS_WoodStorage<b565ac70> action=orientation value=<158.787003, 0.000000, -0.000000>
[COT 2025-09-20 14:05:25] 76561198024482897: ESP target=BIS_WoodStorage<b565ac70> action=orientation value=<159.787003, 0.000000, -0.000000>
[COT 2025-09-20 14:05:26] 76561198024482897: ESP target=BIS_WoodStorage<b565ac70> action=orientation value=<160.787003, 0.000000, -0.000000>
[COT 2025-09-20 14:05:26] 76561198024482897: ESP target=BIS_WoodStorage<b565ac70> action=orientation value=<161.787003, 0.000000, -0.000000>
[COT 2025-09-20 14:05:26] 76561198024482897: ESP target=BIS_WoodStorage<b565ac70> action=orientation value=<162.787003, 0.000000, -0.000000>
[COT 2025-09-20 14:05:26] 76561198024482897: ESP target=BIS_WoodStorage<b565ac70> action=orientation value=<163.787003, 0.000000, -0.000000>
[COT 2025-09-20 14:05:26] 76561198024482897: ESP target=BIS_WoodStorage<b565ac70> action=orientation value=<164.787003, 0.000000, -0.000000>
[COT 2025-09-20 14:05:26] 76561198024482897: ESP target=BIS_WoodStorage<b565ac70> action=orientation value=<165.787003, 0.000000, -0.000000>
[COT 2025-09-20 14:05:26] 76561198024482897: ESP target=BIS_WoodStorage<b565ac70> action=orientation value=<166.787003, 0.000000, -0.000000>
[COT 2025-09-20 14:05:26] 76561198024482897: ESP target=BIS_WoodStorage<b565ac70> action=orientation value=<167.787003, 0.000000, -0.000000>
[COT 2025-09-20 14:05:26] 76561198024482897: ESP target=BIS_WoodStorage<b565ac70> action=orientation value=<168.787003, 0.000000, -0.000000>
[COT 2025-09-20 14:05:26] 76561198024482897: ESP target=BIS_WoodStorage<b565ac70> action=orientation value=<169.787003, 0.000000, -0.000000>
[COT 2025-09-20 14:05:26] 76561198024482897: ESP target=BIS_WoodStorage<b565ac70> action=orientation value=<170.787003, 0.000000, -0.000000>
[COT 2025-09-20 14:05:26] 76561198024482897: ESP target=BIS_WoodStorage<b565ac70> action=orientation value=<171.787003, 0.000000, -0.000000>
[COT 2025-09-20 14:05:26] 76561198024482897: ESP target=BIS_WoodStorage<b565ac70> action=orientation value=<172.787003, 0.000000, -0.000000>
[COT 2025-09-20 14:05:26] 76561198024482897: ESP target=BIS_WoodStorage<b565ac70> action=orientation value=<173.787003, 0.000000, -0.000000>
[COT 2025-09-20 14:05:26] 76561198024482897: ESP target=BIS_WoodStorage<b565ac70> action=orientation value=<174.787003, 0.000000, -0.000000>
[COT 2025-09-20 14:05:26] 76561198024482897: ESP target=BIS_WoodStorage<b565ac70> action=orientation value=<175.787003, 0.000000, -0.000000>
[COT 2025-09-20 14:05:27] 76561198024482897: ESP target=BIS_WoodStorage<b565ac70> action=orientation value=<176.787003, 0.000000, -0.000000>
[COT 2025-09-20 14:05:27] 76561198024482897: ESP target=BIS_WoodStorage<b565ac70> action=orientation value=<177.787003, 0.000000, -0.000000>
[COT 2025-09-20 14:05:27] 76561198024482897: ESP target=BIS_WoodStorage<b565ac70> action=orientation value=<178.787003, 0.000000, -0.000000>
[COT 2025-09-20 14:05:27] 76561198024482897: ESP target=BIS_WoodStorage<b565ac70> action=orientation value=<179.787003, 0.000000, -0.000000>
[COT 2025-09-20 14:05:27] 76561198024482897: ESP target=BIS_WoodStorage<b565ac70> action=orientation value=<180.787003, 0.000000, -0.000000>
[COT 2025-09-20 14:05:27] 76561198024482897: ESP target=BIS_WoodStorage<b565ac70> action=orientation value=<181.787003, 0.000000, -0.000000>
[COT 2025-09-20 14:05:27] 76561198024482897: ESP target=BIS_WoodStorage<b565ac70> action=orientation value=<182.787003, 0.000000, -0.000000>
[COT 2025-09-20 14:05:27] 76561198024482897: ESP target=BIS_WoodStorage<b565ac70> action=orientation value=<183.787003, 0.000000, -0.000000>
[COT 2025-09-20 14:05:27] 76561198024482897: ESP target=BIS_WoodStorage<b565ac70> action=orientation value=<184.787003, 0.000000, -0.000000>
[COT 2025-09-20 14:05:27] 76561198024482897: ESP target=BIS_WoodStorage<b565ac70> action=orientation value=<185.787003, 0.000000, -0.000000>
[COT 2025-09-20 14:05:27] 76561198024482897: ESP target=BIS_WoodStorage<b565ac70> action=orientation value=<186.787003, 0.000000, -0.000000>
[COT 2025-09-20 14:05:27] 76561198024482897: ESP target=BIS_WoodStorage<b565ac70> action=orientation value=<187.787003, 0.000000, -0.000000>
[COT 2025-09-20 14:05:27] 76561198024482897: ESP target=BIS_WoodStorage<b565ac70> action=orientation value=<188.787003, 0.000000, -0.000000>
[COT 2025-09-20 14:05:27] 76561198024482897: ESP target=BIS_WoodStorage<b565ac70> action=orientation value=<189.787003, 0.000000, -0.000000>
[COT 2025-09-20 14:05:28] 76561198024482897: ESP target=BIS_WoodStorage<b565ac70> action=orientation value=<190.787003, 0.000000, -0.000000>
[COT 2025-09-20 14:05:28] 76561198024482897: ESP target=BIS_WoodStorage<b565ac70> action=orientation value=<191.787003, 0.000000, -0.000000>
[COT 2025-09-20 14:05:28] 76561198024482897: ESP target=BIS_WoodStorage<b565ac70> action=orientation value=<192.787003, 0.000000, -0.000000>
[COT 2025-09-20 14:05:28] 76561198024482897: ESP target=BIS_WoodStorage<b565ac70> action=orientation value=<193.787003, 0.000000, -0.000000>
[COT 2025-09-20 14:05:28] 76561198024482897: ESP target=BIS_WoodStorage<b565ac70> action=orientation value=<194.787003, 0.000000, -0.000000>
[COT 2025-09-20 14:05:28] 76561198024482897: ESP target=BIS_WoodStorage<b565ac70> action=orientation value=<195.787003, 0.000000, -0.000000>
[COT 2025-09-20 14:05:28] 76561198024482897: ESP target=BIS_WoodStorage<b565ac70> action=orientation value=<196.787003, 0.000000, -0.000000>
[COT 2025-09-20 14:05:28] 76561198024482897: ESP target=BIS_WoodStorage<b565ac70> action=orientation value=<197.787003, 0.000000, -0.000000>
[COT 2025-09-20 14:05:28] 76561198024482897: ESP target=BIS_WoodStorage<b565ac70> action=orientation value=<198.787003, 0.000000, -0.000000>
[COT 2025-09-20 14:05:28] 76561198024482897: ESP target=BIS_WoodStorage<b565ac70> action=orientation value=<199.787003, 0.000000, -0.000000>
[COT 2025-09-20 14:05:28] 76561198024482897: ESP target=BIS_WoodStorage<b565ac70> action=orientation value=<200.787003, 0.000000, -0.000000>
[COT 2025-09-20 14:05:28] 76561198024482897: ESP target=BIS_WoodStorage<b565ac70> action=orientation value=<201.787003, 0.000000, -0.000000>
[COT 2025-09-20 14:05:28] 76561198024482897: ESP target=BIS_WoodStorage<b565ac70> action=orientation value=<202.787003, 0.000000, -0.000000>
[COT 2025-09-20 14:05:28] 76561198024482897: ESP target=BIS_WoodStorage<b565ac70> action=orientation value=<203.787003, 0.000000, -0.000000>
[COT 2025-09-20 14:05:28] 76561198024482897: ESP target=BIS_WoodStorage<b565ac70> action=orientation value=<204.787003, 0.000000, -0.000000>
[COT 2025-09-20 14:05:29] 76561198024482897: ESP target=BIS_WoodStorage<b565ac70> action=orientation value=<205.787003, 0.000000, -0.000000>
[COT 2025-09-20 14:05:29] 76561198024482897: ESP target=BIS_WoodStorage<b565ac70> action=orientation value=<206.787003, 0.000000, -0.000000>
[COT 2025-09-20 14:05:29] 76561198024482897: ESP target=BIS_WoodStorage<b565ac70> action=orientation value=<207.787003, 0.000000, -0.000000>
[COT 2025-09-20 14:05:29] 76561198024482897: ESP target=BIS_WoodStorage<b565ac70> action=orientation value=<208.787003, 0.000000, -0.000000>
[COT 2025-09-20 14:05:29] 76561198024482897: ESP target=BIS_WoodStorage<b565ac70> action=orientation value=<209.787003, 0.000000, -0.000000>
[COT 2025-09-20 14:05:29] 76561198024482897: ESP target=BIS_WoodStorage<b565ac70> action=orientation value=<210.787003, 0.000000, -0.000000>
[COT 2025-09-20 14:05:29] 76561198024482897: ESP target=BIS_WoodStorage<b565ac70> action=orientation value=<211.787003, 0.000000, -0.000000>
[COT 2025-09-20 14:05:29] 76561198024482897: ESP target=BIS_WoodStorage<b565ac70> action=orientation value=<212.787003, 0.000000, -0.000000>
[COT 2025-09-20 14:05:29] 76561198024482897: ESP target=BIS_WoodStorage<b565ac70> action=orientation value=<213.787003, 0.000000, -0.000000>
[COT 2025-09-20 14:05:29] 76561198024482897: ESP target=BIS_WoodStorage<b565ac70> action=orientation value=<214.787003, 0.000000, -0.000000>
[COT 2025-09-20 14:05:30] 76561198024482897: ESP target=BIS_WoodStorage<b565ac70> action=orientation value=<215.787003, 0.000000, -0.000000>
[COT 2025-09-20 14:05:30] 76561198024482897: ESP target=BIS_WoodStorage<b565ac70> action=orientation value=<216.787003, 0.000000, -0.000000>
[COT 2025-09-20 14:05:30] 76561198024482897: ESP target=BIS_WoodStorage<b565ac70> action=orientation value=<217.787003, 0.000000, -0.000000>
[COT 2025-09-20 14:05:30] 76561198024482897: ESP target=BIS_WoodStorage<b565ac70> action=orientation value=<218.787003, 0.000000, -0.000000>
[COT 2025-09-20 14:05:30] 76561198024482897: ESP target=BIS_WoodStorage<b565ac70> action=orientation value=<218.886993, 0.000000, -0.000000>
[COT 2025-09-20 14:05:34] 76561198024482897: ESP target=BIS_WoodStorage<b565ac70> action=orientation value=<-140.110992, 0.000000, -0.000000>
[COT 2025-09-20 14:06:32] 76561198024482897: Spawned Entity Plank (WoodenPlank<b6c85de0>, 10, 100, 15, 0) at <6556.036621, 205.714371, 8382.788086>
[COT 2025-09-20 14:06:32] 76561198024482897: Spawned Entity Plank (WoodenPlank<b6c88090>, 10, 100, 15, 0) at <6556.078613, 205.863693, 8382.755859>
[COT 2025-09-20 14:06:32] 76561198024482897: Spawned Entity Plank (WoodenPlank<b6c88c20>, 10, 100, 15, 0) at <6556.120605, 206.013016, 8382.722656>
[COT 2025-09-20 14:06:33] 76561198024482897: Spawned Entity Plank (WoodenPlank<b6c7c790>, 10, 100, 15, 0) at <6556.163086, 206.162323, 8382.690430>
[COT 2025-09-20 14:06:33] 76561198024482897: Spawned Entity Plank (WoodenPlank<b6c87500>, 10, 100, 15, 0) at <6556.205078, 206.311646, 8382.658203>
[COT 2025-09-20 14:06:33] 76561198024482897: Spawned Entity Plank (WoodenPlank<b6c8a340>, 10, 100, 15, 0) at <6556.247070, 206.460938, 8382.625000>
[COT 2025-09-20 14:06:34] 76561198024482897: Spawned Entity Plank (WoodenPlank<b6c86970>, 10, 100, 15, 0) at <6556.289063, 206.610245, 8382.592773>
[COT 2025-09-20 14:06:34] 76561198024482897: Spawned Entity Plank (WoodenPlank<b6c83b30>, 10, 100, 15, 0) at <6556.331055, 206.759537, 8382.559570>
[COT 2025-09-20 14:07:14] 76561198024482897: Spawned Entity Lumber (3m) (ExpansionLumber3<b6c8e8a0>, 10, 100, 15, 0) at <6560.263184, 206.335480, 8386.333008>
[COT 2025-09-20 14:07:14] 76561198024482897: Spawned Entity Lumber (3m) (ExpansionLumber3<b6c95c40>, 10, 100, 15, 0) at <6560.227539, 206.469193, 8386.282227>
[COT 2025-09-20 14:07:14] 76561198024482897: Spawned Entity Lumber (3m) (ExpansionLumber3<b6c967d0>, 10, 100, 15, 0) at <6560.191895, 206.602905, 8386.231445>
[COT 2025-09-20 14:07:15] 76561198024482897: Spawned Entity Lumber (3m) (ExpansionLumber3<b6c916e0>, 10, 100, 15, 0) at <6560.156250, 206.736618, 8386.180664>
[COT 2025-09-20 14:07:15] 76561198024482897: Spawned Entity Lumber (3m) (ExpansionLumber3<b6c9c450>, 10, 100, 15, 0) at <6560.121094, 206.870331, 8386.129883>
[COT 2025-09-20 14:07:29] 76561198024482897: Spawned Entity Lumber (3m) (ExpansionLumber3<b6c9cfe0>, 10, 100, 15, 0) at <6560.263184, 206.335480, 8386.333008>
[COT 2025-09-20 14:07:29] 76561198024482897: Spawned Entity Lumber (3m) (ExpansionLumber3<b6c9ad30>, 10, 100, 15, 0) at <6560.227539, 206.469193, 8386.282227>
[COT 2025-09-20 14:07:30] 76561198024482897: Spawned Entity Lumber (3m) (ExpansionLumber3<b6c9b8c0>, 10, 100, 15, 0) at <6560.191895, 206.602905, 8386.231445>
[COT 2025-09-20 14:07:30] 76561198024482897: Spawned Entity Lumber (3m) (ExpansionLumber3<b6c99610>, 10, 100, 15, 0) at <6560.156250, 206.736618, 8386.180664>
[COT 2025-09-20 14:07:30] 76561198024482897: Spawned Entity Lumber (3m) (ExpansionLumber3<b6c9a1a0>, 10, 100, 15, 0) at <6560.121094, 206.870331, 8386.129883>
[COT 2025-09-20 14:07:46] 76561198024482897: Spawned Entity Lumber (3m) (ExpansionLumber3<b6ca71c0>, 10, 100, 15, 0) at <6560.018555, 206.285233, 8385.951172>
[COT 2025-09-20 14:07:47] 76561198024482897: Spawned Entity Lumber (3m) (ExpansionLumber3<b6ca6630>, 10, 100, 15, 0) at <6560.008789, 206.418945, 8385.938477>
[COT 2025-09-20 14:07:47] 76561198024482897: Spawned Entity Lumber (3m) (ExpansionLumber3<b6ca7d50>, 10, 100, 15, 0) at <6559.999023, 206.552658, 8385.925781>
[COT 2025-09-20 14:07:47] 76561198024482897: Spawned Entity Lumber (3m) (ExpansionLumber3<b6ca1540>, 10, 100, 15, 0) at <6559.989258, 206.686371, 8385.914063>
[COT 2025-09-20 14:07:48] 76561198024482897: Spawned Entity Lumber (3m) (ExpansionLumber3<b6ca4380>, 10, 100, 15, 0) at <6559.979492, 206.820084, 8385.901367>
[COT 2025-09-20 14:08:36] 76561198024482897: ESP: Clearing ESP
[COT 2025-09-20 14:08:58] 76561198024482897: Spawned Entity Hatchet (Hatchet<bc399e10>, 10, 150, 15, 0) at <6559.604980, 206.257843, 8386.071289>
[COT 2025-09-20 14:08:58] 76561198024482897: Spawned Entity Hatchet (Hatchet<bc397b60>, 10, 150, 15, 0) at <6559.589355, 206.327438, 8386.043945>
[COT 2025-09-20 14:08:59] 76561198024482897: Spawned Entity Hatchet (Hatchet<bc394d20>, 10, 150, 15, 0) at <6559.573730, 206.397049, 8386.016602>
[COT 2025-09-20 14:09:16] 76561198024482897: Spawned Entity Sharpening Stone (Whetstone<bc3aa800>, 100, 50, 15, 0) at <6559.640625, 206.261124, 8386.073242>
[COT 2025-09-20 14:09:17] 76561198024482897: Spawned Entity Sharpening Stone (Whetstone<bc3a3ff0>, 100, 50, 15, 0) at <6559.627930, 206.318588, 8386.050781>
[COT 2025-09-20 14:09:17] 76561198024482897: Spawned Entity Sharpening Stone (Whetstone<bc3b1010>, 100, 50, 15, 0) at <6559.614746, 206.375336, 8386.028320>
[COT 2025-09-20 14:09:17] 76561198024482897: Spawned Entity Sharpening Stone (Whetstone<bc3abf20>, 100, 50, 15, 0) at <6559.614746, 206.375336, 8386.028320>
[COT 2025-09-20 14:09:18] 76561198024482897: Spawned Entity Sharpening Stone (Whetstone<bc3acab0>, 100, 50, 15, 0) at <6559.601563, 206.433212, 8386.004883>
[COT 2025-09-20 14:09:18] 76561198024482897: Spawned Entity Sharpening Stone (Whetstone<bc3b0480>, 100, 50, 15, 0) at <6559.588867, 206.490906, 8385.982422>
[COT 2025-09-20 14:09:18] 76561198024482897: Spawned Entity Sharpening Stone (Whetstone<bc3ad640>, 100, 50, 15, 0) at <6559.576172, 206.547455, 8385.959961>
[COT 2025-09-20 14:09:19] 76561198024482897: Spawned Entity Sharpening Stone (Whetstone<bc3aed60>, 100, 50, 15, 0) at <6559.562988, 206.604919, 8385.936523>
[COT 2025-09-20 14:09:19] 76561198024482897: Spawned Entity Sharpening Stone (Whetstone<bc3ab390>, 100, 50, 15, 0) at <6559.549805, 206.662491, 8385.914063>
[COT 2025-09-20 14:09:19] 76561198024482897: Spawned Entity Sharpening Stone (Whetstone<bc3b2730>, 100, 50, 15, 0) at <6559.537109, 206.719009, 8385.891602>
[COT 2025-09-20 14:09:20] 76561198024482897: Spawned Entity Sharpening Stone (Whetstone<bc3af8f0>, 100, 50, 15, 0) at <6559.524414, 206.775681, 8385.869141>
[COT 2025-09-20 14:09:20] 76561198024482897: Spawned Entity Sharpening Stone (Whetstone<bc3b32c0>, 100, 50, 15, 0) at <6559.511230, 206.833557, 8385.846680>
[COT 2025-09-20 14:10:05] 76561198024482897: Spawned Entity Wall Kit (ExpansionWallKit<bc5c4a50>, 100, 100, 15, 0) at <6559.891602, 206.339005, 8386.815430>
[COT 2025-09-20 14:10:05] 76561198024482897: Spawned Entity Wall Kit (ExpansionWallKit<bc5d0350>, 100, 100, 15, 0) at <6559.849121, 206.439636, 8386.723633>
[COT 2025-09-20 14:10:06] 76561198024482897: Spawned Entity Wall Kit (ExpansionWallKit<bc5cbdf0>, 100, 100, 15, 0) at <6559.783203, 206.596329, 8386.581055>
[COT 2025-09-20 14:10:27] 76561198024482897: Spawned Entity Roof Kit (ExpansionRoofKit<bc5d48b0>, 100, 100, 15, 0) at <6559.891602, 206.339005, 8386.815430>
[COT 2025-09-20 14:10:27] 76561198024482897: Spawned Entity Roof Kit (ExpansionRoofKit<bc5cf7c0>, 100, 100, 15, 0) at <6559.837891, 206.466125, 8386.699219>
[COT 2025-09-20 14:10:27] 76561198024482897: Spawned Entity Roof Kit (ExpansionRoofKit<bc5d2600>, 100, 100, 15, 0) at <6559.785645, 206.591003, 8386.585938>
[COT 2025-09-20 14:10:44] 76561198024482897: Spawned Entity Stair Kit (ExpansionStairKit<bc5e0d40>, 100, 100, 15, 0) at <6559.891602, 206.339005, 8386.815430>
[COT 2025-09-20 14:10:44] 76561198024482897: Spawned Entity Stair Kit (ExpansionStairKit<bc5e18d0>, 100, 100, 15, 0) at <6559.833984, 206.476166, 8386.690430>
[COT 2025-09-20 14:10:45] 76561198024482897: Spawned Entity Stair Kit (ExpansionStairKit<bc5e7550>, 100, 100, 15, 0) at <6559.770508, 206.626678, 8386.553711>
[COT 2025-09-20 14:11:10] 76561198024482897: Spawned Entity Boxed Nails (NailBox<bc5e8c70>, 99, 80, 15, 0) at <6559.891602, 206.339005, 8386.815430>
[COT 2025-09-20 14:11:11] 76561198024482897: Spawned Entity Boxed Nails (NailBox<bc5ef480>, 99, 80, 15, 0) at <6559.842285, 206.456116, 8386.708984>
[COT 2025-09-20 14:11:11] 76561198024482897: Spawned Entity Boxed Nails (NailBox<bc5f0010>, 99, 80, 15, 0) at <6559.791992, 206.575714, 8386.599609>
[COT 2025-09-20 14:11:11] 76561198024482897: Spawned Entity Boxed Nails (NailBox<bc5e9800>, 99, 80, 15, 0) at <6559.737793, 206.704208, 8386.483398>
[COT 2025-09-20 14:11:11] 76561198024482897: Spawned Entity Boxed Nails (NailBox<bc5f0ba0>, 99, 80, 15, 0) at <6559.693359, 206.809738, 8386.386719>
[COT 2025-09-20 14:11:12] 76561198024482897: Spawned Entity Boxed Nails (NailBox<bc5f1730>, 99, 80, 15, 0) at <6559.644043, 206.927109, 8386.280273>
[COT 2025-09-20 14:11:12] 76561198024482897: Spawned Entity Boxed Nails (NailBox<bc5f22c0>, 99, 80, 15, 0) at <6559.599121, 207.033936, 8386.182617>
[COT 2025-09-20 14:11:12] 76561198024482897: Spawned Entity Boxed Nails (NailBox<bc5f2e50>, 99, 80, 15, 0) at <6559.556152, 207.135468, 8386.090820>
[COT 2025-09-20 14:11:12] 76561198024482897: Spawned Entity Boxed Nails (NailBox<bc5f39e0>, 99, 80, 15, 0) at <6559.509766, 207.245911, 8385.990234>
[COT 2025-09-20 14:11:13] 76561198024482897: Spawned Entity Boxed Nails (NailBox<bc97e060>, 99, 80, 15, 0) at <6559.461914, 207.359436, 8385.886719>
[COT 2025-09-20 14:11:29] 76561198024482897: Spawned Entity Boxed Nails (NailBox<bc988240>, 99, 80, 15, 0) at <6559.599121, 207.033936, 8386.182617>
[COT 2025-09-20 14:11:30] 76561198024482897: Spawned Entity Boxed Nails (NailBox<bc985f90>, 99, 80, 15, 0) at <6559.554199, 207.140793, 8386.085938>
[COT 2025-09-20 14:11:30] 76561198024482897: Spawned Entity Boxed Nails (NailBox<bc981a30>, 99, 80, 15, 0) at <6559.507813, 207.250381, 8385.986328>
[COT 2025-09-20 14:11:30] 76561198024482897: Spawned Entity Boxed Nails (NailBox<bc986b20>, 99, 80, 15, 0) at <6559.507813, 207.250656, 8385.985352>
[COT 2025-09-20 14:11:41] 76561198024482897: Spawned Entity Boxed Nails (NailBox<bc988dd0>, 99, 80, 15, 0) at <6559.891602, 206.339005, 8386.815430>
[COT 2025-09-20 14:12:41] 76561198024482897: Spawned Entity Watchtower Kit (WatchtowerKit<bc9aa1b0>, 99, 200, 15, 0) at <6558.926758, 206.269043, 8387.013672>
[COT 2025-09-20 14:14:09] 76561198024482897: Spawned Entity Code Lock (ExpansionCodeLock<beb8add0>, 99, 100, 15, 0) at <6556.069824, 205.807785, 8384.040039>
[COT 2025-09-20 14:14:09] 76561198024482897: Spawned Entity Code Lock (ExpansionCodeLock<beb92170>, 99, 100, 15, 0) at <6556.061523, 205.829407, 8384.025391>
[COT 2025-09-20 14:14:09] 76561198024482897: Spawned Entity Code Lock (ExpansionCodeLock<beb8e7a0>, 99, 100, 15, 0) at <6556.054199, 205.849716, 8384.011719>
[COT 2025-09-20 14:15:24] 76561198024482897: Teleported 76561198024482897 to position <8342.018555, 330.938660, 1632.438721>
[COT 2025-09-20 14:15:34] 76561198024482897: Set remove collision to false [guid=0nsyEhm9INQy3se8y-fXlbMHVv4YsIXloUCLC2unDyo=]
[COT 2025-09-20 14:15:35] 76561198024482897: Set GodMode To false [guid=0nsyEhm9INQy3se8y-fXlbMHVv4YsIXloUCLC2unDyo=]
[COT 2025-09-20 14:15:37] 76561198024482897: Set UnlimitedStamina To false [guid=0nsyEhm9INQy3se8y-fXlbMHVv4YsIXloUCLC2unDyo=]
[COT 2025-09-20 14:15:37] 76561198024482897: Set UnlimitedAmmo To false [guid=0nsyEhm9INQy3se8y-fXlbMHVv4YsIXloUCLC2unDyo=]
[COT 2025-09-20 14:15:41] 76561198024482897: Set GodMode To false [guid=0nsyEhm9INQy3se8y-fXlbMHVv4YsIXloUCLC2unDyo=]
[COT 2025-09-20 14:15:42] 76561198024482897: Set GodMode To false [guid=0nsyEhm9INQy3se8y-fXlbMHVv4YsIXloUCLC2unDyo=]
[COT 2025-09-20 14:15:43] 76561198024482897: Set Invisibility To 0 [guid=0nsyEhm9INQy3se8y-fXlbMHVv4YsIXloUCLC2unDyo=]
[COT 2025-09-20 14:15:44] 76561198024482897: Set cannot be targeted by AI to false [guid=0nsyEhm9INQy3se8y-fXlbMHVv4YsIXloUCLC2unDyo=]
[COT 2025-09-20 14:16:05] 76561198024482897: Updated roles [guid=0nsyEhm9INQy3se8y-fXlbMHVv4YsIXloUCLC2unDyo=]
