[COT 2025-09-20 00:26:35] 76561198024482897: Activated Community Online Tools [guid=0nsyEhm9INQy3se8y-fXlbMHVv4YsIXloUCLC2unDyo=]
[COT 2025-09-20 00:26:37] 76561198024482897: Deactivated Community Online Tools [guid=0nsyEhm9INQy3se8y-fXlbMHVv4YsIXloUCLC2unDyo=]
[COT 2025-09-20 00:26:40] 76561198024482897: Activated Community Online Tools [guid=0nsyEhm9INQy3se8y-fXlbMHVv4YsIXloUCLC2unDyo=]
[COT 2025-09-20 00:39:08] 76561198024482897: Activated Community Online Tools [guid=0nsyEhm9INQy3se8y-fXlbMHVv4YsIXloUCLC2unDyo=]
[COT 2025-09-20 00:39:51] 76561198024482897: Spawned Entity Screwdriver (Screwdriver<2cda41e0>, 100, 100, 15, 0) at <8344.479492, 331.702911, 1639.257568>
[COT 2025-09-20 00:44:54] 76561198024482897: Deactivated Community Online Tools [guid=0nsyEhm9INQy3se8y-fXlbMHVv4YsIXloUCLC2unDyo=]
[COT 2025-09-20 00:46:35] 76561198024482897: Activated Community Online Tools [guid=0nsyEhm9INQy3se8y-fXlbMHVv4YsIXloUCLC2unDyo=]
[COT 2025-09-20 00:46:57] 76561198024482897: Teleported 76561198024482897 to position <5792.147949, 234.234024, 9220.105469>
[COT 2025-09-20 00:47:02] 76561198024482897: Deactivated Community Online Tools [guid=0nsyEhm9INQy3se8y-fXlbMHVv4YsIXloUCLC2unDyo=]
[COT 2025-09-20 00:47:25] 76561198024482897: Activated Community Online Tools [guid=0nsyEhm9INQy3se8y-fXlbMHVv4YsIXloUCLC2unDyo=]
[COT 2025-09-20 00:47:55] 76561198024482897: ESP: ESP updating
[COT 2025-09-20 00:48:00] 76561198024482897: ESP target=MediumTent<c5cfb9a0> action=position value=<5796.459961, 234.787003, 9219.570313>
[COT 2025-09-20 00:48:01] 76561198024482897: ESP target=MediumTent<c5cfb9a0> action=position value=<5796.459961, 234.787003, 9219.469727>
[COT 2025-09-20 00:48:01] 76561198024482897: ESP target=MediumTent<c5cfb9a0> action=position value=<5796.459961, 234.787003, 9219.370117>
[COT 2025-09-20 00:48:01] 76561198024482897: ESP target=MediumTent<c5cfb9a0> action=position value=<5796.459961, 234.787003, 9219.269531>
[COT 2025-09-20 00:48:02] 76561198024482897: ESP target=MediumTent<c5cfb9a0> action=position value=<5796.459961, 234.787003, 9219.169922>
[COT 2025-09-20 00:48:02] 76561198024482897: ESP target=MediumTent<c5cfb9a0> action=position value=<5796.459961, 234.787003, 9219.070313>
[COT 2025-09-20 00:48:02] 76561198024482897: ESP target=MediumTent<c5cfb9a0> action=position value=<5796.459961, 234.787003, 9218.969727>
[COT 2025-09-20 00:48:02] 76561198024482897: ESP target=MediumTent<c5cfb9a0> action=position value=<5796.459961, 234.787003, 9218.870117>
[COT 2025-09-20 00:48:03] 76561198024482897: ESP target=MediumTent<c5cfb9a0> action=position value=<5796.459961, 234.787003, 9219.870117>
[COT 2025-09-20 00:48:04] 76561198024482897: ESP target=MediumTent<c5cfb9a0> action=position value=<5796.459961, 234.787003, 9219.769531>
[COT 2025-09-20 00:48:04] 76561198024482897: ESP target=MediumTent<c5cfb9a0> action=position value=<5796.459961, 234.787003, 9219.669922>
[COT 2025-09-20 00:48:04] 76561198024482897: ESP target=MediumTent<c5cfb9a0> action=position value=<5796.459961, 234.787003, 9219.570313>
[COT 2025-09-20 00:48:04] 76561198024482897: ESP target=MediumTent<c5cfb9a0> action=position value=<5796.459961, 234.787003, 9219.469727>
[COT 2025-09-20 00:48:06] 76561198024482897: ESP target=MediumTent<c5cfb9a0> action=position value=<5796.459961, 234.787003, 9219.370117>
[COT 2025-09-20 00:48:06] 76561198024482897: ESP target=MediumTent<c5cfb9a0> action=position value=<5796.459961, 234.787003, 9219.269531>
[COT 2025-09-20 00:48:06] 76561198024482897: ESP target=MediumTent<c5cfb9a0> action=position value=<5796.459961, 234.787003, 9219.169922>
[COT 2025-09-20 00:48:06] 76561198024482897: ESP target=MediumTent<c5cfb9a0> action=position value=<5796.459961, 234.787003, 9219.070313>
[COT 2025-09-20 00:48:06] 76561198024482897: ESP target=MediumTent<c5cfb9a0> action=position value=<5796.459961, 234.787003, 9218.969727>
[COT 2025-09-20 00:48:06] 76561198024482897: ESP target=MediumTent<c5cfb9a0> action=position value=<5796.459961, 234.787003, 9218.870117>
[COT 2025-09-20 00:48:07] 76561198024482897: ESP target=MediumTent<c5cfb9a0> action=position value=<5796.459961, 234.787003, 9218.769531>
[COT 2025-09-20 00:48:07] 76561198024482897: ESP target=MediumTent<c5cfb9a0> action=position value=<5796.459961, 234.787003, 9218.669922>
[COT 2025-09-20 00:48:07] 76561198024482897: ESP target=MediumTent<c5cfb9a0> action=position value=<5796.459961, 234.787003, 9218.570313>
[COT 2025-09-20 00:48:09] 76561198024482897: ESP target=MediumTent<c5cfb9a0> action=position value=<5796.459961, 235.787003, 9218.570313>
[COT 2025-09-20 00:48:09] 76561198024482897: ESP target=MediumTent<c5cfb9a0> action=position value=<5796.459961, 236.787003, 9218.570313>
[COT 2025-09-20 00:48:10] 76561198024482897: ESP target=MediumTent<c5cfb9a0> action=position value=<5796.459961, 236.686996, 9218.570313>
[COT 2025-09-20 00:48:11] 76561198024482897: ESP target=MediumTent<c5cfb9a0> action=position value=<5796.459961, 236.587006, 9218.570313>
[COT 2025-09-20 00:48:11] 76561198024482897: ESP target=MediumTent<c5cfb9a0> action=position value=<5796.459961, 236.487000, 9218.570313>
[COT 2025-09-20 00:48:11] 76561198024482897: ESP target=MediumTent<c5cfb9a0> action=position value=<5796.459961, 236.386993, 9218.570313>
[COT 2025-09-20 00:48:13] 76561198024482897: ESP target=MediumTent<c5cfb9a0> action=position value=<5796.459961, 236.287003, 9218.570313>
[COT 2025-09-20 00:48:13] 76561198024482897: ESP target=MediumTent<c5cfb9a0> action=position value=<5796.459961, 236.186996, 9218.570313>
[COT 2025-09-20 00:48:13] 76561198024482897: ESP target=MediumTent<c5cfb9a0> action=position value=<5796.459961, 236.087006, 9218.570313>
[COT 2025-09-20 00:48:13] 76561198024482897: ESP target=MediumTent<c5cfb9a0> action=position value=<5796.459961, 235.987000, 9218.570313>
[COT 2025-09-20 00:48:14] 76561198024482897: ESP target=MediumTent<c5cfb9a0> action=position value=<5796.459961, 235.886993, 9218.570313>
[COT 2025-09-20 00:48:14] 76561198024482897: ESP target=MediumTent<c5cfb9a0> action=position value=<5796.459961, 235.787003, 9218.570313>
[COT 2025-09-20 00:48:15] 76561198024482897: ESP target=MediumTent<c5cfb9a0> action=position value=<5796.459961, 235.787003, 9219.570313>
[COT 2025-09-20 00:48:15] 76561198024482897: ESP target=MediumTent<c5cfb9a0> action=position value=<5796.459961, 235.787003, 9220.570313>
[COT 2025-09-20 00:48:17] 76561198024482897: ESP target=MediumTent<c5cfb9a0> action=position value=<5796.459961, 235.787003, 9220.469727>
[COT 2025-09-20 00:48:17] 76561198024482897: ESP target=MediumTent<c5cfb9a0> action=position value=<5796.459961, 235.787003, 9220.370117>
[COT 2025-09-20 00:48:17] 76561198024482897: ESP target=MediumTent<c5cfb9a0> action=position value=<5796.459961, 235.787003, 9220.269531>
[COT 2025-09-20 00:48:17] 76561198024482897: ESP target=MediumTent<c5cfb9a0> action=position value=<5796.459961, 235.787003, 9220.169922>
[COT 2025-09-20 00:48:18] 76561198024482897: ESP target=MediumTent<c5cfb9a0> action=position value=<5796.459961, 235.787003, 9220.070313>
[COT 2025-09-20 00:48:19] 76561198024482897: ESP target=MediumTent<c5cfb9a0> action=position value=<5796.459961, 235.787003, 9220.169922>
[COT 2025-09-20 00:48:19] 76561198024482897: ESP target=MediumTent<c5cfb9a0> action=position value=<5796.459961, 235.787003, 9220.070313>
[COT 2025-09-20 00:48:19] 76561198024482897: ESP target=MediumTent<c5cfb9a0> action=position value=<5796.459961, 235.787003, 9219.969727>
[COT 2025-09-20 00:48:19] 76561198024482897: ESP target=MediumTent<c5cfb9a0> action=position value=<5796.459961, 235.787003, 9219.870117>
[COT 2025-09-20 00:48:19] 76561198024482897: ESP target=MediumTent<c5cfb9a0> action=position value=<5796.459961, 235.787003, 9219.769531>
[COT 2025-09-20 00:48:19] 76561198024482897: ESP target=MediumTent<c5cfb9a0> action=position value=<5796.459961, 235.787003, 9219.669922>
[COT 2025-09-20 00:48:20] 76561198024482897: ESP target=MediumTent<c5cfb9a0> action=position value=<5796.459961, 235.787003, 9219.570313>
[COT 2025-09-20 00:48:20] 76561198024482897: ESP target=MediumTent<c5cfb9a0> action=position value=<5796.459961, 235.787003, 9219.469727>
[COT 2025-09-20 00:48:20] 76561198024482897: ESP target=MediumTent<c5cfb9a0> action=position value=<5796.459961, 235.787003, 9219.370117>
[COT 2025-09-20 00:48:20] 76561198024482897: ESP target=MediumTent<c5cfb9a0> action=position value=<5796.459961, 235.787003, 9219.269531>
[COT 2025-09-20 00:48:20] 76561198024482897: ESP target=MediumTent<c5cfb9a0> action=position value=<5796.459961, 235.787003, 9219.169922>
[COT 2025-09-20 00:48:20] 76561198024482897: ESP target=MediumTent<c5cfb9a0> action=position value=<5796.459961, 235.787003, 9219.070313>
[COT 2025-09-20 00:48:20] 76561198024482897: ESP target=MediumTent<c5cfb9a0> action=position value=<5796.459961, 235.787003, 9218.969727>
[COT 2025-09-20 00:48:20] 76561198024482897: ESP target=MediumTent<c5cfb9a0> action=position value=<5796.459961, 235.787003, 9218.870117>
[COT 2025-09-20 00:48:21] 76561198024482897: ESP target=MediumTent<c5cfb9a0> action=position value=<5796.459961, 235.787003, 9218.769531>
[COT 2025-09-20 00:48:29] 76561198024482897: ESP target=MediumTent<c5cfb9a0> action=position value=<5796.359863, 235.787003, 9218.769531>
[COT 2025-09-20 00:48:30] 76561198024482897: ESP target=MediumTent<c5cfb9a0> action=position value=<5796.259766, 235.787003, 9218.769531>
[COT 2025-09-20 00:48:30] 76561198024482897: ESP target=MediumTent<c5cfb9a0> action=position value=<5796.160156, 235.787003, 9218.769531>
[COT 2025-09-20 00:48:30] 76561198024482897: ESP target=MediumTent<c5cfb9a0> action=position value=<5796.060059, 235.787003, 9218.769531>
[COT 2025-09-20 00:48:30] 76561198024482897: ESP target=MediumTent<c5cfb9a0> action=position value=<5795.959961, 235.787003, 9218.769531>
[COT 2025-09-20 00:48:30] 76561198024482897: ESP target=MediumTent<c5cfb9a0> action=position value=<5795.859863, 235.787003, 9218.769531>
[COT 2025-09-20 00:48:30] 76561198024482897: ESP target=MediumTent<c5cfb9a0> action=position value=<5795.759766, 235.787003, 9218.769531>
[COT 2025-09-20 00:48:30] 76561198024482897: ESP target=MediumTent<c5cfb9a0> action=position value=<5795.660156, 235.787003, 9218.769531>
[COT 2025-09-20 00:48:31] 76561198024482897: ESP target=MediumTent<c5cfb9a0> action=position value=<5795.560059, 235.787003, 9218.769531>
[COT 2025-09-20 00:48:31] 76561198024482897: ESP target=MediumTent<c5cfb9a0> action=position value=<5795.459961, 235.787003, 9218.769531>
[COT 2025-09-20 00:48:31] 76561198024482897: ESP target=MediumTent<c5cfb9a0> action=position value=<5795.359863, 235.787003, 9218.769531>
[COT 2025-09-20 00:48:31] 76561198024482897: ESP target=MediumTent<c5cfb9a0> action=position value=<5795.259766, 235.787003, 9218.769531>
[COT 2025-09-20 00:48:31] 76561198024482897: ESP target=MediumTent<c5cfb9a0> action=position value=<5795.160156, 235.787003, 9218.769531>
[COT 2025-09-20 00:48:31] 76561198024482897: ESP target=MediumTent<c5cfb9a0> action=position value=<5795.060059, 235.787003, 9218.769531>
[COT 2025-09-20 00:48:31] 76561198024482897: ESP target=MediumTent<c5cfb9a0> action=position value=<5794.959961, 235.787003, 9218.769531>
[COT 2025-09-20 00:48:31] 76561198024482897: ESP target=MediumTent<c5cfb9a0> action=position value=<5794.859863, 235.787003, 9218.769531>
[COT 2025-09-20 00:48:31] 76561198024482897: ESP target=MediumTent<c5cfb9a0> action=position value=<5794.759766, 235.787003, 9218.769531>
[COT 2025-09-20 00:48:31] 76561198024482897: ESP target=MediumTent<c5cfb9a0> action=position value=<5794.660156, 235.787003, 9218.769531>
[COT 2025-09-20 00:48:31] 76561198024482897: ESP target=MediumTent<c5cfb9a0> action=position value=<5794.560059, 235.787003, 9218.769531>
[COT 2025-09-20 00:48:31] 76561198024482897: ESP target=MediumTent<c5cfb9a0> action=position value=<5794.459961, 235.787003, 9218.769531>
[COT 2025-09-20 00:48:31] 76561198024482897: ESP target=MediumTent<c5cfb9a0> action=position value=<5794.359863, 235.787003, 9218.769531>
[COT 2025-09-20 00:48:31] 76561198024482897: ESP target=MediumTent<c5cfb9a0> action=position value=<5794.259766, 235.787003, 9218.769531>
[COT 2025-09-20 00:48:31] 76561198024482897: ESP target=MediumTent<c5cfb9a0> action=position value=<5794.160156, 235.787003, 9218.769531>
[COT 2025-09-20 00:48:32] 76561198024482897: ESP target=MediumTent<c5cfb9a0> action=position value=<5794.060059, 235.787003, 9218.769531>
[COT 2025-09-20 00:48:32] 76561198024482897: ESP target=MediumTent<c5cfb9a0> action=position value=<5793.959961, 235.787003, 9218.769531>
[COT 2025-09-20 00:48:32] 76561198024482897: ESP target=MediumTent<c5cfb9a0> action=position value=<5793.859863, 235.787003, 9218.769531>
[COT 2025-09-20 00:48:32] 76561198024482897: ESP target=MediumTent<c5cfb9a0> action=position value=<5793.759766, 235.787003, 9218.769531>
[COT 2025-09-20 00:48:32] 76561198024482897: ESP target=MediumTent<c5cfb9a0> action=position value=<5793.660156, 235.787003, 9218.769531>
[COT 2025-09-20 00:48:32] 76561198024482897: ESP target=MediumTent<c5cfb9a0> action=position value=<5793.560059, 235.787003, 9218.769531>
[COT 2025-09-20 00:48:32] 76561198024482897: ESP target=MediumTent<c5cfb9a0> action=position value=<5793.459961, 235.787003, 9218.769531>
[COT 2025-09-20 00:48:32] 76561198024482897: ESP target=MediumTent<c5cfb9a0> action=position value=<5793.359863, 235.787003, 9218.769531>
[COT 2025-09-20 00:48:32] 76561198024482897: ESP target=MediumTent<c5cfb9a0> action=position value=<5793.259766, 235.787003, 9218.769531>
[COT 2025-09-20 00:48:32] 76561198024482897: ESP target=MediumTent<c5cfb9a0> action=position value=<5793.160156, 235.787003, 9218.769531>
[COT 2025-09-20 00:48:32] 76561198024482897: ESP target=MediumTent<c5cfb9a0> action=position value=<5793.060059, 235.787003, 9218.769531>
[COT 2025-09-20 00:48:32] 76561198024482897: ESP target=MediumTent<c5cfb9a0> action=position value=<5792.959961, 235.787003, 9218.769531>
[COT 2025-09-20 00:48:32] 76561198024482897: ESP target=MediumTent<c5cfb9a0> action=position value=<5792.859863, 235.787003, 9218.769531>
[COT 2025-09-20 00:48:32] 76561198024482897: ESP target=MediumTent<c5cfb9a0> action=position value=<5792.759766, 235.787003, 9218.769531>
[COT 2025-09-20 00:48:32] 76561198024482897: ESP target=MediumTent<c5cfb9a0> action=position value=<5792.660156, 235.787003, 9218.769531>
[COT 2025-09-20 00:48:37] 76561198024482897: ESP target=MediumTent<c5cfb9a0> action=position value=<5792.660156, 235.686996, 9218.769531>
[COT 2025-09-20 00:48:38] 76561198024482897: ESP target=MediumTent<c5cfb9a0> action=position value=<5792.660156, 235.587006, 9218.769531>
[COT 2025-09-20 00:48:39] 76561198024482897: ESP target=MediumTent<c5cfb9a0> action=position value=<5792.660156, 235.487000, 9218.769531>
[COT 2025-09-20 00:48:46] 76561198024482897: Deactivated Community Online Tools [guid=0nsyEhm9INQy3se8y-fXlbMHVv4YsIXloUCLC2unDyo=]
[COT 2025-09-20 00:48:49] 76561198024482897: Activated Community Online Tools [guid=0nsyEhm9INQy3se8y-fXlbMHVv4YsIXloUCLC2unDyo=]
[COT 2025-09-20 00:48:51] 76561198024482897: ESP target=MediumTent<c5cfb9a0> action=position value=<5792.660156, 235.386993, 9218.769531>
[COT 2025-09-20 00:48:51] 76561198024482897: ESP target=MediumTent<c5cfb9a0> action=position value=<5792.660156, 235.287003, 9218.769531>
[COT 2025-09-20 00:48:51] 76561198024482897: ESP target=MediumTent<c5cfb9a0> action=position value=<5792.660156, 235.186996, 9218.769531>
[COT 2025-09-20 00:48:51] 76561198024482897: ESP target=MediumTent<c5cfb9a0> action=position value=<5792.660156, 235.087006, 9218.769531>
[COT 2025-09-20 00:49:30] 76561198024482897: Teleported 76561198024482897 to position <8343.308594, 322.611481, 1632.622559>
[COT 2025-09-20 00:57:27] 76561198024482897: ESP: Clearing ESP
[COT 2025-09-20 01:40:56] 76561198024482897: ESP: Viewing ESP
[COT 2025-09-20 01:41:08] 76561198024482897: ESP target=PowerGenerator<dc4bf530> action=position value=<8349.459961, 334.704987, 1635.609985>
[COT 2025-09-20 01:41:08] 76561198024482897: ESP target=PowerGenerator<dc4bf530> action=position value=<8349.459961, 334.704987, 1635.510010>
[COT 2025-09-20 01:41:09] 76561198024482897: ESP target=PowerGenerator<dc4bf530> action=position value=<8349.459961, 334.704987, 1635.410034>
[COT 2025-09-20 01:41:09] 76561198024482897: ESP target=PowerGenerator<dc4bf530> action=position value=<8349.459961, 334.704987, 1635.310059>
[COT 2025-09-20 01:41:09] 76561198024482897: ESP target=PowerGenerator<dc4bf530> action=position value=<8349.459961, 334.704987, 1635.209961>
[COT 2025-09-20 01:41:10] 76561198024482897: ESP target=PowerGenerator<dc4bf530> action=position value=<8349.459961, 334.704987, 1635.109985>
[COT 2025-09-20 01:41:10] 76561198024482897: ESP target=PowerGenerator<dc4bf530> action=position value=<8349.459961, 334.704987, 1635.010010>
[COT 2025-09-20 01:41:15] 76561198024482897: ESP target=PowerGenerator<dc4bf530> action=position value=<8349.459961, 334.704987, 1634.910034>
[COT 2025-09-20 01:41:17] 76561198024482897: ESP target=PowerGenerator<dc4bf530> action=position value=<8349.459961, 334.704987, 1634.810059>
[COT 2025-09-20 01:41:17] 76561198024482897: ESP target=PowerGenerator<dc4bf530> action=position value=<8349.459961, 334.704987, 1634.709961>
[COT 2025-09-20 01:41:18] 76561198024482897: ESP target=PowerGenerator<dc4bf530> action=position value=<8349.459961, 334.704987, 1634.609985>
[COT 2025-09-20 01:41:18] 76561198024482897: ESP target=PowerGenerator<dc4bf530> action=position value=<8349.459961, 334.704987, 1634.510010>
[COT 2025-09-20 01:41:21] 76561198024482897: ESP target=PowerGenerator<dc4bf530> action=position value=<8349.459961, 334.704987, 1634.410034>
[COT 2025-09-20 01:41:21] 76561198024482897: ESP target=PowerGenerator<dc4bf530> action=position value=<8349.459961, 334.704987, 1634.310059>
[COT 2025-09-20 01:41:22] 76561198024482897: ESP target=PowerGenerator<dc4bf530> action=position value=<8349.360352, 334.704987, 1634.310059>
[COT 2025-09-20 01:41:22] 76561198024482897: ESP target=PowerGenerator<dc4bf530> action=position value=<8349.259766, 334.704987, 1634.310059>
[COT 2025-09-20 01:41:31] 76561198024482897: ESP target=PowerGenerator<dc4bf530> action=orientation value=<129.582993, 0.000000, -0.000000>
[COT 2025-09-20 01:41:31] 76561198024482897: ESP target=PowerGenerator<dc4bf530> action=orientation value=<129.483002, 0.000000, -0.000000>
[COT 2025-09-20 01:41:31] 76561198024482897: ESP target=PowerGenerator<dc4bf530> action=orientation value=<129.382996, 0.000000, -0.000000>
[COT 2025-09-20 01:41:31] 76561198024482897: ESP target=PowerGenerator<dc4bf530> action=orientation value=<129.283005, 0.000000, -0.000000>
[COT 2025-09-20 01:41:31] 76561198024482897: ESP target=PowerGenerator<dc4bf530> action=orientation value=<129.182999, 0.000000, -0.000000>
[COT 2025-09-20 01:41:31] 76561198024482897: ESP target=PowerGenerator<dc4bf530> action=orientation value=<129.082993, 0.000000, -0.000000>
[COT 2025-09-20 01:41:31] 76561198024482897: ESP target=PowerGenerator<dc4bf530> action=orientation value=<128.983002, 0.000000, -0.000000>
[COT 2025-09-20 01:41:31] 76561198024482897: ESP target=PowerGenerator<dc4bf530> action=orientation value=<128.882996, 0.000000, -0.000000>
[COT 2025-09-20 01:41:31] 76561198024482897: ESP target=PowerGenerator<dc4bf530> action=orientation value=<128.783005, 0.000000, -0.000000>
[COT 2025-09-20 01:41:31] 76561198024482897: ESP target=PowerGenerator<dc4bf530> action=orientation value=<128.682999, 0.000000, -0.000000>
[COT 2025-09-20 01:41:31] 76561198024482897: ESP target=PowerGenerator<dc4bf530> action=orientation value=<128.582993, 0.000000, -0.000000>
[COT 2025-09-20 01:41:31] 76561198024482897: ESP target=PowerGenerator<dc4bf530> action=orientation value=<128.483002, 0.000000, -0.000000>
[COT 2025-09-20 01:41:31] 76561198024482897: ESP target=PowerGenerator<dc4bf530> action=orientation value=<129.483002, 0.000000, -0.000000>
[COT 2025-09-20 01:41:32] 76561198024482897: ESP target=PowerGenerator<dc4bf530> action=orientation value=<130.483002, 0.000000, -0.000000>
[COT 2025-09-20 01:41:32] 76561198024482897: ESP target=PowerGenerator<dc4bf530> action=orientation value=<131.483002, 0.000000, -0.000000>
[COT 2025-09-20 01:41:32] 76561198024482897: ESP target=PowerGenerator<dc4bf530> action=orientation value=<132.483002, 0.000000, -0.000000>
[COT 2025-09-20 01:41:33] 76561198024482897: ESP target=PowerGenerator<dc4bf530> action=orientation value=<132.382996, 0.000000, -0.000000>
[COT 2025-09-20 01:41:33] 76561198024482897: ESP target=PowerGenerator<dc4bf530> action=orientation value=<132.283005, 0.000000, -0.000000>
[COT 2025-09-20 01:41:33] 76561198024482897: ESP target=PowerGenerator<dc4bf530> action=orientation value=<132.182999, 0.000000, -0.000000>
[COT 2025-09-20 01:41:33] 76561198024482897: ESP target=PowerGenerator<dc4bf530> action=orientation value=<132.082993, 0.000000, -0.000000>
[COT 2025-09-20 01:41:33] 76561198024482897: ESP target=PowerGenerator<dc4bf530> action=orientation value=<131.983002, 0.000000, -0.000000>
[COT 2025-09-20 01:41:34] 76561198024482897: ESP target=PowerGenerator<dc4bf530> action=orientation value=<131.882996, 0.000000, -0.000000>
[COT 2025-09-20 01:41:34] 76561198024482897: ESP target=PowerGenerator<dc4bf530> action=orientation value=<131.783005, 0.000000, -0.000000>
[COT 2025-09-20 01:41:36] 76561198024482897: ESP: Clearing ESP
[COT 2025-09-20 01:41:45] 76561198024482897: ESP: Viewing ESP
[COT 2025-09-20 01:41:52] 76561198024482897: ESP target=PowerGenerator<dc4bf530> action=position value=<8349.259766, 334.704987, 1634.209961>
[COT 2025-09-20 01:41:52] 76561198024482897: ESP target=PowerGenerator<dc4bf530> action=position value=<8349.259766, 334.704987, 1634.109985>
[COT 2025-09-20 01:41:53] 76561198024482897: ESP target=PowerGenerator<dc4bf530> action=position value=<8349.259766, 334.704987, 1635.109985>
[COT 2025-09-20 01:41:55] 76561198024482897: ESP: Clearing ESP
[COT 2025-09-20 01:41:57] 76561198024482897: ESP: Viewing ESP
[COT 2025-09-20 01:42:03] 76561198024482897: ESP target=PowerGenerator<dc4bf530> action=position value=<8349.259766, 334.704987, 1635.010010>
[COT 2025-09-20 01:42:03] 76561198024482897: ESP target=PowerGenerator<dc4bf530> action=position value=<8349.259766, 334.704987, 1634.910034>
[COT 2025-09-20 01:42:04] 76561198024482897: ESP target=PowerGenerator<dc4bf530> action=position value=<8349.259766, 334.704987, 1634.810059>
[COT 2025-09-20 01:42:04] 76561198024482897: ESP target=PowerGenerator<dc4bf530> action=position value=<8349.259766, 334.704987, 1634.709961>
[COT 2025-09-20 01:42:05] 76561198024482897: ESP target=PowerGenerator<dc4bf530> action=position value=<8349.259766, 334.704987, 1634.609985>
[COT 2025-09-20 01:42:05] 76561198024482897: ESP target=PowerGenerator<dc4bf530> action=position value=<8349.259766, 334.704987, 1634.510010>
[COT 2025-09-20 01:42:08] 76561198024482897: ESP target=PowerGenerator<dc4bf530> action=position value=<8349.259766, 334.704987, 1634.410034>
[COT 2025-09-20 01:42:08] 76561198024482897: ESP target=PowerGenerator<dc4bf530> action=position value=<8349.259766, 334.704987, 1634.310059>
[COT 2025-09-20 01:42:10] 76561198024482897: ESP: Clearing ESP
[COT 2025-09-20 01:42:18] 76561198024482897: ESP: Viewing ESP
[COT 2025-09-20 01:42:18] 76561198024482897: ESP: Clearing ESP
[COT 2025-09-20 01:42:19] 76561198024482897: ESP: Viewing ESP
[COT 2025-09-20 01:42:28] 76561198024482897: ESP target=PowerGenerator<dc4bf530> action=position value=<8349.259766, 334.704987, 1634.209961>
[COT 2025-09-20 01:42:32] 76561198024482897: ESP: Clearing ESP
[COT 2025-09-20 02:44:09] 76561198024482897: Activated Community Online Tools [guid=0nsyEhm9INQy3se8y-fXlbMHVv4YsIXloUCLC2unDyo=]
[COT 2025-09-20 04:37:42] 76561198024482897: Activated Community Online Tools [guid=0nsyEhm9INQy3se8y-fXlbMHVv4YsIXloUCLC2unDyo=]
[COT 2025-09-20 04:39:16] 76561198024482897: Spawned Entity Land Rover Defender (Expansion_Landrover_Green<6b318170>, 100, 3000, 15, 0) at <8353.453125, 322.619965, 1637.454102>
[COT 2025-09-20 04:41:02] 76561198024482897: Set GodMode To true [guid=0nsyEhm9INQy3se8y-fXlbMHVv4YsIXloUCLC2unDyo=]
[COT 2025-09-20 04:41:02] 76561198024482897: Set cannot be targeted by AI to true [guid=0nsyEhm9INQy3se8y-fXlbMHVv4YsIXloUCLC2unDyo=]
[COT 2025-09-20 04:41:03] 76561198024482897: Set Invisibility To 1 [guid=0nsyEhm9INQy3se8y-fXlbMHVv4YsIXloUCLC2unDyo=]
[COT 2025-09-20 04:41:04] 76561198024482897: Set GodMode To false [guid=0nsyEhm9INQy3se8y-fXlbMHVv4YsIXloUCLC2unDyo=]
[COT 2025-09-20 04:41:04] 76561198024482897: Set GodMode To true [guid=0nsyEhm9INQy3se8y-fXlbMHVv4YsIXloUCLC2unDyo=]
[COT 2025-09-20 04:41:05] 76561198024482897: Set UnlimitedAmmo To true [guid=0nsyEhm9INQy3se8y-fXlbMHVv4YsIXloUCLC2unDyo=]
[COT 2025-09-20 04:41:06] 76561198024482897: Set UnlimitedStamina To true [guid=0nsyEhm9INQy3se8y-fXlbMHVv4YsIXloUCLC2unDyo=]
[COT 2025-09-20 04:42:35] 76561198024482897: Teleported 76561198024482897 to position <2419.459473, 174.551956, 8124.534668>
[COT 2025-09-20 04:43:19] 76561198024482897: Teleported 76561198024482897 to position <8341.333008, 331.639740, 1634.265869>
[COT 2025-09-20 04:43:31] 76561198024482897: Set GodMode To false [guid=0nsyEhm9INQy3se8y-fXlbMHVv4YsIXloUCLC2unDyo=]
[COT 2025-09-20 04:43:32] 76561198024482897: Set Invisibility To 0 [guid=0nsyEhm9INQy3se8y-fXlbMHVv4YsIXloUCLC2unDyo=]
[COT 2025-09-20 04:43:33] 76561198024482897: Set Invisibility To 0 [guid=0nsyEhm9INQy3se8y-fXlbMHVv4YsIXloUCLC2unDyo=]
[COT 2025-09-20 04:43:34] 76561198024482897: Set UnlimitedStamina To false [guid=0nsyEhm9INQy3se8y-fXlbMHVv4YsIXloUCLC2unDyo=]
[COT 2025-09-20 04:43:36] 76561198024482897: Set UnlimitedAmmo To false [guid=0nsyEhm9INQy3se8y-fXlbMHVv4YsIXloUCLC2unDyo=]
[COT 2025-09-20 04:43:42] 76561198024482897: Updated roles [guid=0nsyEhm9INQy3se8y-fXlbMHVv4YsIXloUCLC2unDyo=]
