[COT 2025-08-15 20:01:24] 76561198024482897: Activated Community Online Tools [guid=0nsyEhm9INQy3se8y-fXlbMHVv4YsIXloUCLC2unDyo=]
[COT 2025-08-15 20:01:36] 76561198024482897: Spawned Entity Набор для возведения мешков с песком (Frontier_SandbagLong_Kit<ebc2e1c0>, 20, 400, 15, 0) at <8339.472656, 335.709778, 1633.410889>
[COT 2025-08-15 20:26:20] 76561198024482897: Spawned Entity Набор для возведения мешков с песком (Frontier_SandbagLong_Kit<f85cf780>, 20, 400, 15, 0) at <8338.245117, 335.709778, 1633.836670>
[COT 2025-08-15 20:27:30] 76561198024482897: ESP: Viewing ESP
[COT 2025-08-15 20:27:41] 76561198024482897: ESP target=Frontier_Sandbag_Long<f85a58e0> action=position value=<8337.009766, 335.510010, 1636.069946>
[COT 2025-08-15 20:27:43] 76561198024482897: ESP target=Frontier_Sandbag_Long<f85a58e0> action=position value=<8337.110352, 335.510010, 1636.069946>
[COT 2025-08-15 20:27:43] 76561198024482897: ESP target=Frontier_Sandbag_Long<f85a58e0> action=position value=<8337.009766, 335.510010, 1636.069946>
[COT 2025-08-15 20:27:44] 76561198024482897: ESP target=Frontier_Sandbag_Long<f85a58e0> action=position value=<8336.910156, 335.510010, 1636.069946>
[COT 2025-08-15 20:27:46] 76561198024482897: ESP target=Frontier_Sandbag_Long<f85a58e0> action=position value=<8336.910156, 335.510010, 1635.969971>
[COT 2025-08-15 20:27:46] 76561198024482897: ESP target=Frontier_Sandbag_Long<f85a58e0> action=position value=<8336.910156, 335.510010, 1635.869995>
[COT 2025-08-15 20:27:47] 76561198024482897: ESP target=Frontier_Sandbag_Long<f85a58e0> action=position value=<8336.910156, 335.510010, 1635.969971>
[COT 2025-08-15 20:27:48] 76561198024482897: ESP target=Frontier_Sandbag_Long<f85a58e0> action=position value=<8336.910156, 335.510010, 1636.069946>
[COT 2025-08-15 20:27:49] 76561198024482897: ESP target=Frontier_Sandbag_Long<f85a58e0> action=position value=<8336.809570, 335.510010, 1636.069946>
[COT 2025-08-15 20:27:58] 76561198024482897: ESP target=Frontier_Sandbag_Long<ee80d460> action=position value=<8337.070313, 335.619995, 1633.140015>
[COT 2025-08-15 20:27:59] 76561198024482897: ESP target=Frontier_Sandbag_Long<ee80d460> action=position value=<8337.070313, 335.519989, 1633.140015>
[COT 2025-08-15 20:28:47] 76561198024482897: Spawned Entity Sandbag Barrier Left Corner Kit (TLC_SandBagCornerL_Kit<f9620aa0>, 20, 400, 15, 0) at <8339.321289, 335.709778, 1632.419067>
[COT 2025-08-15 20:30:00] 76561198024482897: Spawned Entity Набор для возведения мешков с песком (Frontier_SandbagLong_Kit<f96505c0>, 20, 400, 15, 0) at <8342.882813, 334.707031, 1631.336914>
[COT 2025-08-15 20:30:28] 76561198024482897: Spawned Entity Sandbag Barrier Left Corner (TLC_SandBagCornerL<f96556b0>, 20, 10000, 15, 0) at <8342.919922, 334.792358, 1631.464111>
[COT 2025-08-15 20:30:31] 76561198024482897: Deleted Entity TLC_SandBagCornerL:22624 at <8342.919922, 335.947510, 1631.464111>
[COT 2025-08-15 20:30:37] 76561198024482897: Spawned Entity Sandbag Barrier Round Kit (TLC_SandBagRound_Kit<f9657960>, 20, 400, 15, 0) at <8341.886719, 334.707031, 1630.514404>
[COT 2025-08-15 20:30:55] 76561198024482897: Deleted Entity MetalPlate:17354 at <8343.615234, 334.708496, 1631.716431>
[COT 2025-08-15 20:30:59] 76561198024482897: Spawned Entity Sandbag Barrier Left Corner Kit (TLC_SandBagCornerL_Kit<fa10eb00>, 20, 400, 15, 0) at <8344.553711, 334.980103, 1631.697021>
[COT 2025-08-15 20:31:11] 76561198024482897: Spawned Entity Sandbag Barrier Right Corner Kit (TLC_SandBagCornerR_Kit<fa0d7c40>, 20, 400, 15, 0) at <8342.489258, 334.707031, 1632.138916>
[COT 2025-08-15 20:31:37] 76561198024482897: Deleted Entity TLC_SandBagCornerR:15361 at <8340.013672, 335.607025, 1630.911621>
[COT 2025-08-15 20:31:44] 76561198024482897: Spawned Entity Набор для возведения круглых мешков с песком (Frontier_SandbagRound_Kit<fa0d9360>, 20, 400, 15, 0) at <8342.610352, 334.707031, 1632.029541>
[COT 2025-08-15 20:32:13] 76561198024482897: ESP: Clearing ESP
[COT 2025-08-15 20:32:13] 76561198024482897: ESP: Viewing ESP
[COT 2025-08-15 20:32:17] 76561198024482897: ESP target=Frontier_Sandbag_Long<f9656dd0> action=position value=<8342.080078, 334.647003, 1628.859985>
[COT 2025-08-15 20:32:17] 76561198024482897: ESP target=Frontier_Sandbag_Long<f9656dd0> action=position value=<8342.080078, 334.546997, 1628.859985>
[COT 2025-08-15 20:32:18] 76561198024482897: ESP target=Frontier_Sandbag_Long<f9656dd0> action=position value=<8342.080078, 334.446991, 1628.859985>
[COT 2025-08-15 20:32:20] 76561198024482897: ESP target=Frontier_Sandbag_Long<f9656dd0> action=position value=<8342.080078, 334.346985, 1628.859985>
[COT 2025-08-15 20:32:21] 76561198024482897: ESP target=Frontier_Sandbag_Long<f9656dd0> action=position value=<8342.080078, 334.247009, 1628.859985>
[COT 2025-08-15 20:32:26] 76561198024482897: Set GodMode To true [guid=0nsyEhm9INQy3se8y-fXlbMHVv4YsIXloUCLC2unDyo=]
[COT 2025-08-15 20:32:33] 76561198024482897: ESP target=Frontier_Sandbag_Round<fa0ef9d0> action=position value=<8340.269531, 334.606995, 1631.250000>
[COT 2025-08-15 20:32:33] 76561198024482897: ESP target=Frontier_Sandbag_Round<fa0ef9d0> action=position value=<8340.269531, 334.506989, 1631.250000>
[COT 2025-08-15 20:32:46] 76561198024482897: ESP: Clearing ESP
[COT 2025-08-15 20:34:38] 76561198024482897: Spawned Entity Набор для возведения круглых мешков с песком (Frontier_SandbagRound_Kit<fa0fb2d0>, 20, 400, 15, 0) at <8339.852539, 335.709778, 1637.190430>
[COT 2025-08-15 20:34:55] 76561198024482897: ESP: Viewing ESP
[COT 2025-08-15 20:35:01] 76561198024482897: ESP target=Frontier_Sandbag_Round<fb2d68e0> action=position value=<8339.320313, 335.609985, 1637.859985>
[COT 2025-08-15 20:35:02] 76561198024482897: ESP target=Frontier_Sandbag_Round<fb2d68e0> action=position value=<8339.320313, 335.510010, 1637.859985>
[COT 2025-08-15 20:35:04] 76561198024482897: ESP target=Frontier_Sandbag_Round<fb2d68e0> action=position value=<8339.320313, 335.609985, 1637.859985>
[COT 2025-08-15 20:35:09] 76561198024482897: ESP target=Frontier_Sandbag_Round<fb2d68e0> action=position value=<8339.320313, 335.510010, 1637.859985>
[COT 2025-08-15 20:35:26] 76561198024482897: ESP target=Frontier_Sandbag_Round<fb2d68e0> action=position value=<8339.320313, 335.609985, 1637.859985>
[COT 2025-08-15 20:36:47] 76561198024482897: ESP: Clearing ESP
[COT 2025-08-15 20:40:03] 76561198024482897: Spawned Entity Набор для возведения круглых мешков с песком (Frontier_SandbagRound_Kit<f7ae7250>, 20, 400, 15, 0) at <8339.433594, 341.222748, 1634.057983>
[COT 2025-08-15 20:40:35] 76561198024482897: Spawned Entity Набор для возведения мешков с песком (Frontier_SandbagLong_Kit<f7aec340>, 20, 400, 15, 0) at <8338.951172, 341.222717, 1633.358398>
[COT 2025-08-15 20:41:27] 76561198024482897: Spawned Entity Набор для возведения мешков с песком (Frontier_SandbagLong_Kit<f9990000>, 20, 400, 15, 0) at <8338.152344, 341.225281, 1633.327515>
[COT 2025-08-15 20:43:06] 76561198024482897: Spawned Entity Набор для возведения мешков с песком (Frontier_SandbagLong_Kit<fa214bf0>, 20, 400, 15, 0) at <8337.861328, 341.222748, 1633.361206>
[COT 2025-08-15 20:43:39] 76561198024482897: ESP: Viewing ESP
[COT 2025-08-15 20:43:46] 76561198024482897: ESP target=Frontier_Sandbag_Long<fa24a390> action=position value=<8337.019531, 341.080994, 1633.040039>
[COT 2025-08-15 20:43:47] 76561198024482897: ESP target=Frontier_Sandbag_Long<fa24a390> action=position value=<8337.019531, 340.980988, 1633.040039>
[COT 2025-08-15 20:43:47] 76561198024482897: ESP target=Frontier_Sandbag_Long<fa24a390> action=position value=<8337.019531, 340.881012, 1633.040039>
[COT 2025-08-15 20:43:48] 76561198024482897: ESP target=Frontier_Sandbag_Long<fa24a390> action=position value=<8337.019531, 340.980988, 1633.040039>
[COT 2025-08-15 20:43:48] 76561198024482897: ESP target=Frontier_Sandbag_Long<fa24a390> action=position value=<8337.019531, 341.080994, 1633.040039>
[COT 2025-08-15 20:43:48] 76561198024482897: ESP target=Frontier_Sandbag_Long<fa24a390> action=position value=<8337.019531, 341.181000, 1633.040039>
[COT 2025-08-15 20:43:49] 76561198024482897: ESP target=Frontier_Sandbag_Long<fa24a390> action=position value=<8337.019531, 341.080994, 1633.040039>
[COT 2025-08-15 20:43:49] 76561198024482897: ESP target=Frontier_Sandbag_Long<fa24a390> action=position value=<8337.019531, 340.980988, 1633.040039>
[COT 2025-08-15 20:43:49] 76561198024482897: ESP target=Frontier_Sandbag_Long<fa24a390> action=position value=<8337.019531, 340.881012, 1633.040039>
[COT 2025-08-15 20:43:50] 76561198024482897: ESP target=Frontier_Sandbag_Long<fa24a390> action=position value=<8337.019531, 340.781006, 1633.040039>
[COT 2025-08-15 20:43:51] 76561198024482897: ESP target=Frontier_Sandbag_Long<fa24a390> action=position value=<8337.019531, 340.681000, 1633.040039>
[COT 2025-08-15 20:44:13] 76561198024482897: ESP target=Frontier_Sandbag_Long<fa24a390> action=position value=<8337.019531, 340.580994, 1633.040039>
[COT 2025-08-15 20:44:41] 76561198024482897: ESP target=Frontier_Sandbag_Long<fa2227a0> action=position value=<8336.969727, 341.080994, 1635.969971>
[COT 2025-08-15 20:44:42] 76561198024482897: ESP target=Frontier_Sandbag_Long<fa2227a0> action=position value=<8336.969727, 340.980988, 1635.969971>
[COT 2025-08-15 20:44:42] 76561198024482897: ESP target=Frontier_Sandbag_Long<fa2227a0> action=position value=<8336.969727, 340.881012, 1635.969971>
[COT 2025-08-15 20:44:47] 76561198024482897: ESP target=Frontier_Sandbag_Long<fa2227a0> action=position value=<8336.969727, 340.781006, 1635.969971>
[COT 2025-08-15 20:44:54] 76561198024482897: ESP target=Frontier_Sandbag_Long<eda96f90> action=position value=<8339.919922, 341.080994, 1633.109985>
[COT 2025-08-15 20:44:56] 76561198024482897: ESP target=Frontier_Sandbag_Long<eda96f90> action=position value=<8339.919922, 340.980988, 1633.109985>
[COT 2025-08-15 20:44:56] 76561198024482897: ESP target=Frontier_Sandbag_Long<eda96f90> action=position value=<8339.919922, 340.881012, 1633.109985>
[COT 2025-08-15 20:44:57] 76561198024482897: ESP target=Frontier_Sandbag_Long<eda96f90> action=position value=<8339.919922, 340.781006, 1633.109985>
[COT 2025-08-15 20:45:47] 76561198024482897: ESP: Clearing ESP
[COT 2025-08-15 20:45:51] 76561198024482897: Created Deletion Backup '2025-08-15_20-45-51'
[COT 2025-08-15 20:47:49] 76561198024482897: Spawned Entity Wall Kit (ExpansionWallKit<f797cd20>, 500, 100, 15, 0) at <8338.792969, 341.241058, 1634.613525>
[COT 2025-08-15 20:48:20] 76561198024482897: Spawned Entity Wall Kit (ExpansionWallKit<f7987a90>, 500, 100, 15, 0) at <8338.833984, 341.222748, 1633.806152>
[COT 2025-08-15 20:48:37] 76561198024482897: Spawned Entity Fence (Fence<a557d4a0>, 500, 100, 15, 0) at <8338.809570, 341.234039, 1634.361816>
[COT 2025-08-15 20:48:46] 76561198024482897: Deleted Entity Fence:12325 at <8338.809570, 341.283234, 1634.361816>
[COT 2025-08-15 20:48:51] 76561198024482897: Spawned Entity Fence Kit (FenceKit<f2d73500>, 500, 200, 15, 0) at <8338.537109, 341.234039, 1634.744019>
[COT 2025-08-15 20:49:25] 76561198024482897: ESP: Viewing ESP
[COT 2025-08-15 20:49:35] 76561198024482897: ESP: Clearing ESP
[COT 2025-08-15 20:49:36] 76561198024482897: ESP: Viewing ESP
[COT 2025-08-15 20:49:43] 76561198024482897: ESP target=Fence<8bca2a00> action=built part=base required_materials=false
[COT 2025-08-15 20:49:48] 76561198024482897: ESP target=Fence<8bca2a00> action=built part=wall_base_down required_materials=false
[COT 2025-08-15 20:49:53] 76561198024482897: ESP target=Fence<8bca2a00> action=built part=wall_base_up required_materials=false
[COT 2025-08-15 20:49:58] 76561198024482897: ESP target=Fence<8bca2a00> action=built part=wall_metal_up required_materials=false
[COT 2025-08-15 20:50:02] 76561198024482897: ESP target=Fence<8bca2a00> action=built part=wall_metal_down required_materials=false
[COT 2025-08-15 20:50:26] 76561198024482897: ESP target=Fence<8bca2a00> action=dismantle part=wall_metal_up
[COT 2025-08-15 20:50:30] 76561198024482897: ESP target=Fence<8bca2a00> action=dismantle part=wall_base_up
[COT 2025-08-15 20:50:51] 76561198024482897: ESP: Clearing ESP
[COT 2025-08-15 20:52:08] 76561198024482897: ESP: Viewing ESP
[COT 2025-08-15 20:52:14] 76561198024482897: ESP target=Fence<a40b0890> action=built part=base required_materials=false
[COT 2025-08-15 20:52:20] 76561198024482897: ESP target=Fence<a40b0890> action=built part=wall_base_down required_materials=false
[COT 2025-08-15 20:52:21] 76561198024482897: ESP target=Fence<a40b0890> action=built part=wall_base_up required_materials=false
[COT 2025-08-15 20:52:26] 76561198024482897: ESP target=Fence<a40b0890> action=built part=wall_metal_down required_materials=false
[COT 2025-08-15 20:52:36] 76561198024482897: ESP target=Fence<a40b0890> action=built part=wall_base_up required_materials=false
[COT 2025-08-15 20:52:42] 76561198024482897: ESP: Clearing ESP
[COT 2025-08-15 20:52:43] 76561198024482897: ESP: Viewing ESP
[COT 2025-08-15 20:52:50] 76561198024482897: ESP target=Fence<a40b0890> action=built part=wall_metal_up required_materials=false
[COT 2025-08-15 20:53:42] 76561198024482897: ESP target=Fence<8bca2a00> action=position value=<8339.690430, 341.106995, 1636.010010>
[COT 2025-08-15 20:53:43] 76561198024482897: ESP target=Fence<8bca2a00> action=position value=<8339.690430, 341.006989, 1636.010010>
[COT 2025-08-15 20:54:18] 76561198024482897: ESP: Clearing ESP
[COT 2025-08-15 20:57:19] 76561198024482897: ESP: Viewing ESP
[COT 2025-08-15 20:57:25] 76561198024482897: ESP target=ExpansionWallBase<9d7a1220> action=dismantle part=wood_base
[COT 2025-08-15 20:57:41] 76561198024482897: Spawned Entity Wall Kit (ExpansionWallKit<fc28fad0>, 500, 100, 15, 0) at <8346.443359, 325.697418, 1654.463135>
[COT 2025-08-15 20:57:53] 76561198024482897: ESP: Clearing ESP
[COT 2025-08-15 20:57:53] 76561198024482897: ESP: Viewing ESP
[COT 2025-08-15 20:57:59] 76561198024482897: ESP target=ExpansionWallBase<8a93b3f0> action=built part=wood_base required_materials=false
[COT 2025-08-15 20:58:04] 76561198024482897: ESP target=ExpansionWallBase<8a93b3f0> action=built part=wood_windowframe required_materials=false
[COT 2025-08-15 20:58:06] 76561198024482897: ESP target=ExpansionWallBase<8a93b3f0> action=built part=wood_windowfinished required_materials=false
[COT 2025-08-15 20:58:36] 76561198024482897: Spawned Entity Набор для возведения мешков с песком (Frontier_SandbagLong_Kit<ebc40e60>, 500, 400, 15, 0) at <8343.136719, 328.699249, 1649.320190>
[COT 2025-08-15 20:58:48] 76561198024482897: Spawned Entity Набор для возведения мешков с песком (Frontier_SandbagLong_Kit<ebc349d0>, 500, 400, 15, 0) at <8343.982422, 328.699249, 1649.958862>
[COT 2025-08-15 20:59:19] 76561198024482897: Deleted Entity TLC_SandBagCornerL:15956 at <8346.373047, 329.599060, 1655.920776>
[COT 2025-08-15 20:59:26] 76561198024482897: Spawned Entity Набор для возведения мешков с песком (Frontier_SandbagLong_Kit<ebc5d150>, 500, 400, 15, 0) at <8345.466797, 328.699066, 1653.364380>
[COT 2025-08-15 20:59:34] 76561198024482897: Spawned Entity Набор для возведения круглых мешков с песком (Frontier_SandbagRound_Kit<ebc5dce0>, 500, 400, 15, 0) at <8344.239258, 328.699066, 1650.733765>
[COT 2025-08-15 20:59:49] 76561198024482897: ESP: Clearing ESP
[COT 2025-08-15 20:59:53] 76561198024482897: ESP: Viewing ESP
[COT 2025-08-15 20:59:57] 76561198024482897: ESP target=Frontier_Sandbag_Round<ebc574d0> action=orientation value=<2.977330, -0.100000, 0.000000>
[COT 2025-08-15 20:59:57] 76561198024482897: ESP target=Frontier_Sandbag_Round<ebc574d0> action=orientation value=<2.977340, -0.200000, 0.003492>
[COT 2025-08-15 20:59:58] 76561198024482897: ESP target=Frontier_Sandbag_Round<ebc574d0> action=orientation value=<2.977350, -0.300000, 0.013969>
[COT 2025-08-15 20:59:58] 76561198024482897: ESP target=Frontier_Sandbag_Round<ebc574d0> action=orientation value=<2.977380, -0.400000, 0.027939>
[COT 2025-08-15 20:59:58] 76561198024482897: ESP target=Frontier_Sandbag_Round<ebc574d0> action=orientation value=<2.977410, -0.500000, 0.048894>
[COT 2025-08-15 20:59:58] 76561198024482897: ESP target=Frontier_Sandbag_Round<ebc574d0> action=orientation value=<2.977450, -0.600000, 0.040683>
[COT 2025-08-15 20:59:58] 76561198024482897: ESP target=Frontier_Sandbag_Round<ebc574d0> action=orientation value=<2.977450, -0.700000, 0.040683>
[COT 2025-08-15 20:59:58] 76561198024482897: ESP target=Frontier_Sandbag_Round<ebc574d0> action=orientation value=<2.977450, -0.800000, 0.040683>
[COT 2025-08-15 20:59:58] 76561198024482897: ESP target=Frontier_Sandbag_Round<ebc574d0> action=orientation value=<2.977450, -0.900000, 0.040683>
[COT 2025-08-15 20:59:58] 76561198024482897: ESP target=Frontier_Sandbag_Round<ebc574d0> action=orientation value=<2.977450, -1.000000, 0.040683>
[COT 2025-08-15 20:59:59] 76561198024482897: ESP target=Frontier_Sandbag_Round<ebc574d0> action=orientation value=<2.977790, -1.100000, 0.044533>
[COT 2025-08-15 20:59:59] 76561198024482897: ESP target=Frontier_Sandbag_Round<ebc574d0> action=orientation value=<2.977790, -1.200000, 0.044533>
[COT 2025-08-15 20:59:59] 76561198024482897: ESP target=Frontier_Sandbag_Round<ebc574d0> action=orientation value=<2.977790, -1.300000, 0.044533>
[COT 2025-08-15 20:59:59] 76561198024482897: ESP target=Frontier_Sandbag_Round<ebc574d0> action=orientation value=<2.977790, -1.400000, 0.044533>
[COT 2025-08-15 20:59:59] 76561198024482897: ESP target=Frontier_Sandbag_Round<ebc574d0> action=orientation value=<2.977790, -1.500000, 0.044533>
[COT 2025-08-15 20:59:59] 76561198024482897: ESP target=Frontier_Sandbag_Round<ebc574d0> action=orientation value=<2.977790, -1.600000, 0.044533>
[COT 2025-08-15 20:59:59] 76561198024482897: ESP target=Frontier_Sandbag_Round<ebc574d0> action=orientation value=<2.977790, -1.700000, 0.044533>
[COT 2025-08-15 20:59:59] 76561198024482897: ESP target=Frontier_Sandbag_Round<ebc574d0> action=orientation value=<2.978650, -1.800000, 0.045960>
[COT 2025-08-15 20:59:59] 76561198024482897: ESP target=Frontier_Sandbag_Round<ebc574d0> action=orientation value=<2.978650, -2.000000, 0.045960>
[COT 2025-08-15 20:59:59] 76561198024482897: ESP target=Frontier_Sandbag_Round<ebc574d0> action=orientation value=<2.978650, -2.100000, 0.045960>
[COT 2025-08-15 20:59:59] 76561198024482897: ESP target=Frontier_Sandbag_Round<ebc574d0> action=orientation value=<2.978650, -2.300000, 0.045960>
[COT 2025-08-15 20:59:59] 76561198024482897: ESP target=Frontier_Sandbag_Round<ebc574d0> action=orientation value=<2.978650, -2.400000, 0.045960>
[COT 2025-08-15 21:00:00] 76561198024482897: ESP target=Frontier_Sandbag_Round<ebc574d0> action=orientation value=<2.979950, -2.300000, 0.048337>
[COT 2025-08-15 21:00:00] 76561198024482897: ESP target=Frontier_Sandbag_Round<ebc574d0> action=orientation value=<2.979950, -2.200000, 0.048337>
[COT 2025-08-15 21:00:00] 76561198024482897: ESP target=Frontier_Sandbag_Round<ebc574d0> action=orientation value=<2.979950, -2.100000, 0.048337>
[COT 2025-08-15 21:00:00] 76561198024482897: ESP target=Frontier_Sandbag_Round<ebc574d0> action=orientation value=<2.979950, -1.900000, 0.048337>
[COT 2025-08-15 21:00:00] 76561198024482897: ESP target=Frontier_Sandbag_Round<ebc574d0> action=orientation value=<2.979950, -1.800000, 0.048337>
[COT 2025-08-15 21:00:00] 76561198024482897: ESP target=Frontier_Sandbag_Round<ebc574d0> action=orientation value=<2.979740, -1.700000, 0.049330>
[COT 2025-08-15 21:00:00] 76561198024482897: ESP target=Frontier_Sandbag_Round<ebc574d0> action=orientation value=<2.979740, -1.600000, 0.049330>
[COT 2025-08-15 21:00:00] 76561198024482897: ESP target=Frontier_Sandbag_Round<ebc574d0> action=orientation value=<2.979340, -1.500000, 0.048357>
[COT 2025-08-15 21:00:00] 76561198024482897: ESP target=Frontier_Sandbag_Round<ebc574d0> action=orientation value=<2.978360, -1.300000, 0.045429>
[COT 2025-08-15 21:00:00] 76561198024482897: ESP target=Frontier_Sandbag_Round<ebc574d0> action=orientation value=<2.978360, -1.100000, 0.045429>
[COT 2025-08-15 21:00:00] 76561198024482897: ESP target=Frontier_Sandbag_Round<ebc574d0> action=orientation value=<2.978360, -1.000000, 0.045429>
[COT 2025-08-15 21:00:00] 76561198024482897: ESP target=Frontier_Sandbag_Round<ebc574d0> action=orientation value=<2.978360, -0.800000, 0.045429>
[COT 2025-08-15 21:00:00] 76561198024482897: ESP target=Frontier_Sandbag_Round<ebc574d0> action=orientation value=<2.978360, -0.700000, 0.045429>
[COT 2025-08-15 21:00:01] 76561198024482897: ESP target=Frontier_Sandbag_Round<ebc574d0> action=orientation value=<2.977560, -0.600000, 0.047707>
[COT 2025-08-15 21:00:01] 76561198024482897: ESP target=Frontier_Sandbag_Round<ebc574d0> action=orientation value=<2.977560, -0.400000, 0.047707>
[COT 2025-08-15 21:00:01] 76561198024482897: ESP target=Frontier_Sandbag_Round<ebc574d0> action=orientation value=<2.977560, -0.300000, 0.047707>
[COT 2025-08-15 21:00:01] 76561198024482897: ESP target=Frontier_Sandbag_Round<ebc574d0> action=orientation value=<2.977560, -0.200000, 0.047707>
[COT 2025-08-15 21:00:01] 76561198024482897: ESP target=Frontier_Sandbag_Round<ebc574d0> action=orientation value=<2.977560, -0.100000, 0.047707>
[COT 2025-08-15 21:00:01] 76561198024482897: ESP target=Frontier_Sandbag_Round<ebc574d0> action=orientation value=<2.977340, 0.000000, 0.052385>
[COT 2025-08-15 21:00:01] 76561198024482897: ESP target=Frontier_Sandbag_Round<ebc574d0> action=orientation value=<2.977340, 0.100000, 0.052385>
[COT 2025-08-15 21:00:01] 76561198024482897: ESP target=Frontier_Sandbag_Round<ebc574d0> action=orientation value=<2.977340, 0.200000, 0.052385>
[COT 2025-08-15 21:00:01] 76561198024482897: ESP target=Frontier_Sandbag_Round<ebc574d0> action=orientation value=<2.977340, 0.300000, 0.052385>
[COT 2025-08-15 21:00:01] 76561198024482897: ESP target=Frontier_Sandbag_Round<ebc574d0> action=orientation value=<2.977380, 0.200000, 0.038416>
[COT 2025-08-15 21:00:01] 76561198024482897: ESP target=Frontier_Sandbag_Round<ebc574d0> action=orientation value=<2.977350, 0.100000, 0.027939>
[COT 2025-08-15 21:00:02] 76561198024482897: ESP target=Frontier_Sandbag_Round<ebc574d0> action=orientation value=<2.977340, 0.000000, 0.020954>
[COT 2025-08-15 21:00:04] 76561198024482897: ESP target=Frontier_Sandbag_Round<ebc574d0> action=position value=<8346.759766, 328.799011, 1655.650024>
[COT 2025-08-15 21:00:04] 76561198024482897: ESP target=Frontier_Sandbag_Round<ebc574d0> action=position value=<8346.759766, 328.898987, 1655.650024>
[COT 2025-08-15 21:00:04] 76561198024482897: ESP target=Frontier_Sandbag_Round<ebc574d0> action=position value=<8346.759766, 328.998993, 1655.650024>
[COT 2025-08-15 21:00:05] 76561198024482897: ESP target=Frontier_Sandbag_Round<ebc574d0> action=position value=<8346.759766, 328.898987, 1655.650024>
[COT 2025-08-15 21:00:05] 76561198024482897: ESP target=Frontier_Sandbag_Round<ebc574d0> action=position value=<8346.759766, 328.799011, 1655.650024>
[COT 2025-08-15 21:00:06] 76561198024482897: ESP target=Frontier_Sandbag_Round<ebc574d0> action=position value=<8346.759766, 328.699005, 1655.650024>
[COT 2025-08-15 21:00:08] 76561198024482897: ESP target=Frontier_Sandbag_Round<ebc574d0> action=orientation value=<2.877330, 0.000000, 0.020954>
[COT 2025-08-15 21:00:08] 76561198024482897: ESP target=Frontier_Sandbag_Round<ebc574d0> action=orientation value=<2.777330, 0.000000, 0.020956>
[COT 2025-08-15 21:00:08] 76561198024482897: ESP target=Frontier_Sandbag_Round<ebc574d0> action=orientation value=<2.677330, 0.000000, 0.020956>
[COT 2025-08-15 21:00:08] 76561198024482897: ESP target=Frontier_Sandbag_Round<ebc574d0> action=orientation value=<2.577330, 0.000000, 0.020956>
[COT 2025-08-15 21:00:08] 76561198024482897: ESP target=Frontier_Sandbag_Round<ebc574d0> action=orientation value=<2.477330, 0.000000, 0.020958>
[COT 2025-08-15 21:00:08] 76561198024482897: ESP target=Frontier_Sandbag_Round<ebc574d0> action=orientation value=<2.377330, 0.000000, 0.020960>
[COT 2025-08-15 21:00:09] 76561198024482897: ESP target=Frontier_Sandbag_Round<ebc574d0> action=orientation value=<2.277330, 0.000000, 0.020964>
[COT 2025-08-15 21:00:09] 76561198024482897: ESP target=Frontier_Sandbag_Round<ebc574d0> action=orientation value=<2.177330, 0.000000, 0.020964>
[COT 2025-08-15 21:00:09] 76561198024482897: ESP target=Frontier_Sandbag_Round<ebc574d0> action=orientation value=<2.077330, 0.000000, 0.020964>
[COT 2025-08-15 21:00:09] 76561198024482897: ESP target=Frontier_Sandbag_Round<ebc574d0> action=orientation value=<1.977330, 0.000000, 0.020964>
[COT 2025-08-15 21:00:09] 76561198024482897: ESP target=Frontier_Sandbag_Round<ebc574d0> action=orientation value=<1.877330, 0.000000, 0.020964>
[COT 2025-08-15 21:00:09] 76561198024482897: ESP target=Frontier_Sandbag_Round<ebc574d0> action=orientation value=<1.777330, 0.000000, 0.020964>
[COT 2025-08-15 21:00:09] 76561198024482897: ESP target=Frontier_Sandbag_Round<ebc574d0> action=orientation value=<1.677330, 0.000000, 0.020964>
[COT 2025-08-15 21:00:09] 76561198024482897: ESP target=Frontier_Sandbag_Round<ebc574d0> action=orientation value=<1.577330, 0.000000, 0.020973>
[COT 2025-08-15 21:00:09] 76561198024482897: ESP target=Frontier_Sandbag_Round<ebc574d0> action=orientation value=<1.477330, 0.000000, 0.020973>
[COT 2025-08-15 21:00:09] 76561198024482897: ESP target=Frontier_Sandbag_Round<ebc574d0> action=orientation value=<1.277330, 0.000000, 0.020973>
[COT 2025-08-15 21:00:09] 76561198024482897: ESP target=Frontier_Sandbag_Round<ebc574d0> action=orientation value=<1.177330, 0.000000, 0.020973>
[COT 2025-08-15 21:00:09] 76561198024482897: ESP target=Frontier_Sandbag_Round<ebc574d0> action=orientation value=<1.077330, 0.000000, 0.020973>
[COT 2025-08-15 21:00:09] 76561198024482897: ESP target=Frontier_Sandbag_Round<ebc574d0> action=orientation value=<0.977330, 0.000000, 0.020973>
[COT 2025-08-15 21:00:09] 76561198024482897: ESP target=Frontier_Sandbag_Round<ebc574d0> action=orientation value=<0.877330, 0.000000, 0.020979>
[COT 2025-08-15 21:00:09] 76561198024482897: ESP target=Frontier_Sandbag_Round<ebc574d0> action=orientation value=<0.777330, 0.000000, 0.020979>
[COT 2025-08-15 21:00:09] 76561198024482897: ESP target=Frontier_Sandbag_Round<ebc574d0> action=orientation value=<0.677330, 0.000000, 0.020979>
[COT 2025-08-15 21:00:09] 76561198024482897: ESP target=Frontier_Sandbag_Round<ebc574d0> action=orientation value=<0.577330, 0.000000, 0.020979>
[COT 2025-08-15 21:00:09] 76561198024482897: ESP target=Frontier_Sandbag_Round<ebc574d0> action=orientation value=<0.477330, 0.000000, 0.020979>
[COT 2025-08-15 21:00:09] 76561198024482897: ESP target=Frontier_Sandbag_Round<ebc574d0> action=orientation value=<0.377330, 0.000000, 0.020979>
[COT 2025-08-15 21:00:09] 76561198024482897: ESP target=Frontier_Sandbag_Round<ebc574d0> action=orientation value=<0.277330, 0.000000, 0.020980>
[COT 2025-08-15 21:00:10] 76561198024482897: ESP target=Frontier_Sandbag_Round<ebc574d0> action=orientation value=<0.077330, 0.000000, 0.020982>
[COT 2025-08-15 21:00:10] 76561198024482897: ESP target=Frontier_Sandbag_Round<ebc574d0> action=orientation value=<-0.022670, 0.000000, 0.020982>
[COT 2025-08-15 21:00:10] 76561198024482897: ESP target=Frontier_Sandbag_Round<ebc574d0> action=orientation value=<-0.122670, 0.000000, 0.020982>
[COT 2025-08-15 21:00:10] 76561198024482897: ESP target=Frontier_Sandbag_Round<ebc574d0> action=orientation value=<-0.222670, 0.000000, 0.020982>
[COT 2025-08-15 21:00:10] 76561198024482897: ESP target=Frontier_Sandbag_Round<ebc574d0> action=orientation value=<-0.322670, 0.000000, 0.020982>
[COT 2025-08-15 21:00:10] 76561198024482897: ESP target=Frontier_Sandbag_Round<ebc574d0> action=orientation value=<-0.422670, 0.000000, 0.020982>
[COT 2025-08-15 21:00:10] 76561198024482897: ESP target=Frontier_Sandbag_Round<ebc574d0> action=orientation value=<-0.522670, 0.000000, 0.020982>
[COT 2025-08-15 21:00:10] 76561198024482897: ESP target=Frontier_Sandbag_Round<ebc574d0> action=orientation value=<-0.622670, 0.000000, 0.020982>
[COT 2025-08-15 21:00:10] 76561198024482897: ESP target=Frontier_Sandbag_Round<ebc574d0> action=orientation value=<-0.722670, 0.000000, 0.020982>
[COT 2025-08-15 21:00:10] 76561198024482897: ESP target=Frontier_Sandbag_Round<ebc574d0> action=orientation value=<-0.822670, 0.000000, 0.020982>
[COT 2025-08-15 21:00:10] 76561198024482897: ESP target=Frontier_Sandbag_Round<ebc574d0> action=orientation value=<-0.922670, 0.000000, 0.020981>
[COT 2025-08-15 21:00:11] 76561198024482897: ESP target=Frontier_Sandbag_Round<ebc574d0> action=orientation value=<-1.022670, 0.000000, 0.020980>
[COT 2025-08-15 21:00:11] 76561198024482897: ESP target=Frontier_Sandbag_Round<ebc574d0> action=orientation value=<-1.122670, 0.000000, 0.020980>
[COT 2025-08-15 21:00:11] 76561198024482897: ESP target=Frontier_Sandbag_Round<ebc574d0> action=orientation value=<-1.222670, 0.000000, 0.020980>
[COT 2025-08-15 21:00:11] 76561198024482897: ESP target=Frontier_Sandbag_Round<ebc574d0> action=orientation value=<-1.322670, 0.000000, 0.020979>
[COT 2025-08-15 21:00:11] 76561198024482897: ESP target=Frontier_Sandbag_Round<ebc574d0> action=orientation value=<-1.422670, 0.000000, 0.020978>
[COT 2025-08-15 21:00:11] 76561198024482897: ESP target=Frontier_Sandbag_Round<ebc574d0> action=orientation value=<-1.522670, 0.000000, 0.020976>
[COT 2025-08-15 21:00:11] 76561198024482897: ESP target=Frontier_Sandbag_Round<ebc574d0> action=orientation value=<-1.622670, 0.000000, 0.020976>
[COT 2025-08-15 21:00:11] 76561198024482897: ESP target=Frontier_Sandbag_Round<ebc574d0> action=orientation value=<-1.722670, 0.000000, 0.020976>
[COT 2025-08-15 21:00:32] 76561198024482897: ESP: Clearing ESP
[COT 2025-08-15 21:06:27] 76561198024482897: Entered the Free Camera
[COT 2025-08-15 21:06:29] 76561198024482897: Left the Free Camera
[COT 2025-08-15 21:06:32] 76561198024482897: Entered the Free Camera
[COT 2025-08-15 21:06:33] 76561198024482897: Left the Free Camera
[COT 2025-08-15 21:06:35] 76561198024482897: Entered the Free Camera
[COT 2025-08-15 21:06:35] 76561198024482897: Left the Free Camera
[COT 2025-08-15 21:06:39] 76561198024482897: Entered the Free Camera
[COT 2025-08-15 21:10:19] 76561198024482897: Left the Free Camera
[COT 2025-08-15 21:10:24] 76561198024482897: Entered the Free Camera
[COT 2025-08-15 21:10:27] 76561198024482897: Left the Free Camera
[COT 2025-08-15 21:10:27] 76561198024482897: Entered the Free Camera
[COT 2025-08-15 21:10:28] 76561198024482897: Left the Free Camera
[COT 2025-08-15 21:10:28] 76561198024482897: Entered the Free Camera
[COT 2025-08-15 21:10:29] 76561198024482897: Deactivated Community Online Tools [guid=0nsyEhm9INQy3se8y-fXlbMHVv4YsIXloUCLC2unDyo=]
[COT 2025-08-15 21:10:35] 76561198024482897: Activated Community Online Tools [guid=0nsyEhm9INQy3se8y-fXlbMHVv4YsIXloUCLC2unDyo=]
[COT 2025-08-15 21:10:35] 76561198024482897: Left the Free Camera
[COT 2025-08-15 21:10:37] 76561198024482897: Entered the Free Camera
[COT 2025-08-15 21:10:43] 76561198024482897: Left the Free Camera
[COT 2025-08-15 21:29:02] 76561198024482897: Deactivated Community Online Tools [guid=0nsyEhm9INQy3se8y-fXlbMHVv4YsIXloUCLC2unDyo=]
[COT 2025-08-15 21:29:03] 76561198024482897: Activated Community Online Tools [guid=0nsyEhm9INQy3se8y-fXlbMHVv4YsIXloUCLC2unDyo=]
[COT 2025-08-15 22:25:54] 76561198024482897: Deleted Entity TLC_SandBagCornerL:24340 at <8339.327148, 336.609589, 1631.504883>
[COT 2025-08-15 22:28:51] 76561198024482897: Set GodMode To false [guid=0nsyEhm9INQy3se8y-fXlbMHVv4YsIXloUCLC2unDyo=]
[COT 2025-08-15 22:47:41] 76561198024482897: Set GodMode To true [guid=0nsyEhm9INQy3se8y-fXlbMHVv4YsIXloUCLC2unDyo=]
[COT 2025-08-15 22:47:41] 76561198024482897: Set GodMode To false [guid=0nsyEhm9INQy3se8y-fXlbMHVv4YsIXloUCLC2unDyo=]
[COT 2025-08-15 23:09:55] 76561198024482897: Spawned Entity Trashcan Kit (TLC_TrashCan_Kit<98519400>, 100, 400, 15, 0) at <8341.184570, 331.743622, 1633.008545>
[COT 2025-08-15 23:11:55] 76561198024482897: Set GodMode To true [guid=0nsyEhm9INQy3se8y-fXlbMHVv4YsIXloUCLC2unDyo=]
[COT 2025-08-15 23:11:55] 76561198024482897: Set GodMode To false [guid=0nsyEhm9INQy3se8y-fXlbMHVv4YsIXloUCLC2unDyo=]
[COT 2025-08-15 23:11:58] 76561198024482897: Deleted Entity TLC_TrashCan:18140 at <8345.976563, 335.255005, 1635.454590>
[COT 2025-08-15 23:12:10] 76561198024482897: Spawned Entity Wooden Log (WoodenLog<a0117440>, 1, 500, 15, 0) at <8346.356445, 334.705017, 1638.176880>
[COT 2025-08-15 23:12:13] 76561198024482897: Deleted Entity WoodenLog:13318 at <8346.356445, 334.722382, 1638.176880>
[COT 2025-08-15 23:12:18] 76561198024482897: Spawned Entity Firewood (Firewood<a0115190>, 3, 500, 15, 0) at <8346.356445, 334.705017, 1638.176880>
[COT 2025-08-15 23:12:26] 76561198024482897: Spawned Entity Dark Bark (Bark_Oak<a01342c0>, 8, 25, 15, 0) at <8346.312500, 334.881592, 1638.105469>
[COT 2025-08-15 23:51:12] 76561198024482897: Spawned Entity MMG Army Box Medic (mmg_army_box_medic_grey<fb9a1480>, 100, 5000, 15, 0) at <8338.062500, 331.704285, 1635.750488>
[COT 2025-08-16 00:04:32] 76561198024482897: Deleted Entity Barrel_Yellow:15782 at <8338.098633, 331.704285, 1636.682251>
[COT 2025-08-16 00:05:18] 76561198024482897: Spawned Entity MMG Grenade Case Green (mmg_grenade_case_base<886ba880>, 100, 5500, 15, 0) at <8342.505859, 331.703827, 1633.348145>
[COT 2025-08-16 00:07:32] 76561198024482897: Deleted Entity mmg_grenade_case_green:16819 at <8342.819336, 332.674469, 1634.609741>
[COT 2025-08-16 00:07:38] 76561198024482897: Spawned Entity MMG Grenade Case Green (mmg_grenade_case_base<a5c3d330>, 100, 5500, 15, 0) at <8343.167969, 331.804657, 1633.285522>
[COT 2025-08-16 00:49:10] 76561198024482897: ESP: Viewing ESP
[COT 2025-08-16 00:49:17] 76561198024482897: ESP target=AnimalHeadBase<9ea00b30> action=position value=<8344.459961, 336.325012, 1634.069946>
[COT 2025-08-16 00:49:17] 76561198024482897: ESP target=AnimalHeadBase<9ea00b30> action=position value=<8344.459961, 336.325012, 1634.170044>
[COT 2025-08-16 00:49:18] 76561198024482897: ESP target=AnimalHeadBase<9ea00b30> action=position value=<8344.459961, 336.325012, 1634.270020>
[COT 2025-08-16 00:49:20] 76561198024482897: ESP target=AnimalHeadBase<9ea00b30> action=position value=<8344.360352, 336.325012, 1634.270020>
[COT 2025-08-16 00:49:21] 76561198024482897: ESP target=AnimalHeadBase<9ea00b30> action=position value=<8344.459961, 336.325012, 1634.270020>
[COT 2025-08-16 00:49:22] 76561198024482897: ESP target=AnimalHeadBase<9ea00b30> action=position value=<8344.559570, 336.325012, 1634.270020>
[COT 2025-08-16 00:49:23] 76561198024482897: ESP target=AnimalHeadBase<9ea00b30> action=position value=<8344.459961, 336.325012, 1634.270020>
[COT 2025-08-16 00:49:25] 76561198024482897: ESP target=AnimalHeadBase<9ea00b30> action=position value=<8344.459961, 336.225006, 1634.270020>
[COT 2025-08-16 00:49:26] 76561198024482897: ESP target=AnimalHeadBase<9ea00b30> action=position value=<8344.459961, 336.325012, 1634.270020>
[COT 2025-08-16 00:49:29] 76561198024482897: ESP target=AnimalHeadBase<9ea00b30> action=orientation value=<38.480202, 0.000000, 0.000000>
[COT 2025-08-16 00:49:29] 76561198024482897: ESP target=AnimalHeadBase<9ea00b30> action=orientation value=<38.580200, 0.000000, 0.000000>
[COT 2025-08-16 00:49:29] 76561198024482897: ESP target=AnimalHeadBase<9ea00b30> action=orientation value=<38.680199, 0.000000, 0.000000>
[COT 2025-08-16 00:49:29] 76561198024482897: ESP target=AnimalHeadBase<9ea00b30> action=orientation value=<38.780201, 0.000000, -0.000000>
[COT 2025-08-16 00:49:30] 76561198024482897: ESP target=AnimalHeadBase<9ea00b30> action=orientation value=<38.880199, 0.000000, -0.000000>
[COT 2025-08-16 00:49:30] 76561198024482897: ESP target=AnimalHeadBase<9ea00b30> action=orientation value=<39.080200, 0.000000, -0.000000>
[COT 2025-08-16 00:49:30] 76561198024482897: ESP target=AnimalHeadBase<9ea00b30> action=orientation value=<39.180199, 0.000000, -0.000000>
[COT 2025-08-16 00:49:30] 76561198024482897: ESP target=AnimalHeadBase<9ea00b30> action=orientation value=<39.280201, 0.000000, -0.000000>
[COT 2025-08-16 00:49:30] 76561198024482897: ESP target=AnimalHeadBase<9ea00b30> action=orientation value=<39.380199, 0.000000, -0.000000>
[COT 2025-08-16 00:49:30] 76561198024482897: ESP target=AnimalHeadBase<9ea00b30> action=orientation value=<39.580200, 0.000000, -0.000000>
[COT 2025-08-16 00:49:30] 76561198024482897: ESP target=AnimalHeadBase<9ea00b30> action=orientation value=<39.680199, 0.000000, -0.000000>
[COT 2025-08-16 00:49:30] 76561198024482897: ESP target=AnimalHeadBase<9ea00b30> action=orientation value=<39.780201, 0.000000, -0.000000>
[COT 2025-08-16 00:49:30] 76561198024482897: ESP target=AnimalHeadBase<9ea00b30> action=orientation value=<39.880199, 0.000000, -0.000000>
[COT 2025-08-16 00:49:30] 76561198024482897: ESP target=AnimalHeadBase<9ea00b30> action=orientation value=<39.980202, 0.000000, -0.000000>
[COT 2025-08-16 00:49:30] 76561198024482897: ESP target=AnimalHeadBase<9ea00b30> action=orientation value=<40.180199, 0.000000, -0.000000>
[COT 2025-08-16 00:49:30] 76561198024482897: ESP target=AnimalHeadBase<9ea00b30> action=orientation value=<40.380199, 0.000000, -0.000000>
[COT 2025-08-16 00:49:30] 76561198024482897: ESP target=AnimalHeadBase<9ea00b30> action=orientation value=<40.580200, 0.000000, -0.000000>
[COT 2025-08-16 00:49:30] 76561198024482897: ESP target=AnimalHeadBase<9ea00b30> action=orientation value=<40.680199, 0.000000, -0.000000>
[COT 2025-08-16 00:49:32] 76561198024482897: ESP target=AnimalHeadBase<9ea00b30> action=orientation value=<40.780201, 0.000000, -0.000000>
[COT 2025-08-16 00:49:32] 76561198024482897: ESP target=AnimalHeadBase<9ea00b30> action=orientation value=<40.880199, 0.000000, -0.000000>
[COT 2025-08-16 00:49:32] 76561198024482897: ESP target=AnimalHeadBase<9ea00b30> action=orientation value=<40.980202, 0.000000, -0.000000>
[COT 2025-08-16 00:49:32] 76561198024482897: ESP target=AnimalHeadBase<9ea00b30> action=orientation value=<41.080200, 0.000000, -0.000000>
[COT 2025-08-16 00:49:32] 76561198024482897: ESP target=AnimalHeadBase<9ea00b30> action=orientation value=<41.180199, 0.000000, -0.000000>
[COT 2025-08-16 00:49:32] 76561198024482897: ESP target=AnimalHeadBase<9ea00b30> action=orientation value=<41.280201, 0.000000, -0.000000>
[COT 2025-08-16 00:49:32] 76561198024482897: ESP target=AnimalHeadBase<9ea00b30> action=orientation value=<41.380199, 0.000000, -0.000000>
[COT 2025-08-16 00:49:33] 76561198024482897: ESP target=AnimalHeadBase<9ea00b30> action=orientation value=<41.480202, 0.000000, -0.000000>
[COT 2025-08-16 00:49:33] 76561198024482897: ESP target=AnimalHeadBase<9ea00b30> action=orientation value=<41.680199, 0.000000, -0.000000>
[COT 2025-08-16 00:49:33] 76561198024482897: ESP target=AnimalHeadBase<9ea00b30> action=orientation value=<41.880199, 0.000000, -0.000000>
[COT 2025-08-16 00:49:33] 76561198024482897: ESP target=AnimalHeadBase<9ea00b30> action=orientation value=<41.980202, 0.000000, -0.000000>
[COT 2025-08-16 00:49:33] 76561198024482897: ESP target=AnimalHeadBase<9ea00b30> action=orientation value=<42.080200, 0.000000, -0.000000>
[COT 2025-08-16 00:49:33] 76561198024482897: ESP target=AnimalHeadBase<9ea00b30> action=orientation value=<42.180199, 0.000000, -0.000000>
[COT 2025-08-16 00:49:33] 76561198024482897: ESP target=AnimalHeadBase<9ea00b30> action=orientation value=<42.280201, 0.000000, -0.000000>
[COT 2025-08-16 00:49:33] 76561198024482897: ESP target=AnimalHeadBase<9ea00b30> action=orientation value=<42.380199, 0.000000, -0.000000>
[COT 2025-08-16 00:49:33] 76561198024482897: ESP target=AnimalHeadBase<9ea00b30> action=orientation value=<42.580200, 0.000000, -0.000000>
[COT 2025-08-16 00:49:33] 76561198024482897: ESP target=AnimalHeadBase<9ea00b30> action=orientation value=<42.680199, 0.000000, -0.000000>
[COT 2025-08-16 00:49:33] 76561198024482897: ESP target=AnimalHeadBase<9ea00b30> action=orientation value=<42.880199, 0.000000, -0.000000>
[COT 2025-08-16 00:49:33] 76561198024482897: ESP target=AnimalHeadBase<9ea00b30> action=orientation value=<42.980202, 0.000000, -0.000000>
[COT 2025-08-16 00:49:33] 76561198024482897: ESP target=AnimalHeadBase<9ea00b30> action=orientation value=<43.080200, 0.000000, -0.000000>
[COT 2025-08-16 00:49:33] 76561198024482897: ESP target=AnimalHeadBase<9ea00b30> action=orientation value=<43.180199, 0.000000, -0.000000>
[COT 2025-08-16 00:49:33] 76561198024482897: ESP target=AnimalHeadBase<9ea00b30> action=orientation value=<43.280201, 0.000000, -0.000000>
[COT 2025-08-16 00:49:33] 76561198024482897: ESP target=AnimalHeadBase<9ea00b30> action=orientation value=<43.480202, 0.000000, -0.000000>
[COT 2025-08-16 00:49:33] 76561198024482897: ESP target=AnimalHeadBase<9ea00b30> action=orientation value=<43.680199, 0.000000, -0.000000>
[COT 2025-08-16 00:49:33] 76561198024482897: ESP target=AnimalHeadBase<9ea00b30> action=orientation value=<43.780201, 0.000000, -0.000000>
[COT 2025-08-16 00:49:33] 76561198024482897: ESP target=AnimalHeadBase<9ea00b30> action=orientation value=<43.980202, 0.000000, -0.000000>
[COT 2025-08-16 00:49:33] 76561198024482897: ESP target=AnimalHeadBase<9ea00b30> action=orientation value=<44.080200, 0.000000, -0.000000>
[COT 2025-08-16 00:49:33] 76561198024482897: ESP target=AnimalHeadBase<9ea00b30> action=orientation value=<44.180199, 0.000000, -0.000000>
[COT 2025-08-16 00:49:34] 76561198024482897: ESP target=AnimalHeadBase<9ea00b30> action=orientation value=<44.280201, 0.000000, -0.000000>
[COT 2025-08-16 00:49:34] 76561198024482897: ESP target=AnimalHeadBase<9ea00b30> action=orientation value=<44.380199, 0.000000, -0.000000>
[COT 2025-08-16 00:49:34] 76561198024482897: ESP target=AnimalHeadBase<9ea00b30> action=orientation value=<44.580200, 0.000000, -0.000000>
[COT 2025-08-16 00:49:34] 76561198024482897: ESP target=AnimalHeadBase<9ea00b30> action=orientation value=<44.680199, 0.000000, -0.000000>
[COT 2025-08-16 00:49:34] 76561198024482897: ESP target=AnimalHeadBase<9ea00b30> action=orientation value=<44.780201, 0.000000, -0.000000>
[COT 2025-08-16 00:49:34] 76561198024482897: ESP target=AnimalHeadBase<9ea00b30> action=orientation value=<44.880199, 0.000000, -0.000000>
[COT 2025-08-16 00:49:34] 76561198024482897: ESP target=AnimalHeadBase<9ea00b30> action=orientation value=<44.980202, 0.000000, -0.000000>
[COT 2025-08-16 00:49:45] 76561198024482897: ESP target=AnimalHeadBase<9be565c0> action=position value=<8343.790039, 336.308014, 1634.680054>
[COT 2025-08-16 00:49:46] 76561198024482897: ESP target=AnimalHeadBase<9be565c0> action=position value=<8343.790039, 336.308014, 1634.780029>
[COT 2025-08-16 00:49:47] 76561198024482897: ESP target=AnimalHeadBase<9be565c0> action=position value=<8343.790039, 336.308014, 1634.880005>
[COT 2025-08-16 00:49:48] 76561198024482897: ESP target=AnimalHeadBase<9be565c0> action=position value=<8343.889648, 336.308014, 1634.880005>
[COT 2025-08-16 00:49:51] 76561198024482897: ESP target=AnimalHeadBase<9be565c0> action=position value=<8343.790039, 336.308014, 1634.880005>
[COT 2025-08-16 00:49:57] 76561198024482897: ESP target=AnimalHeadBase<9be565c0> action=orientation value=<38.345100, 0.000000, 0.000000>
[COT 2025-08-16 00:49:57] 76561198024482897: ESP target=AnimalHeadBase<9be565c0> action=orientation value=<38.445099, 0.000000, -0.000000>
[COT 2025-08-16 00:49:57] 76561198024482897: ESP target=AnimalHeadBase<9be565c0> action=orientation value=<38.645100, 0.000000, -0.000000>
[COT 2025-08-16 00:49:57] 76561198024482897: ESP target=AnimalHeadBase<9be565c0> action=orientation value=<38.745098, 0.000000, -0.000000>
[COT 2025-08-16 00:49:57] 76561198024482897: ESP target=AnimalHeadBase<9be565c0> action=orientation value=<38.845100, 0.000000, -0.000000>
[COT 2025-08-16 00:49:57] 76561198024482897: ESP target=AnimalHeadBase<9be565c0> action=orientation value=<38.945099, 0.000000, -0.000000>
[COT 2025-08-16 00:49:57] 76561198024482897: ESP target=AnimalHeadBase<9be565c0> action=orientation value=<39.045101, 0.000000, -0.000000>
[COT 2025-08-16 00:49:58] 76561198024482897: ESP target=AnimalHeadBase<9be565c0> action=orientation value=<39.245098, 0.000000, -0.000000>
[COT 2025-08-16 00:49:58] 76561198024482897: ESP target=AnimalHeadBase<9be565c0> action=orientation value=<39.445099, 0.000000, -0.000000>
[COT 2025-08-16 00:49:58] 76561198024482897: ESP target=AnimalHeadBase<9be565c0> action=orientation value=<39.645100, 0.000000, -0.000000>
[COT 2025-08-16 00:49:58] 76561198024482897: ESP target=AnimalHeadBase<9be565c0> action=orientation value=<39.745098, 0.000000, -0.000000>
[COT 2025-08-16 00:49:58] 76561198024482897: ESP target=AnimalHeadBase<9be565c0> action=orientation value=<39.845100, 0.000000, -0.000000>
[COT 2025-08-16 00:49:58] 76561198024482897: ESP target=AnimalHeadBase<9be565c0> action=orientation value=<39.945099, 0.000000, -0.000000>
[COT 2025-08-16 00:49:58] 76561198024482897: ESP target=AnimalHeadBase<9be565c0> action=orientation value=<40.045101, 0.000000, -0.000000>
[COT 2025-08-16 00:49:58] 76561198024482897: ESP target=AnimalHeadBase<9be565c0> action=orientation value=<40.145100, 0.000000, -0.000000>
[COT 2025-08-16 00:49:58] 76561198024482897: ESP target=AnimalHeadBase<9be565c0> action=orientation value=<40.345100, 0.000000, -0.000000>
[COT 2025-08-16 00:49:58] 76561198024482897: ESP target=AnimalHeadBase<9be565c0> action=orientation value=<40.445099, 0.000000, -0.000000>
[COT 2025-08-16 00:49:58] 76561198024482897: ESP target=AnimalHeadBase<9be565c0> action=orientation value=<40.545101, 0.000000, -0.000000>
[COT 2025-08-16 00:49:58] 76561198024482897: ESP target=AnimalHeadBase<9be565c0> action=orientation value=<40.645100, 0.000000, -0.000000>
[COT 2025-08-16 00:49:58] 76561198024482897: ESP target=AnimalHeadBase<9be565c0> action=orientation value=<40.745098, 0.000000, -0.000000>
[COT 2025-08-16 00:49:58] 76561198024482897: ESP target=AnimalHeadBase<9be565c0> action=orientation value=<40.945099, 0.000000, -0.000000>
[COT 2025-08-16 00:49:58] 76561198024482897: ESP target=AnimalHeadBase<9be565c0> action=orientation value=<41.045101, 0.000000, -0.000000>
[COT 2025-08-16 00:49:58] 76561198024482897: ESP target=AnimalHeadBase<9be565c0> action=orientation value=<41.145100, 0.000000, -0.000000>
[COT 2025-08-16 00:49:58] 76561198024482897: ESP target=AnimalHeadBase<9be565c0> action=orientation value=<41.245098, 0.000000, -0.000000>
[COT 2025-08-16 00:49:58] 76561198024482897: ESP target=AnimalHeadBase<9be565c0> action=orientation value=<41.345100, 0.000000, -0.000000>
[COT 2025-08-16 00:49:59] 76561198024482897: ESP target=AnimalHeadBase<9be565c0> action=orientation value=<41.445099, 0.000000, -0.000000>
[COT 2025-08-16 00:49:59] 76561198024482897: ESP target=AnimalHeadBase<9be565c0> action=orientation value=<41.545101, 0.000000, -0.000000>
[COT 2025-08-16 00:49:59] 76561198024482897: ESP target=AnimalHeadBase<9be565c0> action=orientation value=<41.645100, 0.000000, -0.000000>
[COT 2025-08-16 00:49:59] 76561198024482897: ESP target=AnimalHeadBase<9be565c0> action=orientation value=<41.745098, 0.000000, -0.000000>
[COT 2025-08-16 00:50:04] 76561198024482897: ESP: Clearing ESP
[COT 2025-08-16 00:52:51] 76561198024482897: ESP: Viewing ESP
[COT 2025-08-16 00:52:58] 76561198024482897: ESP target=AnimalHeadBase<9f4b0850> action=position value=<8336.969727, 333.437988, 1637.199951>
[COT 2025-08-16 00:52:58] 76561198024482897: ESP target=AnimalHeadBase<9f4b0850> action=position value=<8336.969727, 333.537994, 1637.199951>
[COT 2025-08-16 00:52:59] 76561198024482897: ESP target=AnimalHeadBase<9f4b0850> action=position value=<8336.969727, 333.638000, 1637.199951>
[COT 2025-08-16 00:52:59] 76561198024482897: ESP target=AnimalHeadBase<9f4b0850> action=position value=<8336.969727, 333.738007, 1637.199951>
[COT 2025-08-16 00:52:59] 76561198024482897: ESP target=AnimalHeadBase<9f4b0850> action=position value=<8336.969727, 333.838013, 1637.199951>
[COT 2025-08-16 00:53:00] 76561198024482897: ESP target=AnimalHeadBase<9f4b0850> action=position value=<8336.969727, 333.937988, 1637.199951>
[COT 2025-08-16 00:53:00] 76561198024482897: ESP target=AnimalHeadBase<9f4b0850> action=position value=<8336.969727, 334.037994, 1637.199951>
[COT 2025-08-16 00:53:02] 76561198024482897: ESP target=AnimalHeadBase<9f4b0850> action=position value=<8336.969727, 334.138000, 1637.199951>
[COT 2025-08-16 00:53:02] 76561198024482897: ESP target=AnimalHeadBase<9f4b0850> action=position value=<8336.969727, 334.238007, 1637.199951>
[COT 2025-08-16 00:53:02] 76561198024482897: ESP target=AnimalHeadBase<9f4b0850> action=position value=<8336.969727, 334.338013, 1637.199951>
[COT 2025-08-16 00:53:02] 76561198024482897: ESP target=AnimalHeadBase<9f4b0850> action=position value=<8336.969727, 334.437988, 1637.199951>
[COT 2025-08-16 00:53:04] 76561198024482897: ESP target=AnimalHeadBase<9f4b0850> action=position value=<8336.969727, 334.338013, 1637.199951>
[COT 2025-08-16 00:53:06] 76561198024482897: ESP target=AnimalHeadBase<9f4b0850> action=position value=<8336.969727, 334.238007, 1637.199951>
[COT 2025-08-16 00:53:09] 76561198024482897: ESP target=AnimalHeadBase<9f4b0850> action=position value=<8336.870117, 334.238007, 1637.199951>
[COT 2025-08-16 00:53:10] 76561198024482897: ESP target=AnimalHeadBase<9f4b0850> action=position value=<8336.969727, 334.238007, 1637.199951>
[COT 2025-08-16 00:53:20] 76561198024482897: ESP target=AnimalHeadBase<9f4b0850> action=position value=<8336.969727, 334.238007, 1637.099976>
[COT 2025-08-16 00:53:22] 76561198024482897: ESP target=AnimalHeadBase<9f4b0850> action=position value=<8336.969727, 334.238007, 1637.199951>
[COT 2025-08-16 00:53:34] 76561198024482897: ESP target=AnimalHeadBase<9f4b0850> action=position value=<8336.969727, 334.238007, 1637.150024>
[COT 2025-08-16 00:53:36] 76561198024482897: ESP: Clearing ESP
[COT 2025-08-16 00:53:38] 76561198024482897: ESP: Viewing ESP
[COT 2025-08-16 00:53:43] 76561198024482897: ESP target=AnimalHeadBase<9f4b0850> action=position value=<8336.969727, 334.238007, 1637.170044>
[COT 2025-08-16 00:53:45] 76561198024482897: ESP: Clearing ESP
[COT 2025-08-16 00:53:46] 76561198024482897: ESP: Viewing ESP
[COT 2025-08-16 00:53:50] 76561198024482897: ESP target=AnimalHeadBase<9f4b0850> action=position value=<8336.969727, 334.238007, 1637.180054>
[COT 2025-08-16 00:53:53] 76561198024482897: ESP: Clearing ESP
