[COT 2025-09-14 16:12:25] 76561198024482897: Activated Community Online Tools [guid=0nsyEhm9INQy3se8y-fXlbMHVv4YsIXloUCLC2unDyo=]
[COT 2025-09-14 16:19:57] 76561198024482897: Set GodMode To true [guid=0nsyEhm9INQy3se8y-fXlbMHVv4YsIXloUCLC2unDyo=]
[COT 2025-09-14 16:19:58] 76561198024482897: Set Invisibility To 1 [guid=0nsyEhm9INQy3se8y-fXlbMHVv4YsIXloUCLC2unDyo=]
[COT 2025-09-14 16:19:58] 76561198024482897: Set UnlimitedStamina To true [guid=0nsyEhm9INQy3se8y-fXlbMHVv4YsIXloUCLC2unDyo=]
[COT 2025-09-14 16:19:59] 76561198024482897: Set UnlimitedAmmo To true [guid=0nsyEhm9INQy3se8y-fXlbMHVv4YsIXloUCLC2unDyo=]
[COT 2025-09-14 16:20:23] 76561198024482897: Teleported 76561198024482897 to position <2116.477783, 453.799103, 2325.392090>
[COT 2025-09-14 16:20:49] 76561198024482897: ESP: Viewing ESP
[COT 2025-09-14 16:20:58] 76561198024482897: ESP: Clearing ESP
[COT 2025-09-14 16:21:12] 76561198024482897: ESP: ESP updating
[COT 2025-09-14 16:21:12] 76561198024482897: ESP: Clearing ESP
[COT 2025-09-14 16:21:33] 76561198024482897: ESP: ESP updating
[COT 2025-09-14 16:21:59] 76561198024482897: Teleported 76561198024482897 to position <2025.558472, 245.234573, 6723.874023>
[COT 2025-09-14 16:26:49] 76561198024482897: Teleported 76561198024482897 to position <8916.254883, 473.380188, 2060.261475>
[COT 2025-09-14 16:34:50] 76561198024482897: Teleported 76561198024482897 to position <10251.487305, 242.587296, 2142.572021>
[COT 2025-09-14 16:35:17] 76561198024482897: Teleported 76561198024482897 to position <11249.332031, 216.117035, 749.098206>
[COT 2025-09-14 16:38:45] 76561198024482897: Spectating [guid=J3DN6WXzRjVAt4j_gUAEgL4v34hqtXpOtTWQ5nCMCS0=]
[COT 2025-09-14 16:39:22] 76561198024482897: Stopped spectating
[COT 2025-09-14 16:39:35] 76561198024482897: Teleported 76561198024482897 to position <8342.091797, 330.581299, 1631.732910>
[COT 2025-09-14 16:40:13] 76561198024482897: ESP: Clearing ESP
[COT 2025-09-14 16:52:28] 76561198024482897: Spawned Entity #str_KitBox6 (NomNom_Chibi_Display_Vintage_Kitbox<1208a280>, 100, 5000, 15, 0) at <8341.810547, 331.703827, 1633.087158>
[COT 2025-09-14 16:53:05] 76561198024482897: Deleted Entity NomNom_Chibi_Display_Vintage_Kitbox:28167 at <8345.215820, 331.701965, 1638.420288>
[COT 2025-09-14 17:07:53] 76561198024482897: Teleported 76561198024482897 to position <1827.302734, 209.133133, 7326.649414>
[COT 2025-09-14 17:16:53] 76561198024482897: Teleported 76561198024482897 to position <8344.576172, 331.142303, 1630.808228>
