[COT 2025-08-16 07:38:38] 76561198024482897: Activated Community Online Tools [guid=0nsyEhm9INQy3se8y-fXlbMHVv4YsIXloUCLC2unDyo=]
[COT 2025-08-16 07:38:50] 76561198024482897: Set GodMode To true [guid=0nsyEhm9INQy3se8y-fXlbMHVv4YsIXloUCLC2unDyo=]
[COT 2025-08-16 07:38:50] 76561198024482897: Set Invisibility To 1 [guid=0nsyEhm9INQy3se8y-fXlbMHVv4YsIXloUCLC2unDyo=]
[COT 2025-08-16 07:43:12] 76561198024482897: Set GodMode To false [guid=0nsyEhm9INQy3se8y-fXlbMHVv4YsIXloUCLC2unDyo=]
[COT 2025-08-16 07:43:13] 76561198024482897: Set GodMode To true [guid=0nsyEhm9INQy3se8y-fXlbMHVv4YsIXloUCLC2unDyo=]
[COT 2025-08-16 07:44:21] 76561198024482897: Teleported 76561198024482897 to position <6479.439453, 317.854126, 4726.026367>
[COT 2025-08-16 07:44:35] 76561198024482897: Teleported 76561198024482897 to position <6430.389648, 347.017883, 4757.744629>
[COT 2025-08-16 07:44:59] 76561198024482897: Teleported 76561198024482897 to position <6429.723145, 357.126007, 4761.531250>
[COT 2025-08-16 07:48:49] 76561198024482897: Teleported 76561198024482897 to position <6086.845703, 396.502991, 4190.927734>
[COT 2025-08-16 07:49:02] 76561198024482897: Set GodMode To false [guid=0nsyEhm9INQy3se8y-fXlbMHVv4YsIXloUCLC2unDyo=]
[COT 2025-08-16 07:49:02] 76561198024482897: Set GodMode To true [guid=0nsyEhm9INQy3se8y-fXlbMHVv4YsIXloUCLC2unDyo=]
[COT 2025-08-16 07:49:10] 76561198024482897: Teleported 76561198024482897 to position <5962.980469, 415.229828, 4212.615234>
[COT 2025-08-16 07:52:41] 76561198024482897: Teleported 76561198024482897 to position <11042.629883, 174.826279, 11325.699219>
[COT 2025-08-16 07:55:04] 76561198024482897: Teleported 76561198024482897 to position <3363.066162, 488.104797, 2094.250488>
[COT 2025-08-16 07:55:51] 76561198024482897: Teleported 76561198024482897 to position <3292.766113, 469.547852, 1897.438843>
[COT 2025-08-16 07:56:07] 76561198024482897: Teleported 76561198024482897 to position <3169.100830, 519.498962, 1968.315918>
[COT 2025-08-16 07:56:36] 76561198024482897: Teleported 76561198024482897 to position <3060.541992, 507.696869, 2281.650635>
[COT 2025-08-16 07:56:58] 76561198024482897: Teleported 76561198024482897 to position <3503.142090, 513.310974, 2024.256836>
[COT 2025-08-16 07:57:21] 76561198024482897: Teleported 76561198024482897 to position <3472.177490, 445.834686, 2289.869629>
[COT 2025-08-16 07:57:52] 76561198024482897: Teleported 76561198024482897 to position <3440.703613, 483.127258, 1933.277100>
[COT 2025-08-16 07:58:15] 76561198024482897: Teleported 76561198024482897 to position <3634.615234, 541.538452, 2055.488525>
[COT 2025-08-16 07:58:49] 76561198024482897: Teleported 76561198024482897 to position <3753.670898, 545.675537, 2003.060181>
[COT 2025-08-16 07:58:53] 76561198024482897: Teleported 76561198024482897 to position <3833.897705, 558.780029, 1841.635132>
[COT 2025-08-16 07:59:56] 76561198024482897: Teleported 76561198024482897 to position <3723.790771, 544.909668, 1799.063843>
[COT 2025-08-16 08:00:12] 76561198024482897: Teleported 76561198024482897 to position <3250.970459, 495.025574, 2420.146973>
[COT 2025-08-16 08:00:36] 76561198024482897: Teleported 76561198024482897 to position <3419.390381, 469.919159, 2229.985840>
[COT 2025-08-16 08:00:42] 76561198024482897: Teleported 76561198024482897 to position <3498.012451, 496.707733, 1833.075684>
[COT 2025-08-16 08:00:46] 76561198024482897: Teleported 76561198024482897 to position <3619.171875, 522.525452, 1930.356567>
[COT 2025-08-16 08:00:51] 76561198024482897: Teleported 76561198024482897 to position <3647.816895, 530.683350, 1844.524414>
[COT 2025-08-16 08:01:49] 76561198024482897: Teleported 76561198024482897 to position <11047.596680, 175.770935, 11331.461914>
