[COT 2025-08-28 03:36:51] 76561198024482897: Activated Community Online Tools [guid=0nsyEhm9INQy3se8y-fXlbMHVv4YsIXloUCLC2unDyo=]
[COT 2025-08-28 03:37:00] 76561198024482897: ESP: Viewing ESP
[COT 2025-08-28 03:37:09] 76561198024482897: ESP: Clearing ESP
[COT 2025-08-28 03:37:10] 76561198024482897: ESP: Viewing ESP
[COT 2025-08-28 03:37:18] 76561198024482897: ESP target=mmg_weapon_crate_base<70a8d350> action=position value=<8340.089844, 332.612000, 1634.489990>
[COT 2025-08-28 03:37:19] 76561198024482897: ESP target=mmg_weapon_crate_base<70a8d350> action=position value=<8340.089844, 332.612000, 1634.390015>
[COT 2025-08-28 03:37:33] 76561198024482897: ESP target=mmg_weapon_crate_base<70a8d350> action=position value=<8339.990234, 332.612000, 1634.390015>
[COT 2025-08-28 03:37:34] 76561198024482897: ESP target=mmg_weapon_crate_base<70a8d350> action=position value=<8340.089844, 332.612000, 1634.390015>
[COT 2025-08-28 03:37:45] 76561198024482897: ESP: Clearing ESP
[COT 2025-08-28 03:37:45] 76561198024482897: ESP: Viewing ESP
[COT 2025-08-28 03:37:55] 76561198024482897: ESP target=mmg_weapon_crate_base<70a8d350> action=position value=<8339.990234, 332.612000, 1634.390015>
[COT 2025-08-28 03:37:56] 76561198024482897: ESP target=mmg_weapon_crate_base<70a8d350> action=position value=<8340.089844, 332.612000, 1634.390015>
[COT 2025-08-28 03:38:02] 76561198024482897: ESP target=mmg_weapon_crate_base<70a8d350> action=position value=<8340.049805, 332.612000, 1634.390015>
[COT 2025-08-28 03:38:11] 76561198024482897: ESP target=mmg_weapon_crate_base<70a8d350> action=position value=<8340.040039, 332.612000, 1634.390015>
[COT 2025-08-28 03:38:15] 76561198024482897: ESP target=mmg_weapon_crate_base<70a8d350> action=orientation value=<132.891998, 0.000000, 0.038154>
[COT 2025-08-28 03:38:15] 76561198024482897: ESP target=mmg_weapon_crate_base<70a8d350> action=orientation value=<132.792007, 0.000000, 0.016660>
[COT 2025-08-28 03:38:15] 76561198024482897: ESP target=mmg_weapon_crate_base<70a8d350> action=orientation value=<132.692001, 0.000000, 0.007127>
[COT 2025-08-28 03:38:15] 76561198024482897: ESP target=mmg_weapon_crate_base<70a8d350> action=orientation value=<132.591995, 0.000000, 0.007127>
[COT 2025-08-28 03:38:15] 76561198024482897: ESP target=mmg_weapon_crate_base<70a8d350> action=orientation value=<132.492004, 0.000000, 0.002371>
[COT 2025-08-28 03:38:16] 76561198024482897: ESP target=mmg_weapon_crate_base<70a8d350> action=orientation value=<132.391998, 0.000000, -0.000000>
[COT 2025-08-28 03:38:16] 76561198024482897: ESP target=mmg_weapon_crate_base<70a8d350> action=orientation value=<132.292007, 0.000000, -0.000000>
[COT 2025-08-28 03:38:16] 76561198024482897: ESP target=mmg_weapon_crate_base<70a8d350> action=orientation value=<132.192001, 0.000000, -0.000000>
[COT 2025-08-28 03:38:16] 76561198024482897: ESP target=mmg_weapon_crate_base<70a8d350> action=orientation value=<132.091995, 0.000000, -0.000000>
[COT 2025-08-28 03:38:16] 76561198024482897: ESP target=mmg_weapon_crate_base<70a8d350> action=orientation value=<131.992004, 0.000000, -0.000000>
[COT 2025-08-28 03:38:16] 76561198024482897: ESP target=mmg_weapon_crate_base<70a8d350> action=orientation value=<131.891998, 0.000000, -0.000000>
[COT 2025-08-28 03:38:16] 76561198024482897: ESP target=mmg_weapon_crate_base<70a8d350> action=orientation value=<131.792007, 0.000000, -0.000000>
[COT 2025-08-28 03:38:16] 76561198024482897: ESP target=mmg_weapon_crate_base<70a8d350> action=orientation value=<131.692001, 0.000000, -0.000000>
[COT 2025-08-28 03:38:16] 76561198024482897: ESP target=mmg_weapon_crate_base<70a8d350> action=orientation value=<131.591995, 0.000000, -0.000000>
[COT 2025-08-28 03:38:16] 76561198024482897: ESP target=mmg_weapon_crate_base<70a8d350> action=orientation value=<131.492004, 0.000000, -0.000000>
[COT 2025-08-28 03:38:16] 76561198024482897: ESP target=mmg_weapon_crate_base<70a8d350> action=orientation value=<131.391998, 0.000000, -0.000000>
[COT 2025-08-28 03:38:23] 76561198024482897: ESP: Clearing ESP
[COT 2025-08-28 03:38:51] 76561198024482897: ESP: Viewing ESP
[COT 2025-08-28 03:39:09] 76561198024482897: ESP target=AnimalHeadBase<7259bb40> action=position value=<8344.299805, 333.380005, 1634.229980>
[COT 2025-08-28 03:39:10] 76561198024482897: ESP target=AnimalHeadBase<7259bb40> action=position value=<8344.299805, 333.380005, 1634.329956>
[COT 2025-08-28 03:39:11] 76561198024482897: ESP target=AnimalHeadBase<7259bb40> action=position value=<8344.299805, 333.380005, 1634.430054>
[COT 2025-08-28 03:39:13] 76561198024482897: ESP target=AnimalHeadBase<7259bb40> action=position value=<8344.200195, 333.380005, 1634.430054>
[COT 2025-08-28 03:39:13] 76561198024482897: ESP target=AnimalHeadBase<7259bb40> action=position value=<8344.299805, 333.380005, 1634.430054>
[COT 2025-08-28 03:39:14] 76561198024482897: ESP target=AnimalHeadBase<7259bb40> action=position value=<8344.400391, 333.380005, 1634.430054>
[COT 2025-08-28 03:43:01] 76561198024482897: ESP target=AnimalHeadBase<6eef5450> action=position value=<8342.059570, 333.261993, 1642.599976>
[COT 2025-08-28 03:43:02] 76561198024482897: ESP target=AnimalHeadBase<6eef5450> action=position value=<8342.059570, 333.261993, 1642.699951>
[COT 2025-08-28 03:43:03] 76561198024482897: ESP target=AnimalHeadBase<6eef5450> action=position value=<8342.059570, 333.261993, 1642.800049>
[COT 2025-08-28 03:43:03] 76561198024482897: ESP target=AnimalHeadBase<6eef5450> action=position value=<8342.059570, 333.261993, 1642.900024>
[COT 2025-08-28 03:43:04] 76561198024482897: ESP target=AnimalHeadBase<6eef5450> action=position value=<8341.959961, 333.261993, 1642.900024>
[COT 2025-08-28 03:43:11] 76561198024482897: ESP target=AnimalHeadBase<6eef5450> action=position value=<8341.959961, 333.261993, 1642.800049>
[COT 2025-08-28 03:43:20] 76561198024482897: ESP target=AnimalHeadBase<6eef5450> action=position value=<8341.900391, 333.261993, 1642.800049>
[COT 2025-08-28 03:43:27] 76561198024482897: ESP target=AnimalHeadBase<6eef5450> action=position value=<8341.900391, 333.261993, 1643.000000>
[COT 2025-08-28 03:43:38] 76561198024482897: ESP target=AnimalHeadBase<6eef5450> action=position value=<8341.919922, 333.261993, 1643.199951>
[COT 2025-08-28 03:43:43] 76561198024482897: ESP target=AnimalHeadBase<6eef5450> action=position value=<8341.879883, 333.261993, 1643.199951>
[COT 2025-08-28 03:43:50] 76561198024482897: ESP target=AnimalHeadBase<6eef5450> action=position value=<8341.879883, 333.261993, 1642.000000>
[COT 2025-08-28 03:43:53] 76561198024482897: ESP target=AnimalHeadBase<6eef5450> action=position value=<8341.879883, 333.261993, 1642.199951>
[COT 2025-08-28 03:43:54] 76561198024482897: ESP target=AnimalHeadBase<6eef5450> action=position value=<8341.879883, 333.261993, 1642.300049>
[COT 2025-08-28 03:43:54] 76561198024482897: ESP target=AnimalHeadBase<6eef5450> action=position value=<8341.879883, 333.261993, 1642.400024>
[COT 2025-08-28 03:43:56] 76561198024482897: ESP target=AnimalHeadBase<6eef5450> action=position value=<8341.879883, 333.261993, 1642.500000>
[COT 2025-08-28 03:43:56] 76561198024482897: ESP target=AnimalHeadBase<6eef5450> action=position value=<8341.879883, 333.261993, 1642.599976>
[COT 2025-08-28 03:43:56] 76561198024482897: ESP target=AnimalHeadBase<6eef5450> action=position value=<8341.879883, 333.261993, 1642.500000>
[COT 2025-08-28 03:43:57] 76561198024482897: ESP target=AnimalHeadBase<6eef5450> action=position value=<8341.879883, 333.261993, 1642.599976>
[COT 2025-08-28 03:44:01] 76561198024482897: ESP target=AnimalHeadBase<6eef5450> action=position value=<8341.879883, 333.261993, 1642.699951>
[COT 2025-08-28 03:44:02] 76561198024482897: ESP target=AnimalHeadBase<6eef5450> action=position value=<8341.879883, 333.261993, 1642.800049>
[COT 2025-08-28 03:44:03] 76561198024482897: ESP target=AnimalHeadBase<6eef5450> action=position value=<8341.879883, 333.261993, 1642.900024>
[COT 2025-08-28 03:44:04] 76561198024482897: ESP target=AnimalHeadBase<6eef5450> action=position value=<8341.879883, 333.261993, 1642.800049>
[COT 2025-08-28 03:44:06] 76561198024482897: ESP target=AnimalHeadBase<6eef5450> action=position value=<8341.980469, 333.261993, 1642.800049>
[COT 2025-08-28 03:44:07] 76561198024482897: ESP target=AnimalHeadBase<6eef5450> action=position value=<8341.980469, 333.261993, 1642.699951>
[COT 2025-08-28 03:44:08] 76561198024482897: ESP target=AnimalHeadBase<6eef5450> action=position value=<8341.980469, 333.261993, 1642.800049>
[COT 2025-08-28 03:44:08] 76561198024482897: ESP target=AnimalHeadBase<6eef5450> action=position value=<8341.980469, 333.261993, 1642.900024>
[COT 2025-08-28 03:44:10] 76561198024482897: ESP target=AnimalHeadBase<6eef5450> action=position value=<8341.879883, 333.261993, 1642.900024>
[COT 2025-08-28 03:44:13] 76561198024482897: ESP target=AnimalHeadBase<6eef5450> action=position value=<8341.980469, 333.261993, 1642.900024>
[COT 2025-08-28 03:44:14] 76561198024482897: ESP target=AnimalHeadBase<6eef5450> action=position value=<8341.879883, 333.261993, 1642.900024>
[COT 2025-08-28 03:44:18] 76561198024482897: ESP target=AnimalHeadBase<6eef5450> action=position value=<8341.900391, 333.261993, 1642.900024>
[COT 2025-08-28 03:44:21] 76561198024482897: ESP target=AnimalHeadBase<6eef5450> action=orientation value=<-54.300900, 0.003497, 0.002036>
[COT 2025-08-28 03:44:21] 76561198024482897: ESP target=AnimalHeadBase<6eef5450> action=orientation value=<-54.200901, 0.003497, 0.002036>
[COT 2025-08-28 03:44:21] 76561198024482897: ESP target=AnimalHeadBase<6eef5450> action=orientation value=<-54.100899, 0.003497, 0.002045>
[COT 2025-08-28 03:44:21] 76561198024482897: ESP target=AnimalHeadBase<6eef5450> action=orientation value=<-54.000900, 0.003497, 0.002045>
[COT 2025-08-28 03:44:21] 76561198024482897: ESP target=AnimalHeadBase<6eef5450> action=orientation value=<-53.900902, 0.003497, 0.002050>
[COT 2025-08-28 03:44:22] 76561198024482897: ESP target=AnimalHeadBase<6eef5450> action=orientation value=<-53.800900, 0.003497, 0.002060>
[COT 2025-08-28 03:44:22] 76561198024482897: ESP target=AnimalHeadBase<6eef5450> action=orientation value=<-53.600899, 0.003497, 0.002065>
[COT 2025-08-28 03:44:22] 76561198024482897: ESP target=AnimalHeadBase<6eef5450> action=orientation value=<-53.500900, 0.003497, 0.002065>
[COT 2025-08-28 03:44:22] 76561198024482897: ESP target=AnimalHeadBase<6eef5450> action=orientation value=<-53.300900, 0.003497, 0.002065>
[COT 2025-08-28 03:44:22] 76561198024482897: ESP target=AnimalHeadBase<6eef5450> action=orientation value=<-53.100899, 0.003497, 0.002065>
[COT 2025-08-28 03:44:22] 76561198024482897: ESP target=AnimalHeadBase<6eef5450> action=orientation value=<-53.000900, 0.003497, 0.002065>
[COT 2025-08-28 03:44:22] 76561198024482897: ESP target=AnimalHeadBase<6eef5450> action=orientation value=<-52.900902, 0.003497, 0.002105>
[COT 2025-08-28 03:44:22] 76561198024482897: ESP target=AnimalHeadBase<6eef5450> action=orientation value=<-52.800900, 0.003497, 0.002105>
[COT 2025-08-28 03:44:22] 76561198024482897: ESP target=AnimalHeadBase<6eef5450> action=orientation value=<-52.700901, 0.003497, 0.002105>
[COT 2025-08-28 03:44:22] 76561198024482897: ESP target=AnimalHeadBase<6eef5450> action=orientation value=<-52.600899, 0.003497, 0.002105>
[COT 2025-08-28 03:44:22] 76561198024482897: ESP target=AnimalHeadBase<6eef5450> action=orientation value=<-52.500900, 0.003497, 0.002105>
[COT 2025-08-28 03:44:22] 76561198024482897: ESP target=AnimalHeadBase<6eef5450> action=orientation value=<-52.400902, 0.003497, 0.002109>
[COT 2025-08-28 03:44:22] 76561198024482897: ESP target=AnimalHeadBase<6eef5450> action=orientation value=<-52.300900, 0.003497, 0.002109>
[COT 2025-08-28 03:44:22] 76561198024482897: ESP target=AnimalHeadBase<6eef5450> action=orientation value=<-52.200901, 0.003497, 0.002109>
[COT 2025-08-28 03:44:23] 76561198024482897: ESP target=AnimalHeadBase<6eef5450> action=orientation value=<-52.100899, 0.003497, 0.002143>
[COT 2025-08-28 03:44:23] 76561198024482897: ESP target=AnimalHeadBase<6eef5450> action=orientation value=<-51.900902, 0.003497, 0.002143>
[COT 2025-08-28 03:44:23] 76561198024482897: ESP target=AnimalHeadBase<6eef5450> action=orientation value=<-51.800900, 0.003497, 0.002143>
[COT 2025-08-28 03:44:23] 76561198024482897: ESP target=AnimalHeadBase<6eef5450> action=orientation value=<-51.700901, 0.003497, 0.002143>
[COT 2025-08-28 03:44:23] 76561198024482897: ESP target=AnimalHeadBase<6eef5450> action=orientation value=<-51.600899, 0.003497, 0.002143>
[COT 2025-08-28 03:44:23] 76561198024482897: ESP target=AnimalHeadBase<6eef5450> action=orientation value=<-51.500900, 0.003497, 0.002143>
[COT 2025-08-28 03:44:23] 76561198024482897: ESP target=AnimalHeadBase<6eef5450> action=orientation value=<-51.400902, 0.003497, 0.002143>
[COT 2025-08-28 03:44:23] 76561198024482897: ESP target=AnimalHeadBase<6eef5450> action=orientation value=<-51.300900, 0.003497, 0.002158>
[COT 2025-08-28 03:44:23] 76561198024482897: ESP target=AnimalHeadBase<6eef5450> action=orientation value=<-51.200901, 0.003497, 0.002186>
[COT 2025-08-28 03:44:23] 76561198024482897: ESP target=AnimalHeadBase<6eef5450> action=orientation value=<-51.100899, 0.003497, 0.002186>
[COT 2025-08-28 03:44:24] 76561198024482897: ESP target=AnimalHeadBase<6eef5450> action=orientation value=<-51.000900, 0.003497, 0.002186>
[COT 2025-08-28 03:44:24] 76561198024482897: ESP target=AnimalHeadBase<6eef5450> action=orientation value=<-50.900902, 0.003497, 0.002186>
[COT 2025-08-28 03:44:24] 76561198024482897: ESP target=AnimalHeadBase<6eef5450> action=orientation value=<-50.700901, 0.003497, 0.002186>
[COT 2025-08-28 03:44:24] 76561198024482897: ESP target=AnimalHeadBase<6eef5450> action=orientation value=<-50.600899, 0.003497, 0.002186>
[COT 2025-08-28 03:44:24] 76561198024482897: ESP target=AnimalHeadBase<6eef5450> action=orientation value=<-50.500900, 0.003497, 0.002186>
[COT 2025-08-28 03:44:24] 76561198024482897: ESP target=AnimalHeadBase<6eef5450> action=orientation value=<-50.400902, 0.003497, 0.002186>
[COT 2025-08-28 03:44:24] 76561198024482897: ESP target=AnimalHeadBase<6eef5450> action=orientation value=<-50.200901, 0.003497, 0.002186>
[COT 2025-08-28 03:44:24] 76561198024482897: ESP target=AnimalHeadBase<6eef5450> action=orientation value=<-50.100899, 0.003497, 0.002186>
[COT 2025-08-28 03:44:24] 76561198024482897: ESP target=AnimalHeadBase<6eef5450> action=orientation value=<-50.000900, 0.003497, 0.002186>
[COT 2025-08-28 03:44:24] 76561198024482897: ESP target=AnimalHeadBase<6eef5450> action=orientation value=<-49.800900, 0.003497, 0.002186>
[COT 2025-08-28 03:44:24] 76561198024482897: ESP target=AnimalHeadBase<6eef5450> action=orientation value=<-49.700901, 0.003497, 0.002186>
[COT 2025-08-28 03:44:24] 76561198024482897: ESP target=AnimalHeadBase<6eef5450> action=orientation value=<-49.600899, 0.003497, 0.002229>
[COT 2025-08-28 03:44:24] 76561198024482897: ESP target=AnimalHeadBase<6eef5450> action=orientation value=<-49.500900, 0.003497, 0.002229>
[COT 2025-08-28 03:44:24] 76561198024482897: ESP target=AnimalHeadBase<6eef5450> action=orientation value=<-49.400902, 0.003497, 0.002243>
[COT 2025-08-28 03:44:24] 76561198024482897: ESP target=AnimalHeadBase<6eef5450> action=orientation value=<-49.300900, 0.003497, 0.002243>
[COT 2025-08-28 03:44:25] 76561198024482897: ESP target=AnimalHeadBase<6eef5450> action=orientation value=<-49.100899, 0.003497, 0.002243>
[COT 2025-08-28 03:44:25] 76561198024482897: ESP target=AnimalHeadBase<6eef5450> action=orientation value=<-49.000900, 0.003497, 0.002243>
[COT 2025-08-28 03:44:25] 76561198024482897: ESP target=AnimalHeadBase<6eef5450> action=orientation value=<-48.900902, 0.003497, 0.002243>
[COT 2025-08-28 03:44:25] 76561198024482897: ESP target=AnimalHeadBase<6eef5450> action=orientation value=<-48.800900, 0.003497, 0.002243>
[COT 2025-08-28 03:44:25] 76561198024482897: ESP target=AnimalHeadBase<6eef5450> action=orientation value=<-48.700901, 0.003497, 0.002271>
[COT 2025-08-28 03:44:25] 76561198024482897: ESP target=AnimalHeadBase<6eef5450> action=orientation value=<-48.600899, 0.003497, 0.002308>
[COT 2025-08-28 03:44:25] 76561198024482897: ESP target=AnimalHeadBase<6eef5450> action=orientation value=<-48.500900, 0.003497, 0.002308>
[COT 2025-08-28 03:44:25] 76561198024482897: ESP target=AnimalHeadBase<6eef5450> action=orientation value=<-48.400902, 0.003497, 0.002308>
[COT 2025-08-28 03:44:25] 76561198024482897: ESP target=AnimalHeadBase<6eef5450> action=orientation value=<-48.300900, 0.003497, 0.002308>
[COT 2025-08-28 03:44:25] 76561198024482897: ESP target=AnimalHeadBase<6eef5450> action=orientation value=<-48.200901, 0.003497, 0.002308>
[COT 2025-08-28 03:44:25] 76561198024482897: ESP target=AnimalHeadBase<6eef5450> action=orientation value=<-48.100899, 0.003497, 0.002308>
[COT 2025-08-28 03:44:25] 76561198024482897: ESP target=AnimalHeadBase<6eef5450> action=orientation value=<-48.000900, 0.003497, 0.002308>
[COT 2025-08-28 03:44:26] 76561198024482897: ESP target=AnimalHeadBase<6eef5450> action=orientation value=<-47.900902, 0.003497, 0.002340>
[COT 2025-08-28 03:44:26] 76561198024482897: ESP target=AnimalHeadBase<6eef5450> action=orientation value=<-47.800900, 0.003497, 0.002340>
[COT 2025-08-28 03:44:26] 76561198024482897: ESP target=AnimalHeadBase<6eef5450> action=orientation value=<-47.700901, 0.003497, 0.002340>
[COT 2025-08-28 03:44:26] 76561198024482897: ESP target=AnimalHeadBase<6eef5450> action=orientation value=<-47.600899, 0.003497, 0.002340>
[COT 2025-08-28 03:44:26] 76561198024482897: ESP target=AnimalHeadBase<6eef5450> action=orientation value=<-47.500900, 0.003497, 0.002344>
[COT 2025-08-28 03:44:27] 76561198024482897: ESP target=AnimalHeadBase<6eef5450> action=orientation value=<-47.600899, 0.003497, 0.002362>
[COT 2025-08-28 03:44:27] 76561198024482897: ESP target=AnimalHeadBase<6eef5450> action=orientation value=<-47.700901, 0.003497, 0.002358>
[COT 2025-08-28 03:44:27] 76561198024482897: ESP target=AnimalHeadBase<6eef5450> action=orientation value=<-47.800900, 0.003497, 0.002354>
[COT 2025-08-28 03:44:27] 76561198024482897: ESP target=AnimalHeadBase<6eef5450> action=orientation value=<-47.900902, 0.003497, 0.002354>
[COT 2025-08-28 03:44:27] 76561198024482897: ESP target=AnimalHeadBase<6eef5450> action=orientation value=<-47.800900, 0.003497, 0.002344>
[COT 2025-08-28 03:44:35] 76561198024482897: ESP target=AnimalHeadBase<6f518ff0> action=position value=<8340.019531, 333.165985, 1640.359985>
[COT 2025-08-28 03:44:36] 76561198024482897: ESP target=AnimalHeadBase<6f518ff0> action=position value=<8340.019531, 333.165985, 1640.459961>
[COT 2025-08-28 03:44:37] 76561198024482897: ESP target=AnimalHeadBase<6f518ff0> action=position value=<8340.019531, 333.165985, 1640.560059>
[COT 2025-08-28 03:44:38] 76561198024482897: ESP target=AnimalHeadBase<6f518ff0> action=position value=<8340.120117, 333.165985, 1640.560059>
[COT 2025-08-28 03:44:38] 76561198024482897: ESP target=AnimalHeadBase<6f518ff0> action=position value=<8340.019531, 333.165985, 1640.560059>
[COT 2025-08-28 03:44:39] 76561198024482897: ESP target=AnimalHeadBase<6f518ff0> action=position value=<8339.919922, 333.165985, 1640.560059>
[COT 2025-08-28 03:44:40] 76561198024482897: ESP target=AnimalHeadBase<6f518ff0> action=position value=<8339.820313, 333.165985, 1640.560059>
[COT 2025-08-28 03:44:40] 76561198024482897: ESP target=AnimalHeadBase<6f518ff0> action=position value=<8339.719727, 333.165985, 1640.560059>
[COT 2025-08-28 03:44:41] 76561198024482897: ESP target=AnimalHeadBase<6f518ff0> action=position value=<8339.820313, 333.165985, 1640.560059>
[COT 2025-08-28 03:44:44] 76561198024482897: ESP target=AnimalHeadBase<6f518ff0> action=position value=<8339.820313, 333.165985, 1640.459961>
[COT 2025-08-28 03:44:45] 76561198024482897: ESP target=AnimalHeadBase<6f518ff0> action=position value=<8339.820313, 333.165985, 1640.560059>
[COT 2025-08-28 03:44:46] 76561198024482897: ESP target=AnimalHeadBase<6f518ff0> action=position value=<8339.820313, 333.165985, 1640.660034>
[COT 2025-08-28 03:44:48] 76561198024482897: ESP target=AnimalHeadBase<6f518ff0> action=position value=<8339.719727, 333.165985, 1640.660034>
[COT 2025-08-28 03:44:49] 76561198024482897: ESP target=AnimalHeadBase<6f518ff0> action=position value=<8339.820313, 333.165985, 1640.660034>
[COT 2025-08-28 03:44:49] 76561198024482897: ESP target=AnimalHeadBase<6f518ff0> action=position value=<8339.919922, 333.165985, 1640.660034>
[COT 2025-08-28 03:44:53] 76561198024482897: ESP target=AnimalHeadBase<6f518ff0> action=position value=<8340.019531, 333.165985, 1640.660034>
[COT 2025-08-28 03:44:54] 76561198024482897: ESP target=AnimalHeadBase<6f518ff0> action=position value=<8339.919922, 333.165985, 1640.660034>
[COT 2025-08-28 03:44:59] 76561198024482897: ESP target=AnimalHeadBase<6f518ff0> action=position value=<8339.900391, 333.165985, 1640.660034>
[COT 2025-08-28 03:45:09] 76561198024482897: ESP target=AnimalHeadBase<6f518ff0> action=position value=<8339.879883, 333.165985, 1640.660034>
[COT 2025-08-28 03:45:13] 76561198024482897: ESP target=AnimalHeadBase<6f518ff0> action=position value=<8339.860352, 333.165985, 1640.660034>
[COT 2025-08-28 03:45:17] 76561198024482897: ESP target=AnimalHeadBase<6f518ff0> action=position value=<8339.860352, 333.165985, 1640.680054>
[COT 2025-08-28 03:45:23] 76561198024482897: ESP target=AnimalHeadBase<6f518ff0> action=position value=<8339.860352, 333.165985, 1640.640015>
[COT 2025-08-28 03:45:26] 76561198024482897: ESP target=AnimalHeadBase<6f518ff0> action=orientation value=<-46.637901, 0.003497, 0.002406>
[COT 2025-08-28 03:45:26] 76561198024482897: ESP target=AnimalHeadBase<6f518ff0> action=orientation value=<-46.737900, 0.003497, 0.002406>
[COT 2025-08-28 03:45:26] 76561198024482897: ESP target=AnimalHeadBase<6f518ff0> action=orientation value=<-46.837898, 0.003497, 0.002406>
[COT 2025-08-28 03:45:26] 76561198024482897: ESP target=AnimalHeadBase<6f518ff0> action=orientation value=<-46.937901, 0.003497, 0.002406>
[COT 2025-08-28 03:45:26] 76561198024482897: ESP target=AnimalHeadBase<6f518ff0> action=orientation value=<-47.037899, 0.003497, 0.002406>
[COT 2025-08-28 03:45:26] 76561198024482897: ESP target=AnimalHeadBase<6f518ff0> action=orientation value=<-47.137901, 0.003497, 0.002401>
[COT 2025-08-28 03:45:26] 76561198024482897: ESP target=AnimalHeadBase<6f518ff0> action=orientation value=<-47.237900, 0.003497, 0.002401>
[COT 2025-08-28 03:45:27] 76561198024482897: ESP target=AnimalHeadBase<6f518ff0> action=orientation value=<-47.337898, 0.003497, 0.002374>
[COT 2025-08-28 03:45:27] 76561198024482897: ESP target=AnimalHeadBase<6f518ff0> action=orientation value=<-47.437901, 0.003497, 0.002374>
[COT 2025-08-28 03:45:27] 76561198024482897: ESP target=AnimalHeadBase<6f518ff0> action=orientation value=<-47.537899, 0.003497, 0.002374>
[COT 2025-08-28 03:45:27] 76561198024482897: ESP target=AnimalHeadBase<6f518ff0> action=orientation value=<-47.637901, 0.003497, 0.002370>
[COT 2025-08-28 03:45:27] 76561198024482897: ESP target=AnimalHeadBase<6f518ff0> action=orientation value=<-47.737900, 0.003497, 0.002370>
[COT 2025-08-28 03:45:27] 76561198024482897: ESP target=AnimalHeadBase<6f518ff0> action=orientation value=<-47.837898, 0.003497, 0.002370>
[COT 2025-08-28 03:45:27] 76561198024482897: ESP target=AnimalHeadBase<6f518ff0> action=orientation value=<-47.937901, 0.003497, 0.002361>
[COT 2025-08-28 03:45:27] 76561198024482897: ESP target=AnimalHeadBase<6f518ff0> action=orientation value=<-48.037899, 0.003497, 0.002343>
[COT 2025-08-28 03:45:27] 76561198024482897: ESP target=AnimalHeadBase<6f518ff0> action=orientation value=<-48.137901, 0.003497, 0.002343>
[COT 2025-08-28 03:45:27] 76561198024482897: ESP target=AnimalHeadBase<6f518ff0> action=orientation value=<-48.237900, 0.003497, 0.002343>
[COT 2025-08-28 03:45:27] 76561198024482897: ESP target=AnimalHeadBase<6f518ff0> action=orientation value=<-48.337898, 0.003497, 0.002343>
[COT 2025-08-28 03:45:27] 76561198024482897: ESP target=AnimalHeadBase<6f518ff0> action=orientation value=<-48.437901, 0.003497, 0.002338>
[COT 2025-08-28 03:45:28] 76561198024482897: ESP target=AnimalHeadBase<6f518ff0> action=orientation value=<-48.537899, 0.003497, 0.002320>
[COT 2025-08-28 03:45:28] 76561198024482897: ESP target=AnimalHeadBase<6f518ff0> action=orientation value=<-48.637901, 0.003497, 0.002320>
[COT 2025-08-28 03:45:28] 76561198024482897: ESP target=AnimalHeadBase<6f518ff0> action=orientation value=<-48.737900, 0.003497, 0.002320>
[COT 2025-08-28 03:45:28] 76561198024482897: ESP target=AnimalHeadBase<6f518ff0> action=orientation value=<-48.837898, 0.003497, 0.002320>
[COT 2025-08-28 03:45:28] 76561198024482897: ESP target=AnimalHeadBase<6f518ff0> action=orientation value=<-48.937901, 0.003497, 0.002320>
[COT 2025-08-28 03:45:28] 76561198024482897: ESP target=AnimalHeadBase<6f518ff0> action=orientation value=<-49.037899, 0.003497, 0.002320>
[COT 2025-08-28 03:45:28] 76561198024482897: ESP target=AnimalHeadBase<6f518ff0> action=orientation value=<-49.137901, 0.003497, 0.002293>
[COT 2025-08-28 03:45:28] 76561198024482897: ESP target=AnimalHeadBase<6f518ff0> action=orientation value=<-49.237900, 0.003497, 0.002293>
[COT 2025-08-28 03:45:28] 76561198024482897: ESP target=AnimalHeadBase<6f518ff0> action=orientation value=<-49.337898, 0.003497, 0.002293>
[COT 2025-08-28 03:45:28] 76561198024482897: ESP target=AnimalHeadBase<6f518ff0> action=orientation value=<-49.437901, 0.003497, 0.002293>
[COT 2025-08-28 03:45:28] 76561198024482897: ESP target=AnimalHeadBase<6f518ff0> action=orientation value=<-49.537899, 0.003497, 0.002293>
[COT 2025-08-28 03:45:28] 76561198024482897: ESP target=AnimalHeadBase<6f518ff0> action=orientation value=<-49.637901, 0.003497, 0.002283>
[COT 2025-08-28 03:45:29] 76561198024482897: ESP target=AnimalHeadBase<6f518ff0> action=orientation value=<-49.537899, 0.003497, 0.002265>
[COT 2025-08-28 03:45:29] 76561198024482897: ESP target=AnimalHeadBase<6f518ff0> action=orientation value=<-49.437901, 0.003497, 0.002265>
[COT 2025-08-28 03:45:29] 76561198024482897: ESP target=AnimalHeadBase<6f518ff0> action=orientation value=<-49.337898, 0.003497, 0.002265>
[COT 2025-08-28 03:45:29] 76561198024482897: ESP target=AnimalHeadBase<6f518ff0> action=orientation value=<-49.237900, 0.003497, 0.002265>
[COT 2025-08-28 03:45:29] 76561198024482897: ESP target=AnimalHeadBase<6f518ff0> action=orientation value=<-49.137901, 0.003497, 0.002265>
[COT 2025-08-28 03:45:29] 76561198024482897: ESP target=AnimalHeadBase<6f518ff0> action=orientation value=<-49.037899, 0.003497, 0.002274>
[COT 2025-08-28 03:45:29] 76561198024482897: ESP target=AnimalHeadBase<6f518ff0> action=orientation value=<-48.937901, 0.003497, 0.002293>
[COT 2025-08-28 03:45:29] 76561198024482897: ESP target=AnimalHeadBase<6f518ff0> action=orientation value=<-48.837898, 0.003497, 0.002293>
[COT 2025-08-28 03:45:29] 76561198024482897: ESP target=AnimalHeadBase<6f518ff0> action=orientation value=<-48.737900, 0.003497, 0.002293>
[COT 2025-08-28 03:45:30] 76561198024482897: ESP target=AnimalHeadBase<6f518ff0> action=orientation value=<-48.637901, 0.003497, 0.002306>
[COT 2025-08-28 03:45:30] 76561198024482897: ESP target=AnimalHeadBase<6f518ff0> action=orientation value=<-48.537899, 0.003497, 0.002306>
[COT 2025-08-28 03:45:30] 76561198024482897: ESP target=AnimalHeadBase<6f518ff0> action=orientation value=<-48.437901, 0.003497, 0.002311>
[COT 2025-08-28 03:45:31] 76561198024482897: Set GodMode To true [guid=0nsyEhm9INQy3se8y-fXlbMHVv4YsIXloUCLC2unDyo=]
[COT 2025-08-28 03:45:32] 76561198024482897: Set GodMode To false [guid=0nsyEhm9INQy3se8y-fXlbMHVv4YsIXloUCLC2unDyo=]
[COT 2025-08-28 03:45:37] 76561198024482897: ESP: Clearing ESP
[COT 2025-08-28 03:46:56] 76561198024482897: Set GodMode To true [guid=0nsyEhm9INQy3se8y-fXlbMHVv4YsIXloUCLC2unDyo=]
[COT 2025-08-28 03:46:57] 76561198024482897: Set GodMode To false [guid=0nsyEhm9INQy3se8y-fXlbMHVv4YsIXloUCLC2unDyo=]
[COT 2025-08-28 03:47:05] 76561198024482897: Set GodMode To true [guid=0nsyEhm9INQy3se8y-fXlbMHVv4YsIXloUCLC2unDyo=]
[COT 2025-08-28 03:47:05] 76561198024482897: Set Invisibility To 1 [guid=0nsyEhm9INQy3se8y-fXlbMHVv4YsIXloUCLC2unDyo=]
[COT 2025-08-28 03:47:07] 76561198024482897: Set GodMode To false [guid=0nsyEhm9INQy3se8y-fXlbMHVv4YsIXloUCLC2unDyo=]
[COT 2025-08-28 03:47:08] 76561198024482897: Set GodMode To true [guid=0nsyEhm9INQy3se8y-fXlbMHVv4YsIXloUCLC2unDyo=]
[COT 2025-08-28 03:47:20] 76561198024482897: Teleported 76561198024482897 to position <776.666321, 222.237274, 8558.734375>
[COT 2025-08-28 03:47:32] 76561198024482897: Teleported 76561198024482897 to position <774.287720, 225.491562, 8569.035156>
[COT 2025-08-28 03:47:33] 76561198024482897: Teleported 76561198024482897 to position <774.951538, 221.826584, 8568.277344>
[COT 2025-08-28 03:47:38] 76561198024482897: Teleported 76561198024482897 to position <774.706238, 221.771927, 8568.917969>
[COT 2025-08-28 03:47:44] 76561198024482897: Teleported 76561198024482897 to position <774.711670, 222.047485, 8573.048828>
[COT 2025-08-28 03:47:45] 76561198024482897: Teleported 76561198024482897 to position <773.837280, 225.492035, 8573.146484>
[COT 2025-08-28 03:47:46] 76561198024482897: Teleported 76561198024482897 to position <773.545776, 225.492035, 8571.980469>
[COT 2025-08-28 03:47:47] 76561198024482897: Teleported 76561198024482897 to position <774.420166, 221.930923, 8571.786133>
[COT 2025-08-28 03:47:48] 76561198024482897: Teleported 76561198024482897 to position <774.031555, 225.492035, 8571.931641>
[COT 2025-08-28 03:47:49] 76561198024482897: Teleported 76561198024482897 to position <773.837280, 225.492035, 8572.465820>
[COT 2025-08-28 03:48:04] 76561198024482897: Teleported [guid=0nsyEhm9INQy3se8y-fXlbMHVv4YsIXloUCLC2unDyo=] to <772.554016, 225.192001, 8571.780273>
[COT 2025-08-28 03:48:06] 76561198024482897: Teleported [guid=0nsyEhm9INQy3se8y-fXlbMHVv4YsIXloUCLC2unDyo=] to <772.541016, 224.591995, 8571.950195>
[COT 2025-08-28 03:48:09] 76561198024482897: Teleported [guid=0nsyEhm9INQy3se8y-fXlbMHVv4YsIXloUCLC2unDyo=] to <772.541992, 223.891998, 8571.919922>
[COT 2025-08-28 03:48:10] 76561198024482897: Teleported [guid=0nsyEhm9INQy3se8y-fXlbMHVv4YsIXloUCLC2unDyo=] to <772.572021, 223.091995, 8571.919922>
[COT 2025-08-28 03:48:21] 76561198024482897: Teleported [guid=0nsyEhm9INQy3se8y-fXlbMHVv4YsIXloUCLC2unDyo=] to <771.783020, 223.091995, 8562.900391>
[COT 2025-08-28 03:48:32] 76561198024482897: Teleported [guid=0nsyEhm9INQy3se8y-fXlbMHVv4YsIXloUCLC2unDyo=] to <772.049011, 223.091995, 8564.400391>
[COT 2025-08-28 03:48:35] 76561198024482897: Teleported [guid=0nsyEhm9INQy3se8y-fXlbMHVv4YsIXloUCLC2unDyo=] to <771.981995, 223.091995, 8566.700195>
[COT 2025-08-28 03:48:47] 76561198024482897: Teleported 76561198024482897 to position <772.217041, 225.492035, 8573.092773>
[COT 2025-08-28 03:48:56] 76561198024482897: Teleported [guid=0nsyEhm9INQy3se8y-fXlbMHVv4YsIXloUCLC2unDyo=] to <771.888000, 223.091995, 8565.900391>
[COT 2025-08-28 03:48:57] 76561198024482897: Teleported [guid=0nsyEhm9INQy3se8y-fXlbMHVv4YsIXloUCLC2unDyo=] to <771.955017, 223.091995, 8565.900391>
[COT 2025-08-28 03:49:03] 76561198024482897: Teleported 76561198024482897 to position <772.032349, 225.492035, 8574.937500>
[COT 2025-08-28 03:49:17] 76561198024482897: Teleported [guid=0nsyEhm9INQy3se8y-fXlbMHVv4YsIXloUCLC2unDyo=] to <772.304016, 223.091995, 8565.900391>
[COT 2025-08-28 03:49:20] 76561198024482897: Teleported [guid=0nsyEhm9INQy3se8y-fXlbMHVv4YsIXloUCLC2unDyo=] to <773.004028, 223.091995, 8565.900391>
[COT 2025-08-28 03:49:35] 76561198024482897: Set GodMode To false [guid=0nsyEhm9INQy3se8y-fXlbMHVv4YsIXloUCLC2unDyo=]
[COT 2025-08-28 03:49:36] 76561198024482897: Set GodMode To true [guid=0nsyEhm9INQy3se8y-fXlbMHVv4YsIXloUCLC2unDyo=]
[COT 2025-08-28 03:49:40] 76561198024482897: Teleported [guid=0nsyEhm9INQy3se8y-fXlbMHVv4YsIXloUCLC2unDyo=] to <773.004028, 221.192001, 8565.900391>
[COT 2025-08-28 03:49:44] 76561198024482897: Set GodMode To false [guid=0nsyEhm9INQy3se8y-fXlbMHVv4YsIXloUCLC2unDyo=]
[COT 2025-08-28 03:49:45] 76561198024482897: Set GodMode To true [guid=0nsyEhm9INQy3se8y-fXlbMHVv4YsIXloUCLC2unDyo=]
[COT 2025-08-28 03:49:48] 76561198024482897: Teleported 76561198024482897 to position <773.690674, 228.673752, 8565.893555>
[COT 2025-08-28 03:49:53] 76561198024482897: Teleported [guid=0nsyEhm9INQy3se8y-fXlbMHVv4YsIXloUCLC2unDyo=] to <773.004028, 220.492004, 8565.900391>
[COT 2025-08-28 03:49:57] 76561198024482897: Teleported 76561198024482897 to position <770.000122, 221.897797, 8559.432617>
[COT 2025-08-28 03:50:17] 76561198024482897: Teleported [guid=0nsyEhm9INQy3se8y-fXlbMHVv4YsIXloUCLC2unDyo=] to <773.004028, 220.492004, 8565.400391>
[COT 2025-08-28 03:50:24] 76561198024482897: Teleported 76561198024482897 to position <774.322815, 225.491562, 8568.598633>
[COT 2025-08-28 03:50:50] 76561198024482897: Teleported [guid=0nsyEhm9INQy3se8y-fXlbMHVv4YsIXloUCLC2unDyo=] to <772.304016, 220.492004, 8565.400391>
[COT 2025-08-28 03:51:36] 76561198024482897: Entered the Free Camera
[COT 2025-08-28 03:52:03] 76561198024482897: Left the Free Camera
[COT 2025-08-28 03:52:04] 76561198024482897: Set GodMode To false [guid=0nsyEhm9INQy3se8y-fXlbMHVv4YsIXloUCLC2unDyo=]
[COT 2025-08-28 03:52:05] 76561198024482897: Set GodMode To true [guid=0nsyEhm9INQy3se8y-fXlbMHVv4YsIXloUCLC2unDyo=]
[COT 2025-08-28 03:52:18] 76561198024482897: Spawned Entity MMG Raid Driver (mmg_raid_driver<bc918670>, 100, 100, 15, 0) at <774.730957, 225.491272, 8560.841797>
[COT 2025-08-28 03:52:51] 76561198024482897: Entered the Free Camera
[COT 2025-08-28 03:52:58] 76561198024482897: Set GodMode To false [guid=0nsyEhm9INQy3se8y-fXlbMHVv4YsIXloUCLC2unDyo=]
[COT 2025-08-28 03:52:58] 76561198024482897: Set GodMode To true [guid=0nsyEhm9INQy3se8y-fXlbMHVv4YsIXloUCLC2unDyo=]
[COT 2025-08-28 03:53:56] 76561198024482897: Spawned Entity Blaze (B95<743b5950>, 100, 250, 15, 0) at <774.451843, 225.491272, 8562.002930>
[COT 2025-08-28 03:53:59] 76561198024482897: Left the Free Camera
[COT 2025-08-28 03:54:22] 76561198024482897: Entered the Free Camera
[COT 2025-08-28 03:56:21] 76561198024482897: ESP: Viewing ESP
[COT 2025-08-28 03:56:28] 76561198024482897: ESP: Clearing ESP
[COT 2025-08-28 03:56:28] 76561198024482897: ESP: Viewing ESP
[COT 2025-08-28 03:56:34] 76561198024482897: Left the Free Camera
[COT 2025-08-28 03:56:59] 76561198024482897: Deleted Entity B95:7683 at <774.130127, 225.509766, 8561.558594>
[COT 2025-08-28 03:58:17] 76561198024482897: Spawned Entity VSD (SVD<70570b80>, 100, 250, 15, 0) at <774.433167, 225.491272, 8561.283203>
[COT 2025-08-28 03:58:45] 76561198024482897: Entered the Free Camera
[COT 2025-08-28 03:59:49] 76561198024482897: Spawned Entity DT11 (Expansion_DT11<4f6b1b50>, 100, 250, 15, 0) at <774.949585, 225.491272, 8561.467773>
[COT 2025-08-28 03:59:53] 76561198024482897: Left the Free Camera
[COT 2025-08-28 04:00:43] 76561198024482897: Spawned Entity MMG TA-50 Locker Kit Blue (mmg_locker02_blue_kit<c00b5e00>, 100, 1000, 15, 0) at <774.006470, 225.491272, 8561.171875>
[COT 2025-08-28 04:01:17] 76561198024482897: ESP: Clearing ESP
[COT 2025-08-28 04:01:25] 76561198024482897: ESP: Viewing ESP
[COT 2025-08-28 04:01:29] 76561198024482897: ESP target=mmg_lockable_gun_rack_base<4f0fc8c0> action=position value=<775.260986, 225.490997, 8560.000000>
[COT 2025-08-28 04:01:30] 76561198024482897: ESP target=mmg_lockable_gun_rack_base<4f0fc8c0> action=position value=<775.260986, 225.490997, 8560.099609>
[COT 2025-08-28 04:01:30] 76561198024482897: ESP target=mmg_lockable_gun_rack_base<4f0fc8c0> action=position value=<775.260986, 225.490997, 8560.200195>
[COT 2025-08-28 04:01:30] 76561198024482897: ESP target=mmg_lockable_gun_rack_base<4f0fc8c0> action=position value=<775.260986, 225.490997, 8560.299805>
[COT 2025-08-28 04:01:31] 76561198024482897: ESP target=mmg_lockable_gun_rack_base<4f0fc8c0> action=position value=<775.361023, 225.490997, 8560.299805>
[COT 2025-08-28 04:01:31] 76561198024482897: ESP target=mmg_lockable_gun_rack_base<4f0fc8c0> action=position value=<775.460999, 225.490997, 8560.299805>
[COT 2025-08-28 04:01:32] 76561198024482897: ESP target=mmg_lockable_gun_rack_base<4f0fc8c0> action=position value=<775.361023, 225.490997, 8560.299805>
[COT 2025-08-28 04:01:32] 76561198024482897: ESP target=mmg_lockable_gun_rack_base<4f0fc8c0> action=position value=<775.260986, 225.490997, 8560.299805>
[COT 2025-08-28 04:01:32] 76561198024482897: ESP target=mmg_lockable_gun_rack_base<4f0fc8c0> action=position value=<775.161011, 225.490997, 8560.299805>
[COT 2025-08-28 04:01:32] 76561198024482897: ESP target=mmg_lockable_gun_rack_base<4f0fc8c0> action=position value=<775.060974, 225.490997, 8560.299805>
[COT 2025-08-28 04:01:32] 76561198024482897: ESP target=mmg_lockable_gun_rack_base<4f0fc8c0> action=position value=<774.960999, 225.490997, 8560.299805>
[COT 2025-08-28 04:01:33] 76561198024482897: ESP target=mmg_lockable_gun_rack_base<4f0fc8c0> action=position value=<774.960999, 225.490997, 8560.200195>
[COT 2025-08-28 04:01:33] 76561198024482897: ESP target=mmg_lockable_gun_rack_base<4f0fc8c0> action=position value=<774.960999, 225.490997, 8560.099609>
[COT 2025-08-28 04:01:33] 76561198024482897: ESP target=mmg_lockable_gun_rack_base<4f0fc8c0> action=position value=<774.960999, 225.490997, 8560.000000>
[COT 2025-08-28 04:01:33] 76561198024482897: ESP target=mmg_lockable_gun_rack_base<4f0fc8c0> action=position value=<774.960999, 225.490997, 8559.900391>
[COT 2025-08-28 04:01:34] 76561198024482897: ESP target=mmg_lockable_gun_rack_base<4f0fc8c0> action=position value=<774.960999, 225.490997, 8560.000000>
[COT 2025-08-28 04:01:34] 76561198024482897: ESP target=mmg_lockable_gun_rack_base<4f0fc8c0> action=position value=<774.960999, 225.490997, 8560.099609>
[COT 2025-08-28 04:01:34] 76561198024482897: ESP target=mmg_lockable_gun_rack_base<4f0fc8c0> action=position value=<774.960999, 225.490997, 8560.200195>
[COT 2025-08-28 04:01:34] 76561198024482897: ESP target=mmg_lockable_gun_rack_base<4f0fc8c0> action=position value=<774.960999, 225.490997, 8560.299805>
[COT 2025-08-28 04:01:34] 76561198024482897: ESP target=mmg_lockable_gun_rack_base<4f0fc8c0> action=position value=<774.960999, 225.490997, 8560.400391>
[COT 2025-08-28 04:01:35] 76561198024482897: ESP target=mmg_lockable_gun_rack_base<4f0fc8c0> action=position value=<774.960999, 225.490997, 8560.500000>
[COT 2025-08-28 04:01:35] 76561198024482897: ESP target=mmg_lockable_gun_rack_base<4f0fc8c0> action=position value=<774.960999, 225.490997, 8560.599609>
[COT 2025-08-28 04:01:35] 76561198024482897: ESP target=mmg_lockable_gun_rack_base<4f0fc8c0> action=position value=<774.960999, 225.490997, 8560.700195>
[COT 2025-08-28 04:01:35] 76561198024482897: ESP target=mmg_lockable_gun_rack_base<4f0fc8c0> action=position value=<774.960999, 225.490997, 8560.799805>
[COT 2025-08-28 04:01:35] 76561198024482897: ESP target=mmg_lockable_gun_rack_base<4f0fc8c0> action=position value=<774.960999, 225.490997, 8560.900391>
[COT 2025-08-28 04:01:35] 76561198024482897: ESP target=mmg_lockable_gun_rack_base<4f0fc8c0> action=position value=<774.960999, 225.490997, 8561.000000>
[COT 2025-08-28 04:01:36] 76561198024482897: ESP target=mmg_lockable_gun_rack_base<4f0fc8c0> action=position value=<775.060974, 225.490997, 8561.000000>
[COT 2025-08-28 04:01:36] 76561198024482897: ESP target=mmg_lockable_gun_rack_base<4f0fc8c0> action=position value=<775.161011, 225.490997, 8561.000000>
[COT 2025-08-28 04:01:37] 76561198024482897: ESP target=mmg_lockable_gun_rack_base<4f0fc8c0> action=position value=<775.060974, 225.490997, 8561.000000>
[COT 2025-08-28 04:01:37] 76561198024482897: ESP target=mmg_lockable_gun_rack_base<4f0fc8c0> action=position value=<774.960999, 225.490997, 8561.000000>
[COT 2025-08-28 04:01:37] 76561198024482897: ESP target=mmg_lockable_gun_rack_base<4f0fc8c0> action=position value=<774.861023, 225.490997, 8561.000000>
[COT 2025-08-28 04:01:37] 76561198024482897: ESP target=mmg_lockable_gun_rack_base<4f0fc8c0> action=position value=<774.760986, 225.490997, 8561.000000>
[COT 2025-08-28 04:02:12] 76561198024482897: Entered the Free Camera
[COT 2025-08-28 04:02:26] 76561198024482897: Set GodMode To false [guid=0nsyEhm9INQy3se8y-fXlbMHVv4YsIXloUCLC2unDyo=]
[COT 2025-08-28 04:02:27] 76561198024482897: Set GodMode To true [guid=0nsyEhm9INQy3se8y-fXlbMHVv4YsIXloUCLC2unDyo=]
[COT 2025-08-28 04:02:35] 76561198024482897: Spawned Entity M16-A2 (M16A2_Base<794b5aa0>, 100, 200, 15, 0) at <774.500366, 225.491272, 8561.979492>
[COT 2025-08-28 04:03:05] 76561198024482897: Left the Free Camera
[COT 2025-08-28 04:03:13] 76561198024482897: Set GodMode To false [guid=0nsyEhm9INQy3se8y-fXlbMHVv4YsIXloUCLC2unDyo=]
[COT 2025-08-28 04:03:14] 76561198024482897: Set GodMode To true [guid=0nsyEhm9INQy3se8y-fXlbMHVv4YsIXloUCLC2unDyo=]
[COT 2025-08-28 04:03:53] 76561198024482897: Entered the Free Camera
[COT 2025-08-28 04:04:02] 76561198024482897: Set GodMode To false [guid=0nsyEhm9INQy3se8y-fXlbMHVv4YsIXloUCLC2unDyo=]
[COT 2025-08-28 04:04:03] 76561198024482897: Set GodMode To true [guid=0nsyEhm9INQy3se8y-fXlbMHVv4YsIXloUCLC2unDyo=]
[COT 2025-08-28 04:04:25] 76561198024482897: Left the Free Camera
[COT 2025-08-28 04:05:24] 76561198024482897: Spawned Entity M4-A1 (M4A1_Base<5cd57430>, 1, 200, 15, 0) at <774.116516, 225.491272, 8562.125000>
[COT 2025-08-28 04:05:51] 76561198024482897: Entered the Free Camera
[COT 2025-08-28 04:06:50] 76561198024482897: Left the Free Camera
[COT 2025-08-28 04:08:50] 76561198024482897: Spawned Entity M4-A1 Polymer Handguard (M4_PlasticHndgrd<c0c500a0>, 60, 200, 15, 0) at <774.165222, 225.491272, 8562.123047>
[COT 2025-08-28 04:10:04] 76561198024482897: Spawned Entity 30rd Standardized Mag (Mag_STANAG_30Rnd<c04f7170>, 30, 100, 15, 0) at <774.139038, 225.491272, 8562.395508>
[COT 2025-08-28 04:10:14] 76561198024482897: Entered the Free Camera
[COT 2025-08-28 04:10:59] 76561198024482897: Spawned Entity KA-M (AKM_Base<6906fe00>, 10, 300, 15, 0) at <774.011597, 225.491272, 8562.318359>
[COT 2025-08-28 04:11:05] 76561198024482897: Left the Free Camera
[COT 2025-08-28 04:11:42] 76561198024482897: Spawned Entity KA Wooden Handguard (AK_WoodHndgrd<c0d43c00>, 1, 200, 15, 0) at <774.277344, 225.491272, 8561.745117>
[COT 2025-08-28 04:12:15] 76561198024482897: Entered the Free Camera
[COT 2025-08-28 04:12:54] 76561198024482897: Set GodMode To false [guid=0nsyEhm9INQy3se8y-fXlbMHVv4YsIXloUCLC2unDyo=]
[COT 2025-08-28 04:12:56] 76561198024482897: Spawned Entity KA-74 (AK74<6d9cd790>, 30, 250, 15, 0) at <773.774597, 225.491272, 8562.022461>
[COT 2025-08-28 04:13:26] 76561198024482897: Deleted Entity AK74_Grey:17654 at <773.774597, 225.505783, 8562.022461>
[COT 2025-08-28 04:13:32] 76561198024482897: Spawned Entity KA-74 (AK74<6d9cd790>, 30, 250, 15, 0) at <773.738892, 225.491272, 8561.883789>
[COT 2025-08-28 04:13:36] 76561198024482897: Left the Free Camera
[COT 2025-08-28 04:13:53] 76561198024482897: Entered the Free Camera
[COT 2025-08-28 04:13:59] 76561198024482897: ESP: Clearing ESP
[COT 2025-08-28 04:14:12] 76561198024482897: Set GodMode To true [guid=0nsyEhm9INQy3se8y-fXlbMHVv4YsIXloUCLC2unDyo=]
[COT 2025-08-28 04:14:13] 76561198024482897: Set GodMode To false [guid=0nsyEhm9INQy3se8y-fXlbMHVv4YsIXloUCLC2unDyo=]
[COT 2025-08-28 04:15:04] 76561198024482897: Spawned Entity Kobra Sights (KobraOptic<7771ea80>, 100, 50, 15, 0) at <774.274597, 225.491272, 8561.696289>
[COT 2025-08-28 04:15:07] 76561198024482897: Left the Free Camera
[COT 2025-08-28 04:15:18] 76561198024482897: Entered the Free Camera
[COT 2025-08-28 04:15:41] 76561198024482897: Left the Free Camera
[COT 2025-08-28 04:16:43] 76561198024482897: Entered the Free Camera
[COT 2025-08-28 04:18:15] 76561198024482897: Left the Free Camera
[COT 2025-08-28 04:18:17] 76561198024482897: Entered the Free Camera
[COT 2025-08-28 04:19:12] 76561198024482897: Spawned Entity KA Polymer Buttstock (AK_PlasticBttstck<c3580f00>, 75, 200, 15, 0) at <773.875427, 225.491272, 8562.125000>
[COT 2025-08-28 04:19:15] 76561198024482897: Left the Free Camera
[COT 2025-08-28 04:20:10] 76561198024482897: Entered the Free Camera
[COT 2025-08-28 04:20:22] 76561198024482897: Left the Free Camera
[COT 2025-08-28 04:20:25] 76561198024482897: Set GodMode To true [guid=0nsyEhm9INQy3se8y-fXlbMHVv4YsIXloUCLC2unDyo=]
[COT 2025-08-28 04:20:25] 76561198024482897: Set GodMode To false [guid=0nsyEhm9INQy3se8y-fXlbMHVv4YsIXloUCLC2unDyo=]
[COT 2025-08-28 04:20:32] 76561198024482897: Deleted Entity mmg_lockable_gun_rack_grey:4452 at <774.760986, 225.490997, 8561.000000>
[COT 2025-08-28 04:20:54] 76561198024482897: ESP: Viewing ESP
[COT 2025-08-28 04:20:59] 76561198024482897: ESP target=mmg_locker02_base<a8c7e1b0> action=position value=<774.719971, 225.490997, 8559.879883>
[COT 2025-08-28 04:20:59] 76561198024482897: ESP target=mmg_locker02_base<a8c7e1b0> action=position value=<774.719971, 225.490997, 8559.980469>
[COT 2025-08-28 04:21:00] 76561198024482897: ESP target=mmg_locker02_base<a8c7e1b0> action=position value=<774.719971, 225.490997, 8560.080078>
[COT 2025-08-28 04:21:01] 76561198024482897: ESP target=mmg_locker02_base<a8c7e1b0> action=position value=<774.619995, 225.490997, 8560.080078>
[COT 2025-08-28 04:21:02] 76561198024482897: ESP target=mmg_locker02_base<a8c7e1b0> action=position value=<774.719971, 225.490997, 8560.080078>
[COT 2025-08-28 04:21:03] 76561198024482897: ESP target=mmg_locker02_base<a8c7e1b0> action=position value=<774.820007, 225.490997, 8560.080078>
[COT 2025-08-28 04:21:04] 76561198024482897: ESP target=mmg_locker02_base<a8c7e1b0> action=position value=<774.820007, 225.490997, 8559.980469>
[COT 2025-08-28 04:21:05] 76561198024482897: ESP target=mmg_locker02_base<a8c7e1b0> action=position value=<774.820007, 225.490997, 8560.080078>
[COT 2025-08-28 04:21:06] 76561198024482897: ESP target=mmg_locker02_base<a8c7e1b0> action=position value=<774.820007, 225.490997, 8560.179688>
[COT 2025-08-28 04:21:07] 76561198024482897: ESP target=mmg_locker02_base<a8c7e1b0> action=position value=<774.919983, 225.490997, 8560.179688>
[COT 2025-08-28 04:21:09] 76561198024482897: ESP target=mmg_locker02_base<a8c7e1b0> action=orientation value=<155.108994, 0.000000, -0.000000>
[COT 2025-08-28 04:21:09] 76561198024482897: ESP target=mmg_locker02_base<a8c7e1b0> action=orientation value=<155.009003, 0.000000, -0.000000>
[COT 2025-08-28 04:21:09] 76561198024482897: ESP target=mmg_locker02_base<a8c7e1b0> action=orientation value=<154.908997, 0.000000, -0.000000>
[COT 2025-08-28 04:21:09] 76561198024482897: ESP target=mmg_locker02_base<a8c7e1b0> action=orientation value=<154.809006, 0.000000, -0.000000>
[COT 2025-08-28 04:21:10] 76561198024482897: ESP target=mmg_locker02_base<a8c7e1b0> action=orientation value=<154.709000, 0.000000, -0.000000>
[COT 2025-08-28 04:21:10] 76561198024482897: ESP target=mmg_locker02_base<a8c7e1b0> action=orientation value=<154.809006, 0.000000, -0.000000>
[COT 2025-08-28 04:21:10] 76561198024482897: ESP target=mmg_locker02_base<a8c7e1b0> action=orientation value=<154.908997, 0.000000, -0.000000>
[COT 2025-08-28 04:21:10] 76561198024482897: ESP target=mmg_locker02_base<a8c7e1b0> action=orientation value=<155.009003, 0.000000, -0.000000>
[COT 2025-08-28 04:21:10] 76561198024482897: ESP target=mmg_locker02_base<a8c7e1b0> action=orientation value=<155.108994, 0.000000, -0.000000>
[COT 2025-08-28 04:21:10] 76561198024482897: ESP target=mmg_locker02_base<a8c7e1b0> action=orientation value=<155.209000, 0.000000, -0.000000>
[COT 2025-08-28 04:21:10] 76561198024482897: ESP target=mmg_locker02_base<a8c7e1b0> action=orientation value=<155.408997, 0.000000, -0.000000>
[COT 2025-08-28 04:21:10] 76561198024482897: ESP target=mmg_locker02_base<a8c7e1b0> action=orientation value=<155.509003, 0.000000, -0.000000>
[COT 2025-08-28 04:21:10] 76561198024482897: ESP target=mmg_locker02_base<a8c7e1b0> action=orientation value=<155.709000, 0.000000, -0.000000>
[COT 2025-08-28 04:21:11] 76561198024482897: ESP target=mmg_locker02_base<a8c7e1b0> action=orientation value=<155.809006, 0.000000, -0.000000>
[COT 2025-08-28 04:21:11] 76561198024482897: ESP target=mmg_locker02_base<a8c7e1b0> action=orientation value=<155.908997, 0.000000, -0.000000>
[COT 2025-08-28 04:21:11] 76561198024482897: ESP target=mmg_locker02_base<a8c7e1b0> action=orientation value=<156.009003, 0.000000, -0.000000>
[COT 2025-08-28 04:21:11] 76561198024482897: ESP target=mmg_locker02_base<a8c7e1b0> action=orientation value=<156.108994, 0.000000, -0.000000>
[COT 2025-08-28 04:21:11] 76561198024482897: ESP target=mmg_locker02_base<a8c7e1b0> action=orientation value=<156.309006, 0.000000, -0.000000>
[COT 2025-08-28 04:21:11] 76561198024482897: ESP target=mmg_locker02_base<a8c7e1b0> action=orientation value=<156.408997, 0.000000, -0.000000>
[COT 2025-08-28 04:21:11] 76561198024482897: ESP target=mmg_locker02_base<a8c7e1b0> action=orientation value=<156.509003, 0.000000, -0.000000>
[COT 2025-08-28 04:21:11] 76561198024482897: ESP target=mmg_locker02_base<a8c7e1b0> action=orientation value=<156.608994, 0.000000, -0.000000>
[COT 2025-08-28 04:21:11] 76561198024482897: ESP target=mmg_locker02_base<a8c7e1b0> action=orientation value=<156.809006, 0.000000, -0.000000>
[COT 2025-08-28 04:21:11] 76561198024482897: ESP target=mmg_locker02_base<a8c7e1b0> action=orientation value=<156.908997, 0.000000, -0.000000>
[COT 2025-08-28 04:21:11] 76561198024482897: ESP target=mmg_locker02_base<a8c7e1b0> action=orientation value=<157.108994, 0.000000, -0.000000>
[COT 2025-08-28 04:21:11] 76561198024482897: ESP target=mmg_locker02_base<a8c7e1b0> action=orientation value=<157.209000, 0.000000, -0.000000>
[COT 2025-08-28 04:21:11] 76561198024482897: ESP target=mmg_locker02_base<a8c7e1b0> action=orientation value=<157.309006, 0.000000, -0.000000>
[COT 2025-08-28 04:21:11] 76561198024482897: ESP target=mmg_locker02_base<a8c7e1b0> action=orientation value=<157.408997, 0.000000, -0.000000>
[COT 2025-08-28 04:21:11] 76561198024482897: ESP target=mmg_locker02_base<a8c7e1b0> action=orientation value=<157.509003, 0.000000, -0.000000>
[COT 2025-08-28 04:21:12] 76561198024482897: ESP target=mmg_locker02_base<a8c7e1b0> action=orientation value=<157.608994, 0.000000, -0.000000>
[COT 2025-08-28 04:21:12] 76561198024482897: ESP target=mmg_locker02_base<a8c7e1b0> action=orientation value=<157.709000, 0.000000, -0.000000>
[COT 2025-08-28 04:21:12] 76561198024482897: ESP target=mmg_locker02_base<a8c7e1b0> action=orientation value=<157.809006, 0.000000, -0.000000>
[COT 2025-08-28 04:21:12] 76561198024482897: ESP target=mmg_locker02_base<a8c7e1b0> action=orientation value=<158.009003, 0.000000, -0.000000>
[COT 2025-08-28 04:21:12] 76561198024482897: ESP target=mmg_locker02_base<a8c7e1b0> action=orientation value=<158.108994, 0.000000, -0.000000>
[COT 2025-08-28 04:21:12] 76561198024482897: ESP target=mmg_locker02_base<a8c7e1b0> action=orientation value=<158.209000, 0.000000, -0.000000>
[COT 2025-08-28 04:21:12] 76561198024482897: ESP target=mmg_locker02_base<a8c7e1b0> action=orientation value=<158.309006, 0.000000, -0.000000>
[COT 2025-08-28 04:21:12] 76561198024482897: ESP target=mmg_locker02_base<a8c7e1b0> action=orientation value=<158.408997, 0.000000, -0.000000>
[COT 2025-08-28 04:21:12] 76561198024482897: ESP target=mmg_locker02_base<a8c7e1b0> action=orientation value=<158.509003, 0.000000, -0.000000>
[COT 2025-08-28 04:21:12] 76561198024482897: ESP target=mmg_locker02_base<a8c7e1b0> action=orientation value=<158.608994, 0.000000, -0.000000>
[COT 2025-08-28 04:21:12] 76561198024482897: ESP target=mmg_locker02_base<a8c7e1b0> action=orientation value=<158.709000, 0.000000, -0.000000>
[COT 2025-08-28 04:21:12] 76561198024482897: ESP target=mmg_locker02_base<a8c7e1b0> action=orientation value=<158.809006, 0.000000, -0.000000>
[COT 2025-08-28 04:21:12] 76561198024482897: ESP target=mmg_locker02_base<a8c7e1b0> action=orientation value=<158.908997, 0.000000, -0.000000>
[COT 2025-08-28 04:21:16] 76561198024482897: ESP target=mmg_locker02_base<a8c7e1b0> action=orientation value=<158.807999, 0.000000, -0.000000>
[COT 2025-08-28 04:21:16] 76561198024482897: ESP target=mmg_locker02_base<a8c7e1b0> action=orientation value=<158.707993, 0.000000, -0.000000>
[COT 2025-08-28 04:21:16] 76561198024482897: ESP target=mmg_locker02_base<a8c7e1b0> action=orientation value=<158.608002, 0.000000, -0.000000>
[COT 2025-08-28 04:21:16] 76561198024482897: ESP target=mmg_locker02_base<a8c7e1b0> action=orientation value=<158.507996, 0.000000, -0.000000>
[COT 2025-08-28 04:21:17] 76561198024482897: ESP target=mmg_locker02_base<a8c7e1b0> action=orientation value=<158.408005, 0.000000, -0.000000>
[COT 2025-08-28 04:21:17] 76561198024482897: ESP target=mmg_locker02_base<a8c7e1b0> action=orientation value=<158.307999, 0.000000, -0.000000>
[COT 2025-08-28 04:21:17] 76561198024482897: ESP target=mmg_locker02_base<a8c7e1b0> action=orientation value=<158.207993, 0.000000, -0.000000>
[COT 2025-08-28 04:21:17] 76561198024482897: ESP target=mmg_locker02_base<a8c7e1b0> action=orientation value=<158.108002, 0.000000, -0.000000>
[COT 2025-08-28 04:21:17] 76561198024482897: ESP target=mmg_locker02_base<a8c7e1b0> action=orientation value=<158.007996, 0.000000, -0.000000>
[COT 2025-08-28 04:21:17] 76561198024482897: ESP target=mmg_locker02_base<a8c7e1b0> action=orientation value=<157.908005, 0.000000, -0.000000>
[COT 2025-08-28 04:21:17] 76561198024482897: ESP target=mmg_locker02_base<a8c7e1b0> action=orientation value=<157.807999, 0.000000, -0.000000>
[COT 2025-08-28 04:21:17] 76561198024482897: ESP target=mmg_locker02_base<a8c7e1b0> action=orientation value=<157.707993, 0.000000, -0.000000>
[COT 2025-08-28 04:21:17] 76561198024482897: ESP target=mmg_locker02_base<a8c7e1b0> action=orientation value=<157.608002, 0.000000, -0.000000>
[COT 2025-08-28 04:21:17] 76561198024482897: ESP target=mmg_locker02_base<a8c7e1b0> action=orientation value=<157.507996, 0.000000, -0.000000>
[COT 2025-08-28 04:21:17] 76561198024482897: ESP target=mmg_locker02_base<a8c7e1b0> action=orientation value=<157.307999, 0.000000, -0.000000>
[COT 2025-08-28 04:21:18] 76561198024482897: ESP target=mmg_locker02_base<a8c7e1b0> action=orientation value=<157.207993, 0.000000, -0.000000>
[COT 2025-08-28 04:21:18] 76561198024482897: ESP target=mmg_locker02_base<a8c7e1b0> action=orientation value=<157.108002, 0.000000, -0.000000>
[COT 2025-08-28 04:21:18] 76561198024482897: ESP target=mmg_locker02_base<a8c7e1b0> action=orientation value=<157.007996, 0.000000, -0.000000>
[COT 2025-08-28 04:21:18] 76561198024482897: ESP target=mmg_locker02_base<a8c7e1b0> action=orientation value=<156.908005, 0.000000, -0.000000>
[COT 2025-08-28 04:21:18] 76561198024482897: ESP target=mmg_locker02_base<a8c7e1b0> action=orientation value=<156.707993, 0.000000, -0.000000>
[COT 2025-08-28 04:21:18] 76561198024482897: ESP target=mmg_locker02_base<a8c7e1b0> action=orientation value=<156.608002, 0.000000, -0.000000>
[COT 2025-08-28 04:21:18] 76561198024482897: ESP target=mmg_locker02_base<a8c7e1b0> action=orientation value=<156.507996, 0.000000, -0.000000>
[COT 2025-08-28 04:21:18] 76561198024482897: ESP target=mmg_locker02_base<a8c7e1b0> action=orientation value=<156.408005, 0.000000, -0.000000>
[COT 2025-08-28 04:21:18] 76561198024482897: ESP target=mmg_locker02_base<a8c7e1b0> action=orientation value=<156.307999, 0.000000, -0.000000>
[COT 2025-08-28 04:21:18] 76561198024482897: ESP target=mmg_locker02_base<a8c7e1b0> action=orientation value=<156.207993, 0.000000, -0.000000>
[COT 2025-08-28 04:21:19] 76561198024482897: ESP target=mmg_locker02_base<a8c7e1b0> action=orientation value=<156.108002, 0.000000, -0.000000>
[COT 2025-08-28 04:21:19] 76561198024482897: ESP target=mmg_locker02_base<a8c7e1b0> action=orientation value=<156.007996, 0.000000, -0.000000>
[COT 2025-08-28 04:21:19] 76561198024482897: ESP target=mmg_locker02_base<a8c7e1b0> action=orientation value=<155.908005, 0.000000, -0.000000>
[COT 2025-08-28 04:21:19] 76561198024482897: ESP target=mmg_locker02_base<a8c7e1b0> action=orientation value=<155.807999, 0.000000, -0.000000>
[COT 2025-08-28 04:21:19] 76561198024482897: ESP target=mmg_locker02_base<a8c7e1b0> action=orientation value=<155.707993, 0.000000, -0.000000>
[COT 2025-08-28 04:21:19] 76561198024482897: ESP target=mmg_locker02_base<a8c7e1b0> action=orientation value=<155.608002, 0.000000, -0.000000>
[COT 2025-08-28 04:21:19] 76561198024482897: ESP target=mmg_locker02_base<a8c7e1b0> action=orientation value=<155.507996, 0.000000, -0.000000>
[COT 2025-08-28 04:21:19] 76561198024482897: ESP target=mmg_locker02_base<a8c7e1b0> action=orientation value=<155.307999, 0.000000, -0.000000>
[COT 2025-08-28 04:21:19] 76561198024482897: ESP target=mmg_locker02_base<a8c7e1b0> action=orientation value=<155.207993, 0.000000, -0.000000>
[COT 2025-08-28 04:21:19] 76561198024482897: ESP target=mmg_locker02_base<a8c7e1b0> action=orientation value=<155.108002, 0.000000, -0.000000>
[COT 2025-08-28 04:21:19] 76561198024482897: ESP target=mmg_locker02_base<a8c7e1b0> action=orientation value=<155.007996, 0.000000, -0.000000>
[COT 2025-08-28 04:21:19] 76561198024482897: ESP target=mmg_locker02_base<a8c7e1b0> action=orientation value=<154.908005, 0.000000, -0.000000>
[COT 2025-08-28 04:21:19] 76561198024482897: ESP target=mmg_locker02_base<a8c7e1b0> action=orientation value=<154.707993, 0.000000, -0.000000>
[COT 2025-08-28 04:21:19] 76561198024482897: ESP target=mmg_locker02_base<a8c7e1b0> action=orientation value=<154.608002, 0.000000, -0.000000>
[COT 2025-08-28 04:21:19] 76561198024482897: ESP target=mmg_locker02_base<a8c7e1b0> action=orientation value=<154.408005, 0.000000, -0.000000>
[COT 2025-08-28 04:21:19] 76561198024482897: ESP target=mmg_locker02_base<a8c7e1b0> action=orientation value=<154.307999, 0.000000, -0.000000>
[COT 2025-08-28 04:21:24] 76561198024482897: ESP target=mmg_locker02_base<a8c7e1b0> action=position value=<775.020020, 225.490997, 8560.179688>
[COT 2025-08-28 04:21:25] 76561198024482897: ESP target=mmg_locker02_base<a8c7e1b0> action=position value=<775.020020, 225.490997, 8560.280273>
[COT 2025-08-28 04:21:26] 76561198024482897: ESP target=mmg_locker02_base<a8c7e1b0> action=position value=<775.020020, 225.490997, 8560.179688>
[COT 2025-08-28 04:21:27] 76561198024482897: ESP target=mmg_locker02_base<a8c7e1b0> action=position value=<775.020020, 225.490997, 8560.080078>
[COT 2025-08-28 04:21:30] 76561198024482897: ESP: Clearing ESP
[COT 2025-08-28 04:37:22] 76561198024482897: Teleported 76561198024482897 to position <8335.818359, 329.165894, 1634.083496>
[COT 2025-08-28 04:37:57] 76561198024482897: Set Invisibility To 0 [guid=0nsyEhm9INQy3se8y-fXlbMHVv4YsIXloUCLC2unDyo=]
[COT 2025-08-28 04:39:15] 76561198024482897: Deactivated Community Online Tools [guid=0nsyEhm9INQy3se8y-fXlbMHVv4YsIXloUCLC2unDyo=]
[COT 2025-08-28 04:42:20] 76561198024482897: Activated Community Online Tools [guid=0nsyEhm9INQy3se8y-fXlbMHVv4YsIXloUCLC2unDyo=]
[COT 2025-08-28 04:42:20] 76561198024482897: Entered the Free Camera
[COT 2025-08-28 04:42:59] 76561198024482897: Left the Free Camera
[COT 2025-08-28 04:43:30] 76561198024482897: Entered the Free Camera
[COT 2025-08-28 04:44:22] 76561198024482897: ESP: Viewing ESP
[COT 2025-08-28 04:44:28] 76561198024482897: ESP: Clearing ESP
[COT 2025-08-28 04:44:28] 76561198024482897: ESP: ESP updating
[COT 2025-08-28 04:45:07] 76561198024482897: Spawned Entity Brown Bear (Animal_UrsusArctos<9c4d1820>, 100, 800, 15, 0) at <8424.884766, 332.810211, 1685.627686>
[COT 2025-08-28 04:45:19] 76561198024482897: Left the Free Camera
[COT 2025-08-28 04:45:20] 76561198024482897: Entered the Free Camera
[COT 2025-08-28 04:45:25] 76561198024482897: Left the Free Camera
[COT 2025-08-28 04:46:15] 76561198024482897: ESP: Clearing ESP
[COT 2025-08-28 04:46:15] 76561198024482897: ESP: ESP updating
[COT 2025-08-28 04:46:23] 76561198024482897: ESP target=Animal_UrsusArctos:591 position=<8360.153320, 322.911255, 1671.090942> action=delete
[COT 2025-08-28 04:46:29] 76561198024482897: ESP target=Animal_CanisLupus_White:392 position=<8309.168945, 303.164703, 1741.920044> action=delete
[COT 2025-08-28 04:46:32] 76561198024482897: ESP: Clearing ESP
[COT 2025-08-28 04:47:02] 76561198024482897: Set GodMode To true [guid=0nsyEhm9INQy3se8y-fXlbMHVv4YsIXloUCLC2unDyo=]
[COT 2025-08-28 04:47:49] 76561198024482897: Entered the Free Camera
[COT 2025-08-28 04:47:52] 76561198024482897: Left the Free Camera
[COT 2025-08-28 04:48:09] 76561198024482897: Set GodMode To false [guid=0nsyEhm9INQy3se8y-fXlbMHVv4YsIXloUCLC2unDyo=]
[COT 2025-08-28 04:48:10] 76561198024482897: Set GodMode To true [guid=0nsyEhm9INQy3se8y-fXlbMHVv4YsIXloUCLC2unDyo=]
[COT 2025-08-28 04:48:17] 76561198024482897: ESP: Viewing ESP
[COT 2025-08-28 04:51:58] 76561198024482897: ESP: Clearing ESP
[COT 2025-08-28 05:02:13] 76561198024482897: Spawned Entity 6SH118 Raid Backpack (FOG_Bag_6ShBagT_BlackEMR<76ed68e0>, 100, 300, 15, 0) at <8343.072266, 331.703827, 1631.806885>
[COT 2025-08-28 05:02:51] 76561198024482897: Deleted Entity FOG_Bag_6ShBagT_BlackEMR:8919 at <8343.671875, 331.649780, 1631.972778>
