[COT 2025-09-14 18:29:04] 76561198024482897: Activated Community Online Tools [guid=0nsyEhm9INQy3se8y-fXlbMHVv4YsIXloUCLC2unDyo=]
[COT 2025-09-14 18:29:09] 76561198024482897: Set GodMode To true [guid=0nsyEhm9INQy3se8y-fXlbMHVv4YsIXloUCLC2unDyo=]
[COT 2025-09-14 18:29:09] 76561198024482897: Set UnlimitedStamina To true [guid=0nsyEhm9INQy3se8y-fXlbMHVv4YsIXloUCLC2unDyo=]
[COT 2025-09-14 18:29:10] 76561198024482897: Set UnlimitedAmmo To true [guid=0nsyEhm9INQy3se8y-fXlbMHVv4YsIXloUCLC2unDyo=]
[COT 2025-09-14 18:29:33] 76561198024482897: Teleported 76561198024482897 to position <10967.258789, 185.490005, 8996.763672>
[COT 2025-09-14 18:29:38] 76561198024482897: Entered the Free Camera
[COT 2025-09-14 18:31:15] 76561198024482897: ESP: ESP updating
[COT 2025-09-14 18:31:58] 76561198024482897: Spawned Entity #str_KitBox7 (NomNom_Funko_Pop_Display_Modern_Kitbox<e88a09c0>, 100, 5000, 15, 0) at <10970.484375, 196.318344, 9043.761719>
[COT 2025-09-14 18:32:29] 76561198024482897: ESP: Clearing ESP
[COT 2025-09-14 18:32:30] 76561198024482897: ESP: ESP updating
[COT 2025-09-14 18:32:56] 76561198024482897: ESP: Clearing ESP
[COT 2025-09-14 18:32:58] 76561198024482897: ESP: ESP updating
[COT 2025-09-14 18:33:10] 76561198024482897: Deactivated Community Online Tools [guid=0nsyEhm9INQy3se8y-fXlbMHVv4YsIXloUCLC2unDyo=]
[COT 2025-09-14 18:33:11] 76561198024482897: Activated Community Online Tools [guid=0nsyEhm9INQy3se8y-fXlbMHVv4YsIXloUCLC2unDyo=]
[COT 2025-09-14 18:33:14] 76561198024482897: Left the Free Camera
[COT 2025-09-14 18:33:17] 76561198024482897: Created Deletion Backup '2025-09-14_18-33-17'
[COT 2025-09-14 18:33:38] 76561198024482897: Teleported 76561198024482897 to position <1902.319702, 178.610001, 7681.458984>
[COT 2025-09-14 18:34:37] 76561198024482897: Deleted Entity NomNom_Electronic_Display_Modern:4973 at <1813.241699, 183.472031, 7701.259277>
[COT 2025-09-14 18:36:04] 76561198024482897: Teleported 76561198024482897 to position <8918.815430, 474.136810, 2055.034668>
[COT 2025-09-14 18:36:11] 76561198024482897: Entered the Free Camera
[COT 2025-09-14 18:36:37] 76561198024482897: ESP: Clearing ESP
[COT 2025-09-14 18:36:38] 76561198024482897: ESP: ESP updating
[COT 2025-09-14 18:36:53] 76561198024482897: Teleported 76561198024482897 to position <7373.821289, 287.040009, 2637.580078>
[COT 2025-09-14 18:36:57] 76561198024482897: Left the Free Camera
[COT 2025-09-14 18:37:00] 76561198024482897: Entered the Free Camera
[COT 2025-09-14 18:38:12] 76561198024482897: Teleported 76561198024482897 to position <6127.464844, 386.421661, 4134.686523>
[COT 2025-09-14 18:38:16] 76561198024482897: Left the Free Camera
[COT 2025-09-14 18:38:18] 76561198024482897: Entered the Free Camera
[COT 2025-09-14 18:39:14] 76561198024482897: ESP: Clearing ESP
[COT 2025-09-14 18:39:30] 76561198024482897: Teleported 76561198024482897 to position <8340.605469, 330.907501, 1633.489990>
[COT 2025-09-14 18:39:32] 76561198024482897: Left the Free Camera
[COT 2025-09-14 18:40:00] 76561198024482897: Teleported 76561198024482897 to position <3723.466797, 238.020004, 10086.012695>
[COT 2025-09-14 18:40:19] 76561198024482897: Spawned Entity Gyrocopter (ExpansionBigGyrocopter<b9bb0980>, 100, 2750, 15, 0) at <3723.247803, 238.020020, 10060.148438>
[COT 2025-09-14 18:40:25] 76561198024482897: Spawned Entity Gyrocopter (ExpansionBigGyrocopter<f3003960>, 100, 2750, 15, 0) at <3737.303223, 238.019974, 10075.368164>
[COT 2025-09-14 18:40:39] 76561198024482897: Teleported 76561198024482897 to position <2000.000000, 393.377960, 5597.688477>
[COT 2025-09-14 18:40:45] 76561198024482897: Teleported 76561198024482897 to position <3687.558350, 238.157410, 10049.818359>
[COT 2025-09-14 18:42:04] 76561198024482897: Teleported 76561198024482897 to position <8339.790039, 331.071167, 1634.438354>
[COT 2025-09-14 18:42:20] 76561198024482897: Updated roles [guid=0nsyEhm9INQy3se8y-fXlbMHVv4YsIXloUCLC2unDyo=]
