[COT 2025-08-16 07:09:48] 76561198024482897: Activated Community Online Tools [guid=0nsyEhm9INQy3se8y-fXlbMHVv4YsIXloUCLC2unDyo=]
[COT 2025-08-16 07:09:57] 76561198024482897: Set Invisibility To 1 [guid=0nsyEhm9INQy3se8y-fXlbMHVv4YsIXloUCLC2unDyo=]
[COT 2025-08-16 07:09:58] 76561198024482897: Set GodMode To true [guid=0nsyEhm9INQy3se8y-fXlbMHVv4YsIXloUCLC2unDyo=]
[COT 2025-08-16 07:13:07] 76561198024482897: Teleported 76561198024482897 to position <6456.095703, 310.110260, 4755.240723>
[COT 2025-08-16 07:16:14] 76561198024482897: Set GodMode To false [guid=0nsyEhm9INQy3se8y-fXlbMHVv4YsIXloUCLC2unDyo=]
[COT 2025-08-16 07:16:15] 76561198024482897: Set GodMode To true [guid=0nsyEhm9INQy3se8y-fXlbMHVv4YsIXloUCLC2unDyo=]
[COT 2025-08-16 07:16:16] 76561198024482897: Set Invisibility To 0 [guid=0nsyEhm9INQy3se8y-fXlbMHVv4YsIXloUCLC2unDyo=]
[COT 2025-08-16 07:16:46] 76561198024482897: Set Invisibility To 1 [guid=0nsyEhm9INQy3se8y-fXlbMHVv4YsIXloUCLC2unDyo=]
[COT 2025-08-16 07:16:52] 76561198024482897: Teleported 76561198024482897 to position <6199.845703, 322.498291, 4797.785156>
[COT 2025-08-16 07:17:20] 76561198024482897: Teleported 76561198024482897 to position <6343.289063, 308.295502, 4983.794434>
[COT 2025-08-16 07:17:29] 76561198024482897: Teleported 76561198024482897 to position <6415.424316, 296.515167, 4916.766602>
[COT 2025-08-16 07:17:34] 76561198024482897: Teleported 76561198024482897 to position <6421.226563, 289.704956, 4925.481445>
[COT 2025-08-16 07:18:11] 76561198024482897: Teleported 76561198024482897 to position <6492.768066, 299.022339, 4899.136230>
[COT 2025-08-16 07:18:15] 76561198024482897: Teleported 76561198024482897 to position <6494.125488, 294.676697, 4927.785645>
[COT 2025-08-16 07:18:41] 76561198024482897: Teleported 76561198024482897 to position <6511.105957, 289.296631, 5062.886230>
[COT 2025-08-16 07:18:44] 76561198024482897: Teleported 76561198024482897 to position <6509.562012, 289.239441, 5055.167969>
[COT 2025-08-16 07:19:02] 76561198024482897: Teleported 76561198024482897 to position <6572.604980, 308.287537, 4604.759766>
[COT 2025-08-16 07:19:41] 76561198024482897: Teleported 76561198024482897 to position <6667.992188, 320.627716, 4649.856445>
[COT 2025-08-16 07:19:47] 76561198024482897: Teleported 76561198024482897 to position <6671.963379, 318.585205, 4609.006348>
[COT 2025-08-16 07:20:05] 76561198024482897: Teleported 76561198024482897 to position <6591.851563, 309.542664, 4682.081543>
[COT 2025-08-16 07:20:16] 76561198024482897: Teleported 76561198024482897 to position <6425.909180, 317.758331, 4614.929199>
[COT 2025-08-16 07:20:20] 76561198024482897: Teleported 76561198024482897 to position <6452.757324, 308.380005, 4607.553223>
[COT 2025-08-16 07:20:29] 76561198024482897: Teleported 76561198024482897 to position <6419.282715, 318.803009, 4601.833984>
[COT 2025-08-16 07:23:49] 76561198024482897: Teleported 76561198024482897 to position <1817.270630, 200.493240, 7356.750488>
[COT 2025-08-16 07:24:35] 76561198024482897: Teleported 76561198024482897 to position <1627.886719, 177.399902, 7593.599609>
[COT 2025-08-16 07:25:07] 76561198024482897: Teleported 76561198024482897 to position <1881.711060, 201.097397, 7330.043945>
[COT 2025-08-16 07:25:20] 76561198024482897: Teleported 76561198024482897 to position <1868.562134, 201.219620, 7367.170898>
[COT 2025-08-16 07:26:02] 76561198024482897: Teleported 76561198024482897 to position <1844.026733, 200.248306, 7279.092285>
[COT 2025-08-16 07:26:54] 76561198024482897: Teleported 76561198024482897 to position <1779.374146, 184.572906, 7449.194336>
[COT 2025-08-16 07:26:58] 76561198024482897: Teleported 76561198024482897 to position <1781.183105, 182.744644, 7480.354492>
[COT 2025-08-16 07:27:16] 76561198024482897: Teleported 76561198024482897 to position <1744.844604, 200.372131, 7354.899414>
[COT 2025-08-16 07:27:21] 76561198024482897: Teleported 76561198024482897 to position <1699.733521, 188.406601, 7397.442383>
[COT 2025-08-16 07:27:57] 76561198024482897: Teleported 76561198024482897 to position <1790.513184, 183.930359, 7476.472656>
[COT 2025-08-16 07:29:49] 76561198024482897: Teleported 76561198024482897 to position <2092.686279, 223.336685, 7268.406738>
[COT 2025-08-16 07:30:48] 76561198024482897: Teleported 76561198024482897 to position <2077.682373, 205.566528, 7486.750977>
[COT 2025-08-16 07:31:11] 76561198024482897: Teleported 76561198024482897 to position <2058.260010, 201.548080, 7491.304199>
[COT 2025-08-16 07:31:58] 76561198024482897: Teleported 76561198024482897 to position <2011.832642, 187.007660, 7548.718262>
[COT 2025-08-16 07:32:08] 76561198024482897: Teleported 76561198024482897 to position <2062.523682, 219.779999, 7314.678711>
