[COT 2025-08-25 07:40:50] 76561198024482897: Activated Community Online Tools [guid=0nsyEhm9INQy3se8y-fXlbMHVv4YsIXloUCLC2unDyo=]
[COT 2025-08-25 07:41:10] 76561198024482897: Spawned Entity Mystery Ranch BlackJack (FOG_Bag_BlackJack_MCB<ba35ead0>, 100, 300, 15, 0) at <8343.311523, 331.702911, 1638.983276>
[COT 2025-08-25 07:42:11] 76561198024482897: Deleted Entity FOG_Bag_BlackJack_MCB:13229 at <8343.979492, 331.702148, 1638.173706>
[COT 2025-08-25 07:53:35] 76561198024482897: Storm 1, 0.7, 25
[COT 2025-08-25 07:53:35] 76561198024482897: Overcast 0.735212, 0, 240
[COT 2025-08-25 07:53:35] 76561198024482897: Rain 0.867565, 0, 240
[COT 2025-08-25 07:53:35] 76561198024482897: Snow 0, 0, 240
[COT 2025-08-25 07:53:35] 76561198024482897: Fog 0.335106, 0, 240
[COT 2025-08-25 07:53:35] 76561198024482897: DynamicFog 0, 0, 0
[COT 2025-08-25 07:53:35] 76561198024482897: WindMagnitude 17.7837, 0, 240
[COT 2025-08-25 07:53:35] 76561198024482897: WindDirection 1.45506, 0, 240
[COT 2025-08-25 07:53:35] 76561198024482897: WindFunction 0.225257, 0.909112, 7.34275
[COT 2025-08-25 07:53:41] 76561198024482897: Date 1000/7/17 0:0
[COT 2025-08-25 17:53:31] 76561198024482897: Activated Community Online Tools [guid=0nsyEhm9INQy3se8y-fXlbMHVv4YsIXloUCLC2unDyo=]
[COT 2025-08-25 17:54:00] 76561198024482897: Teleported 76561198024482897 to position <5099.854492, 510.465363, 2097.626465>
[COT 2025-08-25 17:55:53] 76561198024482897: Teleported 76561198024482897 to position <8347.553711, 325.543854, 1637.149780>
[COT 2025-08-25 18:05:37] 76561198024482897: Deactivated Community Online Tools [guid=0nsyEhm9INQy3se8y-fXlbMHVv4YsIXloUCLC2unDyo=]
[COT 2025-08-25 18:05:39] 76561198024482897: Activated Community Online Tools [guid=0nsyEhm9INQy3se8y-fXlbMHVv4YsIXloUCLC2unDyo=]
[COT 2025-08-25 19:18:33] 76561198024482897: Activated Community Online Tools [guid=0nsyEhm9INQy3se8y-fXlbMHVv4YsIXloUCLC2unDyo=]
[COT 2025-08-25 19:20:45] 76561198024482897: Deactivated Community Online Tools [guid=0nsyEhm9INQy3se8y-fXlbMHVv4YsIXloUCLC2unDyo=]
[COT 2025-08-25 20:34:26] 76561198024482897: Activated Community Online Tools [guid=0nsyEhm9INQy3se8y-fXlbMHVv4YsIXloUCLC2unDyo=]
[COT 2025-08-25 23:26:27] 76561198024482897: Activated Community Online Tools [guid=0nsyEhm9INQy3se8y-fXlbMHVv4YsIXloUCLC2unDyo=]
[COT 2025-08-25 23:32:15] 76561198024482897: Activated Community Online Tools [guid=0nsyEhm9INQy3se8y-fXlbMHVv4YsIXloUCLC2unDyo=]
[COT 2025-08-25 23:38:26] 76561198024482897: Deactivated Community Online Tools [guid=0nsyEhm9INQy3se8y-fXlbMHVv4YsIXloUCLC2unDyo=]
[COT 2025-08-25 23:38:27] 76561198024482897: Activated Community Online Tools [guid=0nsyEhm9INQy3se8y-fXlbMHVv4YsIXloUCLC2unDyo=]
[COT 2025-08-25 23:39:19] 76561198024482897: Spawned Entity First Aid Case (InediaPain_FirstAidCase_Black<755c76b0>, 100, 750, 15, 0) at <8344.695313, 334.705200, 1637.618774>
[COT 2025-08-25 23:39:31] 76561198024482897: Set GodMode To true [guid=0nsyEhm9INQy3se8y-fXlbMHVv4YsIXloUCLC2unDyo=]
[COT 2025-08-25 23:39:32] 76561198024482897: Set Invisibility To 1 [guid=0nsyEhm9INQy3se8y-fXlbMHVv4YsIXloUCLC2unDyo=]
[COT 2025-08-25 23:39:49] 76561198024482897: Teleported 76561198024482897 to position <8135.308594, 266.065338, 9172.319336>
[COT 2025-08-25 23:40:14] 76561198024482897: Teleported 76561198024482897 to position <10339.999023, 217.698166, 5909.070801>
[COT 2025-08-25 23:40:37] 76561198024482897: Teleported 76561198024482897 to position <10351.514648, 217.930817, 5909.372070>
[COT 2025-08-25 23:40:39] 76561198024482897: Teleported 76561198024482897 to position <10373.515625, 219.766632, 5881.504883>
[COT 2025-08-25 23:40:50] 76561198024482897: Teleported 76561198024482897 to position <10372.737305, 219.867050, 5890.054199>
[COT 2025-08-25 23:40:52] 76561198024482897: Teleported 76561198024482897 to position <10371.689453, 219.611374, 5893.721680>
[COT 2025-08-25 23:40:55] 76561198024482897: Teleported 76561198024482897 to position <10368.000977, 219.156296, 5897.682129>
[COT 2025-08-25 23:40:56] 76561198024482897: Teleported 76561198024482897 to position <10368.262695, 218.874359, 5903.183105>
[COT 2025-08-25 23:40:57] 76561198024482897: Teleported 76561198024482897 to position <10365.642578, 218.530609, 5904.493652>
[COT 2025-08-25 23:40:58] 76561198024482897: Teleported 76561198024482897 to position <10361.713867, 218.048386, 5907.112793>
[COT 2025-08-25 23:40:59] 76561198024482897: Teleported 76561198024482897 to position <10363.809570, 218.398453, 5908.422852>
[COT 2025-08-25 23:41:01] 76561198024482897: Teleported 76561198024482897 to position <10361.451172, 218.020447, 5906.924316>
[COT 2025-08-25 23:41:44] 76561198024482897: Spawned Entity Tramadol (InediaPain_Tramadol<614e71b0>, 10, 30, 15, 0) at <10361.084961, 218.306320, 5912.370117>
[COT 2025-08-25 23:41:44] 76561198024482897: Spawned Entity Tramadol (InediaPain_Tramadol<614fab50>, 10, 30, 15, 0) at <10361.118164, 218.375504, 5912.369141>
[COT 2025-08-25 23:41:44] 76561198024482897: Spawned Entity Tramadol (InediaPain_Tramadol<61509c90>, 10, 30, 15, 0) at <10361.153320, 218.444641, 5912.367676>
[COT 2025-08-25 23:41:44] 76561198024482897: Spawned Entity Tramadol (InediaPain_Tramadol<f5c34c90>, 10, 30, 15, 0) at <10361.194336, 218.523529, 5912.366211>
[COT 2025-08-25 23:41:48] 76561198024482897: Spawned Entity Tranexam (InediaPain_Vikasol<f5c364b0>, 10, 30, 15, 0) at <10361.231445, 218.602448, 5912.370117>
[COT 2025-08-25 23:41:49] 76561198024482897: Spawned Entity Tranexam (InediaPain_Vikasol<f5c16a10>, 10, 30, 15, 0) at <10361.269531, 218.680511, 5912.370605>
[COT 2025-08-25 23:41:49] 76561198024482897: Spawned Entity Tranexam (InediaPain_Vikasol<f5c206e0>, 10, 30, 15, 0) at <10361.303711, 218.749969, 5912.370605>
[COT 2025-08-25 23:41:49] 76561198024482897: Spawned Entity Tranexam (InediaPain_Vikasol<5e0dad70>, 10, 30, 15, 0) at <10361.342773, 218.828003, 5912.371582>
[COT 2025-08-25 23:41:49] 76561198024482897: Spawned Entity Tranexam (InediaPain_Vikasol<5e0fb420>, 10, 30, 15, 0) at <10361.381836, 218.906357, 5912.371582>
[COT 2025-08-25 23:41:53] 76561198024482897: Spawned Entity Metoclopramide (InediaPain_Metoclopramide<77dd1c90>, 10, 30, 15, 0) at <10361.422852, 218.975037, 5912.361816>
[COT 2025-08-25 23:41:53] 76561198024482897: Spawned Entity Metoclopramide (InediaPain_Metoclopramide<77dd9530>, 10, 30, 15, 0) at <10361.458984, 219.053940, 5912.362305>
[COT 2025-08-25 23:41:53] 76561198024482897: Spawned Entity Metoclopramide (InediaPain_Metoclopramide<77da1890>, 10, 30, 15, 0) at <10361.496094, 219.132919, 5912.362793>
[COT 2025-08-25 23:41:53] 76561198024482897: Spawned Entity Metoclopramide (InediaPain_Metoclopramide<76ac40e0>, 10, 30, 15, 0) at <10361.534180, 219.211823, 5912.362793>
[COT 2025-08-25 23:41:56] 76561198024482897: Spawned Entity Sorbifer Durules (InediaPain_Sorbifer<76ae1750>, 10, 30, 15, 0) at <10361.566406, 219.281174, 5912.368652>
[COT 2025-08-25 23:41:56] 76561198024482897: Spawned Entity Sorbifer Durules (InediaPain_Sorbifer<5cedd370>, 10, 30, 15, 0) at <10361.605469, 219.360092, 5912.368652>
[COT 2025-08-25 23:41:56] 76561198024482897: Spawned Entity Sorbifer Durules (InediaPain_Sorbifer<5ced66e0>, 10, 30, 15, 0) at <10361.640625, 219.429276, 5912.369629>
[COT 2025-08-25 23:42:21] 76561198024482897: Teleported 76561198024482897 to position <8345.204102, 322.619995, 1640.119141>
[COT 2025-08-25 23:42:39] 76561198024482897: Set GodMode To false [guid=0nsyEhm9INQy3se8y-fXlbMHVv4YsIXloUCLC2unDyo=]
