[COT 2025-09-11 02:15:00] 76561198024482897: Activated Community Online Tools [guid=0nsyEhm9INQy3se8y-fXlbMHVv4YsIXloUCLC2unDyo=]
[COT 2025-09-11 02:15:00] 76561198024482897: Set GodMode To true [guid=0nsyEhm9INQy3se8y-fXlbMHVv4YsIXloUCLC2unDyo=]
[COT 2025-09-11 02:15:00] 76561198024482897: Set GodMode To true [guid=0nsyEhm9INQy3se8y-fXlbMHVv4YsIXloUCLC2unDyo=]
[COT 2025-09-11 02:15:00] 76561198024482897: Set GodMode To true [guid=0nsyEhm9INQy3se8y-fXlbMHVv4YsIXloUCLC2unDyo=]
[COT 2025-09-11 02:15:00] 76561198024482897: Set GodMode To true [guid=0nsyEhm9INQy3se8y-fXlbMHVv4YsIXloUCLC2unDyo=]
[COT 2025-09-11 02:15:00] 76561198024482897: Set GodMode To true [guid=0nsyEhm9INQy3se8y-fXlbMHVv4YsIXloUCLC2unDyo=]
[COT 2025-09-11 02:15:01] 76561198024482897: Set GodMode To false [guid=0nsyEhm9INQy3se8y-fXlbMHVv4YsIXloUCLC2unDyo=]
[COT 2025-09-11 02:15:02] 76561198024482897: Set GodMode To true [guid=0nsyEhm9INQy3se8y-fXlbMHVv4YsIXloUCLC2unDyo=]
[COT 2025-09-11 02:15:10] 76561198024482897: Set UnlimitedAmmo To true [guid=0nsyEhm9INQy3se8y-fXlbMHVv4YsIXloUCLC2unDyo=]
[COT 2025-09-11 02:15:12] 76561198024482897: Set AdminNVG To true [guid=0nsyEhm9INQy3se8y-fXlbMHVv4YsIXloUCLC2unDyo=]
[COT 2025-09-11 02:15:31] 76561198024482897: ESP: Viewing ESP
[COT 2025-09-11 02:15:44] 76561198024482897: Teleported 76561198024482897 to position <749.219910, 531.604431, 1229.196899>
[COT 2025-09-11 02:15:55] 76561198024482897: Teleported [guid=0nsyEhm9INQy3se8y-fXlbMHVv4YsIXloUCLC2unDyo=] to <739.658020, 531.422974, 1230.410034>
[COT 2025-09-11 02:16:41] 76561198024482897: Set UnlimitedStamina To true [guid=0nsyEhm9INQy3se8y-fXlbMHVv4YsIXloUCLC2unDyo=]
[COT 2025-09-11 02:20:05] 76561198024482897: Set GodMode To false [guid=0nsyEhm9INQy3se8y-fXlbMHVv4YsIXloUCLC2unDyo=]
[COT 2025-09-11 02:20:08] 76561198024482897: Teleported 76561198024482897 to position <760.417297, 533.660645, 1233.087891>
[COT 2025-09-11 02:20:23] 76561198024482897: Set GodMode To true [guid=0nsyEhm9INQy3se8y-fXlbMHVv4YsIXloUCLC2unDyo=]
[COT 2025-09-11 02:20:27] 76561198024482897: Set remove collision to true [guid=0nsyEhm9INQy3se8y-fXlbMHVv4YsIXloUCLC2unDyo=]
[COT 2025-09-11 02:21:49] 76561198024482897: Set AdminNVG To false [guid=0nsyEhm9INQy3se8y-fXlbMHVv4YsIXloUCLC2unDyo=]
[COT 2025-09-11 02:27:59] 76561198024482897: Set GodMode To false [guid=0nsyEhm9INQy3se8y-fXlbMHVv4YsIXloUCLC2unDyo=]
[COT 2025-09-11 02:28:00] 76561198024482897: Set GodMode To true [guid=0nsyEhm9INQy3se8y-fXlbMHVv4YsIXloUCLC2unDyo=]
[COT 2025-09-11 02:28:10] 76561198024482897: Teleported [guid=0nsyEhm9INQy3se8y-fXlbMHVv4YsIXloUCLC2unDyo=] to <742.310669, 531.422791, 1230.180664>
[COT 2025-09-11 02:28:12] 76561198024482897: Teleported to <742.310669, 531.422791, 1230.180664> [guid=0nsyEhm9INQy3se8y-fXlbMHVv4YsIXloUCLC2unDyo=]
[COT 2025-09-11 02:28:19] 76561198024482897: Teleported [guid=0nsyEhm9INQy3se8y-fXlbMHVv4YsIXloUCLC2unDyo=] to <736.458008, 531.422974, 1230.180054>
[COT 2025-09-11 02:28:55] 76561198024482897: Set GodMode To false [guid=0nsyEhm9INQy3se8y-fXlbMHVv4YsIXloUCLC2unDyo=]
[COT 2025-09-11 02:28:56] 76561198024482897: Set GodMode To true [guid=0nsyEhm9INQy3se8y-fXlbMHVv4YsIXloUCLC2unDyo=]
[COT 2025-09-11 02:29:00] 76561198024482897: Set AdminNVG To true [guid=0nsyEhm9INQy3se8y-fXlbMHVv4YsIXloUCLC2unDyo=]
[COT 2025-09-11 02:29:01] 76561198024482897: Set GodMode To false [guid=0nsyEhm9INQy3se8y-fXlbMHVv4YsIXloUCLC2unDyo=]
