[COT 2025-08-19 06:26:53] 76561198024482897: Activated Community Online Tools [guid=0nsyEhm9INQy3se8y-fXlbMHVv4YsIXloUCLC2unDyo=]
[COT 2025-08-19 06:26:59] 76561198024482897: Healed [guid=0nsyEhm9INQy3se8y-fXlbMHVv4YsIXloUCLC2unDyo=]
[COT 2025-08-19 06:27:10] 76561198024482897: Deactivated Community Online Tools [guid=0nsyEhm9INQy3se8y-fXlbMHVv4YsIXloUCLC2unDyo=]
[COT 2025-08-19 06:28:21] 76561198024482897: Activated Community Online Tools [guid=0nsyEhm9INQy3se8y-fXlbMHVv4YsIXloUCLC2unDyo=]
[COT 2025-08-19 06:55:50] 76561198024482897: Activated Community Online Tools [guid=0nsyEhm9INQy3se8y-fXlbMHVv4YsIXloUCLC2unDyo=]
[COT 2025-08-19 07:00:39] 76561198024482897: Deactivated Community Online Tools [guid=0nsyEhm9INQy3se8y-fXlbMHVv4YsIXloUCLC2unDyo=]
[COT 2025-08-19 07:00:40] 76561198024482897: Activated Community Online Tools [guid=0nsyEhm9INQy3se8y-fXlbMHVv4YsIXloUCLC2unDyo=]
[COT 2025-08-19 07:00:45] 76561198024482897: ESP: Viewing ESP
[COT 2025-08-19 07:03:40] 76561198024482897: ESP: Clearing ESP
[COT 2025-08-19 07:13:06] 76561198024482897: Deactivated Community Online Tools [guid=0nsyEhm9INQy3se8y-fXlbMHVv4YsIXloUCLC2unDyo=]
[COT 2025-08-19 07:13:07] 76561198024482897: Activated Community Online Tools [guid=0nsyEhm9INQy3se8y-fXlbMHVv4YsIXloUCLC2unDyo=]
[COT 2025-08-19 07:13:17] 76561198024482897: ESP: Viewing ESP
[COT 2025-08-19 07:13:24] 76561198024482897: ESP target=ExpansionSafeLarge<26063e30> action=orientation value=<40.273399, 0.000000, 0.000000>
[COT 2025-08-19 07:13:25] 76561198024482897: ESP target=ExpansionSafeLarge<26063e30> action=orientation value=<40.173401, 0.000000, 0.000000>
[COT 2025-08-19 07:13:25] 76561198024482897: ESP target=ExpansionSafeLarge<26063e30> action=orientation value=<40.073399, 0.000000, -0.000000>
[COT 2025-08-19 07:13:25] 76561198024482897: ESP target=ExpansionSafeLarge<26063e30> action=orientation value=<39.973400, 0.000000, -0.000000>
[COT 2025-08-19 07:13:25] 76561198024482897: ESP target=ExpansionSafeLarge<26063e30> action=orientation value=<39.873402, 0.000000, -0.000000>
[COT 2025-08-19 07:13:25] 76561198024482897: ESP target=ExpansionSafeLarge<26063e30> action=orientation value=<39.773399, 0.000000, -0.000000>
[COT 2025-08-19 07:13:25] 76561198024482897: ESP target=ExpansionSafeLarge<26063e30> action=orientation value=<39.673401, 0.000000, -0.000000>
[COT 2025-08-19 07:13:25] 76561198024482897: ESP target=ExpansionSafeLarge<26063e30> action=orientation value=<39.573399, 0.000000, -0.000000>
[COT 2025-08-19 07:13:25] 76561198024482897: ESP target=ExpansionSafeLarge<26063e30> action=orientation value=<39.473400, 0.000000, -0.000000>
[COT 2025-08-19 07:13:25] 76561198024482897: ESP target=ExpansionSafeLarge<26063e30> action=orientation value=<39.373402, 0.000000, -0.000000>
[COT 2025-08-19 07:13:25] 76561198024482897: ESP target=ExpansionSafeLarge<26063e30> action=orientation value=<39.273399, 0.000000, -0.000000>
[COT 2025-08-19 07:13:25] 76561198024482897: ESP target=ExpansionSafeLarge<26063e30> action=orientation value=<39.173401, 0.000000, -0.000000>
[COT 2025-08-19 07:13:25] 76561198024482897: ESP target=ExpansionSafeLarge<26063e30> action=orientation value=<39.073399, 0.000000, -0.000000>
[COT 2025-08-19 07:13:25] 76561198024482897: ESP target=ExpansionSafeLarge<26063e30> action=orientation value=<38.973400, 0.000000, -0.000000>
[COT 2025-08-19 07:13:25] 76561198024482897: ESP target=ExpansionSafeLarge<26063e30> action=orientation value=<38.873402, 0.000000, -0.000000>
[COT 2025-08-19 07:13:26] 76561198024482897: ESP target=ExpansionSafeLarge<26063e30> action=orientation value=<38.773399, 0.000000, -0.000000>
[COT 2025-08-19 07:13:26] 76561198024482897: ESP target=ExpansionSafeLarge<26063e30> action=orientation value=<38.673401, 0.000000, -0.000000>
[COT 2025-08-19 07:13:26] 76561198024482897: ESP target=ExpansionSafeLarge<26063e30> action=orientation value=<38.573399, 0.000000, -0.000000>
[COT 2025-08-19 07:13:26] 76561198024482897: ESP target=ExpansionSafeLarge<26063e30> action=orientation value=<38.473400, 0.000000, -0.000000>
[COT 2025-08-19 07:13:26] 76561198024482897: ESP target=ExpansionSafeLarge<26063e30> action=orientation value=<38.373402, 0.000000, -0.000000>
[COT 2025-08-19 07:13:26] 76561198024482897: ESP target=ExpansionSafeLarge<26063e30> action=orientation value=<38.273399, 0.000000, -0.000000>
[COT 2025-08-19 07:13:26] 76561198024482897: ESP target=ExpansionSafeLarge<26063e30> action=orientation value=<38.173401, 0.000000, -0.000000>
[COT 2025-08-19 07:13:26] 76561198024482897: ESP target=ExpansionSafeLarge<26063e30> action=orientation value=<38.073399, 0.000000, -0.000000>
[COT 2025-08-19 07:13:26] 76561198024482897: ESP target=ExpansionSafeLarge<26063e30> action=orientation value=<37.973400, 0.000000, -0.000000>
[COT 2025-08-19 07:13:26] 76561198024482897: ESP target=ExpansionSafeLarge<26063e30> action=orientation value=<37.873402, 0.000000, -0.000000>
[COT 2025-08-19 07:13:26] 76561198024482897: ESP target=ExpansionSafeLarge<26063e30> action=orientation value=<37.773399, 0.000000, -0.000000>
[COT 2025-08-19 07:13:26] 76561198024482897: ESP target=ExpansionSafeLarge<26063e30> action=orientation value=<37.673401, 0.000000, -0.000000>
[COT 2025-08-19 07:13:26] 76561198024482897: ESP target=ExpansionSafeLarge<26063e30> action=orientation value=<37.573399, 0.000000, -0.000000>
[COT 2025-08-19 07:13:26] 76561198024482897: ESP target=ExpansionSafeLarge<26063e30> action=orientation value=<37.473400, 0.000000, -0.000000>
[COT 2025-08-19 07:13:27] 76561198024482897: ESP target=ExpansionSafeLarge<26063e30> action=orientation value=<37.373402, 0.000000, -0.000000>
[COT 2025-08-19 07:13:27] 76561198024482897: ESP target=ExpansionSafeLarge<26063e30> action=orientation value=<37.273399, 0.000000, -0.000000>
[COT 2025-08-19 07:13:27] 76561198024482897: ESP target=ExpansionSafeLarge<26063e30> action=orientation value=<37.173401, 0.000000, -0.000000>
[COT 2025-08-19 07:13:27] 76561198024482897: ESP target=ExpansionSafeLarge<26063e30> action=orientation value=<37.073399, 0.000000, -0.000000>
[COT 2025-08-19 07:13:27] 76561198024482897: ESP target=ExpansionSafeLarge<26063e30> action=orientation value=<36.973400, 0.000000, -0.000000>
[COT 2025-08-19 07:13:27] 76561198024482897: ESP target=ExpansionSafeLarge<26063e30> action=orientation value=<36.873402, 0.000000, -0.000000>
[COT 2025-08-19 07:13:27] 76561198024482897: ESP target=ExpansionSafeLarge<26063e30> action=orientation value=<36.773399, 0.000000, -0.000000>
[COT 2025-08-19 07:13:27] 76561198024482897: ESP target=ExpansionSafeLarge<26063e30> action=orientation value=<36.673401, 0.000000, -0.000000>
[COT 2025-08-19 07:13:27] 76561198024482897: ESP target=ExpansionSafeLarge<26063e30> action=orientation value=<36.573399, 0.000000, -0.000000>
[COT 2025-08-19 07:13:28] 76561198024482897: ESP target=ExpansionSafeLarge<26063e30> action=orientation value=<36.473400, 0.000000, -0.000000>
[COT 2025-08-19 07:13:28] 76561198024482897: ESP target=ExpansionSafeLarge<26063e30> action=orientation value=<36.373402, 0.000000, -0.000000>
[COT 2025-08-19 07:13:28] 76561198024482897: ESP target=ExpansionSafeLarge<26063e30> action=orientation value=<36.273399, 0.000000, -0.000000>
[COT 2025-08-19 07:13:28] 76561198024482897: ESP target=ExpansionSafeLarge<26063e30> action=orientation value=<36.173401, 0.000000, -0.000000>
[COT 2025-08-19 07:13:28] 76561198024482897: ESP target=ExpansionSafeLarge<26063e30> action=orientation value=<36.073399, 0.000000, -0.000000>
[COT 2025-08-19 07:13:28] 76561198024482897: ESP target=ExpansionSafeLarge<26063e30> action=orientation value=<35.973400, 0.000000, -0.000000>
[COT 2025-08-19 07:13:28] 76561198024482897: ESP target=ExpansionSafeLarge<26063e30> action=orientation value=<35.873402, 0.000000, -0.000000>
[COT 2025-08-19 07:13:28] 76561198024482897: ESP target=ExpansionSafeLarge<26063e30> action=orientation value=<35.773399, 0.000000, -0.000000>
[COT 2025-08-19 07:13:28] 76561198024482897: ESP target=ExpansionSafeLarge<26063e30> action=orientation value=<35.673401, 0.000000, -0.000000>
[COT 2025-08-19 07:13:28] 76561198024482897: ESP target=ExpansionSafeLarge<26063e30> action=orientation value=<35.573399, 0.000000, -0.000000>
[COT 2025-08-19 07:13:28] 76561198024482897: ESP target=ExpansionSafeLarge<26063e30> action=orientation value=<35.473400, 0.000000, -0.000000>
[COT 2025-08-19 07:13:28] 76561198024482897: ESP target=ExpansionSafeLarge<26063e30> action=orientation value=<35.373402, 0.000000, -0.000000>
[COT 2025-08-19 07:13:28] 76561198024482897: ESP target=ExpansionSafeLarge<26063e30> action=orientation value=<35.273399, 0.000000, -0.000000>
[COT 2025-08-19 07:13:28] 76561198024482897: ESP target=ExpansionSafeLarge<26063e30> action=orientation value=<35.173401, 0.000000, -0.000000>
[COT 2025-08-19 07:13:28] 76561198024482897: ESP target=ExpansionSafeLarge<26063e30> action=orientation value=<35.073399, 0.000000, -0.000000>
[COT 2025-08-19 07:13:28] 76561198024482897: ESP target=ExpansionSafeLarge<26063e30> action=orientation value=<34.973400, 0.000000, -0.000000>
[COT 2025-08-19 07:13:28] 76561198024482897: ESP target=ExpansionSafeLarge<26063e30> action=orientation value=<34.873402, 0.000000, -0.000000>
[COT 2025-08-19 07:13:28] 76561198024482897: ESP target=ExpansionSafeLarge<26063e30> action=orientation value=<34.773399, 0.000000, -0.000000>
[COT 2025-08-19 07:13:28] 76561198024482897: ESP target=ExpansionSafeLarge<26063e30> action=orientation value=<34.673401, 0.000000, -0.000000>
[COT 2025-08-19 07:13:28] 76561198024482897: ESP target=ExpansionSafeLarge<26063e30> action=orientation value=<34.573399, 0.000000, -0.000000>
[COT 2025-08-19 07:13:28] 76561198024482897: ESP target=ExpansionSafeLarge<26063e30> action=orientation value=<34.473400, 0.000000, -0.000000>
[COT 2025-08-19 07:13:29] 76561198024482897: ESP target=ExpansionSafeLarge<26063e30> action=orientation value=<34.373402, 0.000000, -0.000000>
[COT 2025-08-19 07:13:29] 76561198024482897: ESP target=ExpansionSafeLarge<26063e30> action=orientation value=<34.273399, 0.000000, -0.000000>
[COT 2025-08-19 07:13:29] 76561198024482897: ESP target=ExpansionSafeLarge<26063e30> action=orientation value=<34.173401, 0.000000, -0.000000>
[COT 2025-08-19 07:13:29] 76561198024482897: ESP target=ExpansionSafeLarge<26063e30> action=orientation value=<34.073399, 0.000000, -0.000000>
[COT 2025-08-19 07:13:29] 76561198024482897: ESP target=ExpansionSafeLarge<26063e30> action=orientation value=<33.973400, 0.000000, -0.000000>
[COT 2025-08-19 07:13:29] 76561198024482897: ESP target=ExpansionSafeLarge<26063e30> action=orientation value=<33.873402, 0.000000, -0.000000>
[COT 2025-08-19 07:13:29] 76561198024482897: ESP target=ExpansionSafeLarge<26063e30> action=orientation value=<33.773399, 0.000000, -0.000000>
[COT 2025-08-19 07:13:29] 76561198024482897: ESP target=ExpansionSafeLarge<26063e30> action=orientation value=<33.673401, 0.000000, -0.000000>
[COT 2025-08-19 07:13:29] 76561198024482897: ESP target=ExpansionSafeLarge<26063e30> action=orientation value=<33.573399, 0.000000, -0.000000>
[COT 2025-08-19 07:13:30] 76561198024482897: ESP target=ExpansionSafeLarge<26063e30> action=orientation value=<33.473400, 0.000000, -0.000000>
[COT 2025-08-19 07:13:30] 76561198024482897: ESP target=ExpansionSafeLarge<26063e30> action=orientation value=<33.373402, 0.000000, -0.000000>
[COT 2025-08-19 07:13:32] 76561198024482897: ESP target=ExpansionSafeLarge<26063e30> action=position value=<8342.709961, 333.674011, 1634.890015>
[COT 2025-08-19 07:13:32] 76561198024482897: ESP target=ExpansionSafeLarge<26063e30> action=position value=<8342.709961, 334.674011, 1634.890015>
[COT 2025-08-19 07:13:38] 76561198024482897: ESP target=ExpansionSafeLarge<26063e30> action=position value=<8342.709961, 334.574005, 1634.890015>
[COT 2025-08-19 07:13:39] 76561198024482897: ESP target=ExpansionSafeLarge<26063e30> action=position value=<8342.709961, 334.473999, 1634.890015>
[COT 2025-08-19 07:13:39] 76561198024482897: ESP target=ExpansionSafeLarge<26063e30> action=position value=<8342.709961, 334.373993, 1634.890015>
[COT 2025-08-19 07:13:39] 76561198024482897: ESP target=ExpansionSafeLarge<26063e30> action=position value=<8342.709961, 334.273987, 1634.890015>
[COT 2025-08-19 07:13:40] 76561198024482897: ESP target=ExpansionSafeLarge<26063e30> action=position value=<8342.709961, 334.174011, 1634.890015>
[COT 2025-08-19 07:13:42] 76561198024482897: ESP target=ExpansionSafeLarge<26063e30> action=position value=<8342.709961, 334.074005, 1634.890015>
[COT 2025-08-19 07:13:42] 76561198024482897: ESP target=ExpansionSafeLarge<26063e30> action=position value=<8342.709961, 333.973999, 1634.890015>
[COT 2025-08-19 07:13:46] 76561198024482897: ESP target=ExpansionSafeLarge<26063e30> action=position value=<8342.709961, 333.873993, 1634.890015>
[COT 2025-08-19 07:13:46] 76561198024482897: ESP target=ExpansionSafeLarge<26063e30> action=position value=<8342.709961, 333.773987, 1634.890015>
[COT 2025-08-19 07:13:47] 76561198024482897: ESP target=ExpansionSafeLarge<26063e30> action=position value=<8342.709961, 333.674011, 1634.890015>
[COT 2025-08-19 07:13:48] 76561198024482897: ESP target=ExpansionSafeLarge<26063e30> action=position value=<8342.709961, 333.574005, 1634.890015>
[COT 2025-08-19 07:13:49] 76561198024482897: ESP target=ExpansionSafeLarge<26063e30> action=position value=<8342.709961, 333.473999, 1634.890015>
[COT 2025-08-19 07:13:50] 76561198024482897: ESP target=ExpansionSafeLarge<26063e30> action=position value=<8342.709961, 333.373993, 1634.890015>
[COT 2025-08-19 07:13:50] 76561198024482897: ESP target=ExpansionSafeLarge<26063e30> action=position value=<8342.709961, 333.273987, 1634.890015>
[COT 2025-08-19 07:13:52] 76561198024482897: ESP target=ExpansionSafeLarge<26063e30> action=position value=<8342.709961, 333.174011, 1634.890015>
[COT 2025-08-19 07:13:52] 76561198024482897: ESP target=ExpansionSafeLarge<26063e30> action=position value=<8342.709961, 333.074005, 1634.890015>
[COT 2025-08-19 07:13:53] 76561198024482897: ESP target=ExpansionSafeLarge<26063e30> action=position value=<8342.709961, 332.973999, 1634.890015>
[COT 2025-08-19 07:13:53] 76561198024482897: ESP target=ExpansionSafeLarge<26063e30> action=position value=<8342.709961, 332.873993, 1634.890015>
[COT 2025-08-19 07:13:56] 76561198024482897: ESP target=ExpansionSafeLarge<26063e30> action=position value=<8342.709961, 332.773987, 1634.890015>
[COT 2025-08-19 07:14:01] 76561198024482897: ESP target=ExpansionSafeLarge<26063e30> action=position value=<8342.709961, 332.773987, 1635.890015>
[COT 2025-08-19 07:14:01] 76561198024482897: ESP target=ExpansionSafeLarge<26063e30> action=position value=<8342.709961, 332.773987, 1636.890015>
[COT 2025-08-19 07:14:03] 76561198024482897: ESP target=ExpansionSafeLarge<26063e30> action=position value=<8342.709961, 332.773987, 1636.790039>
[COT 2025-08-19 07:14:03] 76561198024482897: ESP target=ExpansionSafeLarge<26063e30> action=position value=<8342.709961, 332.773987, 1636.689941>
[COT 2025-08-19 07:14:04] 76561198024482897: ESP target=ExpansionSafeLarge<26063e30> action=position value=<8342.709961, 332.773987, 1636.589966>
[COT 2025-08-19 07:14:04] 76561198024482897: ESP target=ExpansionSafeLarge<26063e30> action=position value=<8342.709961, 332.773987, 1636.489990>
[COT 2025-08-19 07:14:05] 76561198024482897: ESP target=ExpansionSafeLarge<26063e30> action=position value=<8342.709961, 332.773987, 1636.390015>
[COT 2025-08-19 07:14:05] 76561198024482897: ESP target=ExpansionSafeLarge<26063e30> action=position value=<8342.709961, 332.773987, 1636.290039>
[COT 2025-08-19 07:14:07] 76561198024482897: ESP target=ExpansionSafeLarge<26063e30> action=position value=<8342.709961, 332.773987, 1636.390015>
[COT 2025-08-19 07:14:08] 76561198024482897: ESP target=ExpansionSafeLarge<26063e30> action=position value=<8342.709961, 332.773987, 1636.290039>
[COT 2025-08-19 07:14:08] 76561198024482897: ESP target=ExpansionSafeLarge<26063e30> action=position value=<8342.709961, 332.773987, 1636.189941>
[COT 2025-08-19 07:14:08] 76561198024482897: ESP target=ExpansionSafeLarge<26063e30> action=position value=<8342.709961, 332.773987, 1636.089966>
[COT 2025-08-19 07:14:09] 76561198024482897: ESP target=ExpansionSafeLarge<26063e30> action=position value=<8342.709961, 332.773987, 1635.989990>
[COT 2025-08-19 07:14:09] 76561198024482897: ESP target=ExpansionSafeLarge<26063e30> action=position value=<8342.709961, 332.773987, 1635.890015>
[COT 2025-08-19 07:14:10] 76561198024482897: ESP target=ExpansionSafeLarge<26063e30> action=position value=<8342.709961, 332.773987, 1635.790039>
[COT 2025-08-19 07:14:10] 76561198024482897: ESP target=ExpansionSafeLarge<26063e30> action=position value=<8342.709961, 332.773987, 1635.689941>
[COT 2025-08-19 07:14:10] 76561198024482897: ESP target=ExpansionSafeLarge<26063e30> action=position value=<8342.709961, 332.773987, 1635.589966>
[COT 2025-08-19 07:14:11] 76561198024482897: ESP target=ExpansionSafeLarge<26063e30> action=position value=<8342.709961, 332.773987, 1635.489990>
[COT 2025-08-19 07:14:11] 76561198024482897: ESP target=ExpansionSafeLarge<26063e30> action=position value=<8342.709961, 332.773987, 1635.390015>
[COT 2025-08-19 07:14:12] 76561198024482897: ESP target=ExpansionSafeLarge<26063e30> action=position value=<8342.709961, 332.773987, 1636.390015>
[COT 2025-08-19 07:14:13] 76561198024482897: ESP target=ExpansionSafeLarge<26063e30> action=position value=<8342.709961, 332.773987, 1636.290039>
[COT 2025-08-19 07:14:14] 76561198024482897: ESP target=ExpansionSafeLarge<26063e30> action=position value=<8342.709961, 332.773987, 1636.189941>
[COT 2025-08-19 07:14:14] 76561198024482897: ESP target=ExpansionSafeLarge<26063e30> action=position value=<8342.709961, 332.773987, 1636.089966>
[COT 2025-08-19 07:14:16] 76561198024482897: ESP target=ExpansionSafeLarge<26063e30> action=position value=<8342.709961, 332.773987, 1635.989990>
[COT 2025-08-19 07:14:18] 76561198024482897: ESP target=ExpansionSafeLarge<26063e30> action=position value=<8342.709961, 332.773987, 1635.890015>
[COT 2025-08-19 07:14:19] 76561198024482897: ESP target=ExpansionSafeLarge<26063e30> action=position value=<8342.709961, 332.773987, 1635.790039>
[COT 2025-08-19 07:14:20] 76561198024482897: ESP target=ExpansionSafeLarge<26063e30> action=position value=<8342.709961, 332.773987, 1635.689941>
[COT 2025-08-19 07:14:20] 76561198024482897: ESP target=ExpansionSafeLarge<26063e30> action=position value=<8342.709961, 332.773987, 1635.589966>
[COT 2025-08-19 07:14:21] 76561198024482897: ESP target=ExpansionSafeLarge<26063e30> action=position value=<8342.709961, 332.773987, 1635.489990>
[COT 2025-08-19 07:14:21] 76561198024482897: ESP target=ExpansionSafeLarge<26063e30> action=position value=<8342.709961, 332.773987, 1635.390015>
[COT 2025-08-19 07:14:21] 76561198024482897: ESP target=ExpansionSafeLarge<26063e30> action=position value=<8342.709961, 332.773987, 1635.290039>
[COT 2025-08-19 07:14:22] 76561198024482897: ESP target=ExpansionSafeLarge<26063e30> action=position value=<8342.709961, 332.773987, 1635.189941>
[COT 2025-08-19 07:14:22] 76561198024482897: ESP target=ExpansionSafeLarge<26063e30> action=position value=<8342.709961, 332.773987, 1635.089966>
[COT 2025-08-19 07:14:22] 76561198024482897: ESP target=ExpansionSafeLarge<26063e30> action=position value=<8342.709961, 332.773987, 1634.989990>
[COT 2025-08-19 07:14:23] 76561198024482897: ESP target=ExpansionSafeLarge<26063e30> action=position value=<8342.709961, 332.773987, 1634.890015>
[COT 2025-08-19 07:14:24] 76561198024482897: ESP target=ExpansionSafeLarge<26063e30> action=position value=<8342.709961, 332.773987, 1634.790039>
[COT 2025-08-19 07:14:31] 76561198024482897: ESP target=ExpansionSafeLarge<26063e30> action=position value=<8343.709961, 332.773987, 1634.790039>
[COT 2025-08-19 07:14:32] 76561198024482897: ESP target=ExpansionSafeLarge<26063e30> action=position value=<8343.610352, 332.773987, 1634.790039>
[COT 2025-08-19 07:14:32] 76561198024482897: ESP target=ExpansionSafeLarge<26063e30> action=position value=<8343.509766, 332.773987, 1634.790039>
[COT 2025-08-19 07:14:33] 76561198024482897: ESP target=ExpansionSafeLarge<26063e30> action=position value=<8343.410156, 332.773987, 1634.790039>
[COT 2025-08-19 07:14:33] 76561198024482897: ESP target=ExpansionSafeLarge<26063e30> action=position value=<8343.309570, 332.773987, 1634.790039>
[COT 2025-08-19 07:14:35] 76561198024482897: ESP target=ExpansionSafeLarge<26063e30> action=position value=<8343.209961, 332.773987, 1634.790039>
[COT 2025-08-19 07:14:36] 76561198024482897: ESP target=ExpansionSafeLarge<26063e30> action=position value=<8343.110352, 332.773987, 1634.790039>
[COT 2025-08-19 07:14:36] 76561198024482897: ESP target=ExpansionSafeLarge<26063e30> action=position value=<8343.009766, 332.773987, 1634.790039>
[COT 2025-08-19 07:14:37] 76561198024482897: ESP target=ExpansionSafeLarge<26063e30> action=position value=<8342.910156, 332.773987, 1634.790039>
[COT 2025-08-19 07:14:40] 76561198024482897: ESP target=ExpansionSafeLarge<26063e30> action=position value=<8342.910156, 332.773987, 1635.790039>
[COT 2025-08-19 07:14:41] 76561198024482897: ESP target=ExpansionSafeLarge<26063e30> action=position value=<8342.910156, 332.773987, 1635.689941>
[COT 2025-08-19 07:14:41] 76561198024482897: ESP target=ExpansionSafeLarge<26063e30> action=position value=<8342.910156, 332.773987, 1635.589966>
[COT 2025-08-19 07:14:43] 76561198024482897: ESP target=ExpansionSafeLarge<26063e30> action=position value=<8342.910156, 332.773987, 1635.489990>
[COT 2025-08-19 07:14:43] 76561198024482897: ESP target=ExpansionSafeLarge<26063e30> action=position value=<8342.910156, 332.773987, 1635.390015>
[COT 2025-08-19 07:14:44] 76561198024482897: ESP target=ExpansionSafeLarge<26063e30> action=position value=<8342.910156, 332.773987, 1635.290039>
[COT 2025-08-19 07:14:44] 76561198024482897: ESP target=ExpansionSafeLarge<26063e30> action=position value=<8342.910156, 332.773987, 1635.189941>
[COT 2025-08-19 07:14:45] 76561198024482897: ESP target=ExpansionSafeLarge<26063e30> action=position value=<8342.910156, 332.773987, 1635.089966>
[COT 2025-08-19 07:14:46] 76561198024482897: ESP target=ExpansionSafeLarge<26063e30> action=position value=<8342.910156, 332.773987, 1634.989990>
[COT 2025-08-19 07:14:47] 76561198024482897: ESP target=ExpansionSafeLarge<26063e30> action=position value=<8342.910156, 332.773987, 1634.890015>
[COT 2025-08-19 07:14:49] 76561198024482897: ESP target=ExpansionSafeLarge<26063e30> action=position value=<8343.910156, 332.773987, 1634.890015>
[COT 2025-08-19 07:14:49] 76561198024482897: ESP target=ExpansionSafeLarge<26063e30> action=position value=<8344.009766, 332.773987, 1634.890015>
[COT 2025-08-19 07:14:52] 76561198024482897: ESP target=ExpansionSafeLarge<26063e30> action=position value=<8344.110352, 332.773987, 1634.890015>
[COT 2025-08-19 07:14:53] 76561198024482897: ESP target=ExpansionSafeLarge<26063e30> action=position value=<8344.009766, 332.773987, 1634.890015>
[COT 2025-08-19 07:14:54] 76561198024482897: ESP target=ExpansionSafeLarge<26063e30> action=position value=<8343.910156, 332.773987, 1634.890015>
[COT 2025-08-19 07:14:54] 76561198024482897: ESP target=ExpansionSafeLarge<26063e30> action=position value=<8343.809570, 332.773987, 1634.890015>
[COT 2025-08-19 07:14:54] 76561198024482897: ESP target=ExpansionSafeLarge<26063e30> action=position value=<8343.709961, 332.773987, 1634.890015>
[COT 2025-08-19 07:14:54] 76561198024482897: ESP target=ExpansionSafeLarge<26063e30> action=position value=<8343.610352, 332.773987, 1634.890015>
[COT 2025-08-19 07:14:56] 76561198024482897: ESP target=ExpansionSafeLarge<26063e30> action=position value=<8343.509766, 332.773987, 1634.890015>
[COT 2025-08-19 07:14:56] 76561198024482897: ESP target=ExpansionSafeLarge<26063e30> action=position value=<8343.410156, 332.773987, 1634.890015>
[COT 2025-08-19 07:14:58] 76561198024482897: ESP target=ExpansionSafeLarge<26063e30> action=position value=<8344.410156, 332.773987, 1634.890015>
[COT 2025-08-19 07:14:59] 76561198024482897: ESP target=ExpansionSafeLarge<26063e30> action=position value=<8344.309570, 332.773987, 1634.890015>
[COT 2025-08-19 07:14:59] 76561198024482897: ESP target=ExpansionSafeLarge<26063e30> action=position value=<8344.209961, 332.773987, 1634.890015>
[COT 2025-08-19 07:14:59] 76561198024482897: ESP target=ExpansionSafeLarge<26063e30> action=position value=<8344.110352, 332.773987, 1634.890015>
[COT 2025-08-19 07:15:00] 76561198024482897: ESP target=ExpansionSafeLarge<26063e30> action=position value=<8344.009766, 332.773987, 1634.890015>
[COT 2025-08-19 07:15:01] 76561198024482897: ESP target=ExpansionSafeLarge<26063e30> action=position value=<8343.910156, 332.773987, 1634.890015>
[COT 2025-08-19 07:15:01] 76561198024482897: ESP target=ExpansionSafeLarge<26063e30> action=position value=<8343.809570, 332.773987, 1634.890015>
[COT 2025-08-19 07:15:03] 76561198024482897: ESP target=ExpansionSafeLarge<26063e30> action=position value=<8344.809570, 332.773987, 1634.890015>
[COT 2025-08-19 07:15:07] 76561198024482897: ESP target=ExpansionSafeLarge<26063e30> action=position value=<8344.709961, 332.773987, 1634.890015>
[COT 2025-08-19 07:15:07] 76561198024482897: ESP target=ExpansionSafeLarge<26063e30> action=position value=<8344.610352, 332.773987, 1634.890015>
[COT 2025-08-19 07:15:08] 76561198024482897: ESP target=ExpansionSafeLarge<26063e30> action=position value=<8344.509766, 332.773987, 1634.890015>
[COT 2025-08-19 07:15:08] 76561198024482897: ESP target=ExpansionSafeLarge<26063e30> action=position value=<8344.410156, 332.773987, 1634.890015>
[COT 2025-08-19 07:15:08] 76561198024482897: ESP target=ExpansionSafeLarge<26063e30> action=position value=<8344.309570, 332.773987, 1634.890015>
[COT 2025-08-19 07:15:08] 76561198024482897: ESP target=ExpansionSafeLarge<26063e30> action=position value=<8344.209961, 332.773987, 1634.890015>
[COT 2025-08-19 07:15:08] 76561198024482897: ESP target=ExpansionSafeLarge<26063e30> action=position value=<8344.110352, 332.773987, 1634.890015>
[COT 2025-08-19 07:15:08] 76561198024482897: ESP target=ExpansionSafeLarge<26063e30> action=position value=<8344.009766, 332.773987, 1634.890015>
[COT 2025-08-19 07:15:09] 76561198024482897: ESP target=ExpansionSafeLarge<26063e30> action=position value=<8343.910156, 332.773987, 1634.890015>
[COT 2025-08-19 07:15:09] 76561198024482897: ESP target=ExpansionSafeLarge<26063e30> action=position value=<8343.809570, 332.773987, 1634.890015>
[COT 2025-08-19 07:15:09] 76561198024482897: ESP target=ExpansionSafeLarge<26063e30> action=position value=<8343.709961, 332.773987, 1634.890015>
[COT 2025-08-19 07:15:11] 76561198024482897: ESP target=ExpansionSafeLarge<26063e30> action=position value=<8343.610352, 332.773987, 1634.890015>
[COT 2025-08-19 07:15:11] 76561198024482897: ESP target=ExpansionSafeLarge<26063e30> action=position value=<8343.509766, 332.773987, 1634.890015>
[COT 2025-08-19 07:15:12] 76561198024482897: ESP target=ExpansionSafeLarge<26063e30> action=position value=<8343.410156, 332.773987, 1634.890015>
[COT 2025-08-19 07:15:12] 76561198024482897: ESP target=ExpansionSafeLarge<26063e30> action=position value=<8343.309570, 332.773987, 1634.890015>
[COT 2025-08-19 07:15:13] 76561198024482897: ESP target=ExpansionSafeLarge<26063e30> action=position value=<8343.209961, 332.773987, 1634.890015>
[COT 2025-08-19 07:15:13] 76561198024482897: ESP target=ExpansionSafeLarge<26063e30> action=position value=<8343.110352, 332.773987, 1634.890015>
[COT 2025-08-19 07:15:14] 76561198024482897: ESP target=ExpansionSafeLarge<26063e30> action=position value=<8343.009766, 332.773987, 1634.890015>
[COT 2025-08-19 07:15:15] 76561198024482897: ESP target=ExpansionSafeLarge<26063e30> action=position value=<8342.910156, 332.773987, 1634.890015>
[COT 2025-08-19 07:15:16] 76561198024482897: ESP target=ExpansionSafeLarge<26063e30> action=position value=<8342.809570, 332.773987, 1634.890015>
[COT 2025-08-19 07:15:23] 76561198024482897: ESP target=ExpansionSafeLarge<26063e30> action=orientation value=<33.274502, 0.000000, -0.000000>
[COT 2025-08-19 07:15:23] 76561198024482897: ESP target=ExpansionSafeLarge<26063e30> action=orientation value=<33.174500, 0.000000, -0.000000>
[COT 2025-08-19 07:15:23] 76561198024482897: ESP target=ExpansionSafeLarge<26063e30> action=orientation value=<33.074501, 0.000000, -0.000000>
[COT 2025-08-19 07:15:24] 76561198024482897: ESP target=ExpansionSafeLarge<26063e30> action=orientation value=<32.974499, 0.000000, -0.000000>
[COT 2025-08-19 07:15:24] 76561198024482897: ESP target=ExpansionSafeLarge<26063e30> action=orientation value=<32.874500, 0.000000, -0.000000>
[COT 2025-08-19 07:15:24] 76561198024482897: ESP target=ExpansionSafeLarge<26063e30> action=orientation value=<32.774502, 0.000000, -0.000000>
[COT 2025-08-19 07:15:24] 76561198024482897: ESP target=ExpansionSafeLarge<26063e30> action=orientation value=<32.674500, 0.000000, -0.000000>
[COT 2025-08-19 07:15:24] 76561198024482897: ESP target=ExpansionSafeLarge<26063e30> action=orientation value=<33.674500, 0.000000, -0.000000>
[COT 2025-08-19 07:15:24] 76561198024482897: ESP target=ExpansionSafeLarge<26063e30> action=orientation value=<34.674500, 0.000000, -0.000000>
[COT 2025-08-19 07:15:24] 76561198024482897: ESP target=ExpansionSafeLarge<26063e30> action=orientation value=<35.674500, 0.000000, -0.000000>
[COT 2025-08-19 07:15:24] 76561198024482897: ESP target=ExpansionSafeLarge<26063e30> action=orientation value=<36.674500, 0.000000, -0.000000>
[COT 2025-08-19 07:15:24] 76561198024482897: ESP target=ExpansionSafeLarge<26063e30> action=orientation value=<37.674500, 0.000000, -0.000000>
[COT 2025-08-19 07:15:24] 76561198024482897: ESP target=ExpansionSafeLarge<26063e30> action=orientation value=<38.674500, 0.000000, -0.000000>
[COT 2025-08-19 07:15:24] 76561198024482897: ESP target=ExpansionSafeLarge<26063e30> action=orientation value=<39.674500, 0.000000, -0.000000>
[COT 2025-08-19 07:15:24] 76561198024482897: ESP target=ExpansionSafeLarge<26063e30> action=orientation value=<40.674500, 0.000000, -0.000000>
[COT 2025-08-19 07:15:25] 76561198024482897: ESP target=ExpansionSafeLarge<26063e30> action=orientation value=<40.574501, 0.000000, -0.000000>
[COT 2025-08-19 07:15:25] 76561198024482897: ESP target=ExpansionSafeLarge<26063e30> action=orientation value=<40.474499, 0.000000, -0.000000>
[COT 2025-08-19 07:15:25] 76561198024482897: ESP target=ExpansionSafeLarge<26063e30> action=orientation value=<40.374500, 0.000000, -0.000000>
[COT 2025-08-19 07:15:25] 76561198024482897: ESP target=ExpansionSafeLarge<26063e30> action=orientation value=<40.274502, 0.000000, -0.000000>
[COT 2025-08-19 07:15:25] 76561198024482897: ESP target=ExpansionSafeLarge<26063e30> action=orientation value=<40.174500, 0.000000, -0.000000>
[COT 2025-08-19 07:15:25] 76561198024482897: ESP target=ExpansionSafeLarge<26063e30> action=orientation value=<40.074501, 0.000000, -0.000000>
[COT 2025-08-19 07:15:25] 76561198024482897: ESP target=ExpansionSafeLarge<26063e30> action=orientation value=<39.974499, 0.000000, -0.000000>
[COT 2025-08-19 07:15:25] 76561198024482897: ESP target=ExpansionSafeLarge<26063e30> action=orientation value=<39.874500, 0.000000, -0.000000>
[COT 2025-08-19 07:15:25] 76561198024482897: ESP target=ExpansionSafeLarge<26063e30> action=orientation value=<39.774502, 0.000000, -0.000000>
[COT 2025-08-19 07:15:25] 76561198024482897: ESP target=ExpansionSafeLarge<26063e30> action=orientation value=<39.674500, 0.000000, -0.000000>
[COT 2025-08-19 07:15:25] 76561198024482897: ESP target=ExpansionSafeLarge<26063e30> action=orientation value=<39.574501, 0.000000, -0.000000>
[COT 2025-08-19 07:15:26] 76561198024482897: ESP target=ExpansionSafeLarge<26063e30> action=orientation value=<39.474499, 0.000000, -0.000000>
[COT 2025-08-19 07:15:26] 76561198024482897: ESP target=ExpansionSafeLarge<26063e30> action=orientation value=<39.374500, 0.000000, -0.000000>
[COT 2025-08-19 07:15:26] 76561198024482897: ESP target=ExpansionSafeLarge<26063e30> action=orientation value=<39.274502, 0.000000, -0.000000>
[COT 2025-08-19 07:15:26] 76561198024482897: ESP target=ExpansionSafeLarge<26063e30> action=orientation value=<39.174500, 0.000000, -0.000000>
[COT 2025-08-19 07:15:26] 76561198024482897: ESP target=ExpansionSafeLarge<26063e30> action=orientation value=<39.074501, 0.000000, -0.000000>
[COT 2025-08-19 07:15:26] 76561198024482897: ESP target=ExpansionSafeLarge<26063e30> action=orientation value=<38.974499, 0.000000, -0.000000>
[COT 2025-08-19 07:15:26] 76561198024482897: ESP target=ExpansionSafeLarge<26063e30> action=orientation value=<38.874500, 0.000000, -0.000000>
[COT 2025-08-19 07:15:26] 76561198024482897: ESP target=ExpansionSafeLarge<26063e30> action=orientation value=<38.774502, 0.000000, -0.000000>
[COT 2025-08-19 07:15:26] 76561198024482897: ESP target=ExpansionSafeLarge<26063e30> action=orientation value=<38.674500, 0.000000, -0.000000>
[COT 2025-08-19 07:15:26] 76561198024482897: ESP target=ExpansionSafeLarge<26063e30> action=orientation value=<38.574501, 0.000000, -0.000000>
[COT 2025-08-19 07:15:26] 76561198024482897: ESP target=ExpansionSafeLarge<26063e30> action=orientation value=<38.474499, 0.000000, -0.000000>
[COT 2025-08-19 07:15:26] 76561198024482897: ESP target=ExpansionSafeLarge<26063e30> action=orientation value=<38.374500, 0.000000, -0.000000>
[COT 2025-08-19 07:15:26] 76561198024482897: ESP target=ExpansionSafeLarge<26063e30> action=orientation value=<38.274502, 0.000000, -0.000000>
[COT 2025-08-19 07:15:26] 76561198024482897: ESP target=ExpansionSafeLarge<26063e30> action=orientation value=<38.174500, 0.000000, -0.000000>
[COT 2025-08-19 07:15:26] 76561198024482897: ESP target=ExpansionSafeLarge<26063e30> action=orientation value=<38.074501, 0.000000, -0.000000>
[COT 2025-08-19 07:15:27] 76561198024482897: ESP target=ExpansionSafeLarge<26063e30> action=orientation value=<37.974499, 0.000000, -0.000000>
[COT 2025-08-19 07:15:27] 76561198024482897: ESP target=ExpansionSafeLarge<26063e30> action=orientation value=<37.874500, 0.000000, -0.000000>
[COT 2025-08-19 07:15:27] 76561198024482897: ESP target=ExpansionSafeLarge<26063e30> action=orientation value=<37.774502, 0.000000, -0.000000>
[COT 2025-08-19 07:15:27] 76561198024482897: ESP target=ExpansionSafeLarge<26063e30> action=orientation value=<37.674500, 0.000000, -0.000000>
[COT 2025-08-19 07:15:27] 76561198024482897: ESP target=ExpansionSafeLarge<26063e30> action=orientation value=<37.574501, 0.000000, -0.000000>
[COT 2025-08-19 07:15:27] 76561198024482897: ESP target=ExpansionSafeLarge<26063e30> action=orientation value=<37.474499, 0.000000, -0.000000>
[COT 2025-08-19 07:15:27] 76561198024482897: ESP target=ExpansionSafeLarge<26063e30> action=orientation value=<37.374500, 0.000000, -0.000000>
[COT 2025-08-19 07:15:27] 76561198024482897: ESP target=ExpansionSafeLarge<26063e30> action=orientation value=<37.274502, 0.000000, -0.000000>
[COT 2025-08-19 07:15:27] 76561198024482897: ESP target=ExpansionSafeLarge<26063e30> action=orientation value=<37.174500, 0.000000, -0.000000>
[COT 2025-08-19 07:15:27] 76561198024482897: ESP target=ExpansionSafeLarge<26063e30> action=orientation value=<37.074501, 0.000000, -0.000000>
[COT 2025-08-19 07:15:27] 76561198024482897: ESP target=ExpansionSafeLarge<26063e30> action=orientation value=<36.974499, 0.000000, -0.000000>
[COT 2025-08-19 07:15:27] 76561198024482897: ESP target=ExpansionSafeLarge<26063e30> action=orientation value=<36.874500, 0.000000, -0.000000>
[COT 2025-08-19 07:15:27] 76561198024482897: ESP target=ExpansionSafeLarge<26063e30> action=orientation value=<36.774502, 0.000000, -0.000000>
[COT 2025-08-19 07:15:27] 76561198024482897: ESP target=ExpansionSafeLarge<26063e30> action=orientation value=<36.674500, 0.000000, -0.000000>
[COT 2025-08-19 07:15:27] 76561198024482897: ESP target=ExpansionSafeLarge<26063e30> action=orientation value=<36.574501, 0.000000, -0.000000>
[COT 2025-08-19 07:15:28] 76561198024482897: ESP target=ExpansionSafeLarge<26063e30> action=orientation value=<36.474499, 0.000000, -0.000000>
[COT 2025-08-19 07:15:28] 76561198024482897: ESP target=ExpansionSafeLarge<26063e30> action=orientation value=<36.374500, 0.000000, -0.000000>
[COT 2025-08-19 07:15:28] 76561198024482897: ESP target=ExpansionSafeLarge<26063e30> action=orientation value=<36.274502, 0.000000, -0.000000>
[COT 2025-08-19 07:15:28] 76561198024482897: ESP target=ExpansionSafeLarge<26063e30> action=orientation value=<36.174500, 0.000000, -0.000000>
[COT 2025-08-19 07:15:32] 76561198024482897: ESP: Clearing ESP
