2025-09-10 05:52:49 [INFO] Constructor called.
2025-09-10 05:52:49 [INFO] KeyCardItemNames_Config loaded successfully.
2025-09-10 05:52:49 [INFO] Attempting to load cooldown states from: $profile:BS_KeyRoom/BS_KeyRoom_Cooldowns.json
2025-09-10 05:52:49 [INFO] Cooldown file not found. Initializing fresh state.
2025-09-10 05:52:49 [INFO] KeyCardSettings loaded in constructor.
2025-09-10 05:52:50 [INFO] OnInit - Initializing Keycard System...
2025-09-10 05:52:50 [INFO] OnInit - KeyCardSettings loaded successfully.
2025-09-10 05:53:49 [INFO] === InitKeyCardSystem Called ===
2025-09-10 05:53:49 [INFO] Initializing 2 configured door locations...
2025-09-10 05:53:49 [INFO] Processing door config [0]: Door_Land_Mil_Barracks5_3689_5986_404
2025-09-10 05:53:49 [INFO]   - Performing startup cleanup for: Door_Land_Mil_Barracks5_3689_5986_404
2025-09-10 05:53:49 [INFO]   - Deleting 3 associated containers...
2025-09-10 05:53:49 [WARNING]     - Could not find container object to delete for: BS_Box1_Black near <3685.798340, 403.913300, 5989.234375>
2025-09-10 05:53:49 [WARNING]     - Could not find container object to delete for: BS_Guncase near <3678.131348, 407.200470, 5993.559570>
2025-09-10 05:53:49 [WARNING]     - Could not find container object to delete for: BS_Box4_Green near <3676.057373, 407.980103, 5992.253418>
2025-09-10 05:53:49 [ERROR] Could not find Building object for: Door_Land_Mil_Barracks5_3689_5986_404 (Class: Land_Mil_Barracks5) at expected pos <3686.415527, 407.674652, 5982.148926>
2025-09-10 05:53:49 [INFO] Processing door config [1]: Door_Land_Tenement_Small_6098_4040_406
2025-09-10 05:53:49 [INFO]   - Performing startup cleanup for: Door_Land_Tenement_Small_6098_4040_406
2025-09-10 05:53:49 [INFO]   - Deleting 0 associated containers...
2025-09-10 05:53:49 [INFO] Found Building object for: Door_Land_Tenement_Small_6098_4040_406 at <6098.895020, 398.535645, 4041.169922>
2025-09-10 05:53:49 [INFO] Attempting initial close/lock for door index 22 on: Door_Land_Tenement_Small_6098_4040_406
2025-09-10 05:53:49 [INFO] Door 22 was already closed for: Door_Land_Tenement_Small_6098_4040_406
2025-09-10 05:53:49 [INFO] SetAllowDamage(false) for building: Door_Land_Tenement_Small_6098_4040_406
2025-09-10 05:53:49 [INFO] === Finished InitKeyCardSystem ===
2025-09-10 05:53:50 [INFO] >>> Door 22 WAS ALREADY LOCKED for: Door_Land_Tenement_Small_6098_4040_406
2025-09-10 05:54:33 [INFO] === Processing Pending Cooldowns ===
2025-09-10 05:54:33 [INFO] No pending cooldown states to process.
2025-09-10 23:36:42 [INFO] Destructor called.
