2025-09-05 19:42:03 [INFO] Constructor called.
2025-09-05 19:42:03 [INFO] KeyCardItemNames_Config loaded successfully.
2025-09-05 19:42:03 [INFO] Attempting to load cooldown states from: $profile:BS_KeyRoom/BS_KeyRoom_Cooldowns.json
2025-09-05 19:42:03 [INFO] Cooldown file not found. Initializing fresh state.
2025-09-05 19:42:03 [INFO] KeyCardSettings loaded in constructor.
2025-09-05 19:42:04 [INFO] OnInit - Initializing Keycard System...
2025-09-05 19:42:04 [INFO] OnInit - KeyCardSettings loaded successfully.
2025-09-05 19:43:03 [INFO] === InitKeyCardSystem Called ===
2025-09-05 19:43:03 [INFO] Initializing 1 configured door locations...
2025-09-05 19:43:03 [INFO] Processing door config [0]: Door_Land_Mil_Barracks5_3689_5986_404
2025-09-05 19:43:03 [INFO]   - Performing startup cleanup for: Door_Land_Mil_Barracks5_3689_5986_404
2025-09-05 19:43:03 [INFO]   - Deleting 3 associated containers...
2025-09-05 19:43:03 [WARNING]     - Could not find container object to delete for: BS_Box1_Black near <3685.798340, 403.913300, 5989.234375>
2025-09-05 19:43:03 [WARNING]     - Could not find container object to delete for: BS_Guncase near <3678.131348, 407.200470, 5993.559570>
2025-09-05 19:43:03 [WARNING]     - Could not find container object to delete for: BS_Box4_Green near <3676.057373, 407.980103, 5992.253418>
2025-09-05 19:43:03 [ERROR] Could not find Building object for: Door_Land_Mil_Barracks5_3689_5986_404 (Class: Land_Mil_Barracks5) at expected pos <3686.415527, 407.674652, 5982.148926>
2025-09-05 19:43:03 [INFO] === Finished InitKeyCardSystem ===
2025-09-05 19:43:34 [INFO] === Processing Pending Cooldowns ===
2025-09-05 19:43:34 [INFO] No pending cooldown states to process.
2025-09-05 19:44:24 [INFO] [Keycard Debug] Debug Mode activated. Generating individual JSON file with drill...
2025-09-05 19:44:24 [INFO] [Keycard Debug] Attempting to save door configuration to: $profile:BS_KeyRoom/DoorConfigs/Land_Tenement_Small_Door25_6101.json
2025-09-05 19:44:24 [INFO] [Keycard Debug] Individual door configuration file generated.
2025-09-05 19:45:30 [INFO] [Keycard Debug] Debug Mode activated. Generating individual JSON file with drill...
2025-09-05 19:45:30 [WARNING] [Keycard Debug] Configuration file for this door already exists: $profile:BS_KeyRoom/DoorConfigs/Land_Tenement_Small_Door25_6101.json. It will not be overwritten.
2025-09-05 19:45:38 [INFO] [Keycard Debug] Debug Mode activated. Generating individual JSON file with drill...
2025-09-05 19:45:38 [WARNING] [Keycard Debug] Configuration file for this door already exists: $profile:BS_KeyRoom/DoorConfigs/Land_Tenement_Small_Door25_6101.json. It will not be overwritten.
2025-09-05 19:45:52 [INFO] [Keycard Debug] Debug Mode activated. Generating individual JSON file with drill...
2025-09-05 19:45:52 [WARNING] [Keycard Debug] Configuration file for this door already exists: $profile:BS_KeyRoom/DoorConfigs/Land_Tenement_Small_Door25_6101.json. It will not be overwritten.
2025-09-05 19:46:38 [INFO] [Keycard Debug] Debug Mode activated. Generating individual JSON file with drill...
2025-09-05 19:46:39 [WARNING] [Keycard Debug] Configuration file for this door already exists: $profile:BS_KeyRoom/DoorConfigs/Land_Tenement_Small_Door25_6101.json. It will not be overwritten.
2025-09-06 00:09:43 [INFO] [Keycard Debug] Debug Mode activated. Generating individual JSON file with drill...
2025-09-06 00:09:43 [INFO] [Keycard Debug] Attempting to save door configuration to: $profile:BS_KeyRoom/DoorConfigs/Land_Tenement_Small_Door22_6098.json
2025-09-06 00:09:43 [INFO] [Keycard Debug] Individual door configuration file generated.
2025-09-06 00:09:49 [INFO] [Keycard Debug] Debug Mode activated. Generating individual JSON file with drill...
2025-09-06 00:09:49 [INFO] [Keycard Debug] Attempting to save door configuration to: $profile:BS_KeyRoom/DoorConfigs/Land_Tenement_Small_Door26_6097.json
2025-09-06 00:09:49 [INFO] [Keycard Debug] Individual door configuration file generated.
2025-09-06 00:15:30 [INFO] [Keycard Debug] Debug Mode activated. Generating individual JSON file with drill...
2025-09-06 00:15:30 [INFO] [Keycard Debug] Attempting to save door configuration to: $profile:BS_KeyRoom/DoorConfigs/Land_Tenement_Small_Door22_6098.json
2025-09-06 00:15:30 [INFO] [Keycard Debug] Individual door configuration file generated.
2025-09-08 12:27:37 [INFO] Destructor called.
